[0.014s] Invoking command in '/home/future/Documents/pengyh/RobotAD_ws/build/robot_hardware': CMAKE_PREFIX_PATH=${CMAKE_PREFIX_PATH}:/home/future/Documents/Robot/nav_ws/install/show_urdf:/home/future/Documents/Robot/nav_ws/install/serial_bridge:/home/future/Documents/Robot/nav_ws/install/ros_tcp_endpoint:/home/future/Documents/Robot/nav_ws/install/remove_obstacle:/home/future/Documents/Robot/nav_ws/install/keyboard_control:/opt/ros/humble CONDA_PROMPT_MODIFIER=(base) /usr/bin/cmake --build /home/future/Documents/pengyh/RobotAD_ws/build/robot_hardware -- -j24 -l24
[0.104s] [ 12%] Built target robot_hardware__rosidl_generator_c
[0.105s] [ 12%] Built target robot_hardware__cpp
[0.126s] [ 12%] Built target ament_cmake_python_symlink_robot_hardware
[0.171s] [ 21%] Built target robot_hardware__rosidl_typesupport_c
[0.173s] [ 30%] Built target robot_hardware__rosidl_typesupport_fastrtps_cpp
[0.175s] [ 39%] Built target robot_hardware__rosidl_typesupport_cpp
[0.176s] [ 48%] Built target robot_hardware__rosidl_typesupport_introspection_cpp
[0.176s] [ 57%] Built target robot_hardware__rosidl_typesupport_introspection_c
[0.198s] [ 66%] Built target robot_hardware__rosidl_typesupport_fastrtps_c
[0.213s] [ 69%] [32mBuilding CXX object CMakeFiles/hardware_manager.dir/src/hardware_manager.cpp.o[0m
[0.226s] [ 69%] Built target robot_hardware
[0.246s] [ 72%] Built target robot_hardware__py
[0.264s] [ 78%] Built target robot_hardware__rosidl_generator_py
[0.282s] [ 84%] Built target robot_hardware__rosidl_typesupport_c__pyext
[0.284s] [ 90%] Built target robot_hardware__rosidl_typesupport_fastrtps_c__pyext
[0.284s] [ 96%] Built target robot_hardware__rosidl_typesupport_introspection_c__pyext
[0.386s] running egg_info
[0.386s] writing robot_hardware.egg-info/PKG-INFO
[0.386s] writing dependency_links to robot_hardware.egg-info/dependency_links.txt
[0.386s] writing top-level names to robot_hardware.egg-info/top_level.txt
[0.389s] reading manifest file 'robot_hardware.egg-info/SOURCES.txt'
[0.389s] writing manifest file 'robot_hardware.egg-info/SOURCES.txt'
[0.407s] [ 96%] Built target ament_cmake_python_build_robot_hardware_egg
[8.990s] [100%] [32m[1mLinking CXX executable hardware_manager[0m
[9.682s] [100%] Built target hardware_manager
[9.696s] Invoked command in '/home/future/Documents/pengyh/RobotAD_ws/build/robot_hardware' returned '0': CMAKE_PREFIX_PATH=${CMAKE_PREFIX_PATH}:/home/future/Documents/Robot/nav_ws/install/show_urdf:/home/future/Documents/Robot/nav_ws/install/serial_bridge:/home/future/Documents/Robot/nav_ws/install/ros_tcp_endpoint:/home/future/Documents/Robot/nav_ws/install/remove_obstacle:/home/future/Documents/Robot/nav_ws/install/keyboard_control:/opt/ros/humble CONDA_PROMPT_MODIFIER=(base) /usr/bin/cmake --build /home/future/Documents/pengyh/RobotAD_ws/build/robot_hardware -- -j24 -l24
[9.887s] Invoking command in '/home/future/Documents/pengyh/RobotAD_ws/build/robot_hardware': CMAKE_PREFIX_PATH=${CMAKE_PREFIX_PATH}:/home/future/Documents/Robot/nav_ws/install/show_urdf:/home/future/Documents/Robot/nav_ws/install/serial_bridge:/home/future/Documents/Robot/nav_ws/install/ros_tcp_endpoint:/home/future/Documents/Robot/nav_ws/install/remove_obstacle:/home/future/Documents/Robot/nav_ws/install/keyboard_control:/opt/ros/humble CONDA_PROMPT_MODIFIER=(base) /usr/bin/cmake --install /home/future/Documents/pengyh/RobotAD_ws/build/robot_hardware
[9.908s] -- Install configuration: ""
[9.910s] -- Execute custom install script
[9.911s] -- Up-to-date symlink: /home/future/Documents/pengyh/RobotAD_ws/install/robot_hardware/share/ament_index/resource_index/rosidl_interfaces/robot_hardware
[9.912s] -- Up-to-date symlink: /home/future/Documents/pengyh/RobotAD_ws/install/robot_hardware/include/robot_hardware/robot_hardware/msg/detail/hardware_data__functions.h
[9.912s] -- Up-to-date symlink: /home/future/Documents/pengyh/RobotAD_ws/install/robot_hardware/include/robot_hardware/robot_hardware/msg/detail/hardware_data__struct.h
[9.913s] -- Up-to-date symlink: /home/future/Documents/pengyh/RobotAD_ws/install/robot_hardware/include/robot_hardware/robot_hardware/msg/detail/hardware_data__type_support.h
[9.913s] -- Up-to-date symlink: /home/future/Documents/pengyh/RobotAD_ws/install/robot_hardware/include/robot_hardware/robot_hardware/msg/hardware_data.h
[9.913s] -- Up-to-date symlink: /home/future/Documents/pengyh/RobotAD_ws/install/robot_hardware/include/robot_hardware/robot_hardware/msg/rosidl_generator_c__visibility_control.h
[9.914s] -- Up-to-date symlink: /home/future/Documents/pengyh/RobotAD_ws/install/robot_hardware/share/robot_hardware/environment/library_path.sh
[9.914s] -- Up-to-date symlink: /home/future/Documents/pengyh/RobotAD_ws/install/robot_hardware/share/robot_hardware/environment/library_path.dsv
[9.915s] -- Up-to-date symlink: /home/future/Documents/pengyh/RobotAD_ws/install/robot_hardware/include/robot_hardware/robot_hardware/msg/detail/hardware_data__rosidl_typesupport_fastrtps_c.h
[9.915s] -- Up-to-date symlink: /home/future/Documents/pengyh/RobotAD_ws/install/robot_hardware/include/robot_hardware/robot_hardware/msg/rosidl_typesupport_fastrtps_c__visibility_control.h
[9.916s] -- Up-to-date symlink: /home/future/Documents/pengyh/RobotAD_ws/install/robot_hardware/include/robot_hardware/robot_hardware/msg/detail/hardware_data__builder.hpp
[9.916s] -- Up-to-date symlink: /home/future/Documents/pengyh/RobotAD_ws/install/robot_hardware/include/robot_hardware/robot_hardware/msg/detail/hardware_data__struct.hpp
[9.916s] -- Up-to-date symlink: /home/future/Documents/pengyh/RobotAD_ws/install/robot_hardware/include/robot_hardware/robot_hardware/msg/detail/hardware_data__traits.hpp
[9.916s] -- Up-to-date symlink: /home/future/Documents/pengyh/RobotAD_ws/install/robot_hardware/include/robot_hardware/robot_hardware/msg/hardware_data.hpp
[9.917s] -- Up-to-date symlink: /home/future/Documents/pengyh/RobotAD_ws/install/robot_hardware/include/robot_hardware/robot_hardware/msg/detail/hardware_data__rosidl_typesupport_fastrtps_cpp.hpp
[9.917s] -- Up-to-date symlink: /home/future/Documents/pengyh/RobotAD_ws/install/robot_hardware/include/robot_hardware/robot_hardware/msg/rosidl_typesupport_fastrtps_cpp__visibility_control.h
[9.918s] -- Up-to-date symlink: /home/future/Documents/pengyh/RobotAD_ws/install/robot_hardware/include/robot_hardware/robot_hardware/msg/detail/hardware_data__rosidl_typesupport_introspection_c.h
[9.919s] -- Up-to-date symlink: /home/future/Documents/pengyh/RobotAD_ws/install/robot_hardware/include/robot_hardware/robot_hardware/msg/rosidl_typesupport_introspection_c__visibility_control.h
[9.919s] -- Up-to-date symlink: /home/future/Documents/pengyh/RobotAD_ws/install/robot_hardware/include/robot_hardware/robot_hardware/msg/detail/hardware_data__rosidl_typesupport_introspection_cpp.hpp
[9.919s] -- Up-to-date symlink: /home/future/Documents/pengyh/RobotAD_ws/install/robot_hardware/share/robot_hardware/environment/pythonpath.sh
[9.920s] -- Up-to-date symlink: /home/future/Documents/pengyh/RobotAD_ws/install/robot_hardware/share/robot_hardware/environment/pythonpath.dsv
[9.920s] -- Up-to-date symlink: /home/future/Documents/pengyh/RobotAD_ws/install/robot_hardware/local/lib/python3.10/dist-packages/robot_hardware-0.0.0-py3.10.egg-info/PKG-INFO
[9.921s] -- Up-to-date symlink: /home/future/Documents/pengyh/RobotAD_ws/install/robot_hardware/local/lib/python3.10/dist-packages/robot_hardware-0.0.0-py3.10.egg-info/SOURCES.txt
[9.921s] -- Up-to-date symlink: /home/future/Documents/pengyh/RobotAD_ws/install/robot_hardware/local/lib/python3.10/dist-packages/robot_hardware-0.0.0-py3.10.egg-info/dependency_links.txt
[9.922s] -- Up-to-date symlink: /home/future/Documents/pengyh/RobotAD_ws/install/robot_hardware/local/lib/python3.10/dist-packages/robot_hardware-0.0.0-py3.10.egg-info/top_level.txt
[9.922s] -- Up-to-date symlink: /home/future/Documents/pengyh/RobotAD_ws/install/robot_hardware/local/lib/python3.10/dist-packages/robot_hardware/__init__.py
[9.923s] -- Up-to-date symlink: /home/future/Documents/pengyh/RobotAD_ws/install/robot_hardware/local/lib/python3.10/dist-packages/robot_hardware/_robot_hardware_s.ep.rosidl_typesupport_c.c
[9.923s] -- Up-to-date symlink: /home/future/Documents/pengyh/RobotAD_ws/install/robot_hardware/local/lib/python3.10/dist-packages/robot_hardware/_robot_hardware_s.ep.rosidl_typesupport_fastrtps_c.c
[9.923s] -- Up-to-date symlink: /home/future/Documents/pengyh/RobotAD_ws/install/robot_hardware/local/lib/python3.10/dist-packages/robot_hardware/_robot_hardware_s.ep.rosidl_typesupport_introspection_c.c
[9.924s] -- Up-to-date symlink: /home/future/Documents/pengyh/RobotAD_ws/install/robot_hardware/local/lib/python3.10/dist-packages/robot_hardware/librobot_hardware__rosidl_generator_py.so
[9.924s] -- Up-to-date symlink: /home/future/Documents/pengyh/RobotAD_ws/install/robot_hardware/local/lib/python3.10/dist-packages/robot_hardware/msg/__init__.py
[9.924s] -- Up-to-date symlink: /home/future/Documents/pengyh/RobotAD_ws/install/robot_hardware/local/lib/python3.10/dist-packages/robot_hardware/msg/_hardware_data.py
[9.925s] -- Up-to-date symlink: /home/future/Documents/pengyh/RobotAD_ws/install/robot_hardware/local/lib/python3.10/dist-packages/robot_hardware/msg/_hardware_data_s.c
[9.925s] -- Up-to-date symlink: /home/future/Documents/pengyh/RobotAD_ws/install/robot_hardware/local/lib/python3.10/dist-packages/robot_hardware/robot_hardware_s__rosidl_typesupport_c.cpython-310-x86_64-linux-gnu.so
[9.925s] -- Up-to-date symlink: /home/future/Documents/pengyh/RobotAD_ws/install/robot_hardware/local/lib/python3.10/dist-packages/robot_hardware/robot_hardware_s__rosidl_typesupport_fastrtps_c.cpython-310-x86_64-linux-gnu.so
[9.926s] -- Up-to-date symlink: /home/future/Documents/pengyh/RobotAD_ws/install/robot_hardware/local/lib/python3.10/dist-packages/robot_hardware/robot_hardware_s__rosidl_typesupport_introspection_c.cpython-310-x86_64-linux-gnu.so
[9.926s] -- Up-to-date symlink: /home/future/Documents/pengyh/RobotAD_ws/install/robot_hardware/local/lib/python3.10/dist-packages/robot_hardware/robot_hardware_s__rosidl_typesupport_fastrtps_c.cpython-310-x86_64-linux-gnu.so
[9.926s] -- Up-to-date symlink: /home/future/Documents/pengyh/RobotAD_ws/install/robot_hardware/local/lib/python3.10/dist-packages/robot_hardware/robot_hardware_s__rosidl_typesupport_introspection_c.cpython-310-x86_64-linux-gnu.so
[9.926s] -- Up-to-date symlink: /home/future/Documents/pengyh/RobotAD_ws/install/robot_hardware/local/lib/python3.10/dist-packages/robot_hardware/robot_hardware_s__rosidl_typesupport_c.cpython-310-x86_64-linux-gnu.so
[9.927s] -- Up-to-date symlink: /home/future/Documents/pengyh/RobotAD_ws/install/robot_hardware/share/robot_hardware/msg/HardwareData.idl
[9.927s] -- Up-to-date symlink: /home/future/Documents/pengyh/RobotAD_ws/install/robot_hardware/share/robot_hardware/msg/HardwareData.msg
[9.927s] -- Up-to-date symlink: /home/future/Documents/pengyh/RobotAD_ws/install/robot_hardware/lib/robot_hardware/hardware_manager
[9.928s] -- Up-to-date symlink: /home/future/Documents/pengyh/RobotAD_ws/install/robot_hardware/include/robot_hardware/HardwareData.hpp
[9.929s] -- Up-to-date symlink: /home/future/Documents/pengyh/RobotAD_ws/install/robot_hardware/share/robot_hardware/msg/msg/HardwareData.msg
[9.929s] -- Up-to-date symlink: /home/future/Documents/pengyh/RobotAD_ws/install/robot_hardware/share/ament_index/resource_index/package_run_dependencies/robot_hardware
[9.929s] -- Up-to-date symlink: /home/future/Documents/pengyh/RobotAD_ws/install/robot_hardware/share/ament_index/resource_index/parent_prefix_path/robot_hardware
[9.930s] -- Up-to-date symlink: /home/future/Documents/pengyh/RobotAD_ws/install/robot_hardware/share/robot_hardware/environment/ament_prefix_path.sh
[9.930s] -- Up-to-date symlink: /home/future/Documents/pengyh/RobotAD_ws/install/robot_hardware/share/robot_hardware/environment/ament_prefix_path.dsv
[9.930s] -- Up-to-date symlink: /home/future/Documents/pengyh/RobotAD_ws/install/robot_hardware/share/robot_hardware/environment/path.sh
[9.931s] -- Up-to-date symlink: /home/future/Documents/pengyh/RobotAD_ws/install/robot_hardware/share/robot_hardware/environment/path.dsv
[9.931s] -- Up-to-date symlink: /home/future/Documents/pengyh/RobotAD_ws/install/robot_hardware/share/robot_hardware/local_setup.bash
[9.931s] -- Up-to-date symlink: /home/future/Documents/pengyh/RobotAD_ws/install/robot_hardware/share/robot_hardware/local_setup.sh
[9.931s] -- Up-to-date symlink: /home/future/Documents/pengyh/RobotAD_ws/install/robot_hardware/share/robot_hardware/local_setup.zsh
[9.932s] -- Up-to-date symlink: /home/future/Documents/pengyh/RobotAD_ws/install/robot_hardware/share/robot_hardware/local_setup.dsv
[9.933s] -- Symlinking: /home/future/Documents/pengyh/RobotAD_ws/install/robot_hardware/share/robot_hardware/package.dsv
[9.959s] -- Up-to-date symlink: /home/future/Documents/pengyh/RobotAD_ws/install/robot_hardware/share/ament_index/resource_index/packages/robot_hardware
[9.960s] -- Up-to-date symlink: /home/future/Documents/pengyh/RobotAD_ws/install/robot_hardware/share/robot_hardware/cmake/rosidl_cmake-extras.cmake
[9.960s] -- Up-to-date symlink: /home/future/Documents/pengyh/RobotAD_ws/install/robot_hardware/share/robot_hardware/cmake/ament_cmake_export_dependencies-extras.cmake
[9.960s] -- Up-to-date symlink: /home/future/Documents/pengyh/RobotAD_ws/install/robot_hardware/share/robot_hardware/cmake/ament_cmake_export_include_directories-extras.cmake
[9.960s] -- Up-to-date symlink: /home/future/Documents/pengyh/RobotAD_ws/install/robot_hardware/share/robot_hardware/cmake/ament_cmake_export_libraries-extras.cmake
[9.961s] -- Up-to-date symlink: /home/future/Documents/pengyh/RobotAD_ws/install/robot_hardware/share/robot_hardware/cmake/ament_cmake_export_targets-extras.cmake
[9.961s] -- Up-to-date symlink: /home/future/Documents/pengyh/RobotAD_ws/install/robot_hardware/share/robot_hardware/cmake/rosidl_cmake_export_typesupport_targets-extras.cmake
[9.961s] -- Up-to-date symlink: /home/future/Documents/pengyh/RobotAD_ws/install/robot_hardware/share/robot_hardware/cmake/rosidl_cmake_export_typesupport_libraries-extras.cmake
[9.962s] -- Up-to-date symlink: /home/future/Documents/pengyh/RobotAD_ws/install/robot_hardware/share/robot_hardware/cmake/robot_hardwareConfig.cmake
[9.962s] -- Up-to-date symlink: /home/future/Documents/pengyh/RobotAD_ws/install/robot_hardware/share/robot_hardware/cmake/robot_hardwareConfig-version.cmake
[9.962s] -- Up-to-date symlink: /home/future/Documents/pengyh/RobotAD_ws/install/robot_hardware/share/robot_hardware/package.xml
[9.963s] -- Up-to-date: /home/future/Documents/pengyh/RobotAD_ws/install/robot_hardware/lib/librobot_hardware__rosidl_generator_c.so
[9.964s] -- Up-to-date: /home/future/Documents/pengyh/RobotAD_ws/install/robot_hardware/lib/librobot_hardware__rosidl_typesupport_fastrtps_c.so
[9.964s] -- Up-to-date: /home/future/Documents/pengyh/RobotAD_ws/install/robot_hardware/lib/librobot_hardware__rosidl_typesupport_fastrtps_cpp.so
[9.965s] -- Up-to-date: /home/future/Documents/pengyh/RobotAD_ws/install/robot_hardware/lib/librobot_hardware__rosidl_typesupport_introspection_c.so
[9.965s] -- Up-to-date: /home/future/Documents/pengyh/RobotAD_ws/install/robot_hardware/lib/librobot_hardware__rosidl_typesupport_c.so
[9.966s] -- Up-to-date: /home/future/Documents/pengyh/RobotAD_ws/install/robot_hardware/lib/librobot_hardware__rosidl_typesupport_introspection_cpp.so
[9.967s] -- Up-to-date: /home/future/Documents/pengyh/RobotAD_ws/install/robot_hardware/lib/librobot_hardware__rosidl_typesupport_cpp.so
[10.045s] Listing '/home/future/Documents/pengyh/RobotAD_ws/install/robot_hardware/local/lib/python3.10/dist-packages/robot_hardware'...
[10.045s] Listing '/home/future/Documents/pengyh/RobotAD_ws/install/robot_hardware/local/lib/python3.10/dist-packages/robot_hardware/msg'...
[10.055s] -- Up-to-date: /home/future/Documents/pengyh/RobotAD_ws/install/robot_hardware/lib/librobot_hardware__rosidl_generator_py.so
[10.056s] -- Up-to-date: /home/future/Documents/pengyh/RobotAD_ws/install/robot_hardware/share/robot_hardware/cmake/export_robot_hardware__rosidl_generator_cExport.cmake
[10.056s] -- Up-to-date: /home/future/Documents/pengyh/RobotAD_ws/install/robot_hardware/share/robot_hardware/cmake/export_robot_hardware__rosidl_generator_cExport-noconfig.cmake
[10.056s] -- Up-to-date: /home/future/Documents/pengyh/RobotAD_ws/install/robot_hardware/share/robot_hardware/cmake/export_robot_hardware__rosidl_typesupport_fastrtps_cExport.cmake
[10.056s] -- Up-to-date: /home/future/Documents/pengyh/RobotAD_ws/install/robot_hardware/share/robot_hardware/cmake/export_robot_hardware__rosidl_typesupport_fastrtps_cExport-noconfig.cmake
[10.056s] -- Up-to-date: /home/future/Documents/pengyh/RobotAD_ws/install/robot_hardware/share/robot_hardware/cmake/export_robot_hardware__rosidl_generator_cppExport.cmake
[10.057s] -- Up-to-date: /home/future/Documents/pengyh/RobotAD_ws/install/robot_hardware/share/robot_hardware/cmake/export_robot_hardware__rosidl_typesupport_fastrtps_cppExport.cmake
[10.057s] -- Up-to-date: /home/future/Documents/pengyh/RobotAD_ws/install/robot_hardware/share/robot_hardware/cmake/export_robot_hardware__rosidl_typesupport_fastrtps_cppExport-noconfig.cmake
[10.057s] -- Up-to-date: /home/future/Documents/pengyh/RobotAD_ws/install/robot_hardware/share/robot_hardware/cmake/robot_hardware__rosidl_typesupport_introspection_cExport.cmake
[10.057s] -- Up-to-date: /home/future/Documents/pengyh/RobotAD_ws/install/robot_hardware/share/robot_hardware/cmake/robot_hardware__rosidl_typesupport_introspection_cExport-noconfig.cmake
[10.057s] -- Up-to-date: /home/future/Documents/pengyh/RobotAD_ws/install/robot_hardware/share/robot_hardware/cmake/robot_hardware__rosidl_typesupport_cExport.cmake
[10.057s] -- Up-to-date: /home/future/Documents/pengyh/RobotAD_ws/install/robot_hardware/share/robot_hardware/cmake/robot_hardware__rosidl_typesupport_cExport-noconfig.cmake
[10.057s] -- Up-to-date: /home/future/Documents/pengyh/RobotAD_ws/install/robot_hardware/share/robot_hardware/cmake/robot_hardware__rosidl_typesupport_introspection_cppExport.cmake
[10.058s] -- Up-to-date: /home/future/Documents/pengyh/RobotAD_ws/install/robot_hardware/share/robot_hardware/cmake/robot_hardware__rosidl_typesupport_introspection_cppExport-noconfig.cmake
[10.058s] -- Up-to-date: /home/future/Documents/pengyh/RobotAD_ws/install/robot_hardware/share/robot_hardware/cmake/robot_hardware__rosidl_typesupport_cppExport.cmake
[10.058s] -- Up-to-date: /home/future/Documents/pengyh/RobotAD_ws/install/robot_hardware/share/robot_hardware/cmake/robot_hardware__rosidl_typesupport_cppExport-noconfig.cmake
[10.058s] -- Up-to-date: /home/future/Documents/pengyh/RobotAD_ws/install/robot_hardware/share/robot_hardware/cmake/export_robot_hardware__rosidl_generator_pyExport.cmake
[10.058s] -- Up-to-date: /home/future/Documents/pengyh/RobotAD_ws/install/robot_hardware/share/robot_hardware/cmake/export_robot_hardware__rosidl_generator_pyExport-noconfig.cmake
[10.063s] Invoked command in '/home/future/Documents/pengyh/RobotAD_ws/build/robot_hardware' returned '0': CMAKE_PREFIX_PATH=${CMAKE_PREFIX_PATH}:/home/future/Documents/Robot/nav_ws/install/show_urdf:/home/future/Documents/Robot/nav_ws/install/serial_bridge:/home/future/Documents/Robot/nav_ws/install/ros_tcp_endpoint:/home/future/Documents/Robot/nav_ws/install/remove_obstacle:/home/future/Documents/Robot/nav_ws/install/keyboard_control:/opt/ros/humble CONDA_PROMPT_MODIFIER=(base) /usr/bin/cmake --install /home/future/Documents/pengyh/RobotAD_ws/build/robot_hardware
