[0.049s] Invoking command in '/home/future/Documents/pengyh/RobotAD_ws/build/miiboo_imu': CMAKE_PREFIX_PATH=${CMAKE_PREFIX_PATH}:/opt/ros/humble /usr/bin/cmake --build /home/future/Documents/pengyh/RobotAD_ws/build/miiboo_imu -- -j24 -l24
[0.158s] [100%] Built target imu_read
[0.459s] Invoked command in '/home/future/Documents/pengyh/RobotAD_ws/build/miiboo_imu' returned '0': CMAKE_PREFIX_PATH=${CMAKE_PREFIX_PATH}:/opt/ros/humble /usr/bin/cmake --build /home/future/Documents/pengyh/RobotAD_ws/build/miiboo_imu -- -j24 -l24
[0.471s] Invoking command in '/home/future/Documents/pengyh/RobotAD_ws/build/miiboo_imu': CMAKE_PREFIX_PATH=${CMAKE_PREFIX_PATH}:/opt/ros/humble /usr/bin/cmake --install /home/future/Documents/pengyh/RobotAD_ws/build/miiboo_imu
[0.534s] -- Install configuration: ""
[0.537s] -- Up-to-date: /home/future/Documents/pengyh/RobotAD_ws/install/miiboo_imu/lib/miiboo_imu/imu_read
[0.537s] -- Up-to-date: /home/future/Documents/pengyh/RobotAD_ws/install/miiboo_imu/share/miiboo_imu//launch
[0.538s] -- Up-to-date: /home/future/Documents/pengyh/RobotAD_ws/install/miiboo_imu/share/miiboo_imu//launch/imu.launch.py
[0.540s] -- Up-to-date: /home/future/Documents/pengyh/RobotAD_ws/install/miiboo_imu/share/ament_index/resource_index/package_run_dependencies/miiboo_imu
[0.547s] -- Up-to-date: /home/future/Documents/pengyh/RobotAD_ws/install/miiboo_imu/share/ament_index/resource_index/parent_prefix_path/miiboo_imu
[0.551s] -- Up-to-date: /home/future/Documents/pengyh/RobotAD_ws/install/miiboo_imu/share/miiboo_imu/environment/ament_prefix_path.sh
[0.552s] -- Up-to-date: /home/future/Documents/pengyh/RobotAD_ws/install/miiboo_imu/share/miiboo_imu/environment/ament_prefix_path.dsv
[0.555s] -- Up-to-date: /home/future/Documents/pengyh/RobotAD_ws/install/miiboo_imu/share/miiboo_imu/environment/path.sh
[0.559s] -- Up-to-date: /home/future/Documents/pengyh/RobotAD_ws/install/miiboo_imu/share/miiboo_imu/environment/path.dsv
[0.560s] -- Up-to-date: /home/future/Documents/pengyh/RobotAD_ws/install/miiboo_imu/share/miiboo_imu/local_setup.bash
[0.561s] -- Up-to-date: /home/future/Documents/pengyh/RobotAD_ws/install/miiboo_imu/share/miiboo_imu/local_setup.sh
[0.561s] -- Up-to-date: /home/future/Documents/pengyh/RobotAD_ws/install/miiboo_imu/share/miiboo_imu/local_setup.zsh
[0.562s] -- Up-to-date: /home/future/Documents/pengyh/RobotAD_ws/install/miiboo_imu/share/miiboo_imu/local_setup.dsv
[0.563s] -- Installing: /home/future/Documents/pengyh/RobotAD_ws/install/miiboo_imu/share/miiboo_imu/package.dsv
[0.563s] -- Up-to-date: /home/future/Documents/pengyh/RobotAD_ws/install/miiboo_imu/share/ament_index/resource_index/packages/miiboo_imu
[0.563s] -- Up-to-date: /home/future/Documents/pengyh/RobotAD_ws/install/miiboo_imu/share/miiboo_imu/cmake/miiboo_imuConfig.cmake
[0.564s] -- Up-to-date: /home/future/Documents/pengyh/RobotAD_ws/install/miiboo_imu/share/miiboo_imu/cmake/miiboo_imuConfig-version.cmake
[0.564s] -- Up-to-date: /home/future/Documents/pengyh/RobotAD_ws/install/miiboo_imu/share/miiboo_imu/package.xml
[0.778s] Invoked command in '/home/future/Documents/pengyh/RobotAD_ws/build/miiboo_imu' returned '0': CMAKE_PREFIX_PATH=${CMAKE_PREFIX_PATH}:/opt/ros/humble /usr/bin/cmake --install /home/future/Documents/pengyh/RobotAD_ws/build/miiboo_imu
