[0.036s] Invoking command in '/home/future/Documents/pengyh/RobotAD_ws/build/usb_camera': CMAKE_PREFIX_PATH=${CMAKE_PREFIX_PATH}:/home/future/Documents/Robot/nav_ws/install/show_urdf:/home/future/Documents/Robot/nav_ws/install/serial_bridge:/home/future/Documents/Robot/nav_ws/install/ros_tcp_endpoint:/home/future/Documents/Robot/nav_ws/install/remove_obstacle:/home/future/Documents/Robot/nav_ws/install/keyboard_control:/opt/ros/humble CONDA_PROMPT_MODIFIER=(base) /usr/bin/cmake --build /home/future/Documents/pengyh/RobotAD_ws/build/usb_camera -- -j24 -l24
[0.174s] [100%] Built target usb_camera_node
[0.205s] Invoked command in '/home/future/Documents/pengyh/RobotAD_ws/build/usb_camera' returned '0': CMAKE_PREFIX_PATH=${CMAKE_PREFIX_PATH}:/home/future/Documents/Robot/nav_ws/install/show_urdf:/home/future/Documents/Robot/nav_ws/install/serial_bridge:/home/future/Documents/Robot/nav_ws/install/ros_tcp_endpoint:/home/future/Documents/Robot/nav_ws/install/remove_obstacle:/home/future/Documents/Robot/nav_ws/install/keyboard_control:/opt/ros/humble CONDA_PROMPT_MODIFIER=(base) /usr/bin/cmake --build /home/future/Documents/pengyh/RobotAD_ws/build/usb_camera -- -j24 -l24
[0.299s] Invoking command in '/home/future/Documents/pengyh/RobotAD_ws/build/usb_camera': CMAKE_PREFIX_PATH=${CMAKE_PREFIX_PATH}:/home/future/Documents/Robot/nav_ws/install/show_urdf:/home/future/Documents/Robot/nav_ws/install/serial_bridge:/home/future/Documents/Robot/nav_ws/install/ros_tcp_endpoint:/home/future/Documents/Robot/nav_ws/install/remove_obstacle:/home/future/Documents/Robot/nav_ws/install/keyboard_control:/opt/ros/humble CONDA_PROMPT_MODIFIER=(base) /usr/bin/cmake --install /home/future/Documents/pengyh/RobotAD_ws/build/usb_camera
[0.316s] -- Install configuration: ""
[0.317s] -- Execute custom install script
[0.318s] -- Up-to-date symlink: /home/future/Documents/pengyh/RobotAD_ws/install/usb_camera/lib/usb_camera/usb_camera_node
[0.319s] -- Up-to-date symlink: /home/future/Documents/pengyh/RobotAD_ws/install/usb_camera/share/ament_index/resource_index/package_run_dependencies/usb_camera
[0.319s] -- Up-to-date symlink: /home/future/Documents/pengyh/RobotAD_ws/install/usb_camera/share/ament_index/resource_index/parent_prefix_path/usb_camera
[0.319s] -- Up-to-date symlink: /home/future/Documents/pengyh/RobotAD_ws/install/usb_camera/share/usb_camera/environment/ament_prefix_path.sh
[0.320s] -- Up-to-date symlink: /home/future/Documents/pengyh/RobotAD_ws/install/usb_camera/share/usb_camera/environment/ament_prefix_path.dsv
[0.320s] -- Up-to-date symlink: /home/future/Documents/pengyh/RobotAD_ws/install/usb_camera/share/usb_camera/environment/path.sh
[0.320s] -- Up-to-date symlink: /home/future/Documents/pengyh/RobotAD_ws/install/usb_camera/share/usb_camera/environment/path.dsv
[0.320s] -- Up-to-date symlink: /home/future/Documents/pengyh/RobotAD_ws/install/usb_camera/share/usb_camera/local_setup.bash
[0.321s] -- Up-to-date symlink: /home/future/Documents/pengyh/RobotAD_ws/install/usb_camera/share/usb_camera/local_setup.sh
[0.321s] -- Up-to-date symlink: /home/future/Documents/pengyh/RobotAD_ws/install/usb_camera/share/usb_camera/local_setup.zsh
[0.321s] -- Up-to-date symlink: /home/future/Documents/pengyh/RobotAD_ws/install/usb_camera/share/usb_camera/local_setup.dsv
[0.321s] -- Symlinking: /home/future/Documents/pengyh/RobotAD_ws/install/usb_camera/share/usb_camera/package.dsv
[0.352s] -- Up-to-date symlink: /home/future/Documents/pengyh/RobotAD_ws/install/usb_camera/share/ament_index/resource_index/packages/usb_camera
[0.353s] -- Up-to-date symlink: /home/future/Documents/pengyh/RobotAD_ws/install/usb_camera/share/usb_camera/cmake/usb_cameraConfig.cmake
[0.353s] -- Up-to-date symlink: /home/future/Documents/pengyh/RobotAD_ws/install/usb_camera/share/usb_camera/cmake/usb_cameraConfig-version.cmake
[0.354s] -- Up-to-date symlink: /home/future/Documents/pengyh/RobotAD_ws/install/usb_camera/share/usb_camera/package.xml
[0.359s] Invoked command in '/home/future/Documents/pengyh/RobotAD_ws/build/usb_camera' returned '0': CMAKE_PREFIX_PATH=${CMAKE_PREFIX_PATH}:/home/future/Documents/Robot/nav_ws/install/show_urdf:/home/future/Documents/Robot/nav_ws/install/serial_bridge:/home/future/Documents/Robot/nav_ws/install/ros_tcp_endpoint:/home/future/Documents/Robot/nav_ws/install/remove_obstacle:/home/future/Documents/Robot/nav_ws/install/keyboard_control:/opt/ros/humble CONDA_PROMPT_MODIFIER=(base) /usr/bin/cmake --install /home/future/Documents/pengyh/RobotAD_ws/build/usb_camera
