[0.009s] Invoking command in '/home/future/Documents/pengyh/RobotAD_ws/build/robot_hardware': CMAKE_PREFIX_PATH=${CMAKE_PREFIX_PATH}:/home/future/Documents/Robot/nav_ws/install/show_urdf:/home/future/Documents/Robot/nav_ws/install/serial_bridge:/home/future/Documents/Robot/nav_ws/install/ros_tcp_endpoint:/home/future/Documents/Robot/nav_ws/install/remove_obstacle:/home/future/Documents/Robot/nav_ws/install/keyboard_control:/opt/ros/humble /usr/bin/cmake --build /home/future/Documents/pengyh/RobotAD_ws/build/robot_hardware -- -j24 -l24
[0.120s] [  9%] Built target robot_hardware__rosidl_generator_c
[0.122s] [ 12%] Built target robot_hardware__cpp
[0.144s] [ 12%] Built target ament_cmake_python_copy_robot_hardware
[0.176s] [ 21%] Built target robot_hardware__rosidl_typesupport_c
[0.180s] [ 30%] Built target robot_hardware__rosidl_typesupport_introspection_c
[0.181s] [ 45%] Built target robot_hardware__rosidl_typesupport_fastrtps_c
[0.181s] [ 48%] Built target robot_hardware__rosidl_typesupport_cpp
[0.188s] [ 57%] Built target robot_hardware__rosidl_typesupport_fastrtps_cpp
[0.190s] [ 66%] Built target robot_hardware__rosidl_typesupport_introspection_cpp
[0.236s] [ 66%] Built target robot_hardware
[0.255s] [ 69%] Built target robot_hardware__py
[0.261s] [ 75%] Built target hardware_manager
[0.271s] [ 81%] Built target robot_hardware__rosidl_generator_py
[0.288s] [ 87%] Built target robot_hardware__rosidl_typesupport_introspection_c__pyext
[0.288s] [ 93%] Built target robot_hardware__rosidl_typesupport_fastrtps_c__pyext
[0.291s] [100%] Built target robot_hardware__rosidl_typesupport_c__pyext
[0.436s] running egg_info
[0.437s] writing robot_hardware.egg-info/PKG-INFO
[0.437s] writing dependency_links to robot_hardware.egg-info/dependency_links.txt
[0.437s] writing top-level names to robot_hardware.egg-info/top_level.txt
[0.439s] reading manifest file 'robot_hardware.egg-info/SOURCES.txt'
[0.439s] writing manifest file 'robot_hardware.egg-info/SOURCES.txt'
[0.468s] [100%] Built target ament_cmake_python_build_robot_hardware_egg
[0.477s] Invoked command in '/home/future/Documents/pengyh/RobotAD_ws/build/robot_hardware' returned '0': CMAKE_PREFIX_PATH=${CMAKE_PREFIX_PATH}:/home/future/Documents/Robot/nav_ws/install/show_urdf:/home/future/Documents/Robot/nav_ws/install/serial_bridge:/home/future/Documents/Robot/nav_ws/install/ros_tcp_endpoint:/home/future/Documents/Robot/nav_ws/install/remove_obstacle:/home/future/Documents/Robot/nav_ws/install/keyboard_control:/opt/ros/humble /usr/bin/cmake --build /home/future/Documents/pengyh/RobotAD_ws/build/robot_hardware -- -j24 -l24
[0.644s] Invoking command in '/home/future/Documents/pengyh/RobotAD_ws/build/robot_hardware': CMAKE_PREFIX_PATH=${CMAKE_PREFIX_PATH}:/home/future/Documents/Robot/nav_ws/install/show_urdf:/home/future/Documents/Robot/nav_ws/install/serial_bridge:/home/future/Documents/Robot/nav_ws/install/ros_tcp_endpoint:/home/future/Documents/Robot/nav_ws/install/remove_obstacle:/home/future/Documents/Robot/nav_ws/install/keyboard_control:/opt/ros/humble /usr/bin/cmake --install /home/future/Documents/pengyh/RobotAD_ws/build/robot_hardware
[0.657s] -- Install configuration: ""
[0.658s] -- Up-to-date: /home/future/Documents/pengyh/RobotAD_ws/install/robot_hardware/share/ament_index/resource_index/rosidl_interfaces/robot_hardware
[0.658s] -- Up-to-date: /home/future/Documents/pengyh/RobotAD_ws/install/robot_hardware/include/robot_hardware/robot_hardware
[0.658s] -- Up-to-date: /home/future/Documents/pengyh/RobotAD_ws/install/robot_hardware/include/robot_hardware/robot_hardware/msg
[0.658s] -- Up-to-date: /home/future/Documents/pengyh/RobotAD_ws/install/robot_hardware/include/robot_hardware/robot_hardware/msg/hardware_data.h
[0.658s] -- Up-to-date: /home/future/Documents/pengyh/RobotAD_ws/install/robot_hardware/include/robot_hardware/robot_hardware/msg/rosidl_generator_c__visibility_control.h
[0.658s] -- Up-to-date: /home/future/Documents/pengyh/RobotAD_ws/install/robot_hardware/include/robot_hardware/robot_hardware/msg/detail
[0.659s] -- Up-to-date: /home/future/Documents/pengyh/RobotAD_ws/install/robot_hardware/include/robot_hardware/robot_hardware/msg/detail/hardware_data__functions.c
[0.659s] -- Up-to-date: /home/future/Documents/pengyh/RobotAD_ws/install/robot_hardware/include/robot_hardware/robot_hardware/msg/detail/hardware_data__functions.h
[0.660s] -- Up-to-date: /home/future/Documents/pengyh/RobotAD_ws/install/robot_hardware/include/robot_hardware/robot_hardware/msg/detail/hardware_data__struct.h
[0.660s] -- Up-to-date: /home/future/Documents/pengyh/RobotAD_ws/install/robot_hardware/include/robot_hardware/robot_hardware/msg/detail/hardware_data__type_support.h
[0.660s] -- Up-to-date: /home/future/Documents/pengyh/RobotAD_ws/install/robot_hardware/share/robot_hardware/environment/library_path.sh
[0.660s] -- Up-to-date: /home/future/Documents/pengyh/RobotAD_ws/install/robot_hardware/share/robot_hardware/environment/library_path.dsv
[0.661s] -- Up-to-date: /home/future/Documents/pengyh/RobotAD_ws/install/robot_hardware/lib/librobot_hardware__rosidl_generator_c.so
[0.661s] -- Up-to-date: /home/future/Documents/pengyh/RobotAD_ws/install/robot_hardware/include/robot_hardware/robot_hardware
[0.661s] -- Up-to-date: /home/future/Documents/pengyh/RobotAD_ws/install/robot_hardware/include/robot_hardware/robot_hardware/msg
[0.661s] -- Up-to-date: /home/future/Documents/pengyh/RobotAD_ws/install/robot_hardware/include/robot_hardware/robot_hardware/msg/rosidl_typesupport_fastrtps_c__visibility_control.h
[0.662s] -- Up-to-date: /home/future/Documents/pengyh/RobotAD_ws/install/robot_hardware/include/robot_hardware/robot_hardware/msg/detail
[0.662s] -- Up-to-date: /home/future/Documents/pengyh/RobotAD_ws/install/robot_hardware/include/robot_hardware/robot_hardware/msg/detail/hardware_data__rosidl_typesupport_fastrtps_c.h
[0.662s] -- Up-to-date: /home/future/Documents/pengyh/RobotAD_ws/install/robot_hardware/lib/librobot_hardware__rosidl_typesupport_fastrtps_c.so
[0.662s] -- Up-to-date: /home/future/Documents/pengyh/RobotAD_ws/install/robot_hardware/include/robot_hardware/robot_hardware
[0.663s] -- Up-to-date: /home/future/Documents/pengyh/RobotAD_ws/install/robot_hardware/include/robot_hardware/robot_hardware/msg
[0.663s] -- Up-to-date: /home/future/Documents/pengyh/RobotAD_ws/install/robot_hardware/include/robot_hardware/robot_hardware/msg/hardware_data.hpp
[0.663s] -- Up-to-date: /home/future/Documents/pengyh/RobotAD_ws/install/robot_hardware/include/robot_hardware/robot_hardware/msg/detail
[0.663s] -- Up-to-date: /home/future/Documents/pengyh/RobotAD_ws/install/robot_hardware/include/robot_hardware/robot_hardware/msg/detail/hardware_data__struct.hpp
[0.663s] -- Up-to-date: /home/future/Documents/pengyh/RobotAD_ws/install/robot_hardware/include/robot_hardware/robot_hardware/msg/detail/hardware_data__builder.hpp
[0.663s] -- Up-to-date: /home/future/Documents/pengyh/RobotAD_ws/install/robot_hardware/include/robot_hardware/robot_hardware/msg/detail/hardware_data__traits.hpp
[0.664s] -- Up-to-date: /home/future/Documents/pengyh/RobotAD_ws/install/robot_hardware/include/robot_hardware/robot_hardware
[0.664s] -- Up-to-date: /home/future/Documents/pengyh/RobotAD_ws/install/robot_hardware/include/robot_hardware/robot_hardware/msg
[0.664s] -- Up-to-date: /home/future/Documents/pengyh/RobotAD_ws/install/robot_hardware/include/robot_hardware/robot_hardware/msg/rosidl_typesupport_fastrtps_cpp__visibility_control.h
[0.664s] -- Up-to-date: /home/future/Documents/pengyh/RobotAD_ws/install/robot_hardware/include/robot_hardware/robot_hardware/msg/detail
[0.664s] -- Up-to-date: /home/future/Documents/pengyh/RobotAD_ws/install/robot_hardware/include/robot_hardware/robot_hardware/msg/detail/hardware_data__rosidl_typesupport_fastrtps_cpp.hpp
[0.664s] -- Up-to-date: /home/future/Documents/pengyh/RobotAD_ws/install/robot_hardware/include/robot_hardware/robot_hardware/msg/detail/dds_fastrtps
[0.664s] -- Up-to-date: /home/future/Documents/pengyh/RobotAD_ws/install/robot_hardware/lib/librobot_hardware__rosidl_typesupport_fastrtps_cpp.so
[0.665s] -- Up-to-date: /home/future/Documents/pengyh/RobotAD_ws/install/robot_hardware/include/robot_hardware/robot_hardware
[0.665s] -- Up-to-date: /home/future/Documents/pengyh/RobotAD_ws/install/robot_hardware/include/robot_hardware/robot_hardware/msg
[0.665s] -- Up-to-date: /home/future/Documents/pengyh/RobotAD_ws/install/robot_hardware/include/robot_hardware/robot_hardware/msg/detail
[0.665s] -- Up-to-date: /home/future/Documents/pengyh/RobotAD_ws/install/robot_hardware/include/robot_hardware/robot_hardware/msg/detail/hardware_data__type_support.c
[0.665s] -- Up-to-date: /home/future/Documents/pengyh/RobotAD_ws/install/robot_hardware/include/robot_hardware/robot_hardware/msg/detail/hardware_data__rosidl_typesupport_introspection_c.h
[0.665s] -- Up-to-date: /home/future/Documents/pengyh/RobotAD_ws/install/robot_hardware/include/robot_hardware/robot_hardware/msg/rosidl_typesupport_introspection_c__visibility_control.h
[0.666s] -- Up-to-date: /home/future/Documents/pengyh/RobotAD_ws/install/robot_hardware/lib/librobot_hardware__rosidl_typesupport_introspection_c.so
[0.666s] -- Up-to-date: /home/future/Documents/pengyh/RobotAD_ws/install/robot_hardware/lib/librobot_hardware__rosidl_typesupport_c.so
[0.666s] -- Up-to-date: /home/future/Documents/pengyh/RobotAD_ws/install/robot_hardware/include/robot_hardware/robot_hardware
[0.666s] -- Up-to-date: /home/future/Documents/pengyh/RobotAD_ws/install/robot_hardware/include/robot_hardware/robot_hardware/msg
[0.666s] -- Up-to-date: /home/future/Documents/pengyh/RobotAD_ws/install/robot_hardware/include/robot_hardware/robot_hardware/msg/detail
[0.667s] -- Up-to-date: /home/future/Documents/pengyh/RobotAD_ws/install/robot_hardware/include/robot_hardware/robot_hardware/msg/detail/hardware_data__type_support.cpp
[0.667s] -- Up-to-date: /home/future/Documents/pengyh/RobotAD_ws/install/robot_hardware/include/robot_hardware/robot_hardware/msg/detail/hardware_data__rosidl_typesupport_introspection_cpp.hpp
[0.667s] -- Up-to-date: /home/future/Documents/pengyh/RobotAD_ws/install/robot_hardware/lib/librobot_hardware__rosidl_typesupport_introspection_cpp.so
[0.667s] -- Up-to-date: /home/future/Documents/pengyh/RobotAD_ws/install/robot_hardware/lib/librobot_hardware__rosidl_typesupport_cpp.so
[0.667s] -- Up-to-date: /home/future/Documents/pengyh/RobotAD_ws/install/robot_hardware/share/robot_hardware/environment/pythonpath.sh
[0.667s] -- Up-to-date: /home/future/Documents/pengyh/RobotAD_ws/install/robot_hardware/share/robot_hardware/environment/pythonpath.dsv
[0.667s] -- Up-to-date: /home/future/Documents/pengyh/RobotAD_ws/install/robot_hardware/local/lib/python3.10/dist-packages/robot_hardware-0.0.0-py3.10.egg-info
[0.667s] -- Installing: /home/future/Documents/pengyh/RobotAD_ws/install/robot_hardware/local/lib/python3.10/dist-packages/robot_hardware-0.0.0-py3.10.egg-info/top_level.txt
[0.668s] -- Installing: /home/future/Documents/pengyh/RobotAD_ws/install/robot_hardware/local/lib/python3.10/dist-packages/robot_hardware-0.0.0-py3.10.egg-info/PKG-INFO
[0.668s] -- Installing: /home/future/Documents/pengyh/RobotAD_ws/install/robot_hardware/local/lib/python3.10/dist-packages/robot_hardware-0.0.0-py3.10.egg-info/dependency_links.txt
[0.668s] -- Installing: /home/future/Documents/pengyh/RobotAD_ws/install/robot_hardware/local/lib/python3.10/dist-packages/robot_hardware-0.0.0-py3.10.egg-info/SOURCES.txt
[0.668s] -- Up-to-date: /home/future/Documents/pengyh/RobotAD_ws/install/robot_hardware/local/lib/python3.10/dist-packages/robot_hardware
[0.668s] -- Up-to-date: /home/future/Documents/pengyh/RobotAD_ws/install/robot_hardware/local/lib/python3.10/dist-packages/robot_hardware/librobot_hardware__rosidl_generator_py.so
[0.668s] -- Up-to-date: /home/future/Documents/pengyh/RobotAD_ws/install/robot_hardware/local/lib/python3.10/dist-packages/robot_hardware/_robot_hardware_s.ep.rosidl_typesupport_c.c
[0.668s] -- Up-to-date: /home/future/Documents/pengyh/RobotAD_ws/install/robot_hardware/local/lib/python3.10/dist-packages/robot_hardware/robot_hardware_s__rosidl_typesupport_c.cpython-310-x86_64-linux-gnu.so
[0.668s] -- Up-to-date: /home/future/Documents/pengyh/RobotAD_ws/install/robot_hardware/local/lib/python3.10/dist-packages/robot_hardware/msg
[0.668s] -- Up-to-date: /home/future/Documents/pengyh/RobotAD_ws/install/robot_hardware/local/lib/python3.10/dist-packages/robot_hardware/msg/_hardware_data_s.c
[0.668s] -- Up-to-date: /home/future/Documents/pengyh/RobotAD_ws/install/robot_hardware/local/lib/python3.10/dist-packages/robot_hardware/msg/_hardware_data.py
[0.668s] -- Up-to-date: /home/future/Documents/pengyh/RobotAD_ws/install/robot_hardware/local/lib/python3.10/dist-packages/robot_hardware/msg/__init__.py
[0.668s] -- Up-to-date: /home/future/Documents/pengyh/RobotAD_ws/install/robot_hardware/local/lib/python3.10/dist-packages/robot_hardware/robot_hardware_s__rosidl_typesupport_fastrtps_c.cpython-310-x86_64-linux-gnu.so
[0.668s] -- Up-to-date: /home/future/Documents/pengyh/RobotAD_ws/install/robot_hardware/local/lib/python3.10/dist-packages/robot_hardware/_robot_hardware_s.ep.rosidl_typesupport_fastrtps_c.c
[0.668s] -- Up-to-date: /home/future/Documents/pengyh/RobotAD_ws/install/robot_hardware/local/lib/python3.10/dist-packages/robot_hardware/robot_hardware_s__rosidl_typesupport_introspection_c.cpython-310-x86_64-linux-gnu.so
[0.668s] -- Up-to-date: /home/future/Documents/pengyh/RobotAD_ws/install/robot_hardware/local/lib/python3.10/dist-packages/robot_hardware/_robot_hardware_s.ep.rosidl_typesupport_introspection_c.c
[0.668s] -- Up-to-date: /home/future/Documents/pengyh/RobotAD_ws/install/robot_hardware/local/lib/python3.10/dist-packages/robot_hardware/__init__.py
[0.698s] Listing '/home/future/Documents/pengyh/RobotAD_ws/install/robot_hardware/local/lib/python3.10/dist-packages/robot_hardware'...
[0.698s] Listing '/home/future/Documents/pengyh/RobotAD_ws/install/robot_hardware/local/lib/python3.10/dist-packages/robot_hardware/msg'...
[0.703s] -- Up-to-date: /home/future/Documents/pengyh/RobotAD_ws/install/robot_hardware/local/lib/python3.10/dist-packages/robot_hardware/robot_hardware_s__rosidl_typesupport_fastrtps_c.cpython-310-x86_64-linux-gnu.so
[0.703s] -- Up-to-date: /home/future/Documents/pengyh/RobotAD_ws/install/robot_hardware/local/lib/python3.10/dist-packages/robot_hardware/robot_hardware_s__rosidl_typesupport_introspection_c.cpython-310-x86_64-linux-gnu.so
[0.703s] -- Up-to-date: /home/future/Documents/pengyh/RobotAD_ws/install/robot_hardware/local/lib/python3.10/dist-packages/robot_hardware/robot_hardware_s__rosidl_typesupport_c.cpython-310-x86_64-linux-gnu.so
[0.703s] -- Up-to-date: /home/future/Documents/pengyh/RobotAD_ws/install/robot_hardware/lib/librobot_hardware__rosidl_generator_py.so
[0.703s] -- Up-to-date: /home/future/Documents/pengyh/RobotAD_ws/install/robot_hardware/share/robot_hardware/msg/HardwareData.idl
[0.703s] -- Up-to-date: /home/future/Documents/pengyh/RobotAD_ws/install/robot_hardware/share/robot_hardware/msg/HardwareData.msg
[0.704s] -- Up-to-date: /home/future/Documents/pengyh/RobotAD_ws/install/robot_hardware/lib/robot_hardware/hardware_manager
[0.704s] -- Up-to-date: /home/future/Documents/pengyh/RobotAD_ws/install/robot_hardware/include
[0.704s] -- Up-to-date: /home/future/Documents/pengyh/RobotAD_ws/install/robot_hardware/include/robot_hardware
[0.704s] -- Up-to-date: /home/future/Documents/pengyh/RobotAD_ws/install/robot_hardware/include/robot_hardware/HardwareData.hpp
[0.704s] -- Up-to-date: /home/future/Documents/pengyh/RobotAD_ws/install/robot_hardware/share/robot_hardware/msg/msg
[0.704s] -- Up-to-date: /home/future/Documents/pengyh/RobotAD_ws/install/robot_hardware/share/robot_hardware/msg/msg/HardwareData.msg
[0.705s] -- Up-to-date: /home/future/Documents/pengyh/RobotAD_ws/install/robot_hardware/share/ament_index/resource_index/package_run_dependencies/robot_hardware
[0.705s] -- Up-to-date: /home/future/Documents/pengyh/RobotAD_ws/install/robot_hardware/share/ament_index/resource_index/parent_prefix_path/robot_hardware
[0.705s] -- Up-to-date: /home/future/Documents/pengyh/RobotAD_ws/install/robot_hardware/share/robot_hardware/environment/ament_prefix_path.sh
[0.706s] -- Up-to-date: /home/future/Documents/pengyh/RobotAD_ws/install/robot_hardware/share/robot_hardware/environment/ament_prefix_path.dsv
[0.706s] -- Up-to-date: /home/future/Documents/pengyh/RobotAD_ws/install/robot_hardware/share/robot_hardware/environment/path.sh
[0.706s] -- Up-to-date: /home/future/Documents/pengyh/RobotAD_ws/install/robot_hardware/share/robot_hardware/environment/path.dsv
[0.706s] -- Up-to-date: /home/future/Documents/pengyh/RobotAD_ws/install/robot_hardware/share/robot_hardware/local_setup.bash
[0.706s] -- Up-to-date: /home/future/Documents/pengyh/RobotAD_ws/install/robot_hardware/share/robot_hardware/local_setup.sh
[0.706s] -- Up-to-date: /home/future/Documents/pengyh/RobotAD_ws/install/robot_hardware/share/robot_hardware/local_setup.zsh
[0.707s] -- Up-to-date: /home/future/Documents/pengyh/RobotAD_ws/install/robot_hardware/share/robot_hardware/local_setup.dsv
[0.707s] -- Installing: /home/future/Documents/pengyh/RobotAD_ws/install/robot_hardware/share/robot_hardware/package.dsv
[0.707s] -- Up-to-date: /home/future/Documents/pengyh/RobotAD_ws/install/robot_hardware/share/ament_index/resource_index/packages/robot_hardware
[0.707s] -- Up-to-date: /home/future/Documents/pengyh/RobotAD_ws/install/robot_hardware/share/robot_hardware/cmake/export_robot_hardware__rosidl_generator_cExport.cmake
[0.707s] -- Up-to-date: /home/future/Documents/pengyh/RobotAD_ws/install/robot_hardware/share/robot_hardware/cmake/export_robot_hardware__rosidl_generator_cExport-noconfig.cmake
[0.707s] -- Up-to-date: /home/future/Documents/pengyh/RobotAD_ws/install/robot_hardware/share/robot_hardware/cmake/export_robot_hardware__rosidl_typesupport_fastrtps_cExport.cmake
[0.707s] -- Up-to-date: /home/future/Documents/pengyh/RobotAD_ws/install/robot_hardware/share/robot_hardware/cmake/export_robot_hardware__rosidl_typesupport_fastrtps_cExport-noconfig.cmake
[0.707s] -- Up-to-date: /home/future/Documents/pengyh/RobotAD_ws/install/robot_hardware/share/robot_hardware/cmake/export_robot_hardware__rosidl_generator_cppExport.cmake
[0.707s] -- Up-to-date: /home/future/Documents/pengyh/RobotAD_ws/install/robot_hardware/share/robot_hardware/cmake/export_robot_hardware__rosidl_typesupport_fastrtps_cppExport.cmake
[0.707s] -- Up-to-date: /home/future/Documents/pengyh/RobotAD_ws/install/robot_hardware/share/robot_hardware/cmake/export_robot_hardware__rosidl_typesupport_fastrtps_cppExport-noconfig.cmake
[0.708s] -- Up-to-date: /home/future/Documents/pengyh/RobotAD_ws/install/robot_hardware/share/robot_hardware/cmake/robot_hardware__rosidl_typesupport_introspection_cExport.cmake
[0.708s] -- Up-to-date: /home/future/Documents/pengyh/RobotAD_ws/install/robot_hardware/share/robot_hardware/cmake/robot_hardware__rosidl_typesupport_introspection_cExport-noconfig.cmake
[0.708s] -- Up-to-date: /home/future/Documents/pengyh/RobotAD_ws/install/robot_hardware/share/robot_hardware/cmake/robot_hardware__rosidl_typesupport_cExport.cmake
[0.708s] -- Up-to-date: /home/future/Documents/pengyh/RobotAD_ws/install/robot_hardware/share/robot_hardware/cmake/robot_hardware__rosidl_typesupport_cExport-noconfig.cmake
[0.708s] -- Up-to-date: /home/future/Documents/pengyh/RobotAD_ws/install/robot_hardware/share/robot_hardware/cmake/robot_hardware__rosidl_typesupport_introspection_cppExport.cmake
[0.708s] -- Up-to-date: /home/future/Documents/pengyh/RobotAD_ws/install/robot_hardware/share/robot_hardware/cmake/robot_hardware__rosidl_typesupport_introspection_cppExport-noconfig.cmake
[0.708s] -- Up-to-date: /home/future/Documents/pengyh/RobotAD_ws/install/robot_hardware/share/robot_hardware/cmake/robot_hardware__rosidl_typesupport_cppExport.cmake
[0.709s] -- Up-to-date: /home/future/Documents/pengyh/RobotAD_ws/install/robot_hardware/share/robot_hardware/cmake/robot_hardware__rosidl_typesupport_cppExport-noconfig.cmake
[0.709s] -- Up-to-date: /home/future/Documents/pengyh/RobotAD_ws/install/robot_hardware/share/robot_hardware/cmake/export_robot_hardware__rosidl_generator_pyExport.cmake
[0.709s] -- Up-to-date: /home/future/Documents/pengyh/RobotAD_ws/install/robot_hardware/share/robot_hardware/cmake/export_robot_hardware__rosidl_generator_pyExport-noconfig.cmake
[0.709s] -- Up-to-date: /home/future/Documents/pengyh/RobotAD_ws/install/robot_hardware/share/robot_hardware/cmake/rosidl_cmake-extras.cmake
[0.709s] -- Up-to-date: /home/future/Documents/pengyh/RobotAD_ws/install/robot_hardware/share/robot_hardware/cmake/ament_cmake_export_dependencies-extras.cmake
[0.710s] -- Up-to-date: /home/future/Documents/pengyh/RobotAD_ws/install/robot_hardware/share/robot_hardware/cmake/ament_cmake_export_include_directories-extras.cmake
[0.711s] -- Up-to-date: /home/future/Documents/pengyh/RobotAD_ws/install/robot_hardware/share/robot_hardware/cmake/ament_cmake_export_libraries-extras.cmake
[0.711s] -- Up-to-date: /home/future/Documents/pengyh/RobotAD_ws/install/robot_hardware/share/robot_hardware/cmake/ament_cmake_export_targets-extras.cmake
[0.711s] -- Up-to-date: /home/future/Documents/pengyh/RobotAD_ws/install/robot_hardware/share/robot_hardware/cmake/rosidl_cmake_export_typesupport_targets-extras.cmake
[0.711s] -- Up-to-date: /home/future/Documents/pengyh/RobotAD_ws/install/robot_hardware/share/robot_hardware/cmake/rosidl_cmake_export_typesupport_libraries-extras.cmake
[0.712s] -- Up-to-date: /home/future/Documents/pengyh/RobotAD_ws/install/robot_hardware/share/robot_hardware/cmake/robot_hardwareConfig.cmake
[0.712s] -- Up-to-date: /home/future/Documents/pengyh/RobotAD_ws/install/robot_hardware/share/robot_hardware/cmake/robot_hardwareConfig-version.cmake
[0.712s] -- Up-to-date: /home/future/Documents/pengyh/RobotAD_ws/install/robot_hardware/share/robot_hardware/package.xml
[0.713s] Invoked command in '/home/future/Documents/pengyh/RobotAD_ws/build/robot_hardware' returned '0': CMAKE_PREFIX_PATH=${CMAKE_PREFIX_PATH}:/home/future/Documents/Robot/nav_ws/install/show_urdf:/home/future/Documents/Robot/nav_ws/install/serial_bridge:/home/future/Documents/Robot/nav_ws/install/ros_tcp_endpoint:/home/future/Documents/Robot/nav_ws/install/remove_obstacle:/home/future/Documents/Robot/nav_ws/install/keyboard_control:/opt/ros/humble /usr/bin/cmake --install /home/future/Documents/pengyh/RobotAD_ws/build/robot_hardware
