[ 33%] [32mBuilding CXX object CMakeFiles/diff_control.dir/hardware/diffbot_system.cpp.o[0m
In file included from [01m[K/opt/ros/humble/include/rclcpp/rclcpp/client.hpp:40[m[K,
                 from [01m[K/opt/ros/humble/include/rclcpp/rclcpp/callback_group.hpp:24[m[K,
                 from [01m[K/opt/ros/humble/include/rclcpp/rclcpp/any_executable.hpp:20[m[K,
                 from [01m[K/opt/ros/humble/include/rclcpp/rclcpp/memory_strategy.hpp:25[m[K,
                 from [01m[K/opt/ros/humble/include/rclcpp/rclcpp/memory_strategies.hpp:18[m[K,
                 from [01m[K/opt/ros/humble/include/rclcpp/rclcpp/executor_options.hpp:20[m[K,
                 from [01m[K/opt/ros/humble/include/rclcpp/rclcpp/executor.hpp:37[m[K,
                 from [01m[K/opt/ros/humble/include/rclcpp/rclcpp/executors/multi_threaded_executor.hpp:25[m[K,
                 from [01m[K/opt/ros/humble/include/rclcpp/rclcpp/executors.hpp:21[m[K,
                 from [01m[K/opt/ros/humble/include/rclcpp/rclcpp/rclcpp.hpp:155[m[K,
                 from [01m[K/home/future/Documents/pengyh/RobotAD_ws/src/diff_control/hardware/include/diff_control/diffbot_system.hpp:30[m[K,
                 from [01m[K/home/future/Documents/pengyh/RobotAD_ws/src/diff_control/hardware/diffbot_system.cpp:15[m[K:
[01m[K/home/future/Documents/pengyh/RobotAD_ws/src/diff_control/hardware/include/diff_control/wheel.hpp:[m[K In member function ‘[01m[Kvoid Wheel::update_velocity_and_pos(double)[m[K’:
[01m[K/home/future/Documents/pengyh/RobotAD_ws/src/diff_control/hardware/include/diff_control/wheel.hpp:76:9:[m[K [01;31m[Kerror: [m[Kstatic assertion failed: First argument to logging macros must be an rclcpp::Logger
   76 |         [01;31m[KRCLCPP_INFO[m[K("更新位置%f", pos);
      |         [01;31m[K^~~~~~~~~~~[m[K
In file included from [01m[K/opt/ros/humble/include/rclcpp/rclcpp/logging.hpp:24[m[K:
[01m[K/home/future/Documents/pengyh/RobotAD_ws/src/diff_control/hardware/include/diff_control/wheel.hpp:76:9:[m[K [01;31m[Kerror: [m[Krequest for member ‘[01m[Kget_name[m[K’ in ‘[01m[K("\37777777746\37777777633\37777777664\37777777746\37777777626\37777777660\37777777744\37777777675\37777777615\37777777747\37777777675\37777777656%f")[m[K’, which is of non-class type ‘[01m[Kconst char [15][m[K’
   76 |         [01;31m[KRCLCPP_INFO[m[K("更新位置%f", pos);
      |         [01;31m[K^~~~~~~~~~~[m[K
[01m[K/home/future/Documents/pengyh/RobotAD_ws/src/diff_control/hardware/include/diff_control/wheel.hpp:76:9:[m[K [01;31m[Kerror: [m[Krequest for member ‘[01m[Kget_name[m[K’ in ‘[01m[K("\37777777746\37777777633\37777777664\37777777746\37777777626\37777777660\37777777744\37777777675\37777777615\37777777747\37777777675\37777777656%f")[m[K’, which is of non-class type ‘[01m[Kconst char [15][m[K’
   76 |         [01;31m[KRCLCPP_INFO[m[K("更新位置%f", pos);
      |         [01;31m[K^~~~~~~~~~~[m[K
gmake[2]: *** [CMakeFiles/diff_control.dir/build.make:76: CMakeFiles/diff_control.dir/hardware/diffbot_system.cpp.o] Error 1
gmake[1]: *** [CMakeFiles/Makefile2:137: CMakeFiles/diff_control.dir/all] Error 2
gmake: *** [Makefile:146: all] Error 2
