[0.015s] Invoking command in '/home/pengyh/documents/ros2_ws/RobotAD/build/pointcloud_to_laserscan': /usr/bin/cmake /home/pengyh/documents/ros2_ws/RobotAD/src/pointcloud_to_laserscan -DAMENT_CMAKE_SYMLINK_INSTALL=1 -DCMAKE_INSTALL_PREFIX=/home/pengyh/documents/ros2_ws/RobotAD/install/pointcloud_to_laserscan
[0.075s] -- The C compiler identification is GNU 11.4.0
[0.109s] -- The CXX compiler identification is GNU 11.4.0
[0.115s] -- Detecting C compiler ABI info
[0.161s] -- Detecting C compiler ABI info - done
[0.165s] -- Check for working C compiler: /usr/bin/cc - skipped
[0.165s] -- Detecting C compile features
[0.165s] -- Detecting C compile features - done
[0.167s] -- Detecting CXX compiler ABI info
[0.219s] -- Detecting CXX compiler ABI info - done
[0.223s] -- Check for working CXX compiler: /usr/bin/c++ - skipped
[0.223s] -- Detecting CXX compile features
[0.224s] -- Detecting CXX compile features - done
[0.225s] -- Found ament_cmake_auto: 1.3.11 (/opt/ros/humble/share/ament_cmake_auto/cmake)
[0.326s] -- Found Python3: /usr/bin/python3 (found version "3.10.12") found components: Interpreter 
[0.369s] -- Override CMake install command with custom implementation using symlinks instead of copying resources
[0.471s] -- Found rosidl_generator_c: 3.1.6 (/opt/ros/humble/share/rosidl_generator_c/cmake)
[0.474s] -- Found rosidl_adapter: 3.1.6 (/opt/ros/humble/share/rosidl_adapter/cmake)
[0.479s] -- Found rosidl_generator_cpp: 3.1.6 (/opt/ros/humble/share/rosidl_generator_cpp/cmake)
[0.487s] -- Using all available rosidl_typesupport_c: rosidl_typesupport_fastrtps_c;rosidl_typesupport_introspection_c
[0.497s] -- Using all available rosidl_typesupport_cpp: rosidl_typesupport_fastrtps_cpp;rosidl_typesupport_introspection_cpp
[0.525s] -- Found rmw_implementation_cmake: 6.1.2 (/opt/ros/humble/share/rmw_implementation_cmake/cmake)
[0.526s] -- Found rmw_fastrtps_cpp: 6.2.7 (/opt/ros/humble/share/rmw_fastrtps_cpp/cmake)
[0.582s] -- Found OpenSSL: /usr/lib/x86_64-linux-gnu/libcrypto.so (found version "3.0.2")  
[0.599s] -- Found FastRTPS: /opt/ros/humble/include  
[0.627s] -- Using RMW implementation 'rmw_fastrtps_cpp' as default
[0.632s] -- Looking for pthread.h
[0.678s] -- Looking for pthread.h - found
[0.678s] -- Performing Test CMAKE_HAVE_LIBC_PTHREAD
[0.734s] -- Performing Test CMAKE_HAVE_LIBC_PTHREAD - Success
[0.735s] -- Found Threads: TRUE  
[0.874s] -- Found ament_lint_auto: 0.12.11 (/opt/ros/humble/share/ament_lint_auto/cmake)
[0.893s] -- Added test 'cppcheck' to perform static code analysis on C / C++ code
[0.894s] -- Configured cppcheck include dirs: /home/pengyh/documents/ros2_ws/RobotAD/src/pointcloud_to_laserscan/include
[0.894s] -- Configured cppcheck exclude dirs and/or files: 
[0.895s] -- Added test 'cpplint' to check C / C++ code against the Google style
[0.895s] -- Configured cpplint exclude dirs and/or files: 
[0.896s] -- Added test 'flake8' to check Python code syntax and style conventions
[0.896s] -- Added test 'lint_cmake' to check CMake code style
[0.896s] -- Added test 'pep257' to check Python code against some of the docstring style conventions in PEP 257
[0.897s] -- Added test 'uncrustify' to check C / C++ code style
[0.897s] -- Configured uncrustify additional arguments: 
[0.898s] -- Added test 'xmllint' to check XML markup files
[0.900s] -- Configuring done
[0.932s] -- Generating done
[0.940s] -- Build files have been written to: /home/pengyh/documents/ros2_ws/RobotAD/build/pointcloud_to_laserscan
