[0.009s] Invoking command in '/home/future/Documents/pengyh/RobotAD_ws/build/robot_hardware': CMAKE_PREFIX_PATH=${CMAKE_PREFIX_PATH}:/home/future/Documents/Robot/nav_ws/install/show_urdf:/home/future/Documents/Robot/nav_ws/install/serial_bridge:/home/future/Documents/Robot/nav_ws/install/ros_tcp_endpoint:/home/future/Documents/Robot/nav_ws/install/remove_obstacle:/home/future/Documents/Robot/nav_ws/install/keyboard_control:/opt/ros/humble CONDA_PROMPT_MODIFIER=(base) /usr/bin/cmake --build /home/future/Documents/pengyh/RobotAD_ws/build/robot_hardware -- -j24 -l24
[0.102s] [35m[1mConsolidate compiler generated dependencies of target robot_hardware_interface[0m
[0.118s] [  8%] Built target robot_hardware__rosidl_generator_c
[0.119s] [ 11%] Built target robot_hardware__cpp
[0.137s] [ 11%] Built target ament_cmake_python_symlink_robot_hardware
[0.144s] [ 14%] [32mBuilding CXX object CMakeFiles/robot_hardware_interface.dir/src/robot_hardware_interface.cpp.o[0m
[0.164s] [ 22%] Built target robot_hardware__rosidl_typesupport_c
[0.166s] [ 31%] Built target robot_hardware__rosidl_typesupport_fastrtps_c
[0.166s] [ 40%] Built target robot_hardware__rosidl_typesupport_introspection_cpp
[0.171s] [ 48%] Built target robot_hardware__rosidl_typesupport_introspection_c
[0.174s] [ 57%] Built target robot_hardware__rosidl_typesupport_fastrtps_cpp
[0.175s] [ 65%] Built target robot_hardware__rosidl_typesupport_cpp
[0.200s] [ 65%] Built target robot_hardware
[0.218s] [ 68%] Built target robot_hardware__py
[0.240s] [ 74%] Built target robot_hardware__rosidl_generator_py
[0.262s] [ 80%] Built target robot_hardware__rosidl_typesupport_c__pyext
[0.264s] [ 85%] Built target robot_hardware__rosidl_typesupport_introspection_c__pyext
[0.264s] [ 91%] Built target robot_hardware__rosidl_typesupport_fastrtps_c__pyext
[0.350s] running egg_info
[0.350s] writing robot_hardware.egg-info/PKG-INFO
[0.350s] writing dependency_links to robot_hardware.egg-info/dependency_links.txt
[0.350s] writing top-level names to robot_hardware.egg-info/top_level.txt
[0.353s] reading manifest file 'robot_hardware.egg-info/SOURCES.txt'
[0.354s] writing manifest file 'robot_hardware.egg-info/SOURCES.txt'
[0.375s] [ 91%] Built target ament_cmake_python_build_robot_hardware_egg
[2.568s] [ 94%] [32m[1mLinking CXX shared library librobot_hardware_interface.so[0m
[2.820s] [ 94%] Built target robot_hardware_interface
[2.833s] [35m[1mConsolidate compiler generated dependencies of target hardware_manager[0m
[2.847s] [ 97%] [32m[1mLinking CXX executable hardware_manager[0m
[3.778s] /usr/bin/ld: /usr/lib/gcc/x86_64-linux-gnu/12/../../../x86_64-linux-gnu/Scrt1.o: in function `_start':
[3.778s] (.text+0x1b): undefined reference to `main'
[3.780s] collect2: error: ld returned 1 exit status
[3.782s] gmake[2]: *** [CMakeFiles/hardware_manager.dir/build.make:345: hardware_manager] Error 1
[3.782s] gmake[1]: *** [CMakeFiles/Makefile2:622: CMakeFiles/hardware_manager.dir/all] Error 2
[3.782s] gmake: *** [Makefile:146: all] Error 2
[3.784s] Invoked command in '/home/future/Documents/pengyh/RobotAD_ws/build/robot_hardware' returned '2': CMAKE_PREFIX_PATH=${CMAKE_PREFIX_PATH}:/home/future/Documents/Robot/nav_ws/install/show_urdf:/home/future/Documents/Robot/nav_ws/install/serial_bridge:/home/future/Documents/Robot/nav_ws/install/ros_tcp_endpoint:/home/future/Documents/Robot/nav_ws/install/remove_obstacle:/home/future/Documents/Robot/nav_ws/install/keyboard_control:/opt/ros/humble CONDA_PROMPT_MODIFIER=(base) /usr/bin/cmake --build /home/future/Documents/pengyh/RobotAD_ws/build/robot_hardware -- -j24 -l24
