[0.025s] Invoking command in '/home/future/Documents/pengyh/RobotAD_ws/build/robot_hardware': CMAKE_PREFIX_PATH=${CMAKE_PREFIX_PATH}:/opt/ros/humble /usr/bin/cmake --build /home/future/Documents/pengyh/RobotAD_ws/build/robot_hardware -- -j24 -l24
[0.061s] [  9%] Built target robot_hardware__rosidl_generator_c
[0.065s] [ 12%] Built target robot_hardware__cpp
[0.068s] [ 12%] Built target ament_cmake_python_copy_robot_hardware
[0.079s] [ 21%] Built target robot_hardware__rosidl_typesupport_introspection_c
[0.080s] [ 36%] Built target robot_hardware__rosidl_typesupport_fastrtps_c
[0.081s] [ 39%] Built target robot_hardware__rosidl_typesupport_c
[0.084s] [ 57%] Built target robot_hardware__rosidl_typesupport_fastrtps_cpp
[0.084s] [ 57%] Built target robot_hardware__rosidl_typesupport_introspection_cpp
[0.084s] [ 66%] Built target robot_hardware__rosidl_typesupport_cpp
[0.097s] [ 66%] Built target robot_hardware
[0.102s] [ 72%] Built target hardware_manager
[0.112s] [ 75%] Built target robot_hardware__py
[0.129s] [ 81%] Built target robot_hardware__rosidl_generator_py
[0.142s] [ 87%] Built target robot_hardware__rosidl_typesupport_introspection_c__pyext
[0.145s] [ 93%] Built target robot_hardware__rosidl_typesupport_fastrtps_c__pyext
[0.146s] [100%] Built target robot_hardware__rosidl_typesupport_c__pyext
[0.240s] running egg_info
[0.240s] writing robot_hardware.egg-info/PKG-INFO
[0.240s] writing dependency_links to robot_hardware.egg-info/dependency_links.txt
[0.240s] writing top-level names to robot_hardware.egg-info/top_level.txt
[0.242s] reading manifest file 'robot_hardware.egg-info/SOURCES.txt'
[0.242s] writing manifest file 'robot_hardware.egg-info/SOURCES.txt'
[0.260s] [100%] Built target ament_cmake_python_build_robot_hardware_egg
