[0.026s] Invoking command in '/home/pengyh/documents/ros2_ws/RobotAD/build/robot_hardware': CMAKE_PREFIX_PATH=${CMAKE_PREFIX_PATH}:/opt/ros/humble CONDA_PROMPT_MODIFIER=(base) /usr/bin/cmake --build /home/pengyh/documents/ros2_ws/RobotAD/build/robot_hardware -- -j24 -l24
[0.056s] [35m[1mConsolidate compiler generated dependencies of target robot_hardware__rosidl_generator_c[0m
[0.060s] [  2%] Built target robot_hardware__cpp
[0.063s] [  2%] Built target ament_cmake_python_symlink_robot_hardware
[0.064s] [ 12%] Built target robot_hardware__rosidl_generator_c
[0.069s] [35m[1mConsolidate compiler generated dependencies of target robot_hardware__rosidl_typesupport_cpp[0m
[0.070s] [35m[1mConsolidate compiler generated dependencies of target robot_hardware__rosidl_typesupport_fastrtps_cpp[0m
[0.071s] [35m[1mConsolidate compiler generated dependencies of target robot_hardware__rosidl_typesupport_introspection_cpp[0m
[0.071s] [35m[1mConsolidate compiler generated dependencies of target robot_hardware__rosidl_typesupport_fastrtps_c[0m
[0.072s] [35m[1mConsolidate compiler generated dependencies of target robot_hardware__rosidl_typesupport_c[0m
[0.073s] [35m[1mConsolidate compiler generated dependencies of target robot_hardware__rosidl_typesupport_introspection_c[0m
[0.078s] [ 21%] Built target robot_hardware__rosidl_typesupport_fastrtps_cpp
[0.079s] [ 31%] Built target robot_hardware__rosidl_typesupport_cpp
[0.080s] [ 41%] Built target robot_hardware__rosidl_typesupport_introspection_cpp
[0.081s] [ 51%] Built target robot_hardware__rosidl_typesupport_c
[0.082s] [ 60%] Built target robot_hardware__rosidl_typesupport_fastrtps_c
[0.084s] [ 70%] Built target robot_hardware__rosidl_typesupport_introspection_c
[0.087s] [35m[1mConsolidate compiler generated dependencies of target hardware_manager[0m
[0.095s] [ 70%] Built target robot_hardware
[0.096s] [ 75%] Built target hardware_manager
[0.109s] [ 78%] Built target robot_hardware__py
[0.117s] [35m[1mConsolidate compiler generated dependencies of target robot_hardware__rosidl_generator_py[0m
[0.124s] [ 85%] Built target robot_hardware__rosidl_generator_py
[0.130s] [35m[1mConsolidate compiler generated dependencies of target robot_hardware__rosidl_typesupport_c__pyext[0m
[0.130s] [35m[1mConsolidate compiler generated dependencies of target robot_hardware__rosidl_typesupport_introspection_c__pyext[0m
[0.130s] [35m[1mConsolidate compiler generated dependencies of target robot_hardware__rosidl_typesupport_fastrtps_c__pyext[0m
[0.136s] [ 90%] Built target robot_hardware__rosidl_typesupport_c__pyext
[0.138s] [ 95%] Built target robot_hardware__rosidl_typesupport_introspection_c__pyext
[0.138s] [100%] Built target robot_hardware__rosidl_typesupport_fastrtps_c__pyext
[0.249s] running egg_info
[0.264s] writing robot_hardware.egg-info/PKG-INFO
[0.265s] writing dependency_links to robot_hardware.egg-info/dependency_links.txt
[0.265s] writing top-level names to robot_hardware.egg-info/top_level.txt
[0.311s] reading manifest file 'robot_hardware.egg-info/SOURCES.txt'
[0.311s] writing manifest file 'robot_hardware.egg-info/SOURCES.txt'
[0.330s] [100%] Built target ament_cmake_python_build_robot_hardware_egg
[0.336s] Invoked command in '/home/pengyh/documents/ros2_ws/RobotAD/build/robot_hardware' returned '0': CMAKE_PREFIX_PATH=${CMAKE_PREFIX_PATH}:/opt/ros/humble CONDA_PROMPT_MODIFIER=(base) /usr/bin/cmake --build /home/pengyh/documents/ros2_ws/RobotAD/build/robot_hardware -- -j24 -l24
[0.338s] Invoking command in '/home/pengyh/documents/ros2_ws/RobotAD/build/robot_hardware': CMAKE_PREFIX_PATH=${CMAKE_PREFIX_PATH}:/opt/ros/humble CONDA_PROMPT_MODIFIER=(base) /usr/bin/cmake --install /home/pengyh/documents/ros2_ws/RobotAD/build/robot_hardware
[0.341s] -- Install configuration: ""
[0.341s] -- Execute custom install script
[0.341s] -- Symlinking: /home/pengyh/documents/ros2_ws/RobotAD/install/robot_hardware/share/ament_index/resource_index/rosidl_interfaces/robot_hardware
[0.348s] -- Symlinking: /home/pengyh/documents/ros2_ws/RobotAD/install/robot_hardware/include/robot_hardware/robot_hardware/msg/detail/hardware_data__functions.h
[0.352s] -- Symlinking: /home/pengyh/documents/ros2_ws/RobotAD/install/robot_hardware/include/robot_hardware/robot_hardware/msg/detail/hardware_data__struct.h
[0.357s] -- Symlinking: /home/pengyh/documents/ros2_ws/RobotAD/install/robot_hardware/include/robot_hardware/robot_hardware/msg/detail/hardware_data__type_support.h
[0.362s] -- Symlinking: /home/pengyh/documents/ros2_ws/RobotAD/install/robot_hardware/include/robot_hardware/robot_hardware/msg/detail/motor_data__functions.h
[0.366s] -- Symlinking: /home/pengyh/documents/ros2_ws/RobotAD/install/robot_hardware/include/robot_hardware/robot_hardware/msg/detail/motor_data__struct.h
[0.371s] -- Symlinking: /home/pengyh/documents/ros2_ws/RobotAD/install/robot_hardware/include/robot_hardware/robot_hardware/msg/detail/motor_data__type_support.h
[0.378s] -- Symlinking: /home/pengyh/documents/ros2_ws/RobotAD/install/robot_hardware/include/robot_hardware/robot_hardware/msg/hardware_data.h
[0.382s] -- Symlinking: /home/pengyh/documents/ros2_ws/RobotAD/install/robot_hardware/include/robot_hardware/robot_hardware/msg/motor_data.h
[0.387s] -- Symlinking: /home/pengyh/documents/ros2_ws/RobotAD/install/robot_hardware/include/robot_hardware/robot_hardware/msg/rosidl_generator_c__visibility_control.h
[0.393s] -- Symlinking: /home/pengyh/documents/ros2_ws/RobotAD/install/robot_hardware/share/robot_hardware/environment/library_path.sh
[0.398s] -- Symlinking: /home/pengyh/documents/ros2_ws/RobotAD/install/robot_hardware/share/robot_hardware/environment/library_path.dsv
[0.404s] -- Symlinking: /home/pengyh/documents/ros2_ws/RobotAD/install/robot_hardware/include/robot_hardware/robot_hardware/msg/detail/hardware_data__rosidl_typesupport_fastrtps_c.h
[0.408s] -- Symlinking: /home/pengyh/documents/ros2_ws/RobotAD/install/robot_hardware/include/robot_hardware/robot_hardware/msg/detail/motor_data__rosidl_typesupport_fastrtps_c.h
[0.415s] -- Symlinking: /home/pengyh/documents/ros2_ws/RobotAD/install/robot_hardware/include/robot_hardware/robot_hardware/msg/rosidl_typesupport_fastrtps_c__visibility_control.h
[0.419s] -- Symlinking: /home/pengyh/documents/ros2_ws/RobotAD/install/robot_hardware/include/robot_hardware/robot_hardware/msg/detail/hardware_data__builder.hpp
[0.423s] -- Symlinking: /home/pengyh/documents/ros2_ws/RobotAD/install/robot_hardware/include/robot_hardware/robot_hardware/msg/detail/hardware_data__struct.hpp
[0.427s] -- Symlinking: /home/pengyh/documents/ros2_ws/RobotAD/install/robot_hardware/include/robot_hardware/robot_hardware/msg/detail/hardware_data__traits.hpp
[0.433s] -- Symlinking: /home/pengyh/documents/ros2_ws/RobotAD/install/robot_hardware/include/robot_hardware/robot_hardware/msg/detail/hardware_data__type_support.hpp
[0.439s] -- Symlinking: /home/pengyh/documents/ros2_ws/RobotAD/install/robot_hardware/include/robot_hardware/robot_hardware/msg/detail/motor_data__builder.hpp
[0.444s] -- Symlinking: /home/pengyh/documents/ros2_ws/RobotAD/install/robot_hardware/include/robot_hardware/robot_hardware/msg/detail/motor_data__struct.hpp
[0.449s] -- Symlinking: /home/pengyh/documents/ros2_ws/RobotAD/install/robot_hardware/include/robot_hardware/robot_hardware/msg/detail/motor_data__traits.hpp
[0.454s] -- Symlinking: /home/pengyh/documents/ros2_ws/RobotAD/install/robot_hardware/include/robot_hardware/robot_hardware/msg/detail/motor_data__type_support.hpp
[0.458s] -- Symlinking: /home/pengyh/documents/ros2_ws/RobotAD/install/robot_hardware/include/robot_hardware/robot_hardware/msg/hardware_data.hpp
[0.463s] -- Symlinking: /home/pengyh/documents/ros2_ws/RobotAD/install/robot_hardware/include/robot_hardware/robot_hardware/msg/motor_data.hpp
[0.467s] -- Symlinking: /home/pengyh/documents/ros2_ws/RobotAD/install/robot_hardware/include/robot_hardware/robot_hardware/msg/rosidl_generator_cpp__visibility_control.hpp
[0.472s] -- Symlinking: /home/pengyh/documents/ros2_ws/RobotAD/install/robot_hardware/include/robot_hardware/robot_hardware/msg/detail/hardware_data__rosidl_typesupport_fastrtps_cpp.hpp
[0.477s] -- Symlinking: /home/pengyh/documents/ros2_ws/RobotAD/install/robot_hardware/include/robot_hardware/robot_hardware/msg/detail/motor_data__rosidl_typesupport_fastrtps_cpp.hpp
[0.482s] -- Symlinking: /home/pengyh/documents/ros2_ws/RobotAD/install/robot_hardware/include/robot_hardware/robot_hardware/msg/rosidl_typesupport_fastrtps_cpp__visibility_control.h
[0.488s] -- Symlinking: /home/pengyh/documents/ros2_ws/RobotAD/install/robot_hardware/include/robot_hardware/robot_hardware/msg/detail/hardware_data__rosidl_typesupport_introspection_c.h
[0.493s] -- Symlinking: /home/pengyh/documents/ros2_ws/RobotAD/install/robot_hardware/include/robot_hardware/robot_hardware/msg/detail/motor_data__rosidl_typesupport_introspection_c.h
[0.497s] -- Symlinking: /home/pengyh/documents/ros2_ws/RobotAD/install/robot_hardware/include/robot_hardware/robot_hardware/msg/rosidl_typesupport_introspection_c__visibility_control.h
[0.502s] -- Symlinking: /home/pengyh/documents/ros2_ws/RobotAD/install/robot_hardware/include/robot_hardware/robot_hardware/msg/detail/hardware_data__rosidl_typesupport_introspection_cpp.hpp
[0.507s] -- Symlinking: /home/pengyh/documents/ros2_ws/RobotAD/install/robot_hardware/include/robot_hardware/robot_hardware/msg/detail/motor_data__rosidl_typesupport_introspection_cpp.hpp
[0.512s] -- Symlinking: /home/pengyh/documents/ros2_ws/RobotAD/install/robot_hardware/share/robot_hardware/environment/pythonpath.sh
[0.516s] -- Symlinking: /home/pengyh/documents/ros2_ws/RobotAD/install/robot_hardware/share/robot_hardware/environment/pythonpath.dsv
[0.520s] -- Symlinking: /home/pengyh/documents/ros2_ws/RobotAD/install/robot_hardware/lib/python3.12/site-packages/robot_hardware-0.0.1-py3.12.egg-info/PKG-INFO
[0.526s] -- Symlinking: /home/pengyh/documents/ros2_ws/RobotAD/install/robot_hardware/lib/python3.12/site-packages/robot_hardware-0.0.1-py3.12.egg-info/SOURCES.txt
[0.531s] -- Symlinking: /home/pengyh/documents/ros2_ws/RobotAD/install/robot_hardware/lib/python3.12/site-packages/robot_hardware-0.0.1-py3.12.egg-info/dependency_links.txt
[0.535s] -- Symlinking: /home/pengyh/documents/ros2_ws/RobotAD/install/robot_hardware/lib/python3.12/site-packages/robot_hardware-0.0.1-py3.12.egg-info/top_level.txt
[0.540s] -- Symlinking: /home/pengyh/documents/ros2_ws/RobotAD/install/robot_hardware/lib/python3.12/site-packages/robot_hardware/__init__.py
[0.546s] -- Symlinking: /home/pengyh/documents/ros2_ws/RobotAD/install/robot_hardware/lib/python3.12/site-packages/robot_hardware/_robot_hardware_s.ep.rosidl_typesupport_c.c
[0.551s] -- Symlinking: /home/pengyh/documents/ros2_ws/RobotAD/install/robot_hardware/lib/python3.12/site-packages/robot_hardware/_robot_hardware_s.ep.rosidl_typesupport_fastrtps_c.c
[0.557s] -- Symlinking: /home/pengyh/documents/ros2_ws/RobotAD/install/robot_hardware/lib/python3.12/site-packages/robot_hardware/_robot_hardware_s.ep.rosidl_typesupport_introspection_c.c
[0.561s] -- Symlinking: /home/pengyh/documents/ros2_ws/RobotAD/install/robot_hardware/lib/python3.12/site-packages/robot_hardware/librobot_hardware__rosidl_generator_py.so
[0.567s] -- Symlinking: /home/pengyh/documents/ros2_ws/RobotAD/install/robot_hardware/lib/python3.12/site-packages/robot_hardware/msg/__init__.py
[0.572s] -- Symlinking: /home/pengyh/documents/ros2_ws/RobotAD/install/robot_hardware/lib/python3.12/site-packages/robot_hardware/msg/_hardware_data.py
[0.578s] -- Symlinking: /home/pengyh/documents/ros2_ws/RobotAD/install/robot_hardware/lib/python3.12/site-packages/robot_hardware/msg/_hardware_data_s.c
[0.582s] -- Symlinking: /home/pengyh/documents/ros2_ws/RobotAD/install/robot_hardware/lib/python3.12/site-packages/robot_hardware/msg/_motor_data.py
[0.587s] -- Symlinking: /home/pengyh/documents/ros2_ws/RobotAD/install/robot_hardware/lib/python3.12/site-packages/robot_hardware/msg/_motor_data_s.c
[0.591s] -- Symlinking: /home/pengyh/documents/ros2_ws/RobotAD/install/robot_hardware/lib/python3.12/site-packages/robot_hardware/robot_hardware_s__rosidl_typesupport_c.cpython-312-x86_64-linux-gnu.so
[0.596s] -- Symlinking: /home/pengyh/documents/ros2_ws/RobotAD/install/robot_hardware/lib/python3.12/site-packages/robot_hardware/robot_hardware_s__rosidl_typesupport_fastrtps_c.cpython-312-x86_64-linux-gnu.so
[0.600s] -- Symlinking: /home/pengyh/documents/ros2_ws/RobotAD/install/robot_hardware/lib/python3.12/site-packages/robot_hardware/robot_hardware_s__rosidl_typesupport_introspection_c.cpython-312-x86_64-linux-gnu.so
[0.606s] -- Up-to-date symlink: /home/pengyh/documents/ros2_ws/RobotAD/install/robot_hardware/lib/python3.12/site-packages/robot_hardware/robot_hardware_s__rosidl_typesupport_fastrtps_c.cpython-312-x86_64-linux-gnu.so
[0.606s] -- Up-to-date symlink: /home/pengyh/documents/ros2_ws/RobotAD/install/robot_hardware/lib/python3.12/site-packages/robot_hardware/robot_hardware_s__rosidl_typesupport_introspection_c.cpython-312-x86_64-linux-gnu.so
[0.607s] -- Up-to-date symlink: /home/pengyh/documents/ros2_ws/RobotAD/install/robot_hardware/lib/python3.12/site-packages/robot_hardware/robot_hardware_s__rosidl_typesupport_c.cpython-312-x86_64-linux-gnu.so
[0.607s] -- Symlinking: /home/pengyh/documents/ros2_ws/RobotAD/install/robot_hardware/share/robot_hardware/msg/HardwareData.idl
[0.613s] -- Symlinking: /home/pengyh/documents/ros2_ws/RobotAD/install/robot_hardware/share/robot_hardware/msg/MotorData.idl
[0.617s] -- Symlinking: /home/pengyh/documents/ros2_ws/RobotAD/install/robot_hardware/share/robot_hardware/msg/HardwareData.msg
[0.623s] -- Symlinking: /home/pengyh/documents/ros2_ws/RobotAD/install/robot_hardware/share/robot_hardware/msg/MotorData.msg
[0.629s] -- Symlinking: /home/pengyh/documents/ros2_ws/RobotAD/install/robot_hardware/lib/robot_hardware/hardware_manager
[0.634s] -- Symlinking: /home/pengyh/documents/ros2_ws/RobotAD/install/robot_hardware/include/hardware_bridge_interface.hpp
[0.639s] -- Symlinking: /home/pengyh/documents/ros2_ws/RobotAD/install/robot_hardware/include/hardware_manager.hpp
[0.645s] -- Symlinking: /home/pengyh/documents/ros2_ws/RobotAD/install/robot_hardware/include/wheel.hpp
[0.649s] -- Symlinking: /home/pengyh/documents/ros2_ws/RobotAD/install/robot_hardware/share/robot_hardware/msg/msg/HardwareData.msg
[0.654s] -- Symlinking: /home/pengyh/documents/ros2_ws/RobotAD/install/robot_hardware/share/robot_hardware/msg/msg/MotorData.msg
[0.659s] -- Symlinking: /home/pengyh/documents/ros2_ws/RobotAD/install/robot_hardware/share/ament_index/resource_index/package_run_dependencies/robot_hardware
[0.664s] -- Symlinking: /home/pengyh/documents/ros2_ws/RobotAD/install/robot_hardware/share/ament_index/resource_index/parent_prefix_path/robot_hardware
[0.670s] -- Symlinking: /home/pengyh/documents/ros2_ws/RobotAD/install/robot_hardware/share/robot_hardware/environment/ament_prefix_path.sh
[0.675s] -- Symlinking: /home/pengyh/documents/ros2_ws/RobotAD/install/robot_hardware/share/robot_hardware/environment/ament_prefix_path.dsv
[0.679s] -- Symlinking: /home/pengyh/documents/ros2_ws/RobotAD/install/robot_hardware/share/robot_hardware/environment/path.sh
[0.684s] -- Symlinking: /home/pengyh/documents/ros2_ws/RobotAD/install/robot_hardware/share/robot_hardware/environment/path.dsv
[0.688s] -- Symlinking: /home/pengyh/documents/ros2_ws/RobotAD/install/robot_hardware/share/robot_hardware/local_setup.bash
[0.693s] -- Symlinking: /home/pengyh/documents/ros2_ws/RobotAD/install/robot_hardware/share/robot_hardware/local_setup.sh
[0.697s] -- Symlinking: /home/pengyh/documents/ros2_ws/RobotAD/install/robot_hardware/share/robot_hardware/local_setup.zsh
[0.702s] -- Symlinking: /home/pengyh/documents/ros2_ws/RobotAD/install/robot_hardware/share/robot_hardware/local_setup.dsv
[0.707s] -- Symlinking: /home/pengyh/documents/ros2_ws/RobotAD/install/robot_hardware/share/robot_hardware/package.dsv
[0.713s] -- Symlinking: /home/pengyh/documents/ros2_ws/RobotAD/install/robot_hardware/share/ament_index/resource_index/packages/robot_hardware
[0.717s] -- Symlinking: /home/pengyh/documents/ros2_ws/RobotAD/install/robot_hardware/share/robot_hardware/cmake/rosidl_cmake-extras.cmake
[0.722s] -- Symlinking: /home/pengyh/documents/ros2_ws/RobotAD/install/robot_hardware/share/robot_hardware/cmake/ament_cmake_export_dependencies-extras.cmake
[0.726s] -- Symlinking: /home/pengyh/documents/ros2_ws/RobotAD/install/robot_hardware/share/robot_hardware/cmake/ament_cmake_export_include_directories-extras.cmake
[0.731s] -- Symlinking: /home/pengyh/documents/ros2_ws/RobotAD/install/robot_hardware/share/robot_hardware/cmake/ament_cmake_export_libraries-extras.cmake
[0.735s] -- Symlinking: /home/pengyh/documents/ros2_ws/RobotAD/install/robot_hardware/share/robot_hardware/cmake/ament_cmake_export_targets-extras.cmake
[0.741s] -- Symlinking: /home/pengyh/documents/ros2_ws/RobotAD/install/robot_hardware/share/robot_hardware/cmake/rosidl_cmake_export_typesupport_targets-extras.cmake
[0.746s] -- Symlinking: /home/pengyh/documents/ros2_ws/RobotAD/install/robot_hardware/share/robot_hardware/cmake/rosidl_cmake_export_typesupport_libraries-extras.cmake
[0.751s] -- Symlinking: /home/pengyh/documents/ros2_ws/RobotAD/install/robot_hardware/share/robot_hardware/cmake/robot_hardwareConfig.cmake
[0.755s] -- Symlinking: /home/pengyh/documents/ros2_ws/RobotAD/install/robot_hardware/share/robot_hardware/cmake/robot_hardwareConfig-version.cmake
[0.759s] -- Symlinking: /home/pengyh/documents/ros2_ws/RobotAD/install/robot_hardware/share/robot_hardware/package.xml
[0.763s] -- Installing: /home/pengyh/documents/ros2_ws/RobotAD/install/robot_hardware/lib/librobot_hardware__rosidl_generator_c.so
[0.763s] -- Set runtime path of "/home/pengyh/documents/ros2_ws/RobotAD/install/robot_hardware/lib/librobot_hardware__rosidl_generator_c.so" to ""
[0.764s] -- Installing: /home/pengyh/documents/ros2_ws/RobotAD/install/robot_hardware/lib/librobot_hardware__rosidl_typesupport_fastrtps_c.so
[0.764s] -- Set runtime path of "/home/pengyh/documents/ros2_ws/RobotAD/install/robot_hardware/lib/librobot_hardware__rosidl_typesupport_fastrtps_c.so" to ""
[0.764s] -- Installing: /home/pengyh/documents/ros2_ws/RobotAD/install/robot_hardware/lib/librobot_hardware__rosidl_typesupport_fastrtps_cpp.so
[0.764s] -- Set runtime path of "/home/pengyh/documents/ros2_ws/RobotAD/install/robot_hardware/lib/librobot_hardware__rosidl_typesupport_fastrtps_cpp.so" to ""
[0.764s] -- Installing: /home/pengyh/documents/ros2_ws/RobotAD/install/robot_hardware/lib/librobot_hardware__rosidl_typesupport_introspection_c.so
[0.764s] -- Set runtime path of "/home/pengyh/documents/ros2_ws/RobotAD/install/robot_hardware/lib/librobot_hardware__rosidl_typesupport_introspection_c.so" to ""
[0.764s] -- Installing: /home/pengyh/documents/ros2_ws/RobotAD/install/robot_hardware/lib/librobot_hardware__rosidl_typesupport_c.so
[0.764s] -- Set runtime path of "/home/pengyh/documents/ros2_ws/RobotAD/install/robot_hardware/lib/librobot_hardware__rosidl_typesupport_c.so" to ""
[0.764s] -- Installing: /home/pengyh/documents/ros2_ws/RobotAD/install/robot_hardware/lib/librobot_hardware__rosidl_typesupport_introspection_cpp.so
[0.764s] -- Set runtime path of "/home/pengyh/documents/ros2_ws/RobotAD/install/robot_hardware/lib/librobot_hardware__rosidl_typesupport_introspection_cpp.so" to ""
[0.764s] -- Installing: /home/pengyh/documents/ros2_ws/RobotAD/install/robot_hardware/lib/librobot_hardware__rosidl_typesupport_cpp.so
[0.764s] -- Set runtime path of "/home/pengyh/documents/ros2_ws/RobotAD/install/robot_hardware/lib/librobot_hardware__rosidl_typesupport_cpp.so" to ""
[0.791s] Listing '/home/pengyh/documents/ros2_ws/RobotAD/install/robot_hardware/lib/python3.12/site-packages/robot_hardware'...
[0.791s] Compiling '/home/pengyh/documents/ros2_ws/RobotAD/install/robot_hardware/lib/python3.12/site-packages/robot_hardware/__init__.py'...
[0.791s] Listing '/home/pengyh/documents/ros2_ws/RobotAD/install/robot_hardware/lib/python3.12/site-packages/robot_hardware/msg'...
[0.791s] Compiling '/home/pengyh/documents/ros2_ws/RobotAD/install/robot_hardware/lib/python3.12/site-packages/robot_hardware/msg/__init__.py'...
[0.791s] Compiling '/home/pengyh/documents/ros2_ws/RobotAD/install/robot_hardware/lib/python3.12/site-packages/robot_hardware/msg/_hardware_data.py'...
[0.791s] Compiling '/home/pengyh/documents/ros2_ws/RobotAD/install/robot_hardware/lib/python3.12/site-packages/robot_hardware/msg/_motor_data.py'...
[0.794s] -- Installing: /home/pengyh/documents/ros2_ws/RobotAD/install/robot_hardware/lib/librobot_hardware__rosidl_generator_py.so
[0.794s] -- Set runtime path of "/home/pengyh/documents/ros2_ws/RobotAD/install/robot_hardware/lib/librobot_hardware__rosidl_generator_py.so" to ""
[0.794s] -- Installing: /home/pengyh/documents/ros2_ws/RobotAD/install/robot_hardware/share/robot_hardware/cmake/export_robot_hardware__rosidl_generator_cExport.cmake
[0.794s] -- Installing: /home/pengyh/documents/ros2_ws/RobotAD/install/robot_hardware/share/robot_hardware/cmake/export_robot_hardware__rosidl_generator_cExport-noconfig.cmake
[0.794s] -- Installing: /home/pengyh/documents/ros2_ws/RobotAD/install/robot_hardware/share/robot_hardware/cmake/export_robot_hardware__rosidl_typesupport_fastrtps_cExport.cmake
[0.794s] -- Installing: /home/pengyh/documents/ros2_ws/RobotAD/install/robot_hardware/share/robot_hardware/cmake/export_robot_hardware__rosidl_typesupport_fastrtps_cExport-noconfig.cmake
[0.794s] -- Installing: /home/pengyh/documents/ros2_ws/RobotAD/install/robot_hardware/share/robot_hardware/cmake/export_robot_hardware__rosidl_generator_cppExport.cmake
[0.794s] -- Installing: /home/pengyh/documents/ros2_ws/RobotAD/install/robot_hardware/share/robot_hardware/cmake/export_robot_hardware__rosidl_typesupport_fastrtps_cppExport.cmake
[0.794s] -- Installing: /home/pengyh/documents/ros2_ws/RobotAD/install/robot_hardware/share/robot_hardware/cmake/export_robot_hardware__rosidl_typesupport_fastrtps_cppExport-noconfig.cmake
[0.794s] -- Installing: /home/pengyh/documents/ros2_ws/RobotAD/install/robot_hardware/share/robot_hardware/cmake/robot_hardware__rosidl_typesupport_introspection_cExport.cmake
[0.794s] -- Installing: /home/pengyh/documents/ros2_ws/RobotAD/install/robot_hardware/share/robot_hardware/cmake/robot_hardware__rosidl_typesupport_introspection_cExport-noconfig.cmake
[0.794s] -- Installing: /home/pengyh/documents/ros2_ws/RobotAD/install/robot_hardware/share/robot_hardware/cmake/robot_hardware__rosidl_typesupport_cExport.cmake
[0.794s] -- Installing: /home/pengyh/documents/ros2_ws/RobotAD/install/robot_hardware/share/robot_hardware/cmake/robot_hardware__rosidl_typesupport_cExport-noconfig.cmake
[0.794s] -- Installing: /home/pengyh/documents/ros2_ws/RobotAD/install/robot_hardware/share/robot_hardware/cmake/robot_hardware__rosidl_typesupport_introspection_cppExport.cmake
[0.794s] -- Installing: /home/pengyh/documents/ros2_ws/RobotAD/install/robot_hardware/share/robot_hardware/cmake/robot_hardware__rosidl_typesupport_introspection_cppExport-noconfig.cmake
[0.794s] -- Installing: /home/pengyh/documents/ros2_ws/RobotAD/install/robot_hardware/share/robot_hardware/cmake/robot_hardware__rosidl_typesupport_cppExport.cmake
[0.794s] -- Installing: /home/pengyh/documents/ros2_ws/RobotAD/install/robot_hardware/share/robot_hardware/cmake/robot_hardware__rosidl_typesupport_cppExport-noconfig.cmake
[0.794s] -- Installing: /home/pengyh/documents/ros2_ws/RobotAD/install/robot_hardware/share/robot_hardware/cmake/export_robot_hardware__rosidl_generator_pyExport.cmake
[0.794s] -- Installing: /home/pengyh/documents/ros2_ws/RobotAD/install/robot_hardware/share/robot_hardware/cmake/export_robot_hardware__rosidl_generator_pyExport-noconfig.cmake
