[0.034s] Invoking command in '/home/pengyh/documents/ros2_ws/RobotAD/build/pointcloud_to_laserscan': CMAKE_PREFIX_PATH=${CMAKE_PREFIX_PATH}:/opt/ros/humble /usr/bin/cmake --build /home/pengyh/documents/ros2_ws/RobotAD/build/pointcloud_to_laserscan -- -j24 -l24
[0.104s] [ 16%] Built target laserscan_to_pointcloud
[0.104s] [ 33%] Built target pointcloud_to_laserscan_node
[0.105s] [ 50%] Built target laserscan_to_pointcloud_node
[0.144s] [ 66%] Built target pointcloud_to_laserscan
[0.169s] [ 83%] Built target sub_laser_node
[0.176s] [100%] Built target dummy_pointcloud_publisher
[0.246s] Invoked command in '/home/pengyh/documents/ros2_ws/RobotAD/build/pointcloud_to_laserscan' returned '0': CMAKE_PREFIX_PATH=${CMAKE_PREFIX_PATH}:/opt/ros/humble /usr/bin/cmake --build /home/pengyh/documents/ros2_ws/RobotAD/build/pointcloud_to_laserscan -- -j24 -l24
[0.247s] Invoking command in '/home/pengyh/documents/ros2_ws/RobotAD/build/pointcloud_to_laserscan': CMAKE_PREFIX_PATH=${CMAKE_PREFIX_PATH}:/opt/ros/humble /usr/bin/cmake --install /home/pengyh/documents/ros2_ws/RobotAD/build/pointcloud_to_laserscan
[0.256s] -- Install configuration: ""
[0.259s] -- Execute custom install script
[0.259s] -- Up-to-date symlink: /home/pengyh/documents/ros2_ws/RobotAD/install/pointcloud_to_laserscan/lib/pointcloud_to_laserscan/laserscan_to_pointcloud_node
[0.259s] -- Up-to-date symlink: /home/pengyh/documents/ros2_ws/RobotAD/install/pointcloud_to_laserscan/lib/pointcloud_to_laserscan/pointcloud_to_laserscan_node
[0.259s] -- Up-to-date symlink: /home/pengyh/documents/ros2_ws/RobotAD/install/pointcloud_to_laserscan/include/pointcloud_to_laserscan/laserscan_to_pointcloud_node.hpp
[0.260s] -- Up-to-date symlink: /home/pengyh/documents/ros2_ws/RobotAD/install/pointcloud_to_laserscan/include/pointcloud_to_laserscan/pointcloud_to_laserscan_node.hpp
[0.260s] -- Up-to-date symlink: /home/pengyh/documents/ros2_ws/RobotAD/install/pointcloud_to_laserscan/include/pointcloud_to_laserscan/visibility_control.h
[0.260s] -- Up-to-date symlink: /home/pengyh/documents/ros2_ws/RobotAD/install/pointcloud_to_laserscan/share/pointcloud_to_laserscan/environment/library_path.sh
[0.260s] -- Up-to-date symlink: /home/pengyh/documents/ros2_ws/RobotAD/install/pointcloud_to_laserscan/share/pointcloud_to_laserscan/environment/library_path.dsv
[0.260s] -- Up-to-date symlink: /home/pengyh/documents/ros2_ws/RobotAD/install/pointcloud_to_laserscan/lib/liblaserscan_to_pointcloud.so
[0.260s] -- Up-to-date symlink: /home/pengyh/documents/ros2_ws/RobotAD/install/pointcloud_to_laserscan/lib/libpointcloud_to_laserscan.so
[0.261s] -- Up-to-date symlink: /home/pengyh/documents/ros2_ws/RobotAD/install/pointcloud_to_laserscan/lib/pointcloud_to_laserscan/dummy_pointcloud_publisher
[0.261s] -- Up-to-date symlink: /home/pengyh/documents/ros2_ws/RobotAD/install/pointcloud_to_laserscan/lib/pointcloud_to_laserscan/sub_laser_node
[0.262s] -- Up-to-date symlink: /home/pengyh/documents/ros2_ws/RobotAD/install/pointcloud_to_laserscan/share/pointcloud_to_laserscan/launch/sample_laserscan_to_pointcloud_launch.py
[0.263s] -- Up-to-date symlink: /home/pengyh/documents/ros2_ws/RobotAD/install/pointcloud_to_laserscan/share/pointcloud_to_laserscan/launch/sample_pointcloud_to_laserscan_launch.py
[0.265s] -- Up-to-date symlink: /home/pengyh/documents/ros2_ws/RobotAD/install/pointcloud_to_laserscan/share/ament_index/resource_index/package_run_dependencies/pointcloud_to_laserscan
[0.265s] -- Up-to-date symlink: /home/pengyh/documents/ros2_ws/RobotAD/install/pointcloud_to_laserscan/share/ament_index/resource_index/parent_prefix_path/pointcloud_to_laserscan
[0.265s] -- Up-to-date symlink: /home/pengyh/documents/ros2_ws/RobotAD/install/pointcloud_to_laserscan/share/pointcloud_to_laserscan/environment/ament_prefix_path.sh
[0.265s] -- Up-to-date symlink: /home/pengyh/documents/ros2_ws/RobotAD/install/pointcloud_to_laserscan/share/pointcloud_to_laserscan/environment/ament_prefix_path.dsv
[0.266s] -- Up-to-date symlink: /home/pengyh/documents/ros2_ws/RobotAD/install/pointcloud_to_laserscan/share/pointcloud_to_laserscan/environment/path.sh
[0.267s] -- Up-to-date symlink: /home/pengyh/documents/ros2_ws/RobotAD/install/pointcloud_to_laserscan/share/pointcloud_to_laserscan/environment/path.dsv
[0.267s] -- Up-to-date symlink: /home/pengyh/documents/ros2_ws/RobotAD/install/pointcloud_to_laserscan/share/pointcloud_to_laserscan/local_setup.bash
[0.268s] -- Up-to-date symlink: /home/pengyh/documents/ros2_ws/RobotAD/install/pointcloud_to_laserscan/share/pointcloud_to_laserscan/local_setup.sh
[0.268s] -- Up-to-date symlink: /home/pengyh/documents/ros2_ws/RobotAD/install/pointcloud_to_laserscan/share/pointcloud_to_laserscan/local_setup.zsh
[0.269s] -- Up-to-date symlink: /home/pengyh/documents/ros2_ws/RobotAD/install/pointcloud_to_laserscan/share/pointcloud_to_laserscan/local_setup.dsv
[0.269s] -- Symlinking: /home/pengyh/documents/ros2_ws/RobotAD/install/pointcloud_to_laserscan/share/pointcloud_to_laserscan/package.dsv
[0.273s] -- Up-to-date symlink: /home/pengyh/documents/ros2_ws/RobotAD/install/pointcloud_to_laserscan/share/ament_index/resource_index/packages/pointcloud_to_laserscan
[0.274s] -- Up-to-date symlink: /home/pengyh/documents/ros2_ws/RobotAD/install/pointcloud_to_laserscan/share/ament_index/resource_index/rclcpp_components/pointcloud_to_laserscan
[0.274s] -- Up-to-date symlink: /home/pengyh/documents/ros2_ws/RobotAD/install/pointcloud_to_laserscan/share/pointcloud_to_laserscan/cmake/ament_cmake_export_dependencies-extras.cmake
[0.275s] -- Up-to-date symlink: /home/pengyh/documents/ros2_ws/RobotAD/install/pointcloud_to_laserscan/share/pointcloud_to_laserscan/cmake/ament_cmake_export_include_directories-extras.cmake
[0.275s] -- Up-to-date symlink: /home/pengyh/documents/ros2_ws/RobotAD/install/pointcloud_to_laserscan/share/pointcloud_to_laserscan/cmake/ament_cmake_export_libraries-extras.cmake
[0.275s] -- Up-to-date symlink: /home/pengyh/documents/ros2_ws/RobotAD/install/pointcloud_to_laserscan/share/pointcloud_to_laserscan/cmake/pointcloud_to_laserscanConfig.cmake
[0.275s] -- Up-to-date symlink: /home/pengyh/documents/ros2_ws/RobotAD/install/pointcloud_to_laserscan/share/pointcloud_to_laserscan/cmake/pointcloud_to_laserscanConfig-version.cmake
[0.275s] -- Up-to-date symlink: /home/pengyh/documents/ros2_ws/RobotAD/install/pointcloud_to_laserscan/share/pointcloud_to_laserscan/package.xml
[0.283s] Invoked command in '/home/pengyh/documents/ros2_ws/RobotAD/build/pointcloud_to_laserscan' returned '0': CMAKE_PREFIX_PATH=${CMAKE_PREFIX_PATH}:/opt/ros/humble /usr/bin/cmake --install /home/pengyh/documents/ros2_ws/RobotAD/build/pointcloud_to_laserscan
