[0.043s] Invoking command in '/home/pengyh/documents/ros2_ws/RobotAD/build/rslidar_msg': CMAKE_PREFIX_PATH=${CMAKE_PREFIX_PATH}:/opt/ros/humble CONDA_PROMPT_MODIFIER=(base) /usr/bin/cmake --build /home/pengyh/documents/ros2_ws/RobotAD/build/rslidar_msg -- -j24 -l24
[0.090s] [  3%] Built target rslidar_msg__cpp
[0.100s] [ 12%] Built target rslidar_msg__rosidl_generator_c
[0.109s] [ 12%] Built target ament_cmake_python_symlink_rslidar_msg
[0.109s] [35m[1mConsolidate compiler generated dependencies of target rslidar_msg__rosidl_typesupport_introspection_cpp[0m
[0.110s] [35m[1mConsolidate compiler generated dependencies of target rslidar_msg__rosidl_typesupport_fastrtps_cpp[0m
[0.110s] [35m[1mConsolidate compiler generated dependencies of target rslidar_msg__rosidl_typesupport_cpp[0m
[0.127s] [35m[1mConsolidate compiler generated dependencies of target rslidar_msg__rosidl_typesupport_fastrtps_c[0m
[0.131s] [ 22%] Built target rslidar_msg__rosidl_typesupport_introspection_cpp
[0.132s] [ 32%] Built target rslidar_msg__rosidl_typesupport_fastrtps_cpp
[0.144s] [ 41%] Built target rslidar_msg__rosidl_typesupport_c
[0.144s] [ 51%] Built target rslidar_msg__rosidl_typesupport_introspection_c
[0.150s] [ 67%] Built target rslidar_msg__rosidl_typesupport_cpp
[0.151s] [ 70%] Built target rslidar_msg__rosidl_typesupport_fastrtps_c
[0.189s] [ 70%] Built target rslidar_msg
[0.216s] [ 74%] Built target rslidar_msg__py
[0.232s] [35m[1mConsolidate compiler generated dependencies of target rslidar_msg__rosidl_generator_py[0m
[0.253s] [ 80%] Built target rslidar_msg__rosidl_generator_py
[0.270s] [35m[1mConsolidate compiler generated dependencies of target rslidar_msg__rosidl_typesupport_fastrtps_c__pyext[0m
[0.270s] [35m[1mConsolidate compiler generated dependencies of target rslidar_msg__rosidl_typesupport_c__pyext[0m
[0.271s] [35m[1mConsolidate compiler generated dependencies of target rslidar_msg__rosidl_typesupport_introspection_c__pyext[0m
[0.287s] [ 87%] Built target rslidar_msg__rosidl_typesupport_fastrtps_c__pyext
[0.289s] [ 93%] Built target rslidar_msg__rosidl_typesupport_c__pyext
[0.303s] [100%] Built target rslidar_msg__rosidl_typesupport_introspection_c__pyext
[0.437s] running egg_info
[0.438s] writing rslidar_msg.egg-info/PKG-INFO
[0.439s] writing dependency_links to rslidar_msg.egg-info/dependency_links.txt
[0.439s] writing top-level names to rslidar_msg.egg-info/top_level.txt
[0.442s] reading manifest file 'rslidar_msg.egg-info/SOURCES.txt'
[0.442s] writing manifest file 'rslidar_msg.egg-info/SOURCES.txt'
[0.478s] [100%] Built target ament_cmake_python_build_rslidar_msg_egg
