[0.026s] Invoking command in '/home/future/Documents/pengyh/RobotAD_ws/build/robot_hardware': CMAKE_PREFIX_PATH=${CMAKE_PREFIX_PATH}:/opt/ros/humble /usr/bin/cmake --build /home/future/Documents/pengyh/RobotAD_ws/build/robot_hardware -- -j24 -l24
[0.059s] [  2%] Built target robot_hardware__cpp
[0.065s] [ 12%] Built target robot_hardware__rosidl_generator_c
[0.074s] [ 12%] Built target ament_cmake_python_copy_robot_hardware
[0.081s] [ 21%] Built target robot_hardware__rosidl_typesupport_introspection_cpp
[0.083s] [ 31%] Built target robot_hardware__rosidl_typesupport_cpp
[0.083s] [ 41%] Built target robot_hardware__rosidl_typesupport_fastrtps_cpp
[0.084s] [ 51%] Built target robot_hardware__rosidl_typesupport_fastrtps_c
[0.086s] [ 60%] Built target robot_hardware__rosidl_typesupport_c
[0.088s] [ 70%] Built target robot_hardware__rosidl_typesupport_introspection_c
[0.098s] [ 75%] Built target hardware_manager
[0.101s] [ 75%] Built target robot_hardware
[0.115s] [ 78%] Built target robot_hardware__py
[0.130s] [ 85%] Built target robot_hardware__rosidl_generator_py
[0.144s] [ 90%] Built target robot_hardware__rosidl_typesupport_fastrtps_c__pyext
[0.144s] [ 95%] Built target robot_hardware__rosidl_typesupport_c__pyext
[0.147s] [100%] Built target robot_hardware__rosidl_typesupport_introspection_c__pyext
[0.262s] running egg_info
[0.263s] writing robot_hardware.egg-info/PKG-INFO
[0.263s] writing dependency_links to robot_hardware.egg-info/dependency_links.txt
[0.263s] writing top-level names to robot_hardware.egg-info/top_level.txt
[0.265s] reading manifest file 'robot_hardware.egg-info/SOURCES.txt'
[0.266s] writing manifest file 'robot_hardware.egg-info/SOURCES.txt'
[0.284s] [100%] Built target ament_cmake_python_build_robot_hardware_egg
