[100%] Built target imu_read
-- Install configuration: ""
-- Up-to-date: /home/future/Documents/pengyh/RobotAD_ws/install/miiboo_imu/lib/miiboo_imu/imu_read
-- Up-to-date: /home/future/Documents/pengyh/RobotAD_ws/install/miiboo_imu/share/miiboo_imu//launch
-- Up-to-date: /home/future/Documents/pengyh/RobotAD_ws/install/miiboo_imu/share/miiboo_imu//launch/imu.launch.py
-- Up-to-date: /home/future/Documents/pengyh/RobotAD_ws/install/miiboo_imu/share/ament_index/resource_index/package_run_dependencies/miiboo_imu
-- Up-to-date: /home/future/Documents/pengyh/RobotAD_ws/install/miiboo_imu/share/ament_index/resource_index/parent_prefix_path/miiboo_imu
-- Up-to-date: /home/future/Documents/pengyh/RobotAD_ws/install/miiboo_imu/share/miiboo_imu/environment/ament_prefix_path.sh
-- Up-to-date: /home/future/Documents/pengyh/RobotAD_ws/install/miiboo_imu/share/miiboo_imu/environment/ament_prefix_path.dsv
-- Up-to-date: /home/future/Documents/pengyh/RobotAD_ws/install/miiboo_imu/share/miiboo_imu/environment/path.sh
-- Up-to-date: /home/future/Documents/pengyh/RobotAD_ws/install/miiboo_imu/share/miiboo_imu/environment/path.dsv
-- Up-to-date: /home/future/Documents/pengyh/RobotAD_ws/install/miiboo_imu/share/miiboo_imu/local_setup.bash
-- Up-to-date: /home/future/Documents/pengyh/RobotAD_ws/install/miiboo_imu/share/miiboo_imu/local_setup.sh
-- Up-to-date: /home/future/Documents/pengyh/RobotAD_ws/install/miiboo_imu/share/miiboo_imu/local_setup.zsh
-- Up-to-date: /home/future/Documents/pengyh/RobotAD_ws/install/miiboo_imu/share/miiboo_imu/local_setup.dsv
-- Installing: /home/future/Documents/pengyh/RobotAD_ws/install/miiboo_imu/share/miiboo_imu/package.dsv
-- Up-to-date: /home/future/Documents/pengyh/RobotAD_ws/install/miiboo_imu/share/ament_index/resource_index/packages/miiboo_imu
-- Up-to-date: /home/future/Documents/pengyh/RobotAD_ws/install/miiboo_imu/share/miiboo_imu/cmake/miiboo_imuConfig.cmake
-- Up-to-date: /home/future/Documents/pengyh/RobotAD_ws/install/miiboo_imu/share/miiboo_imu/cmake/miiboo_imuConfig-version.cmake
-- Up-to-date: /home/future/Documents/pengyh/RobotAD_ws/install/miiboo_imu/share/miiboo_imu/package.xml
