[0.019s] Invoking command in '/home/pengyh/documents/ros2_ws/RobotAD/build/nuscenes_data_collector': CMAKE_PREFIX_PATH=${CMAKE_PREFIX_PATH}:/opt/ros/humble /usr/bin/cmake --build /home/pengyh/documents/ros2_ws/RobotAD/build/nuscenes_data_collector -- -j24 -l24
[0.034s] -- Found ament_cmake: 1.3.11 (/opt/ros/humble/share/ament_cmake/cmake)
[0.127s] -- Override CMake install command with custom implementation using symlinks instead of copying resources
[0.133s] -- Found rclcpp: 16.0.11 (/opt/ros/humble/share/rclcpp/cmake)
[0.149s] -- Found rosidl_generator_c: 3.1.6 (/opt/ros/humble/share/rosidl_generator_c/cmake)
[0.151s] -- Found rosidl_adapter: 3.1.6 (/opt/ros/humble/share/rosidl_adapter/cmake)
[0.154s] -- Found rosidl_generator_cpp: 3.1.6 (/opt/ros/humble/share/rosidl_generator_cpp/cmake)
[0.160s] -- Using all available rosidl_typesupport_c: rosidl_typesupport_fastrtps_c;rosidl_typesupport_introspection_c
[0.167s] -- Using all available rosidl_typesupport_cpp: rosidl_typesupport_fastrtps_cpp;rosidl_typesupport_introspection_cpp
[0.186s] -- Found rmw_implementation_cmake: 6.1.2 (/opt/ros/humble/share/rmw_implementation_cmake/cmake)
[0.186s] -- Found rmw_cyclonedds_cpp: 1.3.4 (/opt/ros/humble/share/rmw_cyclonedds_cpp/cmake)
[0.196s] -- Using RMW implementation 'rmw_cyclonedds_cpp' as default
[0.224s] -- Found sensor_msgs: 4.2.4 (/opt/ros/humble/share/sensor_msgs/cmake)
[0.241s] -- Found pcl_conversions: 2.4.5 (/opt/ros/humble/share/pcl_conversions/cmake)
[0.262s] -- Eigen found (include: /usr/include/eigen3, version: 3.4.0)
[0.283s] -- FLANN found (include: /usr/include, lib: /usr/lib/x86_64-linux-gnu/libflann_cpp.so)
[0.477s] -- OpenNI found (version: 1.5.4.0, include: /usr/include/ni, lib: /usr/lib/libOpenNI.so;libusb::libusb)
[0.481s] -- OpenNI2 found (version: 2.2.0.33, include: /usr/include/openni2, lib: /usr/lib/x86_64-linux-gnu/libOpenNI2.so;libusb::libusb)
[0.580s] -- Eigen found (include: /usr/include/eigen3, version: 3.4.0)
[0.585s] -- OpenNI found (version: 1.5.4.0, include: /usr/include/ni, lib: /usr/lib/libOpenNI.so;libusb::libusb)
[0.589s] -- OpenNI2 found (version: 2.2.0.33, include: /usr/include/openni2, lib: /usr/lib/x86_64-linux-gnu/libOpenNI2.so;libusb::libusb)
[0.674s] -- Found Qhull version 8.0.2
[0.762s] -- OpenNI found (version: 1.5.4.0, include: /usr/include/ni, lib: /usr/lib/libOpenNI.so;libusb::libusb)
[0.857s] -- Found nav_msgs: 4.2.4 (/opt/ros/humble/share/nav_msgs/cmake)
[0.865s] -- Found vision_msgs: 4.1.1 (/opt/ros/humble/share/vision_msgs/cmake)
[0.876s] -- Found cv_bridge: 3.2.1 (/opt/ros/humble/share/cv_bridge/cmake)
[0.883s] -- Found tf2_msgs: 0.25.9 (/opt/ros/humble/share/tf2_msgs/cmake)
[0.963s] -- Configuring done
[0.989s] -- Generating done
[0.997s] -- Build files have been written to: /home/pengyh/documents/ros2_ws/RobotAD/build/nuscenes_data_collector
[1.021s] [35m[1mConsolidate compiler generated dependencies of target nuscenes_data_collector_issac_node[0m
[1.022s] [35m[1mConsolidate compiler generated dependencies of target nuscenes_data_collector_node[0m
[1.041s] [ 50%] Built target nuscenes_data_collector_node
[1.041s] [ 75%] [32mBuilding CXX object CMakeFiles/nuscenes_data_collector_issac_node.dir/src/nuscenes_data_collector_issac.cpp.o[0m
[15.436s] [100%] [32m[1mLinking CXX executable nuscenes_data_collector_issac_node[0m
[16.721s] [100%] Built target nuscenes_data_collector_issac_node
[16.732s] Invoked command in '/home/pengyh/documents/ros2_ws/RobotAD/build/nuscenes_data_collector' returned '0': CMAKE_PREFIX_PATH=${CMAKE_PREFIX_PATH}:/opt/ros/humble /usr/bin/cmake --build /home/pengyh/documents/ros2_ws/RobotAD/build/nuscenes_data_collector -- -j24 -l24
[16.733s] Invoking command in '/home/pengyh/documents/ros2_ws/RobotAD/build/nuscenes_data_collector': CMAKE_PREFIX_PATH=${CMAKE_PREFIX_PATH}:/opt/ros/humble /usr/bin/cmake --install /home/pengyh/documents/ros2_ws/RobotAD/build/nuscenes_data_collector
[16.738s] -- Install configuration: ""
[16.738s] -- Execute custom install script
[16.738s] -- Up-to-date symlink: /home/pengyh/documents/ros2_ws/RobotAD/install/nuscenes_data_collector/share/nuscenes_data_collector/config/nuscenes_data_collector_params.yaml
[16.738s] -- Up-to-date symlink: /home/pengyh/documents/ros2_ws/RobotAD/install/nuscenes_data_collector/share/nuscenes_data_collector/config/rviz_config.rviz
[16.738s] -- Up-to-date symlink: /home/pengyh/documents/ros2_ws/RobotAD/install/nuscenes_data_collector/share/nuscenes_data_collector/config/rviz_config_backup_six_cam.rviz
[16.738s] -- Up-to-date symlink: /home/pengyh/documents/ros2_ws/RobotAD/install/nuscenes_data_collector/lib/nuscenes_data_collector/nuscenes_data_collector_node
[16.738s] -- Up-to-date symlink: /home/pengyh/documents/ros2_ws/RobotAD/install/nuscenes_data_collector/lib/nuscenes_data_collector/nuscenes_data_collector_issac_node
[16.738s] -- Up-to-date symlink: /home/pengyh/documents/ros2_ws/RobotAD/install/nuscenes_data_collector/share/ament_index/resource_index/package_run_dependencies/nuscenes_data_collector
[16.738s] -- Up-to-date symlink: /home/pengyh/documents/ros2_ws/RobotAD/install/nuscenes_data_collector/share/ament_index/resource_index/parent_prefix_path/nuscenes_data_collector
[16.739s] -- Up-to-date symlink: /home/pengyh/documents/ros2_ws/RobotAD/install/nuscenes_data_collector/share/nuscenes_data_collector/environment/ament_prefix_path.sh
[16.739s] -- Up-to-date symlink: /home/pengyh/documents/ros2_ws/RobotAD/install/nuscenes_data_collector/share/nuscenes_data_collector/environment/ament_prefix_path.dsv
[16.739s] -- Up-to-date symlink: /home/pengyh/documents/ros2_ws/RobotAD/install/nuscenes_data_collector/share/nuscenes_data_collector/environment/path.sh
[16.739s] -- Up-to-date symlink: /home/pengyh/documents/ros2_ws/RobotAD/install/nuscenes_data_collector/share/nuscenes_data_collector/environment/path.dsv
[16.739s] -- Up-to-date symlink: /home/pengyh/documents/ros2_ws/RobotAD/install/nuscenes_data_collector/share/nuscenes_data_collector/local_setup.bash
[16.739s] -- Up-to-date symlink: /home/pengyh/documents/ros2_ws/RobotAD/install/nuscenes_data_collector/share/nuscenes_data_collector/local_setup.sh
[16.739s] -- Up-to-date symlink: /home/pengyh/documents/ros2_ws/RobotAD/install/nuscenes_data_collector/share/nuscenes_data_collector/local_setup.zsh
[16.739s] -- Up-to-date symlink: /home/pengyh/documents/ros2_ws/RobotAD/install/nuscenes_data_collector/share/nuscenes_data_collector/local_setup.dsv
[16.739s] -- Symlinking: /home/pengyh/documents/ros2_ws/RobotAD/install/nuscenes_data_collector/share/nuscenes_data_collector/package.dsv
[16.744s] -- Up-to-date symlink: /home/pengyh/documents/ros2_ws/RobotAD/install/nuscenes_data_collector/share/ament_index/resource_index/packages/nuscenes_data_collector
[16.744s] -- Up-to-date symlink: /home/pengyh/documents/ros2_ws/RobotAD/install/nuscenes_data_collector/share/nuscenes_data_collector/cmake/nuscenes_data_collectorConfig.cmake
[16.745s] -- Up-to-date symlink: /home/pengyh/documents/ros2_ws/RobotAD/install/nuscenes_data_collector/share/nuscenes_data_collector/cmake/nuscenes_data_collectorConfig-version.cmake
[16.745s] -- Up-to-date symlink: /home/pengyh/documents/ros2_ws/RobotAD/install/nuscenes_data_collector/share/nuscenes_data_collector/package.xml
[16.746s] Invoked command in '/home/pengyh/documents/ros2_ws/RobotAD/build/nuscenes_data_collector' returned '0': CMAKE_PREFIX_PATH=${CMAKE_PREFIX_PATH}:/opt/ros/humble /usr/bin/cmake --install /home/pengyh/documents/ros2_ws/RobotAD/build/nuscenes_data_collector
