[0.011s] Invoking command in '/home/future/Documents/pengyh/RobotAD_ws/build/keyboard_control': CMAKE_PREFIX_PATH=${CMAKE_PREFIX_PATH}:/home/future/Documents/Robot/nav_ws/install/show_urdf:/home/future/Documents/Robot/nav_ws/install/serial_bridge:/home/future/Documents/Robot/nav_ws/install/ros_tcp_endpoint:/home/future/Documents/Robot/nav_ws/install/remove_obstacle:/home/future/Documents/Robot/nav_ws/install/keyboard_control:/opt/ros/humble /usr/bin/cmake /home/future/Documents/pengyh/RobotAD_ws/src/keyboard_control -DCMAKE_INSTALL_PREFIX=/home/future/Documents/pengyh/RobotAD_ws/install/keyboard_control
[0.161s] -- The C compiler identification is GNU 11.4.0
[0.310s] -- The CXX compiler identification is GNU 11.4.0
[0.322s] -- Detecting C compiler ABI info
[0.460s] -- Detecting C compiler ABI info - done
[0.477s] -- Check for working C compiler: /usr/bin/cc - skipped
[0.477s] -- Detecting C compile features
[0.478s] -- Detecting C compile features - done
[0.488s] -- Detecting CXX compiler ABI info
[0.599s] -- Detecting CXX compiler ABI info - done
[0.611s] -- Check for working CXX compiler: /usr/bin/c++ - skipped
[0.612s] -- Detecting CXX compile features
[0.612s] -- Detecting CXX compile features - done
[0.617s] -- Found ament_cmake: 1.3.10 (/opt/ros/humble/share/ament_cmake/cmake)
[0.910s] -- Found Python3: /usr/bin/python3 (found version "3.10.12") found components: Interpreter 
[1.012s] -- Found rclcpp: 16.0.10 (/opt/ros/humble/share/rclcpp/cmake)
[1.074s] -- Found rosidl_generator_c: 3.1.5 (/opt/ros/humble/share/rosidl_generator_c/cmake)
[1.078s] -- Found rosidl_adapter: 3.1.5 (/opt/ros/humble/share/rosidl_adapter/cmake)
[1.092s] -- Found rosidl_generator_cpp: 3.1.5 (/opt/ros/humble/share/rosidl_generator_cpp/cmake)
[1.108s] -- Using all available rosidl_typesupport_c: rosidl_typesupport_fastrtps_c;rosidl_typesupport_introspection_c
[1.124s] -- Using all available rosidl_typesupport_cpp: rosidl_typesupport_fastrtps_cpp;rosidl_typesupport_introspection_cpp
[1.160s] -- Found rmw_implementation_cmake: 6.1.2 (/opt/ros/humble/share/rmw_implementation_cmake/cmake)
[1.163s] -- Found rmw_fastrtps_cpp: 6.2.7 (/opt/ros/humble/share/rmw_fastrtps_cpp/cmake)
[1.261s] -- Found OpenSSL: /usr/lib/x86_64-linux-gnu/libcrypto.so (found version "3.0.2")  
[1.323s] -- Found FastRTPS: /opt/ros/humble/include  
[1.450s] -- Using RMW implementation 'rmw_fastrtps_cpp' as default
[1.468s] -- Looking for pthread.h
[1.651s] -- Looking for pthread.h - found
[1.652s] -- Performing Test CMAKE_HAVE_LIBC_PTHREAD
[1.787s] -- Performing Test CMAKE_HAVE_LIBC_PTHREAD - Success
[1.788s] -- Found Threads: TRUE  
[1.857s] -- Found ament_lint_auto: 0.12.11 (/opt/ros/humble/share/ament_lint_auto/cmake)
[1.920s] -- Added test 'cppcheck' to perform static code analysis on C / C++ code
[1.920s] -- Configured cppcheck include dirs: 
[1.920s] -- Configured cppcheck exclude dirs and/or files: 
[1.921s] -- Added test 'lint_cmake' to check CMake code style
[1.925s] -- Added test 'uncrustify' to check C / C++ code style
[1.926s] -- Configured uncrustify additional arguments: 
[1.926s] -- Added test 'xmllint' to check XML markup files
[1.927s] -- Configuring done
[1.931s] -- Generating done
[1.931s] -- Build files have been written to: /home/future/Documents/pengyh/RobotAD_ws/build/keyboard_control
[1.938s] Invoked command in '/home/future/Documents/pengyh/RobotAD_ws/build/keyboard_control' returned '0': CMAKE_PREFIX_PATH=${CMAKE_PREFIX_PATH}:/home/future/Documents/Robot/nav_ws/install/show_urdf:/home/future/Documents/Robot/nav_ws/install/serial_bridge:/home/future/Documents/Robot/nav_ws/install/ros_tcp_endpoint:/home/future/Documents/Robot/nav_ws/install/remove_obstacle:/home/future/Documents/Robot/nav_ws/install/keyboard_control:/opt/ros/humble /usr/bin/cmake /home/future/Documents/pengyh/RobotAD_ws/src/keyboard_control -DCMAKE_INSTALL_PREFIX=/home/future/Documents/pengyh/RobotAD_ws/install/keyboard_control
[1.939s] Invoking command in '/home/future/Documents/pengyh/RobotAD_ws/build/keyboard_control': CMAKE_PREFIX_PATH=${CMAKE_PREFIX_PATH}:/home/future/Documents/Robot/nav_ws/install/show_urdf:/home/future/Documents/Robot/nav_ws/install/serial_bridge:/home/future/Documents/Robot/nav_ws/install/ros_tcp_endpoint:/home/future/Documents/Robot/nav_ws/install/remove_obstacle:/home/future/Documents/Robot/nav_ws/install/keyboard_control:/opt/ros/humble /usr/bin/cmake --build /home/future/Documents/pengyh/RobotAD_ws/build/keyboard_control -- -j24 -l24
[1.973s] Invoked command in '/home/future/Documents/pengyh/RobotAD_ws/build/keyboard_control' returned '0': CMAKE_PREFIX_PATH=${CMAKE_PREFIX_PATH}:/home/future/Documents/Robot/nav_ws/install/show_urdf:/home/future/Documents/Robot/nav_ws/install/serial_bridge:/home/future/Documents/Robot/nav_ws/install/ros_tcp_endpoint:/home/future/Documents/Robot/nav_ws/install/remove_obstacle:/home/future/Documents/Robot/nav_ws/install/keyboard_control:/opt/ros/humble /usr/bin/cmake --build /home/future/Documents/pengyh/RobotAD_ws/build/keyboard_control -- -j24 -l24
[2.009s] Invoking command in '/home/future/Documents/pengyh/RobotAD_ws/build/keyboard_control': CMAKE_PREFIX_PATH=${CMAKE_PREFIX_PATH}:/home/future/Documents/Robot/nav_ws/install/show_urdf:/home/future/Documents/Robot/nav_ws/install/serial_bridge:/home/future/Documents/Robot/nav_ws/install/ros_tcp_endpoint:/home/future/Documents/Robot/nav_ws/install/remove_obstacle:/home/future/Documents/Robot/nav_ws/install/keyboard_control:/opt/ros/humble /usr/bin/cmake --install /home/future/Documents/pengyh/RobotAD_ws/build/keyboard_control
[2.017s] -- Install configuration: ""
[2.017s] -- Installing: /home/future/Documents/pengyh/RobotAD_ws/install/keyboard_control/share/ament_index/resource_index/package_run_dependencies/keyboard_control
[2.017s] -- Installing: /home/future/Documents/pengyh/RobotAD_ws/install/keyboard_control/share/ament_index/resource_index/parent_prefix_path/keyboard_control
[2.017s] -- Installing: /home/future/Documents/pengyh/RobotAD_ws/install/keyboard_control/share/keyboard_control/environment/ament_prefix_path.sh
[2.017s] -- Installing: /home/future/Documents/pengyh/RobotAD_ws/install/keyboard_control/share/keyboard_control/environment/ament_prefix_path.dsv
[2.017s] -- Installing: /home/future/Documents/pengyh/RobotAD_ws/install/keyboard_control/share/keyboard_control/environment/path.sh
[2.017s] -- Installing: /home/future/Documents/pengyh/RobotAD_ws/install/keyboard_control/share/keyboard_control/environment/path.dsv
[2.017s] -- Installing: /home/future/Documents/pengyh/RobotAD_ws/install/keyboard_control/share/keyboard_control/local_setup.bash
[2.017s] -- Installing: /home/future/Documents/pengyh/RobotAD_ws/install/keyboard_control/share/keyboard_control/local_setup.sh
[2.017s] -- Installing: /home/future/Documents/pengyh/RobotAD_ws/install/keyboard_control/share/keyboard_control/local_setup.zsh
[2.018s] -- Installing: /home/future/Documents/pengyh/RobotAD_ws/install/keyboard_control/share/keyboard_control/local_setup.dsv
[2.018s] -- Installing: /home/future/Documents/pengyh/RobotAD_ws/install/keyboard_control/share/keyboard_control/package.dsv
[2.018s] -- Installing: /home/future/Documents/pengyh/RobotAD_ws/install/keyboard_control/share/ament_index/resource_index/packages/keyboard_control
[2.018s] -- Installing: /home/future/Documents/pengyh/RobotAD_ws/install/keyboard_control/share/keyboard_control/cmake/keyboard_controlConfig.cmake
[2.018s] -- Installing: /home/future/Documents/pengyh/RobotAD_ws/install/keyboard_control/share/keyboard_control/cmake/keyboard_controlConfig-version.cmake
[2.018s] -- Installing: /home/future/Documents/pengyh/RobotAD_ws/install/keyboard_control/share/keyboard_control/package.xml
[2.021s] Invoked command in '/home/future/Documents/pengyh/RobotAD_ws/build/keyboard_control' returned '0': CMAKE_PREFIX_PATH=${CMAKE_PREFIX_PATH}:/home/future/Documents/Robot/nav_ws/install/show_urdf:/home/future/Documents/Robot/nav_ws/install/serial_bridge:/home/future/Documents/Robot/nav_ws/install/ros_tcp_endpoint:/home/future/Documents/Robot/nav_ws/install/remove_obstacle:/home/future/Documents/Robot/nav_ws/install/keyboard_control:/opt/ros/humble /usr/bin/cmake --install /home/future/Documents/pengyh/RobotAD_ws/build/keyboard_control
