-- The C compiler identification is GNU 11.4.0
-- The CXX compiler identification is GNU 11.4.0
-- Detecting C compiler ABI info
-- Detecting C compiler ABI info - done
-- Check for working C compiler: /usr/bin/cc - skipped
-- Detecting C compile features
-- Detecting C compile features - done
-- Detecting CXX compiler ABI info
-- Detecting CXX compiler ABI info - done
-- Check for working CXX compiler: /usr/bin/c++ - skipped
-- Detecting CXX compile features
-- Detecting CXX compile features - done
-- Found ament_cmake: 1.3.10 (/opt/ros/humble/share/ament_cmake/cmake)
-- Found Python3: /usr/bin/python3 (found version "3.10.12") found components: Interpreter 
-- Found rclcpp: 16.0.10 (/opt/ros/humble/share/rclcpp/cmake)
-- Found rosidl_generator_c: 3.1.5 (/opt/ros/humble/share/rosidl_generator_c/cmake)
-- Found rosidl_adapter: 3.1.5 (/opt/ros/humble/share/rosidl_adapter/cmake)
-- Found rosidl_generator_cpp: 3.1.5 (/opt/ros/humble/share/rosidl_generator_cpp/cmake)
-- Using all available rosidl_typesupport_c: rosidl_typesupport_fastrtps_c;rosidl_typesupport_introspection_c
-- Using all available rosidl_typesupport_cpp: rosidl_typesupport_fastrtps_cpp;rosidl_typesupport_introspection_cpp
-- Found rmw_implementation_cmake: 6.1.2 (/opt/ros/humble/share/rmw_implementation_cmake/cmake)
-- Found rmw_fastrtps_cpp: 6.2.7 (/opt/ros/humble/share/rmw_fastrtps_cpp/cmake)
-- Found OpenSSL: /usr/lib/x86_64-linux-gnu/libcrypto.so (found version "3.0.2")  
-- Found FastRTPS: /opt/ros/humble/include  
-- Using RMW implementation 'rmw_fastrtps_cpp' as default
-- Looking for pthread.h
-- Looking for pthread.h - found
-- Performing Test CMAKE_HAVE_LIBC_PTHREAD
-- Performing Test CMAKE_HAVE_LIBC_PTHREAD - Success
-- Found Threads: TRUE  
-- Found serial: 1.2.1 (/usr/local/share/serial/cmake)
-- Found robot_hardware: 0.0.0 (/home/future/Documents/pengyh/RobotAD_ws/install/robot_hardware/share/robot_hardware/cmake)
-- Configuring done
-- Generating done
-- Build files have been written to: /home/future/Documents/pengyh/RobotAD_ws/build/serial_comm
[ 50%] [32mBuilding CXX object CMakeFiles/serial_node.dir/src/serial_node.cpp.o[0m
[100%] [32m[1mLinking CXX executable serial_node[0m
[100%] Built target serial_node
-- Install configuration: ""
-- Installing: /home/future/Documents/pengyh/RobotAD_ws/install/serial_comm/lib/serial_comm/serial_node
-- Set runtime path of "/home/future/Documents/pengyh/RobotAD_ws/install/serial_comm/lib/serial_comm/serial_node" to ""
-- Installing: /home/future/Documents/pengyh/RobotAD_ws/install/serial_comm/share/ament_index/resource_index/package_run_dependencies/serial_comm
-- Installing: /home/future/Documents/pengyh/RobotAD_ws/install/serial_comm/share/ament_index/resource_index/parent_prefix_path/serial_comm
-- Installing: /home/future/Documents/pengyh/RobotAD_ws/install/serial_comm/share/serial_comm/environment/ament_prefix_path.sh
-- Installing: /home/future/Documents/pengyh/RobotAD_ws/install/serial_comm/share/serial_comm/environment/ament_prefix_path.dsv
-- Installing: /home/future/Documents/pengyh/RobotAD_ws/install/serial_comm/share/serial_comm/environment/path.sh
-- Installing: /home/future/Documents/pengyh/RobotAD_ws/install/serial_comm/share/serial_comm/environment/path.dsv
-- Installing: /home/future/Documents/pengyh/RobotAD_ws/install/serial_comm/share/serial_comm/local_setup.bash
-- Installing: /home/future/Documents/pengyh/RobotAD_ws/install/serial_comm/share/serial_comm/local_setup.sh
-- Installing: /home/future/Documents/pengyh/RobotAD_ws/install/serial_comm/share/serial_comm/local_setup.zsh
-- Installing: /home/future/Documents/pengyh/RobotAD_ws/install/serial_comm/share/serial_comm/local_setup.dsv
-- Installing: /home/future/Documents/pengyh/RobotAD_ws/install/serial_comm/share/serial_comm/package.dsv
-- Installing: /home/future/Documents/pengyh/RobotAD_ws/install/serial_comm/share/ament_index/resource_index/packages/serial_comm
-- Installing: /home/future/Documents/pengyh/RobotAD_ws/install/serial_comm/share/serial_comm/cmake/serial_commConfig.cmake
-- Installing: /home/future/Documents/pengyh/RobotAD_ws/install/serial_comm/share/serial_comm/cmake/serial_commConfig-version.cmake
-- Installing: /home/future/Documents/pengyh/RobotAD_ws/install/serial_comm/share/serial_comm/package.xml
