[0.033s] Invoking command in '/home/future/Documents/pengyh/RobotAD_ws/build/serial_comm': AMENT_PREFIX_PATH=/home/future/Documents/pengyh/RobotAD_ws/install/robot_hardware:${AMENT_PREFIX_PATH} CMAKE_PREFIX_PATH=/home/future/Documents/pengyh/RobotAD_ws/install/robot_hardware:/home/future/Documents/Robot/nav_ws/install/rslidar_sdk:/home/future/Documents/Robot/nav_ws/install/rslidar_msg:/home/future/Documents/Robot/nav_ws/install/robot_locate:/home/future/Documents/Robot/nav_ws/install/pointcloud_to_laserscan:/home/future/Documents/Robot/nav_ws/install/nav2_social_costmap_plugin:/home/future/Documents/Robot/nav_ws/install/miiboo_imu:/home/future/Documents/Robot/nav_ws/install/diff_control:/home/future/Documents/VIW-FUSION/install/vins:/home/future/Documents/VIW-FUSION/install/loop_fusion:/home/future/Documents/VIW-FUSION/install/global_fusion:/home/future/Documents/VIW-FUSION/install/camera_models:/home/future/Documents/people_tracker/install/people_msgs:/home/future/Documents/people_tracker/install/leg_tracker_ros2:/home/future/Documents/Navigation/interface_ws/install/nav_interfaces:/home/future/Documents/Robot/nav_ws/install/show_urdf:/home/future/Documents/Robot/nav_ws/install/serial_bridge:/home/future/Documents/Robot/nav_ws/install/ros_tcp_endpoint:/home/future/Documents/Robot/nav_ws/install/remove_obstacle:/home/future/Documents/Robot/nav_ws/install/keyboard_control:/opt/ros/humble LD_LIBRARY_PATH=/home/future/Documents/pengyh/RobotAD_ws/install/robot_hardware/lib:${LD_LIBRARY_PATH} PYTHONPATH=/home/future/Documents/pengyh/RobotAD_ws/install/robot_hardware/local/lib/python3.10/dist-packages:${PYTHONPATH} /usr/bin/cmake /home/future/Documents/pengyh/RobotAD_ws/src/serial_comm -DCMAKE_INSTALL_PREFIX=/home/future/Documents/pengyh/RobotAD_ws/install/serial_comm
[0.149s] -- The C compiler identification is GNU 11.4.0
[0.252s] -- The CXX compiler identification is GNU 11.4.0
[0.268s] -- Detecting C compiler ABI info
[0.455s] -- Detecting C compiler ABI info - done
[0.481s] -- Check for working C compiler: /usr/bin/cc - skipped
[0.482s] -- Detecting C compile features
[0.483s] -- Detecting C compile features - done
[0.492s] -- Detecting CXX compiler ABI info
[0.670s] -- Detecting CXX compiler ABI info - done
[0.692s] -- Check for working CXX compiler: /usr/bin/c++ - skipped
[0.693s] -- Detecting CXX compile features
[0.694s] -- Detecting CXX compile features - done
[0.705s] -- Found ament_cmake: 1.3.10 (/opt/ros/humble/share/ament_cmake/cmake)
[0.951s] -- Found Python3: /usr/bin/python3 (found version "3.10.12") found components: Interpreter 
[1.153s] -- Found rclcpp: 16.0.10 (/opt/ros/humble/share/rclcpp/cmake)
[1.263s] -- Found rosidl_generator_c: 3.1.5 (/opt/ros/humble/share/rosidl_generator_c/cmake)
[1.269s] -- Found rosidl_adapter: 3.1.5 (/opt/ros/humble/share/rosidl_adapter/cmake)
[1.276s] -- Found rosidl_generator_cpp: 3.1.5 (/opt/ros/humble/share/rosidl_generator_cpp/cmake)
[1.285s] -- Using all available rosidl_typesupport_c: rosidl_typesupport_fastrtps_c;rosidl_typesupport_introspection_c
[1.301s] -- Using all available rosidl_typesupport_cpp: rosidl_typesupport_fastrtps_cpp;rosidl_typesupport_introspection_cpp
[1.335s] -- Found rmw_implementation_cmake: 6.1.2 (/opt/ros/humble/share/rmw_implementation_cmake/cmake)
[1.338s] -- Found rmw_fastrtps_cpp: 6.2.7 (/opt/ros/humble/share/rmw_fastrtps_cpp/cmake)
[1.444s] -- Found OpenSSL: /usr/lib/x86_64-linux-gnu/libcrypto.so (found version "3.0.2")  
[1.520s] -- Found FastRTPS: /opt/ros/humble/include  
[1.644s] -- Using RMW implementation 'rmw_fastrtps_cpp' as default
[1.673s] -- Looking for pthread.h
[1.818s] -- Looking for pthread.h - found
[1.819s] -- Performing Test CMAKE_HAVE_LIBC_PTHREAD
[1.999s] -- Performing Test CMAKE_HAVE_LIBC_PTHREAD - Success
[2.002s] -- Found Threads: TRUE  
[2.111s] -- Found serial: 1.2.1 (/usr/local/share/serial/cmake)
[2.112s] -- Found robot_hardware: 0.0.0 (/home/future/Documents/pengyh/RobotAD_ws/install/robot_hardware/share/robot_hardware/cmake)
[2.261s] -- Configuring done
[2.282s] -- Generating done
[2.286s] -- Build files have been written to: /home/future/Documents/pengyh/RobotAD_ws/build/serial_comm
[2.304s] Invoked command in '/home/future/Documents/pengyh/RobotAD_ws/build/serial_comm' returned '0': AMENT_PREFIX_PATH=/home/future/Documents/pengyh/RobotAD_ws/install/robot_hardware:${AMENT_PREFIX_PATH} CMAKE_PREFIX_PATH=/home/future/Documents/pengyh/RobotAD_ws/install/robot_hardware:/home/future/Documents/Robot/nav_ws/install/rslidar_sdk:/home/future/Documents/Robot/nav_ws/install/rslidar_msg:/home/future/Documents/Robot/nav_ws/install/robot_locate:/home/future/Documents/Robot/nav_ws/install/pointcloud_to_laserscan:/home/future/Documents/Robot/nav_ws/install/nav2_social_costmap_plugin:/home/future/Documents/Robot/nav_ws/install/miiboo_imu:/home/future/Documents/Robot/nav_ws/install/diff_control:/home/future/Documents/VIW-FUSION/install/vins:/home/future/Documents/VIW-FUSION/install/loop_fusion:/home/future/Documents/VIW-FUSION/install/global_fusion:/home/future/Documents/VIW-FUSION/install/camera_models:/home/future/Documents/people_tracker/install/people_msgs:/home/future/Documents/people_tracker/install/leg_tracker_ros2:/home/future/Documents/Navigation/interface_ws/install/nav_interfaces:/home/future/Documents/Robot/nav_ws/install/show_urdf:/home/future/Documents/Robot/nav_ws/install/serial_bridge:/home/future/Documents/Robot/nav_ws/install/ros_tcp_endpoint:/home/future/Documents/Robot/nav_ws/install/remove_obstacle:/home/future/Documents/Robot/nav_ws/install/keyboard_control:/opt/ros/humble LD_LIBRARY_PATH=/home/future/Documents/pengyh/RobotAD_ws/install/robot_hardware/lib:${LD_LIBRARY_PATH} PYTHONPATH=/home/future/Documents/pengyh/RobotAD_ws/install/robot_hardware/local/lib/python3.10/dist-packages:${PYTHONPATH} /usr/bin/cmake /home/future/Documents/pengyh/RobotAD_ws/src/serial_comm -DCMAKE_INSTALL_PREFIX=/home/future/Documents/pengyh/RobotAD_ws/install/serial_comm
[2.306s] Invoking command in '/home/future/Documents/pengyh/RobotAD_ws/build/serial_comm': AMENT_PREFIX_PATH=/home/future/Documents/pengyh/RobotAD_ws/install/robot_hardware:${AMENT_PREFIX_PATH} CMAKE_PREFIX_PATH=/home/future/Documents/pengyh/RobotAD_ws/install/robot_hardware:/home/future/Documents/Robot/nav_ws/install/rslidar_sdk:/home/future/Documents/Robot/nav_ws/install/rslidar_msg:/home/future/Documents/Robot/nav_ws/install/robot_locate:/home/future/Documents/Robot/nav_ws/install/pointcloud_to_laserscan:/home/future/Documents/Robot/nav_ws/install/nav2_social_costmap_plugin:/home/future/Documents/Robot/nav_ws/install/miiboo_imu:/home/future/Documents/Robot/nav_ws/install/diff_control:/home/future/Documents/VIW-FUSION/install/vins:/home/future/Documents/VIW-FUSION/install/loop_fusion:/home/future/Documents/VIW-FUSION/install/global_fusion:/home/future/Documents/VIW-FUSION/install/camera_models:/home/future/Documents/people_tracker/install/people_msgs:/home/future/Documents/people_tracker/install/leg_tracker_ros2:/home/future/Documents/Navigation/interface_ws/install/nav_interfaces:/home/future/Documents/Robot/nav_ws/install/show_urdf:/home/future/Documents/Robot/nav_ws/install/serial_bridge:/home/future/Documents/Robot/nav_ws/install/ros_tcp_endpoint:/home/future/Documents/Robot/nav_ws/install/remove_obstacle:/home/future/Documents/Robot/nav_ws/install/keyboard_control:/opt/ros/humble LD_LIBRARY_PATH=/home/future/Documents/pengyh/RobotAD_ws/install/robot_hardware/lib:${LD_LIBRARY_PATH} PYTHONPATH=/home/future/Documents/pengyh/RobotAD_ws/install/robot_hardware/local/lib/python3.10/dist-packages:${PYTHONPATH} /usr/bin/cmake --build /home/future/Documents/pengyh/RobotAD_ws/build/serial_comm -- -j24 -l24
[2.432s] [ 50%] [32mBuilding CXX object CMakeFiles/serial_node.dir/src/serial_node.cpp.o[0m
[9.772s] [100%] [32m[1mLinking CXX executable serial_node[0m
[10.032s] [100%] Built target serial_node
[10.044s] Invoked command in '/home/future/Documents/pengyh/RobotAD_ws/build/serial_comm' returned '0': AMENT_PREFIX_PATH=/home/future/Documents/pengyh/RobotAD_ws/install/robot_hardware:${AMENT_PREFIX_PATH} CMAKE_PREFIX_PATH=/home/future/Documents/pengyh/RobotAD_ws/install/robot_hardware:/home/future/Documents/Robot/nav_ws/install/rslidar_sdk:/home/future/Documents/Robot/nav_ws/install/rslidar_msg:/home/future/Documents/Robot/nav_ws/install/robot_locate:/home/future/Documents/Robot/nav_ws/install/pointcloud_to_laserscan:/home/future/Documents/Robot/nav_ws/install/nav2_social_costmap_plugin:/home/future/Documents/Robot/nav_ws/install/miiboo_imu:/home/future/Documents/Robot/nav_ws/install/diff_control:/home/future/Documents/VIW-FUSION/install/vins:/home/future/Documents/VIW-FUSION/install/loop_fusion:/home/future/Documents/VIW-FUSION/install/global_fusion:/home/future/Documents/VIW-FUSION/install/camera_models:/home/future/Documents/people_tracker/install/people_msgs:/home/future/Documents/people_tracker/install/leg_tracker_ros2:/home/future/Documents/Navigation/interface_ws/install/nav_interfaces:/home/future/Documents/Robot/nav_ws/install/show_urdf:/home/future/Documents/Robot/nav_ws/install/serial_bridge:/home/future/Documents/Robot/nav_ws/install/ros_tcp_endpoint:/home/future/Documents/Robot/nav_ws/install/remove_obstacle:/home/future/Documents/Robot/nav_ws/install/keyboard_control:/opt/ros/humble LD_LIBRARY_PATH=/home/future/Documents/pengyh/RobotAD_ws/install/robot_hardware/lib:${LD_LIBRARY_PATH} PYTHONPATH=/home/future/Documents/pengyh/RobotAD_ws/install/robot_hardware/local/lib/python3.10/dist-packages:${PYTHONPATH} /usr/bin/cmake --build /home/future/Documents/pengyh/RobotAD_ws/build/serial_comm -- -j24 -l24
[10.110s] Invoking command in '/home/future/Documents/pengyh/RobotAD_ws/build/serial_comm': AMENT_PREFIX_PATH=/home/future/Documents/pengyh/RobotAD_ws/install/robot_hardware:${AMENT_PREFIX_PATH} CMAKE_PREFIX_PATH=/home/future/Documents/pengyh/RobotAD_ws/install/robot_hardware:/home/future/Documents/Robot/nav_ws/install/rslidar_sdk:/home/future/Documents/Robot/nav_ws/install/rslidar_msg:/home/future/Documents/Robot/nav_ws/install/robot_locate:/home/future/Documents/Robot/nav_ws/install/pointcloud_to_laserscan:/home/future/Documents/Robot/nav_ws/install/nav2_social_costmap_plugin:/home/future/Documents/Robot/nav_ws/install/miiboo_imu:/home/future/Documents/Robot/nav_ws/install/diff_control:/home/future/Documents/VIW-FUSION/install/vins:/home/future/Documents/VIW-FUSION/install/loop_fusion:/home/future/Documents/VIW-FUSION/install/global_fusion:/home/future/Documents/VIW-FUSION/install/camera_models:/home/future/Documents/people_tracker/install/people_msgs:/home/future/Documents/people_tracker/install/leg_tracker_ros2:/home/future/Documents/Navigation/interface_ws/install/nav_interfaces:/home/future/Documents/Robot/nav_ws/install/show_urdf:/home/future/Documents/Robot/nav_ws/install/serial_bridge:/home/future/Documents/Robot/nav_ws/install/ros_tcp_endpoint:/home/future/Documents/Robot/nav_ws/install/remove_obstacle:/home/future/Documents/Robot/nav_ws/install/keyboard_control:/opt/ros/humble LD_LIBRARY_PATH=/home/future/Documents/pengyh/RobotAD_ws/install/robot_hardware/lib:${LD_LIBRARY_PATH} PYTHONPATH=/home/future/Documents/pengyh/RobotAD_ws/install/robot_hardware/local/lib/python3.10/dist-packages:${PYTHONPATH} /usr/bin/cmake --install /home/future/Documents/pengyh/RobotAD_ws/build/serial_comm
[10.127s] -- Install configuration: ""
[10.127s] -- Installing: /home/future/Documents/pengyh/RobotAD_ws/install/serial_comm/lib/serial_comm/serial_node
[10.133s] -- Set runtime path of "/home/future/Documents/pengyh/RobotAD_ws/install/serial_comm/lib/serial_comm/serial_node" to ""
[10.133s] -- Installing: /home/future/Documents/pengyh/RobotAD_ws/install/serial_comm/share/ament_index/resource_index/package_run_dependencies/serial_comm
[10.134s] -- Installing: /home/future/Documents/pengyh/RobotAD_ws/install/serial_comm/share/ament_index/resource_index/parent_prefix_path/serial_comm
[10.134s] -- Installing: /home/future/Documents/pengyh/RobotAD_ws/install/serial_comm/share/serial_comm/environment/ament_prefix_path.sh
[10.134s] -- Installing: /home/future/Documents/pengyh/RobotAD_ws/install/serial_comm/share/serial_comm/environment/ament_prefix_path.dsv
[10.134s] -- Installing: /home/future/Documents/pengyh/RobotAD_ws/install/serial_comm/share/serial_comm/environment/path.sh
[10.135s] -- Installing: /home/future/Documents/pengyh/RobotAD_ws/install/serial_comm/share/serial_comm/environment/path.dsv
[10.135s] -- Installing: /home/future/Documents/pengyh/RobotAD_ws/install/serial_comm/share/serial_comm/local_setup.bash
[10.135s] -- Installing: /home/future/Documents/pengyh/RobotAD_ws/install/serial_comm/share/serial_comm/local_setup.sh
[10.135s] -- Installing: /home/future/Documents/pengyh/RobotAD_ws/install/serial_comm/share/serial_comm/local_setup.zsh
[10.135s] -- Installing: /home/future/Documents/pengyh/RobotAD_ws/install/serial_comm/share/serial_comm/local_setup.dsv
[10.136s] -- Installing: /home/future/Documents/pengyh/RobotAD_ws/install/serial_comm/share/serial_comm/package.dsv
[10.136s] -- Installing: /home/future/Documents/pengyh/RobotAD_ws/install/serial_comm/share/ament_index/resource_index/packages/serial_comm
[10.136s] -- Installing: /home/future/Documents/pengyh/RobotAD_ws/install/serial_comm/share/serial_comm/cmake/serial_commConfig.cmake
[10.136s] -- Installing: /home/future/Documents/pengyh/RobotAD_ws/install/serial_comm/share/serial_comm/cmake/serial_commConfig-version.cmake
[10.136s] -- Installing: /home/future/Documents/pengyh/RobotAD_ws/install/serial_comm/share/serial_comm/package.xml
[10.141s] Invoked command in '/home/future/Documents/pengyh/RobotAD_ws/build/serial_comm' returned '0': AMENT_PREFIX_PATH=/home/future/Documents/pengyh/RobotAD_ws/install/robot_hardware:${AMENT_PREFIX_PATH} CMAKE_PREFIX_PATH=/home/future/Documents/pengyh/RobotAD_ws/install/robot_hardware:/home/future/Documents/Robot/nav_ws/install/rslidar_sdk:/home/future/Documents/Robot/nav_ws/install/rslidar_msg:/home/future/Documents/Robot/nav_ws/install/robot_locate:/home/future/Documents/Robot/nav_ws/install/pointcloud_to_laserscan:/home/future/Documents/Robot/nav_ws/install/nav2_social_costmap_plugin:/home/future/Documents/Robot/nav_ws/install/miiboo_imu:/home/future/Documents/Robot/nav_ws/install/diff_control:/home/future/Documents/VIW-FUSION/install/vins:/home/future/Documents/VIW-FUSION/install/loop_fusion:/home/future/Documents/VIW-FUSION/install/global_fusion:/home/future/Documents/VIW-FUSION/install/camera_models:/home/future/Documents/people_tracker/install/people_msgs:/home/future/Documents/people_tracker/install/leg_tracker_ros2:/home/future/Documents/Navigation/interface_ws/install/nav_interfaces:/home/future/Documents/Robot/nav_ws/install/show_urdf:/home/future/Documents/Robot/nav_ws/install/serial_bridge:/home/future/Documents/Robot/nav_ws/install/ros_tcp_endpoint:/home/future/Documents/Robot/nav_ws/install/remove_obstacle:/home/future/Documents/Robot/nav_ws/install/keyboard_control:/opt/ros/humble LD_LIBRARY_PATH=/home/future/Documents/pengyh/RobotAD_ws/install/robot_hardware/lib:${LD_LIBRARY_PATH} PYTHONPATH=/home/future/Documents/pengyh/RobotAD_ws/install/robot_hardware/local/lib/python3.10/dist-packages:${PYTHONPATH} /usr/bin/cmake --install /home/future/Documents/pengyh/RobotAD_ws/build/serial_comm
