[0.021s] Invoking command in '/home/pengyh/documents/ros2_ws/RobotAD/build/keyboard_control': CMAKE_PREFIX_PATH=/home/pengyh/documents/ros2_ws/RobotAD/install/robot_hardware:/home/pengyh/documents/ros2_ws/RobotAD/install/usb_camera:/home/pengyh/documents/ros2_ws/RobotAD/install/serial_comm:/home/pengyh/documents/ros2_ws/RobotAD/install/rslidar_sdk:/home/pengyh/documents/ros2_ws/RobotAD/install/rslidar_msg:/home/pengyh/documents/ros2_ws/RobotAD/install/robot_locate:/home/pengyh/documents/ros2_ws/RobotAD/install/pointcloud_to_laserscan:/home/pengyh/documents/ros2_ws/RobotAD/install/nuscenes_data_collector:/home/pengyh/documents/ros2_ws/RobotAD/install/miiboo_imu:/home/pengyh/documents/ros2_ws/RobotAD/install/keyboard_control:/home/pengyh/documents/ros2_ws/RobotAD/install/diff_control:/opt/ros/humble LD_LIBRARY_PATH=/home/pengyh/documents/ros2_ws/RobotAD/install/robot_hardware/lib:/home/pengyh/documents/ros2_ws/RobotAD/install/rslidar_msg/lib:/home/pengyh/documents/ros2_ws/RobotAD/install/pointcloud_to_laserscan/lib:/home/pengyh/documents/ros2_ws/RobotAD/install/diff_control/lib:/opt/ros/humble/opt/rviz_ogre_vendor/lib:/opt/ros/humble/lib/x86_64-linux-gnu:/opt/ros/humble/lib /usr/bin/cmake /home/pengyh/documents/ros2_ws/RobotAD/src/keyboard_control -DCMAKE_INSTALL_PREFIX=/home/pengyh/documents/ros2_ws/RobotAD/install/keyboard_control
[0.036s] -- Found ament_cmake: 1.3.11 (/opt/ros/humble/share/ament_cmake/cmake)
[0.194s] -- Override CMake install command with custom implementation using symlinks instead of copying resources
[0.201s] -- Found rclcpp: 16.0.11 (/opt/ros/humble/share/rclcpp/cmake)
[0.238s] -- Found rosidl_generator_c: 3.1.6 (/opt/ros/humble/share/rosidl_generator_c/cmake)
[0.240s] -- Found rosidl_adapter: 3.1.6 (/opt/ros/humble/share/rosidl_adapter/cmake)
[0.247s] -- Found rosidl_generator_cpp: 3.1.6 (/opt/ros/humble/share/rosidl_generator_cpp/cmake)
[0.258s] -- Using all available rosidl_typesupport_c: rosidl_typesupport_fastrtps_c;rosidl_typesupport_introspection_c
[0.273s] -- Using all available rosidl_typesupport_cpp: rosidl_typesupport_fastrtps_cpp;rosidl_typesupport_introspection_cpp
[0.309s] -- Found rmw_implementation_cmake: 6.1.2 (/opt/ros/humble/share/rmw_implementation_cmake/cmake)
[0.310s] -- Found rmw_cyclonedds_cpp: 1.3.4 (/opt/ros/humble/share/rmw_cyclonedds_cpp/cmake)
[0.330s] -- Using RMW implementation 'rmw_cyclonedds_cpp' as default
[0.383s] -- Found robot_hardware: 0.0.1 (/home/pengyh/documents/ros2_ws/RobotAD/install/robot_hardware/share/robot_hardware/cmake)
[0.397s] -- Found geometry_msgs: 4.2.4 (/opt/ros/humble/share/geometry_msgs/cmake)
[0.413s] -- Found ament_lint_auto: 0.12.11 (/opt/ros/humble/share/ament_lint_auto/cmake)
[0.505s] -- Added test 'cppcheck' to perform static code analysis on C / C++ code
[0.505s] -- Configured cppcheck include dirs: 
[0.506s] -- Configured cppcheck exclude dirs and/or files: 
[0.506s] -- Added test 'lint_cmake' to check CMake code style
[0.506s] -- Added test 'uncrustify' to check C / C++ code style
[0.507s] -- Configured uncrustify additional arguments: 
[0.507s] -- Added test 'xmllint' to check XML markup files
[0.509s] -- Configuring done
[0.530s] -- Generating done
[0.534s] -- Build files have been written to: /home/pengyh/documents/ros2_ws/RobotAD/build/keyboard_control
[0.544s] Invoked command in '/home/pengyh/documents/ros2_ws/RobotAD/build/keyboard_control' returned '0': CMAKE_PREFIX_PATH=/home/pengyh/documents/ros2_ws/RobotAD/install/robot_hardware:/home/pengyh/documents/ros2_ws/RobotAD/install/usb_camera:/home/pengyh/documents/ros2_ws/RobotAD/install/serial_comm:/home/pengyh/documents/ros2_ws/RobotAD/install/rslidar_sdk:/home/pengyh/documents/ros2_ws/RobotAD/install/rslidar_msg:/home/pengyh/documents/ros2_ws/RobotAD/install/robot_locate:/home/pengyh/documents/ros2_ws/RobotAD/install/pointcloud_to_laserscan:/home/pengyh/documents/ros2_ws/RobotAD/install/nuscenes_data_collector:/home/pengyh/documents/ros2_ws/RobotAD/install/miiboo_imu:/home/pengyh/documents/ros2_ws/RobotAD/install/keyboard_control:/home/pengyh/documents/ros2_ws/RobotAD/install/diff_control:/opt/ros/humble LD_LIBRARY_PATH=/home/pengyh/documents/ros2_ws/RobotAD/install/robot_hardware/lib:/home/pengyh/documents/ros2_ws/RobotAD/install/rslidar_msg/lib:/home/pengyh/documents/ros2_ws/RobotAD/install/pointcloud_to_laserscan/lib:/home/pengyh/documents/ros2_ws/RobotAD/install/diff_control/lib:/opt/ros/humble/opt/rviz_ogre_vendor/lib:/opt/ros/humble/lib/x86_64-linux-gnu:/opt/ros/humble/lib /usr/bin/cmake /home/pengyh/documents/ros2_ws/RobotAD/src/keyboard_control -DCMAKE_INSTALL_PREFIX=/home/pengyh/documents/ros2_ws/RobotAD/install/keyboard_control
[0.545s] Invoking command in '/home/pengyh/documents/ros2_ws/RobotAD/build/keyboard_control': CMAKE_PREFIX_PATH=/home/pengyh/documents/ros2_ws/RobotAD/install/robot_hardware:/home/pengyh/documents/ros2_ws/RobotAD/install/usb_camera:/home/pengyh/documents/ros2_ws/RobotAD/install/serial_comm:/home/pengyh/documents/ros2_ws/RobotAD/install/rslidar_sdk:/home/pengyh/documents/ros2_ws/RobotAD/install/rslidar_msg:/home/pengyh/documents/ros2_ws/RobotAD/install/robot_locate:/home/pengyh/documents/ros2_ws/RobotAD/install/pointcloud_to_laserscan:/home/pengyh/documents/ros2_ws/RobotAD/install/nuscenes_data_collector:/home/pengyh/documents/ros2_ws/RobotAD/install/miiboo_imu:/home/pengyh/documents/ros2_ws/RobotAD/install/keyboard_control:/home/pengyh/documents/ros2_ws/RobotAD/install/diff_control:/opt/ros/humble LD_LIBRARY_PATH=/home/pengyh/documents/ros2_ws/RobotAD/install/robot_hardware/lib:/home/pengyh/documents/ros2_ws/RobotAD/install/rslidar_msg/lib:/home/pengyh/documents/ros2_ws/RobotAD/install/pointcloud_to_laserscan/lib:/home/pengyh/documents/ros2_ws/RobotAD/install/diff_control/lib:/opt/ros/humble/opt/rviz_ogre_vendor/lib:/opt/ros/humble/lib/x86_64-linux-gnu:/opt/ros/humble/lib /usr/bin/cmake --build /home/pengyh/documents/ros2_ws/RobotAD/build/keyboard_control -- -j24 -l24
[0.598s] [35m[1mConsolidate compiler generated dependencies of target keyboard_control_node[0m
[0.623s] [100%] Built target keyboard_control_node
[0.645s] Invoked command in '/home/pengyh/documents/ros2_ws/RobotAD/build/keyboard_control' returned '0': CMAKE_PREFIX_PATH=/home/pengyh/documents/ros2_ws/RobotAD/install/robot_hardware:/home/pengyh/documents/ros2_ws/RobotAD/install/usb_camera:/home/pengyh/documents/ros2_ws/RobotAD/install/serial_comm:/home/pengyh/documents/ros2_ws/RobotAD/install/rslidar_sdk:/home/pengyh/documents/ros2_ws/RobotAD/install/rslidar_msg:/home/pengyh/documents/ros2_ws/RobotAD/install/robot_locate:/home/pengyh/documents/ros2_ws/RobotAD/install/pointcloud_to_laserscan:/home/pengyh/documents/ros2_ws/RobotAD/install/nuscenes_data_collector:/home/pengyh/documents/ros2_ws/RobotAD/install/miiboo_imu:/home/pengyh/documents/ros2_ws/RobotAD/install/keyboard_control:/home/pengyh/documents/ros2_ws/RobotAD/install/diff_control:/opt/ros/humble LD_LIBRARY_PATH=/home/pengyh/documents/ros2_ws/RobotAD/install/robot_hardware/lib:/home/pengyh/documents/ros2_ws/RobotAD/install/rslidar_msg/lib:/home/pengyh/documents/ros2_ws/RobotAD/install/pointcloud_to_laserscan/lib:/home/pengyh/documents/ros2_ws/RobotAD/install/diff_control/lib:/opt/ros/humble/opt/rviz_ogre_vendor/lib:/opt/ros/humble/lib/x86_64-linux-gnu:/opt/ros/humble/lib /usr/bin/cmake --build /home/pengyh/documents/ros2_ws/RobotAD/build/keyboard_control -- -j24 -l24
[0.648s] Invoking command in '/home/pengyh/documents/ros2_ws/RobotAD/build/keyboard_control': CMAKE_PREFIX_PATH=/home/pengyh/documents/ros2_ws/RobotAD/install/robot_hardware:/home/pengyh/documents/ros2_ws/RobotAD/install/usb_camera:/home/pengyh/documents/ros2_ws/RobotAD/install/serial_comm:/home/pengyh/documents/ros2_ws/RobotAD/install/rslidar_sdk:/home/pengyh/documents/ros2_ws/RobotAD/install/rslidar_msg:/home/pengyh/documents/ros2_ws/RobotAD/install/robot_locate:/home/pengyh/documents/ros2_ws/RobotAD/install/pointcloud_to_laserscan:/home/pengyh/documents/ros2_ws/RobotAD/install/nuscenes_data_collector:/home/pengyh/documents/ros2_ws/RobotAD/install/miiboo_imu:/home/pengyh/documents/ros2_ws/RobotAD/install/keyboard_control:/home/pengyh/documents/ros2_ws/RobotAD/install/diff_control:/opt/ros/humble LD_LIBRARY_PATH=/home/pengyh/documents/ros2_ws/RobotAD/install/robot_hardware/lib:/home/pengyh/documents/ros2_ws/RobotAD/install/rslidar_msg/lib:/home/pengyh/documents/ros2_ws/RobotAD/install/pointcloud_to_laserscan/lib:/home/pengyh/documents/ros2_ws/RobotAD/install/diff_control/lib:/opt/ros/humble/opt/rviz_ogre_vendor/lib:/opt/ros/humble/lib/x86_64-linux-gnu:/opt/ros/humble/lib /usr/bin/cmake --install /home/pengyh/documents/ros2_ws/RobotAD/build/keyboard_control
[0.656s] -- Install configuration: ""
[0.656s] -- Execute custom install script
[0.656s] -- Up-to-date symlink: /home/pengyh/documents/ros2_ws/RobotAD/install/keyboard_control/lib/keyboard_control/keyboard_control_node
[0.657s] -- Up-to-date symlink: /home/pengyh/documents/ros2_ws/RobotAD/install/keyboard_control/share/ament_index/resource_index/package_run_dependencies/keyboard_control
[0.657s] -- Up-to-date symlink: /home/pengyh/documents/ros2_ws/RobotAD/install/keyboard_control/share/ament_index/resource_index/parent_prefix_path/keyboard_control
[0.657s] -- Up-to-date symlink: /home/pengyh/documents/ros2_ws/RobotAD/install/keyboard_control/share/keyboard_control/environment/ament_prefix_path.sh
[0.657s] -- Up-to-date symlink: /home/pengyh/documents/ros2_ws/RobotAD/install/keyboard_control/share/keyboard_control/environment/ament_prefix_path.dsv
[0.657s] -- Up-to-date symlink: /home/pengyh/documents/ros2_ws/RobotAD/install/keyboard_control/share/keyboard_control/environment/path.sh
[0.657s] -- Up-to-date symlink: /home/pengyh/documents/ros2_ws/RobotAD/install/keyboard_control/share/keyboard_control/environment/path.dsv
[0.657s] -- Up-to-date symlink: /home/pengyh/documents/ros2_ws/RobotAD/install/keyboard_control/share/keyboard_control/local_setup.bash
[0.658s] -- Up-to-date symlink: /home/pengyh/documents/ros2_ws/RobotAD/install/keyboard_control/share/keyboard_control/local_setup.sh
[0.658s] -- Up-to-date symlink: /home/pengyh/documents/ros2_ws/RobotAD/install/keyboard_control/share/keyboard_control/local_setup.zsh
[0.658s] -- Up-to-date symlink: /home/pengyh/documents/ros2_ws/RobotAD/install/keyboard_control/share/keyboard_control/local_setup.dsv
[0.658s] -- Symlinking: /home/pengyh/documents/ros2_ws/RobotAD/install/keyboard_control/share/keyboard_control/package.dsv
[0.668s] -- Up-to-date symlink: /home/pengyh/documents/ros2_ws/RobotAD/install/keyboard_control/share/ament_index/resource_index/packages/keyboard_control
[0.669s] -- Up-to-date symlink: /home/pengyh/documents/ros2_ws/RobotAD/install/keyboard_control/share/keyboard_control/cmake/keyboard_controlConfig.cmake
[0.669s] -- Up-to-date symlink: /home/pengyh/documents/ros2_ws/RobotAD/install/keyboard_control/share/keyboard_control/cmake/keyboard_controlConfig-version.cmake
[0.669s] -- Up-to-date symlink: /home/pengyh/documents/ros2_ws/RobotAD/install/keyboard_control/share/keyboard_control/package.xml
[0.684s] Invoked command in '/home/pengyh/documents/ros2_ws/RobotAD/build/keyboard_control' returned '0': CMAKE_PREFIX_PATH=/home/pengyh/documents/ros2_ws/RobotAD/install/robot_hardware:/home/pengyh/documents/ros2_ws/RobotAD/install/usb_camera:/home/pengyh/documents/ros2_ws/RobotAD/install/serial_comm:/home/pengyh/documents/ros2_ws/RobotAD/install/rslidar_sdk:/home/pengyh/documents/ros2_ws/RobotAD/install/rslidar_msg:/home/pengyh/documents/ros2_ws/RobotAD/install/robot_locate:/home/pengyh/documents/ros2_ws/RobotAD/install/pointcloud_to_laserscan:/home/pengyh/documents/ros2_ws/RobotAD/install/nuscenes_data_collector:/home/pengyh/documents/ros2_ws/RobotAD/install/miiboo_imu:/home/pengyh/documents/ros2_ws/RobotAD/install/keyboard_control:/home/pengyh/documents/ros2_ws/RobotAD/install/diff_control:/opt/ros/humble LD_LIBRARY_PATH=/home/pengyh/documents/ros2_ws/RobotAD/install/robot_hardware/lib:/home/pengyh/documents/ros2_ws/RobotAD/install/rslidar_msg/lib:/home/pengyh/documents/ros2_ws/RobotAD/install/pointcloud_to_laserscan/lib:/home/pengyh/documents/ros2_ws/RobotAD/install/diff_control/lib:/opt/ros/humble/opt/rviz_ogre_vendor/lib:/opt/ros/humble/lib/x86_64-linux-gnu:/opt/ros/humble/lib /usr/bin/cmake --install /home/pengyh/documents/ros2_ws/RobotAD/build/keyboard_control
