[0.059s] DEBUG:colcon:Command line arguments: ['/usr/bin/colcon', 'build', '--symlink-install']
[0.059s] DEBUG:colcon:Parsed command line arguments: Namespace(log_base=None, log_level=None, verb_name='build', build_base='build', install_base='install', merge_install=False, symlink_install=True, test_result_base=None, continue_on_error=False, executor='parallel', parallel_workers=24, event_handlers=None, ignore_user_meta=False, metas=['./colcon.meta'], base_paths=['.'], packages_ignore=None, packages_ignore_regex=None, paths=None, packages_up_to=None, packages_up_to_regex=None, packages_above=None, packages_above_and_dependencies=None, packages_above_depth=None, packages_select_by_dep=None, packages_skip_by_dep=None, packages_skip_up_to=None, packages_select_build_failed=False, packages_skip_build_finished=False, packages_select_test_failures=False, packages_skip_test_passed=False, packages_select=None, packages_skip=None, packages_select_regex=None, packages_skip_regex=None, packages_start=None, packages_end=None, allow_overriding=[], cmake_args=None, cmake_target=None, cmake_target_skip_unavailable=False, cmake_clean_cache=False, cmake_clean_first=False, cmake_force_configure=False, ament_cmake_args=None, catkin_cmake_args=None, catkin_skip_building_tests=False, mixin_files=None, mixin=None, verb_parser=<colcon_mixin.mixin.mixin_argument.MixinArgumentDecorator object at 0x7b843ffdab90>, verb_extension=<colcon_core.verb.build.BuildVerb object at 0x7b8440190130>, main=<bound method BuildVerb.main of <colcon_core.verb.build.BuildVerb object at 0x7b8440190130>>, mixin_verb=('build',))
[0.143s] Level 1:colcon.colcon_core.package_discovery:discover_packages(colcon_meta) check parameters
[0.143s] Level 1:colcon.colcon_core.package_discovery:discover_packages(recursive) check parameters
[0.143s] Level 1:colcon.colcon_core.package_discovery:discover_packages(ignore) check parameters
[0.143s] Level 1:colcon.colcon_core.package_discovery:discover_packages(path) check parameters
[0.143s] Level 1:colcon.colcon_core.package_discovery:discover_packages(colcon_meta) discover
[0.143s] Level 1:colcon.colcon_core.package_discovery:discover_packages(recursive) discover
[0.143s] INFO:colcon.colcon_core.package_discovery:Crawling recursively for packages in '/home/pengyh/documents/ros2_ws/RobotAD'
[0.143s] Level 1:colcon.colcon_core.package_identification:_identify(.) by extensions ['ignore', 'ignore_ament_install']
[0.143s] Level 1:colcon.colcon_core.package_identification:_identify(.) by extension 'ignore'
[0.143s] Level 1:colcon.colcon_core.package_identification:_identify(.) by extension 'ignore_ament_install'
[0.143s] Level 1:colcon.colcon_core.package_identification:_identify(.) by extensions ['colcon_pkg']
[0.143s] Level 1:colcon.colcon_core.package_identification:_identify(.) by extension 'colcon_pkg'
[0.143s] Level 1:colcon.colcon_core.package_identification:_identify(.) by extensions ['colcon_meta']
[0.143s] Level 1:colcon.colcon_core.package_identification:_identify(.) by extension 'colcon_meta'
[0.143s] Level 1:colcon.colcon_core.package_identification:_identify(.) by extensions ['ros']
[0.143s] Level 1:colcon.colcon_core.package_identification:_identify(.) by extension 'ros'
[0.150s] Level 1:colcon.colcon_core.package_identification:_identify(.) by extensions ['cmake', 'python']
[0.150s] Level 1:colcon.colcon_core.package_identification:_identify(.) by extension 'cmake'
[0.150s] Level 1:colcon.colcon_core.package_identification:_identify(.) by extension 'python'
[0.150s] Level 1:colcon.colcon_core.package_identification:_identify(.) by extensions ['python_setup_py']
[0.150s] Level 1:colcon.colcon_core.package_identification:_identify(.) by extension 'python_setup_py'
[0.150s] Level 1:colcon.colcon_core.package_identification:_identify(build) by extensions ['ignore', 'ignore_ament_install']
[0.150s] Level 1:colcon.colcon_core.package_identification:_identify(build) by extension 'ignore'
[0.150s] Level 1:colcon.colcon_core.package_identification:_identify(build) ignored
[0.150s] Level 1:colcon.colcon_core.package_identification:_identify(install) by extensions ['ignore', 'ignore_ament_install']
[0.150s] Level 1:colcon.colcon_core.package_identification:_identify(install) by extension 'ignore'
[0.150s] Level 1:colcon.colcon_core.package_identification:_identify(install) ignored
[0.150s] Level 1:colcon.colcon_core.package_identification:_identify(launch) by extensions ['ignore', 'ignore_ament_install']
[0.151s] Level 1:colcon.colcon_core.package_identification:_identify(launch) by extension 'ignore'
[0.151s] Level 1:colcon.colcon_core.package_identification:_identify(launch) by extension 'ignore_ament_install'
[0.151s] Level 1:colcon.colcon_core.package_identification:_identify(launch) by extensions ['colcon_pkg']
[0.151s] Level 1:colcon.colcon_core.package_identification:_identify(launch) by extension 'colcon_pkg'
[0.151s] Level 1:colcon.colcon_core.package_identification:_identify(launch) by extensions ['colcon_meta']
[0.151s] Level 1:colcon.colcon_core.package_identification:_identify(launch) by extension 'colcon_meta'
[0.151s] Level 1:colcon.colcon_core.package_identification:_identify(launch) by extensions ['ros']
[0.151s] Level 1:colcon.colcon_core.package_identification:_identify(launch) by extension 'ros'
[0.151s] Level 1:colcon.colcon_core.package_identification:_identify(launch) by extensions ['cmake', 'python']
[0.151s] Level 1:colcon.colcon_core.package_identification:_identify(launch) by extension 'cmake'
[0.151s] Level 1:colcon.colcon_core.package_identification:_identify(launch) by extension 'python'
[0.151s] Level 1:colcon.colcon_core.package_identification:_identify(launch) by extensions ['python_setup_py']
[0.151s] Level 1:colcon.colcon_core.package_identification:_identify(launch) by extension 'python_setup_py'
[0.151s] Level 1:colcon.colcon_core.package_identification:_identify(launch/__pycache__) by extensions ['ignore', 'ignore_ament_install']
[0.151s] Level 1:colcon.colcon_core.package_identification:_identify(launch/__pycache__) by extension 'ignore'
[0.151s] Level 1:colcon.colcon_core.package_identification:_identify(launch/__pycache__) by extension 'ignore_ament_install'
[0.151s] Level 1:colcon.colcon_core.package_identification:_identify(launch/__pycache__) by extensions ['colcon_pkg']
[0.151s] Level 1:colcon.colcon_core.package_identification:_identify(launch/__pycache__) by extension 'colcon_pkg'
[0.151s] Level 1:colcon.colcon_core.package_identification:_identify(launch/__pycache__) by extensions ['colcon_meta']
[0.151s] Level 1:colcon.colcon_core.package_identification:_identify(launch/__pycache__) by extension 'colcon_meta'
[0.151s] Level 1:colcon.colcon_core.package_identification:_identify(launch/__pycache__) by extensions ['ros']
[0.151s] Level 1:colcon.colcon_core.package_identification:_identify(launch/__pycache__) by extension 'ros'
[0.151s] Level 1:colcon.colcon_core.package_identification:_identify(launch/__pycache__) by extensions ['cmake', 'python']
[0.151s] Level 1:colcon.colcon_core.package_identification:_identify(launch/__pycache__) by extension 'cmake'
[0.151s] Level 1:colcon.colcon_core.package_identification:_identify(launch/__pycache__) by extension 'python'
[0.151s] Level 1:colcon.colcon_core.package_identification:_identify(launch/__pycache__) by extensions ['python_setup_py']
[0.151s] Level 1:colcon.colcon_core.package_identification:_identify(launch/__pycache__) by extension 'python_setup_py'
[0.151s] Level 1:colcon.colcon_core.package_identification:_identify(log) by extensions ['ignore', 'ignore_ament_install']
[0.151s] Level 1:colcon.colcon_core.package_identification:_identify(log) by extension 'ignore'
[0.151s] Level 1:colcon.colcon_core.package_identification:_identify(log) ignored
[0.151s] Level 1:colcon.colcon_core.package_identification:_identify(src) by extensions ['ignore', 'ignore_ament_install']
[0.151s] Level 1:colcon.colcon_core.package_identification:_identify(src) by extension 'ignore'
[0.151s] Level 1:colcon.colcon_core.package_identification:_identify(src) by extension 'ignore_ament_install'
[0.151s] Level 1:colcon.colcon_core.package_identification:_identify(src) by extensions ['colcon_pkg']
[0.151s] Level 1:colcon.colcon_core.package_identification:_identify(src) by extension 'colcon_pkg'
[0.151s] Level 1:colcon.colcon_core.package_identification:_identify(src) by extensions ['colcon_meta']
[0.151s] Level 1:colcon.colcon_core.package_identification:_identify(src) by extension 'colcon_meta'
[0.151s] Level 1:colcon.colcon_core.package_identification:_identify(src) by extensions ['ros']
[0.151s] Level 1:colcon.colcon_core.package_identification:_identify(src) by extension 'ros'
[0.151s] Level 1:colcon.colcon_core.package_identification:_identify(src) by extensions ['cmake', 'python']
[0.151s] Level 1:colcon.colcon_core.package_identification:_identify(src) by extension 'cmake'
[0.151s] Level 1:colcon.colcon_core.package_identification:_identify(src) by extension 'python'
[0.151s] Level 1:colcon.colcon_core.package_identification:_identify(src) by extensions ['python_setup_py']
[0.151s] Level 1:colcon.colcon_core.package_identification:_identify(src) by extension 'python_setup_py'
[0.152s] Level 1:colcon.colcon_core.package_identification:_identify(src/diff_control) by extensions ['ignore', 'ignore_ament_install']
[0.152s] Level 1:colcon.colcon_core.package_identification:_identify(src/diff_control) by extension 'ignore'
[0.152s] Level 1:colcon.colcon_core.package_identification:_identify(src/diff_control) by extension 'ignore_ament_install'
[0.152s] Level 1:colcon.colcon_core.package_identification:_identify(src/diff_control) by extensions ['colcon_pkg']
[0.152s] Level 1:colcon.colcon_core.package_identification:_identify(src/diff_control) by extension 'colcon_pkg'
[0.152s] Level 1:colcon.colcon_core.package_identification:_identify(src/diff_control) by extensions ['colcon_meta']
[0.152s] Level 1:colcon.colcon_core.package_identification:_identify(src/diff_control) by extension 'colcon_meta'
[0.152s] Level 1:colcon.colcon_core.package_identification:_identify(src/diff_control) by extensions ['ros']
[0.152s] Level 1:colcon.colcon_core.package_identification:_identify(src/diff_control) by extension 'ros'
[0.153s] DEBUG:colcon.colcon_core.package_identification:Package 'src/diff_control' with type 'ros.ament_cmake' and name 'diff_control'
[0.153s] Level 1:colcon.colcon_core.package_identification:_identify(src/keyboard_control) by extensions ['ignore', 'ignore_ament_install']
[0.154s] Level 1:colcon.colcon_core.package_identification:_identify(src/keyboard_control) by extension 'ignore'
[0.154s] Level 1:colcon.colcon_core.package_identification:_identify(src/keyboard_control) by extension 'ignore_ament_install'
[0.154s] Level 1:colcon.colcon_core.package_identification:_identify(src/keyboard_control) by extensions ['colcon_pkg']
[0.154s] Level 1:colcon.colcon_core.package_identification:_identify(src/keyboard_control) by extension 'colcon_pkg'
[0.154s] Level 1:colcon.colcon_core.package_identification:_identify(src/keyboard_control) by extensions ['colcon_meta']
[0.154s] Level 1:colcon.colcon_core.package_identification:_identify(src/keyboard_control) by extension 'colcon_meta'
[0.154s] Level 1:colcon.colcon_core.package_identification:_identify(src/keyboard_control) by extensions ['ros']
[0.154s] Level 1:colcon.colcon_core.package_identification:_identify(src/keyboard_control) by extension 'ros'
[0.154s] DEBUG:colcon.colcon_core.package_identification:Package 'src/keyboard_control' with type 'ros.ament_cmake' and name 'keyboard_control'
[0.154s] Level 1:colcon.colcon_core.package_identification:_identify(src/miiboo_imu) by extensions ['ignore', 'ignore_ament_install']
[0.154s] Level 1:colcon.colcon_core.package_identification:_identify(src/miiboo_imu) by extension 'ignore'
[0.154s] Level 1:colcon.colcon_core.package_identification:_identify(src/miiboo_imu) by extension 'ignore_ament_install'
[0.154s] Level 1:colcon.colcon_core.package_identification:_identify(src/miiboo_imu) by extensions ['colcon_pkg']
[0.154s] Level 1:colcon.colcon_core.package_identification:_identify(src/miiboo_imu) by extension 'colcon_pkg'
[0.154s] Level 1:colcon.colcon_core.package_identification:_identify(src/miiboo_imu) by extensions ['colcon_meta']
[0.154s] Level 1:colcon.colcon_core.package_identification:_identify(src/miiboo_imu) by extension 'colcon_meta'
[0.154s] Level 1:colcon.colcon_core.package_identification:_identify(src/miiboo_imu) by extensions ['ros']
[0.154s] Level 1:colcon.colcon_core.package_identification:_identify(src/miiboo_imu) by extension 'ros'
[0.155s] DEBUG:colcon.colcon_core.package_identification:Package 'src/miiboo_imu' with type 'ros.ament_cmake' and name 'miiboo_imu'
[0.155s] Level 1:colcon.colcon_core.package_identification:_identify(src/pointcloud_to_laserscan) by extensions ['ignore', 'ignore_ament_install']
[0.155s] Level 1:colcon.colcon_core.package_identification:_identify(src/pointcloud_to_laserscan) by extension 'ignore'
[0.155s] Level 1:colcon.colcon_core.package_identification:_identify(src/pointcloud_to_laserscan) by extension 'ignore_ament_install'
[0.155s] Level 1:colcon.colcon_core.package_identification:_identify(src/pointcloud_to_laserscan) by extensions ['colcon_pkg']
[0.155s] Level 1:colcon.colcon_core.package_identification:_identify(src/pointcloud_to_laserscan) by extension 'colcon_pkg'
[0.155s] Level 1:colcon.colcon_core.package_identification:_identify(src/pointcloud_to_laserscan) by extensions ['colcon_meta']
[0.155s] Level 1:colcon.colcon_core.package_identification:_identify(src/pointcloud_to_laserscan) by extension 'colcon_meta'
[0.155s] Level 1:colcon.colcon_core.package_identification:_identify(src/pointcloud_to_laserscan) by extensions ['ros']
[0.155s] Level 1:colcon.colcon_core.package_identification:_identify(src/pointcloud_to_laserscan) by extension 'ros'
[0.156s] DEBUG:colcon.colcon_core.package_identification:Package 'src/pointcloud_to_laserscan' with type 'ros.ament_cmake' and name 'pointcloud_to_laserscan'
[0.156s] Level 1:colcon.colcon_core.package_identification:_identify(src/robot_hardware) by extensions ['ignore', 'ignore_ament_install']
[0.156s] Level 1:colcon.colcon_core.package_identification:_identify(src/robot_hardware) by extension 'ignore'
[0.156s] Level 1:colcon.colcon_core.package_identification:_identify(src/robot_hardware) by extension 'ignore_ament_install'
[0.156s] Level 1:colcon.colcon_core.package_identification:_identify(src/robot_hardware) by extensions ['colcon_pkg']
[0.156s] Level 1:colcon.colcon_core.package_identification:_identify(src/robot_hardware) by extension 'colcon_pkg'
[0.156s] Level 1:colcon.colcon_core.package_identification:_identify(src/robot_hardware) by extensions ['colcon_meta']
[0.156s] Level 1:colcon.colcon_core.package_identification:_identify(src/robot_hardware) by extension 'colcon_meta'
[0.156s] Level 1:colcon.colcon_core.package_identification:_identify(src/robot_hardware) by extensions ['ros']
[0.156s] Level 1:colcon.colcon_core.package_identification:_identify(src/robot_hardware) by extension 'ros'
[0.156s] DEBUG:colcon.colcon_core.package_identification:Package 'src/robot_hardware' with type 'ros.ament_cmake' and name 'robot_hardware'
[0.156s] Level 1:colcon.colcon_core.package_identification:_identify(src/robot_locate) by extensions ['ignore', 'ignore_ament_install']
[0.156s] Level 1:colcon.colcon_core.package_identification:_identify(src/robot_locate) by extension 'ignore'
[0.156s] Level 1:colcon.colcon_core.package_identification:_identify(src/robot_locate) by extension 'ignore_ament_install'
[0.156s] Level 1:colcon.colcon_core.package_identification:_identify(src/robot_locate) by extensions ['colcon_pkg']
[0.157s] Level 1:colcon.colcon_core.package_identification:_identify(src/robot_locate) by extension 'colcon_pkg'
[0.157s] Level 1:colcon.colcon_core.package_identification:_identify(src/robot_locate) by extensions ['colcon_meta']
[0.157s] Level 1:colcon.colcon_core.package_identification:_identify(src/robot_locate) by extension 'colcon_meta'
[0.157s] Level 1:colcon.colcon_core.package_identification:_identify(src/robot_locate) by extensions ['ros']
[0.157s] Level 1:colcon.colcon_core.package_identification:_identify(src/robot_locate) by extension 'ros'
[0.157s] DEBUG:colcon.colcon_core.package_identification:Package 'src/robot_locate' with type 'ros.ament_cmake' and name 'robot_locate'
[0.157s] Level 1:colcon.colcon_core.package_identification:_identify(src/rslidar_msg) by extensions ['ignore', 'ignore_ament_install']
[0.157s] Level 1:colcon.colcon_core.package_identification:_identify(src/rslidar_msg) by extension 'ignore'
[0.157s] Level 1:colcon.colcon_core.package_identification:_identify(src/rslidar_msg) by extension 'ignore_ament_install'
[0.157s] Level 1:colcon.colcon_core.package_identification:_identify(src/rslidar_msg) by extensions ['colcon_pkg']
[0.157s] Level 1:colcon.colcon_core.package_identification:_identify(src/rslidar_msg) by extension 'colcon_pkg'
[0.157s] Level 1:colcon.colcon_core.package_identification:_identify(src/rslidar_msg) by extensions ['colcon_meta']
[0.157s] Level 1:colcon.colcon_core.package_identification:_identify(src/rslidar_msg) by extension 'colcon_meta'
[0.157s] Level 1:colcon.colcon_core.package_identification:_identify(src/rslidar_msg) by extensions ['ros']
[0.157s] Level 1:colcon.colcon_core.package_identification:_identify(src/rslidar_msg) by extension 'ros'
[0.158s] DEBUG:colcon.colcon_core.package_identification:Package 'src/rslidar_msg' with type 'ros.ament_cmake' and name 'rslidar_msg'
[0.158s] Level 1:colcon.colcon_core.package_identification:_identify(src/rslidar_sdk) by extensions ['ignore', 'ignore_ament_install']
[0.158s] Level 1:colcon.colcon_core.package_identification:_identify(src/rslidar_sdk) by extension 'ignore'
[0.158s] Level 1:colcon.colcon_core.package_identification:_identify(src/rslidar_sdk) by extension 'ignore_ament_install'
[0.158s] Level 1:colcon.colcon_core.package_identification:_identify(src/rslidar_sdk) by extensions ['colcon_pkg']
[0.158s] Level 1:colcon.colcon_core.package_identification:_identify(src/rslidar_sdk) by extension 'colcon_pkg'
[0.158s] Level 1:colcon.colcon_core.package_identification:_identify(src/rslidar_sdk) by extensions ['colcon_meta']
[0.158s] Level 1:colcon.colcon_core.package_identification:_identify(src/rslidar_sdk) by extension 'colcon_meta'
[0.158s] Level 1:colcon.colcon_core.package_identification:_identify(src/rslidar_sdk) by extensions ['ros']
[0.158s] Level 1:colcon.colcon_core.package_identification:_identify(src/rslidar_sdk) by extension 'ros'
[0.158s] DEBUG:colcon.colcon_core.package_identification:Package 'src/rslidar_sdk' with type 'ros.ament_cmake' and name 'rslidar_sdk'
[0.158s] Level 1:colcon.colcon_core.package_identification:_identify(src/serial_comm) by extensions ['ignore', 'ignore_ament_install']
[0.158s] Level 1:colcon.colcon_core.package_identification:_identify(src/serial_comm) by extension 'ignore'
[0.158s] Level 1:colcon.colcon_core.package_identification:_identify(src/serial_comm) by extension 'ignore_ament_install'
[0.158s] Level 1:colcon.colcon_core.package_identification:_identify(src/serial_comm) by extensions ['colcon_pkg']
[0.158s] Level 1:colcon.colcon_core.package_identification:_identify(src/serial_comm) by extension 'colcon_pkg'
[0.158s] Level 1:colcon.colcon_core.package_identification:_identify(src/serial_comm) by extensions ['colcon_meta']
[0.158s] Level 1:colcon.colcon_core.package_identification:_identify(src/serial_comm) by extension 'colcon_meta'
[0.158s] Level 1:colcon.colcon_core.package_identification:_identify(src/serial_comm) by extensions ['ros']
[0.158s] Level 1:colcon.colcon_core.package_identification:_identify(src/serial_comm) by extension 'ros'
[0.159s] DEBUG:colcon.colcon_core.package_identification:Package 'src/serial_comm' with type 'ros.ament_cmake' and name 'serial_comm'
[0.159s] Level 1:colcon.colcon_core.package_identification:_identify(src/usb_camera) by extensions ['ignore', 'ignore_ament_install']
[0.159s] Level 1:colcon.colcon_core.package_identification:_identify(src/usb_camera) by extension 'ignore'
[0.159s] Level 1:colcon.colcon_core.package_identification:_identify(src/usb_camera) by extension 'ignore_ament_install'
[0.159s] Level 1:colcon.colcon_core.package_identification:_identify(src/usb_camera) by extensions ['colcon_pkg']
[0.159s] Level 1:colcon.colcon_core.package_identification:_identify(src/usb_camera) by extension 'colcon_pkg'
[0.159s] Level 1:colcon.colcon_core.package_identification:_identify(src/usb_camera) by extensions ['colcon_meta']
[0.159s] Level 1:colcon.colcon_core.package_identification:_identify(src/usb_camera) by extension 'colcon_meta'
[0.159s] Level 1:colcon.colcon_core.package_identification:_identify(src/usb_camera) by extensions ['ros']
[0.159s] Level 1:colcon.colcon_core.package_identification:_identify(src/usb_camera) by extension 'ros'
[0.159s] DEBUG:colcon.colcon_core.package_identification:Package 'src/usb_camera' with type 'ros.ament_cmake' and name 'usb_camera'
[0.159s] Level 1:colcon.colcon_core.package_identification:_identify(tools) by extensions ['ignore', 'ignore_ament_install']
[0.159s] Level 1:colcon.colcon_core.package_identification:_identify(tools) by extension 'ignore'
[0.159s] Level 1:colcon.colcon_core.package_identification:_identify(tools) by extension 'ignore_ament_install'
[0.159s] Level 1:colcon.colcon_core.package_identification:_identify(tools) by extensions ['colcon_pkg']
[0.159s] Level 1:colcon.colcon_core.package_identification:_identify(tools) by extension 'colcon_pkg'
[0.159s] Level 1:colcon.colcon_core.package_identification:_identify(tools) by extensions ['colcon_meta']
[0.159s] Level 1:colcon.colcon_core.package_identification:_identify(tools) by extension 'colcon_meta'
[0.159s] Level 1:colcon.colcon_core.package_identification:_identify(tools) by extensions ['ros']
[0.159s] Level 1:colcon.colcon_core.package_identification:_identify(tools) by extension 'ros'
[0.159s] Level 1:colcon.colcon_core.package_identification:_identify(tools) by extensions ['cmake', 'python']
[0.159s] Level 1:colcon.colcon_core.package_identification:_identify(tools) by extension 'cmake'
[0.159s] Level 1:colcon.colcon_core.package_identification:_identify(tools) by extension 'python'
[0.160s] Level 1:colcon.colcon_core.package_identification:_identify(tools) by extensions ['python_setup_py']
[0.160s] Level 1:colcon.colcon_core.package_identification:_identify(tools) by extension 'python_setup_py'
[0.160s] Level 1:colcon.colcon_core.package_discovery:discover_packages(recursive) using defaults
[0.160s] Level 1:colcon.colcon_core.package_discovery:discover_packages(ignore) discover
[0.160s] Level 1:colcon.colcon_core.package_discovery:discover_packages(ignore) using defaults
[0.160s] Level 1:colcon.colcon_core.package_discovery:discover_packages(path) discover
[0.160s] Level 1:colcon.colcon_core.package_discovery:discover_packages(path) using defaults
[0.178s] Level 1:colcon.colcon_core.package_discovery:discover_packages(prefix_path) check parameters
[0.178s] Level 1:colcon.colcon_core.package_discovery:discover_packages(prefix_path) discover
[0.179s] WARNING:colcon.colcon_ros.prefix_path.ament:The path '/home/pengyh/documents/ros2_ws/RobotAD/install/serial_comm' in the environment variable AMENT_PREFIX_PATH doesn't exist
[0.179s] WARNING:colcon.colcon_ros.prefix_path.ament:The path '/home/pengyh/documents/ros2_ws/RobotAD/install/rslidar_sdk' in the environment variable AMENT_PREFIX_PATH doesn't exist
[0.179s] WARNING:colcon.colcon_ros.prefix_path.ament:The path '/home/pengyh/documents/ros2_ws/RobotAD/install/keyboard_control' in the environment variable AMENT_PREFIX_PATH doesn't exist
[0.179s] WARNING:colcon.colcon_ros.prefix_path.catkin:The path '/home/pengyh/documents/ros2_ws/RobotAD/install/serial_comm' in the environment variable CMAKE_PREFIX_PATH doesn't exist
[0.179s] WARNING:colcon.colcon_ros.prefix_path.catkin:The path '/home/pengyh/documents/ros2_ws/RobotAD/install/rslidar_sdk' in the environment variable CMAKE_PREFIX_PATH doesn't exist
[0.179s] WARNING:colcon.colcon_ros.prefix_path.catkin:The path '/home/pengyh/documents/ros2_ws/RobotAD/install/keyboard_control' in the environment variable CMAKE_PREFIX_PATH doesn't exist
[0.180s] DEBUG:colcon.colcon_installed_package_information.package_discovery:Found 7 installed packages in /home/pengyh/documents/ros2_ws/RobotAD/install
[0.180s] DEBUG:colcon.colcon_installed_package_information.package_discovery:Found 264 installed packages in /opt/ros/humble
[0.181s] Level 1:colcon.colcon_core.package_discovery:discover_packages(prefix_path) using defaults
[0.199s] Level 5:colcon.colcon_core.verb:set package 'diff_control' build argument 'cmake_args' from command line to 'None'
[0.199s] Level 5:colcon.colcon_core.verb:set package 'diff_control' build argument 'cmake_target' from command line to 'None'
[0.199s] Level 5:colcon.colcon_core.verb:set package 'diff_control' build argument 'cmake_target_skip_unavailable' from command line to 'False'
[0.199s] Level 5:colcon.colcon_core.verb:set package 'diff_control' build argument 'cmake_clean_cache' from command line to 'False'
[0.199s] Level 5:colcon.colcon_core.verb:set package 'diff_control' build argument 'cmake_clean_first' from command line to 'False'
[0.199s] Level 5:colcon.colcon_core.verb:set package 'diff_control' build argument 'cmake_force_configure' from command line to 'False'
[0.199s] Level 5:colcon.colcon_core.verb:set package 'diff_control' build argument 'ament_cmake_args' from command line to 'None'
[0.199s] Level 5:colcon.colcon_core.verb:set package 'diff_control' build argument 'catkin_cmake_args' from command line to 'None'
[0.199s] Level 5:colcon.colcon_core.verb:set package 'diff_control' build argument 'catkin_skip_building_tests' from command line to 'False'
[0.199s] DEBUG:colcon.colcon_core.verb:Building package 'diff_control' with the following arguments: {'ament_cmake_args': None, 'build_base': '/home/pengyh/documents/ros2_ws/RobotAD/build/diff_control', 'catkin_cmake_args': None, 'catkin_skip_building_tests': False, 'cmake_args': None, 'cmake_clean_cache': False, 'cmake_clean_first': False, 'cmake_force_configure': False, 'cmake_target': None, 'cmake_target_skip_unavailable': False, 'install_base': '/home/pengyh/documents/ros2_ws/RobotAD/install/diff_control', 'merge_install': False, 'path': '/home/pengyh/documents/ros2_ws/RobotAD/src/diff_control', 'symlink_install': True, 'test_result_base': None}
[0.199s] Level 5:colcon.colcon_core.verb:set package 'miiboo_imu' build argument 'cmake_args' from command line to 'None'
[0.199s] Level 5:colcon.colcon_core.verb:set package 'miiboo_imu' build argument 'cmake_target' from command line to 'None'
[0.199s] Level 5:colcon.colcon_core.verb:set package 'miiboo_imu' build argument 'cmake_target_skip_unavailable' from command line to 'False'
[0.199s] Level 5:colcon.colcon_core.verb:set package 'miiboo_imu' build argument 'cmake_clean_cache' from command line to 'False'
[0.199s] Level 5:colcon.colcon_core.verb:set package 'miiboo_imu' build argument 'cmake_clean_first' from command line to 'False'
[0.199s] Level 5:colcon.colcon_core.verb:set package 'miiboo_imu' build argument 'cmake_force_configure' from command line to 'False'
[0.199s] Level 5:colcon.colcon_core.verb:set package 'miiboo_imu' build argument 'ament_cmake_args' from command line to 'None'
[0.199s] Level 5:colcon.colcon_core.verb:set package 'miiboo_imu' build argument 'catkin_cmake_args' from command line to 'None'
[0.199s] Level 5:colcon.colcon_core.verb:set package 'miiboo_imu' build argument 'catkin_skip_building_tests' from command line to 'False'
[0.199s] DEBUG:colcon.colcon_core.verb:Building package 'miiboo_imu' with the following arguments: {'ament_cmake_args': None, 'build_base': '/home/pengyh/documents/ros2_ws/RobotAD/build/miiboo_imu', 'catkin_cmake_args': None, 'catkin_skip_building_tests': False, 'cmake_args': None, 'cmake_clean_cache': False, 'cmake_clean_first': False, 'cmake_force_configure': False, 'cmake_target': None, 'cmake_target_skip_unavailable': False, 'install_base': '/home/pengyh/documents/ros2_ws/RobotAD/install/miiboo_imu', 'merge_install': False, 'path': '/home/pengyh/documents/ros2_ws/RobotAD/src/miiboo_imu', 'symlink_install': True, 'test_result_base': None}
[0.199s] Level 5:colcon.colcon_core.verb:set package 'pointcloud_to_laserscan' build argument 'cmake_args' from command line to 'None'
[0.199s] Level 5:colcon.colcon_core.verb:set package 'pointcloud_to_laserscan' build argument 'cmake_target' from command line to 'None'
[0.199s] Level 5:colcon.colcon_core.verb:set package 'pointcloud_to_laserscan' build argument 'cmake_target_skip_unavailable' from command line to 'False'
[0.199s] Level 5:colcon.colcon_core.verb:set package 'pointcloud_to_laserscan' build argument 'cmake_clean_cache' from command line to 'False'
[0.199s] Level 5:colcon.colcon_core.verb:set package 'pointcloud_to_laserscan' build argument 'cmake_clean_first' from command line to 'False'
[0.199s] Level 5:colcon.colcon_core.verb:set package 'pointcloud_to_laserscan' build argument 'cmake_force_configure' from command line to 'False'
[0.199s] Level 5:colcon.colcon_core.verb:set package 'pointcloud_to_laserscan' build argument 'ament_cmake_args' from command line to 'None'
[0.199s] Level 5:colcon.colcon_core.verb:set package 'pointcloud_to_laserscan' build argument 'catkin_cmake_args' from command line to 'None'
[0.199s] Level 5:colcon.colcon_core.verb:set package 'pointcloud_to_laserscan' build argument 'catkin_skip_building_tests' from command line to 'False'
[0.199s] DEBUG:colcon.colcon_core.verb:Building package 'pointcloud_to_laserscan' with the following arguments: {'ament_cmake_args': None, 'build_base': '/home/pengyh/documents/ros2_ws/RobotAD/build/pointcloud_to_laserscan', 'catkin_cmake_args': None, 'catkin_skip_building_tests': False, 'cmake_args': None, 'cmake_clean_cache': False, 'cmake_clean_first': False, 'cmake_force_configure': False, 'cmake_target': None, 'cmake_target_skip_unavailable': False, 'install_base': '/home/pengyh/documents/ros2_ws/RobotAD/install/pointcloud_to_laserscan', 'merge_install': False, 'path': '/home/pengyh/documents/ros2_ws/RobotAD/src/pointcloud_to_laserscan', 'symlink_install': True, 'test_result_base': None}
[0.200s] Level 5:colcon.colcon_core.verb:set package 'robot_hardware' build argument 'cmake_args' from command line to 'None'
[0.200s] Level 5:colcon.colcon_core.verb:set package 'robot_hardware' build argument 'cmake_target' from command line to 'None'
[0.200s] Level 5:colcon.colcon_core.verb:set package 'robot_hardware' build argument 'cmake_target_skip_unavailable' from command line to 'False'
[0.200s] Level 5:colcon.colcon_core.verb:set package 'robot_hardware' build argument 'cmake_clean_cache' from command line to 'False'
[0.200s] Level 5:colcon.colcon_core.verb:set package 'robot_hardware' build argument 'cmake_clean_first' from command line to 'False'
[0.200s] Level 5:colcon.colcon_core.verb:set package 'robot_hardware' build argument 'cmake_force_configure' from command line to 'False'
[0.200s] Level 5:colcon.colcon_core.verb:set package 'robot_hardware' build argument 'ament_cmake_args' from command line to 'None'
[0.200s] Level 5:colcon.colcon_core.verb:set package 'robot_hardware' build argument 'catkin_cmake_args' from command line to 'None'
[0.200s] Level 5:colcon.colcon_core.verb:set package 'robot_hardware' build argument 'catkin_skip_building_tests' from command line to 'False'
[0.200s] DEBUG:colcon.colcon_core.verb:Building package 'robot_hardware' with the following arguments: {'ament_cmake_args': None, 'build_base': '/home/pengyh/documents/ros2_ws/RobotAD/build/robot_hardware', 'catkin_cmake_args': None, 'catkin_skip_building_tests': False, 'cmake_args': None, 'cmake_clean_cache': False, 'cmake_clean_first': False, 'cmake_force_configure': False, 'cmake_target': None, 'cmake_target_skip_unavailable': False, 'install_base': '/home/pengyh/documents/ros2_ws/RobotAD/install/robot_hardware', 'merge_install': False, 'path': '/home/pengyh/documents/ros2_ws/RobotAD/src/robot_hardware', 'symlink_install': True, 'test_result_base': None}
[0.200s] Level 5:colcon.colcon_core.verb:set package 'robot_locate' build argument 'cmake_args' from command line to 'None'
[0.200s] Level 5:colcon.colcon_core.verb:set package 'robot_locate' build argument 'cmake_target' from command line to 'None'
[0.200s] Level 5:colcon.colcon_core.verb:set package 'robot_locate' build argument 'cmake_target_skip_unavailable' from command line to 'False'
[0.200s] Level 5:colcon.colcon_core.verb:set package 'robot_locate' build argument 'cmake_clean_cache' from command line to 'False'
[0.200s] Level 5:colcon.colcon_core.verb:set package 'robot_locate' build argument 'cmake_clean_first' from command line to 'False'
[0.200s] Level 5:colcon.colcon_core.verb:set package 'robot_locate' build argument 'cmake_force_configure' from command line to 'False'
[0.200s] Level 5:colcon.colcon_core.verb:set package 'robot_locate' build argument 'ament_cmake_args' from command line to 'None'
[0.200s] Level 5:colcon.colcon_core.verb:set package 'robot_locate' build argument 'catkin_cmake_args' from command line to 'None'
[0.200s] Level 5:colcon.colcon_core.verb:set package 'robot_locate' build argument 'catkin_skip_building_tests' from command line to 'False'
[0.200s] DEBUG:colcon.colcon_core.verb:Building package 'robot_locate' with the following arguments: {'ament_cmake_args': None, 'build_base': '/home/pengyh/documents/ros2_ws/RobotAD/build/robot_locate', 'catkin_cmake_args': None, 'catkin_skip_building_tests': False, 'cmake_args': None, 'cmake_clean_cache': False, 'cmake_clean_first': False, 'cmake_force_configure': False, 'cmake_target': None, 'cmake_target_skip_unavailable': False, 'install_base': '/home/pengyh/documents/ros2_ws/RobotAD/install/robot_locate', 'merge_install': False, 'path': '/home/pengyh/documents/ros2_ws/RobotAD/src/robot_locate', 'symlink_install': True, 'test_result_base': None}
[0.200s] Level 5:colcon.colcon_core.verb:set package 'rslidar_msg' build argument 'cmake_args' from command line to 'None'
[0.200s] Level 5:colcon.colcon_core.verb:set package 'rslidar_msg' build argument 'cmake_target' from command line to 'None'
[0.200s] Level 5:colcon.colcon_core.verb:set package 'rslidar_msg' build argument 'cmake_target_skip_unavailable' from command line to 'False'
[0.200s] Level 5:colcon.colcon_core.verb:set package 'rslidar_msg' build argument 'cmake_clean_cache' from command line to 'False'
[0.200s] Level 5:colcon.colcon_core.verb:set package 'rslidar_msg' build argument 'cmake_clean_first' from command line to 'False'
[0.200s] Level 5:colcon.colcon_core.verb:set package 'rslidar_msg' build argument 'cmake_force_configure' from command line to 'False'
[0.200s] Level 5:colcon.colcon_core.verb:set package 'rslidar_msg' build argument 'ament_cmake_args' from command line to 'None'
[0.200s] Level 5:colcon.colcon_core.verb:set package 'rslidar_msg' build argument 'catkin_cmake_args' from command line to 'None'
[0.200s] Level 5:colcon.colcon_core.verb:set package 'rslidar_msg' build argument 'catkin_skip_building_tests' from command line to 'False'
[0.200s] DEBUG:colcon.colcon_core.verb:Building package 'rslidar_msg' with the following arguments: {'ament_cmake_args': None, 'build_base': '/home/pengyh/documents/ros2_ws/RobotAD/build/rslidar_msg', 'catkin_cmake_args': None, 'catkin_skip_building_tests': False, 'cmake_args': None, 'cmake_clean_cache': False, 'cmake_clean_first': False, 'cmake_force_configure': False, 'cmake_target': None, 'cmake_target_skip_unavailable': False, 'install_base': '/home/pengyh/documents/ros2_ws/RobotAD/install/rslidar_msg', 'merge_install': False, 'path': '/home/pengyh/documents/ros2_ws/RobotAD/src/rslidar_msg', 'symlink_install': True, 'test_result_base': None}
[0.200s] Level 5:colcon.colcon_core.verb:set package 'usb_camera' build argument 'cmake_args' from command line to 'None'
[0.200s] Level 5:colcon.colcon_core.verb:set package 'usb_camera' build argument 'cmake_target' from command line to 'None'
[0.200s] Level 5:colcon.colcon_core.verb:set package 'usb_camera' build argument 'cmake_target_skip_unavailable' from command line to 'False'
[0.200s] Level 5:colcon.colcon_core.verb:set package 'usb_camera' build argument 'cmake_clean_cache' from command line to 'False'
[0.201s] Level 5:colcon.colcon_core.verb:set package 'usb_camera' build argument 'cmake_clean_first' from command line to 'False'
[0.201s] Level 5:colcon.colcon_core.verb:set package 'usb_camera' build argument 'cmake_force_configure' from command line to 'False'
[0.201s] Level 5:colcon.colcon_core.verb:set package 'usb_camera' build argument 'ament_cmake_args' from command line to 'None'
[0.201s] Level 5:colcon.colcon_core.verb:set package 'usb_camera' build argument 'catkin_cmake_args' from command line to 'None'
[0.201s] Level 5:colcon.colcon_core.verb:set package 'usb_camera' build argument 'catkin_skip_building_tests' from command line to 'False'
[0.201s] DEBUG:colcon.colcon_core.verb:Building package 'usb_camera' with the following arguments: {'ament_cmake_args': None, 'build_base': '/home/pengyh/documents/ros2_ws/RobotAD/build/usb_camera', 'catkin_cmake_args': None, 'catkin_skip_building_tests': False, 'cmake_args': None, 'cmake_clean_cache': False, 'cmake_clean_first': False, 'cmake_force_configure': False, 'cmake_target': None, 'cmake_target_skip_unavailable': False, 'install_base': '/home/pengyh/documents/ros2_ws/RobotAD/install/usb_camera', 'merge_install': False, 'path': '/home/pengyh/documents/ros2_ws/RobotAD/src/usb_camera', 'symlink_install': True, 'test_result_base': None}
[0.201s] Level 5:colcon.colcon_core.verb:set package 'keyboard_control' build argument 'cmake_args' from command line to 'None'
[0.201s] Level 5:colcon.colcon_core.verb:set package 'keyboard_control' build argument 'cmake_target' from command line to 'None'
[0.201s] Level 5:colcon.colcon_core.verb:set package 'keyboard_control' build argument 'cmake_target_skip_unavailable' from command line to 'False'
[0.201s] Level 5:colcon.colcon_core.verb:set package 'keyboard_control' build argument 'cmake_clean_cache' from command line to 'False'
[0.201s] Level 5:colcon.colcon_core.verb:set package 'keyboard_control' build argument 'cmake_clean_first' from command line to 'False'
[0.201s] Level 5:colcon.colcon_core.verb:set package 'keyboard_control' build argument 'cmake_force_configure' from command line to 'False'
[0.201s] Level 5:colcon.colcon_core.verb:set package 'keyboard_control' build argument 'ament_cmake_args' from command line to 'None'
[0.201s] Level 5:colcon.colcon_core.verb:set package 'keyboard_control' build argument 'catkin_cmake_args' from command line to 'None'
[0.201s] Level 5:colcon.colcon_core.verb:set package 'keyboard_control' build argument 'catkin_skip_building_tests' from command line to 'False'
[0.201s] DEBUG:colcon.colcon_core.verb:Building package 'keyboard_control' with the following arguments: {'ament_cmake_args': None, 'build_base': '/home/pengyh/documents/ros2_ws/RobotAD/build/keyboard_control', 'catkin_cmake_args': None, 'catkin_skip_building_tests': False, 'cmake_args': None, 'cmake_clean_cache': False, 'cmake_clean_first': False, 'cmake_force_configure': False, 'cmake_target': None, 'cmake_target_skip_unavailable': False, 'install_base': '/home/pengyh/documents/ros2_ws/RobotAD/install/keyboard_control', 'merge_install': False, 'path': '/home/pengyh/documents/ros2_ws/RobotAD/src/keyboard_control', 'symlink_install': True, 'test_result_base': None}
[0.201s] Level 5:colcon.colcon_core.verb:set package 'rslidar_sdk' build argument 'cmake_args' from command line to 'None'
[0.201s] Level 5:colcon.colcon_core.verb:set package 'rslidar_sdk' build argument 'cmake_target' from command line to 'None'
[0.201s] Level 5:colcon.colcon_core.verb:set package 'rslidar_sdk' build argument 'cmake_target_skip_unavailable' from command line to 'False'
[0.201s] Level 5:colcon.colcon_core.verb:set package 'rslidar_sdk' build argument 'cmake_clean_cache' from command line to 'False'
[0.201s] Level 5:colcon.colcon_core.verb:set package 'rslidar_sdk' build argument 'cmake_clean_first' from command line to 'False'
[0.201s] Level 5:colcon.colcon_core.verb:set package 'rslidar_sdk' build argument 'cmake_force_configure' from command line to 'False'
[0.201s] Level 5:colcon.colcon_core.verb:set package 'rslidar_sdk' build argument 'ament_cmake_args' from command line to 'None'
[0.201s] Level 5:colcon.colcon_core.verb:set package 'rslidar_sdk' build argument 'catkin_cmake_args' from command line to 'None'
[0.201s] Level 5:colcon.colcon_core.verb:set package 'rslidar_sdk' build argument 'catkin_skip_building_tests' from command line to 'False'
[0.201s] DEBUG:colcon.colcon_core.verb:Building package 'rslidar_sdk' with the following arguments: {'ament_cmake_args': None, 'build_base': '/home/pengyh/documents/ros2_ws/RobotAD/build/rslidar_sdk', 'catkin_cmake_args': None, 'catkin_skip_building_tests': False, 'cmake_args': None, 'cmake_clean_cache': False, 'cmake_clean_first': False, 'cmake_force_configure': False, 'cmake_target': None, 'cmake_target_skip_unavailable': False, 'install_base': '/home/pengyh/documents/ros2_ws/RobotAD/install/rslidar_sdk', 'merge_install': False, 'path': '/home/pengyh/documents/ros2_ws/RobotAD/src/rslidar_sdk', 'symlink_install': True, 'test_result_base': None}
[0.201s] Level 5:colcon.colcon_core.verb:set package 'serial_comm' build argument 'cmake_args' from command line to 'None'
[0.201s] Level 5:colcon.colcon_core.verb:set package 'serial_comm' build argument 'cmake_target' from command line to 'None'
[0.201s] Level 5:colcon.colcon_core.verb:set package 'serial_comm' build argument 'cmake_target_skip_unavailable' from command line to 'False'
[0.201s] Level 5:colcon.colcon_core.verb:set package 'serial_comm' build argument 'cmake_clean_cache' from command line to 'False'
[0.201s] Level 5:colcon.colcon_core.verb:set package 'serial_comm' build argument 'cmake_clean_first' from command line to 'False'
[0.201s] Level 5:colcon.colcon_core.verb:set package 'serial_comm' build argument 'cmake_force_configure' from command line to 'False'
[0.201s] Level 5:colcon.colcon_core.verb:set package 'serial_comm' build argument 'ament_cmake_args' from command line to 'None'
[0.201s] Level 5:colcon.colcon_core.verb:set package 'serial_comm' build argument 'catkin_cmake_args' from command line to 'None'
[0.201s] Level 5:colcon.colcon_core.verb:set package 'serial_comm' build argument 'catkin_skip_building_tests' from command line to 'False'
[0.201s] DEBUG:colcon.colcon_core.verb:Building package 'serial_comm' with the following arguments: {'ament_cmake_args': None, 'build_base': '/home/pengyh/documents/ros2_ws/RobotAD/build/serial_comm', 'catkin_cmake_args': None, 'catkin_skip_building_tests': False, 'cmake_args': None, 'cmake_clean_cache': False, 'cmake_clean_first': False, 'cmake_force_configure': False, 'cmake_target': None, 'cmake_target_skip_unavailable': False, 'install_base': '/home/pengyh/documents/ros2_ws/RobotAD/install/serial_comm', 'merge_install': False, 'path': '/home/pengyh/documents/ros2_ws/RobotAD/src/serial_comm', 'symlink_install': True, 'test_result_base': None}
[0.201s] INFO:colcon.colcon_core.executor:Executing jobs using 'parallel' executor
[0.202s] DEBUG:colcon.colcon_parallel_executor.executor.parallel:run_until_complete
[0.202s] INFO:colcon.colcon_ros.task.ament_cmake.build:Building ROS package in '/home/pengyh/documents/ros2_ws/RobotAD/src/robot_hardware' with build type 'ament_cmake'
[0.202s] INFO:colcon.colcon_cmake.task.cmake.build:Building CMake package in '/home/pengyh/documents/ros2_ws/RobotAD/src/robot_hardware'
[0.204s] INFO:colcon.colcon_core.plugin_system:Skipping extension 'colcon_core.shell.bat': Not used on non-Windows systems
[0.204s] INFO:colcon.colcon_core.shell:Skip shell extension 'powershell' for command environment: Not usable outside of PowerShell
[0.204s] DEBUG:colcon.colcon_core.shell:Skip shell extension 'dsv' for command environment
[0.206s] INFO:colcon.colcon_ros.task.ament_cmake.build:Building ROS package in '/home/pengyh/documents/ros2_ws/RobotAD/src/rslidar_msg' with build type 'ament_cmake'
[0.206s] INFO:colcon.colcon_cmake.task.cmake.build:Building CMake package in '/home/pengyh/documents/ros2_ws/RobotAD/src/rslidar_msg'
[0.206s] INFO:colcon.colcon_core.shell:Skip shell extension 'powershell' for command environment: Not usable outside of PowerShell
[0.206s] DEBUG:colcon.colcon_core.shell:Skip shell extension 'dsv' for command environment
[0.209s] INFO:colcon.colcon_ros.task.ament_cmake.build:Building ROS package in '/home/pengyh/documents/ros2_ws/RobotAD/src/diff_control' with build type 'ament_cmake'
[0.209s] INFO:colcon.colcon_cmake.task.cmake.build:Building CMake package in '/home/pengyh/documents/ros2_ws/RobotAD/src/diff_control'
[0.209s] INFO:colcon.colcon_core.shell:Skip shell extension 'powershell' for command environment: Not usable outside of PowerShell
[0.209s] DEBUG:colcon.colcon_core.shell:Skip shell extension 'dsv' for command environment
[0.211s] INFO:colcon.colcon_ros.task.ament_cmake.build:Building ROS package in '/home/pengyh/documents/ros2_ws/RobotAD/src/miiboo_imu' with build type 'ament_cmake'
[0.211s] INFO:colcon.colcon_cmake.task.cmake.build:Building CMake package in '/home/pengyh/documents/ros2_ws/RobotAD/src/miiboo_imu'
[0.211s] INFO:colcon.colcon_core.shell:Skip shell extension 'powershell' for command environment: Not usable outside of PowerShell
[0.211s] DEBUG:colcon.colcon_core.shell:Skip shell extension 'dsv' for command environment
[0.213s] INFO:colcon.colcon_ros.task.ament_cmake.build:Building ROS package in '/home/pengyh/documents/ros2_ws/RobotAD/src/pointcloud_to_laserscan' with build type 'ament_cmake'
[0.213s] INFO:colcon.colcon_cmake.task.cmake.build:Building CMake package in '/home/pengyh/documents/ros2_ws/RobotAD/src/pointcloud_to_laserscan'
[0.213s] INFO:colcon.colcon_core.shell:Skip shell extension 'powershell' for command environment: Not usable outside of PowerShell
[0.213s] DEBUG:colcon.colcon_core.shell:Skip shell extension 'dsv' for command environment
[0.215s] INFO:colcon.colcon_ros.task.ament_cmake.build:Building ROS package in '/home/pengyh/documents/ros2_ws/RobotAD/src/robot_locate' with build type 'ament_cmake'
[0.215s] INFO:colcon.colcon_cmake.task.cmake.build:Building CMake package in '/home/pengyh/documents/ros2_ws/RobotAD/src/robot_locate'
[0.215s] INFO:colcon.colcon_core.shell:Skip shell extension 'powershell' for command environment: Not usable outside of PowerShell
[0.215s] DEBUG:colcon.colcon_core.shell:Skip shell extension 'dsv' for command environment
[0.217s] INFO:colcon.colcon_ros.task.ament_cmake.build:Building ROS package in '/home/pengyh/documents/ros2_ws/RobotAD/src/usb_camera' with build type 'ament_cmake'
[0.217s] INFO:colcon.colcon_cmake.task.cmake.build:Building CMake package in '/home/pengyh/documents/ros2_ws/RobotAD/src/usb_camera'
[0.217s] INFO:colcon.colcon_core.shell:Skip shell extension 'powershell' for command environment: Not usable outside of PowerShell
[0.217s] DEBUG:colcon.colcon_core.shell:Skip shell extension 'dsv' for command environment
[0.222s] DEBUG:colcon.colcon_core.event_handler.log_command:Invoking command in '/home/pengyh/documents/ros2_ws/RobotAD/build/robot_hardware': CMAKE_PREFIX_PATH=${CMAKE_PREFIX_PATH}:/opt/ros/humble CONDA_PROMPT_MODIFIER=(base) /usr/bin/cmake --build /home/pengyh/documents/ros2_ws/RobotAD/build/robot_hardware -- -j24 -l24
[0.224s] DEBUG:colcon.colcon_core.event_handler.log_command:Invoking command in '/home/pengyh/documents/ros2_ws/RobotAD/build/rslidar_msg': CMAKE_PREFIX_PATH=${CMAKE_PREFIX_PATH}:/opt/ros/humble CONDA_PROMPT_MODIFIER=(base) /usr/bin/cmake --build /home/pengyh/documents/ros2_ws/RobotAD/build/rslidar_msg -- -j24 -l24
[0.226s] DEBUG:colcon.colcon_core.event_handler.log_command:Invoking command in '/home/pengyh/documents/ros2_ws/RobotAD/build/diff_control': CMAKE_PREFIX_PATH=${CMAKE_PREFIX_PATH}:/opt/ros/humble CONDA_PROMPT_MODIFIER=(base) /usr/bin/cmake --build /home/pengyh/documents/ros2_ws/RobotAD/build/diff_control -- -j24 -l24
[0.228s] DEBUG:colcon.colcon_core.event_handler.log_command:Invoking command in '/home/pengyh/documents/ros2_ws/RobotAD/build/miiboo_imu': CMAKE_PREFIX_PATH=${CMAKE_PREFIX_PATH}:/opt/ros/humble CONDA_PROMPT_MODIFIER=(base) /usr/bin/cmake --build /home/pengyh/documents/ros2_ws/RobotAD/build/miiboo_imu -- -j24 -l24
[0.229s] DEBUG:colcon.colcon_core.event_handler.log_command:Invoking command in '/home/pengyh/documents/ros2_ws/RobotAD/build/pointcloud_to_laserscan': CMAKE_PREFIX_PATH=${CMAKE_PREFIX_PATH}:/opt/ros/humble CONDA_PROMPT_MODIFIER=(base) /usr/bin/cmake --build /home/pengyh/documents/ros2_ws/RobotAD/build/pointcloud_to_laserscan -- -j24 -l24
[0.232s] DEBUG:colcon.colcon_core.event_handler.log_command:Invoking command in '/home/pengyh/documents/ros2_ws/RobotAD/build/robot_locate': CMAKE_PREFIX_PATH=${CMAKE_PREFIX_PATH}:/opt/ros/humble CONDA_PROMPT_MODIFIER=(base) /usr/bin/cmake --build /home/pengyh/documents/ros2_ws/RobotAD/build/robot_locate -- -j24 -l24
[0.237s] DEBUG:colcon.colcon_core.event_handler.log_command:Invoking command in '/home/pengyh/documents/ros2_ws/RobotAD/build/usb_camera': CMAKE_PREFIX_PATH=${CMAKE_PREFIX_PATH}:/opt/ros/humble CONDA_PROMPT_MODIFIER=(base) /usr/bin/cmake --build /home/pengyh/documents/ros2_ws/RobotAD/build/usb_camera -- -j24 -l24
[0.252s] DEBUG:colcon.colcon_core.event_handler.log_command:Invoked command in '/home/pengyh/documents/ros2_ws/RobotAD/build/robot_locate' returned '0': CMAKE_PREFIX_PATH=${CMAKE_PREFIX_PATH}:/opt/ros/humble CONDA_PROMPT_MODIFIER=(base) /usr/bin/cmake --build /home/pengyh/documents/ros2_ws/RobotAD/build/robot_locate -- -j24 -l24
[0.259s] DEBUG:colcon.colcon_core.event_handler.log_command:Invoking command in '/home/pengyh/documents/ros2_ws/RobotAD/build/robot_locate': CMAKE_PREFIX_PATH=${CMAKE_PREFIX_PATH}:/opt/ros/humble CONDA_PROMPT_MODIFIER=(base) /usr/bin/cmake --install /home/pengyh/documents/ros2_ws/RobotAD/build/robot_locate
[0.265s] DEBUG:colcon.colcon_core.event_handler.log_command:Invoked command in '/home/pengyh/documents/ros2_ws/RobotAD/build/diff_control' returned '0': CMAKE_PREFIX_PATH=${CMAKE_PREFIX_PATH}:/opt/ros/humble CONDA_PROMPT_MODIFIER=(base) /usr/bin/cmake --build /home/pengyh/documents/ros2_ws/RobotAD/build/diff_control -- -j24 -l24
[0.270s] DEBUG:colcon.colcon_core.event_handler.log_command:Invoking command in '/home/pengyh/documents/ros2_ws/RobotAD/build/diff_control': CMAKE_PREFIX_PATH=${CMAKE_PREFIX_PATH}:/opt/ros/humble CONDA_PROMPT_MODIFIER=(base) /usr/bin/cmake --install /home/pengyh/documents/ros2_ws/RobotAD/build/diff_control
[0.278s] DEBUG:colcon.colcon_core.event_handler.log_command:Invoked command in '/home/pengyh/documents/ros2_ws/RobotAD/build/miiboo_imu' returned '0': CMAKE_PREFIX_PATH=${CMAKE_PREFIX_PATH}:/opt/ros/humble CONDA_PROMPT_MODIFIER=(base) /usr/bin/cmake --build /home/pengyh/documents/ros2_ws/RobotAD/build/miiboo_imu -- -j24 -l24
[0.280s] DEBUG:colcon.colcon_core.event_handler.log_command:Invoking command in '/home/pengyh/documents/ros2_ws/RobotAD/build/miiboo_imu': CMAKE_PREFIX_PATH=${CMAKE_PREFIX_PATH}:/opt/ros/humble CONDA_PROMPT_MODIFIER=(base) /usr/bin/cmake --install /home/pengyh/documents/ros2_ws/RobotAD/build/miiboo_imu
[0.280s] Level 1:colcon.colcon_core.environment:create_environment_scripts_only(robot_locate)
[0.281s] DEBUG:colcon.colcon_core.event_handler.log_command:Invoked command in '/home/pengyh/documents/ros2_ws/RobotAD/build/robot_locate' returned '0': CMAKE_PREFIX_PATH=${CMAKE_PREFIX_PATH}:/opt/ros/humble CONDA_PROMPT_MODIFIER=(base) /usr/bin/cmake --install /home/pengyh/documents/ros2_ws/RobotAD/build/robot_locate
[0.284s] Level 1:colcon.colcon_core.environment:checking '/home/pengyh/documents/ros2_ws/RobotAD/install/robot_locate' for CMake module files
[0.286s] Level 1:colcon.colcon_core.environment:checking '/home/pengyh/documents/ros2_ws/RobotAD/install/robot_locate' for CMake config files
[0.286s] Level 1:colcon.colcon_core.shell:create_environment_hook('robot_locate', 'cmake_prefix_path')
[0.287s] INFO:colcon.colcon_core.shell:Creating environment hook '/home/pengyh/documents/ros2_ws/RobotAD/install/robot_locate/share/robot_locate/hook/cmake_prefix_path.ps1'
[0.288s] INFO:colcon.colcon_core.shell:Creating environment descriptor '/home/pengyh/documents/ros2_ws/RobotAD/install/robot_locate/share/robot_locate/hook/cmake_prefix_path.dsv'
[0.288s] INFO:colcon.colcon_core.shell:Creating environment hook '/home/pengyh/documents/ros2_ws/RobotAD/install/robot_locate/share/robot_locate/hook/cmake_prefix_path.sh'
[0.289s] Level 1:colcon.colcon_core.environment:checking '/home/pengyh/documents/ros2_ws/RobotAD/install/robot_locate/bin'
[0.289s] Level 1:colcon.colcon_core.environment:checking '/home/pengyh/documents/ros2_ws/RobotAD/install/robot_locate/lib/pkgconfig/robot_locate.pc'
[0.289s] Level 1:colcon.colcon_core.environment:checking '/home/pengyh/documents/ros2_ws/RobotAD/install/robot_locate/lib/python3.10/site-packages'
[0.289s] Level 1:colcon.colcon_core.environment:checking '/home/pengyh/documents/ros2_ws/RobotAD/install/robot_locate/bin'
[0.290s] INFO:colcon.colcon_core.shell:Creating package script '/home/pengyh/documents/ros2_ws/RobotAD/install/robot_locate/share/robot_locate/package.ps1'
[0.291s] INFO:colcon.colcon_core.shell:Creating package descriptor '/home/pengyh/documents/ros2_ws/RobotAD/install/robot_locate/share/robot_locate/package.dsv'
[0.291s] INFO:colcon.colcon_core.shell:Creating package script '/home/pengyh/documents/ros2_ws/RobotAD/install/robot_locate/share/robot_locate/package.sh'
[0.291s] INFO:colcon.colcon_core.shell:Creating package script '/home/pengyh/documents/ros2_ws/RobotAD/install/robot_locate/share/robot_locate/package.bash'
[0.292s] INFO:colcon.colcon_core.shell:Creating package script '/home/pengyh/documents/ros2_ws/RobotAD/install/robot_locate/share/robot_locate/package.zsh'
[0.292s] Level 1:colcon.colcon_core.environment:create_file_with_runtime_dependencies(/home/pengyh/documents/ros2_ws/RobotAD/install/robot_locate/share/colcon-core/packages/robot_locate)
[0.293s] Level 1:colcon.colcon_core.environment:create_environment_scripts_only(robot_locate)
[0.293s] Level 1:colcon.colcon_core.environment:checking '/home/pengyh/documents/ros2_ws/RobotAD/install/robot_locate' for CMake module files
[0.293s] Level 1:colcon.colcon_core.environment:checking '/home/pengyh/documents/ros2_ws/RobotAD/install/robot_locate' for CMake config files
[0.293s] Level 1:colcon.colcon_core.shell:create_environment_hook('robot_locate', 'cmake_prefix_path')
[0.293s] INFO:colcon.colcon_core.shell:Creating environment hook '/home/pengyh/documents/ros2_ws/RobotAD/install/robot_locate/share/robot_locate/hook/cmake_prefix_path.ps1'
[0.294s] INFO:colcon.colcon_core.shell:Creating environment descriptor '/home/pengyh/documents/ros2_ws/RobotAD/install/robot_locate/share/robot_locate/hook/cmake_prefix_path.dsv'
[0.294s] INFO:colcon.colcon_core.shell:Creating environment hook '/home/pengyh/documents/ros2_ws/RobotAD/install/robot_locate/share/robot_locate/hook/cmake_prefix_path.sh'
[0.294s] Level 1:colcon.colcon_core.environment:checking '/home/pengyh/documents/ros2_ws/RobotAD/install/robot_locate/bin'
[0.294s] Level 1:colcon.colcon_core.environment:checking '/home/pengyh/documents/ros2_ws/RobotAD/install/robot_locate/lib/pkgconfig/robot_locate.pc'
[0.294s] Level 1:colcon.colcon_core.environment:checking '/home/pengyh/documents/ros2_ws/RobotAD/install/robot_locate/lib/python3.10/site-packages'
[0.294s] Level 1:colcon.colcon_core.environment:checking '/home/pengyh/documents/ros2_ws/RobotAD/install/robot_locate/bin'
[0.294s] INFO:colcon.colcon_core.shell:Creating package script '/home/pengyh/documents/ros2_ws/RobotAD/install/robot_locate/share/robot_locate/package.ps1'
[0.295s] INFO:colcon.colcon_core.shell:Creating package descriptor '/home/pengyh/documents/ros2_ws/RobotAD/install/robot_locate/share/robot_locate/package.dsv'
[0.296s] INFO:colcon.colcon_core.shell:Creating package script '/home/pengyh/documents/ros2_ws/RobotAD/install/robot_locate/share/robot_locate/package.sh'
[0.296s] INFO:colcon.colcon_core.shell:Creating package script '/home/pengyh/documents/ros2_ws/RobotAD/install/robot_locate/share/robot_locate/package.bash'
[0.297s] INFO:colcon.colcon_core.shell:Creating package script '/home/pengyh/documents/ros2_ws/RobotAD/install/robot_locate/share/robot_locate/package.zsh'
[0.297s] Level 1:colcon.colcon_core.environment:create_file_with_runtime_dependencies(/home/pengyh/documents/ros2_ws/RobotAD/install/robot_locate/share/colcon-core/packages/robot_locate)
[0.298s] Level 1:colcon.colcon_core.environment:create_environment_scripts_only(diff_control)
[0.298s] Level 1:colcon.colcon_core.environment:checking '/home/pengyh/documents/ros2_ws/RobotAD/install/diff_control' for CMake module files
[0.299s] DEBUG:colcon.colcon_core.event_handler.log_command:Invoked command in '/home/pengyh/documents/ros2_ws/RobotAD/build/diff_control' returned '0': CMAKE_PREFIX_PATH=${CMAKE_PREFIX_PATH}:/opt/ros/humble CONDA_PROMPT_MODIFIER=(base) /usr/bin/cmake --install /home/pengyh/documents/ros2_ws/RobotAD/build/diff_control
[0.299s] Level 1:colcon.colcon_core.environment:checking '/home/pengyh/documents/ros2_ws/RobotAD/install/diff_control' for CMake config files
[0.299s] Level 1:colcon.colcon_core.shell:create_environment_hook('diff_control', 'cmake_prefix_path')
[0.300s] INFO:colcon.colcon_core.shell:Creating environment hook '/home/pengyh/documents/ros2_ws/RobotAD/install/diff_control/share/diff_control/hook/cmake_prefix_path.ps1'
[0.300s] INFO:colcon.colcon_core.shell:Creating environment descriptor '/home/pengyh/documents/ros2_ws/RobotAD/install/diff_control/share/diff_control/hook/cmake_prefix_path.dsv'
[0.300s] INFO:colcon.colcon_core.shell:Creating environment hook '/home/pengyh/documents/ros2_ws/RobotAD/install/diff_control/share/diff_control/hook/cmake_prefix_path.sh'
[0.300s] Level 1:colcon.colcon_core.environment:checking '/home/pengyh/documents/ros2_ws/RobotAD/install/diff_control/lib'
[0.300s] Level 1:colcon.colcon_core.shell:create_environment_hook('diff_control', 'ld_library_path_lib')
[0.301s] INFO:colcon.colcon_core.shell:Creating environment hook '/home/pengyh/documents/ros2_ws/RobotAD/install/diff_control/share/diff_control/hook/ld_library_path_lib.ps1'
[0.301s] INFO:colcon.colcon_core.shell:Creating environment descriptor '/home/pengyh/documents/ros2_ws/RobotAD/install/diff_control/share/diff_control/hook/ld_library_path_lib.dsv'
[0.301s] INFO:colcon.colcon_core.shell:Creating environment hook '/home/pengyh/documents/ros2_ws/RobotAD/install/diff_control/share/diff_control/hook/ld_library_path_lib.sh'
[0.301s] Level 1:colcon.colcon_core.environment:checking '/home/pengyh/documents/ros2_ws/RobotAD/install/diff_control/bin'
[0.301s] Level 1:colcon.colcon_core.environment:checking '/home/pengyh/documents/ros2_ws/RobotAD/install/diff_control/lib/pkgconfig/diff_control.pc'
[0.301s] Level 1:colcon.colcon_core.environment:checking '/home/pengyh/documents/ros2_ws/RobotAD/install/diff_control/lib/python3.10/site-packages'
[0.302s] Level 1:colcon.colcon_core.environment:checking '/home/pengyh/documents/ros2_ws/RobotAD/install/diff_control/bin'
[0.302s] INFO:colcon.colcon_core.shell:Creating package script '/home/pengyh/documents/ros2_ws/RobotAD/install/diff_control/share/diff_control/package.ps1'
[0.302s] INFO:colcon.colcon_core.shell:Creating package descriptor '/home/pengyh/documents/ros2_ws/RobotAD/install/diff_control/share/diff_control/package.dsv'
[0.303s] INFO:colcon.colcon_core.shell:Creating package script '/home/pengyh/documents/ros2_ws/RobotAD/install/diff_control/share/diff_control/package.sh'
[0.303s] INFO:colcon.colcon_core.shell:Creating package script '/home/pengyh/documents/ros2_ws/RobotAD/install/diff_control/share/diff_control/package.bash'
[0.303s] INFO:colcon.colcon_core.shell:Creating package script '/home/pengyh/documents/ros2_ws/RobotAD/install/diff_control/share/diff_control/package.zsh'
[0.303s] Level 1:colcon.colcon_core.environment:create_file_with_runtime_dependencies(/home/pengyh/documents/ros2_ws/RobotAD/install/diff_control/share/colcon-core/packages/diff_control)
[0.304s] Level 1:colcon.colcon_core.environment:create_environment_scripts_only(diff_control)
[0.304s] Level 1:colcon.colcon_core.environment:checking '/home/pengyh/documents/ros2_ws/RobotAD/install/diff_control' for CMake module files
[0.304s] Level 1:colcon.colcon_core.environment:checking '/home/pengyh/documents/ros2_ws/RobotAD/install/diff_control' for CMake config files
[0.304s] Level 1:colcon.colcon_core.shell:create_environment_hook('diff_control', 'cmake_prefix_path')
[0.305s] INFO:colcon.colcon_core.shell:Creating environment hook '/home/pengyh/documents/ros2_ws/RobotAD/install/diff_control/share/diff_control/hook/cmake_prefix_path.ps1'
[0.305s] INFO:colcon.colcon_core.shell:Creating environment descriptor '/home/pengyh/documents/ros2_ws/RobotAD/install/diff_control/share/diff_control/hook/cmake_prefix_path.dsv'
[0.305s] INFO:colcon.colcon_core.shell:Creating environment hook '/home/pengyh/documents/ros2_ws/RobotAD/install/diff_control/share/diff_control/hook/cmake_prefix_path.sh'
[0.305s] Level 1:colcon.colcon_core.environment:checking '/home/pengyh/documents/ros2_ws/RobotAD/install/diff_control/lib'
[0.305s] Level 1:colcon.colcon_core.shell:create_environment_hook('diff_control', 'ld_library_path_lib')
[0.306s] INFO:colcon.colcon_core.shell:Creating environment hook '/home/pengyh/documents/ros2_ws/RobotAD/install/diff_control/share/diff_control/hook/ld_library_path_lib.ps1'
[0.306s] INFO:colcon.colcon_core.shell:Creating environment descriptor '/home/pengyh/documents/ros2_ws/RobotAD/install/diff_control/share/diff_control/hook/ld_library_path_lib.dsv'
[0.306s] INFO:colcon.colcon_core.shell:Creating environment hook '/home/pengyh/documents/ros2_ws/RobotAD/install/diff_control/share/diff_control/hook/ld_library_path_lib.sh'
[0.306s] Level 1:colcon.colcon_core.environment:checking '/home/pengyh/documents/ros2_ws/RobotAD/install/diff_control/bin'
[0.306s] Level 1:colcon.colcon_core.environment:checking '/home/pengyh/documents/ros2_ws/RobotAD/install/diff_control/lib/pkgconfig/diff_control.pc'
[0.307s] Level 1:colcon.colcon_core.environment:checking '/home/pengyh/documents/ros2_ws/RobotAD/install/diff_control/lib/python3.10/site-packages'
[0.307s] Level 1:colcon.colcon_core.environment:checking '/home/pengyh/documents/ros2_ws/RobotAD/install/diff_control/bin'
[0.307s] INFO:colcon.colcon_core.shell:Creating package script '/home/pengyh/documents/ros2_ws/RobotAD/install/diff_control/share/diff_control/package.ps1'
[0.307s] INFO:colcon.colcon_core.shell:Creating package descriptor '/home/pengyh/documents/ros2_ws/RobotAD/install/diff_control/share/diff_control/package.dsv'
[0.308s] INFO:colcon.colcon_core.shell:Creating package script '/home/pengyh/documents/ros2_ws/RobotAD/install/diff_control/share/diff_control/package.sh'
[0.309s] INFO:colcon.colcon_core.shell:Creating package script '/home/pengyh/documents/ros2_ws/RobotAD/install/diff_control/share/diff_control/package.bash'
[0.309s] INFO:colcon.colcon_core.shell:Creating package script '/home/pengyh/documents/ros2_ws/RobotAD/install/diff_control/share/diff_control/package.zsh'
[0.309s] Level 1:colcon.colcon_core.environment:create_file_with_runtime_dependencies(/home/pengyh/documents/ros2_ws/RobotAD/install/diff_control/share/colcon-core/packages/diff_control)
[0.310s] Level 1:colcon.colcon_core.environment:create_environment_scripts_only(miiboo_imu)
[0.310s] Level 1:colcon.colcon_core.environment:checking '/home/pengyh/documents/ros2_ws/RobotAD/install/miiboo_imu' for CMake module files
[0.311s] DEBUG:colcon.colcon_core.event_handler.log_command:Invoked command in '/home/pengyh/documents/ros2_ws/RobotAD/build/miiboo_imu' returned '0': CMAKE_PREFIX_PATH=${CMAKE_PREFIX_PATH}:/opt/ros/humble CONDA_PROMPT_MODIFIER=(base) /usr/bin/cmake --install /home/pengyh/documents/ros2_ws/RobotAD/build/miiboo_imu
[0.311s] Level 1:colcon.colcon_core.environment:checking '/home/pengyh/documents/ros2_ws/RobotAD/install/miiboo_imu' for CMake config files
[0.312s] Level 1:colcon.colcon_core.shell:create_environment_hook('miiboo_imu', 'cmake_prefix_path')
[0.312s] INFO:colcon.colcon_core.shell:Creating environment hook '/home/pengyh/documents/ros2_ws/RobotAD/install/miiboo_imu/share/miiboo_imu/hook/cmake_prefix_path.ps1'
[0.312s] INFO:colcon.colcon_core.shell:Creating environment descriptor '/home/pengyh/documents/ros2_ws/RobotAD/install/miiboo_imu/share/miiboo_imu/hook/cmake_prefix_path.dsv'
[0.313s] INFO:colcon.colcon_core.shell:Creating environment hook '/home/pengyh/documents/ros2_ws/RobotAD/install/miiboo_imu/share/miiboo_imu/hook/cmake_prefix_path.sh'
[0.313s] Level 1:colcon.colcon_core.environment:checking '/home/pengyh/documents/ros2_ws/RobotAD/install/miiboo_imu/lib'
[0.313s] Level 1:colcon.colcon_core.environment:checking '/home/pengyh/documents/ros2_ws/RobotAD/install/miiboo_imu/bin'
[0.313s] Level 1:colcon.colcon_core.environment:checking '/home/pengyh/documents/ros2_ws/RobotAD/install/miiboo_imu/lib/pkgconfig/miiboo_imu.pc'
[0.313s] Level 1:colcon.colcon_core.environment:checking '/home/pengyh/documents/ros2_ws/RobotAD/install/miiboo_imu/lib/python3.10/site-packages'
[0.313s] Level 1:colcon.colcon_core.environment:checking '/home/pengyh/documents/ros2_ws/RobotAD/install/miiboo_imu/bin'
[0.314s] INFO:colcon.colcon_core.shell:Creating package script '/home/pengyh/documents/ros2_ws/RobotAD/install/miiboo_imu/share/miiboo_imu/package.ps1'
[0.314s] INFO:colcon.colcon_core.shell:Creating package descriptor '/home/pengyh/documents/ros2_ws/RobotAD/install/miiboo_imu/share/miiboo_imu/package.dsv'
[0.314s] INFO:colcon.colcon_core.shell:Creating package script '/home/pengyh/documents/ros2_ws/RobotAD/install/miiboo_imu/share/miiboo_imu/package.sh'
[0.315s] INFO:colcon.colcon_core.shell:Creating package script '/home/pengyh/documents/ros2_ws/RobotAD/install/miiboo_imu/share/miiboo_imu/package.bash'
[0.315s] INFO:colcon.colcon_core.shell:Creating package script '/home/pengyh/documents/ros2_ws/RobotAD/install/miiboo_imu/share/miiboo_imu/package.zsh'
[0.315s] Level 1:colcon.colcon_core.environment:create_file_with_runtime_dependencies(/home/pengyh/documents/ros2_ws/RobotAD/install/miiboo_imu/share/colcon-core/packages/miiboo_imu)
[0.316s] Level 1:colcon.colcon_core.environment:create_environment_scripts_only(miiboo_imu)
[0.316s] Level 1:colcon.colcon_core.environment:checking '/home/pengyh/documents/ros2_ws/RobotAD/install/miiboo_imu' for CMake module files
[0.317s] Level 1:colcon.colcon_core.environment:checking '/home/pengyh/documents/ros2_ws/RobotAD/install/miiboo_imu' for CMake config files
[0.317s] Level 1:colcon.colcon_core.shell:create_environment_hook('miiboo_imu', 'cmake_prefix_path')
[0.317s] INFO:colcon.colcon_core.shell:Creating environment hook '/home/pengyh/documents/ros2_ws/RobotAD/install/miiboo_imu/share/miiboo_imu/hook/cmake_prefix_path.ps1'
[0.318s] INFO:colcon.colcon_core.shell:Creating environment descriptor '/home/pengyh/documents/ros2_ws/RobotAD/install/miiboo_imu/share/miiboo_imu/hook/cmake_prefix_path.dsv'
[0.319s] INFO:colcon.colcon_core.shell:Creating environment hook '/home/pengyh/documents/ros2_ws/RobotAD/install/miiboo_imu/share/miiboo_imu/hook/cmake_prefix_path.sh'
[0.319s] Level 1:colcon.colcon_core.environment:checking '/home/pengyh/documents/ros2_ws/RobotAD/install/miiboo_imu/lib'
[0.319s] Level 1:colcon.colcon_core.environment:checking '/home/pengyh/documents/ros2_ws/RobotAD/install/miiboo_imu/bin'
[0.319s] Level 1:colcon.colcon_core.environment:checking '/home/pengyh/documents/ros2_ws/RobotAD/install/miiboo_imu/lib/pkgconfig/miiboo_imu.pc'
[0.319s] Level 1:colcon.colcon_core.environment:checking '/home/pengyh/documents/ros2_ws/RobotAD/install/miiboo_imu/lib/python3.10/site-packages'
[0.320s] Level 1:colcon.colcon_core.environment:checking '/home/pengyh/documents/ros2_ws/RobotAD/install/miiboo_imu/bin'
[0.320s] INFO:colcon.colcon_core.shell:Creating package script '/home/pengyh/documents/ros2_ws/RobotAD/install/miiboo_imu/share/miiboo_imu/package.ps1'
[0.320s] INFO:colcon.colcon_core.shell:Creating package descriptor '/home/pengyh/documents/ros2_ws/RobotAD/install/miiboo_imu/share/miiboo_imu/package.dsv'
[0.320s] INFO:colcon.colcon_core.shell:Creating package script '/home/pengyh/documents/ros2_ws/RobotAD/install/miiboo_imu/share/miiboo_imu/package.sh'
[0.321s] INFO:colcon.colcon_core.shell:Creating package script '/home/pengyh/documents/ros2_ws/RobotAD/install/miiboo_imu/share/miiboo_imu/package.bash'
[0.321s] INFO:colcon.colcon_core.shell:Creating package script '/home/pengyh/documents/ros2_ws/RobotAD/install/miiboo_imu/share/miiboo_imu/package.zsh'
[0.322s] Level 1:colcon.colcon_core.environment:create_file_with_runtime_dependencies(/home/pengyh/documents/ros2_ws/RobotAD/install/miiboo_imu/share/colcon-core/packages/miiboo_imu)
[0.323s] DEBUG:colcon.colcon_core.event_handler.log_command:Invoked command in '/home/pengyh/documents/ros2_ws/RobotAD/build/pointcloud_to_laserscan' returned '0': CMAKE_PREFIX_PATH=${CMAKE_PREFIX_PATH}:/opt/ros/humble CONDA_PROMPT_MODIFIER=(base) /usr/bin/cmake --build /home/pengyh/documents/ros2_ws/RobotAD/build/pointcloud_to_laserscan -- -j24 -l24
[0.324s] DEBUG:colcon.colcon_core.event_handler.log_command:Invoking command in '/home/pengyh/documents/ros2_ws/RobotAD/build/pointcloud_to_laserscan': CMAKE_PREFIX_PATH=${CMAKE_PREFIX_PATH}:/opt/ros/humble CONDA_PROMPT_MODIFIER=(base) /usr/bin/cmake --install /home/pengyh/documents/ros2_ws/RobotAD/build/pointcloud_to_laserscan
[0.333s] Level 1:colcon.colcon_core.environment:create_environment_scripts_only(pointcloud_to_laserscan)
[0.333s] Level 1:colcon.colcon_core.environment:checking '/home/pengyh/documents/ros2_ws/RobotAD/install/pointcloud_to_laserscan' for CMake module files
[0.334s] DEBUG:colcon.colcon_core.event_handler.log_command:Invoked command in '/home/pengyh/documents/ros2_ws/RobotAD/build/pointcloud_to_laserscan' returned '0': CMAKE_PREFIX_PATH=${CMAKE_PREFIX_PATH}:/opt/ros/humble CONDA_PROMPT_MODIFIER=(base) /usr/bin/cmake --install /home/pengyh/documents/ros2_ws/RobotAD/build/pointcloud_to_laserscan
[0.334s] Level 1:colcon.colcon_core.environment:checking '/home/pengyh/documents/ros2_ws/RobotAD/install/pointcloud_to_laserscan' for CMake config files
[0.334s] Level 1:colcon.colcon_core.shell:create_environment_hook('pointcloud_to_laserscan', 'cmake_prefix_path')
[0.334s] INFO:colcon.colcon_core.shell:Creating environment hook '/home/pengyh/documents/ros2_ws/RobotAD/install/pointcloud_to_laserscan/share/pointcloud_to_laserscan/hook/cmake_prefix_path.ps1'
[0.335s] INFO:colcon.colcon_core.shell:Creating environment descriptor '/home/pengyh/documents/ros2_ws/RobotAD/install/pointcloud_to_laserscan/share/pointcloud_to_laserscan/hook/cmake_prefix_path.dsv'
[0.335s] INFO:colcon.colcon_core.shell:Creating environment hook '/home/pengyh/documents/ros2_ws/RobotAD/install/pointcloud_to_laserscan/share/pointcloud_to_laserscan/hook/cmake_prefix_path.sh'
[0.335s] Level 1:colcon.colcon_core.environment:checking '/home/pengyh/documents/ros2_ws/RobotAD/install/pointcloud_to_laserscan/lib'
[0.335s] Level 1:colcon.colcon_core.shell:create_environment_hook('pointcloud_to_laserscan', 'ld_library_path_lib')
[0.335s] INFO:colcon.colcon_core.shell:Creating environment hook '/home/pengyh/documents/ros2_ws/RobotAD/install/pointcloud_to_laserscan/share/pointcloud_to_laserscan/hook/ld_library_path_lib.ps1'
[0.336s] INFO:colcon.colcon_core.shell:Creating environment descriptor '/home/pengyh/documents/ros2_ws/RobotAD/install/pointcloud_to_laserscan/share/pointcloud_to_laserscan/hook/ld_library_path_lib.dsv'
[0.336s] INFO:colcon.colcon_core.shell:Creating environment hook '/home/pengyh/documents/ros2_ws/RobotAD/install/pointcloud_to_laserscan/share/pointcloud_to_laserscan/hook/ld_library_path_lib.sh'
[0.336s] Level 1:colcon.colcon_core.environment:checking '/home/pengyh/documents/ros2_ws/RobotAD/install/pointcloud_to_laserscan/bin'
[0.336s] Level 1:colcon.colcon_core.environment:checking '/home/pengyh/documents/ros2_ws/RobotAD/install/pointcloud_to_laserscan/lib/pkgconfig/pointcloud_to_laserscan.pc'
[0.336s] Level 1:colcon.colcon_core.environment:checking '/home/pengyh/documents/ros2_ws/RobotAD/install/pointcloud_to_laserscan/lib/python3.10/site-packages'
[0.336s] Level 1:colcon.colcon_core.environment:checking '/home/pengyh/documents/ros2_ws/RobotAD/install/pointcloud_to_laserscan/bin'
[0.337s] INFO:colcon.colcon_core.shell:Creating package script '/home/pengyh/documents/ros2_ws/RobotAD/install/pointcloud_to_laserscan/share/pointcloud_to_laserscan/package.ps1'
[0.337s] INFO:colcon.colcon_core.shell:Creating package descriptor '/home/pengyh/documents/ros2_ws/RobotAD/install/pointcloud_to_laserscan/share/pointcloud_to_laserscan/package.dsv'
[0.337s] INFO:colcon.colcon_core.shell:Creating package script '/home/pengyh/documents/ros2_ws/RobotAD/install/pointcloud_to_laserscan/share/pointcloud_to_laserscan/package.sh'
[0.337s] INFO:colcon.colcon_core.shell:Creating package script '/home/pengyh/documents/ros2_ws/RobotAD/install/pointcloud_to_laserscan/share/pointcloud_to_laserscan/package.bash'
[0.337s] INFO:colcon.colcon_core.shell:Creating package script '/home/pengyh/documents/ros2_ws/RobotAD/install/pointcloud_to_laserscan/share/pointcloud_to_laserscan/package.zsh'
[0.338s] Level 1:colcon.colcon_core.environment:create_file_with_runtime_dependencies(/home/pengyh/documents/ros2_ws/RobotAD/install/pointcloud_to_laserscan/share/colcon-core/packages/pointcloud_to_laserscan)
[0.338s] Level 1:colcon.colcon_core.environment:create_environment_scripts_only(pointcloud_to_laserscan)
[0.338s] Level 1:colcon.colcon_core.environment:checking '/home/pengyh/documents/ros2_ws/RobotAD/install/pointcloud_to_laserscan' for CMake module files
[0.338s] Level 1:colcon.colcon_core.environment:checking '/home/pengyh/documents/ros2_ws/RobotAD/install/pointcloud_to_laserscan' for CMake config files
[0.338s] Level 1:colcon.colcon_core.shell:create_environment_hook('pointcloud_to_laserscan', 'cmake_prefix_path')
[0.339s] INFO:colcon.colcon_core.shell:Creating environment hook '/home/pengyh/documents/ros2_ws/RobotAD/install/pointcloud_to_laserscan/share/pointcloud_to_laserscan/hook/cmake_prefix_path.ps1'
[0.339s] INFO:colcon.colcon_core.shell:Creating environment descriptor '/home/pengyh/documents/ros2_ws/RobotAD/install/pointcloud_to_laserscan/share/pointcloud_to_laserscan/hook/cmake_prefix_path.dsv'
[0.339s] INFO:colcon.colcon_core.shell:Creating environment hook '/home/pengyh/documents/ros2_ws/RobotAD/install/pointcloud_to_laserscan/share/pointcloud_to_laserscan/hook/cmake_prefix_path.sh'
[0.339s] Level 1:colcon.colcon_core.environment:checking '/home/pengyh/documents/ros2_ws/RobotAD/install/pointcloud_to_laserscan/lib'
[0.339s] Level 1:colcon.colcon_core.shell:create_environment_hook('pointcloud_to_laserscan', 'ld_library_path_lib')
[0.339s] INFO:colcon.colcon_core.shell:Creating environment hook '/home/pengyh/documents/ros2_ws/RobotAD/install/pointcloud_to_laserscan/share/pointcloud_to_laserscan/hook/ld_library_path_lib.ps1'
[0.340s] INFO:colcon.colcon_core.shell:Creating environment descriptor '/home/pengyh/documents/ros2_ws/RobotAD/install/pointcloud_to_laserscan/share/pointcloud_to_laserscan/hook/ld_library_path_lib.dsv'
[0.340s] INFO:colcon.colcon_core.shell:Creating environment hook '/home/pengyh/documents/ros2_ws/RobotAD/install/pointcloud_to_laserscan/share/pointcloud_to_laserscan/hook/ld_library_path_lib.sh'
[0.340s] Level 1:colcon.colcon_core.environment:checking '/home/pengyh/documents/ros2_ws/RobotAD/install/pointcloud_to_laserscan/bin'
[0.340s] Level 1:colcon.colcon_core.environment:checking '/home/pengyh/documents/ros2_ws/RobotAD/install/pointcloud_to_laserscan/lib/pkgconfig/pointcloud_to_laserscan.pc'
[0.340s] Level 1:colcon.colcon_core.environment:checking '/home/pengyh/documents/ros2_ws/RobotAD/install/pointcloud_to_laserscan/lib/python3.10/site-packages'
[0.340s] Level 1:colcon.colcon_core.environment:checking '/home/pengyh/documents/ros2_ws/RobotAD/install/pointcloud_to_laserscan/bin'
[0.340s] INFO:colcon.colcon_core.shell:Creating package script '/home/pengyh/documents/ros2_ws/RobotAD/install/pointcloud_to_laserscan/share/pointcloud_to_laserscan/package.ps1'
[0.341s] INFO:colcon.colcon_core.shell:Creating package descriptor '/home/pengyh/documents/ros2_ws/RobotAD/install/pointcloud_to_laserscan/share/pointcloud_to_laserscan/package.dsv'
[0.341s] INFO:colcon.colcon_core.shell:Creating package script '/home/pengyh/documents/ros2_ws/RobotAD/install/pointcloud_to_laserscan/share/pointcloud_to_laserscan/package.sh'
[0.341s] INFO:colcon.colcon_core.shell:Creating package script '/home/pengyh/documents/ros2_ws/RobotAD/install/pointcloud_to_laserscan/share/pointcloud_to_laserscan/package.bash'
[0.341s] INFO:colcon.colcon_core.shell:Creating package script '/home/pengyh/documents/ros2_ws/RobotAD/install/pointcloud_to_laserscan/share/pointcloud_to_laserscan/package.zsh'
[0.342s] Level 1:colcon.colcon_core.environment:create_file_with_runtime_dependencies(/home/pengyh/documents/ros2_ws/RobotAD/install/pointcloud_to_laserscan/share/colcon-core/packages/pointcloud_to_laserscan)
[0.343s] Level 1:colcon.colcon_core.environment:create_environment_scripts_only(usb_camera)
[0.343s] Level 1:colcon.colcon_core.environment:checking '/home/pengyh/documents/ros2_ws/RobotAD/install/usb_camera' for CMake module files
[0.343s] DEBUG:colcon.colcon_core.event_handler.log_command:Invoked command in '/home/pengyh/documents/ros2_ws/RobotAD/build/usb_camera' returned '2': CMAKE_PREFIX_PATH=${CMAKE_PREFIX_PATH}:/opt/ros/humble CONDA_PROMPT_MODIFIER=(base) /usr/bin/cmake --build /home/pengyh/documents/ros2_ws/RobotAD/build/usb_camera -- -j24 -l24
[0.343s] Level 1:colcon.colcon_core.environment:checking '/home/pengyh/documents/ros2_ws/RobotAD/install/usb_camera' for CMake config files
[0.343s] Level 1:colcon.colcon_core.environment:checking '/home/pengyh/documents/ros2_ws/RobotAD/install/usb_camera/bin'
[0.343s] Level 1:colcon.colcon_core.environment:checking '/home/pengyh/documents/ros2_ws/RobotAD/install/usb_camera/lib/pkgconfig/usb_camera.pc'
[0.343s] Level 1:colcon.colcon_core.environment:checking '/home/pengyh/documents/ros2_ws/RobotAD/install/usb_camera/lib/python3.10/site-packages'
[0.344s] Level 1:colcon.colcon_core.environment:checking '/home/pengyh/documents/ros2_ws/RobotAD/install/usb_camera/bin'
[0.344s] INFO:colcon.colcon_core.shell:Creating package script '/home/pengyh/documents/ros2_ws/RobotAD/install/usb_camera/share/usb_camera/package.ps1'
[0.344s] INFO:colcon.colcon_core.shell:Creating package descriptor '/home/pengyh/documents/ros2_ws/RobotAD/install/usb_camera/share/usb_camera/package.dsv'
[0.344s] INFO:colcon.colcon_core.shell:Creating package script '/home/pengyh/documents/ros2_ws/RobotAD/install/usb_camera/share/usb_camera/package.sh'
[0.344s] INFO:colcon.colcon_core.shell:Creating package script '/home/pengyh/documents/ros2_ws/RobotAD/install/usb_camera/share/usb_camera/package.bash'
[0.345s] INFO:colcon.colcon_core.shell:Creating package script '/home/pengyh/documents/ros2_ws/RobotAD/install/usb_camera/share/usb_camera/package.zsh'
[0.345s] Level 1:colcon.colcon_core.environment:create_file_with_runtime_dependencies(/home/pengyh/documents/ros2_ws/RobotAD/install/usb_camera/share/colcon-core/packages/usb_camera)
[0.532s] DEBUG:colcon.colcon_parallel_executor.executor.parallel:closing loop
[0.532s] DEBUG:colcon.colcon_parallel_executor.executor.parallel:loop closed
[0.532s] DEBUG:colcon.colcon_parallel_executor.executor.parallel:run_until_complete finished with '2'
[0.532s] DEBUG:colcon.colcon_core.event_reactor:joining thread
[0.535s] INFO:colcon.colcon_core.plugin_system:Skipping extension 'colcon_notification.desktop_notification.terminal_notifier': Not used on non-Darwin systems
[0.535s] INFO:colcon.colcon_core.plugin_system:Skipping extension 'colcon_notification.desktop_notification.win32': Not used on non-Windows systems
[0.536s] INFO:colcon.colcon_notification.desktop_notification:Sending desktop notification using 'notify2'
[0.542s] DEBUG:colcon.colcon_core.event_reactor:joined thread
[0.543s] INFO:colcon.colcon_core.shell:Creating prefix script '/home/pengyh/documents/ros2_ws/RobotAD/install/local_setup.ps1'
[0.544s] INFO:colcon.colcon_core.shell:Creating prefix util module '/home/pengyh/documents/ros2_ws/RobotAD/install/_local_setup_util_ps1.py'
[0.544s] INFO:colcon.colcon_core.shell:Creating prefix chain script '/home/pengyh/documents/ros2_ws/RobotAD/install/setup.ps1'
[0.545s] INFO:colcon.colcon_core.shell:Creating prefix script '/home/pengyh/documents/ros2_ws/RobotAD/install/local_setup.sh'
[0.545s] INFO:colcon.colcon_core.shell:Creating prefix util module '/home/pengyh/documents/ros2_ws/RobotAD/install/_local_setup_util_sh.py'
[0.545s] INFO:colcon.colcon_core.shell:Creating prefix chain script '/home/pengyh/documents/ros2_ws/RobotAD/install/setup.sh'
[0.546s] INFO:colcon.colcon_core.shell:Creating prefix script '/home/pengyh/documents/ros2_ws/RobotAD/install/local_setup.bash'
[0.546s] INFO:colcon.colcon_core.shell:Creating prefix chain script '/home/pengyh/documents/ros2_ws/RobotAD/install/setup.bash'
[0.547s] INFO:colcon.colcon_core.shell:Creating prefix script '/home/pengyh/documents/ros2_ws/RobotAD/install/local_setup.zsh'
[0.547s] INFO:colcon.colcon_core.shell:Creating prefix chain script '/home/pengyh/documents/ros2_ws/RobotAD/install/setup.zsh'
