[0.027s] Invoking command in '/home/future/Documents/pengyh/RobotAD_ws/build/diff_control': CMAKE_PREFIX_PATH=${CMAKE_PREFIX_PATH}:/opt/ros/humble /usr/bin/cmake /home/future/Documents/pengyh/RobotAD_ws/src/diff_control -DCMAKE_INSTALL_PREFIX=/home/future/Documents/pengyh/RobotAD_ws/install/diff_control
[0.035s] -- Found ament_cmake: 1.3.10 (/opt/ros/humble/share/ament_cmake/cmake)
[0.178s] -- Found hardware_interface: 2.43.1 (/opt/ros/humble/share/hardware_interface/cmake)
[0.220s] -- Found rosidl_generator_c: 3.1.5 (/opt/ros/humble/share/rosidl_generator_c/cmake)
[0.226s] -- Found rosidl_adapter: 3.1.5 (/opt/ros/humble/share/rosidl_adapter/cmake)
[0.237s] -- Found rosidl_generator_cpp: 3.1.5 (/opt/ros/humble/share/rosidl_generator_cpp/cmake)
[0.260s] -- Using all available rosidl_typesupport_c: rosidl_typesupport_fastrtps_c;rosidl_typesupport_introspection_c
[0.279s] -- Using all available rosidl_typesupport_cpp: rosidl_typesupport_fastrtps_cpp;rosidl_typesupport_introspection_cpp
[0.561s] -- Found rmw_implementation_cmake: 6.1.2 (/opt/ros/humble/share/rmw_implementation_cmake/cmake)
[0.573s] -- Found rmw_fastrtps_cpp: 6.2.7 (/opt/ros/humble/share/rmw_fastrtps_cpp/cmake)
[0.664s] -- Found TinyXML2 via Config file: TinyXML2_DIR-NOTFOUND
[0.679s] -- Found TinyXML2 via Config file: TinyXML2_DIR-NOTFOUND
[0.714s] -- Found TinyXML2 via Config file: TinyXML2_DIR-NOTFOUND
[0.730s] -- Found TinyXML2 via Config file: TinyXML2_DIR-NOTFOUND
[0.760s] -- Using RMW implementation 'rmw_fastrtps_cpp' as default
[0.854s] -- Found nav_interfaces: 0.0.0 (/home/future/Documents/Navigation/interface_ws/install/nav_interfaces/share/nav_interfaces/cmake)
[0.865s] -- Found rclcpp_components: 16.0.10 (/opt/ros/humble/share/rclcpp_components/cmake)
[0.890s] -- Found serial: 1.2.1 (/usr/local/share/serial/cmake)
[0.904s] [31mCMake Error at CMakeLists.txt:23 (find_package):
[0.904s]   By not providing "Findrobot_hardware.cmake" in CMAKE_MODULE_PATH this
[0.904s]   project has asked CMake to find a package configuration file provided by
[0.904s]   "robot_hardware", but CMake did not find one.
[0.904s] 
[0.904s]   Could not find a package configuration file provided by "robot_hardware"
[0.904s]   with any of the following names:
[0.905s] 
[0.905s]     robot_hardwareConfig.cmake
[0.905s]     robot_hardware-config.cmake
[0.905s] 
[0.905s]   Add the installation prefix of "robot_hardware" to CMAKE_PREFIX_PATH or set
[0.905s]   "robot_hardware_DIR" to a directory containing one of the above files.  If
[0.905s]   "robot_hardware" provides a separate development package or SDK, be sure it
[0.905s]   has been installed.
[0.905s] 
[0.905s] [0m
[0.906s] -- Configuring incomplete, errors occurred!
[0.906s] See also "/home/future/Documents/pengyh/RobotAD_ws/build/diff_control/CMakeFiles/CMakeOutput.log".
[0.919s] Invoked command in '/home/future/Documents/pengyh/RobotAD_ws/build/diff_control' returned '1': CMAKE_PREFIX_PATH=${CMAKE_PREFIX_PATH}:/opt/ros/humble /usr/bin/cmake /home/future/Documents/pengyh/RobotAD_ws/src/diff_control -DCMAKE_INSTALL_PREFIX=/home/future/Documents/pengyh/RobotAD_ws/install/diff_control
