[0.017s] Invoking command in '/home/pengyh/documents/ros2_ws/RobotAD/build/miiboo_imu': CMAKE_PREFIX_PATH=${CMAKE_PREFIX_PATH}:/opt/ros/humble CONDA_PROMPT_MODIFIER=(base) /usr/bin/cmake --build /home/pengyh/documents/ros2_ws/RobotAD/build/miiboo_imu -- -j24 -l24
[0.055s] [100%] Built target imu_read
[0.066s] Invoked command in '/home/pengyh/documents/ros2_ws/RobotAD/build/miiboo_imu' returned '0': CMAKE_PREFIX_PATH=${CMAKE_PREFIX_PATH}:/opt/ros/humble CONDA_PROMPT_MODIFIER=(base) /usr/bin/cmake --build /home/pengyh/documents/ros2_ws/RobotAD/build/miiboo_imu -- -j24 -l24
[0.066s] Invoking command in '/home/pengyh/documents/ros2_ws/RobotAD/build/miiboo_imu': CMAKE_PREFIX_PATH=${CMAKE_PREFIX_PATH}:/opt/ros/humble CONDA_PROMPT_MODIFIER=(base) /usr/bin/cmake --install /home/pengyh/documents/ros2_ws/RobotAD/build/miiboo_imu
[0.068s] -- Install configuration: ""
[0.068s] -- Execute custom install script
[0.069s] -- Up-to-date symlink: /home/pengyh/documents/ros2_ws/RobotAD/install/miiboo_imu/lib/miiboo_imu/imu_read
[0.070s] -- Up-to-date symlink: /home/pengyh/documents/ros2_ws/RobotAD/install/miiboo_imu/share/miiboo_imu//launch/imu.launch.py
[0.070s] -- Up-to-date symlink: /home/pengyh/documents/ros2_ws/RobotAD/install/miiboo_imu/share/ament_index/resource_index/package_run_dependencies/miiboo_imu
[0.070s] -- Up-to-date symlink: /home/pengyh/documents/ros2_ws/RobotAD/install/miiboo_imu/share/ament_index/resource_index/parent_prefix_path/miiboo_imu
[0.070s] -- Up-to-date symlink: /home/pengyh/documents/ros2_ws/RobotAD/install/miiboo_imu/share/miiboo_imu/environment/ament_prefix_path.sh
[0.070s] -- Up-to-date symlink: /home/pengyh/documents/ros2_ws/RobotAD/install/miiboo_imu/share/miiboo_imu/environment/ament_prefix_path.dsv
[0.070s] -- Up-to-date symlink: /home/pengyh/documents/ros2_ws/RobotAD/install/miiboo_imu/share/miiboo_imu/environment/path.sh
[0.070s] -- Up-to-date symlink: /home/pengyh/documents/ros2_ws/RobotAD/install/miiboo_imu/share/miiboo_imu/environment/path.dsv
[0.070s] -- Up-to-date symlink: /home/pengyh/documents/ros2_ws/RobotAD/install/miiboo_imu/share/miiboo_imu/local_setup.bash
[0.070s] -- Up-to-date symlink: /home/pengyh/documents/ros2_ws/RobotAD/install/miiboo_imu/share/miiboo_imu/local_setup.sh
[0.070s] -- Up-to-date symlink: /home/pengyh/documents/ros2_ws/RobotAD/install/miiboo_imu/share/miiboo_imu/local_setup.zsh
[0.070s] -- Up-to-date symlink: /home/pengyh/documents/ros2_ws/RobotAD/install/miiboo_imu/share/miiboo_imu/local_setup.dsv
[0.070s] -- Symlinking: /home/pengyh/documents/ros2_ws/RobotAD/install/miiboo_imu/share/miiboo_imu/package.dsv
[0.077s] -- Up-to-date symlink: /home/pengyh/documents/ros2_ws/RobotAD/install/miiboo_imu/share/ament_index/resource_index/packages/miiboo_imu
[0.077s] -- Up-to-date symlink: /home/pengyh/documents/ros2_ws/RobotAD/install/miiboo_imu/share/miiboo_imu/cmake/miiboo_imuConfig.cmake
[0.077s] -- Up-to-date symlink: /home/pengyh/documents/ros2_ws/RobotAD/install/miiboo_imu/share/miiboo_imu/cmake/miiboo_imuConfig-version.cmake
[0.077s] -- Up-to-date symlink: /home/pengyh/documents/ros2_ws/RobotAD/install/miiboo_imu/share/miiboo_imu/package.xml
[0.098s] Invoked command in '/home/pengyh/documents/ros2_ws/RobotAD/build/miiboo_imu' returned '0': CMAKE_PREFIX_PATH=${CMAKE_PREFIX_PATH}:/opt/ros/humble CONDA_PROMPT_MODIFIER=(base) /usr/bin/cmake --install /home/pengyh/documents/ros2_ws/RobotAD/build/miiboo_imu
