[0.017s] Invoking command in '/home/future/Documents/pengyh/RobotAD_ws/build/robot_locate': CMAKE_PREFIX_PATH=${CMAKE_PREFIX_PATH}:/opt/ros/humble /usr/bin/cmake /home/future/Documents/pengyh/RobotAD_ws/src/robot_locate -DCMAKE_INSTALL_PREFIX=/home/future/Documents/pengyh/RobotAD_ws/install/robot_locate
[0.056s] -- The C compiler identification is GNU 12.3.0
[0.093s] -- The CXX compiler identification is GNU 12.3.0
[0.097s] -- Detecting C compiler ABI info
[0.146s] -- Detecting C compiler ABI info - done
[0.150s] -- Check for working C compiler: /usr/bin/cc - skipped
[0.151s] -- Detecting C compile features
[0.151s] -- Detecting C compile features - done
[0.152s] -- Detecting CXX compiler ABI info
[0.207s] -- Detecting CXX compiler ABI info - done
[0.211s] -- Check for working CXX compiler: /usr/bin/c++ - skipped
[0.212s] -- Detecting CXX compile features
[0.212s] -- Detecting CXX compile features - done
[0.214s] -- Found ament_cmake: 1.3.10 (/opt/ros/humble/share/ament_cmake/cmake)
[0.336s] -- Found Python3: /usr/bin/python3 (found version "3.10.12") found components: Interpreter 
[0.398s] -- Found geometry_msgs: 4.2.4 (/opt/ros/humble/share/geometry_msgs/cmake)
[0.425s] -- Found rosidl_generator_c: 3.1.5 (/opt/ros/humble/share/rosidl_generator_c/cmake)
[0.428s] -- Found rosidl_adapter: 3.1.5 (/opt/ros/humble/share/rosidl_adapter/cmake)
[0.434s] -- Found rosidl_generator_cpp: 3.1.5 (/opt/ros/humble/share/rosidl_generator_cpp/cmake)
[0.444s] -- Using all available rosidl_typesupport_c: rosidl_typesupport_fastrtps_c;rosidl_typesupport_introspection_c
[0.456s] -- Using all available rosidl_typesupport_cpp: rosidl_typesupport_fastrtps_cpp;rosidl_typesupport_introspection_cpp
[0.481s] -- Found rclcpp: 16.0.10 (/opt/ros/humble/share/rclcpp/cmake)
[0.506s] -- Found rmw_implementation_cmake: 6.1.2 (/opt/ros/humble/share/rmw_implementation_cmake/cmake)
[0.508s] -- Found rmw_fastrtps_cpp: 6.2.7 (/opt/ros/humble/share/rmw_fastrtps_cpp/cmake)
[0.568s] -- Found OpenSSL: /usr/lib/x86_64-linux-gnu/libcrypto.so (found version "3.0.2")  
[0.598s] -- Found FastRTPS: /opt/ros/humble/include  
[0.635s] -- Using RMW implementation 'rmw_fastrtps_cpp' as default
[0.642s] -- Looking for pthread.h
[0.688s] -- Looking for pthread.h - found
[0.688s] -- Performing Test CMAKE_HAVE_LIBC_PTHREAD
[0.743s] -- Performing Test CMAKE_HAVE_LIBC_PTHREAD - Success
[0.744s] -- Found Threads: TRUE  
[0.769s] -- Found tf2: 0.25.8 (/opt/ros/humble/share/tf2/cmake)
[0.777s] -- Found tf2_ros: 0.25.8 (/opt/ros/humble/share/tf2_ros/cmake)
[0.835s] -- Found turtlesim: 1.4.2 (/opt/ros/humble/share/turtlesim/cmake)
[0.846s] -- Found ament_lint_auto: 0.12.11 (/opt/ros/humble/share/ament_lint_auto/cmake)
[0.899s] -- Added test 'flake8' to check Python code syntax and style conventions
[0.900s] -- Added test 'lint_cmake' to check CMake code style
[0.900s] -- Added test 'pep257' to check Python code against some of the docstring style conventions in PEP 257
[0.901s] -- Added test 'xmllint' to check XML markup files
[0.902s] -- Configuring done
[0.904s] -- Generating done
[0.906s] -- Build files have been written to: /home/future/Documents/pengyh/RobotAD_ws/build/robot_locate
