[0.058s] Invoking command in '/home/future/Documents/pengyh/RobotAD_ws/build/rslidar_sdk': CMAKE_PREFIX_PATH=/home/future/Documents/pengyh/RobotAD_ws/install/rslidar_msg:/home/future/Documents/pengyh/RobotAD_ws/install/usb_camera:/home/future/Documents/pengyh/RobotAD_ws/install/serial_comm:/home/future/Documents/pengyh/RobotAD_ws/install/rslidar_sdk:/home/future/Documents/pengyh/RobotAD_ws/install/robot_locate:/home/future/Documents/pengyh/RobotAD_ws/install/robot_hardware:/home/future/Documents/pengyh/RobotAD_ws/install/pointcloud_to_laserscan:/home/future/Documents/pengyh/RobotAD_ws/install/miiboo_imu:/home/future/Documents/pengyh/RobotAD_ws/install/keyboard_control:/home/future/Documents/pengyh/RobotAD_ws/install/diff_control:/home/future/Documents/VIW-FUSION/install/vins:/home/future/Documents/VIW-FUSION/install/loop_fusion:/home/future/Documents/VIW-FUSION/install/global_fusion:/home/future/Documents/VIW-FUSION/install/camera_models:/home/future/Documents/people_tracker/install/people_msgs:/home/future/Documents/people_tracker/install/leg_tracker_ros2:/home/future/Documents/Navigation/interface_ws/install/nav_interfaces:/opt/ros/humble /usr/bin/cmake /home/future/Documents/pengyh/RobotAD_ws/src/rslidar_sdk -DCMAKE_INSTALL_PREFIX=/home/future/Documents/pengyh/RobotAD_ws/install/rslidar_sdk
[0.169s] -- The C compiler identification is GNU 12.3.0
[0.375s] -- The CXX compiler identification is GNU 12.3.0
[0.383s] -- Detecting C compiler ABI info
[0.467s] -- Detecting C compiler ABI info - done
[0.482s] -- Check for working C compiler: /usr/bin/cc - skipped
[0.483s] -- Detecting C compile features
[0.483s] -- Detecting C compile features - done
[0.487s] -- Detecting CXX compiler ABI info
[0.594s] -- Detecting CXX compiler ABI info - done
[0.606s] -- Check for working CXX compiler: /usr/bin/c++ - skipped
[0.606s] -- Detecting CXX compile features
[0.607s] -- Detecting CXX compile features - done
[0.608s] [0m=============================================================[0m
[0.608s] [0m-- POINT_TYPE is XYZI[0m
[0.608s] [0m=============================================================[0m
[0.620s] [0m=============================================================[0m
[0.620s] [0m-- ROS Not Found. ROS Support is turned Off.[0m
[0.620s] [0m=============================================================[0m
[0.819s] -- Found Python3: /usr/bin/python3 (found version "3.10.12") found components: Interpreter 
[1.113s] -- Found rosidl_generator_c: 3.1.5 (/opt/ros/humble/share/rosidl_generator_c/cmake)
[1.121s] -- Found rosidl_adapter: 3.1.5 (/opt/ros/humble/share/rosidl_adapter/cmake)
[1.133s] -- Found rosidl_generator_cpp: 3.1.5 (/opt/ros/humble/share/rosidl_generator_cpp/cmake)
[1.150s] -- Using all available rosidl_typesupport_c: rosidl_typesupport_fastrtps_c;rosidl_typesupport_introspection_c
[1.173s] -- Using all available rosidl_typesupport_cpp: rosidl_typesupport_fastrtps_cpp;rosidl_typesupport_introspection_cpp
[1.241s] -- Found rmw_implementation_cmake: 6.1.2 (/opt/ros/humble/share/rmw_implementation_cmake/cmake)
[1.246s] -- Found rmw_fastrtps_cpp: 6.2.7 (/opt/ros/humble/share/rmw_fastrtps_cpp/cmake)
[1.398s] -- Found OpenSSL: /usr/lib/x86_64-linux-gnu/libcrypto.so (found version "3.0.2")  
[1.451s] -- Found FastRTPS: /opt/ros/humble/include  
[1.531s] -- Using RMW implementation 'rmw_fastrtps_cpp' as default
[1.587s] -- Looking for pthread.h
[1.728s] -- Looking for pthread.h - found
[1.730s] -- Performing Test CMAKE_HAVE_LIBC_PTHREAD
[1.856s] -- Performing Test CMAKE_HAVE_LIBC_PTHREAD - Success
[1.861s] -- Found Threads: TRUE  
[2.000s] [0m=============================================================[0m
[2.000s] [0m-- ROS2 Found. ROS2 Support is turned On.[0m
[2.001s] [0m=============================================================[0m
[2.003s] -- Found sensor_msgs: 4.2.4 (/opt/ros/humble/share/sensor_msgs/cmake)
[2.088s] -- Found rslidar_msg: 0.0.0 (/home/future/Documents/pengyh/RobotAD_ws/install/rslidar_msg/share/rslidar_msg/cmake)
[2.115s] [0m=============================================================[0m
[2.115s] [0m-- CMake run for UNIX GNU Compiler[0m
[2.115s] [0m=============================================================[0m
[2.116s] [0m=============================================================[0m
[2.116s] [0m-- rs_driver Version : v1.5.10[0m
[2.116s] [0m=============================================================[0m
[2.196s] -- Configuring done
[2.207s] -- Generating done
[2.211s] -- Build files have been written to: /home/future/Documents/pengyh/RobotAD_ws/build/rslidar_sdk
[2.222s] Invoked command in '/home/future/Documents/pengyh/RobotAD_ws/build/rslidar_sdk' returned '0': CMAKE_PREFIX_PATH=/home/future/Documents/pengyh/RobotAD_ws/install/rslidar_msg:/home/future/Documents/pengyh/RobotAD_ws/install/usb_camera:/home/future/Documents/pengyh/RobotAD_ws/install/serial_comm:/home/future/Documents/pengyh/RobotAD_ws/install/rslidar_sdk:/home/future/Documents/pengyh/RobotAD_ws/install/robot_locate:/home/future/Documents/pengyh/RobotAD_ws/install/robot_hardware:/home/future/Documents/pengyh/RobotAD_ws/install/pointcloud_to_laserscan:/home/future/Documents/pengyh/RobotAD_ws/install/miiboo_imu:/home/future/Documents/pengyh/RobotAD_ws/install/keyboard_control:/home/future/Documents/pengyh/RobotAD_ws/install/diff_control:/home/future/Documents/VIW-FUSION/install/vins:/home/future/Documents/VIW-FUSION/install/loop_fusion:/home/future/Documents/VIW-FUSION/install/global_fusion:/home/future/Documents/VIW-FUSION/install/camera_models:/home/future/Documents/people_tracker/install/people_msgs:/home/future/Documents/people_tracker/install/leg_tracker_ros2:/home/future/Documents/Navigation/interface_ws/install/nav_interfaces:/opt/ros/humble /usr/bin/cmake /home/future/Documents/pengyh/RobotAD_ws/src/rslidar_sdk -DCMAKE_INSTALL_PREFIX=/home/future/Documents/pengyh/RobotAD_ws/install/rslidar_sdk
[2.228s] Invoking command in '/home/future/Documents/pengyh/RobotAD_ws/build/rslidar_sdk': CMAKE_PREFIX_PATH=/home/future/Documents/pengyh/RobotAD_ws/install/rslidar_msg:/home/future/Documents/pengyh/RobotAD_ws/install/usb_camera:/home/future/Documents/pengyh/RobotAD_ws/install/serial_comm:/home/future/Documents/pengyh/RobotAD_ws/install/rslidar_sdk:/home/future/Documents/pengyh/RobotAD_ws/install/robot_locate:/home/future/Documents/pengyh/RobotAD_ws/install/robot_hardware:/home/future/Documents/pengyh/RobotAD_ws/install/pointcloud_to_laserscan:/home/future/Documents/pengyh/RobotAD_ws/install/miiboo_imu:/home/future/Documents/pengyh/RobotAD_ws/install/keyboard_control:/home/future/Documents/pengyh/RobotAD_ws/install/diff_control:/home/future/Documents/VIW-FUSION/install/vins:/home/future/Documents/VIW-FUSION/install/loop_fusion:/home/future/Documents/VIW-FUSION/install/global_fusion:/home/future/Documents/VIW-FUSION/install/camera_models:/home/future/Documents/people_tracker/install/people_msgs:/home/future/Documents/people_tracker/install/leg_tracker_ros2:/home/future/Documents/Navigation/interface_ws/install/nav_interfaces:/opt/ros/humble /usr/bin/cmake --build /home/future/Documents/pengyh/RobotAD_ws/build/rslidar_sdk -- -j24 -l24
[2.319s] [ 33%] [32mBuilding CXX object CMakeFiles/rslidar_sdk_node.dir/node/rslidar_sdk_node.cpp.o[0m
[2.320s] [ 66%] [32mBuilding CXX object CMakeFiles/rslidar_sdk_node.dir/src/manager/node_manager.cpp.o[0m
[25.820s] [100%] [32m[1mLinking CXX executable rslidar_sdk_node[0m
[26.040s] [100%] Built target rslidar_sdk_node
[26.059s] Invoked command in '/home/future/Documents/pengyh/RobotAD_ws/build/rslidar_sdk' returned '0': CMAKE_PREFIX_PATH=/home/future/Documents/pengyh/RobotAD_ws/install/rslidar_msg:/home/future/Documents/pengyh/RobotAD_ws/install/usb_camera:/home/future/Documents/pengyh/RobotAD_ws/install/serial_comm:/home/future/Documents/pengyh/RobotAD_ws/install/rslidar_sdk:/home/future/Documents/pengyh/RobotAD_ws/install/robot_locate:/home/future/Documents/pengyh/RobotAD_ws/install/robot_hardware:/home/future/Documents/pengyh/RobotAD_ws/install/pointcloud_to_laserscan:/home/future/Documents/pengyh/RobotAD_ws/install/miiboo_imu:/home/future/Documents/pengyh/RobotAD_ws/install/keyboard_control:/home/future/Documents/pengyh/RobotAD_ws/install/diff_control:/home/future/Documents/VIW-FUSION/install/vins:/home/future/Documents/VIW-FUSION/install/loop_fusion:/home/future/Documents/VIW-FUSION/install/global_fusion:/home/future/Documents/VIW-FUSION/install/camera_models:/home/future/Documents/people_tracker/install/people_msgs:/home/future/Documents/people_tracker/install/leg_tracker_ros2:/home/future/Documents/Navigation/interface_ws/install/nav_interfaces:/opt/ros/humble /usr/bin/cmake --build /home/future/Documents/pengyh/RobotAD_ws/build/rslidar_sdk -- -j24 -l24
[26.060s] Invoking command in '/home/future/Documents/pengyh/RobotAD_ws/build/rslidar_sdk': CMAKE_PREFIX_PATH=/home/future/Documents/pengyh/RobotAD_ws/install/rslidar_msg:/home/future/Documents/pengyh/RobotAD_ws/install/usb_camera:/home/future/Documents/pengyh/RobotAD_ws/install/serial_comm:/home/future/Documents/pengyh/RobotAD_ws/install/rslidar_sdk:/home/future/Documents/pengyh/RobotAD_ws/install/robot_locate:/home/future/Documents/pengyh/RobotAD_ws/install/robot_hardware:/home/future/Documents/pengyh/RobotAD_ws/install/pointcloud_to_laserscan:/home/future/Documents/pengyh/RobotAD_ws/install/miiboo_imu:/home/future/Documents/pengyh/RobotAD_ws/install/keyboard_control:/home/future/Documents/pengyh/RobotAD_ws/install/diff_control:/home/future/Documents/VIW-FUSION/install/vins:/home/future/Documents/VIW-FUSION/install/loop_fusion:/home/future/Documents/VIW-FUSION/install/global_fusion:/home/future/Documents/VIW-FUSION/install/camera_models:/home/future/Documents/people_tracker/install/people_msgs:/home/future/Documents/people_tracker/install/leg_tracker_ros2:/home/future/Documents/Navigation/interface_ws/install/nav_interfaces:/opt/ros/humble /usr/bin/cmake --install /home/future/Documents/pengyh/RobotAD_ws/build/rslidar_sdk
[26.067s] -- Install configuration: "Release"
[26.067s] -- Installing: /home/future/Documents/pengyh/RobotAD_ws/install/rslidar_sdk/lib/rslidar_sdk/rslidar_sdk_node
[26.068s] -- Set runtime path of "/home/future/Documents/pengyh/RobotAD_ws/install/rslidar_sdk/lib/rslidar_sdk/rslidar_sdk_node" to ""
[26.068s] -- Installing: /home/future/Documents/pengyh/RobotAD_ws/install/rslidar_sdk/share/rslidar_sdk/launch
[26.068s] -- Installing: /home/future/Documents/pengyh/RobotAD_ws/install/rslidar_sdk/share/rslidar_sdk/launch/elequent_start.py
[26.068s] -- Installing: /home/future/Documents/pengyh/RobotAD_ws/install/rslidar_sdk/share/rslidar_sdk/launch/start.launch
[26.068s] -- Installing: /home/future/Documents/pengyh/RobotAD_ws/install/rslidar_sdk/share/rslidar_sdk/launch/start.py
[26.068s] -- Installing: /home/future/Documents/pengyh/RobotAD_ws/install/rslidar_sdk/share/rslidar_sdk/rviz
[26.068s] -- Installing: /home/future/Documents/pengyh/RobotAD_ws/install/rslidar_sdk/share/rslidar_sdk/rviz/rviz.rviz
[26.068s] -- Installing: /home/future/Documents/pengyh/RobotAD_ws/install/rslidar_sdk/share/rslidar_sdk/rviz/rviz2.rviz
[26.068s] -- Installing: /home/future/Documents/pengyh/RobotAD_ws/install/rslidar_sdk/share/ament_index/resource_index/package_run_dependencies/rslidar_sdk
[26.068s] -- Installing: /home/future/Documents/pengyh/RobotAD_ws/install/rslidar_sdk/share/ament_index/resource_index/parent_prefix_path/rslidar_sdk
[26.069s] -- Installing: /home/future/Documents/pengyh/RobotAD_ws/install/rslidar_sdk/share/rslidar_sdk/environment/ament_prefix_path.sh
[26.069s] -- Installing: /home/future/Documents/pengyh/RobotAD_ws/install/rslidar_sdk/share/rslidar_sdk/environment/ament_prefix_path.dsv
[26.069s] -- Installing: /home/future/Documents/pengyh/RobotAD_ws/install/rslidar_sdk/share/rslidar_sdk/environment/path.sh
[26.069s] -- Installing: /home/future/Documents/pengyh/RobotAD_ws/install/rslidar_sdk/share/rslidar_sdk/environment/path.dsv
[26.069s] -- Installing: /home/future/Documents/pengyh/RobotAD_ws/install/rslidar_sdk/share/rslidar_sdk/local_setup.bash
[26.069s] -- Installing: /home/future/Documents/pengyh/RobotAD_ws/install/rslidar_sdk/share/rslidar_sdk/local_setup.sh
[26.069s] -- Installing: /home/future/Documents/pengyh/RobotAD_ws/install/rslidar_sdk/share/rslidar_sdk/local_setup.zsh
[26.069s] -- Installing: /home/future/Documents/pengyh/RobotAD_ws/install/rslidar_sdk/share/rslidar_sdk/local_setup.dsv
[26.069s] -- Installing: /home/future/Documents/pengyh/RobotAD_ws/install/rslidar_sdk/share/rslidar_sdk/package.dsv
[26.069s] -- Installing: /home/future/Documents/pengyh/RobotAD_ws/install/rslidar_sdk/share/ament_index/resource_index/packages/rslidar_sdk
[26.069s] -- Installing: /home/future/Documents/pengyh/RobotAD_ws/install/rslidar_sdk/share/rslidar_sdk/cmake/rslidar_sdkConfig.cmake
[26.069s] -- Installing: /home/future/Documents/pengyh/RobotAD_ws/install/rslidar_sdk/share/rslidar_sdk/cmake/rslidar_sdkConfig-version.cmake
[26.070s] -- Installing: /home/future/Documents/pengyh/RobotAD_ws/install/rslidar_sdk/share/rslidar_sdk/package.xml
[26.072s] Invoked command in '/home/future/Documents/pengyh/RobotAD_ws/build/rslidar_sdk' returned '0': CMAKE_PREFIX_PATH=/home/future/Documents/pengyh/RobotAD_ws/install/rslidar_msg:/home/future/Documents/pengyh/RobotAD_ws/install/usb_camera:/home/future/Documents/pengyh/RobotAD_ws/install/serial_comm:/home/future/Documents/pengyh/RobotAD_ws/install/rslidar_sdk:/home/future/Documents/pengyh/RobotAD_ws/install/robot_locate:/home/future/Documents/pengyh/RobotAD_ws/install/robot_hardware:/home/future/Documents/pengyh/RobotAD_ws/install/pointcloud_to_laserscan:/home/future/Documents/pengyh/RobotAD_ws/install/miiboo_imu:/home/future/Documents/pengyh/RobotAD_ws/install/keyboard_control:/home/future/Documents/pengyh/RobotAD_ws/install/diff_control:/home/future/Documents/VIW-FUSION/install/vins:/home/future/Documents/VIW-FUSION/install/loop_fusion:/home/future/Documents/VIW-FUSION/install/global_fusion:/home/future/Documents/VIW-FUSION/install/camera_models:/home/future/Documents/people_tracker/install/people_msgs:/home/future/Documents/people_tracker/install/leg_tracker_ros2:/home/future/Documents/Navigation/interface_ws/install/nav_interfaces:/opt/ros/humble /usr/bin/cmake --install /home/future/Documents/pengyh/RobotAD_ws/build/rslidar_sdk
