[0.024s] Invoking command in '/home/future/Documents/pengyh/RobotAD_ws/build/robot_hardware': CMAKE_PREFIX_PATH=${CMAKE_PREFIX_PATH}:/opt/ros/humble /usr/bin/cmake --build /home/future/Documents/pengyh/RobotAD_ws/build/robot_hardware -- -j24 -l24
[0.051s] [  3%] [34m[1mGenerating C code for ROS interfaces[0m
[0.055s] [  6%] [34m[1mGenerating C++ code for ROS interfaces[0m
[0.059s] [  6%] Built target ament_cmake_python_copy_robot_hardware
[0.260s] running egg_info
[0.260s] creating robot_hardware.egg-info
[0.260s] writing robot_hardware.egg-info/PKG-INFO
[0.260s] writing dependency_links to robot_hardware.egg-info/dependency_links.txt
[0.260s] writing top-level names to robot_hardware.egg-info/top_level.txt
[0.260s] writing manifest file 'robot_hardware.egg-info/SOURCES.txt'
[0.263s] reading manifest file 'robot_hardware.egg-info/SOURCES.txt'
[0.263s] writing manifest file 'robot_hardware.egg-info/SOURCES.txt'
[0.285s] [  6%] Built target ament_cmake_python_build_robot_hardware_egg
[0.300s] [  9%] [32mBuilding C object CMakeFiles/robot_hardware__rosidl_generator_c.dir/rosidl_generator_c/robot_hardware/msg/detail/hardware_data__functions.c.o[0m
[0.338s] [ 12%] [32m[1mLinking C shared library librobot_hardware__rosidl_generator_c.so[0m
[0.366s] [ 12%] Built target robot_hardware__rosidl_generator_c
[0.375s] [ 15%] [34m[1mGenerating C introspection for ROS interfaces[0m
[0.377s] [ 18%] [34m[1mGenerating C type support dispatch for ROS interfaces[0m
[0.378s] [ 21%] [34m[1mGenerating C type support for eProsima Fast-RTPS[0m
[0.412s] [ 21%] Built target robot_hardware__cpp
[0.419s] [ 24%] [34m[1mGenerating C++ type support for eProsima Fast-RTPS[0m
[0.420s] [ 27%] [34m[1mGenerating C++ introspection for ROS interfaces[0m
[0.422s] [ 30%] [34m[1mGenerating C++ type support dispatch for ROS interfaces[0m
[0.672s] [ 33%] [32mBuilding CXX object CMakeFiles/robot_hardware__rosidl_typesupport_fastrtps_c.dir/rosidl_typesupport_fastrtps_c/robot_hardware/msg/detail/hardware_data__type_support_c.cpp.o[0m
[0.677s] [ 36%] [32mBuilding C object CMakeFiles/robot_hardware__rosidl_typesupport_introspection_c.dir/rosidl_typesupport_introspection_c/robot_hardware/msg/detail/hardware_data__type_support.c.o[0m
[0.706s] [ 39%] [32mBuilding CXX object CMakeFiles/robot_hardware__rosidl_typesupport_fastrtps_cpp.dir/rosidl_typesupport_fastrtps_cpp/robot_hardware/msg/detail/dds_fastrtps/hardware_data__type_support.cpp.o[0m
[0.715s] [ 42%] [32m[1mLinking C shared library librobot_hardware__rosidl_typesupport_introspection_c.so[0m
[0.723s] [ 45%] [32mBuilding CXX object CMakeFiles/robot_hardware__rosidl_typesupport_cpp.dir/rosidl_typesupport_cpp/robot_hardware/msg/hardware_data__type_support.cpp.o[0m
[0.749s] [ 45%] Built target robot_hardware__rosidl_typesupport_introspection_c
[0.763s] [ 48%] [32mBuilding CXX object CMakeFiles/robot_hardware__rosidl_typesupport_c.dir/rosidl_typesupport_c/robot_hardware/msg/hardware_data__type_support.cpp.o[0m
[0.785s] [ 51%] [32m[1mLinking CXX shared library librobot_hardware__rosidl_typesupport_c.so[0m
[0.788s] [ 54%] [32mBuilding CXX object CMakeFiles/robot_hardware__rosidl_typesupport_introspection_cpp.dir/rosidl_typesupport_introspection_cpp/robot_hardware/msg/detail/hardware_data__type_support.cpp.o[0m
[0.815s] [ 54%] Built target robot_hardware__rosidl_typesupport_c
[0.935s] [ 57%] [32m[1mLinking CXX shared library librobot_hardware__rosidl_typesupport_cpp.so[0m
[0.963s] [ 57%] Built target robot_hardware__rosidl_typesupport_cpp
[0.968s] [ 60%] [32m[1mLinking CXX shared library librobot_hardware__rosidl_typesupport_fastrtps_c.so[0m
[0.982s] [ 63%] [32mBuilding CXX object CMakeFiles/hardware_manager.dir/src/hardware_manager.cpp.o[0m
[0.996s] [ 66%] [32m[1mLinking CXX shared library librobot_hardware__rosidl_typesupport_fastrtps_cpp.so[0m
[0.996s] [ 69%] [32m[1mLinking CXX shared library librobot_hardware__rosidl_typesupport_introspection_cpp.so[0m
[1.026s] [ 69%] Built target robot_hardware__rosidl_typesupport_introspection_cpp
[1.034s] [ 69%] Built target robot_hardware__rosidl_typesupport_fastrtps_c
[1.046s] [ 69%] Built target robot_hardware__rosidl_typesupport_fastrtps_cpp
[1.060s] [ 69%] Built target robot_hardware
[1.078s] [ 72%] [34m[1mGenerating Python code for ROS interfaces[0m
[1.414s] [ 72%] Built target robot_hardware__py
[1.431s] [ 75%] [32mBuilding C object CMakeFiles/robot_hardware__rosidl_generator_py.dir/rosidl_generator_py/robot_hardware/msg/_hardware_data_s.c.o[0m
[1.505s] [ 78%] [32m[1mLinking C shared library rosidl_generator_py/robot_hardware/librobot_hardware__rosidl_generator_py.so[0m
[1.535s] [ 78%] Built target robot_hardware__rosidl_generator_py
[1.551s] [ 81%] [32mBuilding C object CMakeFiles/robot_hardware__rosidl_typesupport_c__pyext.dir/rosidl_generator_py/robot_hardware/_robot_hardware_s.ep.rosidl_typesupport_c.c.o[0m
[1.554s] [ 84%] [32mBuilding C object CMakeFiles/robot_hardware__rosidl_typesupport_fastrtps_c__pyext.dir/rosidl_generator_py/robot_hardware/_robot_hardware_s.ep.rosidl_typesupport_fastrtps_c.c.o[0m
[1.554s] [ 87%] [32mBuilding C object CMakeFiles/robot_hardware__rosidl_typesupport_introspection_c__pyext.dir/rosidl_generator_py/robot_hardware/_robot_hardware_s.ep.rosidl_typesupport_introspection_c.c.o[0m
[1.615s] [ 93%] [32m[1mLinking C shared library rosidl_generator_py/robot_hardware/robot_hardware_s__rosidl_typesupport_fastrtps_c.cpython-310-x86_64-linux-gnu.so[0m
[1.615s] [ 93%] [32m[1mLinking C shared library rosidl_generator_py/robot_hardware/robot_hardware_s__rosidl_typesupport_introspection_c.cpython-310-x86_64-linux-gnu.so[0m
[1.640s] [ 93%] Built target robot_hardware__rosidl_typesupport_introspection_c__pyext
[1.644s] [ 93%] Built target robot_hardware__rosidl_typesupport_fastrtps_c__pyext
[1.657s] [ 96%] [32m[1mLinking C shared library rosidl_generator_py/robot_hardware/robot_hardware_s__rosidl_typesupport_c.cpython-310-x86_64-linux-gnu.so[0m
[1.682s] [ 96%] Built target robot_hardware__rosidl_typesupport_c__pyext
[10.416s] [100%] [32m[1mLinking CXX executable hardware_manager[0m
[10.833s] [100%] Built target hardware_manager
