[0.057s] Invoking command in '/home/future/Documents/pengyh/RobotAD_ws/build/usb_camera': CMAKE_PREFIX_PATH=${CMAKE_PREFIX_PATH}:/opt/ros/humble /usr/bin/cmake --build /home/future/Documents/pengyh/RobotAD_ws/build/usb_camera -- -j24 -l24
[0.157s] [100%] Built target usb_camera_node
[0.200s] Invoked command in '/home/future/Documents/pengyh/RobotAD_ws/build/usb_camera' returned '0': CMAKE_PREFIX_PATH=${CMAKE_PREFIX_PATH}:/opt/ros/humble /usr/bin/cmake --build /home/future/Documents/pengyh/RobotAD_ws/build/usb_camera -- -j24 -l24
[0.204s] Invoking command in '/home/future/Documents/pengyh/RobotAD_ws/build/usb_camera': CMAKE_PREFIX_PATH=${CMAKE_PREFIX_PATH}:/opt/ros/humble /usr/bin/cmake --install /home/future/Documents/pengyh/RobotAD_ws/build/usb_camera
[0.220s] -- Install configuration: ""
[0.220s] -- Up-to-date: /home/future/Documents/pengyh/RobotAD_ws/install/usb_camera/lib/usb_camera/usb_camera_node
[0.221s] -- Up-to-date: /home/future/Documents/pengyh/RobotAD_ws/install/usb_camera/share/ament_index/resource_index/package_run_dependencies/usb_camera
[0.221s] -- Up-to-date: /home/future/Documents/pengyh/RobotAD_ws/install/usb_camera/share/ament_index/resource_index/parent_prefix_path/usb_camera
[0.221s] -- Up-to-date: /home/future/Documents/pengyh/RobotAD_ws/install/usb_camera/share/usb_camera/environment/ament_prefix_path.sh
[0.221s] -- Up-to-date: /home/future/Documents/pengyh/RobotAD_ws/install/usb_camera/share/usb_camera/environment/ament_prefix_path.dsv
[0.221s] -- Up-to-date: /home/future/Documents/pengyh/RobotAD_ws/install/usb_camera/share/usb_camera/environment/path.sh
[0.221s] -- Up-to-date: /home/future/Documents/pengyh/RobotAD_ws/install/usb_camera/share/usb_camera/environment/path.dsv
[0.221s] -- Up-to-date: /home/future/Documents/pengyh/RobotAD_ws/install/usb_camera/share/usb_camera/local_setup.bash
[0.221s] -- Up-to-date: /home/future/Documents/pengyh/RobotAD_ws/install/usb_camera/share/usb_camera/local_setup.sh
[0.221s] -- Up-to-date: /home/future/Documents/pengyh/RobotAD_ws/install/usb_camera/share/usb_camera/local_setup.zsh
[0.221s] -- Up-to-date: /home/future/Documents/pengyh/RobotAD_ws/install/usb_camera/share/usb_camera/local_setup.dsv
[0.221s] -- Installing: /home/future/Documents/pengyh/RobotAD_ws/install/usb_camera/share/usb_camera/package.dsv
[0.221s] -- Up-to-date: /home/future/Documents/pengyh/RobotAD_ws/install/usb_camera/share/ament_index/resource_index/packages/usb_camera
[0.221s] -- Up-to-date: /home/future/Documents/pengyh/RobotAD_ws/install/usb_camera/share/usb_camera/cmake/usb_cameraConfig.cmake
[0.221s] -- Up-to-date: /home/future/Documents/pengyh/RobotAD_ws/install/usb_camera/share/usb_camera/cmake/usb_cameraConfig-version.cmake
[0.221s] -- Up-to-date: /home/future/Documents/pengyh/RobotAD_ws/install/usb_camera/share/usb_camera/package.xml
[0.254s] Invoked command in '/home/future/Documents/pengyh/RobotAD_ws/build/usb_camera' returned '0': CMAKE_PREFIX_PATH=${CMAKE_PREFIX_PATH}:/opt/ros/humble /usr/bin/cmake --install /home/future/Documents/pengyh/RobotAD_ws/build/usb_camera
