[0.029s] Invoking command in '/home/future/Documents/pengyh/RobotAD_ws/build/diff_control': CMAKE_PREFIX_PATH=${CMAKE_PREFIX_PATH}:/opt/ros/humble /usr/bin/cmake --build /home/future/Documents/pengyh/RobotAD_ws/build/diff_control -- -j24 -l24
[0.070s] [35m[1mConsolidate compiler generated dependencies of target serial_bridge_node[0m
[0.072s] [35m[1mConsolidate compiler generated dependencies of target diff_control[0m
[0.091s] [ 25%] [32mBuilding CXX object CMakeFiles/serial_bridge_node.dir/hardware/serial_bridge_node.cpp.o[0m
[0.099s] [ 50%] [32mBuilding CXX object CMakeFiles/diff_control.dir/hardware/diffbot_system.cpp.o[0m
[1.484s] [01m[K/home/future/Documents/pengyh/RobotAD_ws/src/diff_control/hardware/diffbot_system.cpp:[m[K In member function ‘[01m[Kvirtual hardware_interface::CallbackReturn diff_control::DiffBotSystemHardware::on_activate(const rclcpp_lifecycle::State&)[m[K’:
[1.484s] [01m[K/home/future/Documents/pengyh/RobotAD_ws/src/diff_control/hardware/diffbot_system.cpp:180:27:[m[K [01;31m[Kerror: [m[K‘[01m[Knode[m[K’ was not declared in this scope
[1.484s]   180 | criber = [01;31m[Knode[m[K->create_subscription<robot_hardware::msg::MotorData>(
[1.484s]       |          [01;31m[K^~~~[m[K
[1.484s] 
[1.484s] [01m[K/home/future/Documents/pengyh/RobotAD_ws/src/diff_control/hardware/diffbot_system.cpp:180:83:[m[K [01;31m[Kerror: [m[Kexpected primary-expression before ‘[01m[K>[m[K’ token
[1.484s]   180 | re::msg::MotorData[01;31m[K>[m[K(
[1.484s]       |                   [01;31m[K^[m[K
[1.484s] 
[1.484s] [01m[K/home/future/Documents/pengyh/RobotAD_ws/src/diff_control/hardware/diffbot_system.cpp:181:13:[m[K [01;35m[Kwarning: [m[Kleft operand of comma operator has no effect [[01;35m[K]8;;https://gcc.gnu.org/onlinedocs/gcc/Warning-Options.html#index-Wunused-value-Wunused-value]8;;[m[K]
[1.484s]   181 |          [01;35m[K"/serial/hardware_real_speed_msg"[m[K, rclcpp::QoS(10),
[1.484s]       |          [01;35m[K^~~~~~~~~~~~~~~~~~~~~~~~~~~~~~~~~[m[K
[1.484s] 
[1.484s] [01m[K/home/future/Documents/pengyh/RobotAD_ws/src/diff_control/hardware/diffbot_system.cpp:182:38:[m[K [01;31m[Kerror: [m[K‘[01m[Kcallback[m[K’ is not a member of ‘[01m[KSerialBridge[m[K’
[1.485s]   182 | lBridge::[01;31m[Kcallback[m[K, serial_bridge_p_, std::placeholders::_1));
[1.485s]       |          [01;31m[K^~~~~~~~[m[K
[1.485s] 
[1.725s] [ 75%] [32m[1mLinking CXX executable serial_bridge_node[0m
[1.830s] [ 75%] Built target serial_bridge_node
[3.075s] gmake[2]: *** [CMakeFiles/diff_control.dir/build.make:76: CMakeFiles/diff_control.dir/hardware/diffbot_system.cpp.o] Error 1
[3.075s] gmake[1]: *** [CMakeFiles/Makefile2:139: CMakeFiles/diff_control.dir/all] Error 2
[3.075s] gmake: *** [Makefile:146: all] Error 2
[3.078s] Invoked command in '/home/future/Documents/pengyh/RobotAD_ws/build/diff_control' returned '2': CMAKE_PREFIX_PATH=${CMAKE_PREFIX_PATH}:/opt/ros/humble /usr/bin/cmake --build /home/future/Documents/pengyh/RobotAD_ws/build/diff_control -- -j24 -l24
