[0.036s] Invoking command in '/home/future/Documents/pengyh/RobotAD_ws/build/rslidar_msg': CMAKE_PREFIX_PATH=${CMAKE_PREFIX_PATH}:/opt/ros/humble /usr/bin/cmake --build /home/future/Documents/pengyh/RobotAD_ws/build/rslidar_msg -- -j24 -l24
[0.093s] [  9%] Built target rslidar_msg__rosidl_generator_c
[0.099s] [ 12%] Built target rslidar_msg__cpp
[0.103s] [ 12%] Built target ament_cmake_python_copy_rslidar_msg
[0.129s] [ 22%] Built target rslidar_msg__rosidl_typesupport_introspection_c
[0.129s] [ 32%] Built target rslidar_msg__rosidl_typesupport_fastrtps_c
[0.129s] [ 41%] Built target rslidar_msg__rosidl_typesupport_c
[0.136s] [ 51%] Built target rslidar_msg__rosidl_typesupport_fastrtps_cpp
[0.145s] [ 61%] Built target rslidar_msg__rosidl_typesupport_cpp
[0.145s] [ 70%] Built target rslidar_msg__rosidl_typesupport_introspection_cpp
[0.169s] [ 70%] Built target rslidar_msg
[0.193s] [ 74%] Built target rslidar_msg__py
[0.216s] [ 80%] Built target rslidar_msg__rosidl_generator_py
[0.247s] [ 87%] Built target rslidar_msg__rosidl_typesupport_c__pyext
[0.249s] [ 93%] Built target rslidar_msg__rosidl_typesupport_fastrtps_c__pyext
[0.254s] [100%] Built target rslidar_msg__rosidl_typesupport_introspection_c__pyext
[0.468s] running egg_info
[0.469s] writing rslidar_msg.egg-info/PKG-INFO
[0.469s] writing dependency_links to rslidar_msg.egg-info/dependency_links.txt
[0.469s] writing top-level names to rslidar_msg.egg-info/top_level.txt
[0.473s] reading manifest file 'rslidar_msg.egg-info/SOURCES.txt'
[0.475s] writing manifest file 'rslidar_msg.egg-info/SOURCES.txt'
[0.508s] [100%] Built target ament_cmake_python_build_rslidar_msg_egg
