[0.018s] Invoking command in '/home/pengyh/documents/ros2_ws/RobotAD/build/keyboard_control': CMAKE_PREFIX_PATH=/home/pengyh/documents/ros2_ws/RobotAD/install/robot_hardware:/home/pengyh/documents/ros2_ws/RobotAD/install/usb_camera:/home/pengyh/documents/ros2_ws/RobotAD/install/serial_comm:/home/pengyh/documents/ros2_ws/RobotAD/install/rslidar_sdk:/home/pengyh/documents/ros2_ws/RobotAD/install/rslidar_msg:/home/pengyh/documents/ros2_ws/RobotAD/install/robot_locate:/home/pengyh/documents/ros2_ws/RobotAD/install/pointcloud_to_laserscan:/home/pengyh/documents/ros2_ws/RobotAD/install/nuscenes_data_collector:/home/pengyh/documents/ros2_ws/RobotAD/install/miiboo_imu:/home/pengyh/documents/ros2_ws/RobotAD/install/keyboard_control:/home/pengyh/documents/ros2_ws/RobotAD/install/diff_control:/opt/ros/humble LD_LIBRARY_PATH=/home/pengyh/documents/ros2_ws/RobotAD/install/robot_hardware/lib:/home/pengyh/documents/ros2_ws/RobotAD/install/rslidar_msg/lib:/home/pengyh/documents/ros2_ws/RobotAD/install/pointcloud_to_laserscan/lib:/home/pengyh/documents/ros2_ws/RobotAD/install/diff_control/lib:/opt/ros/humble/opt/rviz_ogre_vendor/lib:/opt/ros/humble/lib/x86_64-linux-gnu:/opt/ros/humble/lib /usr/bin/cmake --build /home/pengyh/documents/ros2_ws/RobotAD/build/keyboard_control -- -j24 -l24
[0.053s] [ 50%] [32mBuilding CXX object CMakeFiles/keyboard_control_node.dir/src/keyboard_control_node.cpp.o[0m
[1.336s] In file included from [01m[K/opt/ros/humble/include/rclcpp/rclcpp/logging.hpp:24[m[K,
[1.336s]                  from [01m[K/opt/ros/humble/include/rclcpp/rclcpp/client.hpp:40[m[K,
[1.336s]                  from [01m[K/opt/ros/humble/include/rclcpp/rclcpp/callback_group.hpp:24[m[K,
[1.336s]                  from [01m[K/opt/ros/humble/include/rclcpp/rclcpp/any_executable.hpp:20[m[K,
[1.336s]                  from [01m[K/opt/ros/humble/include/rclcpp/rclcpp/memory_strategy.hpp:25[m[K,
[1.336s]                  from [01m[K/opt/ros/humble/include/rclcpp/rclcpp/memory_strategies.hpp:18[m[K,
[1.336s]                  from [01m[K/opt/ros/humble/include/rclcpp/rclcpp/executor_options.hpp:20[m[K,
[1.336s]                  from [01m[K/opt/ros/humble/include/rclcpp/rclcpp/executor.hpp:37[m[K,
[1.336s]                  from [01m[K/opt/ros/humble/include/rclcpp/rclcpp/executors/multi_threaded_executor.hpp:25[m[K,
[1.336s]                  from [01m[K/opt/ros/humble/include/rclcpp/rclcpp/executors.hpp:21[m[K,
[1.336s]                  from [01m[K/opt/ros/humble/include/rclcpp/rclcpp/rclcpp.hpp:155[m[K,
[1.336s]                  from [01m[K/home/pengyh/documents/ros2_ws/RobotAD/src/keyboard_control/src/keyboard_control_node.cpp:1[m[K:
[1.336s] [01m[K/home/pengyh/documents/ros2_ws/RobotAD/src/keyboard_control/src/keyboard_control_node.cpp:[m[K In member function ‘[01m[Kvoid KeyboardControl::publish_twist()[m[K’:
[1.336s] [01m[K/home/pengyh/documents/ros2_ws/RobotAD/src/keyboard_control/src/keyboard_control_node.cpp:74:95:[m[K [01;31m[Kerror: [m[K‘[01m[Krotate_speed_rotate_speed_[m[K’ was not declared in this scope
[1.336s]    74 |             RCLCPP_INFO(this->get_logger(), "Accelerating. rotate_speed_ rotate speed: %.1f", [01;31m[Krotate_speed_rotate_speed_[m[K);
[1.336s]       |                                                                                               [01;31m[K^~~~~~~~~~~~~~~~~~~~~~~~~~[m[K
[1.804s] gmake[2]: *** [CMakeFiles/keyboard_control_node.dir/build.make:76: CMakeFiles/keyboard_control_node.dir/src/keyboard_control_node.cpp.o] Error 1
[1.804s] gmake[1]: *** [CMakeFiles/Makefile2:137: CMakeFiles/keyboard_control_node.dir/all] Error 2
[1.804s] gmake: *** [Makefile:146: all] Error 2
[1.805s] Invoked command in '/home/pengyh/documents/ros2_ws/RobotAD/build/keyboard_control' returned '2': CMAKE_PREFIX_PATH=/home/pengyh/documents/ros2_ws/RobotAD/install/robot_hardware:/home/pengyh/documents/ros2_ws/RobotAD/install/usb_camera:/home/pengyh/documents/ros2_ws/RobotAD/install/serial_comm:/home/pengyh/documents/ros2_ws/RobotAD/install/rslidar_sdk:/home/pengyh/documents/ros2_ws/RobotAD/install/rslidar_msg:/home/pengyh/documents/ros2_ws/RobotAD/install/robot_locate:/home/pengyh/documents/ros2_ws/RobotAD/install/pointcloud_to_laserscan:/home/pengyh/documents/ros2_ws/RobotAD/install/nuscenes_data_collector:/home/pengyh/documents/ros2_ws/RobotAD/install/miiboo_imu:/home/pengyh/documents/ros2_ws/RobotAD/install/keyboard_control:/home/pengyh/documents/ros2_ws/RobotAD/install/diff_control:/opt/ros/humble LD_LIBRARY_PATH=/home/pengyh/documents/ros2_ws/RobotAD/install/robot_hardware/lib:/home/pengyh/documents/ros2_ws/RobotAD/install/rslidar_msg/lib:/home/pengyh/documents/ros2_ws/RobotAD/install/pointcloud_to_laserscan/lib:/home/pengyh/documents/ros2_ws/RobotAD/install/diff_control/lib:/opt/ros/humble/opt/rviz_ogre_vendor/lib:/opt/ros/humble/lib/x86_64-linux-gnu:/opt/ros/humble/lib /usr/bin/cmake --build /home/pengyh/documents/ros2_ws/RobotAD/build/keyboard_control -- -j24 -l24
