[  3%] Built target robot_hardware__cpp
[ 12%] Built target robot_hardware__rosidl_generator_c
[ 12%] Built target ament_cmake_python_symlink_robot_hardware
[ 21%] Built target robot_hardware__rosidl_typesupport_cpp
[ 30%] Built target robot_hardware__rosidl_typesupport_introspection_cpp
[ 39%] Built target robot_hardware__rosidl_typesupport_introspection_c
[ 48%] Built target robot_hardware__rosidl_typesupport_fastrtps_c
[ 57%] Built target robot_hardware__rosidl_typesupport_c
[ 66%] Built target robot_hardware__rosidl_typesupport_fastrtps_cpp
[ 69%] [32mBuilding CXX object CMakeFiles/hardware_manager.dir/src/hardware_manager.cpp.o[0m
[ 69%] Built target robot_hardware
[ 72%] Built target robot_hardware__py
[ 78%] Built target robot_hardware__rosidl_generator_py
[ 84%] Built target robot_hardware__rosidl_typesupport_introspection_c__pyext
[ 90%] Built target robot_hardware__rosidl_typesupport_c__pyext
[ 96%] Built target robot_hardware__rosidl_typesupport_fastrtps_c__pyext
running egg_info
writing robot_hardware.egg-info/PKG-INFO
writing dependency_links to robot_hardware.egg-info/dependency_links.txt
writing top-level names to robot_hardware.egg-info/top_level.txt
reading manifest file 'robot_hardware.egg-info/SOURCES.txt'
writing manifest file 'robot_hardware.egg-info/SOURCES.txt'
[ 96%] Built target ament_cmake_python_build_robot_hardware_egg
