[0.010s] Invoking command in '/home/future/Documents/pengyh/RobotAD_ws/build/robot_hardware': CMAKE_PREFIX_PATH=${CMAKE_PREFIX_PATH}:/home/future/Documents/Robot/nav_ws/install/show_urdf:/home/future/Documents/Robot/nav_ws/install/serial_bridge:/home/future/Documents/Robot/nav_ws/install/ros_tcp_endpoint:/home/future/Documents/Robot/nav_ws/install/remove_obstacle:/home/future/Documents/Robot/nav_ws/install/keyboard_control:/opt/ros/humble CONDA_PROMPT_MODIFIER=(base) /usr/bin/cmake --build /home/future/Documents/pengyh/RobotAD_ws/build/robot_hardware -- -j24 -l24
[0.069s] [  3%] Built target robot_hardware__cpp
[0.074s] [ 12%] Built target robot_hardware__rosidl_generator_c
[0.083s] [ 12%] Built target ament_cmake_python_symlink_robot_hardware
[0.100s] [ 21%] Built target robot_hardware__rosidl_typesupport_cpp
[0.101s] [ 30%] Built target robot_hardware__rosidl_typesupport_introspection_cpp
[0.103s] [ 39%] Built target robot_hardware__rosidl_typesupport_introspection_c
[0.105s] [ 48%] Built target robot_hardware__rosidl_typesupport_fastrtps_c
[0.105s] [ 57%] Built target robot_hardware__rosidl_typesupport_c
[0.110s] [ 66%] Built target robot_hardware__rosidl_typesupport_fastrtps_cpp
[0.147s] [ 69%] [32mBuilding CXX object CMakeFiles/hardware_manager.dir/src/hardware_manager.cpp.o[0m
[0.152s] [ 69%] Built target robot_hardware
[0.207s] [ 72%] Built target robot_hardware__py
[0.263s] [ 78%] Built target robot_hardware__rosidl_generator_py
[0.295s] [ 84%] Built target robot_hardware__rosidl_typesupport_introspection_c__pyext
[0.295s] [ 90%] Built target robot_hardware__rosidl_typesupport_c__pyext
[0.297s] [ 96%] Built target robot_hardware__rosidl_typesupport_fastrtps_c__pyext
[0.426s] [01m[K/home/future/Documents/pengyh/RobotAD_ws/src/robot_hardware/src/hardware_manager.cpp:4:10:[m[K [01;31m[Kfatal error: [m[Kopencv2/opencv.hpp: No such file or directory
[0.426s]     4 | #include [01;31m[K<opencv2/opencv.hpp>[m[K // 引入 OpenCV
[0.426s]       |          [01;31m[K^~~~~~~~~~~~~~~~~~~~[m[K
[0.426s] compilation terminated.
[0.438s] gmake[2]: *** [CMakeFiles/hardware_manager.dir/build.make:76: CMakeFiles/hardware_manager.dir/src/hardware_manager.cpp.o] Error 1
[0.438s] gmake[1]: *** [CMakeFiles/Makefile2:593: CMakeFiles/hardware_manager.dir/all] Error 2
[0.438s] gmake[1]: *** Waiting for unfinished jobs....
[0.480s] running egg_info
[0.480s] writing robot_hardware.egg-info/PKG-INFO
[0.480s] writing dependency_links to robot_hardware.egg-info/dependency_links.txt
[0.480s] writing top-level names to robot_hardware.egg-info/top_level.txt
[0.482s] reading manifest file 'robot_hardware.egg-info/SOURCES.txt'
[0.483s] writing manifest file 'robot_hardware.egg-info/SOURCES.txt'
[0.503s] [ 96%] Built target ament_cmake_python_build_robot_hardware_egg
[0.504s] gmake: *** [Makefile:146: all] Error 2
[0.506s] Invoked command in '/home/future/Documents/pengyh/RobotAD_ws/build/robot_hardware' returned '2': CMAKE_PREFIX_PATH=${CMAKE_PREFIX_PATH}:/home/future/Documents/Robot/nav_ws/install/show_urdf:/home/future/Documents/Robot/nav_ws/install/serial_bridge:/home/future/Documents/Robot/nav_ws/install/ros_tcp_endpoint:/home/future/Documents/Robot/nav_ws/install/remove_obstacle:/home/future/Documents/Robot/nav_ws/install/keyboard_control:/opt/ros/humble CONDA_PROMPT_MODIFIER=(base) /usr/bin/cmake --build /home/future/Documents/pengyh/RobotAD_ws/build/robot_hardware -- -j24 -l24
