[01m[K/home/future/Documents/pengyh/RobotAD_ws/src/diff_control/hardware/serial_bridge_node.cpp:8:22:[m[K [01;31m[Kerror: [m[Kexpected unqualified-id before ‘[01m[K)[m[K’ token
    8 |         SerialBridge([01;31m[K)[m[K : Node("serial_bridge_node")
      |                      [01;31m[K^[m[K
[01m[K/home/future/Documents/pengyh/RobotAD_ws/src/diff_control/hardware/serial_bridge_node.cpp:16:9:[m[K [01;31m[Kerror: [m[Kdeclaration of ‘[01m[K~SerialBridge[m[K’ as member of ‘[01m[KSerialBridgeNode[m[K’
   16 |         [01;31m[K~[m[KSerialBridge()
      |         [01;31m[K^[m[K
[01m[K/home/future/Documents/pengyh/RobotAD_ws/src/diff_control/hardware/diffbot_system.cpp:[m[K In member function ‘[01m[Kvirtual hardware_interface::CallbackReturn diff_control::DiffBotSystemHardware::on_init(const hardware_interface::HardwareInfo&)[m[K’:
[01m[K/home/future/Documents/pengyh/RobotAD_ws/src/diff_control/hardware/diffbot_system.cpp:56:27:[m[K [01;31m[Kerror: [m[K‘[01m[Kusing element_type = class SerialBridge[m[K’ {aka ‘[01m[Kclass SerialBridge[m[K’} has no member named ‘[01m[Ksetup[m[K’
   56 | idge_p_->[01;31m[Ksetup[m[K(cfg_.wheel_radius);
      |          [01;31m[K^~~~~[m[K

[01m[K/home/future/Documents/pengyh/RobotAD_ws/src/diff_control/hardware/diffbot_system.cpp:[m[K In member function ‘[01m[Kvirtual hardware_interface::return_type diff_control::DiffBotSystemHardware::read(const rclcpp::Time&, const rclcpp::Duration&)[m[K’:
[01m[K/home/future/Documents/pengyh/RobotAD_ws/src/diff_control/hardware/diffbot_system.cpp:197:49:[m[K [01;31m[Kerror: [m[K‘[01m[Kusing element_type = class SerialBridge[m[K’ {aka ‘[01m[Kclass SerialBridge[m[K’} has no member named ‘[01m[Kread_motor_vel[m[K’
  197 | idge_p_->[01;31m[Kread_motor_vel[m[K();
      |          [01;31m[K^~~~~~~~~~~~~~[m[K

[01m[K/home/future/Documents/pengyh/RobotAD_ws/src/diff_control/hardware/diffbot_system.cpp:[m[K In member function ‘[01m[Kvirtual hardware_interface::return_type diff_control::DiffBotSystemHardware::write(const rclcpp::Time&, const rclcpp::Duration&)[m[K’:
[01m[K/home/future/Documents/pengyh/RobotAD_ws/src/diff_control/hardware/diffbot_system.cpp:209:27:[m[K [01;31m[Kerror: [m[K‘[01m[Kusing element_type = class SerialBridge[m[K’ {aka ‘[01m[Kclass SerialBridge[m[K’} has no member named ‘[01m[Kset_motor_vel[m[K’
  209 | idge_p_->[01;31m[Kset_motor_vel[m[K(wheel_l_.ex_vel_, wheel_r_.ex_vel_);
      |          [01;31m[K^~~~~~~~~~~~~[m[K

In file included from [01m[K/usr/include/c++/12/memory:64[m[K,
                 from [01m[K/opt/ros/humble/include/rclcpp/rclcpp/rclcpp.hpp:153[m[K,
                 from [01m[K/home/future/Documents/pengyh/RobotAD_ws/src/diff_control/hardware/serial_bridge_node.cpp:1[m[K:
/usr/include/c++/12/bits/stl_construct.h: In instantiation of ‘[01m[Kvoid std::_Construct(_Tp*, _Args&& ...) [with _Tp = SerialBridgeNode; _Args = {}][m[K’:
[01m[K/usr/include/c++/12/bits/alloc_traits.h:635:19:[m[K   required from ‘[01m[Kstatic void std::allocator_traits<std::allocator<void> >::construct(allocator_type&, _Up*, _Args&& ...) [with _Up = SerialBridgeNode; _Args = {}; allocator_type = std::allocator<void>][m[K’
[01m[K/usr/include/c++/12/bits/shared_ptr_base.h:604:39:[m[K   required from ‘[01m[Kstd::_Sp_counted_ptr_inplace<_Tp, _Alloc, _Lp>::_Sp_counted_ptr_inplace(_Alloc, _Args&& ...) [with _Args = {}; _Tp = SerialBridgeNode; _Alloc = std::allocator<void>; __gnu_cxx::_Lock_policy _Lp = __gnu_cxx::_S_atomic][m[K’
[01m[K/usr/include/c++/12/bits/shared_ptr_base.h:971:16:[m[K   required from ‘[01m[Kstd::__shared_count<_Lp>::__shared_count(_Tp*&, std::_Sp_alloc_shared_tag<_Alloc>, _Args&& ...) [with _Tp = SerialBridgeNode; _Alloc = std::allocator<void>; _Args = {}; __gnu_cxx::_Lock_policy _Lp = __gnu_cxx::_S_atomic][m[K’
[01m[K/usr/include/c++/12/bits/shared_ptr_base.h:1712:14:[m[K   required from ‘[01m[Kstd::__shared_ptr<_Tp, _Lp>::__shared_ptr(std::_Sp_alloc_shared_tag<_Tp>, _Args&& ...) [with _Alloc = std::allocator<void>; _Args = {}; _Tp = SerialBridgeNode; __gnu_cxx::_Lock_policy _Lp = __gnu_cxx::_S_atomic][m[K’
[01m[K/usr/include/c++/12/bits/shared_ptr.h:464:59:[m[K   required from ‘[01m[Kstd::shared_ptr<_Tp>::shared_ptr(std::_Sp_alloc_shared_tag<_Tp>, _Args&& ...) [with _Alloc = std::allocator<void>; _Args = {}; _Tp = SerialBridgeNode][m[K’
[01m[K/usr/include/c++/12/bits/shared_ptr.h:1009:14:[m[K   required from ‘[01m[Kstd::shared_ptr<typename std::enable_if<(! std::is_array< <template-parameter-1-1> >::value), _Tp>::type> std::make_shared(_Args&& ...) [with _Tp = SerialBridgeNode; _Args = {}; typename enable_if<(! is_array< <template-parameter-1-1> >::value), _Tp>::type = SerialBridgeNode][m[K’
[01m[K/home/future/Documents/pengyh/RobotAD_ws/src/diff_control/hardware/serial_bridge_node.cpp:95:52:[m[K   required from here
[01m[K/usr/include/c++/12/bits/stl_construct.h:119:7:[m[K [01;31m[Kerror: [m[Kuse of deleted function ‘[01m[KSerialBridgeNode::SerialBridgeNode()[m[K’
  119 |       [01;31m[K::new((void*)__p) _Tp(std::forward<_Args>(__args)...)[m[K;
      |       [01;31m[K^~~~~~~~~~~~~~~~~~~~~~~~~~~~~~~~~~~~~~~~~~~~~~~~~~~~~[m[K
[01m[K/home/future/Documents/pengyh/RobotAD_ws/src/diff_control/hardware/serial_bridge_node.cpp:5:7:[m[K [01;36m[Knote: [m[K‘[01m[KSerialBridgeNode::SerialBridgeNode()[m[K’ is implicitly deleted because the default definition would be ill-formed:
    5 | class [01;36m[KSerialBridgeNode[m[K : public rclcpp::Node
      |       [01;36m[K^~~~~~~~~~~~~~~~[m[K
[01m[K/home/future/Documents/pengyh/RobotAD_ws/src/diff_control/hardware/serial_bridge_node.cpp:5:7:[m[K [01;31m[Kerror: [m[Kno matching function for call to ‘[01m[Krclcpp::Node::Node()[m[K’
In file included from [01m[K/opt/ros/humble/include/rclcpp/rclcpp/executors/single_threaded_executor.hpp:28[m[K,
                 from [01m[K/opt/ros/humble/include/rclcpp/rclcpp/executors.hpp:22[m[K,
                 from [01m[K/opt/ros/humble/include/rclcpp/rclcpp/rclcpp.hpp:155[m[K:
[01m[K/opt/ros/humble/include/rclcpp/rclcpp/node.hpp:1294:3:[m[K [01;36m[Knote: [m[Kcandidate: ‘[01m[Krclcpp::Node::Node(const rclcpp::Node&, const std::string&)[m[K’
 1294 |   [01;36m[KNode[m[K(
      |   [01;36m[K^~~~[m[K
[01m[K/opt/ros/humble/include/rclcpp/rclcpp/node.hpp:1294:3:[m[K [01;36m[Knote: [m[K  candidate expects 2 arguments, 0 provided
[01m[K/opt/ros/humble/include/rclcpp/rclcpp/node.hpp:101:12:[m[K [01;36m[Knote: [m[Kcandidate: ‘[01m[Krclcpp::Node::Node(const std::string&, const std::string&, const rclcpp::NodeOptions&)[m[K’
  101 |   explicit [01;36m[KNode[m[K(
      |            [01;36m[K^~~~[m[K
[01m[K/opt/ros/humble/include/rclcpp/rclcpp/node.hpp:101:12:[m[K [01;36m[Knote: [m[K  candidate expects 3 arguments, 0 provided
[01m[K/opt/ros/humble/include/rclcpp/rclcpp/node.hpp:89:12:[m[K [01;36m[Knote: [m[Kcandidate: ‘[01m[Krclcpp::Node::Node(const std::string&, const rclcpp::NodeOptions&)[m[K’
   89 |   explicit [01;36m[KNode[m[K(
      |            [01;36m[K^~~~[m[K
[01m[K/opt/ros/humble/include/rclcpp/rclcpp/node.hpp:89:12:[m[K [01;36m[Knote: [m[K  candidate expects 2 arguments, 0 provided
In file included from [01m[K/usr/include/c++/12/memory:64[m[K,
                 from [01m[K/home/future/Documents/pengyh/RobotAD_ws/src/diff_control/hardware/include/diff_control/diffbot_system.hpp:18[m[K,
                 from [01m[K/home/future/Documents/pengyh/RobotAD_ws/src/diff_control/hardware/diffbot_system.cpp:15[m[K:
/usr/include/c++/12/bits/stl_construct.h: In instantiation of ‘[01m[Kvoid std::_Construct(_Tp*, _Args&& ...) [with _Tp = SerialBridge; _Args = {}][m[K’:
[01m[K/usr/include/c++/12/bits/alloc_traits.h:635:19:[m[K   required from ‘[01m[Kstatic void std::allocator_traits<std::allocator<void> >::construct(allocator_type&, _Up*, _Args&& ...) [with _Up = SerialBridge; _Args = {}; allocator_type = std::allocator<void>][m[K’
[01m[K/usr/include/c++/12/bits/shared_ptr_base.h:604:39:[m[K   required from ‘[01m[Kstd::_Sp_counted_ptr_inplace<_Tp, _Alloc, _Lp>::_Sp_counted_ptr_inplace(_Alloc, _Args&& ...) [with _Args = {}; _Tp = SerialBridge; _Alloc = std::allocator<void>; __gnu_cxx::_Lock_policy _Lp = __gnu_cxx::_S_atomic][m[K’
[01m[K/usr/include/c++/12/bits/shared_ptr_base.h:971:16:[m[K   required from ‘[01m[Kstd::__shared_count<_Lp>::__shared_count(_Tp*&, std::_Sp_alloc_shared_tag<_Alloc>, _Args&& ...) [with _Tp = SerialBridge; _Alloc = std::allocator<void>; _Args = {}; __gnu_cxx::_Lock_policy _Lp = __gnu_cxx::_S_atomic][m[K’
[01m[K/usr/include/c++/12/bits/shared_ptr_base.h:1712:14:[m[K   required from ‘[01m[Kstd::__shared_ptr<_Tp, _Lp>::__shared_ptr(std::_Sp_alloc_shared_tag<_Tp>, _Args&& ...) [with _Alloc = std::allocator<void>; _Args = {}; _Tp = SerialBridge; __gnu_cxx::_Lock_policy _Lp = __gnu_cxx::_S_atomic][m[K’
[01m[K/usr/include/c++/12/bits/shared_ptr.h:464:59:[m[K   required from ‘[01m[Kstd::shared_ptr<_Tp>::shared_ptr(std::_Sp_alloc_shared_tag<_Tp>, _Args&& ...) [with _Alloc = std::allocator<void>; _Args = {}; _Tp = SerialBridge][m[K’
[01m[K/usr/include/c++/12/bits/shared_ptr.h:1009:14:[m[K   required from ‘[01m[Kstd::shared_ptr<typename std::enable_if<(! std::is_array< <template-parameter-1-1> >::value), _Tp>::type> std::make_shared(_Args&& ...) [with _Tp = SerialBridge; _Args = {}; typename enable_if<(! is_array< <template-parameter-1-1> >::value), _Tp>::type = SerialBridge][m[K’
[01m[K/home/future/Documents/pengyh/RobotAD_ws/src/diff_control/hardware/include/diff_control/diffbot_system.hpp:105:88:[m[K   required from here
[01m[K/usr/include/c++/12/bits/stl_construct.h:119:7:[m[K [01;31m[Kerror: [m[Kuse of deleted function ‘[01m[KSerialBridge::SerialBridge()[m[K’
  119 |       [01;31m[K::new((void*)__p) _Tp(std::forward<_Args>(__args)...)[m[K;
      |       [01;31m[K^~~~~~~~~~~~~~~~~~~~~~~~~~~~~~~~~~~~~~~~~~~~~~~~~~~~~[m[K
In file included from [01m[K/home/future/Documents/pengyh/RobotAD_ws/src/diff_control/hardware/include/diff_control/diffbot_system.hpp:35[m[K:
[01m[K/home/future/Documents/pengyh/RobotAD_ws/src/diff_control/hardware/include/diff_control/serial_bridge.hpp:14:7:[m[K [01;36m[Knote: [m[K‘[01m[KSerialBridge::SerialBridge()[m[K’ is implicitly deleted because the default definition would be ill-formed:
   14 | class [01;36m[KSerialBridge[m[K : public rclcpp::Node
      |       [01;36m[K^~~~~~~~~~~~[m[K
[01m[K/home/future/Documents/pengyh/RobotAD_ws/src/diff_control/hardware/include/diff_control/serial_bridge.hpp:14:7:[m[K [01;31m[Kerror: [m[Kno matching function for call to ‘[01m[Krclcpp::Node::Node()[m[K’
In file included from [01m[K/opt/ros/humble/include/rclcpp/rclcpp/executors/single_threaded_executor.hpp:28[m[K,
                 from [01m[K/opt/ros/humble/include/rclcpp/rclcpp/executors.hpp:22[m[K,
                 from [01m[K/opt/ros/humble/include/rclcpp/rclcpp/rclcpp.hpp:155[m[K,
                 from [01m[K/home/future/Documents/pengyh/RobotAD_ws/src/diff_control/hardware/include/diff_control/diffbot_system.hpp:30[m[K:
[01m[K/opt/ros/humble/include/rclcpp/rclcpp/node.hpp:1294:3:[m[K [01;36m[Knote: [m[Kcandidate: ‘[01m[Krclcpp::Node::Node(const rclcpp::Node&, const std::string&)[m[K’
 1294 |   [01;36m[KNode[m[K(
      |   [01;36m[K^~~~[m[K
[01m[K/opt/ros/humble/include/rclcpp/rclcpp/node.hpp:1294:3:[m[K [01;36m[Knote: [m[K  candidate expects 2 arguments, 0 provided
[01m[K/opt/ros/humble/include/rclcpp/rclcpp/node.hpp:101:12:[m[K [01;36m[Knote: [m[Kcandidate: ‘[01m[Krclcpp::Node::Node(const std::string&, const std::string&, const rclcpp::NodeOptions&)[m[K’
  101 |   explicit [01;36m[KNode[m[K(
      |            [01;36m[K^~~~[m[K
[01m[K/opt/ros/humble/include/rclcpp/rclcpp/node.hpp:101:12:[m[K [01;36m[Knote: [m[K  candidate expects 3 arguments, 0 provided
[01m[K/opt/ros/humble/include/rclcpp/rclcpp/node.hpp:89:12:[m[K [01;36m[Knote: [m[Kcandidate: ‘[01m[Krclcpp::Node::Node(const std::string&, const rclcpp::NodeOptions&)[m[K’
   89 |   explicit [01;36m[KNode[m[K(
      |            [01;36m[K^~~~[m[K
[01m[K/opt/ros/humble/include/rclcpp/rclcpp/node.hpp:89:12:[m[K [01;36m[Knote: [m[K  candidate expects 2 arguments, 0 provided
gmake[2]: *** [CMakeFiles/serial_bridge_node.dir/build.make:76: CMakeFiles/serial_bridge_node.dir/hardware/serial_bridge_node.cpp.o] Error 1
gmake[1]: *** [CMakeFiles/Makefile2:165: CMakeFiles/serial_bridge_node.dir/all] Error 2
gmake[1]: *** Waiting for unfinished jobs....
gmake[2]: *** [CMakeFiles/diff_control.dir/build.make:76: CMakeFiles/diff_control.dir/hardware/diffbot_system.cpp.o] Error 1
gmake[1]: *** [CMakeFiles/Makefile2:139: CMakeFiles/diff_control.dir/all] Error 2
gmake: *** [Makefile:146: all] Error 2
