[0.018s] Invoking command in '/home/pengyh/documents/ros2_ws/RobotAD/build/robot_hardware': CMAKE_PREFIX_PATH=${CMAKE_PREFIX_PATH}:/opt/ros/humble /usr/bin/cmake --build /home/pengyh/documents/ros2_ws/RobotAD/build/robot_hardware -- -j24 -l24
[0.043s] [  2%] [34m[1mGenerating C code for ROS interfaces[0m
[0.049s] [  4%] [34m[1mGenerating C++ code for ROS interfaces[0m
[0.051s] [  4%] Built target ament_cmake_python_symlink_robot_hardware
[0.214s] running egg_info
[0.215s] creating robot_hardware.egg-info
[0.215s] writing robot_hardware.egg-info/PKG-INFO
[0.215s] writing dependency_links to robot_hardware.egg-info/dependency_links.txt
[0.215s] writing top-level names to robot_hardware.egg-info/top_level.txt
[0.215s] writing manifest file 'robot_hardware.egg-info/SOURCES.txt'
[0.217s] reading manifest file 'robot_hardware.egg-info/SOURCES.txt'
[0.218s] writing manifest file 'robot_hardware.egg-info/SOURCES.txt'
[0.245s] [  4%] Built target ament_cmake_python_build_robot_hardware_egg
[0.367s] [  4%] Built target robot_hardware__cpp
[0.375s] [  7%] [34m[1mGenerating C++ introspection for ROS interfaces[0m
[0.376s] [  9%] [34m[1mGenerating C++ type support dispatch for ROS interfaces[0m
[0.377s] [ 12%] [34m[1mGenerating C++ type support for eProsima Fast-RTPS[0m
[0.459s] [ 14%] [32mBuilding C object CMakeFiles/robot_hardware__rosidl_generator_c.dir/rosidl_generator_c/robot_hardware/msg/detail/hardware_data__functions.c.o[0m
[0.462s] [ 17%] [32mBuilding C object CMakeFiles/robot_hardware__rosidl_generator_c.dir/rosidl_generator_c/robot_hardware/msg/detail/motor_data__functions.c.o[0m
[0.506s] [ 19%] [32m[1mLinking C shared library librobot_hardware__rosidl_generator_c.so[0m
[0.537s] [ 19%] Built target robot_hardware__rosidl_generator_c
[0.545s] [ 26%] [34m[1mGenerating C introspection for ROS interfaces[0m
[0.545s] [ 24%] [34m[1mGenerating C type support for eProsima Fast-RTPS[0m
[0.545s] [ 26%] [34m[1mGenerating C type support dispatch for ROS interfaces[0m
[0.698s] [ 29%] [32mBuilding CXX object CMakeFiles/robot_hardware__rosidl_typesupport_introspection_cpp.dir/rosidl_typesupport_introspection_cpp/robot_hardware/msg/detail/motor_data__type_support.cpp.o[0m
[0.698s] [ 31%] [32mBuilding CXX object CMakeFiles/robot_hardware__rosidl_typesupport_introspection_cpp.dir/rosidl_typesupport_introspection_cpp/robot_hardware/msg/detail/hardware_data__type_support.cpp.o[0m
[0.725s] [ 34%] [32mBuilding CXX object CMakeFiles/robot_hardware__rosidl_typesupport_fastrtps_cpp.dir/rosidl_typesupport_fastrtps_cpp/robot_hardware/msg/detail/dds_fastrtps/hardware_data__type_support.cpp.o[0m
[0.727s] [ 36%] [32mBuilding CXX object CMakeFiles/robot_hardware__rosidl_typesupport_fastrtps_cpp.dir/rosidl_typesupport_fastrtps_cpp/robot_hardware/msg/detail/dds_fastrtps/motor_data__type_support.cpp.o[0m
[0.871s] [ 39%] [32mBuilding C object CMakeFiles/robot_hardware__rosidl_typesupport_introspection_c.dir/rosidl_typesupport_introspection_c/robot_hardware/msg/detail/hardware_data__type_support.c.o[0m
[0.874s] [ 41%] [32mBuilding C object CMakeFiles/robot_hardware__rosidl_typesupport_introspection_c.dir/rosidl_typesupport_introspection_c/robot_hardware/msg/detail/motor_data__type_support.c.o[0m
[0.891s] [ 43%] [32mBuilding CXX object CMakeFiles/robot_hardware__rosidl_typesupport_cpp.dir/rosidl_typesupport_cpp/robot_hardware/msg/motor_data__type_support.cpp.o[0m
[0.891s] [ 46%] [32mBuilding CXX object CMakeFiles/robot_hardware__rosidl_typesupport_cpp.dir/rosidl_typesupport_cpp/robot_hardware/msg/hardware_data__type_support.cpp.o[0m
[0.905s] [ 48%] [32m[1mLinking C shared library librobot_hardware__rosidl_typesupport_introspection_c.so[0m
[0.935s] [ 48%] Built target robot_hardware__rosidl_typesupport_introspection_c
[0.979s] [ 53%] [32mBuilding CXX object CMakeFiles/robot_hardware__rosidl_typesupport_c.dir/rosidl_typesupport_c/robot_hardware/msg/hardware_data__type_support.cpp.o[0m
[0.979s] [ 53%] [32mBuilding CXX object CMakeFiles/robot_hardware__rosidl_typesupport_c.dir/rosidl_typesupport_c/robot_hardware/msg/motor_data__type_support.cpp.o[0m
[0.992s] [ 56%] [32m[1mLinking CXX shared library librobot_hardware__rosidl_typesupport_introspection_cpp.so[0m
[0.999s] [ 58%] [32m[1mLinking CXX shared library librobot_hardware__rosidl_typesupport_c.so[0m
[1.026s] [ 58%] Built target robot_hardware__rosidl_typesupport_introspection_cpp
[1.028s] [ 58%] Built target robot_hardware__rosidl_typesupport_c
[1.043s] [ 63%] [32m[1mLinking CXX shared library librobot_hardware__rosidl_typesupport_fastrtps_cpp.so[0m
[1.043s] [ 63%] [32mBuilding CXX object CMakeFiles/robot_hardware__rosidl_typesupport_fastrtps_c.dir/rosidl_typesupport_fastrtps_c/robot_hardware/msg/detail/hardware_data__type_support_c.cpp.o[0m
[1.044s] [ 65%] [32mBuilding CXX object CMakeFiles/robot_hardware__rosidl_typesupport_fastrtps_c.dir/rosidl_typesupport_fastrtps_c/robot_hardware/msg/detail/motor_data__type_support_c.cpp.o[0m
[1.096s] [ 65%] Built target robot_hardware__rosidl_typesupport_fastrtps_cpp
[1.144s] [ 68%] [32m[1mLinking CXX shared library librobot_hardware__rosidl_typesupport_cpp.so[0m
[1.173s] [ 68%] Built target robot_hardware__rosidl_typesupport_cpp
[1.191s] [ 70%] [32mBuilding CXX object CMakeFiles/hardware_manager.dir/src/hardware_manager.cpp.o[0m
[1.235s] [ 73%] [32m[1mLinking CXX shared library librobot_hardware__rosidl_typesupport_fastrtps_c.so[0m
[1.288s] [ 73%] Built target robot_hardware__rosidl_typesupport_fastrtps_c
[1.305s] [ 73%] Built target robot_hardware
[1.320s] [ 75%] [34m[1mGenerating Python code for ROS interfaces[0m
[1.777s] [ 75%] Built target robot_hardware__py
[1.791s] [ 80%] [32mBuilding C object CMakeFiles/robot_hardware__rosidl_generator_py.dir/rosidl_generator_py/robot_hardware/msg/_hardware_data_s.c.o[0m
[1.791s] [ 80%] [32mBuilding C object CMakeFiles/robot_hardware__rosidl_generator_py.dir/rosidl_generator_py/robot_hardware/msg/_motor_data_s.c.o[0m
[1.859s] [ 82%] [32m[1mLinking C shared library rosidl_generator_py/robot_hardware/librobot_hardware__rosidl_generator_py.so[0m
[1.885s] [ 82%] Built target robot_hardware__rosidl_generator_py
[1.900s] [ 85%] [32mBuilding C object CMakeFiles/robot_hardware__rosidl_typesupport_fastrtps_c__pyext.dir/rosidl_generator_py/robot_hardware/_robot_hardware_s.ep.rosidl_typesupport_fastrtps_c.c.o[0m
[1.900s] [ 87%] [32mBuilding C object CMakeFiles/robot_hardware__rosidl_typesupport_c__pyext.dir/rosidl_generator_py/robot_hardware/_robot_hardware_s.ep.rosidl_typesupport_c.c.o[0m
[1.902s] [ 90%] [32mBuilding C object CMakeFiles/robot_hardware__rosidl_typesupport_introspection_c__pyext.dir/rosidl_generator_py/robot_hardware/_robot_hardware_s.ep.rosidl_typesupport_introspection_c.c.o[0m
[1.956s] [ 92%] [32m[1mLinking C shared library rosidl_generator_py/robot_hardware/robot_hardware_s__rosidl_typesupport_c.cpython-310-x86_64-linux-gnu.so[0m
[1.961s] [ 95%] [32m[1mLinking C shared library rosidl_generator_py/robot_hardware/robot_hardware_s__rosidl_typesupport_introspection_c.cpython-310-x86_64-linux-gnu.so[0m
[1.982s] [ 95%] Built target robot_hardware__rosidl_typesupport_c__pyext
[1.988s] [ 97%] [32m[1mLinking C shared library rosidl_generator_py/robot_hardware/robot_hardware_s__rosidl_typesupport_fastrtps_c.cpython-310-x86_64-linux-gnu.so[0m
[1.988s] [ 97%] Built target robot_hardware__rosidl_typesupport_introspection_c__pyext
[2.021s] [ 97%] Built target robot_hardware__rosidl_typesupport_fastrtps_c__pyext
[9.928s] [100%] [32m[1mLinking CXX executable hardware_manager[0m
[10.398s] [100%] Built target hardware_manager
