[0.022s] Invoking command in '/home/pengyh/documents/ros2_ws/RobotAD/build/usb_camera': CMAKE_PREFIX_PATH=${CMAKE_PREFIX_PATH}:/opt/ros/humble /usr/bin/cmake --build /home/pengyh/documents/ros2_ws/RobotAD/build/usb_camera -- -j24 -l24
[0.043s] -- Found ament_cmake: 1.3.11 (/opt/ros/humble/share/ament_cmake/cmake)
[0.152s] -- Override CMake install command with custom implementation using symlinks instead of copying resources
[0.163s] -- Found rclcpp: 16.0.11 (/opt/ros/humble/share/rclcpp/cmake)
[0.190s] -- Found rosidl_generator_c: 3.1.6 (/opt/ros/humble/share/rosidl_generator_c/cmake)
[0.192s] -- Found rosidl_adapter: 3.1.6 (/opt/ros/humble/share/rosidl_adapter/cmake)
[0.198s] -- Found rosidl_generator_cpp: 3.1.6 (/opt/ros/humble/share/rosidl_generator_cpp/cmake)
[0.206s] -- Using all available rosidl_typesupport_c: rosidl_typesupport_fastrtps_c;rosidl_typesupport_introspection_c
[0.215s] -- Using all available rosidl_typesupport_cpp: rosidl_typesupport_fastrtps_cpp;rosidl_typesupport_introspection_cpp
[0.241s] -- Found rmw_implementation_cmake: 6.1.2 (/opt/ros/humble/share/rmw_implementation_cmake/cmake)
[0.244s] -- Found rmw_cyclonedds_cpp: 1.3.4 (/opt/ros/humble/share/rmw_cyclonedds_cpp/cmake)
[0.261s] -- Using RMW implementation 'rmw_cyclonedds_cpp' as default
[0.299s] -- Found sensor_msgs: 4.2.4 (/opt/ros/humble/share/sensor_msgs/cmake)
[0.323s] -- Found cv_bridge: 3.2.1 (/opt/ros/humble/share/cv_bridge/cmake)
[0.375s] -- Configuring done
[0.384s] -- Generating done
[0.386s] -- Build files have been written to: /home/pengyh/documents/ros2_ws/RobotAD/build/usb_camera
[0.404s] [35m[1mConsolidate compiler generated dependencies of target usb_camera_node[0m
[0.417s] [100%] Built target usb_camera_node
[0.425s] Invoked command in '/home/pengyh/documents/ros2_ws/RobotAD/build/usb_camera' returned '0': CMAKE_PREFIX_PATH=${CMAKE_PREFIX_PATH}:/opt/ros/humble /usr/bin/cmake --build /home/pengyh/documents/ros2_ws/RobotAD/build/usb_camera -- -j24 -l24
[0.426s] Invoking command in '/home/pengyh/documents/ros2_ws/RobotAD/build/usb_camera': CMAKE_PREFIX_PATH=${CMAKE_PREFIX_PATH}:/opt/ros/humble /usr/bin/cmake --install /home/pengyh/documents/ros2_ws/RobotAD/build/usb_camera
[0.430s] -- Install configuration: ""
[0.431s] -- Execute custom install script
[0.431s] -- Up-to-date symlink: /home/pengyh/documents/ros2_ws/RobotAD/install/usb_camera/share/usb_camera/config/camera_params.yaml
[0.431s] -- Symlinking: /home/pengyh/documents/ros2_ws/RobotAD/install/usb_camera/share/usb_camera/launch/__pycache__/launch.cpython-310.pyc
[0.436s] -- Symlinking: /home/pengyh/documents/ros2_ws/RobotAD/install/usb_camera/share/usb_camera/launch/launch.py
[0.442s] -- Up-to-date symlink: /home/pengyh/documents/ros2_ws/RobotAD/install/usb_camera/lib/usb_camera/usb_camera_node
[0.442s] -- Up-to-date symlink: /home/pengyh/documents/ros2_ws/RobotAD/install/usb_camera/share/ament_index/resource_index/package_run_dependencies/usb_camera
[0.442s] -- Up-to-date symlink: /home/pengyh/documents/ros2_ws/RobotAD/install/usb_camera/share/ament_index/resource_index/parent_prefix_path/usb_camera
[0.442s] -- Up-to-date symlink: /home/pengyh/documents/ros2_ws/RobotAD/install/usb_camera/share/usb_camera/environment/ament_prefix_path.sh
[0.443s] -- Up-to-date symlink: /home/pengyh/documents/ros2_ws/RobotAD/install/usb_camera/share/usb_camera/environment/ament_prefix_path.dsv
[0.443s] -- Up-to-date symlink: /home/pengyh/documents/ros2_ws/RobotAD/install/usb_camera/share/usb_camera/environment/path.sh
[0.443s] -- Up-to-date symlink: /home/pengyh/documents/ros2_ws/RobotAD/install/usb_camera/share/usb_camera/environment/path.dsv
[0.443s] -- Up-to-date symlink: /home/pengyh/documents/ros2_ws/RobotAD/install/usb_camera/share/usb_camera/local_setup.bash
[0.443s] -- Up-to-date symlink: /home/pengyh/documents/ros2_ws/RobotAD/install/usb_camera/share/usb_camera/local_setup.sh
[0.443s] -- Up-to-date symlink: /home/pengyh/documents/ros2_ws/RobotAD/install/usb_camera/share/usb_camera/local_setup.zsh
[0.443s] -- Up-to-date symlink: /home/pengyh/documents/ros2_ws/RobotAD/install/usb_camera/share/usb_camera/local_setup.dsv
[0.443s] -- Symlinking: /home/pengyh/documents/ros2_ws/RobotAD/install/usb_camera/share/usb_camera/package.dsv
[0.448s] -- Up-to-date symlink: /home/pengyh/documents/ros2_ws/RobotAD/install/usb_camera/share/ament_index/resource_index/packages/usb_camera
[0.448s] -- Up-to-date symlink: /home/pengyh/documents/ros2_ws/RobotAD/install/usb_camera/share/usb_camera/cmake/usb_cameraConfig.cmake
[0.448s] -- Up-to-date symlink: /home/pengyh/documents/ros2_ws/RobotAD/install/usb_camera/share/usb_camera/cmake/usb_cameraConfig-version.cmake
[0.448s] -- Up-to-date symlink: /home/pengyh/documents/ros2_ws/RobotAD/install/usb_camera/share/usb_camera/package.xml
[0.450s] Invoked command in '/home/pengyh/documents/ros2_ws/RobotAD/build/usb_camera' returned '0': CMAKE_PREFIX_PATH=${CMAKE_PREFIX_PATH}:/opt/ros/humble /usr/bin/cmake --install /home/pengyh/documents/ros2_ws/RobotAD/build/usb_camera
