[  3%] Built target rslidar_msg__cpp
[ 12%] Built target rslidar_msg__rosidl_generator_c
[ 12%] Built target ament_cmake_python_symlink_rslidar_msg
[ 32%] Built target rslidar_msg__rosidl_typesupport_introspection_c
[ 35%] [32mBuilding CXX object CMakeFiles/rslidar_msg__rosidl_typesupport_cpp.dir/rosidl_typesupport_cpp/rslidar_msg/msg/rslidar_packet__type_support.cpp.o[0m
[ 32%] Built target rslidar_msg__rosidl_typesupport_c
[ 38%] [32mBuilding CXX object CMakeFiles/rslidar_msg__rosidl_typesupport_fastrtps_c.dir/rosidl_typesupport_fastrtps_c/rslidar_msg/msg/detail/rslidar_packet__type_support_c.cpp.o[0m
[ 41%] [32mBuilding CXX object CMakeFiles/rslidar_msg__rosidl_typesupport_fastrtps_cpp.dir/rosidl_typesupport_fastrtps_cpp/rslidar_msg/msg/detail/dds_fastrtps/rslidar_packet__type_support.cpp.o[0m
[ 45%] [32mBuilding CXX object CMakeFiles/rslidar_msg__rosidl_typesupport_introspection_cpp.dir/rosidl_typesupport_introspection_cpp/rslidar_msg/msg/detail/rslidar_packet__type_support.cpp.o[0m
running egg_info
writing rslidar_msg.egg-info/PKG-INFO
writing dependency_links to rslidar_msg.egg-info/dependency_links.txt
writing top-level names to rslidar_msg.egg-info/top_level.txt
reading manifest file 'rslidar_msg.egg-info/SOURCES.txt'
writing manifest file 'rslidar_msg.egg-info/SOURCES.txt'
[ 45%] Built target ament_cmake_python_build_rslidar_msg_egg
[ 48%] [32m[1mLinking CXX shared library librslidar_msg__rosidl_typesupport_fastrtps_c.so[0m
[ 51%] [32m[1mLinking CXX shared library librslidar_msg__rosidl_typesupport_introspection_cpp.so[0m
[ 54%] [32m[1mLinking CXX shared library librslidar_msg__rosidl_typesupport_cpp.so[0m
[ 58%] [32m[1mLinking CXX shared library librslidar_msg__rosidl_typesupport_fastrtps_cpp.so[0m
[ 61%] Built target rslidar_msg__rosidl_typesupport_fastrtps_c
[ 64%] Built target rslidar_msg__rosidl_typesupport_introspection_cpp
[ 67%] Built target rslidar_msg__rosidl_typesupport_cpp
[ 70%] Built target rslidar_msg__rosidl_typesupport_fastrtps_cpp
[ 70%] Built target rslidar_msg
[ 74%] Built target rslidar_msg__py
[ 77%] [32mBuilding C object CMakeFiles/rslidar_msg__rosidl_generator_py.dir/rosidl_generator_py/rslidar_msg/msg/_rslidar_packet_s.c.o[0m
[ 80%] [32m[1mLinking C shared library rosidl_generator_py/rslidar_msg/librslidar_msg__rosidl_generator_py.so[0m
[ 80%] Built target rslidar_msg__rosidl_generator_py
[ 83%] [32mBuilding C object CMakeFiles/rslidar_msg__rosidl_typesupport_c__pyext.dir/rosidl_generator_py/rslidar_msg/_rslidar_msg_s.ep.rosidl_typesupport_c.c.o[0m
[ 87%] [32mBuilding C object CMakeFiles/rslidar_msg__rosidl_typesupport_fastrtps_c__pyext.dir/rosidl_generator_py/rslidar_msg/_rslidar_msg_s.ep.rosidl_typesupport_fastrtps_c.c.o[0m
[ 90%] [32mBuilding C object CMakeFiles/rslidar_msg__rosidl_typesupport_introspection_c__pyext.dir/rosidl_generator_py/rslidar_msg/_rslidar_msg_s.ep.rosidl_typesupport_introspection_c.c.o[0m
[ 93%] [32m[1mLinking C shared library rosidl_generator_py/rslidar_msg/rslidar_msg_s__rosidl_typesupport_c.cpython-310-x86_64-linux-gnu.so[0m
[ 96%] [32m[1mLinking C shared library rosidl_generator_py/rslidar_msg/rslidar_msg_s__rosidl_typesupport_fastrtps_c.cpython-310-x86_64-linux-gnu.so[0m
[ 96%] Built target rslidar_msg__rosidl_typesupport_c__pyext
[ 96%] Built target rslidar_msg__rosidl_typesupport_fastrtps_c__pyext
[100%] [32m[1mLinking C shared library rosidl_generator_py/rslidar_msg/rslidar_msg_s__rosidl_typesupport_introspection_c.cpython-310-x86_64-linux-gnu.so[0m
[100%] Built target rslidar_msg__rosidl_typesupport_introspection_c__pyext
