[35m[1mConsolidate compiler generated dependencies of target robot_hardware_interface[0m
[  2%] Built target robot_hardware__cpp
[ 11%] Built target robot_hardware__rosidl_generator_c
[ 11%] Built target ament_cmake_python_symlink_robot_hardware
[ 14%] [32mBuilding CXX object CMakeFiles/robot_hardware_interface.dir/src/robot_hardware_interface.cpp.o[0m
[ 22%] Built target robot_hardware__rosidl_typesupport_fastrtps_cpp
[ 31%] Built target robot_hardware__rosidl_typesupport_c
[ 45%] Built target robot_hardware__rosidl_typesupport_introspection_cpp
[ 48%] Built target robot_hardware__rosidl_typesupport_introspection_c
[ 57%] Built target robot_hardware__rosidl_typesupport_fastrtps_c
[ 65%] Built target robot_hardware__rosidl_typesupport_cpp
[ 65%] Built target robot_hardware
[ 68%] Built target robot_hardware__py
[ 74%] Built target robot_hardware__rosidl_generator_py
[ 85%] Built target robot_hardware__rosidl_typesupport_introspection_c__pyext
[ 85%] Built target robot_hardware__rosidl_typesupport_c__pyext
[ 91%] Built target robot_hardware__rosidl_typesupport_fastrtps_c__pyext
running egg_info
writing robot_hardware.egg-info/PKG-INFO
writing dependency_links to robot_hardware.egg-info/dependency_links.txt
writing top-level names to robot_hardware.egg-info/top_level.txt
reading manifest file 'robot_hardware.egg-info/SOURCES.txt'
writing manifest file 'robot_hardware.egg-info/SOURCES.txt'
[ 91%] Built target ament_cmake_python_build_robot_hardware_egg
