[0.037s] Invoking command in '/home/future/Documents/pengyh/RobotAD_ws/build/robot_locate': CMAKE_PREFIX_PATH=${CMAKE_PREFIX_PATH}:/opt/ros/humble /usr/bin/cmake --build /home/future/Documents/pengyh/RobotAD_ws/build/robot_locate -- -j24 -l24
[0.087s] Invoked command in '/home/future/Documents/pengyh/RobotAD_ws/build/robot_locate' returned '0': CMAKE_PREFIX_PATH=${CMAKE_PREFIX_PATH}:/opt/ros/humble /usr/bin/cmake --build /home/future/Documents/pengyh/RobotAD_ws/build/robot_locate -- -j24 -l24
[0.109s] Invoking command in '/home/future/Documents/pengyh/RobotAD_ws/build/robot_locate': CMAKE_PREFIX_PATH=${CMAKE_PREFIX_PATH}:/opt/ros/humble /usr/bin/cmake --install /home/future/Documents/pengyh/RobotAD_ws/build/robot_locate
[0.118s] -- Install configuration: ""
[0.119s] -- Up-to-date: /home/future/Documents/pengyh/RobotAD_ws/install/robot_locate/share/robot_locate/src
[0.119s] -- Up-to-date: /home/future/Documents/pengyh/RobotAD_ws/install/robot_locate/share/robot_locate/src/description
[0.119s] -- Up-to-date: /home/future/Documents/pengyh/RobotAD_ws/install/robot_locate/share/robot_locate/src/description/sam_bot_description.urdf
[0.119s] -- Up-to-date: /home/future/Documents/pengyh/RobotAD_ws/install/robot_locate/share/robot_locate/src/description/sam_bot_description.urdf.bak
[0.119s] -- Up-to-date: /home/future/Documents/pengyh/RobotAD_ws/install/robot_locate/share/robot_locate/src/description/sam_bot_description_official.urdf
[0.119s] -- Up-to-date: /home/future/Documents/pengyh/RobotAD_ws/install/robot_locate/share/robot_locate/launch
[0.119s] -- Up-to-date: /home/future/Documents/pengyh/RobotAD_ws/install/robot_locate/share/robot_locate/launch/navigation_launch.py
[0.119s] -- Up-to-date: /home/future/Documents/pengyh/RobotAD_ws/install/robot_locate/share/robot_locate/launch/localization_launch.py
[0.119s] -- Up-to-date: /home/future/Documents/pengyh/RobotAD_ws/install/robot_locate/share/robot_locate/launch/robot_test.launch.py
[0.120s] -- Up-to-date: /home/future/Documents/pengyh/RobotAD_ws/install/robot_locate/share/robot_locate/launch/robot_locater.launch.py
[0.120s] -- Up-to-date: /home/future/Documents/pengyh/RobotAD_ws/install/robot_locate/share/robot_locate/launch/online_async_launch.py
[0.120s] -- Up-to-date: /home/future/Documents/pengyh/RobotAD_ws/install/robot_locate/share/robot_locate/launch/robot_locate.launch.py
[0.120s] -- Up-to-date: /home/future/Documents/pengyh/RobotAD_ws/install/robot_locate/share/robot_locate/rviz
[0.120s] -- Up-to-date: /home/future/Documents/pengyh/RobotAD_ws/install/robot_locate/share/robot_locate/rviz/urdf_config.rviz.bak
[0.121s] -- Up-to-date: /home/future/Documents/pengyh/RobotAD_ws/install/robot_locate/share/robot_locate/rviz/urdf_config.rviz
[0.121s] -- Up-to-date: /home/future/Documents/pengyh/RobotAD_ws/install/robot_locate/share/robot_locate/config
[0.121s] -- Up-to-date: /home/future/Documents/pengyh/RobotAD_ws/install/robot_locate/share/robot_locate/config/beifen.yaml
[0.121s] -- Up-to-date: /home/future/Documents/pengyh/RobotAD_ws/install/robot_locate/share/robot_locate/config/twist_mux.yaml
[0.121s] -- Up-to-date: /home/future/Documents/pengyh/RobotAD_ws/install/robot_locate/share/robot_locate/config/ekf.yaml.bak
[0.122s] -- Up-to-date: /home/future/Documents/pengyh/RobotAD_ws/install/robot_locate/share/robot_locate/config/mapper_params_online_async.yaml
[0.122s] -- Up-to-date: /home/future/Documents/pengyh/RobotAD_ws/install/robot_locate/share/robot_locate/config/ekf.yaml
[0.122s] -- Up-to-date: /home/future/Documents/pengyh/RobotAD_ws/install/robot_locate/share/robot_locate/config/nav2_params_q.yaml
[0.122s] -- Up-to-date: /home/future/Documents/pengyh/RobotAD_ws/install/robot_locate/share/robot_locate/config/new.yaml
[0.122s] -- Up-to-date: /home/future/Documents/pengyh/RobotAD_ws/install/robot_locate/share/robot_locate/config/nav2_params_origal.yaml
[0.122s] -- Up-to-date: /home/future/Documents/pengyh/RobotAD_ws/install/robot_locate/share/robot_locate/config/nav2_params (copy).yaml
[0.123s] -- Up-to-date: /home/future/Documents/pengyh/RobotAD_ws/install/robot_locate/share/robot_locate/config/nav2_params.yaml
[0.124s] -- Up-to-date: /home/future/Documents/pengyh/RobotAD_ws/install/robot_locate/share/robot_locate/world
[0.124s] -- Up-to-date: /home/future/Documents/pengyh/RobotAD_ws/install/robot_locate/share/robot_locate/world/my_world.sdf
[0.125s] -- Up-to-date: /home/future/Documents/pengyh/RobotAD_ws/install/robot_locate/share/ament_index/resource_index/package_run_dependencies/robot_locate
[0.125s] -- Up-to-date: /home/future/Documents/pengyh/RobotAD_ws/install/robot_locate/share/ament_index/resource_index/parent_prefix_path/robot_locate
[0.125s] -- Up-to-date: /home/future/Documents/pengyh/RobotAD_ws/install/robot_locate/share/robot_locate/environment/ament_prefix_path.sh
[0.125s] -- Up-to-date: /home/future/Documents/pengyh/RobotAD_ws/install/robot_locate/share/robot_locate/environment/ament_prefix_path.dsv
[0.125s] -- Up-to-date: /home/future/Documents/pengyh/RobotAD_ws/install/robot_locate/share/robot_locate/environment/path.sh
[0.125s] -- Up-to-date: /home/future/Documents/pengyh/RobotAD_ws/install/robot_locate/share/robot_locate/environment/path.dsv
[0.125s] -- Up-to-date: /home/future/Documents/pengyh/RobotAD_ws/install/robot_locate/share/robot_locate/local_setup.bash
[0.125s] -- Up-to-date: /home/future/Documents/pengyh/RobotAD_ws/install/robot_locate/share/robot_locate/local_setup.sh
[0.125s] -- Up-to-date: /home/future/Documents/pengyh/RobotAD_ws/install/robot_locate/share/robot_locate/local_setup.zsh
[0.125s] -- Up-to-date: /home/future/Documents/pengyh/RobotAD_ws/install/robot_locate/share/robot_locate/local_setup.dsv
[0.125s] -- Installing: /home/future/Documents/pengyh/RobotAD_ws/install/robot_locate/share/robot_locate/package.dsv
[0.125s] -- Up-to-date: /home/future/Documents/pengyh/RobotAD_ws/install/robot_locate/share/ament_index/resource_index/packages/robot_locate
[0.125s] -- Up-to-date: /home/future/Documents/pengyh/RobotAD_ws/install/robot_locate/share/robot_locate/cmake/robot_locateConfig.cmake
[0.125s] -- Up-to-date: /home/future/Documents/pengyh/RobotAD_ws/install/robot_locate/share/robot_locate/cmake/robot_locateConfig-version.cmake
[0.125s] -- Up-to-date: /home/future/Documents/pengyh/RobotAD_ws/install/robot_locate/share/robot_locate/package.xml
[0.127s] Invoked command in '/home/future/Documents/pengyh/RobotAD_ws/build/robot_locate' returned '0': CMAKE_PREFIX_PATH=${CMAKE_PREFIX_PATH}:/opt/ros/humble /usr/bin/cmake --install /home/future/Documents/pengyh/RobotAD_ws/build/robot_locate
