[100%] Built target watch_dog_node
[100%] Built target serial_node
-- Install configuration: ""
-- Up-to-date: /home/future/Documents/pengyh/RobotAD_ws/install/serial_comm/lib/serial_comm/serial_node
-- Up-to-date: /home/future/Documents/pengyh/RobotAD_ws/install/serial_comm/lib/serial_comm/watch_dog_node
-- Up-to-date: /home/future/Documents/pengyh/RobotAD_ws/install/serial_comm/share/serial_comm/launch
-- Up-to-date: /home/future/Documents/pengyh/RobotAD_ws/install/serial_comm/share/serial_comm/launch/serial_comm.launch.py
-- Up-to-date: /home/future/Documents/pengyh/RobotAD_ws/install/serial_comm/share/serial_comm/launch/watch_dog.launch.py
-- Up-to-date: /home/future/Documents/pengyh/RobotAD_ws/install/serial_comm/share/ament_index/resource_index/package_run_dependencies/serial_comm
-- Up-to-date: /home/future/Documents/pengyh/RobotAD_ws/install/serial_comm/share/ament_index/resource_index/parent_prefix_path/serial_comm
-- Up-to-date: /home/future/Documents/pengyh/RobotAD_ws/install/serial_comm/share/serial_comm/environment/ament_prefix_path.sh
-- Up-to-date: /home/future/Documents/pengyh/RobotAD_ws/install/serial_comm/share/serial_comm/environment/ament_prefix_path.dsv
-- Up-to-date: /home/future/Documents/pengyh/RobotAD_ws/install/serial_comm/share/serial_comm/environment/path.sh
-- Up-to-date: /home/future/Documents/pengyh/RobotAD_ws/install/serial_comm/share/serial_comm/environment/path.dsv
-- Up-to-date: /home/future/Documents/pengyh/RobotAD_ws/install/serial_comm/share/serial_comm/local_setup.bash
-- Up-to-date: /home/future/Documents/pengyh/RobotAD_ws/install/serial_comm/share/serial_comm/local_setup.sh
-- Up-to-date: /home/future/Documents/pengyh/RobotAD_ws/install/serial_comm/share/serial_comm/local_setup.zsh
-- Up-to-date: /home/future/Documents/pengyh/RobotAD_ws/install/serial_comm/share/serial_comm/local_setup.dsv
-- Installing: /home/future/Documents/pengyh/RobotAD_ws/install/serial_comm/share/serial_comm/package.dsv
-- Up-to-date: /home/future/Documents/pengyh/RobotAD_ws/install/serial_comm/share/ament_index/resource_index/packages/serial_comm
-- Up-to-date: /home/future/Documents/pengyh/RobotAD_ws/install/serial_comm/share/serial_comm/cmake/serial_commConfig.cmake
-- Up-to-date: /home/future/Documents/pengyh/RobotAD_ws/install/serial_comm/share/serial_comm/cmake/serial_commConfig-version.cmake
-- Up-to-date: /home/future/Documents/pengyh/RobotAD_ws/install/serial_comm/share/serial_comm/package.xml
