[0.024s] Invoking command in '/home/future/Documents/pengyh/RobotAD_ws/build/pointcloud_to_laserscan': CMAKE_PREFIX_PATH=${CMAKE_PREFIX_PATH}:/opt/ros/humble /usr/bin/cmake --build /home/future/Documents/pengyh/RobotAD_ws/build/pointcloud_to_laserscan -- -j24 -l24
[0.054s] [35m[1mConsolidate compiler generated dependencies of target laserscan_to_pointcloud_node[0m
[0.057s] [35m[1mConsolidate compiler generated dependencies of target laserscan_to_pointcloud[0m
[0.059s] [35m[1mConsolidate compiler generated dependencies of target pointcloud_to_laserscan_node[0m
[0.077s] [ 16%] Built target laserscan_to_pointcloud_node
[0.081s] [ 33%] Built target laserscan_to_pointcloud
[0.100s] [ 50%] Built target pointcloud_to_laserscan_node
[0.103s] [35m[1mConsolidate compiler generated dependencies of target pointcloud_to_laserscan[0m
[0.117s] [ 66%] Built target pointcloud_to_laserscan
[0.128s] [35m[1mConsolidate compiler generated dependencies of target sub_laser_node[0m
[0.130s] [35m[1mConsolidate compiler generated dependencies of target dummy_pointcloud_publisher[0m
[0.147s] [100%] Built target dummy_pointcloud_publisher
[0.147s] [100%] Built target sub_laser_node
[0.199s] Invoked command in '/home/future/Documents/pengyh/RobotAD_ws/build/pointcloud_to_laserscan' returned '0': CMAKE_PREFIX_PATH=${CMAKE_PREFIX_PATH}:/opt/ros/humble /usr/bin/cmake --build /home/future/Documents/pengyh/RobotAD_ws/build/pointcloud_to_laserscan -- -j24 -l24
[0.201s] Invoking command in '/home/future/Documents/pengyh/RobotAD_ws/build/pointcloud_to_laserscan': CMAKE_PREFIX_PATH=${CMAKE_PREFIX_PATH}:/opt/ros/humble /usr/bin/cmake --install /home/future/Documents/pengyh/RobotAD_ws/build/pointcloud_to_laserscan
[0.209s] -- Install configuration: ""
[0.209s] -- Up-to-date: /home/future/Documents/pengyh/RobotAD_ws/install/pointcloud_to_laserscan/lib/pointcloud_to_laserscan/laserscan_to_pointcloud_node
[0.209s] -- Up-to-date: /home/future/Documents/pengyh/RobotAD_ws/install/pointcloud_to_laserscan/lib/pointcloud_to_laserscan/pointcloud_to_laserscan_node
[0.209s] -- Up-to-date: /home/future/Documents/pengyh/RobotAD_ws/install/pointcloud_to_laserscan/include
[0.209s] -- Up-to-date: /home/future/Documents/pengyh/RobotAD_ws/install/pointcloud_to_laserscan/include/pointcloud_to_laserscan
[0.209s] -- Up-to-date: /home/future/Documents/pengyh/RobotAD_ws/install/pointcloud_to_laserscan/include/pointcloud_to_laserscan/pointcloud_to_laserscan_node.hpp
[0.210s] -- Up-to-date: /home/future/Documents/pengyh/RobotAD_ws/install/pointcloud_to_laserscan/include/pointcloud_to_laserscan/laserscan_to_pointcloud_node.hpp
[0.210s] -- Up-to-date: /home/future/Documents/pengyh/RobotAD_ws/install/pointcloud_to_laserscan/include/pointcloud_to_laserscan/visibility_control.h
[0.210s] -- Up-to-date: /home/future/Documents/pengyh/RobotAD_ws/install/pointcloud_to_laserscan/share/pointcloud_to_laserscan/environment/library_path.sh
[0.210s] -- Up-to-date: /home/future/Documents/pengyh/RobotAD_ws/install/pointcloud_to_laserscan/share/pointcloud_to_laserscan/environment/library_path.dsv
[0.210s] -- Up-to-date: /home/future/Documents/pengyh/RobotAD_ws/install/pointcloud_to_laserscan/lib/liblaserscan_to_pointcloud.so
[0.210s] -- Up-to-date: /home/future/Documents/pengyh/RobotAD_ws/install/pointcloud_to_laserscan/lib/libpointcloud_to_laserscan.so
[0.211s] -- Up-to-date: /home/future/Documents/pengyh/RobotAD_ws/install/pointcloud_to_laserscan/lib/pointcloud_to_laserscan/dummy_pointcloud_publisher
[0.211s] -- Up-to-date: /home/future/Documents/pengyh/RobotAD_ws/install/pointcloud_to_laserscan/lib/pointcloud_to_laserscan/sub_laser_node
[0.211s] -- Up-to-date: /home/future/Documents/pengyh/RobotAD_ws/install/pointcloud_to_laserscan/share/pointcloud_to_laserscan/launch
[0.211s] -- Up-to-date: /home/future/Documents/pengyh/RobotAD_ws/install/pointcloud_to_laserscan/share/pointcloud_to_laserscan/launch/sample_pointcloud_to_laserscan_launch.py
[0.211s] -- Up-to-date: /home/future/Documents/pengyh/RobotAD_ws/install/pointcloud_to_laserscan/share/pointcloud_to_laserscan/launch/sample_laserscan_to_pointcloud_launch.py
[0.211s] -- Up-to-date: /home/future/Documents/pengyh/RobotAD_ws/install/pointcloud_to_laserscan/share/ament_index/resource_index/package_run_dependencies/pointcloud_to_laserscan
[0.211s] -- Up-to-date: /home/future/Documents/pengyh/RobotAD_ws/install/pointcloud_to_laserscan/share/ament_index/resource_index/parent_prefix_path/pointcloud_to_laserscan
[0.211s] -- Up-to-date: /home/future/Documents/pengyh/RobotAD_ws/install/pointcloud_to_laserscan/share/pointcloud_to_laserscan/environment/ament_prefix_path.sh
[0.211s] -- Up-to-date: /home/future/Documents/pengyh/RobotAD_ws/install/pointcloud_to_laserscan/share/pointcloud_to_laserscan/environment/ament_prefix_path.dsv
[0.211s] -- Up-to-date: /home/future/Documents/pengyh/RobotAD_ws/install/pointcloud_to_laserscan/share/pointcloud_to_laserscan/environment/path.sh
[0.211s] -- Up-to-date: /home/future/Documents/pengyh/RobotAD_ws/install/pointcloud_to_laserscan/share/pointcloud_to_laserscan/environment/path.dsv
[0.211s] -- Up-to-date: /home/future/Documents/pengyh/RobotAD_ws/install/pointcloud_to_laserscan/share/pointcloud_to_laserscan/local_setup.bash
[0.211s] -- Up-to-date: /home/future/Documents/pengyh/RobotAD_ws/install/pointcloud_to_laserscan/share/pointcloud_to_laserscan/local_setup.sh
[0.211s] -- Up-to-date: /home/future/Documents/pengyh/RobotAD_ws/install/pointcloud_to_laserscan/share/pointcloud_to_laserscan/local_setup.zsh
[0.211s] -- Up-to-date: /home/future/Documents/pengyh/RobotAD_ws/install/pointcloud_to_laserscan/share/pointcloud_to_laserscan/local_setup.dsv
[0.211s] -- Installing: /home/future/Documents/pengyh/RobotAD_ws/install/pointcloud_to_laserscan/share/pointcloud_to_laserscan/package.dsv
[0.211s] -- Up-to-date: /home/future/Documents/pengyh/RobotAD_ws/install/pointcloud_to_laserscan/share/ament_index/resource_index/packages/pointcloud_to_laserscan
[0.211s] -- Up-to-date: /home/future/Documents/pengyh/RobotAD_ws/install/pointcloud_to_laserscan/share/ament_index/resource_index/rclcpp_components/pointcloud_to_laserscan
[0.211s] -- Up-to-date: /home/future/Documents/pengyh/RobotAD_ws/install/pointcloud_to_laserscan/share/pointcloud_to_laserscan/cmake/ament_cmake_export_dependencies-extras.cmake
[0.212s] -- Up-to-date: /home/future/Documents/pengyh/RobotAD_ws/install/pointcloud_to_laserscan/share/pointcloud_to_laserscan/cmake/ament_cmake_export_include_directories-extras.cmake
[0.212s] -- Up-to-date: /home/future/Documents/pengyh/RobotAD_ws/install/pointcloud_to_laserscan/share/pointcloud_to_laserscan/cmake/ament_cmake_export_libraries-extras.cmake
[0.212s] -- Up-to-date: /home/future/Documents/pengyh/RobotAD_ws/install/pointcloud_to_laserscan/share/pointcloud_to_laserscan/cmake/pointcloud_to_laserscanConfig.cmake
[0.212s] -- Up-to-date: /home/future/Documents/pengyh/RobotAD_ws/install/pointcloud_to_laserscan/share/pointcloud_to_laserscan/cmake/pointcloud_to_laserscanConfig-version.cmake
[0.212s] -- Up-to-date: /home/future/Documents/pengyh/RobotAD_ws/install/pointcloud_to_laserscan/share/pointcloud_to_laserscan/package.xml
[0.213s] Invoked command in '/home/future/Documents/pengyh/RobotAD_ws/build/pointcloud_to_laserscan' returned '0': CMAKE_PREFIX_PATH=${CMAKE_PREFIX_PATH}:/opt/ros/humble /usr/bin/cmake --install /home/future/Documents/pengyh/RobotAD_ws/build/pointcloud_to_laserscan
