[0.021s] Invoking command in '/home/future/Documents/pengyh/RobotAD_ws/build/rslidar_msg': CMAKE_PREFIX_PATH=${CMAKE_PREFIX_PATH}:/opt/ros/humble /usr/bin/cmake --build /home/future/Documents/pengyh/RobotAD_ws/build/rslidar_msg -- -j24 -l24
[0.052s] [  3%] [34m[1mGenerating C code for ROS interfaces[0m
[0.059s] [  6%] [34m[1mGenerating C++ code for ROS interfaces[0m
[0.061s] [  6%] Built target ament_cmake_python_copy_rslidar_msg
[0.216s] [  6%] Built target rslidar_msg__cpp
[0.225s] [  9%] [34m[1mGenerating C++ type support for eProsima Fast-RTPS[0m
[0.225s] [ 12%] [34m[1mGenerating C++ introspection for ROS interfaces[0m
[0.226s] [ 16%] [34m[1mGenerating C++ type support dispatch for ROS interfaces[0m
[0.249s] running egg_info
[0.249s] creating rslidar_msg.egg-info
[0.250s] writing rslidar_msg.egg-info/PKG-INFO
[0.250s] writing dependency_links to rslidar_msg.egg-info/dependency_links.txt
[0.250s] writing top-level names to rslidar_msg.egg-info/top_level.txt
[0.250s] writing manifest file 'rslidar_msg.egg-info/SOURCES.txt'
[0.252s] reading manifest file 'rslidar_msg.egg-info/SOURCES.txt'
[0.253s] writing manifest file 'rslidar_msg.egg-info/SOURCES.txt'
[0.275s] [ 16%] Built target ament_cmake_python_build_rslidar_msg_egg
[0.332s] [ 19%] [32mBuilding C object CMakeFiles/rslidar_msg__rosidl_generator_c.dir/rosidl_generator_c/rslidar_msg/msg/detail/rslidar_packet__functions.c.o[0m
[0.382s] [ 22%] [32m[1mLinking C shared library librslidar_msg__rosidl_generator_c.so[0m
[0.390s] [ 25%] [32mBuilding CXX object CMakeFiles/rslidar_msg__rosidl_typesupport_introspection_cpp.dir/rosidl_typesupport_introspection_cpp/rslidar_msg/msg/detail/rslidar_packet__type_support.cpp.o[0m
[0.393s] [ 29%] [32mBuilding CXX object CMakeFiles/rslidar_msg__rosidl_typesupport_fastrtps_cpp.dir/rosidl_typesupport_fastrtps_cpp/rslidar_msg/msg/detail/dds_fastrtps/rslidar_packet__type_support.cpp.o[0m
[0.407s] [ 32%] [32mBuilding CXX object CMakeFiles/rslidar_msg__rosidl_typesupport_cpp.dir/rosidl_typesupport_cpp/rslidar_msg/msg/rslidar_packet__type_support.cpp.o[0m
[0.412s] [ 32%] Built target rslidar_msg__rosidl_generator_c
[0.421s] [ 38%] [34m[1mGenerating C type support for eProsima Fast-RTPS[0m
[0.421s] [ 41%] [34m[1mGenerating C type support dispatch for ROS interfaces[0m
[0.421s] [ 41%] [34m[1mGenerating C introspection for ROS interfaces[0m
[0.654s] [ 45%] [32mBuilding CXX object CMakeFiles/rslidar_msg__rosidl_typesupport_fastrtps_c.dir/rosidl_typesupport_fastrtps_c/rslidar_msg/msg/detail/rslidar_packet__type_support_c.cpp.o[0m
[0.657s] [ 48%] [32mBuilding CXX object CMakeFiles/rslidar_msg__rosidl_typesupport_c.dir/rosidl_typesupport_c/rslidar_msg/msg/rslidar_packet__type_support.cpp.o[0m
[0.689s] [ 51%] [32m[1mLinking CXX shared library librslidar_msg__rosidl_typesupport_c.so[0m
[0.713s] [ 54%] [32mBuilding C object CMakeFiles/rslidar_msg__rosidl_typesupport_introspection_c.dir/rosidl_typesupport_introspection_c/rslidar_msg/msg/detail/rslidar_packet__type_support.c.o[0m
[0.725s] [ 54%] Built target rslidar_msg__rosidl_typesupport_c
[0.744s] [ 58%] [32m[1mLinking C shared library librslidar_msg__rosidl_typesupport_introspection_c.so[0m
[0.770s] [ 58%] Built target rslidar_msg__rosidl_typesupport_introspection_c
[0.809s] [ 61%] [32m[1mLinking CXX shared library librslidar_msg__rosidl_typesupport_cpp.so[0m
[0.837s] [ 64%] [32m[1mLinking CXX shared library librslidar_msg__rosidl_typesupport_fastrtps_cpp.so[0m
[0.837s] [ 64%] Built target rslidar_msg__rosidl_typesupport_cpp
[0.891s] [ 67%] [32m[1mLinking CXX shared library librslidar_msg__rosidl_typesupport_introspection_cpp.so[0m
[0.919s] [ 70%] [32m[1mLinking CXX shared library librslidar_msg__rosidl_typesupport_fastrtps_c.so[0m
[0.935s] [ 70%] Built target rslidar_msg__rosidl_typesupport_fastrtps_cpp
[0.945s] [ 70%] Built target rslidar_msg__rosidl_typesupport_introspection_cpp
[1.005s] [ 70%] Built target rslidar_msg__rosidl_typesupport_fastrtps_c
[1.021s] [ 70%] Built target rslidar_msg
[1.036s] [ 74%] [34m[1mGenerating Python code for ROS interfaces[0m
[1.217s] [ 74%] Built target rslidar_msg__py
[1.237s] [ 77%] [32mBuilding C object CMakeFiles/rslidar_msg__rosidl_generator_py.dir/rosidl_generator_py/rslidar_msg/msg/_rslidar_packet_s.c.o[0m
[1.324s] [ 80%] [32m[1mLinking C shared library rosidl_generator_py/rslidar_msg/librslidar_msg__rosidl_generator_py.so[0m
[1.354s] [ 80%] Built target rslidar_msg__rosidl_generator_py
[1.370s] [ 83%] [32mBuilding C object CMakeFiles/rslidar_msg__rosidl_typesupport_introspection_c__pyext.dir/rosidl_generator_py/rslidar_msg/_rslidar_msg_s.ep.rosidl_typesupport_introspection_c.c.o[0m
[1.370s] [ 87%] [32mBuilding C object CMakeFiles/rslidar_msg__rosidl_typesupport_fastrtps_c__pyext.dir/rosidl_generator_py/rslidar_msg/_rslidar_msg_s.ep.rosidl_typesupport_fastrtps_c.c.o[0m
[1.371s] [ 90%] [32mBuilding C object CMakeFiles/rslidar_msg__rosidl_typesupport_c__pyext.dir/rosidl_generator_py/rslidar_msg/_rslidar_msg_s.ep.rosidl_typesupport_c.c.o[0m
[1.442s] [ 93%] [32m[1mLinking C shared library rosidl_generator_py/rslidar_msg/rslidar_msg_s__rosidl_typesupport_fastrtps_c.cpython-310-x86_64-linux-gnu.so[0m
[1.454s] [ 96%] [32m[1mLinking C shared library rosidl_generator_py/rslidar_msg/rslidar_msg_s__rosidl_typesupport_c.cpython-310-x86_64-linux-gnu.so[0m
[1.467s] [100%] [32m[1mLinking C shared library rosidl_generator_py/rslidar_msg/rslidar_msg_s__rosidl_typesupport_introspection_c.cpython-310-x86_64-linux-gnu.so[0m
[1.471s] [100%] Built target rslidar_msg__rosidl_typesupport_fastrtps_c__pyext
[1.489s] [100%] Built target rslidar_msg__rosidl_typesupport_c__pyext
[1.491s] [100%] Built target rslidar_msg__rosidl_typesupport_introspection_c__pyext
