[0.040s] Invoking command in '/home/pengyh/documents/ros2_ws/RobotAD/build/rslidar_msg': CMAKE_PREFIX_PATH=${CMAKE_PREFIX_PATH}:/opt/ros/humble /usr/bin/cmake --build /home/pengyh/documents/ros2_ws/RobotAD/build/rslidar_msg -- -j24 -l24
[0.103s] [  3%] Built target rslidar_msg__cpp
[0.108s] [ 12%] Built target rslidar_msg__rosidl_generator_c
[0.119s] [ 12%] Built target ament_cmake_python_symlink_rslidar_msg
[0.153s] [ 22%] Built target rslidar_msg__rosidl_typesupport_introspection_c
[0.153s] [ 32%] Built target rslidar_msg__rosidl_typesupport_cpp
[0.153s] [ 41%] Built target rslidar_msg__rosidl_typesupport_fastrtps_c
[0.153s] [ 51%] Built target rslidar_msg__rosidl_typesupport_c
[0.168s] [ 70%] Built target rslidar_msg__rosidl_typesupport_fastrtps_cpp
[0.168s] [ 70%] Built target rslidar_msg__rosidl_typesupport_introspection_cpp
[0.199s] [ 70%] Built target rslidar_msg
[0.243s] [ 74%] Built target rslidar_msg__py
[0.281s] [ 80%] Built target rslidar_msg__rosidl_generator_py
[0.329s] [ 87%] Built target rslidar_msg__rosidl_typesupport_fastrtps_c__pyext
[0.330s] [ 93%] Built target rslidar_msg__rosidl_typesupport_introspection_c__pyext
[0.338s] [100%] Built target rslidar_msg__rosidl_typesupport_c__pyext
[0.673s] running egg_info
[0.674s] writing rslidar_msg.egg-info/PKG-INFO
[0.675s] writing dependency_links to rslidar_msg.egg-info/dependency_links.txt
[0.675s] writing top-level names to rslidar_msg.egg-info/top_level.txt
[0.680s] reading manifest file 'rslidar_msg.egg-info/SOURCES.txt'
[0.681s] writing manifest file 'rslidar_msg.egg-info/SOURCES.txt'
[0.727s] [100%] Built target ament_cmake_python_build_rslidar_msg_egg
[0.750s] Invoked command in '/home/pengyh/documents/ros2_ws/RobotAD/build/rslidar_msg' returned '0': CMAKE_PREFIX_PATH=${CMAKE_PREFIX_PATH}:/opt/ros/humble /usr/bin/cmake --build /home/pengyh/documents/ros2_ws/RobotAD/build/rslidar_msg -- -j24 -l24
[0.756s] Invoking command in '/home/pengyh/documents/ros2_ws/RobotAD/build/rslidar_msg': CMAKE_PREFIX_PATH=${CMAKE_PREFIX_PATH}:/opt/ros/humble /usr/bin/cmake --install /home/pengyh/documents/ros2_ws/RobotAD/build/rslidar_msg
[0.766s] -- Install configuration: ""
[0.769s] -- Execute custom install script
[0.769s] -- Up-to-date symlink: /home/pengyh/documents/ros2_ws/RobotAD/install/rslidar_msg/share/ament_index/resource_index/rosidl_interfaces/rslidar_msg
[0.770s] -- Up-to-date symlink: /home/pengyh/documents/ros2_ws/RobotAD/install/rslidar_msg/include/rslidar_msg/rslidar_msg/msg/detail/rslidar_packet__functions.h
[0.770s] -- Up-to-date symlink: /home/pengyh/documents/ros2_ws/RobotAD/install/rslidar_msg/include/rslidar_msg/rslidar_msg/msg/detail/rslidar_packet__struct.h
[0.771s] -- Up-to-date symlink: /home/pengyh/documents/ros2_ws/RobotAD/install/rslidar_msg/include/rslidar_msg/rslidar_msg/msg/detail/rslidar_packet__type_support.h
[0.771s] -- Up-to-date symlink: /home/pengyh/documents/ros2_ws/RobotAD/install/rslidar_msg/include/rslidar_msg/rslidar_msg/msg/rosidl_generator_c__visibility_control.h
[0.771s] -- Up-to-date symlink: /home/pengyh/documents/ros2_ws/RobotAD/install/rslidar_msg/include/rslidar_msg/rslidar_msg/msg/rslidar_packet.h
[0.771s] -- Up-to-date symlink: /home/pengyh/documents/ros2_ws/RobotAD/install/rslidar_msg/share/rslidar_msg/environment/library_path.sh
[0.772s] -- Up-to-date symlink: /home/pengyh/documents/ros2_ws/RobotAD/install/rslidar_msg/share/rslidar_msg/environment/library_path.dsv
[0.772s] -- Up-to-date symlink: /home/pengyh/documents/ros2_ws/RobotAD/install/rslidar_msg/include/rslidar_msg/rslidar_msg/msg/detail/rslidar_packet__rosidl_typesupport_fastrtps_c.h
[0.772s] -- Up-to-date symlink: /home/pengyh/documents/ros2_ws/RobotAD/install/rslidar_msg/include/rslidar_msg/rslidar_msg/msg/rosidl_typesupport_fastrtps_c__visibility_control.h
[0.773s] -- Up-to-date symlink: /home/pengyh/documents/ros2_ws/RobotAD/install/rslidar_msg/include/rslidar_msg/rslidar_msg/msg/detail/rslidar_packet__builder.hpp
[0.773s] -- Up-to-date symlink: /home/pengyh/documents/ros2_ws/RobotAD/install/rslidar_msg/include/rslidar_msg/rslidar_msg/msg/detail/rslidar_packet__struct.hpp
[0.774s] -- Up-to-date symlink: /home/pengyh/documents/ros2_ws/RobotAD/install/rslidar_msg/include/rslidar_msg/rslidar_msg/msg/detail/rslidar_packet__traits.hpp
[0.774s] -- Up-to-date symlink: /home/pengyh/documents/ros2_ws/RobotAD/install/rslidar_msg/include/rslidar_msg/rslidar_msg/msg/detail/rslidar_packet__type_support.hpp
[0.774s] -- Up-to-date symlink: /home/pengyh/documents/ros2_ws/RobotAD/install/rslidar_msg/include/rslidar_msg/rslidar_msg/msg/rosidl_generator_cpp__visibility_control.hpp
[0.774s] -- Up-to-date symlink: /home/pengyh/documents/ros2_ws/RobotAD/install/rslidar_msg/include/rslidar_msg/rslidar_msg/msg/rslidar_packet.hpp
[0.778s] -- Up-to-date symlink: /home/pengyh/documents/ros2_ws/RobotAD/install/rslidar_msg/include/rslidar_msg/rslidar_msg/msg/detail/rslidar_packet__rosidl_typesupport_fastrtps_cpp.hpp
[0.778s] -- Up-to-date symlink: /home/pengyh/documents/ros2_ws/RobotAD/install/rslidar_msg/include/rslidar_msg/rslidar_msg/msg/rosidl_typesupport_fastrtps_cpp__visibility_control.h
[0.778s] -- Up-to-date symlink: /home/pengyh/documents/ros2_ws/RobotAD/install/rslidar_msg/include/rslidar_msg/rslidar_msg/msg/detail/rslidar_packet__rosidl_typesupport_introspection_c.h
[0.778s] -- Up-to-date symlink: /home/pengyh/documents/ros2_ws/RobotAD/install/rslidar_msg/include/rslidar_msg/rslidar_msg/msg/rosidl_typesupport_introspection_c__visibility_control.h
[0.778s] -- Up-to-date symlink: /home/pengyh/documents/ros2_ws/RobotAD/install/rslidar_msg/include/rslidar_msg/rslidar_msg/msg/detail/rslidar_packet__rosidl_typesupport_introspection_cpp.hpp
[0.778s] -- Up-to-date symlink: /home/pengyh/documents/ros2_ws/RobotAD/install/rslidar_msg/share/rslidar_msg/environment/pythonpath.sh
[0.779s] -- Up-to-date symlink: /home/pengyh/documents/ros2_ws/RobotAD/install/rslidar_msg/share/rslidar_msg/environment/pythonpath.dsv
[0.779s] -- Up-to-date symlink: /home/pengyh/documents/ros2_ws/RobotAD/install/rslidar_msg/local/lib/python3.10/dist-packages/rslidar_msg-0.0.0-py3.10.egg-info/PKG-INFO
[0.779s] -- Up-to-date symlink: /home/pengyh/documents/ros2_ws/RobotAD/install/rslidar_msg/local/lib/python3.10/dist-packages/rslidar_msg-0.0.0-py3.10.egg-info/SOURCES.txt
[0.779s] -- Up-to-date symlink: /home/pengyh/documents/ros2_ws/RobotAD/install/rslidar_msg/local/lib/python3.10/dist-packages/rslidar_msg-0.0.0-py3.10.egg-info/dependency_links.txt
[0.779s] -- Up-to-date symlink: /home/pengyh/documents/ros2_ws/RobotAD/install/rslidar_msg/local/lib/python3.10/dist-packages/rslidar_msg-0.0.0-py3.10.egg-info/top_level.txt
[0.780s] -- Up-to-date symlink: /home/pengyh/documents/ros2_ws/RobotAD/install/rslidar_msg/local/lib/python3.10/dist-packages/rslidar_msg/__init__.py
[0.780s] -- Up-to-date symlink: /home/pengyh/documents/ros2_ws/RobotAD/install/rslidar_msg/local/lib/python3.10/dist-packages/rslidar_msg/_rslidar_msg_s.ep.rosidl_typesupport_c.c
[0.780s] -- Up-to-date symlink: /home/pengyh/documents/ros2_ws/RobotAD/install/rslidar_msg/local/lib/python3.10/dist-packages/rslidar_msg/_rslidar_msg_s.ep.rosidl_typesupport_fastrtps_c.c
[0.780s] -- Up-to-date symlink: /home/pengyh/documents/ros2_ws/RobotAD/install/rslidar_msg/local/lib/python3.10/dist-packages/rslidar_msg/_rslidar_msg_s.ep.rosidl_typesupport_introspection_c.c
[0.781s] -- Up-to-date symlink: /home/pengyh/documents/ros2_ws/RobotAD/install/rslidar_msg/local/lib/python3.10/dist-packages/rslidar_msg/librslidar_msg__rosidl_generator_py.so
[0.781s] -- Up-to-date symlink: /home/pengyh/documents/ros2_ws/RobotAD/install/rslidar_msg/local/lib/python3.10/dist-packages/rslidar_msg/msg/__init__.py
[0.781s] -- Up-to-date symlink: /home/pengyh/documents/ros2_ws/RobotAD/install/rslidar_msg/local/lib/python3.10/dist-packages/rslidar_msg/msg/_rslidar_packet.py
[0.781s] -- Up-to-date symlink: /home/pengyh/documents/ros2_ws/RobotAD/install/rslidar_msg/local/lib/python3.10/dist-packages/rslidar_msg/msg/_rslidar_packet_s.c
[0.781s] -- Up-to-date symlink: /home/pengyh/documents/ros2_ws/RobotAD/install/rslidar_msg/local/lib/python3.10/dist-packages/rslidar_msg/rslidar_msg_s__rosidl_typesupport_c.cpython-310-x86_64-linux-gnu.so
[0.781s] -- Up-to-date symlink: /home/pengyh/documents/ros2_ws/RobotAD/install/rslidar_msg/local/lib/python3.10/dist-packages/rslidar_msg/rslidar_msg_s__rosidl_typesupport_fastrtps_c.cpython-310-x86_64-linux-gnu.so
[0.781s] -- Up-to-date symlink: /home/pengyh/documents/ros2_ws/RobotAD/install/rslidar_msg/local/lib/python3.10/dist-packages/rslidar_msg/rslidar_msg_s__rosidl_typesupport_introspection_c.cpython-310-x86_64-linux-gnu.so
[0.782s] -- Up-to-date symlink: /home/pengyh/documents/ros2_ws/RobotAD/install/rslidar_msg/local/lib/python3.10/dist-packages/rslidar_msg/rslidar_msg_s__rosidl_typesupport_fastrtps_c.cpython-310-x86_64-linux-gnu.so
[0.782s] -- Up-to-date symlink: /home/pengyh/documents/ros2_ws/RobotAD/install/rslidar_msg/local/lib/python3.10/dist-packages/rslidar_msg/rslidar_msg_s__rosidl_typesupport_introspection_c.cpython-310-x86_64-linux-gnu.so
[0.782s] -- Up-to-date symlink: /home/pengyh/documents/ros2_ws/RobotAD/install/rslidar_msg/local/lib/python3.10/dist-packages/rslidar_msg/rslidar_msg_s__rosidl_typesupport_c.cpython-310-x86_64-linux-gnu.so
[0.783s] -- Up-to-date symlink: /home/pengyh/documents/ros2_ws/RobotAD/install/rslidar_msg/share/rslidar_msg/msg/RslidarPacket.idl
[0.783s] -- Up-to-date symlink: /home/pengyh/documents/ros2_ws/RobotAD/install/rslidar_msg/share/rslidar_msg/msg/RslidarPacket.msg
[0.784s] -- Up-to-date symlink: /home/pengyh/documents/ros2_ws/RobotAD/install/rslidar_msg/share/ament_index/resource_index/package_run_dependencies/rslidar_msg
[0.784s] -- Up-to-date symlink: /home/pengyh/documents/ros2_ws/RobotAD/install/rslidar_msg/share/ament_index/resource_index/parent_prefix_path/rslidar_msg
[0.784s] -- Up-to-date symlink: /home/pengyh/documents/ros2_ws/RobotAD/install/rslidar_msg/share/rslidar_msg/environment/ament_prefix_path.sh
[0.784s] -- Up-to-date symlink: /home/pengyh/documents/ros2_ws/RobotAD/install/rslidar_msg/share/rslidar_msg/environment/ament_prefix_path.dsv
[0.784s] -- Up-to-date symlink: /home/pengyh/documents/ros2_ws/RobotAD/install/rslidar_msg/share/rslidar_msg/environment/path.sh
[0.784s] -- Up-to-date symlink: /home/pengyh/documents/ros2_ws/RobotAD/install/rslidar_msg/share/rslidar_msg/environment/path.dsv
[0.785s] -- Up-to-date symlink: /home/pengyh/documents/ros2_ws/RobotAD/install/rslidar_msg/share/rslidar_msg/local_setup.bash
[0.785s] -- Up-to-date symlink: /home/pengyh/documents/ros2_ws/RobotAD/install/rslidar_msg/share/rslidar_msg/local_setup.sh
[0.785s] -- Up-to-date symlink: /home/pengyh/documents/ros2_ws/RobotAD/install/rslidar_msg/share/rslidar_msg/local_setup.zsh
[0.785s] -- Up-to-date symlink: /home/pengyh/documents/ros2_ws/RobotAD/install/rslidar_msg/share/rslidar_msg/local_setup.dsv
[0.785s] -- Symlinking: /home/pengyh/documents/ros2_ws/RobotAD/install/rslidar_msg/share/rslidar_msg/package.dsv
[0.798s] -- Up-to-date symlink: /home/pengyh/documents/ros2_ws/RobotAD/install/rslidar_msg/share/ament_index/resource_index/packages/rslidar_msg
[0.799s] -- Up-to-date symlink: /home/pengyh/documents/ros2_ws/RobotAD/install/rslidar_msg/share/rslidar_msg/cmake/rosidl_cmake-extras.cmake
[0.799s] -- Up-to-date symlink: /home/pengyh/documents/ros2_ws/RobotAD/install/rslidar_msg/share/rslidar_msg/cmake/ament_cmake_export_dependencies-extras.cmake
[0.799s] -- Up-to-date symlink: /home/pengyh/documents/ros2_ws/RobotAD/install/rslidar_msg/share/rslidar_msg/cmake/ament_cmake_export_include_directories-extras.cmake
[0.799s] -- Up-to-date symlink: /home/pengyh/documents/ros2_ws/RobotAD/install/rslidar_msg/share/rslidar_msg/cmake/ament_cmake_export_libraries-extras.cmake
[0.799s] -- Up-to-date symlink: /home/pengyh/documents/ros2_ws/RobotAD/install/rslidar_msg/share/rslidar_msg/cmake/ament_cmake_export_targets-extras.cmake
[0.799s] -- Up-to-date symlink: /home/pengyh/documents/ros2_ws/RobotAD/install/rslidar_msg/share/rslidar_msg/cmake/rosidl_cmake_export_typesupport_targets-extras.cmake
[0.800s] -- Up-to-date symlink: /home/pengyh/documents/ros2_ws/RobotAD/install/rslidar_msg/share/rslidar_msg/cmake/rosidl_cmake_export_typesupport_libraries-extras.cmake
[0.800s] -- Up-to-date symlink: /home/pengyh/documents/ros2_ws/RobotAD/install/rslidar_msg/share/rslidar_msg/cmake/rslidar_msgConfig.cmake
[0.800s] -- Up-to-date symlink: /home/pengyh/documents/ros2_ws/RobotAD/install/rslidar_msg/share/rslidar_msg/cmake/rslidar_msgConfig-version.cmake
[0.800s] -- Up-to-date symlink: /home/pengyh/documents/ros2_ws/RobotAD/install/rslidar_msg/share/rslidar_msg/package.xml
[0.800s] -- Up-to-date: /home/pengyh/documents/ros2_ws/RobotAD/install/rslidar_msg/lib/librslidar_msg__rosidl_generator_c.so
[0.801s] -- Up-to-date: /home/pengyh/documents/ros2_ws/RobotAD/install/rslidar_msg/lib/librslidar_msg__rosidl_typesupport_fastrtps_c.so
[0.801s] -- Up-to-date: /home/pengyh/documents/ros2_ws/RobotAD/install/rslidar_msg/lib/librslidar_msg__rosidl_typesupport_fastrtps_cpp.so
[0.802s] -- Up-to-date: /home/pengyh/documents/ros2_ws/RobotAD/install/rslidar_msg/lib/librslidar_msg__rosidl_typesupport_introspection_c.so
[0.802s] -- Up-to-date: /home/pengyh/documents/ros2_ws/RobotAD/install/rslidar_msg/lib/librslidar_msg__rosidl_typesupport_c.so
[0.802s] -- Up-to-date: /home/pengyh/documents/ros2_ws/RobotAD/install/rslidar_msg/lib/librslidar_msg__rosidl_typesupport_introspection_cpp.so
[0.802s] -- Up-to-date: /home/pengyh/documents/ros2_ws/RobotAD/install/rslidar_msg/lib/librslidar_msg__rosidl_typesupport_cpp.so
[0.867s] Listing '/home/pengyh/documents/ros2_ws/RobotAD/install/rslidar_msg/local/lib/python3.10/dist-packages/rslidar_msg'...
[0.868s] Listing '/home/pengyh/documents/ros2_ws/RobotAD/install/rslidar_msg/local/lib/python3.10/dist-packages/rslidar_msg/msg'...
[0.877s] -- Up-to-date: /home/pengyh/documents/ros2_ws/RobotAD/install/rslidar_msg/lib/librslidar_msg__rosidl_generator_py.so
[0.877s] -- Up-to-date: /home/pengyh/documents/ros2_ws/RobotAD/install/rslidar_msg/share/rslidar_msg/cmake/export_rslidar_msg__rosidl_generator_cExport.cmake
[0.877s] -- Up-to-date: /home/pengyh/documents/ros2_ws/RobotAD/install/rslidar_msg/share/rslidar_msg/cmake/export_rslidar_msg__rosidl_generator_cExport-noconfig.cmake
[0.877s] -- Up-to-date: /home/pengyh/documents/ros2_ws/RobotAD/install/rslidar_msg/share/rslidar_msg/cmake/export_rslidar_msg__rosidl_typesupport_fastrtps_cExport.cmake
[0.877s] -- Up-to-date: /home/pengyh/documents/ros2_ws/RobotAD/install/rslidar_msg/share/rslidar_msg/cmake/export_rslidar_msg__rosidl_typesupport_fastrtps_cExport-noconfig.cmake
[0.877s] -- Up-to-date: /home/pengyh/documents/ros2_ws/RobotAD/install/rslidar_msg/share/rslidar_msg/cmake/export_rslidar_msg__rosidl_generator_cppExport.cmake
[0.877s] -- Up-to-date: /home/pengyh/documents/ros2_ws/RobotAD/install/rslidar_msg/share/rslidar_msg/cmake/export_rslidar_msg__rosidl_typesupport_fastrtps_cppExport.cmake
[0.878s] -- Up-to-date: /home/pengyh/documents/ros2_ws/RobotAD/install/rslidar_msg/share/rslidar_msg/cmake/export_rslidar_msg__rosidl_typesupport_fastrtps_cppExport-noconfig.cmake
[0.878s] -- Up-to-date: /home/pengyh/documents/ros2_ws/RobotAD/install/rslidar_msg/share/rslidar_msg/cmake/rslidar_msg__rosidl_typesupport_introspection_cExport.cmake
[0.878s] -- Up-to-date: /home/pengyh/documents/ros2_ws/RobotAD/install/rslidar_msg/share/rslidar_msg/cmake/rslidar_msg__rosidl_typesupport_introspection_cExport-noconfig.cmake
[0.878s] -- Up-to-date: /home/pengyh/documents/ros2_ws/RobotAD/install/rslidar_msg/share/rslidar_msg/cmake/rslidar_msg__rosidl_typesupport_cExport.cmake
[0.878s] -- Up-to-date: /home/pengyh/documents/ros2_ws/RobotAD/install/rslidar_msg/share/rslidar_msg/cmake/rslidar_msg__rosidl_typesupport_cExport-noconfig.cmake
[0.878s] -- Up-to-date: /home/pengyh/documents/ros2_ws/RobotAD/install/rslidar_msg/share/rslidar_msg/cmake/rslidar_msg__rosidl_typesupport_introspection_cppExport.cmake
[0.878s] -- Up-to-date: /home/pengyh/documents/ros2_ws/RobotAD/install/rslidar_msg/share/rslidar_msg/cmake/rslidar_msg__rosidl_typesupport_introspection_cppExport-noconfig.cmake
[0.878s] -- Up-to-date: /home/pengyh/documents/ros2_ws/RobotAD/install/rslidar_msg/share/rslidar_msg/cmake/rslidar_msg__rosidl_typesupport_cppExport.cmake
[0.879s] -- Up-to-date: /home/pengyh/documents/ros2_ws/RobotAD/install/rslidar_msg/share/rslidar_msg/cmake/rslidar_msg__rosidl_typesupport_cppExport-noconfig.cmake
[0.879s] -- Up-to-date: /home/pengyh/documents/ros2_ws/RobotAD/install/rslidar_msg/share/rslidar_msg/cmake/export_rslidar_msg__rosidl_generator_pyExport.cmake
[0.879s] -- Up-to-date: /home/pengyh/documents/ros2_ws/RobotAD/install/rslidar_msg/share/rslidar_msg/cmake/export_rslidar_msg__rosidl_generator_pyExport-noconfig.cmake
[0.898s] Invoked command in '/home/pengyh/documents/ros2_ws/RobotAD/build/rslidar_msg' returned '0': CMAKE_PREFIX_PATH=${CMAKE_PREFIX_PATH}:/opt/ros/humble /usr/bin/cmake --install /home/pengyh/documents/ros2_ws/RobotAD/build/rslidar_msg
