-- Install configuration: ""
-- Installing: /home/future/Documents/pengyh/RobotAD_ws/install/robot_locate/share/robot_locate/src
-- Installing: /home/future/Documents/pengyh/RobotAD_ws/install/robot_locate/share/robot_locate/launch
-- Installing: /home/future/Documents/pengyh/RobotAD_ws/install/robot_locate/share/robot_locate/launch/navigation_launch.py
-- Installing: /home/future/Documents/pengyh/RobotAD_ws/install/robot_locate/share/robot_locate/launch/localization_launch.py
-- Installing: /home/future/Documents/pengyh/RobotAD_ws/install/robot_locate/share/robot_locate/launch/robot_test.launch.py
-- Installing: /home/future/Documents/pengyh/RobotAD_ws/install/robot_locate/share/robot_locate/launch/robot_locater.launch.py
-- Installing: /home/future/Documents/pengyh/RobotAD_ws/install/robot_locate/share/robot_locate/launch/online_async_launch.py
-- Installing: /home/future/Documents/pengyh/RobotAD_ws/install/robot_locate/share/robot_locate/launch/__pycache__
-- Installing: /home/future/Documents/pengyh/RobotAD_ws/install/robot_locate/share/robot_locate/launch/__pycache__/robot_locater.launch.cpython-310.pyc
-- Installing: /home/future/Documents/pengyh/RobotAD_ws/install/robot_locate/share/robot_locate/launch/__pycache__/localization_launch.cpython-310.pyc
-- Installing: /home/future/Documents/pengyh/RobotAD_ws/install/robot_locate/share/robot_locate/launch/robot_locate.launch.py
-- Installing: /home/future/Documents/pengyh/RobotAD_ws/install/robot_locate/share/robot_locate/rviz
-- Installing: /home/future/Documents/pengyh/RobotAD_ws/install/robot_locate/share/robot_locate/rviz/urdf_config.rviz.bak
-- Installing: /home/future/Documents/pengyh/RobotAD_ws/install/robot_locate/share/robot_locate/rviz/urdf_config.rviz
-- Installing: /home/future/Documents/pengyh/RobotAD_ws/install/robot_locate/share/robot_locate/config
-- Installing: /home/future/Documents/pengyh/RobotAD_ws/install/robot_locate/share/robot_locate/config/beifen.yaml
-- Installing: /home/future/Documents/pengyh/RobotAD_ws/install/robot_locate/share/robot_locate/config/twist_mux.yaml
-- Installing: /home/future/Documents/pengyh/RobotAD_ws/install/robot_locate/share/robot_locate/config/mapper_params_online_async.yaml
-- Installing: /home/future/Documents/pengyh/RobotAD_ws/install/robot_locate/share/robot_locate/config/ekf.yaml
-- Installing: /home/future/Documents/pengyh/RobotAD_ws/install/robot_locate/share/robot_locate/config/old
-- Installing: /home/future/Documents/pengyh/RobotAD_ws/install/robot_locate/share/robot_locate/config/old/ekf.yaml.bak
-- Installing: /home/future/Documents/pengyh/RobotAD_ws/install/robot_locate/share/robot_locate/config/old/nav2_params_q.yaml
-- Installing: /home/future/Documents/pengyh/RobotAD_ws/install/robot_locate/share/robot_locate/config/old/new.yaml
-- Installing: /home/future/Documents/pengyh/RobotAD_ws/install/robot_locate/share/robot_locate/config/old/nav2_params_origal.yaml
-- Installing: /home/future/Documents/pengyh/RobotAD_ws/install/robot_locate/share/robot_locate/config/old/nav2_params (copy).yaml
-- Installing: /home/future/Documents/pengyh/RobotAD_ws/install/robot_locate/share/robot_locate/config/nav2_params.yaml
-- Installing: /home/future/Documents/pengyh/RobotAD_ws/install/robot_locate/share/robot_locate/world
-- Installing: /home/future/Documents/pengyh/RobotAD_ws/install/robot_locate/share/robot_locate/world/my_world.sdf
-- Installing: /home/future/Documents/pengyh/RobotAD_ws/install/robot_locate/share/ament_index/resource_index/package_run_dependencies/robot_locate
-- Installing: /home/future/Documents/pengyh/RobotAD_ws/install/robot_locate/share/ament_index/resource_index/parent_prefix_path/robot_locate
-- Installing: /home/future/Documents/pengyh/RobotAD_ws/install/robot_locate/share/robot_locate/environment/ament_prefix_path.sh
-- Installing: /home/future/Documents/pengyh/RobotAD_ws/install/robot_locate/share/robot_locate/environment/ament_prefix_path.dsv
-- Installing: /home/future/Documents/pengyh/RobotAD_ws/install/robot_locate/share/robot_locate/environment/path.sh
-- Installing: /home/future/Documents/pengyh/RobotAD_ws/install/robot_locate/share/robot_locate/environment/path.dsv
-- Installing: /home/future/Documents/pengyh/RobotAD_ws/install/robot_locate/share/robot_locate/local_setup.bash
-- Installing: /home/future/Documents/pengyh/RobotAD_ws/install/robot_locate/share/robot_locate/local_setup.sh
-- Installing: /home/future/Documents/pengyh/RobotAD_ws/install/robot_locate/share/robot_locate/local_setup.zsh
-- Installing: /home/future/Documents/pengyh/RobotAD_ws/install/robot_locate/share/robot_locate/local_setup.dsv
-- Installing: /home/future/Documents/pengyh/RobotAD_ws/install/robot_locate/share/robot_locate/package.dsv
-- Installing: /home/future/Documents/pengyh/RobotAD_ws/install/robot_locate/share/ament_index/resource_index/packages/robot_locate
-- Installing: /home/future/Documents/pengyh/RobotAD_ws/install/robot_locate/share/robot_locate/cmake/robot_locateConfig.cmake
-- Installing: /home/future/Documents/pengyh/RobotAD_ws/install/robot_locate/share/robot_locate/cmake/robot_locateConfig-version.cmake
-- Installing: /home/future/Documents/pengyh/RobotAD_ws/install/robot_locate/share/robot_locate/package.xml
