[0.016s] Invoking command in '/home/pengyh/documents/ros2_ws/RobotAD/build/rslidar_sdk': CMAKE_PREFIX_PATH=/home/pengyh/documents/ros2_ws/RobotAD/install/rslidar_msg:/home/pengyh/documents/ros2_ws/RobotAD/install/usb_camera:/home/pengyh/documents/ros2_ws/RobotAD/install/serial_comm:/home/pengyh/documents/ros2_ws/RobotAD/install/rslidar_sdk:/home/pengyh/documents/ros2_ws/RobotAD/install/robot_locate:/home/pengyh/documents/ros2_ws/RobotAD/install/robot_hardware:/home/pengyh/documents/ros2_ws/RobotAD/install/pointcloud_to_laserscan:/home/pengyh/documents/ros2_ws/RobotAD/install/nuscenes_data_collector:/home/pengyh/documents/ros2_ws/RobotAD/install/miiboo_imu:/home/pengyh/documents/ros2_ws/RobotAD/install/keyboard_control:/home/pengyh/documents/ros2_ws/RobotAD/install/diff_control:/opt/ros/humble /usr/bin/cmake /home/pengyh/documents/ros2_ws/RobotAD/src/rslidar_sdk -DCMAKE_INSTALL_PREFIX=/home/pengyh/documents/ros2_ws/RobotAD/install/rslidar_sdk
[0.029s] [0m=============================================================[0m
[0.029s] [0m-- POINT_TYPE is XYZI[0m
[0.029s] [0m=============================================================[0m
[0.043s] [0m=============================================================[0m
[0.043s] [0m-- ROS Not Found. ROS Support is turned Off.[0m
[0.043s] [0m=============================================================[0m
[0.196s] -- Override CMake install command with custom implementation using symlinks instead of copying resources
[0.240s] -- Found rosidl_generator_c: 3.1.6 (/opt/ros/humble/share/rosidl_generator_c/cmake)
[0.242s] -- Found rosidl_adapter: 3.1.6 (/opt/ros/humble/share/rosidl_adapter/cmake)
[0.249s] -- Found rosidl_generator_cpp: 3.1.6 (/opt/ros/humble/share/rosidl_generator_cpp/cmake)
[0.268s] -- Using all available rosidl_typesupport_c: rosidl_typesupport_fastrtps_c;rosidl_typesupport_introspection_c
[0.297s] -- Using all available rosidl_typesupport_cpp: rosidl_typesupport_fastrtps_cpp;rosidl_typesupport_introspection_cpp
[0.343s] -- Found rmw_implementation_cmake: 6.1.2 (/opt/ros/humble/share/rmw_implementation_cmake/cmake)
[0.345s] -- Found rmw_cyclonedds_cpp: 1.3.4 (/opt/ros/humble/share/rmw_cyclonedds_cpp/cmake)
[0.365s] -- Using RMW implementation 'rmw_cyclonedds_cpp' as default
[0.426s] [0m=============================================================[0m
[0.426s] [0m-- ROS2 Found. ROS2 Support is turned On.[0m
[0.426s] [0m=============================================================[0m
[0.427s] -- Found sensor_msgs: 4.2.4 (/opt/ros/humble/share/sensor_msgs/cmake)
[0.459s] -- Found rslidar_msg: 0.0.0 (/home/pengyh/documents/ros2_ws/RobotAD/install/rslidar_msg/share/rslidar_msg/cmake)
[0.479s] [0m=============================================================[0m
[0.479s] [0m-- CMake run for UNIX GNU Compiler[0m
[0.479s] [0m=============================================================[0m
[0.481s] [0m=============================================================[0m
[0.481s] [0m-- rs_driver Version : v1.5.10[0m
[0.482s] [0m=============================================================[0m
[0.567s] -- Configuring done
[0.580s] -- Generating done
[0.584s] -- Build files have been written to: /home/pengyh/documents/ros2_ws/RobotAD/build/rslidar_sdk
[0.591s] Invoked command in '/home/pengyh/documents/ros2_ws/RobotAD/build/rslidar_sdk' returned '0': CMAKE_PREFIX_PATH=/home/pengyh/documents/ros2_ws/RobotAD/install/rslidar_msg:/home/pengyh/documents/ros2_ws/RobotAD/install/usb_camera:/home/pengyh/documents/ros2_ws/RobotAD/install/serial_comm:/home/pengyh/documents/ros2_ws/RobotAD/install/rslidar_sdk:/home/pengyh/documents/ros2_ws/RobotAD/install/robot_locate:/home/pengyh/documents/ros2_ws/RobotAD/install/robot_hardware:/home/pengyh/documents/ros2_ws/RobotAD/install/pointcloud_to_laserscan:/home/pengyh/documents/ros2_ws/RobotAD/install/nuscenes_data_collector:/home/pengyh/documents/ros2_ws/RobotAD/install/miiboo_imu:/home/pengyh/documents/ros2_ws/RobotAD/install/keyboard_control:/home/pengyh/documents/ros2_ws/RobotAD/install/diff_control:/opt/ros/humble /usr/bin/cmake /home/pengyh/documents/ros2_ws/RobotAD/src/rslidar_sdk -DCMAKE_INSTALL_PREFIX=/home/pengyh/documents/ros2_ws/RobotAD/install/rslidar_sdk
[0.593s] Invoking command in '/home/pengyh/documents/ros2_ws/RobotAD/build/rslidar_sdk': CMAKE_PREFIX_PATH=/home/pengyh/documents/ros2_ws/RobotAD/install/rslidar_msg:/home/pengyh/documents/ros2_ws/RobotAD/install/usb_camera:/home/pengyh/documents/ros2_ws/RobotAD/install/serial_comm:/home/pengyh/documents/ros2_ws/RobotAD/install/rslidar_sdk:/home/pengyh/documents/ros2_ws/RobotAD/install/robot_locate:/home/pengyh/documents/ros2_ws/RobotAD/install/robot_hardware:/home/pengyh/documents/ros2_ws/RobotAD/install/pointcloud_to_laserscan:/home/pengyh/documents/ros2_ws/RobotAD/install/nuscenes_data_collector:/home/pengyh/documents/ros2_ws/RobotAD/install/miiboo_imu:/home/pengyh/documents/ros2_ws/RobotAD/install/keyboard_control:/home/pengyh/documents/ros2_ws/RobotAD/install/diff_control:/opt/ros/humble /usr/bin/cmake --build /home/pengyh/documents/ros2_ws/RobotAD/build/rslidar_sdk -- -j24 -l24
[0.649s] [35m[1mConsolidate compiler generated dependencies of target rslidar_sdk_node[0m
[0.679s] [100%] Built target rslidar_sdk_node
[0.697s] Invoked command in '/home/pengyh/documents/ros2_ws/RobotAD/build/rslidar_sdk' returned '0': CMAKE_PREFIX_PATH=/home/pengyh/documents/ros2_ws/RobotAD/install/rslidar_msg:/home/pengyh/documents/ros2_ws/RobotAD/install/usb_camera:/home/pengyh/documents/ros2_ws/RobotAD/install/serial_comm:/home/pengyh/documents/ros2_ws/RobotAD/install/rslidar_sdk:/home/pengyh/documents/ros2_ws/RobotAD/install/robot_locate:/home/pengyh/documents/ros2_ws/RobotAD/install/robot_hardware:/home/pengyh/documents/ros2_ws/RobotAD/install/pointcloud_to_laserscan:/home/pengyh/documents/ros2_ws/RobotAD/install/nuscenes_data_collector:/home/pengyh/documents/ros2_ws/RobotAD/install/miiboo_imu:/home/pengyh/documents/ros2_ws/RobotAD/install/keyboard_control:/home/pengyh/documents/ros2_ws/RobotAD/install/diff_control:/opt/ros/humble /usr/bin/cmake --build /home/pengyh/documents/ros2_ws/RobotAD/build/rslidar_sdk -- -j24 -l24
[0.700s] Invoking command in '/home/pengyh/documents/ros2_ws/RobotAD/build/rslidar_sdk': CMAKE_PREFIX_PATH=/home/pengyh/documents/ros2_ws/RobotAD/install/rslidar_msg:/home/pengyh/documents/ros2_ws/RobotAD/install/usb_camera:/home/pengyh/documents/ros2_ws/RobotAD/install/serial_comm:/home/pengyh/documents/ros2_ws/RobotAD/install/rslidar_sdk:/home/pengyh/documents/ros2_ws/RobotAD/install/robot_locate:/home/pengyh/documents/ros2_ws/RobotAD/install/robot_hardware:/home/pengyh/documents/ros2_ws/RobotAD/install/pointcloud_to_laserscan:/home/pengyh/documents/ros2_ws/RobotAD/install/nuscenes_data_collector:/home/pengyh/documents/ros2_ws/RobotAD/install/miiboo_imu:/home/pengyh/documents/ros2_ws/RobotAD/install/keyboard_control:/home/pengyh/documents/ros2_ws/RobotAD/install/diff_control:/opt/ros/humble /usr/bin/cmake --install /home/pengyh/documents/ros2_ws/RobotAD/build/rslidar_sdk
[0.707s] -- Install configuration: "Release"
[0.707s] -- Execute custom install script
[0.708s] -- Up-to-date symlink: /home/pengyh/documents/ros2_ws/RobotAD/install/rslidar_sdk/lib/rslidar_sdk/rslidar_sdk_node
[0.708s] -- Up-to-date symlink: /home/pengyh/documents/ros2_ws/RobotAD/install/rslidar_sdk/share/rslidar_sdk/launch/elequent_start.py
[0.708s] -- Up-to-date symlink: /home/pengyh/documents/ros2_ws/RobotAD/install/rslidar_sdk/share/rslidar_sdk/launch/start.launch
[0.708s] -- Up-to-date symlink: /home/pengyh/documents/ros2_ws/RobotAD/install/rslidar_sdk/share/rslidar_sdk/launch/start.py
[0.708s] -- Up-to-date symlink: /home/pengyh/documents/ros2_ws/RobotAD/install/rslidar_sdk/share/rslidar_sdk/rviz/rviz.rviz
[0.708s] -- Up-to-date symlink: /home/pengyh/documents/ros2_ws/RobotAD/install/rslidar_sdk/share/rslidar_sdk/rviz/rviz2.rviz
[0.709s] -- Up-to-date symlink: /home/pengyh/documents/ros2_ws/RobotAD/install/rslidar_sdk/share/ament_index/resource_index/package_run_dependencies/rslidar_sdk
[0.709s] -- Up-to-date symlink: /home/pengyh/documents/ros2_ws/RobotAD/install/rslidar_sdk/share/ament_index/resource_index/parent_prefix_path/rslidar_sdk
[0.710s] -- Up-to-date symlink: /home/pengyh/documents/ros2_ws/RobotAD/install/rslidar_sdk/share/rslidar_sdk/environment/ament_prefix_path.sh
[0.710s] -- Up-to-date symlink: /home/pengyh/documents/ros2_ws/RobotAD/install/rslidar_sdk/share/rslidar_sdk/environment/ament_prefix_path.dsv
[0.710s] -- Up-to-date symlink: /home/pengyh/documents/ros2_ws/RobotAD/install/rslidar_sdk/share/rslidar_sdk/environment/path.sh
[0.710s] -- Up-to-date symlink: /home/pengyh/documents/ros2_ws/RobotAD/install/rslidar_sdk/share/rslidar_sdk/environment/path.dsv
[0.710s] -- Up-to-date symlink: /home/pengyh/documents/ros2_ws/RobotAD/install/rslidar_sdk/share/rslidar_sdk/local_setup.bash
[0.711s] -- Up-to-date symlink: /home/pengyh/documents/ros2_ws/RobotAD/install/rslidar_sdk/share/rslidar_sdk/local_setup.sh
[0.711s] -- Up-to-date symlink: /home/pengyh/documents/ros2_ws/RobotAD/install/rslidar_sdk/share/rslidar_sdk/local_setup.zsh
[0.711s] -- Up-to-date symlink: /home/pengyh/documents/ros2_ws/RobotAD/install/rslidar_sdk/share/rslidar_sdk/local_setup.dsv
[0.711s] -- Symlinking: /home/pengyh/documents/ros2_ws/RobotAD/install/rslidar_sdk/share/rslidar_sdk/package.dsv
[0.721s] -- Up-to-date symlink: /home/pengyh/documents/ros2_ws/RobotAD/install/rslidar_sdk/share/ament_index/resource_index/packages/rslidar_sdk
[0.721s] -- Up-to-date symlink: /home/pengyh/documents/ros2_ws/RobotAD/install/rslidar_sdk/share/rslidar_sdk/cmake/rslidar_sdkConfig.cmake
[0.721s] -- Up-to-date symlink: /home/pengyh/documents/ros2_ws/RobotAD/install/rslidar_sdk/share/rslidar_sdk/cmake/rslidar_sdkConfig-version.cmake
[0.721s] -- Up-to-date symlink: /home/pengyh/documents/ros2_ws/RobotAD/install/rslidar_sdk/share/rslidar_sdk/package.xml
[0.746s] Invoked command in '/home/pengyh/documents/ros2_ws/RobotAD/build/rslidar_sdk' returned '0': CMAKE_PREFIX_PATH=/home/pengyh/documents/ros2_ws/RobotAD/install/rslidar_msg:/home/pengyh/documents/ros2_ws/RobotAD/install/usb_camera:/home/pengyh/documents/ros2_ws/RobotAD/install/serial_comm:/home/pengyh/documents/ros2_ws/RobotAD/install/rslidar_sdk:/home/pengyh/documents/ros2_ws/RobotAD/install/robot_locate:/home/pengyh/documents/ros2_ws/RobotAD/install/robot_hardware:/home/pengyh/documents/ros2_ws/RobotAD/install/pointcloud_to_laserscan:/home/pengyh/documents/ros2_ws/RobotAD/install/nuscenes_data_collector:/home/pengyh/documents/ros2_ws/RobotAD/install/miiboo_imu:/home/pengyh/documents/ros2_ws/RobotAD/install/keyboard_control:/home/pengyh/documents/ros2_ws/RobotAD/install/diff_control:/opt/ros/humble /usr/bin/cmake --install /home/pengyh/documents/ros2_ws/RobotAD/build/rslidar_sdk
