[0.025s] Invoking command in '/home/future/Documents/pengyh/RobotAD_ws/build/diff_control': CMAKE_PREFIX_PATH=${CMAKE_PREFIX_PATH}:/opt/ros/humble /usr/bin/cmake --build /home/future/Documents/pengyh/RobotAD_ws/build/diff_control -- -j24 -l24
[0.037s] -- Found ament_cmake: 1.3.10 (/opt/ros/humble/share/ament_cmake/cmake)
[0.142s] -- Found hardware_interface: 2.43.1 (/opt/ros/humble/share/hardware_interface/cmake)
[0.160s] -- Found rosidl_generator_c: 3.1.5 (/opt/ros/humble/share/rosidl_generator_c/cmake)
[0.164s] -- Found rosidl_adapter: 3.1.5 (/opt/ros/humble/share/rosidl_adapter/cmake)
[0.166s] -- Found rosidl_generator_cpp: 3.1.5 (/opt/ros/humble/share/rosidl_generator_cpp/cmake)
[0.172s] -- Using all available rosidl_typesupport_c: rosidl_typesupport_fastrtps_c;rosidl_typesupport_introspection_c
[0.179s] -- Using all available rosidl_typesupport_cpp: rosidl_typesupport_fastrtps_cpp;rosidl_typesupport_introspection_cpp
[0.276s] -- Found rmw_implementation_cmake: 6.1.2 (/opt/ros/humble/share/rmw_implementation_cmake/cmake)
[0.277s] -- Found rmw_fastrtps_cpp: 6.2.7 (/opt/ros/humble/share/rmw_fastrtps_cpp/cmake)
[0.288s] -- Found TinyXML2 via Config file: TinyXML2_DIR-NOTFOUND
[0.294s] -- Found TinyXML2 via Config file: TinyXML2_DIR-NOTFOUND
[0.305s] -- Found TinyXML2 via Config file: TinyXML2_DIR-NOTFOUND
[0.310s] -- Found TinyXML2 via Config file: TinyXML2_DIR-NOTFOUND
[0.320s] -- Using RMW implementation 'rmw_fastrtps_cpp' as default
[0.350s] -- Found rclcpp_components: 16.0.10 (/opt/ros/humble/share/rclcpp_components/cmake)
[0.363s] -- Found robot_hardware: 0.0.1 (/home/future/Documents/pengyh/RobotAD_ws/install/robot_hardware/share/robot_hardware/cmake)
[0.377s] -- Found ament_cmake_pytest: 1.3.10 (/opt/ros/humble/share/ament_cmake_pytest/cmake)
[0.794s] -- Configuring done
[0.797s] [31mCMake Error at CMakeLists.txt:77 (add_executable):
[0.797s]   Cannot find source file:
[0.797s] 
[0.797s]     src/serial_bridge_node.cpp
[0.797s] 
[0.797s]   Tried extensions .c .C .c++ .cc .cpp .cxx .cu .mpp .m .M .mm .ixx .cppm .h
[0.797s]   .hh .h++ .hm .hpp .hxx .in .txx .f .F .for .f77 .f90 .f95 .f03 .hip .ispc
[0.797s] 
[0.797s] [0m
[0.798s] [31mCMake Error at CMakeLists.txt:77 (add_executable):
[0.798s]   No SOURCES given to target: serial_bridge_node
[0.798s] 
[0.798s] [0m
[0.798s] [0mCMake Generate step failed.  Build files cannot be regenerated correctly.[0m
[0.803s] gmake: *** [Makefile:267: cmake_check_build_system] Error 1
[0.804s] Invoked command in '/home/future/Documents/pengyh/RobotAD_ws/build/diff_control' returned '2': CMAKE_PREFIX_PATH=${CMAKE_PREFIX_PATH}:/opt/ros/humble /usr/bin/cmake --build /home/future/Documents/pengyh/RobotAD_ws/build/diff_control -- -j24 -l24
