[0.024s] Invoking command in '/home/future/Documents/pengyh/RobotAD_ws/build/robot_hardware': CMAKE_PREFIX_PATH=${CMAKE_PREFIX_PATH}:/opt/ros/humble /usr/bin/cmake --build /home/future/Documents/pengyh/RobotAD_ws/build/robot_hardware -- -j24 -l24
[0.057s] [  9%] Built target robot_hardware__rosidl_generator_c
[0.059s] [ 12%] Built target robot_hardware__cpp
[0.063s] [ 12%] Built target ament_cmake_python_copy_robot_hardware
[0.077s] [ 21%] Built target robot_hardware__rosidl_typesupport_introspection_c
[0.077s] [ 31%] Built target robot_hardware__rosidl_typesupport_c
[0.077s] [ 41%] Built target robot_hardware__rosidl_typesupport_cpp
[0.078s] [ 51%] Built target robot_hardware__rosidl_typesupport_fastrtps_c
[0.079s] [ 70%] Built target robot_hardware__rosidl_typesupport_introspection_cpp
[0.079s] [ 70%] Built target robot_hardware__rosidl_typesupport_fastrtps_cpp
[0.091s] [ 70%] Built target robot_hardware
[0.096s] [ 75%] Built target hardware_manager
[0.108s] [ 78%] Built target robot_hardware__py
[0.121s] [ 85%] Built target robot_hardware__rosidl_generator_py
[0.137s] [ 90%] Built target robot_hardware__rosidl_typesupport_fastrtps_c__pyext
[0.138s] [ 95%] Built target robot_hardware__rosidl_typesupport_c__pyext
[0.138s] [100%] Built target robot_hardware__rosidl_typesupport_introspection_c__pyext
[0.247s] running egg_info
[0.248s] writing robot_hardware.egg-info/PKG-INFO
[0.248s] writing dependency_links to robot_hardware.egg-info/dependency_links.txt
[0.248s] writing top-level names to robot_hardware.egg-info/top_level.txt
[0.250s] reading manifest file 'robot_hardware.egg-info/SOURCES.txt'
[0.250s] writing manifest file 'robot_hardware.egg-info/SOURCES.txt'
[0.269s] [100%] Built target ament_cmake_python_build_robot_hardware_egg
