[0.019s] Invoking command in '/home/pengyh/documents/ros2_ws/RobotAD/build/robot_locate': CMAKE_PREFIX_PATH=${CMAKE_PREFIX_PATH}:/opt/ros/humble /usr/bin/cmake /home/pengyh/documents/ros2_ws/RobotAD/src/robot_locate -DCMAKE_INSTALL_PREFIX=/home/pengyh/documents/ros2_ws/RobotAD/install/robot_locate
[0.025s] -- Found ament_cmake: 1.3.11 (/opt/ros/humble/share/ament_cmake/cmake)
[0.108s] -- Override CMake install command with custom implementation using symlinks instead of copying resources
[0.115s] -- Found geometry_msgs: 4.2.4 (/opt/ros/humble/share/geometry_msgs/cmake)
[0.133s] -- Found rosidl_generator_c: 3.1.6 (/opt/ros/humble/share/rosidl_generator_c/cmake)
[0.135s] -- Found rosidl_adapter: 3.1.6 (/opt/ros/humble/share/rosidl_adapter/cmake)
[0.138s] -- Found rosidl_generator_cpp: 3.1.6 (/opt/ros/humble/share/rosidl_generator_cpp/cmake)
[0.145s] -- Using all available rosidl_typesupport_c: rosidl_typesupport_fastrtps_c;rosidl_typesupport_introspection_c
[0.156s] -- Using all available rosidl_typesupport_cpp: rosidl_typesupport_fastrtps_cpp;rosidl_typesupport_introspection_cpp
[0.184s] -- Found rclcpp: 16.0.11 (/opt/ros/humble/share/rclcpp/cmake)
[0.206s] -- Found rmw_implementation_cmake: 6.1.2 (/opt/ros/humble/share/rmw_implementation_cmake/cmake)
[0.210s] -- Found rmw_cyclonedds_cpp: 1.3.4 (/opt/ros/humble/share/rmw_cyclonedds_cpp/cmake)
[0.228s] -- Using RMW implementation 'rmw_cyclonedds_cpp' as default
[0.251s] -- Found tf2: 0.25.9 (/opt/ros/humble/share/tf2/cmake)
[0.255s] -- Found tf2_ros: 0.25.9 (/opt/ros/humble/share/tf2_ros/cmake)
[0.319s] -- Found turtlesim: 1.4.2 (/opt/ros/humble/share/turtlesim/cmake)
[0.330s] -- Found ament_lint_auto: 0.12.11 (/opt/ros/humble/share/ament_lint_auto/cmake)
[0.379s] -- Added test 'flake8' to check Python code syntax and style conventions
[0.380s] -- Added test 'lint_cmake' to check CMake code style
[0.380s] -- Added test 'pep257' to check Python code against some of the docstring style conventions in PEP 257
[0.381s] -- Added test 'xmllint' to check XML markup files
[0.382s] -- Configuring done
[0.386s] -- Generating done
[0.387s] -- Build files have been written to: /home/pengyh/documents/ros2_ws/RobotAD/build/robot_locate
[0.392s] Invoked command in '/home/pengyh/documents/ros2_ws/RobotAD/build/robot_locate' returned '0': CMAKE_PREFIX_PATH=${CMAKE_PREFIX_PATH}:/opt/ros/humble /usr/bin/cmake /home/pengyh/documents/ros2_ws/RobotAD/src/robot_locate -DCMAKE_INSTALL_PREFIX=/home/pengyh/documents/ros2_ws/RobotAD/install/robot_locate
[0.392s] Invoking command in '/home/pengyh/documents/ros2_ws/RobotAD/build/robot_locate': CMAKE_PREFIX_PATH=${CMAKE_PREFIX_PATH}:/opt/ros/humble /usr/bin/cmake --build /home/pengyh/documents/ros2_ws/RobotAD/build/robot_locate -- -j24 -l24
[0.429s] Invoked command in '/home/pengyh/documents/ros2_ws/RobotAD/build/robot_locate' returned '0': CMAKE_PREFIX_PATH=${CMAKE_PREFIX_PATH}:/opt/ros/humble /usr/bin/cmake --build /home/pengyh/documents/ros2_ws/RobotAD/build/robot_locate -- -j24 -l24
[0.430s] Invoking command in '/home/pengyh/documents/ros2_ws/RobotAD/build/robot_locate': CMAKE_PREFIX_PATH=${CMAKE_PREFIX_PATH}:/opt/ros/humble /usr/bin/cmake --install /home/pengyh/documents/ros2_ws/RobotAD/build/robot_locate
[0.436s] -- Install configuration: ""
[0.437s] -- Execute custom install script
[0.437s] -- Up-to-date symlink: /home/pengyh/documents/ros2_ws/RobotAD/install/robot_locate/share/robot_locate/launch/__pycache__/localization_launch.cpython-310.pyc
[0.437s] -- Symlinking: /home/pengyh/documents/ros2_ws/RobotAD/install/robot_locate/share/robot_locate/launch/__pycache__/robot_locater.launch.cpython-310.pyc
[0.443s] -- Up-to-date symlink: /home/pengyh/documents/ros2_ws/RobotAD/install/robot_locate/share/robot_locate/launch/localization_launch.py
[0.443s] -- Up-to-date symlink: /home/pengyh/documents/ros2_ws/RobotAD/install/robot_locate/share/robot_locate/launch/navigation_launch.py
[0.444s] -- Up-to-date symlink: /home/pengyh/documents/ros2_ws/RobotAD/install/robot_locate/share/robot_locate/launch/online_async_launch.py
[0.444s] -- Up-to-date symlink: /home/pengyh/documents/ros2_ws/RobotAD/install/robot_locate/share/robot_locate/launch/robot_locate.launch.py
[0.444s] -- Up-to-date symlink: /home/pengyh/documents/ros2_ws/RobotAD/install/robot_locate/share/robot_locate/launch/robot_locater.launch.py
[0.444s] -- Up-to-date symlink: /home/pengyh/documents/ros2_ws/RobotAD/install/robot_locate/share/robot_locate/launch/robot_test.launch.py
[0.444s] -- Up-to-date symlink: /home/pengyh/documents/ros2_ws/RobotAD/install/robot_locate/share/robot_locate/rviz/urdf_config.rviz
[0.444s] -- Up-to-date symlink: /home/pengyh/documents/ros2_ws/RobotAD/install/robot_locate/share/robot_locate/rviz/urdf_config.rviz.bak
[0.444s] -- Up-to-date symlink: /home/pengyh/documents/ros2_ws/RobotAD/install/robot_locate/share/robot_locate/config/beifen.yaml
[0.444s] -- Up-to-date symlink: /home/pengyh/documents/ros2_ws/RobotAD/install/robot_locate/share/robot_locate/config/ekf.yaml
[0.444s] -- Up-to-date symlink: /home/pengyh/documents/ros2_ws/RobotAD/install/robot_locate/share/robot_locate/config/mapper_params_online_async.yaml
[0.445s] -- Up-to-date symlink: /home/pengyh/documents/ros2_ws/RobotAD/install/robot_locate/share/robot_locate/config/nav2_params.yaml
[0.445s] -- Up-to-date symlink: /home/pengyh/documents/ros2_ws/RobotAD/install/robot_locate/share/robot_locate/config/old/ekf.yaml.bak
[0.445s] -- Up-to-date symlink: /home/pengyh/documents/ros2_ws/RobotAD/install/robot_locate/share/robot_locate/config/old/nav2_params (copy).yaml
[0.445s] -- Up-to-date symlink: /home/pengyh/documents/ros2_ws/RobotAD/install/robot_locate/share/robot_locate/config/old/nav2_params_origal.yaml
[0.445s] -- Up-to-date symlink: /home/pengyh/documents/ros2_ws/RobotAD/install/robot_locate/share/robot_locate/config/old/nav2_params_q.yaml
[0.445s] -- Up-to-date symlink: /home/pengyh/documents/ros2_ws/RobotAD/install/robot_locate/share/robot_locate/config/old/new.yaml
[0.445s] -- Up-to-date symlink: /home/pengyh/documents/ros2_ws/RobotAD/install/robot_locate/share/robot_locate/config/twist_mux.yaml
[0.445s] -- Up-to-date symlink: /home/pengyh/documents/ros2_ws/RobotAD/install/robot_locate/share/robot_locate/world/my_world.sdf
[0.446s] -- Up-to-date symlink: /home/pengyh/documents/ros2_ws/RobotAD/install/robot_locate/share/ament_index/resource_index/package_run_dependencies/robot_locate
[0.446s] -- Up-to-date symlink: /home/pengyh/documents/ros2_ws/RobotAD/install/robot_locate/share/ament_index/resource_index/parent_prefix_path/robot_locate
[0.446s] -- Up-to-date symlink: /home/pengyh/documents/ros2_ws/RobotAD/install/robot_locate/share/robot_locate/environment/ament_prefix_path.sh
[0.446s] -- Up-to-date symlink: /home/pengyh/documents/ros2_ws/RobotAD/install/robot_locate/share/robot_locate/environment/ament_prefix_path.dsv
[0.446s] -- Up-to-date symlink: /home/pengyh/documents/ros2_ws/RobotAD/install/robot_locate/share/robot_locate/environment/path.sh
[0.446s] -- Up-to-date symlink: /home/pengyh/documents/ros2_ws/RobotAD/install/robot_locate/share/robot_locate/environment/path.dsv
[0.447s] -- Up-to-date symlink: /home/pengyh/documents/ros2_ws/RobotAD/install/robot_locate/share/robot_locate/local_setup.bash
[0.447s] -- Up-to-date symlink: /home/pengyh/documents/ros2_ws/RobotAD/install/robot_locate/share/robot_locate/local_setup.sh
[0.447s] -- Up-to-date symlink: /home/pengyh/documents/ros2_ws/RobotAD/install/robot_locate/share/robot_locate/local_setup.zsh
[0.447s] -- Up-to-date symlink: /home/pengyh/documents/ros2_ws/RobotAD/install/robot_locate/share/robot_locate/local_setup.dsv
[0.447s] -- Symlinking: /home/pengyh/documents/ros2_ws/RobotAD/install/robot_locate/share/robot_locate/package.dsv
[0.453s] -- Up-to-date symlink: /home/pengyh/documents/ros2_ws/RobotAD/install/robot_locate/share/ament_index/resource_index/packages/robot_locate
[0.453s] -- Up-to-date symlink: /home/pengyh/documents/ros2_ws/RobotAD/install/robot_locate/share/robot_locate/cmake/robot_locateConfig.cmake
[0.453s] -- Up-to-date symlink: /home/pengyh/documents/ros2_ws/RobotAD/install/robot_locate/share/robot_locate/cmake/robot_locateConfig-version.cmake
[0.453s] -- Up-to-date symlink: /home/pengyh/documents/ros2_ws/RobotAD/install/robot_locate/share/robot_locate/package.xml
[0.457s] Invoked command in '/home/pengyh/documents/ros2_ws/RobotAD/build/robot_locate' returned '0': CMAKE_PREFIX_PATH=${CMAKE_PREFIX_PATH}:/opt/ros/humble /usr/bin/cmake --install /home/pengyh/documents/ros2_ws/RobotAD/build/robot_locate
