[0.022s] Invoking command in '/home/future/Documents/pengyh/RobotAD_ws/build/rslidar_msg': CMAKE_PREFIX_PATH=${CMAKE_PREFIX_PATH}:/opt/ros/humble /usr/bin/cmake --build /home/future/Documents/pengyh/RobotAD_ws/build/rslidar_msg -- -j24 -l24
[0.053s] [  3%] Built target rslidar_msg__cpp
[0.055s] [ 12%] Built target rslidar_msg__rosidl_generator_c
[0.059s] [ 12%] Built target ament_cmake_python_copy_rslidar_msg
[0.073s] [ 22%] Built target rslidar_msg__rosidl_typesupport_fastrtps_cpp
[0.073s] [ 32%] Built target rslidar_msg__rosidl_typesupport_introspection_c
[0.073s] [ 48%] Built target rslidar_msg__rosidl_typesupport_cpp
[0.073s] [ 51%] Built target rslidar_msg__rosidl_typesupport_c
[0.073s] [ 61%] Built target rslidar_msg__rosidl_typesupport_introspection_cpp
[0.076s] [ 70%] Built target rslidar_msg__rosidl_typesupport_fastrtps_c
[0.089s] [ 70%] Built target rslidar_msg
[0.102s] [ 74%] Built target rslidar_msg__py
[0.118s] [ 80%] Built target rslidar_msg__rosidl_generator_py
[0.133s] [ 87%] Built target rslidar_msg__rosidl_typesupport_fastrtps_c__pyext
[0.135s] [ 93%] Built target rslidar_msg__rosidl_typesupport_introspection_c__pyext
[0.137s] [100%] Built target rslidar_msg__rosidl_typesupport_c__pyext
[0.241s] running egg_info
[0.242s] writing rslidar_msg.egg-info/PKG-INFO
[0.242s] writing dependency_links to rslidar_msg.egg-info/dependency_links.txt
[0.242s] writing top-level names to rslidar_msg.egg-info/top_level.txt
[0.244s] reading manifest file 'rslidar_msg.egg-info/SOURCES.txt'
[0.244s] writing manifest file 'rslidar_msg.egg-info/SOURCES.txt'
[0.259s] [100%] Built target ament_cmake_python_build_rslidar_msg_egg
