[0.010s] Invoking command in '/home/pengyh/documents/ros2_ws/RobotAD/build/keyboard_control': CMAKE_PREFIX_PATH=/home/pengyh/documents/ros2_ws/RobotAD/install/robot_hardware:/home/pengyh/documents/ros2_ws/RobotAD/install/usb_camera:/home/pengyh/documents/ros2_ws/RobotAD/install/robot_locate:/opt/ros/humble /usr/bin/cmake /home/pengyh/documents/ros2_ws/RobotAD/src/keyboard_control -DCMAKE_INSTALL_PREFIX=/home/pengyh/documents/ros2_ws/RobotAD/install/keyboard_control
[0.016s] -- Found ament_cmake: 1.3.11 (/opt/ros/humble/share/ament_cmake/cmake)
[0.097s] -- Override CMake install command with custom implementation using symlinks instead of copying resources
[0.101s] -- Found rclcpp: 16.0.11 (/opt/ros/humble/share/rclcpp/cmake)
[0.118s] -- Found rosidl_generator_c: 3.1.6 (/opt/ros/humble/share/rosidl_generator_c/cmake)
[0.119s] -- Found rosidl_adapter: 3.1.6 (/opt/ros/humble/share/rosidl_adapter/cmake)
[0.122s] -- Found rosidl_generator_cpp: 3.1.6 (/opt/ros/humble/share/rosidl_generator_cpp/cmake)
[0.128s] -- Using all available rosidl_typesupport_c: rosidl_typesupport_fastrtps_c;rosidl_typesupport_introspection_c
[0.135s] -- Using all available rosidl_typesupport_cpp: rosidl_typesupport_fastrtps_cpp;rosidl_typesupport_introspection_cpp
[0.155s] -- Found rmw_implementation_cmake: 6.1.2 (/opt/ros/humble/share/rmw_implementation_cmake/cmake)
[0.156s] -- Found rmw_fastrtps_cpp: 6.2.7 (/opt/ros/humble/share/rmw_fastrtps_cpp/cmake)
[0.224s] -- Using RMW implementation 'rmw_fastrtps_cpp' as default
[0.254s] -- Found robot_hardware: 0.0.1 (/home/pengyh/documents/ros2_ws/RobotAD/install/robot_hardware/share/robot_hardware/cmake)
[0.262s] -- Found geometry_msgs: 4.2.4 (/opt/ros/humble/share/geometry_msgs/cmake)
[0.272s] -- Found ament_lint_auto: 0.12.11 (/opt/ros/humble/share/ament_lint_auto/cmake)
[0.316s] -- Added test 'cppcheck' to perform static code analysis on C / C++ code
[0.316s] -- Configured cppcheck include dirs: 
[0.316s] -- Configured cppcheck exclude dirs and/or files: 
[0.317s] -- Added test 'flake8' to check Python code syntax and style conventions
[0.317s] -- Added test 'lint_cmake' to check CMake code style
[0.317s] -- Added test 'pep257' to check Python code against some of the docstring style conventions in PEP 257
[0.317s] -- Added test 'uncrustify' to check C / C++ code style
[0.317s] -- Configured uncrustify additional arguments: 
[0.317s] -- Added test 'xmllint' to check XML markup files
[0.318s] -- Configuring done
[0.322s] -- Generating done
[0.324s] -- Build files have been written to: /home/pengyh/documents/ros2_ws/RobotAD/build/keyboard_control
[0.331s] Invoked command in '/home/pengyh/documents/ros2_ws/RobotAD/build/keyboard_control' returned '0': CMAKE_PREFIX_PATH=/home/pengyh/documents/ros2_ws/RobotAD/install/robot_hardware:/home/pengyh/documents/ros2_ws/RobotAD/install/usb_camera:/home/pengyh/documents/ros2_ws/RobotAD/install/robot_locate:/opt/ros/humble /usr/bin/cmake /home/pengyh/documents/ros2_ws/RobotAD/src/keyboard_control -DCMAKE_INSTALL_PREFIX=/home/pengyh/documents/ros2_ws/RobotAD/install/keyboard_control
[0.332s] Invoking command in '/home/pengyh/documents/ros2_ws/RobotAD/build/keyboard_control': CMAKE_PREFIX_PATH=/home/pengyh/documents/ros2_ws/RobotAD/install/robot_hardware:/home/pengyh/documents/ros2_ws/RobotAD/install/usb_camera:/home/pengyh/documents/ros2_ws/RobotAD/install/robot_locate:/opt/ros/humble /usr/bin/cmake --build /home/pengyh/documents/ros2_ws/RobotAD/build/keyboard_control -- -j24 -l24
[0.362s] [35m[1mConsolidate compiler generated dependencies of target keyboard_control_node[0m
[0.373s] [100%] Built target keyboard_control_node
[0.381s] Invoked command in '/home/pengyh/documents/ros2_ws/RobotAD/build/keyboard_control' returned '0': CMAKE_PREFIX_PATH=/home/pengyh/documents/ros2_ws/RobotAD/install/robot_hardware:/home/pengyh/documents/ros2_ws/RobotAD/install/usb_camera:/home/pengyh/documents/ros2_ws/RobotAD/install/robot_locate:/opt/ros/humble /usr/bin/cmake --build /home/pengyh/documents/ros2_ws/RobotAD/build/keyboard_control -- -j24 -l24
[0.382s] Invoking command in '/home/pengyh/documents/ros2_ws/RobotAD/build/keyboard_control': CMAKE_PREFIX_PATH=/home/pengyh/documents/ros2_ws/RobotAD/install/robot_hardware:/home/pengyh/documents/ros2_ws/RobotAD/install/usb_camera:/home/pengyh/documents/ros2_ws/RobotAD/install/robot_locate:/opt/ros/humble /usr/bin/cmake --install /home/pengyh/documents/ros2_ws/RobotAD/build/keyboard_control
[0.386s] -- Install configuration: ""
[0.386s] -- Execute custom install script
[0.386s] -- Up-to-date symlink: /home/pengyh/documents/ros2_ws/RobotAD/install/keyboard_control/lib/keyboard_control/keyboard_control_node
[0.386s] -- Up-to-date symlink: /home/pengyh/documents/ros2_ws/RobotAD/install/keyboard_control/share/ament_index/resource_index/package_run_dependencies/keyboard_control
[0.386s] -- Up-to-date symlink: /home/pengyh/documents/ros2_ws/RobotAD/install/keyboard_control/share/ament_index/resource_index/parent_prefix_path/keyboard_control
[0.387s] -- Up-to-date symlink: /home/pengyh/documents/ros2_ws/RobotAD/install/keyboard_control/share/keyboard_control/environment/ament_prefix_path.sh
[0.387s] -- Up-to-date symlink: /home/pengyh/documents/ros2_ws/RobotAD/install/keyboard_control/share/keyboard_control/environment/ament_prefix_path.dsv
[0.387s] -- Up-to-date symlink: /home/pengyh/documents/ros2_ws/RobotAD/install/keyboard_control/share/keyboard_control/environment/path.sh
[0.387s] -- Up-to-date symlink: /home/pengyh/documents/ros2_ws/RobotAD/install/keyboard_control/share/keyboard_control/environment/path.dsv
[0.387s] -- Up-to-date symlink: /home/pengyh/documents/ros2_ws/RobotAD/install/keyboard_control/share/keyboard_control/local_setup.bash
[0.387s] -- Up-to-date symlink: /home/pengyh/documents/ros2_ws/RobotAD/install/keyboard_control/share/keyboard_control/local_setup.sh
[0.387s] -- Up-to-date symlink: /home/pengyh/documents/ros2_ws/RobotAD/install/keyboard_control/share/keyboard_control/local_setup.zsh
[0.387s] -- Up-to-date symlink: /home/pengyh/documents/ros2_ws/RobotAD/install/keyboard_control/share/keyboard_control/local_setup.dsv
[0.387s] -- Symlinking: /home/pengyh/documents/ros2_ws/RobotAD/install/keyboard_control/share/keyboard_control/package.dsv
[0.392s] -- Up-to-date symlink: /home/pengyh/documents/ros2_ws/RobotAD/install/keyboard_control/share/ament_index/resource_index/packages/keyboard_control
[0.392s] -- Up-to-date symlink: /home/pengyh/documents/ros2_ws/RobotAD/install/keyboard_control/share/keyboard_control/cmake/keyboard_controlConfig.cmake
[0.392s] -- Up-to-date symlink: /home/pengyh/documents/ros2_ws/RobotAD/install/keyboard_control/share/keyboard_control/cmake/keyboard_controlConfig-version.cmake
[0.392s] -- Up-to-date symlink: /home/pengyh/documents/ros2_ws/RobotAD/install/keyboard_control/share/keyboard_control/package.xml
[0.394s] Invoked command in '/home/pengyh/documents/ros2_ws/RobotAD/build/keyboard_control' returned '0': CMAKE_PREFIX_PATH=/home/pengyh/documents/ros2_ws/RobotAD/install/robot_hardware:/home/pengyh/documents/ros2_ws/RobotAD/install/usb_camera:/home/pengyh/documents/ros2_ws/RobotAD/install/robot_locate:/opt/ros/humble /usr/bin/cmake --install /home/pengyh/documents/ros2_ws/RobotAD/build/keyboard_control
