In file included from [01m[K/home/pengyh/documents/ros2_ws/RobotAD/src/nuscenes_data_collector/src/nuscenes_data_collector.cpp:1[m[K:
[01m[K/home/pengyh/documents/ros2_ws/RobotAD/src/nuscenes_data_collector/include/nuscenes_data_collector/nuscenes_data_collector.hpp:280:10:[m[K [01;31m[Kerror: [m[K‘[01m[Kvoid NuScenesDataCollector::declare_parameters()[m[K’ cannot be overloaded with ‘[01m[Kvoid NuScenesDataCollector::declare_parameters()[m[K’
  280 |     void [01;31m[Kdeclare_parameters[m[K() {
      |          [01;31m[K^~~~~~~~~~~~~~~~~~[m[K
[01m[K/home/pengyh/documents/ros2_ws/RobotAD/src/nuscenes_data_collector/include/nuscenes_data_collector/nuscenes_data_collector.hpp:263:10:[m[K [01;36m[Knote: [m[Kprevious declaration ‘[01m[Kvoid NuScenesDataCollector::declare_parameters()[m[K’
  263 |     void [01;36m[Kdeclare_parameters[m[K() {
      |          [01;36m[K^~~~~~~~~~~~~~~~~~[m[K
In file included from [01m[K/usr/include/x86_64-linux-gnu/c++/11/bits/c++allocator.h:33[m[K,
                 from [01m[K/usr/include/c++/11/bits/allocator.h:46[m[K,
                 from [01m[K/usr/include/c++/11/memory:64[m[K,
                 from [01m[K/opt/ros/humble/include/rclcpp/rclcpp/rclcpp.hpp:153[m[K,
                 from [01m[K/home/pengyh/documents/ros2_ws/RobotAD/src/nuscenes_data_collector/include/nuscenes_data_collector/nuscenes_data_collector.hpp:4[m[K,
                 from [01m[K/home/pengyh/documents/ros2_ws/RobotAD/src/nuscenes_data_collector/src/nuscenes_data_collector.cpp:1[m[K:
/usr/include/c++/11/ext/new_allocator.h: In instantiation of ‘[01m[Kvoid __gnu_cxx::new_allocator<_Tp>::construct(_Up*, _Args&& ...) [with _Up = message_filters::Subscriber<sensor_msgs::msg::Image_<std::allocator<void> > >; _Args = {NuScenesDataCollector*, std::__cxx11::basic_string<char, std::char_traits<char>, std::allocator<char> >&, rclcpp::SensorDataQoS}; _Tp = message_filters::Subscriber<sensor_msgs::msg::Image_<std::allocator<void> > >][m[K’:
[01m[K/usr/include/c++/11/bits/alloc_traits.h:516:17:[m[K   required from ‘[01m[Kstatic void std::allocator_traits<std::allocator<_Tp1> >::construct(std::allocator_traits<std::allocator<_Tp1> >::allocator_type&, _Up*, _Args&& ...) [with _Up = message_filters::Subscriber<sensor_msgs::msg::Image_<std::allocator<void> > >; _Args = {NuScenesDataCollector*, std::__cxx11::basic_string<char, std::char_traits<char>, std::allocator<char> >&, rclcpp::SensorDataQoS}; _Tp = message_filters::Subscriber<sensor_msgs::msg::Image_<std::allocator<void> > >; std::allocator_traits<std::allocator<_Tp1> >::allocator_type = std::allocator<message_filters::Subscriber<sensor_msgs::msg::Image_<std::allocator<void> > > >][m[K’
[01m[K/usr/include/c++/11/bits/shared_ptr_base.h:519:39:[m[K   required from ‘[01m[Kstd::_Sp_counted_ptr_inplace<_Tp, _Alloc, _Lp>::_Sp_counted_ptr_inplace(_Alloc, _Args&& ...) [with _Args = {NuScenesDataCollector*, std::__cxx11::basic_string<char, std::char_traits<char>, std::allocator<char> >&, rclcpp::SensorDataQoS}; _Tp = message_filters::Subscriber<sensor_msgs::msg::Image_<std::allocator<void> > >; _Alloc = std::allocator<message_filters::Subscriber<sensor_msgs::msg::Image_<std::allocator<void> > > >; __gnu_cxx::_Lock_policy _Lp = __gnu_cxx::_S_atomic][m[K’
[01m[K/usr/include/c++/11/bits/shared_ptr_base.h:650:16:[m[K   required from ‘[01m[Kstd::__shared_count<_Lp>::__shared_count(_Tp*&, std::_Sp_alloc_shared_tag<_Alloc>, _Args&& ...) [with _Tp = message_filters::Subscriber<sensor_msgs::msg::Image_<std::allocator<void> > >; _Alloc = std::allocator<message_filters::Subscriber<sensor_msgs::msg::Image_<std::allocator<void> > > >; _Args = {NuScenesDataCollector*, std::__cxx11::basic_string<char, std::char_traits<char>, std::allocator<char> >&, rclcpp::SensorDataQoS}; __gnu_cxx::_Lock_policy _Lp = __gnu_cxx::_S_atomic][m[K’
[01m[K/usr/include/c++/11/bits/shared_ptr_base.h:1342:14:[m[K   required from ‘[01m[Kstd::__shared_ptr<_Tp, _Lp>::__shared_ptr(std::_Sp_alloc_shared_tag<_Tp>, _Args&& ...) [with _Alloc = std::allocator<message_filters::Subscriber<sensor_msgs::msg::Image_<std::allocator<void> > > >; _Args = {NuScenesDataCollector*, std::__cxx11::basic_string<char, std::char_traits<char>, std::allocator<char> >&, rclcpp::SensorDataQoS}; _Tp = message_filters::Subscriber<sensor_msgs::msg::Image_<std::allocator<void> > >; __gnu_cxx::_Lock_policy _Lp = __gnu_cxx::_S_atomic][m[K’
[01m[K/usr/include/c++/11/bits/shared_ptr.h:409:59:[m[K   required from ‘[01m[Kstd::shared_ptr<_Tp>::shared_ptr(std::_Sp_alloc_shared_tag<_Tp>, _Args&& ...) [with _Alloc = std::allocator<message_filters::Subscriber<sensor_msgs::msg::Image_<std::allocator<void> > > >; _Args = {NuScenesDataCollector*, std::__cxx11::basic_string<char, std::char_traits<char>, std::allocator<char> >&, rclcpp::SensorDataQoS}; _Tp = message_filters::Subscriber<sensor_msgs::msg::Image_<std::allocator<void> > >][m[K’
[01m[K/usr/include/c++/11/bits/shared_ptr.h:862:14:[m[K   required from ‘[01m[Kstd::shared_ptr<_Tp> std::allocate_shared(const _Alloc&, _Args&& ...) [with _Tp = message_filters::Subscriber<sensor_msgs::msg::Image_<std::allocator<void> > >; _Alloc = std::allocator<message_filters::Subscriber<sensor_msgs::msg::Image_<std::allocator<void> > > >; _Args = {NuScenesDataCollector*, std::__cxx11::basic_string<char, std::char_traits<char>, std::allocator<char> >&, rclcpp::SensorDataQoS}][m[K’
[01m[K/usr/include/c++/11/bits/shared_ptr.h:878:39:[m[K   required from ‘[01m[Kstd::shared_ptr<_Tp> std::make_shared(_Args&& ...) [with _Tp = message_filters::Subscriber<sensor_msgs::msg::Image_<std::allocator<void> > >; _Args = {NuScenesDataCollector*, std::__cxx11::basic_string<char, std::char_traits<char>, std::allocator<char> >&, rclcpp::SensorDataQoS}][m[K’
[01m[K/home/pengyh/documents/ros2_ws/RobotAD/src/nuscenes_data_collector/include/nuscenes_data_collector/nuscenes_data_collector.hpp:303:100:[m[K   required from here
[01m[K/usr/include/c++/11/ext/new_allocator.h:162:11:[m[K [01;31m[Kerror: [m[Kno matching function for call to ‘[01m[Kmessage_filters::Subscriber<sensor_msgs::msg::Image_<std::allocator<void> > >::Subscriber(NuScenesDataCollector*, std::__cxx11::basic_string<char>&, rclcpp::SensorDataQoS)[m[K’
  162 |         { [01;31m[K::new((void *)__p) _Up(std::forward<_Args>(__args)...)[m[K; }
      |           [01;31m[K^~~~~~~~~~~~~~~~~~~~~~~~~~~~~~~~~~~~~~~~~~~~~~~~~~~~~~[m[K
In file included from [01m[K/home/pengyh/documents/ros2_ws/RobotAD/src/nuscenes_data_collector/include/nuscenes_data_collector/nuscenes_data_collector.hpp:35[m[K,
                 from [01m[K/home/pengyh/documents/ros2_ws/RobotAD/src/nuscenes_data_collector/src/nuscenes_data_collector.cpp:1[m[K:
[01m[K/opt/ros/humble/include/message_filters/message_filters/subscriber.h:203:3:[m[K [01;36m[Knote: [m[Kcandidate: ‘[01m[Kmessage_filters::Subscriber<M, NodeType>::Subscriber() [with M = sensor_msgs::msg::Image_<std::allocator<void> >; NodeType = rclcpp::Node][m[K’
  203 |   [01;36m[KSubscriber[m[K() = default;
      |   [01;36m[K^~~~~~~~~~[m[K
[01m[K/opt/ros/humble/include/message_filters/message_filters/subscriber.h:203:3:[m[K [01;36m[Knote: [m[K  candidate expects 0 arguments, 3 provided
[01m[K/opt/ros/humble/include/message_filters/message_filters/subscriber.h:191:3:[m[K [01;36m[Knote: [m[Kcandidate: ‘[01m[Kmessage_filters::Subscriber<M, NodeType>::Subscriber(NodeType*, const string&, rmw_qos_profile_t, rclcpp::SubscriptionOptions) [with M = sensor_msgs::msg::Image_<std::allocator<void> >; NodeType = rclcpp::Node; std::string = std::__cxx11::basic_string<char>; rmw_qos_profile_t = rmw_qos_profile_s; rclcpp::SubscriptionOptions = rclcpp::SubscriptionOptionsWithAllocator<std::allocator<void> >][m[K’
  191 |   [01;36m[KSubscriber[m[K(
      |   [01;36m[K^~~~~~~~~~[m[K
[01m[K/opt/ros/humble/include/message_filters/message_filters/subscriber.h:191:3:[m[K [01;36m[Knote: [m[K  candidate expects 4 arguments, 3 provided
[01m[K/opt/ros/humble/include/message_filters/message_filters/subscriber.h:182:3:[m[K [01;36m[Knote: [m[Kcandidate: ‘[01m[Kmessage_filters::Subscriber<M, NodeType>::Subscriber(message_filters::Subscriber<M, NodeType>::NodePtr, const string&, rmw_qos_profile_t, rclcpp::SubscriptionOptions) [with M = sensor_msgs::msg::Image_<std::allocator<void> >; NodeType = rclcpp::Node; message_filters::Subscriber<M, NodeType>::NodePtr = std::shared_ptr<rclcpp::Node>; std::string = std::__cxx11::basic_string<char>; rmw_qos_profile_t = rmw_qos_profile_s; rclcpp::SubscriptionOptions = rclcpp::SubscriptionOptionsWithAllocator<std::allocator<void> >][m[K’
  182 |   [01;36m[KSubscriber[m[K(
      |   [01;36m[K^~~~~~~~~~[m[K
[01m[K/opt/ros/humble/include/message_filters/message_filters/subscriber.h:182:3:[m[K [01;36m[Knote: [m[K  candidate expects 4 arguments, 3 provided
[01m[K/opt/ros/humble/include/message_filters/message_filters/subscriber.h:167:3:[m[K [01;36m[Knote: [m[Kcandidate: ‘[01m[Kmessage_filters::Subscriber<M, NodeType>::Subscriber(NodeType*, const string&, rmw_qos_profile_t) [with M = sensor_msgs::msg::Image_<std::allocator<void> >; NodeType = rclcpp::Node; std::string = std::__cxx11::basic_string<char>; rmw_qos_profile_t = rmw_qos_profile_s][m[K’
  167 |   [01;36m[KSubscriber[m[K(NodeType * node, const std::string& topic, const rmw_qos_profile_t qos = rmw_qos_profile_default)
      |   [01;36m[K^~~~~~~~~~[m[K
[01m[K/opt/ros/humble/include/message_filters/message_filters/subscriber.h:167:81:[m[K [01;36m[Knote: [m[K  no known conversion for argument 3 from ‘[01m[Krclcpp::SensorDataQoS[m[K’ to ‘[01m[Krmw_qos_profile_t[m[K’ {aka ‘[01m[Krmw_qos_profile_s[m[K’}
  167 | [01;36m[Kmw_qos_profile_t qos = rmw_qos_profile_default[m[K)
      | [01;36m[K~~~~~~~~~~~~~~~~~^~~~~~~~~~~~~~~~~~~~~~~~~~~~~[m[K

[01m[K/opt/ros/humble/include/message_filters/message_filters/subscriber.h:162:3:[m[K [01;36m[Knote: [m[Kcandidate: ‘[01m[Kmessage_filters::Subscriber<M, NodeType>::Subscriber(message_filters::Subscriber<M, NodeType>::NodePtr, const string&, rmw_qos_profile_t) [with M = sensor_msgs::msg::Image_<std::allocator<void> >; NodeType = rclcpp::Node; message_filters::Subscriber<M, NodeType>::NodePtr = std::shared_ptr<rclcpp::Node>; std::string = std::__cxx11::basic_string<char>; rmw_qos_profile_t = rmw_qos_profile_s][m[K’
  162 |   [01;36m[KSubscriber[m[K(NodePtr node, const std::string& topic, const rmw_qos_profile_t qos = rmw_qos_profile_default)
      |   [01;36m[K^~~~~~~~~~[m[K
[01m[K/opt/ros/humble/include/message_filters/message_filters/subscriber.h:162:22:[m[K [01;36m[Knote: [m[K  no known conversion for argument 1 from ‘[01m[KNuScenesDataCollector*[m[K’ to ‘[01m[Kmessage_filters::Subscriber<sensor_msgs::msg::Image_<std::allocator<void> > >::NodePtr[m[K’ {aka ‘[01m[Kstd::shared_ptr<rclcpp::Node>[m[K’}
  162 | bscriber([01;36m[KNodePtr node[m[K, const std::string& topic, const rmw_qos_profile_t qos = rmw_qos_profile_default)
      |          [01;36m[K~~~~~~~~^~~~[m[K

gmake[2]: *** [CMakeFiles/nuscenes_data_collector_node.dir/build.make:76: CMakeFiles/nuscenes_data_collector_node.dir/src/nuscenes_data_collector.cpp.o] Error 1
gmake[1]: *** [CMakeFiles/Makefile2:139: CMakeFiles/nuscenes_data_collector_node.dir/all] Error 2
gmake: *** [Makefile:146: all] Error 2
