[0.046s] Invoking command in '/home/pengyh/documents/ros2_ws/RobotAD/build/keyboard_control': CMAKE_PREFIX_PATH=/home/pengyh/documents/ros2_ws/RobotAD/install/robot_hardware:/home/pengyh/documents/ros2_ws/RobotAD/install/usb_camera:/home/pengyh/documents/ros2_ws/RobotAD/install/serial_comm:/home/pengyh/documents/ros2_ws/RobotAD/install/rslidar_sdk:/home/pengyh/documents/ros2_ws/RobotAD/install/rslidar_msg:/home/pengyh/documents/ros2_ws/RobotAD/install/robot_locate:/home/pengyh/documents/ros2_ws/RobotAD/install/pointcloud_to_laserscan:/home/pengyh/documents/ros2_ws/RobotAD/install/nuscenes_data_collector:/home/pengyh/documents/ros2_ws/RobotAD/install/miiboo_imu:/home/pengyh/documents/ros2_ws/RobotAD/install/keyboard_control:/home/pengyh/documents/ros2_ws/RobotAD/install/diff_control:/opt/ros/humble LD_LIBRARY_PATH=/home/pengyh/documents/ros2_ws/RobotAD/install/robot_hardware/lib:/home/pengyh/documents/ros2_ws/RobotAD/install/rslidar_msg/lib:/home/pengyh/documents/ros2_ws/RobotAD/install/pointcloud_to_laserscan/lib:/home/pengyh/documents/ros2_ws/RobotAD/install/diff_control/lib:/opt/ros/humble/opt/rviz_ogre_vendor/lib:/opt/ros/humble/lib/x86_64-linux-gnu:/opt/ros/humble/lib /usr/bin/cmake /home/pengyh/documents/ros2_ws/RobotAD/src/keyboard_control -DCMAKE_INSTALL_PREFIX=/home/pengyh/documents/ros2_ws/RobotAD/install/keyboard_control
[0.064s] -- Found ament_cmake: 1.3.11 (/opt/ros/humble/share/ament_cmake/cmake)
[0.231s] -- Override CMake install command with custom implementation using symlinks instead of copying resources
[0.239s] -- Found rclcpp: 16.0.11 (/opt/ros/humble/share/rclcpp/cmake)
[0.272s] -- Found rosidl_generator_c: 3.1.6 (/opt/ros/humble/share/rosidl_generator_c/cmake)
[0.275s] -- Found rosidl_adapter: 3.1.6 (/opt/ros/humble/share/rosidl_adapter/cmake)
[0.282s] -- Found rosidl_generator_cpp: 3.1.6 (/opt/ros/humble/share/rosidl_generator_cpp/cmake)
[0.293s] -- Using all available rosidl_typesupport_c: rosidl_typesupport_fastrtps_c;rosidl_typesupport_introspection_c
[0.307s] -- Using all available rosidl_typesupport_cpp: rosidl_typesupport_fastrtps_cpp;rosidl_typesupport_introspection_cpp
[0.344s] -- Found rmw_implementation_cmake: 6.1.2 (/opt/ros/humble/share/rmw_implementation_cmake/cmake)
[0.346s] -- Found rmw_cyclonedds_cpp: 1.3.4 (/opt/ros/humble/share/rmw_cyclonedds_cpp/cmake)
[0.366s] -- Using RMW implementation 'rmw_cyclonedds_cpp' as default
[0.430s] -- Found robot_hardware: 0.0.1 (/home/pengyh/documents/ros2_ws/RobotAD/install/robot_hardware/share/robot_hardware/cmake)
[0.444s] -- Found geometry_msgs: 4.2.4 (/opt/ros/humble/share/geometry_msgs/cmake)
[0.468s] -- Found ament_lint_auto: 0.12.11 (/opt/ros/humble/share/ament_lint_auto/cmake)
[0.552s] -- Added test 'cppcheck' to perform static code analysis on C / C++ code
[0.552s] -- Configured cppcheck include dirs: 
[0.552s] -- Configured cppcheck exclude dirs and/or files: 
[0.553s] -- Added test 'lint_cmake' to check CMake code style
[0.553s] -- Added test 'uncrustify' to check C / C++ code style
[0.553s] -- Configured uncrustify additional arguments: 
[0.553s] -- Added test 'xmllint' to check XML markup files
[0.555s] -- Configuring done
[0.564s] -- Generating done
[0.568s] -- Build files have been written to: /home/pengyh/documents/ros2_ws/RobotAD/build/keyboard_control
[0.576s] Invoked command in '/home/pengyh/documents/ros2_ws/RobotAD/build/keyboard_control' returned '0': CMAKE_PREFIX_PATH=/home/pengyh/documents/ros2_ws/RobotAD/install/robot_hardware:/home/pengyh/documents/ros2_ws/RobotAD/install/usb_camera:/home/pengyh/documents/ros2_ws/RobotAD/install/serial_comm:/home/pengyh/documents/ros2_ws/RobotAD/install/rslidar_sdk:/home/pengyh/documents/ros2_ws/RobotAD/install/rslidar_msg:/home/pengyh/documents/ros2_ws/RobotAD/install/robot_locate:/home/pengyh/documents/ros2_ws/RobotAD/install/pointcloud_to_laserscan:/home/pengyh/documents/ros2_ws/RobotAD/install/nuscenes_data_collector:/home/pengyh/documents/ros2_ws/RobotAD/install/miiboo_imu:/home/pengyh/documents/ros2_ws/RobotAD/install/keyboard_control:/home/pengyh/documents/ros2_ws/RobotAD/install/diff_control:/opt/ros/humble LD_LIBRARY_PATH=/home/pengyh/documents/ros2_ws/RobotAD/install/robot_hardware/lib:/home/pengyh/documents/ros2_ws/RobotAD/install/rslidar_msg/lib:/home/pengyh/documents/ros2_ws/RobotAD/install/pointcloud_to_laserscan/lib:/home/pengyh/documents/ros2_ws/RobotAD/install/diff_control/lib:/opt/ros/humble/opt/rviz_ogre_vendor/lib:/opt/ros/humble/lib/x86_64-linux-gnu:/opt/ros/humble/lib /usr/bin/cmake /home/pengyh/documents/ros2_ws/RobotAD/src/keyboard_control -DCMAKE_INSTALL_PREFIX=/home/pengyh/documents/ros2_ws/RobotAD/install/keyboard_control
[0.578s] Invoking command in '/home/pengyh/documents/ros2_ws/RobotAD/build/keyboard_control': CMAKE_PREFIX_PATH=/home/pengyh/documents/ros2_ws/RobotAD/install/robot_hardware:/home/pengyh/documents/ros2_ws/RobotAD/install/usb_camera:/home/pengyh/documents/ros2_ws/RobotAD/install/serial_comm:/home/pengyh/documents/ros2_ws/RobotAD/install/rslidar_sdk:/home/pengyh/documents/ros2_ws/RobotAD/install/rslidar_msg:/home/pengyh/documents/ros2_ws/RobotAD/install/robot_locate:/home/pengyh/documents/ros2_ws/RobotAD/install/pointcloud_to_laserscan:/home/pengyh/documents/ros2_ws/RobotAD/install/nuscenes_data_collector:/home/pengyh/documents/ros2_ws/RobotAD/install/miiboo_imu:/home/pengyh/documents/ros2_ws/RobotAD/install/keyboard_control:/home/pengyh/documents/ros2_ws/RobotAD/install/diff_control:/opt/ros/humble LD_LIBRARY_PATH=/home/pengyh/documents/ros2_ws/RobotAD/install/robot_hardware/lib:/home/pengyh/documents/ros2_ws/RobotAD/install/rslidar_msg/lib:/home/pengyh/documents/ros2_ws/RobotAD/install/pointcloud_to_laserscan/lib:/home/pengyh/documents/ros2_ws/RobotAD/install/diff_control/lib:/opt/ros/humble/opt/rviz_ogre_vendor/lib:/opt/ros/humble/lib/x86_64-linux-gnu:/opt/ros/humble/lib /usr/bin/cmake --build /home/pengyh/documents/ros2_ws/RobotAD/build/keyboard_control -- -j24 -l24
[0.635s] [35m[1mConsolidate compiler generated dependencies of target keyboard_control_node[0m
[0.655s] [100%] Built target keyboard_control_node
[0.675s] Invoked command in '/home/pengyh/documents/ros2_ws/RobotAD/build/keyboard_control' returned '0': CMAKE_PREFIX_PATH=/home/pengyh/documents/ros2_ws/RobotAD/install/robot_hardware:/home/pengyh/documents/ros2_ws/RobotAD/install/usb_camera:/home/pengyh/documents/ros2_ws/RobotAD/install/serial_comm:/home/pengyh/documents/ros2_ws/RobotAD/install/rslidar_sdk:/home/pengyh/documents/ros2_ws/RobotAD/install/rslidar_msg:/home/pengyh/documents/ros2_ws/RobotAD/install/robot_locate:/home/pengyh/documents/ros2_ws/RobotAD/install/pointcloud_to_laserscan:/home/pengyh/documents/ros2_ws/RobotAD/install/nuscenes_data_collector:/home/pengyh/documents/ros2_ws/RobotAD/install/miiboo_imu:/home/pengyh/documents/ros2_ws/RobotAD/install/keyboard_control:/home/pengyh/documents/ros2_ws/RobotAD/install/diff_control:/opt/ros/humble LD_LIBRARY_PATH=/home/pengyh/documents/ros2_ws/RobotAD/install/robot_hardware/lib:/home/pengyh/documents/ros2_ws/RobotAD/install/rslidar_msg/lib:/home/pengyh/documents/ros2_ws/RobotAD/install/pointcloud_to_laserscan/lib:/home/pengyh/documents/ros2_ws/RobotAD/install/diff_control/lib:/opt/ros/humble/opt/rviz_ogre_vendor/lib:/opt/ros/humble/lib/x86_64-linux-gnu:/opt/ros/humble/lib /usr/bin/cmake --build /home/pengyh/documents/ros2_ws/RobotAD/build/keyboard_control -- -j24 -l24
[0.680s] Invoking command in '/home/pengyh/documents/ros2_ws/RobotAD/build/keyboard_control': CMAKE_PREFIX_PATH=/home/pengyh/documents/ros2_ws/RobotAD/install/robot_hardware:/home/pengyh/documents/ros2_ws/RobotAD/install/usb_camera:/home/pengyh/documents/ros2_ws/RobotAD/install/serial_comm:/home/pengyh/documents/ros2_ws/RobotAD/install/rslidar_sdk:/home/pengyh/documents/ros2_ws/RobotAD/install/rslidar_msg:/home/pengyh/documents/ros2_ws/RobotAD/install/robot_locate:/home/pengyh/documents/ros2_ws/RobotAD/install/pointcloud_to_laserscan:/home/pengyh/documents/ros2_ws/RobotAD/install/nuscenes_data_collector:/home/pengyh/documents/ros2_ws/RobotAD/install/miiboo_imu:/home/pengyh/documents/ros2_ws/RobotAD/install/keyboard_control:/home/pengyh/documents/ros2_ws/RobotAD/install/diff_control:/opt/ros/humble LD_LIBRARY_PATH=/home/pengyh/documents/ros2_ws/RobotAD/install/robot_hardware/lib:/home/pengyh/documents/ros2_ws/RobotAD/install/rslidar_msg/lib:/home/pengyh/documents/ros2_ws/RobotAD/install/pointcloud_to_laserscan/lib:/home/pengyh/documents/ros2_ws/RobotAD/install/diff_control/lib:/opt/ros/humble/opt/rviz_ogre_vendor/lib:/opt/ros/humble/lib/x86_64-linux-gnu:/opt/ros/humble/lib /usr/bin/cmake --install /home/pengyh/documents/ros2_ws/RobotAD/build/keyboard_control
[0.687s] -- Install configuration: ""
[0.687s] -- Execute custom install script
[0.688s] -- Up-to-date symlink: /home/pengyh/documents/ros2_ws/RobotAD/install/keyboard_control/lib/keyboard_control/keyboard_control_node
[0.688s] -- Up-to-date symlink: /home/pengyh/documents/ros2_ws/RobotAD/install/keyboard_control/share/ament_index/resource_index/package_run_dependencies/keyboard_control
[0.689s] -- Up-to-date symlink: /home/pengyh/documents/ros2_ws/RobotAD/install/keyboard_control/share/ament_index/resource_index/parent_prefix_path/keyboard_control
[0.689s] -- Up-to-date symlink: /home/pengyh/documents/ros2_ws/RobotAD/install/keyboard_control/share/keyboard_control/environment/ament_prefix_path.sh
[0.690s] -- Up-to-date symlink: /home/pengyh/documents/ros2_ws/RobotAD/install/keyboard_control/share/keyboard_control/environment/ament_prefix_path.dsv
[0.690s] -- Up-to-date symlink: /home/pengyh/documents/ros2_ws/RobotAD/install/keyboard_control/share/keyboard_control/environment/path.sh
[0.690s] -- Up-to-date symlink: /home/pengyh/documents/ros2_ws/RobotAD/install/keyboard_control/share/keyboard_control/environment/path.dsv
[0.690s] -- Up-to-date symlink: /home/pengyh/documents/ros2_ws/RobotAD/install/keyboard_control/share/keyboard_control/local_setup.bash
[0.690s] -- Up-to-date symlink: /home/pengyh/documents/ros2_ws/RobotAD/install/keyboard_control/share/keyboard_control/local_setup.sh
[0.690s] -- Up-to-date symlink: /home/pengyh/documents/ros2_ws/RobotAD/install/keyboard_control/share/keyboard_control/local_setup.zsh
[0.690s] -- Up-to-date symlink: /home/pengyh/documents/ros2_ws/RobotAD/install/keyboard_control/share/keyboard_control/local_setup.dsv
[0.691s] -- Symlinking: /home/pengyh/documents/ros2_ws/RobotAD/install/keyboard_control/share/keyboard_control/package.dsv
[0.702s] -- Up-to-date symlink: /home/pengyh/documents/ros2_ws/RobotAD/install/keyboard_control/share/ament_index/resource_index/packages/keyboard_control
[0.703s] -- Up-to-date symlink: /home/pengyh/documents/ros2_ws/RobotAD/install/keyboard_control/share/keyboard_control/cmake/keyboard_controlConfig.cmake
[0.703s] -- Up-to-date symlink: /home/pengyh/documents/ros2_ws/RobotAD/install/keyboard_control/share/keyboard_control/cmake/keyboard_controlConfig-version.cmake
[0.704s] -- Up-to-date symlink: /home/pengyh/documents/ros2_ws/RobotAD/install/keyboard_control/share/keyboard_control/package.xml
[0.712s] Invoked command in '/home/pengyh/documents/ros2_ws/RobotAD/build/keyboard_control' returned '0': CMAKE_PREFIX_PATH=/home/pengyh/documents/ros2_ws/RobotAD/install/robot_hardware:/home/pengyh/documents/ros2_ws/RobotAD/install/usb_camera:/home/pengyh/documents/ros2_ws/RobotAD/install/serial_comm:/home/pengyh/documents/ros2_ws/RobotAD/install/rslidar_sdk:/home/pengyh/documents/ros2_ws/RobotAD/install/rslidar_msg:/home/pengyh/documents/ros2_ws/RobotAD/install/robot_locate:/home/pengyh/documents/ros2_ws/RobotAD/install/pointcloud_to_laserscan:/home/pengyh/documents/ros2_ws/RobotAD/install/nuscenes_data_collector:/home/pengyh/documents/ros2_ws/RobotAD/install/miiboo_imu:/home/pengyh/documents/ros2_ws/RobotAD/install/keyboard_control:/home/pengyh/documents/ros2_ws/RobotAD/install/diff_control:/opt/ros/humble LD_LIBRARY_PATH=/home/pengyh/documents/ros2_ws/RobotAD/install/robot_hardware/lib:/home/pengyh/documents/ros2_ws/RobotAD/install/rslidar_msg/lib:/home/pengyh/documents/ros2_ws/RobotAD/install/pointcloud_to_laserscan/lib:/home/pengyh/documents/ros2_ws/RobotAD/install/diff_control/lib:/opt/ros/humble/opt/rviz_ogre_vendor/lib:/opt/ros/humble/lib/x86_64-linux-gnu:/opt/ros/humble/lib /usr/bin/cmake --install /home/pengyh/documents/ros2_ws/RobotAD/build/keyboard_control
