[  2%] Built target robot_hardware__cpp
[ 12%] Built target robot_hardware__rosidl_generator_c
[ 12%] Built target ament_cmake_python_copy_robot_hardware
[ 21%] Built target robot_hardware__rosidl_typesupport_fastrtps_cpp
[ 31%] Built target robot_hardware__rosidl_typesupport_cpp
[ 41%] Built target robot_hardware__rosidl_typesupport_introspection_cpp
[ 51%] Built target robot_hardware__rosidl_typesupport_introspection_c
[ 60%] Built target robot_hardware__rosidl_typesupport_c
[ 70%] Built target robot_hardware__rosidl_typesupport_fastrtps_c
[35m[1mConsolidate compiler generated dependencies of target hardware_manager[0m
[ 70%] Built target robot_hardware
[ 75%] Built target hardware_manager
[ 78%] Built target robot_hardware__py
[ 85%] Built target robot_hardware__rosidl_generator_py
[ 90%] Built target robot_hardware__rosidl_typesupport_c__pyext
[ 95%] Built target robot_hardware__rosidl_typesupport_introspection_c__pyext
[100%] Built target robot_hardware__rosidl_typesupport_fastrtps_c__pyext
running egg_info
writing robot_hardware.egg-info/PKG-INFO
writing dependency_links to robot_hardware.egg-info/dependency_links.txt
writing top-level names to robot_hardware.egg-info/top_level.txt
reading manifest file 'robot_hardware.egg-info/SOURCES.txt'
writing manifest file 'robot_hardware.egg-info/SOURCES.txt'
[100%] Built target ament_cmake_python_build_robot_hardware_egg
-- Install configuration: ""
-- Up-to-date: /home/future/Documents/pengyh/RobotAD_ws/install/robot_hardware/share/ament_index/resource_index/rosidl_interfaces/robot_hardware
-- Up-to-date: /home/future/Documents/pengyh/RobotAD_ws/install/robot_hardware/include/robot_hardware/robot_hardware
-- Up-to-date: /home/future/Documents/pengyh/RobotAD_ws/install/robot_hardware/include/robot_hardware/robot_hardware/msg
-- Up-to-date: /home/future/Documents/pengyh/RobotAD_ws/install/robot_hardware/include/robot_hardware/robot_hardware/msg/hardware_data.h
-- Up-to-date: /home/future/Documents/pengyh/RobotAD_ws/install/robot_hardware/include/robot_hardware/robot_hardware/msg/motor_data.h
-- Up-to-date: /home/future/Documents/pengyh/RobotAD_ws/install/robot_hardware/include/robot_hardware/robot_hardware/msg/rosidl_generator_c__visibility_control.h
-- Up-to-date: /home/future/Documents/pengyh/RobotAD_ws/install/robot_hardware/include/robot_hardware/robot_hardware/msg/detail
-- Up-to-date: /home/future/Documents/pengyh/RobotAD_ws/install/robot_hardware/include/robot_hardware/robot_hardware/msg/detail/motor_data__type_support.h
-- Up-to-date: /home/future/Documents/pengyh/RobotAD_ws/install/robot_hardware/include/robot_hardware/robot_hardware/msg/detail/motor_data__struct.h
-- Up-to-date: /home/future/Documents/pengyh/RobotAD_ws/install/robot_hardware/include/robot_hardware/robot_hardware/msg/detail/motor_data__functions.c
-- Up-to-date: /home/future/Documents/pengyh/RobotAD_ws/install/robot_hardware/include/robot_hardware/robot_hardware/msg/detail/hardware_data__functions.c
-- Up-to-date: /home/future/Documents/pengyh/RobotAD_ws/install/robot_hardware/include/robot_hardware/robot_hardware/msg/detail/motor_data__functions.h
-- Up-to-date: /home/future/Documents/pengyh/RobotAD_ws/install/robot_hardware/include/robot_hardware/robot_hardware/msg/detail/hardware_data__functions.h
-- Up-to-date: /home/future/Documents/pengyh/RobotAD_ws/install/robot_hardware/include/robot_hardware/robot_hardware/msg/detail/hardware_data__struct.h
-- Up-to-date: /home/future/Documents/pengyh/RobotAD_ws/install/robot_hardware/include/robot_hardware/robot_hardware/msg/detail/hardware_data__type_support.h
-- Up-to-date: /home/future/Documents/pengyh/RobotAD_ws/install/robot_hardware/share/robot_hardware/environment/library_path.sh
-- Up-to-date: /home/future/Documents/pengyh/RobotAD_ws/install/robot_hardware/share/robot_hardware/environment/library_path.dsv
-- Up-to-date: /home/future/Documents/pengyh/RobotAD_ws/install/robot_hardware/lib/librobot_hardware__rosidl_generator_c.so
-- Up-to-date: /home/future/Documents/pengyh/RobotAD_ws/install/robot_hardware/include/robot_hardware/robot_hardware
-- Up-to-date: /home/future/Documents/pengyh/RobotAD_ws/install/robot_hardware/include/robot_hardware/robot_hardware/msg
-- Up-to-date: /home/future/Documents/pengyh/RobotAD_ws/install/robot_hardware/include/robot_hardware/robot_hardware/msg/rosidl_typesupport_fastrtps_c__visibility_control.h
-- Up-to-date: /home/future/Documents/pengyh/RobotAD_ws/install/robot_hardware/include/robot_hardware/robot_hardware/msg/detail
-- Up-to-date: /home/future/Documents/pengyh/RobotAD_ws/install/robot_hardware/include/robot_hardware/robot_hardware/msg/detail/hardware_data__rosidl_typesupport_fastrtps_c.h
-- Up-to-date: /home/future/Documents/pengyh/RobotAD_ws/install/robot_hardware/include/robot_hardware/robot_hardware/msg/detail/motor_data__rosidl_typesupport_fastrtps_c.h
-- Up-to-date: /home/future/Documents/pengyh/RobotAD_ws/install/robot_hardware/lib/librobot_hardware__rosidl_typesupport_fastrtps_c.so
-- Up-to-date: /home/future/Documents/pengyh/RobotAD_ws/install/robot_hardware/include/robot_hardware/robot_hardware
-- Up-to-date: /home/future/Documents/pengyh/RobotAD_ws/install/robot_hardware/include/robot_hardware/robot_hardware/msg
-- Up-to-date: /home/future/Documents/pengyh/RobotAD_ws/install/robot_hardware/include/robot_hardware/robot_hardware/msg/motor_data.hpp
-- Up-to-date: /home/future/Documents/pengyh/RobotAD_ws/install/robot_hardware/include/robot_hardware/robot_hardware/msg/hardware_data.hpp
-- Up-to-date: /home/future/Documents/pengyh/RobotAD_ws/install/robot_hardware/include/robot_hardware/robot_hardware/msg/detail
-- Up-to-date: /home/future/Documents/pengyh/RobotAD_ws/install/robot_hardware/include/robot_hardware/robot_hardware/msg/detail/motor_data__struct.hpp
-- Up-to-date: /home/future/Documents/pengyh/RobotAD_ws/install/robot_hardware/include/robot_hardware/robot_hardware/msg/detail/motor_data__builder.hpp
-- Up-to-date: /home/future/Documents/pengyh/RobotAD_ws/install/robot_hardware/include/robot_hardware/robot_hardware/msg/detail/motor_data__traits.hpp
-- Up-to-date: /home/future/Documents/pengyh/RobotAD_ws/install/robot_hardware/include/robot_hardware/robot_hardware/msg/detail/hardware_data__struct.hpp
-- Up-to-date: /home/future/Documents/pengyh/RobotAD_ws/install/robot_hardware/include/robot_hardware/robot_hardware/msg/detail/hardware_data__builder.hpp
-- Up-to-date: /home/future/Documents/pengyh/RobotAD_ws/install/robot_hardware/include/robot_hardware/robot_hardware/msg/detail/hardware_data__traits.hpp
-- Up-to-date: /home/future/Documents/pengyh/RobotAD_ws/install/robot_hardware/include/robot_hardware/robot_hardware
-- Up-to-date: /home/future/Documents/pengyh/RobotAD_ws/install/robot_hardware/include/robot_hardware/robot_hardware/msg
-- Up-to-date: /home/future/Documents/pengyh/RobotAD_ws/install/robot_hardware/include/robot_hardware/robot_hardware/msg/rosidl_typesupport_fastrtps_cpp__visibility_control.h
-- Up-to-date: /home/future/Documents/pengyh/RobotAD_ws/install/robot_hardware/include/robot_hardware/robot_hardware/msg/detail
-- Up-to-date: /home/future/Documents/pengyh/RobotAD_ws/install/robot_hardware/include/robot_hardware/robot_hardware/msg/detail/motor_data__rosidl_typesupport_fastrtps_cpp.hpp
-- Up-to-date: /home/future/Documents/pengyh/RobotAD_ws/install/robot_hardware/include/robot_hardware/robot_hardware/msg/detail/hardware_data__rosidl_typesupport_fastrtps_cpp.hpp
-- Up-to-date: /home/future/Documents/pengyh/RobotAD_ws/install/robot_hardware/include/robot_hardware/robot_hardware/msg/detail/dds_fastrtps
-- Up-to-date: /home/future/Documents/pengyh/RobotAD_ws/install/robot_hardware/lib/librobot_hardware__rosidl_typesupport_fastrtps_cpp.so
-- Up-to-date: /home/future/Documents/pengyh/RobotAD_ws/install/robot_hardware/include/robot_hardware/robot_hardware
-- Up-to-date: /home/future/Documents/pengyh/RobotAD_ws/install/robot_hardware/include/robot_hardware/robot_hardware/msg
-- Up-to-date: /home/future/Documents/pengyh/RobotAD_ws/install/robot_hardware/include/robot_hardware/robot_hardware/msg/detail
-- Up-to-date: /home/future/Documents/pengyh/RobotAD_ws/install/robot_hardware/include/robot_hardware/robot_hardware/msg/detail/motor_data__type_support.c
-- Up-to-date: /home/future/Documents/pengyh/RobotAD_ws/install/robot_hardware/include/robot_hardware/robot_hardware/msg/detail/motor_data__rosidl_typesupport_introspection_c.h
-- Up-to-date: /home/future/Documents/pengyh/RobotAD_ws/install/robot_hardware/include/robot_hardware/robot_hardware/msg/detail/hardware_data__type_support.c
-- Up-to-date: /home/future/Documents/pengyh/RobotAD_ws/install/robot_hardware/include/robot_hardware/robot_hardware/msg/detail/hardware_data__rosidl_typesupport_introspection_c.h
-- Up-to-date: /home/future/Documents/pengyh/RobotAD_ws/install/robot_hardware/include/robot_hardware/robot_hardware/msg/rosidl_typesupport_introspection_c__visibility_control.h
-- Up-to-date: /home/future/Documents/pengyh/RobotAD_ws/install/robot_hardware/lib/librobot_hardware__rosidl_typesupport_introspection_c.so
-- Up-to-date: /home/future/Documents/pengyh/RobotAD_ws/install/robot_hardware/lib/librobot_hardware__rosidl_typesupport_c.so
-- Up-to-date: /home/future/Documents/pengyh/RobotAD_ws/install/robot_hardware/include/robot_hardware/robot_hardware
-- Up-to-date: /home/future/Documents/pengyh/RobotAD_ws/install/robot_hardware/include/robot_hardware/robot_hardware/msg
-- Up-to-date: /home/future/Documents/pengyh/RobotAD_ws/install/robot_hardware/include/robot_hardware/robot_hardware/msg/detail
-- Up-to-date: /home/future/Documents/pengyh/RobotAD_ws/install/robot_hardware/include/robot_hardware/robot_hardware/msg/detail/hardware_data__type_support.cpp
-- Up-to-date: /home/future/Documents/pengyh/RobotAD_ws/install/robot_hardware/include/robot_hardware/robot_hardware/msg/detail/motor_data__type_support.cpp
-- Up-to-date: /home/future/Documents/pengyh/RobotAD_ws/install/robot_hardware/include/robot_hardware/robot_hardware/msg/detail/motor_data__rosidl_typesupport_introspection_cpp.hpp
-- Up-to-date: /home/future/Documents/pengyh/RobotAD_ws/install/robot_hardware/include/robot_hardware/robot_hardware/msg/detail/hardware_data__rosidl_typesupport_introspection_cpp.hpp
-- Up-to-date: /home/future/Documents/pengyh/RobotAD_ws/install/robot_hardware/lib/librobot_hardware__rosidl_typesupport_introspection_cpp.so
-- Up-to-date: /home/future/Documents/pengyh/RobotAD_ws/install/robot_hardware/lib/librobot_hardware__rosidl_typesupport_cpp.so
-- Up-to-date: /home/future/Documents/pengyh/RobotAD_ws/install/robot_hardware/share/robot_hardware/environment/pythonpath.sh
-- Up-to-date: /home/future/Documents/pengyh/RobotAD_ws/install/robot_hardware/share/robot_hardware/environment/pythonpath.dsv
-- Up-to-date: /home/future/Documents/pengyh/RobotAD_ws/install/robot_hardware/local/lib/python3.10/dist-packages/robot_hardware-0.0.1-py3.10.egg-info
-- Installing: /home/future/Documents/pengyh/RobotAD_ws/install/robot_hardware/local/lib/python3.10/dist-packages/robot_hardware-0.0.1-py3.10.egg-info/top_level.txt
-- Installing: /home/future/Documents/pengyh/RobotAD_ws/install/robot_hardware/local/lib/python3.10/dist-packages/robot_hardware-0.0.1-py3.10.egg-info/PKG-INFO
-- Installing: /home/future/Documents/pengyh/RobotAD_ws/install/robot_hardware/local/lib/python3.10/dist-packages/robot_hardware-0.0.1-py3.10.egg-info/dependency_links.txt
-- Installing: /home/future/Documents/pengyh/RobotAD_ws/install/robot_hardware/local/lib/python3.10/dist-packages/robot_hardware-0.0.1-py3.10.egg-info/SOURCES.txt
-- Up-to-date: /home/future/Documents/pengyh/RobotAD_ws/install/robot_hardware/local/lib/python3.10/dist-packages/robot_hardware
-- Up-to-date: /home/future/Documents/pengyh/RobotAD_ws/install/robot_hardware/local/lib/python3.10/dist-packages/robot_hardware/librobot_hardware__rosidl_generator_py.so
-- Up-to-date: /home/future/Documents/pengyh/RobotAD_ws/install/robot_hardware/local/lib/python3.10/dist-packages/robot_hardware/_robot_hardware_s.ep.rosidl_typesupport_c.c
-- Up-to-date: /home/future/Documents/pengyh/RobotAD_ws/install/robot_hardware/local/lib/python3.10/dist-packages/robot_hardware/robot_hardware_s__rosidl_typesupport_c.cpython-310-x86_64-linux-gnu.so
-- Up-to-date: /home/future/Documents/pengyh/RobotAD_ws/install/robot_hardware/local/lib/python3.10/dist-packages/robot_hardware/msg
-- Up-to-date: /home/future/Documents/pengyh/RobotAD_ws/install/robot_hardware/local/lib/python3.10/dist-packages/robot_hardware/msg/_motor_data_s.c
-- Up-to-date: /home/future/Documents/pengyh/RobotAD_ws/install/robot_hardware/local/lib/python3.10/dist-packages/robot_hardware/msg/_hardware_data_s.c
-- Up-to-date: /home/future/Documents/pengyh/RobotAD_ws/install/robot_hardware/local/lib/python3.10/dist-packages/robot_hardware/msg/_hardware_data.py
-- Up-to-date: /home/future/Documents/pengyh/RobotAD_ws/install/robot_hardware/local/lib/python3.10/dist-packages/robot_hardware/msg/__init__.py
-- Up-to-date: /home/future/Documents/pengyh/RobotAD_ws/install/robot_hardware/local/lib/python3.10/dist-packages/robot_hardware/msg/_motor_data.py
-- Up-to-date: /home/future/Documents/pengyh/RobotAD_ws/install/robot_hardware/local/lib/python3.10/dist-packages/robot_hardware/robot_hardware_s__rosidl_typesupport_fastrtps_c.cpython-310-x86_64-linux-gnu.so
-- Up-to-date: /home/future/Documents/pengyh/RobotAD_ws/install/robot_hardware/local/lib/python3.10/dist-packages/robot_hardware/_robot_hardware_s.ep.rosidl_typesupport_fastrtps_c.c
-- Up-to-date: /home/future/Documents/pengyh/RobotAD_ws/install/robot_hardware/local/lib/python3.10/dist-packages/robot_hardware/robot_hardware_s__rosidl_typesupport_introspection_c.cpython-310-x86_64-linux-gnu.so
-- Up-to-date: /home/future/Documents/pengyh/RobotAD_ws/install/robot_hardware/local/lib/python3.10/dist-packages/robot_hardware/_robot_hardware_s.ep.rosidl_typesupport_introspection_c.c
-- Up-to-date: /home/future/Documents/pengyh/RobotAD_ws/install/robot_hardware/local/lib/python3.10/dist-packages/robot_hardware/__init__.py
Listing '/home/future/Documents/pengyh/RobotAD_ws/install/robot_hardware/local/lib/python3.10/dist-packages/robot_hardware'...
Listing '/home/future/Documents/pengyh/RobotAD_ws/install/robot_hardware/local/lib/python3.10/dist-packages/robot_hardware/msg'...
-- Up-to-date: /home/future/Documents/pengyh/RobotAD_ws/install/robot_hardware/local/lib/python3.10/dist-packages/robot_hardware/robot_hardware_s__rosidl_typesupport_fastrtps_c.cpython-310-x86_64-linux-gnu.so
-- Up-to-date: /home/future/Documents/pengyh/RobotAD_ws/install/robot_hardware/local/lib/python3.10/dist-packages/robot_hardware/robot_hardware_s__rosidl_typesupport_introspection_c.cpython-310-x86_64-linux-gnu.so
-- Up-to-date: /home/future/Documents/pengyh/RobotAD_ws/install/robot_hardware/local/lib/python3.10/dist-packages/robot_hardware/robot_hardware_s__rosidl_typesupport_c.cpython-310-x86_64-linux-gnu.so
-- Up-to-date: /home/future/Documents/pengyh/RobotAD_ws/install/robot_hardware/lib/librobot_hardware__rosidl_generator_py.so
-- Up-to-date: /home/future/Documents/pengyh/RobotAD_ws/install/robot_hardware/share/robot_hardware/msg/HardwareData.idl
-- Up-to-date: /home/future/Documents/pengyh/RobotAD_ws/install/robot_hardware/share/robot_hardware/msg/MotorData.idl
-- Up-to-date: /home/future/Documents/pengyh/RobotAD_ws/install/robot_hardware/share/robot_hardware/msg/HardwareData.msg
-- Up-to-date: /home/future/Documents/pengyh/RobotAD_ws/install/robot_hardware/share/robot_hardware/msg/MotorData.msg
-- Up-to-date: /home/future/Documents/pengyh/RobotAD_ws/install/robot_hardware/lib/robot_hardware/hardware_manager
-- Up-to-date: /home/future/Documents/pengyh/RobotAD_ws/install/robot_hardware/include
-- Up-to-date: /home/future/Documents/pengyh/RobotAD_ws/install/robot_hardware/include/wheel.hpp
-- Up-to-date: /home/future/Documents/pengyh/RobotAD_ws/install/robot_hardware/include/hardware_manager.hpp
-- Up-to-date: /home/future/Documents/pengyh/RobotAD_ws/install/robot_hardware/include/hardware_bridge_interface.hpp
-- Up-to-date: /home/future/Documents/pengyh/RobotAD_ws/install/robot_hardware/share/robot_hardware/msg/msg
-- Up-to-date: /home/future/Documents/pengyh/RobotAD_ws/install/robot_hardware/share/robot_hardware/msg/msg/MotorData.msg
-- Up-to-date: /home/future/Documents/pengyh/RobotAD_ws/install/robot_hardware/share/robot_hardware/msg/msg/HardwareData.msg
-- Up-to-date: /home/future/Documents/pengyh/RobotAD_ws/install/robot_hardware/share/ament_index/resource_index/package_run_dependencies/robot_hardware
-- Up-to-date: /home/future/Documents/pengyh/RobotAD_ws/install/robot_hardware/share/ament_index/resource_index/parent_prefix_path/robot_hardware
-- Up-to-date: /home/future/Documents/pengyh/RobotAD_ws/install/robot_hardware/share/robot_hardware/environment/ament_prefix_path.sh
-- Up-to-date: /home/future/Documents/pengyh/RobotAD_ws/install/robot_hardware/share/robot_hardware/environment/ament_prefix_path.dsv
-- Up-to-date: /home/future/Documents/pengyh/RobotAD_ws/install/robot_hardware/share/robot_hardware/environment/path.sh
-- Up-to-date: /home/future/Documents/pengyh/RobotAD_ws/install/robot_hardware/share/robot_hardware/environment/path.dsv
-- Up-to-date: /home/future/Documents/pengyh/RobotAD_ws/install/robot_hardware/share/robot_hardware/local_setup.bash
-- Up-to-date: /home/future/Documents/pengyh/RobotAD_ws/install/robot_hardware/share/robot_hardware/local_setup.sh
-- Up-to-date: /home/future/Documents/pengyh/RobotAD_ws/install/robot_hardware/share/robot_hardware/local_setup.zsh
-- Up-to-date: /home/future/Documents/pengyh/RobotAD_ws/install/robot_hardware/share/robot_hardware/local_setup.dsv
-- Installing: /home/future/Documents/pengyh/RobotAD_ws/install/robot_hardware/share/robot_hardware/package.dsv
-- Up-to-date: /home/future/Documents/pengyh/RobotAD_ws/install/robot_hardware/share/ament_index/resource_index/packages/robot_hardware
-- Up-to-date: /home/future/Documents/pengyh/RobotAD_ws/install/robot_hardware/share/robot_hardware/cmake/export_robot_hardware__rosidl_generator_cExport.cmake
-- Up-to-date: /home/future/Documents/pengyh/RobotAD_ws/install/robot_hardware/share/robot_hardware/cmake/export_robot_hardware__rosidl_generator_cExport-noconfig.cmake
-- Up-to-date: /home/future/Documents/pengyh/RobotAD_ws/install/robot_hardware/share/robot_hardware/cmake/export_robot_hardware__rosidl_typesupport_fastrtps_cExport.cmake
-- Up-to-date: /home/future/Documents/pengyh/RobotAD_ws/install/robot_hardware/share/robot_hardware/cmake/export_robot_hardware__rosidl_typesupport_fastrtps_cExport-noconfig.cmake
-- Up-to-date: /home/future/Documents/pengyh/RobotAD_ws/install/robot_hardware/share/robot_hardware/cmake/export_robot_hardware__rosidl_generator_cppExport.cmake
-- Up-to-date: /home/future/Documents/pengyh/RobotAD_ws/install/robot_hardware/share/robot_hardware/cmake/export_robot_hardware__rosidl_typesupport_fastrtps_cppExport.cmake
-- Up-to-date: /home/future/Documents/pengyh/RobotAD_ws/install/robot_hardware/share/robot_hardware/cmake/export_robot_hardware__rosidl_typesupport_fastrtps_cppExport-noconfig.cmake
-- Up-to-date: /home/future/Documents/pengyh/RobotAD_ws/install/robot_hardware/share/robot_hardware/cmake/robot_hardware__rosidl_typesupport_introspection_cExport.cmake
-- Up-to-date: /home/future/Documents/pengyh/RobotAD_ws/install/robot_hardware/share/robot_hardware/cmake/robot_hardware__rosidl_typesupport_introspection_cExport-noconfig.cmake
-- Up-to-date: /home/future/Documents/pengyh/RobotAD_ws/install/robot_hardware/share/robot_hardware/cmake/robot_hardware__rosidl_typesupport_cExport.cmake
-- Up-to-date: /home/future/Documents/pengyh/RobotAD_ws/install/robot_hardware/share/robot_hardware/cmake/robot_hardware__rosidl_typesupport_cExport-noconfig.cmake
-- Up-to-date: /home/future/Documents/pengyh/RobotAD_ws/install/robot_hardware/share/robot_hardware/cmake/robot_hardware__rosidl_typesupport_introspection_cppExport.cmake
-- Up-to-date: /home/future/Documents/pengyh/RobotAD_ws/install/robot_hardware/share/robot_hardware/cmake/robot_hardware__rosidl_typesupport_introspection_cppExport-noconfig.cmake
-- Up-to-date: /home/future/Documents/pengyh/RobotAD_ws/install/robot_hardware/share/robot_hardware/cmake/robot_hardware__rosidl_typesupport_cppExport.cmake
-- Up-to-date: /home/future/Documents/pengyh/RobotAD_ws/install/robot_hardware/share/robot_hardware/cmake/robot_hardware__rosidl_typesupport_cppExport-noconfig.cmake
-- Up-to-date: /home/future/Documents/pengyh/RobotAD_ws/install/robot_hardware/share/robot_hardware/cmake/export_robot_hardware__rosidl_generator_pyExport.cmake
-- Up-to-date: /home/future/Documents/pengyh/RobotAD_ws/install/robot_hardware/share/robot_hardware/cmake/export_robot_hardware__rosidl_generator_pyExport-noconfig.cmake
-- Up-to-date: /home/future/Documents/pengyh/RobotAD_ws/install/robot_hardware/share/robot_hardware/cmake/rosidl_cmake-extras.cmake
-- Up-to-date: /home/future/Documents/pengyh/RobotAD_ws/install/robot_hardware/share/robot_hardware/cmake/ament_cmake_export_dependencies-extras.cmake
-- Up-to-date: /home/future/Documents/pengyh/RobotAD_ws/install/robot_hardware/share/robot_hardware/cmake/ament_cmake_export_include_directories-extras.cmake
-- Up-to-date: /home/future/Documents/pengyh/RobotAD_ws/install/robot_hardware/share/robot_hardware/cmake/ament_cmake_export_libraries-extras.cmake
-- Up-to-date: /home/future/Documents/pengyh/RobotAD_ws/install/robot_hardware/share/robot_hardware/cmake/ament_cmake_export_targets-extras.cmake
-- Up-to-date: /home/future/Documents/pengyh/RobotAD_ws/install/robot_hardware/share/robot_hardware/cmake/rosidl_cmake_export_typesupport_targets-extras.cmake
-- Up-to-date: /home/future/Documents/pengyh/RobotAD_ws/install/robot_hardware/share/robot_hardware/cmake/rosidl_cmake_export_typesupport_libraries-extras.cmake
-- Up-to-date: /home/future/Documents/pengyh/RobotAD_ws/install/robot_hardware/share/robot_hardware/cmake/robot_hardwareConfig.cmake
-- Up-to-date: /home/future/Documents/pengyh/RobotAD_ws/install/robot_hardware/share/robot_hardware/cmake/robot_hardwareConfig-version.cmake
-- Up-to-date: /home/future/Documents/pengyh/RobotAD_ws/install/robot_hardware/share/robot_hardware/package.xml
