[0.009s] Invoking command in '/home/future/Documents/pengyh/RobotAD_ws/build/robot_hardware': CMAKE_PREFIX_PATH=${CMAKE_PREFIX_PATH}:/home/future/Documents/Robot/nav_ws/install/show_urdf:/home/future/Documents/Robot/nav_ws/install/serial_bridge:/home/future/Documents/Robot/nav_ws/install/ros_tcp_endpoint:/home/future/Documents/Robot/nav_ws/install/remove_obstacle:/home/future/Documents/Robot/nav_ws/install/keyboard_control:/opt/ros/humble /usr/bin/cmake --build /home/future/Documents/pengyh/RobotAD_ws/build/robot_hardware -- -j24 -l24
[0.070s] [  3%] Built target robot_hardware__cpp
[0.070s] [ 12%] Built target robot_hardware__rosidl_generator_c
[0.079s] [ 12%] Built target ament_cmake_python_copy_robot_hardware
[0.087s] [ 30%] Built target robot_hardware__rosidl_typesupport_c
[0.088s] [ 30%] Built target robot_hardware__rosidl_typesupport_cpp
[0.089s] [ 39%] Built target robot_hardware__rosidl_typesupport_fastrtps_cpp
[0.089s] [ 48%] Built target robot_hardware__rosidl_typesupport_introspection_cpp
[0.089s] [ 57%] Built target robot_hardware__rosidl_typesupport_introspection_c
[0.096s] [ 66%] Built target robot_hardware__rosidl_typesupport_fastrtps_c
[0.111s] [ 66%] Built target robot_hardware
[0.120s] [35m[1mConsolidate compiler generated dependencies of target hardware_manager[0m
[0.131s] [ 69%] Built target robot_hardware__py
[0.134s] [ 72%] [32mBuilding CXX object CMakeFiles/hardware_manager.dir/src/hardware_manager.cpp.o[0m
[0.152s] [ 78%] Built target robot_hardware__rosidl_generator_py
[0.167s] [ 84%] Built target robot_hardware__rosidl_typesupport_fastrtps_c__pyext
[0.168s] [ 90%] Built target robot_hardware__rosidl_typesupport_introspection_c__pyext
[0.168s] [ 96%] Built target robot_hardware__rosidl_typesupport_c__pyext
[0.265s] running egg_info
[0.265s] writing robot_hardware.egg-info/PKG-INFO
[0.265s] writing dependency_links to robot_hardware.egg-info/dependency_links.txt
[0.265s] writing top-level names to robot_hardware.egg-info/top_level.txt
[0.267s] reading manifest file 'robot_hardware.egg-info/SOURCES.txt'
[0.267s] writing manifest file 'robot_hardware.egg-info/SOURCES.txt'
[0.288s] [ 96%] Built target ament_cmake_python_build_robot_hardware_egg
[5.781s] [100%] [32m[1mLinking CXX executable hardware_manager[0m
[6.075s] [100%] Built target hardware_manager
[6.087s] Invoked command in '/home/future/Documents/pengyh/RobotAD_ws/build/robot_hardware' returned '0': CMAKE_PREFIX_PATH=${CMAKE_PREFIX_PATH}:/home/future/Documents/Robot/nav_ws/install/show_urdf:/home/future/Documents/Robot/nav_ws/install/serial_bridge:/home/future/Documents/Robot/nav_ws/install/ros_tcp_endpoint:/home/future/Documents/Robot/nav_ws/install/remove_obstacle:/home/future/Documents/Robot/nav_ws/install/keyboard_control:/opt/ros/humble /usr/bin/cmake --build /home/future/Documents/pengyh/RobotAD_ws/build/robot_hardware -- -j24 -l24
[6.217s] Invoking command in '/home/future/Documents/pengyh/RobotAD_ws/build/robot_hardware': CMAKE_PREFIX_PATH=${CMAKE_PREFIX_PATH}:/home/future/Documents/Robot/nav_ws/install/show_urdf:/home/future/Documents/Robot/nav_ws/install/serial_bridge:/home/future/Documents/Robot/nav_ws/install/ros_tcp_endpoint:/home/future/Documents/Robot/nav_ws/install/remove_obstacle:/home/future/Documents/Robot/nav_ws/install/keyboard_control:/opt/ros/humble /usr/bin/cmake --install /home/future/Documents/pengyh/RobotAD_ws/build/robot_hardware
[6.242s] -- Install configuration: ""
[6.243s] -- Up-to-date: /home/future/Documents/pengyh/RobotAD_ws/install/robot_hardware/share/ament_index/resource_index/rosidl_interfaces/robot_hardware
[6.243s] -- Up-to-date: /home/future/Documents/pengyh/RobotAD_ws/install/robot_hardware/include/robot_hardware/robot_hardware
[6.243s] -- Up-to-date: /home/future/Documents/pengyh/RobotAD_ws/install/robot_hardware/include/robot_hardware/robot_hardware/msg
[6.244s] -- Up-to-date: /home/future/Documents/pengyh/RobotAD_ws/install/robot_hardware/include/robot_hardware/robot_hardware/msg/hardware_data.h
[6.244s] -- Up-to-date: /home/future/Documents/pengyh/RobotAD_ws/install/robot_hardware/include/robot_hardware/robot_hardware/msg/rosidl_generator_c__visibility_control.h
[6.244s] -- Up-to-date: /home/future/Documents/pengyh/RobotAD_ws/install/robot_hardware/include/robot_hardware/robot_hardware/msg/detail
[6.245s] -- Up-to-date: /home/future/Documents/pengyh/RobotAD_ws/install/robot_hardware/include/robot_hardware/robot_hardware/msg/detail/hardware_data__functions.c
[6.245s] -- Up-to-date: /home/future/Documents/pengyh/RobotAD_ws/install/robot_hardware/include/robot_hardware/robot_hardware/msg/detail/hardware_data__functions.h
[6.246s] -- Up-to-date: /home/future/Documents/pengyh/RobotAD_ws/install/robot_hardware/include/robot_hardware/robot_hardware/msg/detail/hardware_data__struct.h
[6.246s] -- Up-to-date: /home/future/Documents/pengyh/RobotAD_ws/install/robot_hardware/include/robot_hardware/robot_hardware/msg/detail/hardware_data__type_support.h
[6.247s] -- Up-to-date: /home/future/Documents/pengyh/RobotAD_ws/install/robot_hardware/share/robot_hardware/environment/library_path.sh
[6.247s] -- Up-to-date: /home/future/Documents/pengyh/RobotAD_ws/install/robot_hardware/share/robot_hardware/environment/library_path.dsv
[6.247s] -- Up-to-date: /home/future/Documents/pengyh/RobotAD_ws/install/robot_hardware/lib/librobot_hardware__rosidl_generator_c.so
[6.248s] -- Up-to-date: /home/future/Documents/pengyh/RobotAD_ws/install/robot_hardware/include/robot_hardware/robot_hardware
[6.248s] -- Up-to-date: /home/future/Documents/pengyh/RobotAD_ws/install/robot_hardware/include/robot_hardware/robot_hardware/msg
[6.249s] -- Up-to-date: /home/future/Documents/pengyh/RobotAD_ws/install/robot_hardware/include/robot_hardware/robot_hardware/msg/rosidl_typesupport_fastrtps_c__visibility_control.h
[6.249s] -- Up-to-date: /home/future/Documents/pengyh/RobotAD_ws/install/robot_hardware/include/robot_hardware/robot_hardware/msg/detail
[6.250s] -- Up-to-date: /home/future/Documents/pengyh/RobotAD_ws/install/robot_hardware/include/robot_hardware/robot_hardware/msg/detail/hardware_data__rosidl_typesupport_fastrtps_c.h
[6.250s] -- Up-to-date: /home/future/Documents/pengyh/RobotAD_ws/install/robot_hardware/lib/librobot_hardware__rosidl_typesupport_fastrtps_c.so
[6.251s] -- Up-to-date: /home/future/Documents/pengyh/RobotAD_ws/install/robot_hardware/include/robot_hardware/robot_hardware
[6.251s] -- Up-to-date: /home/future/Documents/pengyh/RobotAD_ws/install/robot_hardware/include/robot_hardware/robot_hardware/msg
[6.251s] -- Up-to-date: /home/future/Documents/pengyh/RobotAD_ws/install/robot_hardware/include/robot_hardware/robot_hardware/msg/hardware_data.hpp
[6.251s] -- Up-to-date: /home/future/Documents/pengyh/RobotAD_ws/install/robot_hardware/include/robot_hardware/robot_hardware/msg/detail
[6.252s] -- Up-to-date: /home/future/Documents/pengyh/RobotAD_ws/install/robot_hardware/include/robot_hardware/robot_hardware/msg/detail/hardware_data__struct.hpp
[6.252s] -- Up-to-date: /home/future/Documents/pengyh/RobotAD_ws/install/robot_hardware/include/robot_hardware/robot_hardware/msg/detail/hardware_data__builder.hpp
[6.252s] -- Up-to-date: /home/future/Documents/pengyh/RobotAD_ws/install/robot_hardware/include/robot_hardware/robot_hardware/msg/detail/hardware_data__traits.hpp
[6.252s] -- Up-to-date: /home/future/Documents/pengyh/RobotAD_ws/install/robot_hardware/include/robot_hardware/robot_hardware
[6.253s] -- Up-to-date: /home/future/Documents/pengyh/RobotAD_ws/install/robot_hardware/include/robot_hardware/robot_hardware/msg
[6.253s] -- Up-to-date: /home/future/Documents/pengyh/RobotAD_ws/install/robot_hardware/include/robot_hardware/robot_hardware/msg/rosidl_typesupport_fastrtps_cpp__visibility_control.h
[6.253s] -- Up-to-date: /home/future/Documents/pengyh/RobotAD_ws/install/robot_hardware/include/robot_hardware/robot_hardware/msg/detail
[6.253s] -- Up-to-date: /home/future/Documents/pengyh/RobotAD_ws/install/robot_hardware/include/robot_hardware/robot_hardware/msg/detail/hardware_data__rosidl_typesupport_fastrtps_cpp.hpp
[6.253s] -- Up-to-date: /home/future/Documents/pengyh/RobotAD_ws/install/robot_hardware/include/robot_hardware/robot_hardware/msg/detail/dds_fastrtps
[6.254s] -- Up-to-date: /home/future/Documents/pengyh/RobotAD_ws/install/robot_hardware/lib/librobot_hardware__rosidl_typesupport_fastrtps_cpp.so
[6.254s] -- Up-to-date: /home/future/Documents/pengyh/RobotAD_ws/install/robot_hardware/include/robot_hardware/robot_hardware
[6.254s] -- Up-to-date: /home/future/Documents/pengyh/RobotAD_ws/install/robot_hardware/include/robot_hardware/robot_hardware/msg
[6.254s] -- Up-to-date: /home/future/Documents/pengyh/RobotAD_ws/install/robot_hardware/include/robot_hardware/robot_hardware/msg/detail
[6.254s] -- Up-to-date: /home/future/Documents/pengyh/RobotAD_ws/install/robot_hardware/include/robot_hardware/robot_hardware/msg/detail/hardware_data__type_support.c
[6.255s] -- Up-to-date: /home/future/Documents/pengyh/RobotAD_ws/install/robot_hardware/include/robot_hardware/robot_hardware/msg/detail/hardware_data__rosidl_typesupport_introspection_c.h
[6.255s] -- Up-to-date: /home/future/Documents/pengyh/RobotAD_ws/install/robot_hardware/include/robot_hardware/robot_hardware/msg/rosidl_typesupport_introspection_c__visibility_control.h
[6.255s] -- Up-to-date: /home/future/Documents/pengyh/RobotAD_ws/install/robot_hardware/lib/librobot_hardware__rosidl_typesupport_introspection_c.so
[6.255s] -- Up-to-date: /home/future/Documents/pengyh/RobotAD_ws/install/robot_hardware/lib/librobot_hardware__rosidl_typesupport_c.so
[6.255s] -- Up-to-date: /home/future/Documents/pengyh/RobotAD_ws/install/robot_hardware/include/robot_hardware/robot_hardware
[6.255s] -- Up-to-date: /home/future/Documents/pengyh/RobotAD_ws/install/robot_hardware/include/robot_hardware/robot_hardware/msg
[6.255s] -- Up-to-date: /home/future/Documents/pengyh/RobotAD_ws/install/robot_hardware/include/robot_hardware/robot_hardware/msg/detail
[6.256s] -- Up-to-date: /home/future/Documents/pengyh/RobotAD_ws/install/robot_hardware/include/robot_hardware/robot_hardware/msg/detail/hardware_data__type_support.cpp
[6.256s] -- Up-to-date: /home/future/Documents/pengyh/RobotAD_ws/install/robot_hardware/include/robot_hardware/robot_hardware/msg/detail/hardware_data__rosidl_typesupport_introspection_cpp.hpp
[6.256s] -- Up-to-date: /home/future/Documents/pengyh/RobotAD_ws/install/robot_hardware/lib/librobot_hardware__rosidl_typesupport_introspection_cpp.so
[6.256s] -- Up-to-date: /home/future/Documents/pengyh/RobotAD_ws/install/robot_hardware/lib/librobot_hardware__rosidl_typesupport_cpp.so
[6.256s] -- Up-to-date: /home/future/Documents/pengyh/RobotAD_ws/install/robot_hardware/share/robot_hardware/environment/pythonpath.sh
[6.256s] -- Up-to-date: /home/future/Documents/pengyh/RobotAD_ws/install/robot_hardware/share/robot_hardware/environment/pythonpath.dsv
[6.257s] -- Up-to-date: /home/future/Documents/pengyh/RobotAD_ws/install/robot_hardware/local/lib/python3.10/dist-packages/robot_hardware-0.0.0-py3.10.egg-info
[6.257s] -- Installing: /home/future/Documents/pengyh/RobotAD_ws/install/robot_hardware/local/lib/python3.10/dist-packages/robot_hardware-0.0.0-py3.10.egg-info/top_level.txt
[6.257s] -- Installing: /home/future/Documents/pengyh/RobotAD_ws/install/robot_hardware/local/lib/python3.10/dist-packages/robot_hardware-0.0.0-py3.10.egg-info/PKG-INFO
[6.257s] -- Installing: /home/future/Documents/pengyh/RobotAD_ws/install/robot_hardware/local/lib/python3.10/dist-packages/robot_hardware-0.0.0-py3.10.egg-info/dependency_links.txt
[6.257s] -- Installing: /home/future/Documents/pengyh/RobotAD_ws/install/robot_hardware/local/lib/python3.10/dist-packages/robot_hardware-0.0.0-py3.10.egg-info/SOURCES.txt
[6.257s] -- Up-to-date: /home/future/Documents/pengyh/RobotAD_ws/install/robot_hardware/local/lib/python3.10/dist-packages/robot_hardware
[6.258s] -- Up-to-date: /home/future/Documents/pengyh/RobotAD_ws/install/robot_hardware/local/lib/python3.10/dist-packages/robot_hardware/librobot_hardware__rosidl_generator_py.so
[6.258s] -- Up-to-date: /home/future/Documents/pengyh/RobotAD_ws/install/robot_hardware/local/lib/python3.10/dist-packages/robot_hardware/_robot_hardware_s.ep.rosidl_typesupport_c.c
[6.258s] -- Up-to-date: /home/future/Documents/pengyh/RobotAD_ws/install/robot_hardware/local/lib/python3.10/dist-packages/robot_hardware/robot_hardware_s__rosidl_typesupport_c.cpython-310-x86_64-linux-gnu.so
[6.258s] -- Up-to-date: /home/future/Documents/pengyh/RobotAD_ws/install/robot_hardware/local/lib/python3.10/dist-packages/robot_hardware/msg
[6.258s] -- Up-to-date: /home/future/Documents/pengyh/RobotAD_ws/install/robot_hardware/local/lib/python3.10/dist-packages/robot_hardware/msg/_hardware_data_s.c
[6.258s] -- Up-to-date: /home/future/Documents/pengyh/RobotAD_ws/install/robot_hardware/local/lib/python3.10/dist-packages/robot_hardware/msg/_hardware_data.py
[6.259s] -- Up-to-date: /home/future/Documents/pengyh/RobotAD_ws/install/robot_hardware/local/lib/python3.10/dist-packages/robot_hardware/msg/__init__.py
[6.259s] -- Up-to-date: /home/future/Documents/pengyh/RobotAD_ws/install/robot_hardware/local/lib/python3.10/dist-packages/robot_hardware/robot_hardware_s__rosidl_typesupport_fastrtps_c.cpython-310-x86_64-linux-gnu.so
[6.259s] -- Up-to-date: /home/future/Documents/pengyh/RobotAD_ws/install/robot_hardware/local/lib/python3.10/dist-packages/robot_hardware/_robot_hardware_s.ep.rosidl_typesupport_fastrtps_c.c
[6.259s] -- Up-to-date: /home/future/Documents/pengyh/RobotAD_ws/install/robot_hardware/local/lib/python3.10/dist-packages/robot_hardware/robot_hardware_s__rosidl_typesupport_introspection_c.cpython-310-x86_64-linux-gnu.so
[6.259s] -- Up-to-date: /home/future/Documents/pengyh/RobotAD_ws/install/robot_hardware/local/lib/python3.10/dist-packages/robot_hardware/_robot_hardware_s.ep.rosidl_typesupport_introspection_c.c
[6.259s] -- Up-to-date: /home/future/Documents/pengyh/RobotAD_ws/install/robot_hardware/local/lib/python3.10/dist-packages/robot_hardware/__init__.py
[6.358s] Listing '/home/future/Documents/pengyh/RobotAD_ws/install/robot_hardware/local/lib/python3.10/dist-packages/robot_hardware'...
[6.359s] Listing '/home/future/Documents/pengyh/RobotAD_ws/install/robot_hardware/local/lib/python3.10/dist-packages/robot_hardware/msg'...
[6.371s] -- Up-to-date: /home/future/Documents/pengyh/RobotAD_ws/install/robot_hardware/local/lib/python3.10/dist-packages/robot_hardware/robot_hardware_s__rosidl_typesupport_fastrtps_c.cpython-310-x86_64-linux-gnu.so
[6.372s] -- Up-to-date: /home/future/Documents/pengyh/RobotAD_ws/install/robot_hardware/local/lib/python3.10/dist-packages/robot_hardware/robot_hardware_s__rosidl_typesupport_introspection_c.cpython-310-x86_64-linux-gnu.so
[6.373s] -- Up-to-date: /home/future/Documents/pengyh/RobotAD_ws/install/robot_hardware/local/lib/python3.10/dist-packages/robot_hardware/robot_hardware_s__rosidl_typesupport_c.cpython-310-x86_64-linux-gnu.so
[6.373s] -- Up-to-date: /home/future/Documents/pengyh/RobotAD_ws/install/robot_hardware/lib/librobot_hardware__rosidl_generator_py.so
[6.374s] -- Up-to-date: /home/future/Documents/pengyh/RobotAD_ws/install/robot_hardware/share/robot_hardware/msg/HardwareData.idl
[6.374s] -- Up-to-date: /home/future/Documents/pengyh/RobotAD_ws/install/robot_hardware/share/robot_hardware/msg/HardwareData.msg
[6.374s] -- Installing: /home/future/Documents/pengyh/RobotAD_ws/install/robot_hardware/lib/robot_hardware/hardware_manager
[6.388s] -- Set runtime path of "/home/future/Documents/pengyh/RobotAD_ws/install/robot_hardware/lib/robot_hardware/hardware_manager" to ""
[6.388s] -- Up-to-date: /home/future/Documents/pengyh/RobotAD_ws/install/robot_hardware/include
[6.389s] -- Up-to-date: /home/future/Documents/pengyh/RobotAD_ws/install/robot_hardware/include/robot_hardware
[6.389s] -- Up-to-date: /home/future/Documents/pengyh/RobotAD_ws/install/robot_hardware/include/robot_hardware/HardwareData.hpp
[6.389s] -- Up-to-date: /home/future/Documents/pengyh/RobotAD_ws/install/robot_hardware/share/robot_hardware/msg/msg
[6.390s] -- Up-to-date: /home/future/Documents/pengyh/RobotAD_ws/install/robot_hardware/share/robot_hardware/msg/msg/HardwareData.msg
[6.390s] -- Up-to-date: /home/future/Documents/pengyh/RobotAD_ws/install/robot_hardware/share/ament_index/resource_index/package_run_dependencies/robot_hardware
[6.391s] -- Up-to-date: /home/future/Documents/pengyh/RobotAD_ws/install/robot_hardware/share/ament_index/resource_index/parent_prefix_path/robot_hardware
[6.391s] -- Up-to-date: /home/future/Documents/pengyh/RobotAD_ws/install/robot_hardware/share/robot_hardware/environment/ament_prefix_path.sh
[6.391s] -- Up-to-date: /home/future/Documents/pengyh/RobotAD_ws/install/robot_hardware/share/robot_hardware/environment/ament_prefix_path.dsv
[6.392s] -- Up-to-date: /home/future/Documents/pengyh/RobotAD_ws/install/robot_hardware/share/robot_hardware/environment/path.sh
[6.392s] -- Up-to-date: /home/future/Documents/pengyh/RobotAD_ws/install/robot_hardware/share/robot_hardware/environment/path.dsv
[6.392s] -- Up-to-date: /home/future/Documents/pengyh/RobotAD_ws/install/robot_hardware/share/robot_hardware/local_setup.bash
[6.392s] -- Up-to-date: /home/future/Documents/pengyh/RobotAD_ws/install/robot_hardware/share/robot_hardware/local_setup.sh
[6.393s] -- Up-to-date: /home/future/Documents/pengyh/RobotAD_ws/install/robot_hardware/share/robot_hardware/local_setup.zsh
[6.393s] -- Up-to-date: /home/future/Documents/pengyh/RobotAD_ws/install/robot_hardware/share/robot_hardware/local_setup.dsv
[6.393s] -- Installing: /home/future/Documents/pengyh/RobotAD_ws/install/robot_hardware/share/robot_hardware/package.dsv
[6.393s] -- Up-to-date: /home/future/Documents/pengyh/RobotAD_ws/install/robot_hardware/share/ament_index/resource_index/packages/robot_hardware
[6.393s] -- Up-to-date: /home/future/Documents/pengyh/RobotAD_ws/install/robot_hardware/share/robot_hardware/cmake/export_robot_hardware__rosidl_generator_cExport.cmake
[6.393s] -- Up-to-date: /home/future/Documents/pengyh/RobotAD_ws/install/robot_hardware/share/robot_hardware/cmake/export_robot_hardware__rosidl_generator_cExport-noconfig.cmake
[6.394s] -- Up-to-date: /home/future/Documents/pengyh/RobotAD_ws/install/robot_hardware/share/robot_hardware/cmake/export_robot_hardware__rosidl_typesupport_fastrtps_cExport.cmake
[6.394s] -- Up-to-date: /home/future/Documents/pengyh/RobotAD_ws/install/robot_hardware/share/robot_hardware/cmake/export_robot_hardware__rosidl_typesupport_fastrtps_cExport-noconfig.cmake
[6.394s] -- Up-to-date: /home/future/Documents/pengyh/RobotAD_ws/install/robot_hardware/share/robot_hardware/cmake/export_robot_hardware__rosidl_generator_cppExport.cmake
[6.394s] -- Up-to-date: /home/future/Documents/pengyh/RobotAD_ws/install/robot_hardware/share/robot_hardware/cmake/export_robot_hardware__rosidl_typesupport_fastrtps_cppExport.cmake
[6.394s] -- Up-to-date: /home/future/Documents/pengyh/RobotAD_ws/install/robot_hardware/share/robot_hardware/cmake/export_robot_hardware__rosidl_typesupport_fastrtps_cppExport-noconfig.cmake
[6.394s] -- Up-to-date: /home/future/Documents/pengyh/RobotAD_ws/install/robot_hardware/share/robot_hardware/cmake/robot_hardware__rosidl_typesupport_introspection_cExport.cmake
[6.395s] -- Up-to-date: /home/future/Documents/pengyh/RobotAD_ws/install/robot_hardware/share/robot_hardware/cmake/robot_hardware__rosidl_typesupport_introspection_cExport-noconfig.cmake
[6.395s] -- Up-to-date: /home/future/Documents/pengyh/RobotAD_ws/install/robot_hardware/share/robot_hardware/cmake/robot_hardware__rosidl_typesupport_cExport.cmake
[6.395s] -- Up-to-date: /home/future/Documents/pengyh/RobotAD_ws/install/robot_hardware/share/robot_hardware/cmake/robot_hardware__rosidl_typesupport_cExport-noconfig.cmake
[6.395s] -- Up-to-date: /home/future/Documents/pengyh/RobotAD_ws/install/robot_hardware/share/robot_hardware/cmake/robot_hardware__rosidl_typesupport_introspection_cppExport.cmake
[6.395s] -- Up-to-date: /home/future/Documents/pengyh/RobotAD_ws/install/robot_hardware/share/robot_hardware/cmake/robot_hardware__rosidl_typesupport_introspection_cppExport-noconfig.cmake
[6.396s] -- Up-to-date: /home/future/Documents/pengyh/RobotAD_ws/install/robot_hardware/share/robot_hardware/cmake/robot_hardware__rosidl_typesupport_cppExport.cmake
[6.396s] -- Up-to-date: /home/future/Documents/pengyh/RobotAD_ws/install/robot_hardware/share/robot_hardware/cmake/robot_hardware__rosidl_typesupport_cppExport-noconfig.cmake
[6.396s] -- Up-to-date: /home/future/Documents/pengyh/RobotAD_ws/install/robot_hardware/share/robot_hardware/cmake/export_robot_hardware__rosidl_generator_pyExport.cmake
[6.396s] -- Up-to-date: /home/future/Documents/pengyh/RobotAD_ws/install/robot_hardware/share/robot_hardware/cmake/export_robot_hardware__rosidl_generator_pyExport-noconfig.cmake
[6.397s] -- Up-to-date: /home/future/Documents/pengyh/RobotAD_ws/install/robot_hardware/share/robot_hardware/cmake/rosidl_cmake-extras.cmake
[6.398s] -- Up-to-date: /home/future/Documents/pengyh/RobotAD_ws/install/robot_hardware/share/robot_hardware/cmake/ament_cmake_export_dependencies-extras.cmake
[6.399s] -- Up-to-date: /home/future/Documents/pengyh/RobotAD_ws/install/robot_hardware/share/robot_hardware/cmake/ament_cmake_export_include_directories-extras.cmake
[6.400s] -- Up-to-date: /home/future/Documents/pengyh/RobotAD_ws/install/robot_hardware/share/robot_hardware/cmake/ament_cmake_export_libraries-extras.cmake
[6.401s] -- Up-to-date: /home/future/Documents/pengyh/RobotAD_ws/install/robot_hardware/share/robot_hardware/cmake/ament_cmake_export_targets-extras.cmake
[6.401s] -- Up-to-date: /home/future/Documents/pengyh/RobotAD_ws/install/robot_hardware/share/robot_hardware/cmake/rosidl_cmake_export_typesupport_targets-extras.cmake
[6.402s] -- Up-to-date: /home/future/Documents/pengyh/RobotAD_ws/install/robot_hardware/share/robot_hardware/cmake/rosidl_cmake_export_typesupport_libraries-extras.cmake
[6.402s] -- Up-to-date: /home/future/Documents/pengyh/RobotAD_ws/install/robot_hardware/share/robot_hardware/cmake/robot_hardwareConfig.cmake
[6.402s] -- Up-to-date: /home/future/Documents/pengyh/RobotAD_ws/install/robot_hardware/share/robot_hardware/cmake/robot_hardwareConfig-version.cmake
[6.403s] -- Up-to-date: /home/future/Documents/pengyh/RobotAD_ws/install/robot_hardware/share/robot_hardware/package.xml
[6.404s] Invoked command in '/home/future/Documents/pengyh/RobotAD_ws/build/robot_hardware' returned '0': CMAKE_PREFIX_PATH=${CMAKE_PREFIX_PATH}:/home/future/Documents/Robot/nav_ws/install/show_urdf:/home/future/Documents/Robot/nav_ws/install/serial_bridge:/home/future/Documents/Robot/nav_ws/install/ros_tcp_endpoint:/home/future/Documents/Robot/nav_ws/install/remove_obstacle:/home/future/Documents/Robot/nav_ws/install/keyboard_control:/opt/ros/humble /usr/bin/cmake --install /home/future/Documents/pengyh/RobotAD_ws/build/robot_hardware
