[0.042s] Invoking command in '/home/future/Documents/pengyh/RobotAD_ws/build/diff_control': CMAKE_PREFIX_PATH=${CMAKE_PREFIX_PATH}:/opt/ros/humble /usr/bin/cmake --build /home/future/Documents/pengyh/RobotAD_ws/build/diff_control -- -j24 -l24
[0.083s] [35m[1mConsolidate compiler generated dependencies of target diff_control[0m
[0.108s] [ 50%] [32mBuilding CXX object CMakeFiles/diff_control.dir/hardware/diffbot_system.cpp.o[0m
[3.883s] [100%] [32m[1mLinking CXX shared library libdiff_control.so[0m
[4.050s] [100%] Built target diff_control
[4.062s] Invoked command in '/home/future/Documents/pengyh/RobotAD_ws/build/diff_control' returned '0': CMAKE_PREFIX_PATH=${CMAKE_PREFIX_PATH}:/opt/ros/humble /usr/bin/cmake --build /home/future/Documents/pengyh/RobotAD_ws/build/diff_control -- -j24 -l24
[4.063s] Invoking command in '/home/future/Documents/pengyh/RobotAD_ws/build/diff_control': CMAKE_PREFIX_PATH=${CMAKE_PREFIX_PATH}:/opt/ros/humble /usr/bin/cmake --install /home/future/Documents/pengyh/RobotAD_ws/build/diff_control
[4.070s] -- Install configuration: ""
[4.070s] -- Up-to-date: /home/future/Documents/pengyh/RobotAD_ws/install/diff_control/share/diff_control/diff_control.xml
[4.070s] -- Up-to-date: /home/future/Documents/pengyh/RobotAD_ws/install/diff_control/share/diff_control/world
[4.071s] -- Up-to-date: /home/future/Documents/pengyh/RobotAD_ws/install/diff_control/share/diff_control/world/sim_world.sdf
[4.071s] -- Up-to-date: /home/future/Documents/pengyh/RobotAD_ws/install/diff_control/share/diff_control/world/sim_world_2.sdf
[4.071s] -- Up-to-date: /home/future/Documents/pengyh/RobotAD_ws/install/diff_control/share/diff_control/world/sim_world2.sdf
[4.071s] -- Up-to-date: /home/future/Documents/pengyh/RobotAD_ws/install/diff_control/share/diff_control/world/obstacles.world
[4.071s] -- Up-to-date: /home/future/Documents/pengyh/RobotAD_ws/install/diff_control/include/diff_control
[4.071s] -- Up-to-date: /home/future/Documents/pengyh/RobotAD_ws/install/diff_control/include/diff_control/diff_control
[4.071s] -- Up-to-date: /home/future/Documents/pengyh/RobotAD_ws/install/diff_control/include/diff_control/diff_control/serial_bridge_backup.cpp
[4.071s] -- Up-to-date: /home/future/Documents/pengyh/RobotAD_ws/install/diff_control/include/diff_control/diff_control/wheel.hpp
[4.071s] -- Installing: /home/future/Documents/pengyh/RobotAD_ws/install/diff_control/include/diff_control/diff_control/serial_bridge.hpp
[4.071s] -- Up-to-date: /home/future/Documents/pengyh/RobotAD_ws/install/diff_control/include/diff_control/diff_control/serial_bridge_directly.hpp
[4.071s] -- Up-to-date: /home/future/Documents/pengyh/RobotAD_ws/install/diff_control/include/diff_control/diff_control/diffbot_system.hpp
[4.071s] -- Up-to-date: /home/future/Documents/pengyh/RobotAD_ws/install/diff_control/include/diff_control/diff_control/visibility_control.h
[4.072s] -- Up-to-date: /home/future/Documents/pengyh/RobotAD_ws/install/diff_control/share/diff_control/launch
[4.072s] -- Up-to-date: /home/future/Documents/pengyh/RobotAD_ws/install/diff_control/share/diff_control/launch/view_robot.launch.py
[4.072s] -- Up-to-date: /home/future/Documents/pengyh/RobotAD_ws/install/diff_control/share/diff_control/ros2_control
[4.072s] -- Up-to-date: /home/future/Documents/pengyh/RobotAD_ws/install/diff_control/share/diff_control/ros2_control/diffbot.materials.xacro
[4.072s] -- Up-to-date: /home/future/Documents/pengyh/RobotAD_ws/install/diff_control/share/diff_control/ros2_control/diffbot_model_our.urdf.xacro
[4.072s] -- Up-to-date: /home/future/Documents/pengyh/RobotAD_ws/install/diff_control/share/diff_control/ros2_control/inertial_macros.xacro
[4.072s] -- Up-to-date: /home/future/Documents/pengyh/RobotAD_ws/install/diff_control/share/diff_control/ros2_control/diffbot.ros2_control.xacro
[4.072s] -- Up-to-date: /home/future/Documents/pengyh/RobotAD_ws/install/diff_control/share/diff_control/ros2_control/lidar.xacro
[4.072s] -- Up-to-date: /home/future/Documents/pengyh/RobotAD_ws/install/diff_control/share/diff_control/urdf
[4.072s] -- Up-to-date: /home/future/Documents/pengyh/RobotAD_ws/install/diff_control/share/diff_control/urdf/diffbot.urdf.xacro
[4.072s] -- Up-to-date: /home/future/Documents/pengyh/RobotAD_ws/install/diff_control/share/diff_control/launch
[4.072s] -- Up-to-date: /home/future/Documents/pengyh/RobotAD_ws/install/diff_control/share/diff_control/launch/diffbot_sim.launch.py
[4.072s] -- Up-to-date: /home/future/Documents/pengyh/RobotAD_ws/install/diff_control/share/diff_control/launch/diffbot.launch.py
[4.072s] -- Up-to-date: /home/future/Documents/pengyh/RobotAD_ws/install/diff_control/share/diff_control/launch/__pycache__
[4.072s] -- Installing: /home/future/Documents/pengyh/RobotAD_ws/install/diff_control/share/diff_control/launch/__pycache__/diffbot.launch.cpython-310.pyc
[4.072s] -- Up-to-date: /home/future/Documents/pengyh/RobotAD_ws/install/diff_control/share/diff_control/config
[4.072s] -- Up-to-date: /home/future/Documents/pengyh/RobotAD_ws/install/diff_control/share/diff_control/config/gazebo_params.yaml
[4.072s] -- Up-to-date: /home/future/Documents/pengyh/RobotAD_ws/install/diff_control/share/diff_control/config/diffbot_controllers.yaml
[4.073s] -- Up-to-date: /home/future/Documents/pengyh/RobotAD_ws/install/diff_control/share/diff_control/config/urdf.rviz
[4.073s] -- Up-to-date: /home/future/Documents/pengyh/RobotAD_ws/install/diff_control/share/diff_control/config/gazebo_use_sim_control.yaml
[4.073s] -- Up-to-date: /home/future/Documents/pengyh/RobotAD_ws/install/diff_control/share/diff_control/config/urdf.rviz.old
[4.073s] -- Installing: /home/future/Documents/pengyh/RobotAD_ws/install/diff_control/lib/libdiff_control.so
[4.073s] -- Set runtime path of "/home/future/Documents/pengyh/RobotAD_ws/install/diff_control/lib/libdiff_control.so" to ""
[4.073s] -- Up-to-date: /home/future/Documents/pengyh/RobotAD_ws/install/diff_control/share/diff_control/environment/library_path.sh
[4.073s] -- Up-to-date: /home/future/Documents/pengyh/RobotAD_ws/install/diff_control/share/diff_control/environment/library_path.dsv
[4.073s] -- Up-to-date: /home/future/Documents/pengyh/RobotAD_ws/install/diff_control/share/ament_index/resource_index/package_run_dependencies/diff_control
[4.073s] -- Up-to-date: /home/future/Documents/pengyh/RobotAD_ws/install/diff_control/share/ament_index/resource_index/parent_prefix_path/diff_control
[4.073s] -- Up-to-date: /home/future/Documents/pengyh/RobotAD_ws/install/diff_control/share/diff_control/environment/ament_prefix_path.sh
[4.073s] -- Up-to-date: /home/future/Documents/pengyh/RobotAD_ws/install/diff_control/share/diff_control/environment/ament_prefix_path.dsv
[4.073s] -- Up-to-date: /home/future/Documents/pengyh/RobotAD_ws/install/diff_control/share/diff_control/environment/path.sh
[4.073s] -- Up-to-date: /home/future/Documents/pengyh/RobotAD_ws/install/diff_control/share/diff_control/environment/path.dsv
[4.073s] -- Up-to-date: /home/future/Documents/pengyh/RobotAD_ws/install/diff_control/share/diff_control/local_setup.bash
[4.073s] -- Up-to-date: /home/future/Documents/pengyh/RobotAD_ws/install/diff_control/share/diff_control/local_setup.sh
[4.073s] -- Up-to-date: /home/future/Documents/pengyh/RobotAD_ws/install/diff_control/share/diff_control/local_setup.zsh
[4.073s] -- Up-to-date: /home/future/Documents/pengyh/RobotAD_ws/install/diff_control/share/diff_control/local_setup.dsv
[4.073s] -- Installing: /home/future/Documents/pengyh/RobotAD_ws/install/diff_control/share/diff_control/package.dsv
[4.073s] -- Up-to-date: /home/future/Documents/pengyh/RobotAD_ws/install/diff_control/share/ament_index/resource_index/packages/diff_control
[4.073s] -- Up-to-date: /home/future/Documents/pengyh/RobotAD_ws/install/diff_control/share/ament_index/resource_index/hardware_interface__pluginlib__plugin/diff_control
[4.073s] -- Up-to-date: /home/future/Documents/pengyh/RobotAD_ws/install/diff_control/share/diff_control/cmake/export_diff_controlExport.cmake
[4.073s] -- Up-to-date: /home/future/Documents/pengyh/RobotAD_ws/install/diff_control/share/diff_control/cmake/export_diff_controlExport-noconfig.cmake
[4.073s] -- Up-to-date: /home/future/Documents/pengyh/RobotAD_ws/install/diff_control/share/diff_control/cmake/ament_cmake_export_targets-extras.cmake
[4.073s] -- Up-to-date: /home/future/Documents/pengyh/RobotAD_ws/install/diff_control/share/diff_control/cmake/ament_cmake_export_dependencies-extras.cmake
[4.073s] -- Up-to-date: /home/future/Documents/pengyh/RobotAD_ws/install/diff_control/share/diff_control/cmake/diff_controlConfig.cmake
[4.073s] -- Up-to-date: /home/future/Documents/pengyh/RobotAD_ws/install/diff_control/share/diff_control/cmake/diff_controlConfig-version.cmake
[4.073s] -- Up-to-date: /home/future/Documents/pengyh/RobotAD_ws/install/diff_control/share/diff_control/package.xml
[4.075s] Invoked command in '/home/future/Documents/pengyh/RobotAD_ws/build/diff_control' returned '0': CMAKE_PREFIX_PATH=${CMAKE_PREFIX_PATH}:/opt/ros/humble /usr/bin/cmake --install /home/future/Documents/pengyh/RobotAD_ws/build/diff_control
