[0.021s] Invoking command in '/home/pengyh/documents/ros2_ws/RobotAD/build/robot_hardware': CMAKE_PREFIX_PATH=${CMAKE_PREFIX_PATH}:/opt/ros/humble CONDA_PROMPT_MODIFIER=(base) /usr/bin/cmake --build /home/pengyh/documents/ros2_ws/RobotAD/build/robot_hardware -- -j24 -l24
[0.054s] [  2%] Built target robot_hardware__cpp
[0.055s] [ 12%] Built target robot_hardware__rosidl_generator_c
[0.061s] [ 12%] Built target ament_cmake_python_symlink_robot_hardware
[0.068s] [ 21%] Built target robot_hardware__rosidl_typesupport_introspection_cpp
[0.070s] [ 31%] Built target robot_hardware__rosidl_typesupport_fastrtps_cpp
[0.071s] [ 41%] Built target robot_hardware__rosidl_typesupport_c
[0.071s] [ 60%] Built target robot_hardware__rosidl_typesupport_introspection_c
[0.071s] [ 60%] Built target robot_hardware__rosidl_typesupport_fastrtps_c
[0.072s] [ 70%] Built target robot_hardware__rosidl_typesupport_cpp
[0.083s] [ 70%] Built target robot_hardware
[0.093s] [ 75%] Built target hardware_manager
[0.093s] [ 78%] Built target robot_hardware__py
[0.105s] [ 85%] Built target robot_hardware__rosidl_generator_py
[0.117s] [ 90%] Built target robot_hardware__rosidl_typesupport_introspection_c__pyext
[0.123s] [ 95%] Built target robot_hardware__rosidl_typesupport_fastrtps_c__pyext
[0.124s] [100%] Built target robot_hardware__rosidl_typesupport_c__pyext
[0.226s] running egg_info
[0.240s] writing robot_hardware.egg-info/PKG-INFO
[0.240s] writing dependency_links to robot_hardware.egg-info/dependency_links.txt
[0.240s] writing top-level names to robot_hardware.egg-info/top_level.txt
[0.283s] reading manifest file 'robot_hardware.egg-info/SOURCES.txt'
[0.283s] writing manifest file 'robot_hardware.egg-info/SOURCES.txt'
[0.303s] [100%] Built target ament_cmake_python_build_robot_hardware_egg
[0.309s] Invoked command in '/home/pengyh/documents/ros2_ws/RobotAD/build/robot_hardware' returned '0': CMAKE_PREFIX_PATH=${CMAKE_PREFIX_PATH}:/opt/ros/humble CONDA_PROMPT_MODIFIER=(base) /usr/bin/cmake --build /home/pengyh/documents/ros2_ws/RobotAD/build/robot_hardware -- -j24 -l24
[0.310s] Invoking command in '/home/pengyh/documents/ros2_ws/RobotAD/build/robot_hardware': CMAKE_PREFIX_PATH=${CMAKE_PREFIX_PATH}:/opt/ros/humble CONDA_PROMPT_MODIFIER=(base) /usr/bin/cmake --install /home/pengyh/documents/ros2_ws/RobotAD/build/robot_hardware
[0.314s] -- Install configuration: ""
[0.315s] -- Execute custom install script
[0.315s] -- Up-to-date symlink: /home/pengyh/documents/ros2_ws/RobotAD/install/robot_hardware/share/ament_index/resource_index/rosidl_interfaces/robot_hardware
[0.315s] -- Up-to-date symlink: /home/pengyh/documents/ros2_ws/RobotAD/install/robot_hardware/include/robot_hardware/robot_hardware/msg/detail/hardware_data__functions.h
[0.315s] -- Up-to-date symlink: /home/pengyh/documents/ros2_ws/RobotAD/install/robot_hardware/include/robot_hardware/robot_hardware/msg/detail/hardware_data__struct.h
[0.315s] -- Up-to-date symlink: /home/pengyh/documents/ros2_ws/RobotAD/install/robot_hardware/include/robot_hardware/robot_hardware/msg/detail/hardware_data__type_support.h
[0.315s] -- Up-to-date symlink: /home/pengyh/documents/ros2_ws/RobotAD/install/robot_hardware/include/robot_hardware/robot_hardware/msg/detail/motor_data__functions.h
[0.316s] -- Up-to-date symlink: /home/pengyh/documents/ros2_ws/RobotAD/install/robot_hardware/include/robot_hardware/robot_hardware/msg/detail/motor_data__struct.h
[0.316s] -- Up-to-date symlink: /home/pengyh/documents/ros2_ws/RobotAD/install/robot_hardware/include/robot_hardware/robot_hardware/msg/detail/motor_data__type_support.h
[0.316s] -- Up-to-date symlink: /home/pengyh/documents/ros2_ws/RobotAD/install/robot_hardware/include/robot_hardware/robot_hardware/msg/hardware_data.h
[0.316s] -- Up-to-date symlink: /home/pengyh/documents/ros2_ws/RobotAD/install/robot_hardware/include/robot_hardware/robot_hardware/msg/motor_data.h
[0.316s] -- Up-to-date symlink: /home/pengyh/documents/ros2_ws/RobotAD/install/robot_hardware/include/robot_hardware/robot_hardware/msg/rosidl_generator_c__visibility_control.h
[0.316s] -- Up-to-date symlink: /home/pengyh/documents/ros2_ws/RobotAD/install/robot_hardware/share/robot_hardware/environment/library_path.sh
[0.316s] -- Up-to-date symlink: /home/pengyh/documents/ros2_ws/RobotAD/install/robot_hardware/share/robot_hardware/environment/library_path.dsv
[0.317s] -- Up-to-date symlink: /home/pengyh/documents/ros2_ws/RobotAD/install/robot_hardware/include/robot_hardware/robot_hardware/msg/detail/hardware_data__rosidl_typesupport_fastrtps_c.h
[0.317s] -- Up-to-date symlink: /home/pengyh/documents/ros2_ws/RobotAD/install/robot_hardware/include/robot_hardware/robot_hardware/msg/detail/motor_data__rosidl_typesupport_fastrtps_c.h
[0.317s] -- Up-to-date symlink: /home/pengyh/documents/ros2_ws/RobotAD/install/robot_hardware/include/robot_hardware/robot_hardware/msg/rosidl_typesupport_fastrtps_c__visibility_control.h
[0.317s] -- Up-to-date symlink: /home/pengyh/documents/ros2_ws/RobotAD/install/robot_hardware/include/robot_hardware/robot_hardware/msg/detail/hardware_data__builder.hpp
[0.317s] -- Up-to-date symlink: /home/pengyh/documents/ros2_ws/RobotAD/install/robot_hardware/include/robot_hardware/robot_hardware/msg/detail/hardware_data__struct.hpp
[0.317s] -- Up-to-date symlink: /home/pengyh/documents/ros2_ws/RobotAD/install/robot_hardware/include/robot_hardware/robot_hardware/msg/detail/hardware_data__traits.hpp
[0.318s] -- Up-to-date symlink: /home/pengyh/documents/ros2_ws/RobotAD/install/robot_hardware/include/robot_hardware/robot_hardware/msg/detail/hardware_data__type_support.hpp
[0.318s] -- Up-to-date symlink: /home/pengyh/documents/ros2_ws/RobotAD/install/robot_hardware/include/robot_hardware/robot_hardware/msg/detail/motor_data__builder.hpp
[0.318s] -- Up-to-date symlink: /home/pengyh/documents/ros2_ws/RobotAD/install/robot_hardware/include/robot_hardware/robot_hardware/msg/detail/motor_data__struct.hpp
[0.318s] -- Up-to-date symlink: /home/pengyh/documents/ros2_ws/RobotAD/install/robot_hardware/include/robot_hardware/robot_hardware/msg/detail/motor_data__traits.hpp
[0.318s] -- Up-to-date symlink: /home/pengyh/documents/ros2_ws/RobotAD/install/robot_hardware/include/robot_hardware/robot_hardware/msg/detail/motor_data__type_support.hpp
[0.318s] -- Up-to-date symlink: /home/pengyh/documents/ros2_ws/RobotAD/install/robot_hardware/include/robot_hardware/robot_hardware/msg/hardware_data.hpp
[0.318s] -- Up-to-date symlink: /home/pengyh/documents/ros2_ws/RobotAD/install/robot_hardware/include/robot_hardware/robot_hardware/msg/motor_data.hpp
[0.318s] -- Up-to-date symlink: /home/pengyh/documents/ros2_ws/RobotAD/install/robot_hardware/include/robot_hardware/robot_hardware/msg/rosidl_generator_cpp__visibility_control.hpp
[0.318s] -- Up-to-date symlink: /home/pengyh/documents/ros2_ws/RobotAD/install/robot_hardware/include/robot_hardware/robot_hardware/msg/detail/hardware_data__rosidl_typesupport_fastrtps_cpp.hpp
[0.318s] -- Up-to-date symlink: /home/pengyh/documents/ros2_ws/RobotAD/install/robot_hardware/include/robot_hardware/robot_hardware/msg/detail/motor_data__rosidl_typesupport_fastrtps_cpp.hpp
[0.318s] -- Up-to-date symlink: /home/pengyh/documents/ros2_ws/RobotAD/install/robot_hardware/include/robot_hardware/robot_hardware/msg/rosidl_typesupport_fastrtps_cpp__visibility_control.h
[0.318s] -- Up-to-date symlink: /home/pengyh/documents/ros2_ws/RobotAD/install/robot_hardware/include/robot_hardware/robot_hardware/msg/detail/hardware_data__rosidl_typesupport_introspection_c.h
[0.318s] -- Up-to-date symlink: /home/pengyh/documents/ros2_ws/RobotAD/install/robot_hardware/include/robot_hardware/robot_hardware/msg/detail/motor_data__rosidl_typesupport_introspection_c.h
[0.318s] -- Up-to-date symlink: /home/pengyh/documents/ros2_ws/RobotAD/install/robot_hardware/include/robot_hardware/robot_hardware/msg/rosidl_typesupport_introspection_c__visibility_control.h
[0.318s] -- Up-to-date symlink: /home/pengyh/documents/ros2_ws/RobotAD/install/robot_hardware/include/robot_hardware/robot_hardware/msg/detail/hardware_data__rosidl_typesupport_introspection_cpp.hpp
[0.318s] -- Up-to-date symlink: /home/pengyh/documents/ros2_ws/RobotAD/install/robot_hardware/include/robot_hardware/robot_hardware/msg/detail/motor_data__rosidl_typesupport_introspection_cpp.hpp
[0.318s] -- Up-to-date symlink: /home/pengyh/documents/ros2_ws/RobotAD/install/robot_hardware/share/robot_hardware/environment/pythonpath.sh
[0.319s] -- Up-to-date symlink: /home/pengyh/documents/ros2_ws/RobotAD/install/robot_hardware/share/robot_hardware/environment/pythonpath.dsv
[0.319s] -- Up-to-date symlink: /home/pengyh/documents/ros2_ws/RobotAD/install/robot_hardware/lib/python3.12/site-packages/robot_hardware-0.0.1-py3.12.egg-info/PKG-INFO
[0.319s] -- Up-to-date symlink: /home/pengyh/documents/ros2_ws/RobotAD/install/robot_hardware/lib/python3.12/site-packages/robot_hardware-0.0.1-py3.12.egg-info/SOURCES.txt
[0.319s] -- Up-to-date symlink: /home/pengyh/documents/ros2_ws/RobotAD/install/robot_hardware/lib/python3.12/site-packages/robot_hardware-0.0.1-py3.12.egg-info/dependency_links.txt
[0.319s] -- Up-to-date symlink: /home/pengyh/documents/ros2_ws/RobotAD/install/robot_hardware/lib/python3.12/site-packages/robot_hardware-0.0.1-py3.12.egg-info/top_level.txt
[0.319s] -- Up-to-date symlink: /home/pengyh/documents/ros2_ws/RobotAD/install/robot_hardware/lib/python3.12/site-packages/robot_hardware/__init__.py
[0.319s] -- Up-to-date symlink: /home/pengyh/documents/ros2_ws/RobotAD/install/robot_hardware/lib/python3.12/site-packages/robot_hardware/_robot_hardware_s.ep.rosidl_typesupport_c.c
[0.319s] -- Up-to-date symlink: /home/pengyh/documents/ros2_ws/RobotAD/install/robot_hardware/lib/python3.12/site-packages/robot_hardware/_robot_hardware_s.ep.rosidl_typesupport_fastrtps_c.c
[0.319s] -- Up-to-date symlink: /home/pengyh/documents/ros2_ws/RobotAD/install/robot_hardware/lib/python3.12/site-packages/robot_hardware/_robot_hardware_s.ep.rosidl_typesupport_introspection_c.c
[0.319s] -- Up-to-date symlink: /home/pengyh/documents/ros2_ws/RobotAD/install/robot_hardware/lib/python3.12/site-packages/robot_hardware/librobot_hardware__rosidl_generator_py.so
[0.319s] -- Up-to-date symlink: /home/pengyh/documents/ros2_ws/RobotAD/install/robot_hardware/lib/python3.12/site-packages/robot_hardware/msg/__init__.py
[0.319s] -- Up-to-date symlink: /home/pengyh/documents/ros2_ws/RobotAD/install/robot_hardware/lib/python3.12/site-packages/robot_hardware/msg/_hardware_data.py
[0.319s] -- Up-to-date symlink: /home/pengyh/documents/ros2_ws/RobotAD/install/robot_hardware/lib/python3.12/site-packages/robot_hardware/msg/_hardware_data_s.c
[0.320s] -- Up-to-date symlink: /home/pengyh/documents/ros2_ws/RobotAD/install/robot_hardware/lib/python3.12/site-packages/robot_hardware/msg/_motor_data.py
[0.320s] -- Up-to-date symlink: /home/pengyh/documents/ros2_ws/RobotAD/install/robot_hardware/lib/python3.12/site-packages/robot_hardware/msg/_motor_data_s.c
[0.320s] -- Up-to-date symlink: /home/pengyh/documents/ros2_ws/RobotAD/install/robot_hardware/lib/python3.12/site-packages/robot_hardware/robot_hardware_s__rosidl_typesupport_c.cpython-312-x86_64-linux-gnu.so
[0.320s] -- Up-to-date symlink: /home/pengyh/documents/ros2_ws/RobotAD/install/robot_hardware/lib/python3.12/site-packages/robot_hardware/robot_hardware_s__rosidl_typesupport_fastrtps_c.cpython-312-x86_64-linux-gnu.so
[0.320s] -- Up-to-date symlink: /home/pengyh/documents/ros2_ws/RobotAD/install/robot_hardware/lib/python3.12/site-packages/robot_hardware/robot_hardware_s__rosidl_typesupport_introspection_c.cpython-312-x86_64-linux-gnu.so
[0.320s] -- Up-to-date symlink: /home/pengyh/documents/ros2_ws/RobotAD/install/robot_hardware/lib/python3.12/site-packages/robot_hardware/robot_hardware_s__rosidl_typesupport_fastrtps_c.cpython-312-x86_64-linux-gnu.so
[0.320s] -- Up-to-date symlink: /home/pengyh/documents/ros2_ws/RobotAD/install/robot_hardware/lib/python3.12/site-packages/robot_hardware/robot_hardware_s__rosidl_typesupport_introspection_c.cpython-312-x86_64-linux-gnu.so
[0.320s] -- Up-to-date symlink: /home/pengyh/documents/ros2_ws/RobotAD/install/robot_hardware/lib/python3.12/site-packages/robot_hardware/robot_hardware_s__rosidl_typesupport_c.cpython-312-x86_64-linux-gnu.so
[0.320s] -- Up-to-date symlink: /home/pengyh/documents/ros2_ws/RobotAD/install/robot_hardware/share/robot_hardware/msg/HardwareData.idl
[0.320s] -- Up-to-date symlink: /home/pengyh/documents/ros2_ws/RobotAD/install/robot_hardware/share/robot_hardware/msg/MotorData.idl
[0.320s] -- Up-to-date symlink: /home/pengyh/documents/ros2_ws/RobotAD/install/robot_hardware/share/robot_hardware/msg/HardwareData.msg
[0.320s] -- Up-to-date symlink: /home/pengyh/documents/ros2_ws/RobotAD/install/robot_hardware/share/robot_hardware/msg/MotorData.msg
[0.320s] -- Up-to-date symlink: /home/pengyh/documents/ros2_ws/RobotAD/install/robot_hardware/lib/robot_hardware/hardware_manager
[0.320s] -- Up-to-date symlink: /home/pengyh/documents/ros2_ws/RobotAD/install/robot_hardware/include/hardware_bridge_interface.hpp
[0.320s] -- Up-to-date symlink: /home/pengyh/documents/ros2_ws/RobotAD/install/robot_hardware/include/hardware_manager.hpp
[0.320s] -- Up-to-date symlink: /home/pengyh/documents/ros2_ws/RobotAD/install/robot_hardware/include/wheel.hpp
[0.320s] -- Up-to-date symlink: /home/pengyh/documents/ros2_ws/RobotAD/install/robot_hardware/share/robot_hardware/msg/msg/HardwareData.msg
[0.320s] -- Up-to-date symlink: /home/pengyh/documents/ros2_ws/RobotAD/install/robot_hardware/share/robot_hardware/msg/msg/MotorData.msg
[0.320s] -- Up-to-date symlink: /home/pengyh/documents/ros2_ws/RobotAD/install/robot_hardware/share/ament_index/resource_index/package_run_dependencies/robot_hardware
[0.320s] -- Up-to-date symlink: /home/pengyh/documents/ros2_ws/RobotAD/install/robot_hardware/share/ament_index/resource_index/parent_prefix_path/robot_hardware
[0.320s] -- Up-to-date symlink: /home/pengyh/documents/ros2_ws/RobotAD/install/robot_hardware/share/robot_hardware/environment/ament_prefix_path.sh
[0.320s] -- Up-to-date symlink: /home/pengyh/documents/ros2_ws/RobotAD/install/robot_hardware/share/robot_hardware/environment/ament_prefix_path.dsv
[0.320s] -- Up-to-date symlink: /home/pengyh/documents/ros2_ws/RobotAD/install/robot_hardware/share/robot_hardware/environment/path.sh
[0.320s] -- Up-to-date symlink: /home/pengyh/documents/ros2_ws/RobotAD/install/robot_hardware/share/robot_hardware/environment/path.dsv
[0.320s] -- Up-to-date symlink: /home/pengyh/documents/ros2_ws/RobotAD/install/robot_hardware/share/robot_hardware/local_setup.bash
[0.321s] -- Up-to-date symlink: /home/pengyh/documents/ros2_ws/RobotAD/install/robot_hardware/share/robot_hardware/local_setup.sh
[0.321s] -- Up-to-date symlink: /home/pengyh/documents/ros2_ws/RobotAD/install/robot_hardware/share/robot_hardware/local_setup.zsh
[0.321s] -- Up-to-date symlink: /home/pengyh/documents/ros2_ws/RobotAD/install/robot_hardware/share/robot_hardware/local_setup.dsv
[0.321s] -- Symlinking: /home/pengyh/documents/ros2_ws/RobotAD/install/robot_hardware/share/robot_hardware/package.dsv
[0.325s] -- Up-to-date symlink: /home/pengyh/documents/ros2_ws/RobotAD/install/robot_hardware/share/ament_index/resource_index/packages/robot_hardware
[0.326s] -- Up-to-date symlink: /home/pengyh/documents/ros2_ws/RobotAD/install/robot_hardware/share/robot_hardware/cmake/rosidl_cmake-extras.cmake
[0.326s] -- Up-to-date symlink: /home/pengyh/documents/ros2_ws/RobotAD/install/robot_hardware/share/robot_hardware/cmake/ament_cmake_export_dependencies-extras.cmake
[0.326s] -- Up-to-date symlink: /home/pengyh/documents/ros2_ws/RobotAD/install/robot_hardware/share/robot_hardware/cmake/ament_cmake_export_include_directories-extras.cmake
[0.326s] -- Up-to-date symlink: /home/pengyh/documents/ros2_ws/RobotAD/install/robot_hardware/share/robot_hardware/cmake/ament_cmake_export_libraries-extras.cmake
[0.326s] -- Up-to-date symlink: /home/pengyh/documents/ros2_ws/RobotAD/install/robot_hardware/share/robot_hardware/cmake/ament_cmake_export_targets-extras.cmake
[0.326s] -- Up-to-date symlink: /home/pengyh/documents/ros2_ws/RobotAD/install/robot_hardware/share/robot_hardware/cmake/rosidl_cmake_export_typesupport_targets-extras.cmake
[0.326s] -- Up-to-date symlink: /home/pengyh/documents/ros2_ws/RobotAD/install/robot_hardware/share/robot_hardware/cmake/rosidl_cmake_export_typesupport_libraries-extras.cmake
[0.326s] -- Up-to-date symlink: /home/pengyh/documents/ros2_ws/RobotAD/install/robot_hardware/share/robot_hardware/cmake/robot_hardwareConfig.cmake
[0.326s] -- Up-to-date symlink: /home/pengyh/documents/ros2_ws/RobotAD/install/robot_hardware/share/robot_hardware/cmake/robot_hardwareConfig-version.cmake
[0.326s] -- Up-to-date symlink: /home/pengyh/documents/ros2_ws/RobotAD/install/robot_hardware/share/robot_hardware/package.xml
[0.326s] -- Up-to-date: /home/pengyh/documents/ros2_ws/RobotAD/install/robot_hardware/lib/librobot_hardware__rosidl_generator_c.so
[0.326s] -- Up-to-date: /home/pengyh/documents/ros2_ws/RobotAD/install/robot_hardware/lib/librobot_hardware__rosidl_typesupport_fastrtps_c.so
[0.326s] -- Up-to-date: /home/pengyh/documents/ros2_ws/RobotAD/install/robot_hardware/lib/librobot_hardware__rosidl_typesupport_fastrtps_cpp.so
[0.327s] -- Up-to-date: /home/pengyh/documents/ros2_ws/RobotAD/install/robot_hardware/lib/librobot_hardware__rosidl_typesupport_introspection_c.so
[0.327s] -- Up-to-date: /home/pengyh/documents/ros2_ws/RobotAD/install/robot_hardware/lib/librobot_hardware__rosidl_typesupport_c.so
[0.327s] -- Up-to-date: /home/pengyh/documents/ros2_ws/RobotAD/install/robot_hardware/lib/librobot_hardware__rosidl_typesupport_introspection_cpp.so
[0.327s] -- Up-to-date: /home/pengyh/documents/ros2_ws/RobotAD/install/robot_hardware/lib/librobot_hardware__rosidl_typesupport_cpp.so
[0.353s] Listing '/home/pengyh/documents/ros2_ws/RobotAD/install/robot_hardware/lib/python3.12/site-packages/robot_hardware'...
[0.353s] Listing '/home/pengyh/documents/ros2_ws/RobotAD/install/robot_hardware/lib/python3.12/site-packages/robot_hardware/msg'...
[0.357s] -- Up-to-date: /home/pengyh/documents/ros2_ws/RobotAD/install/robot_hardware/lib/librobot_hardware__rosidl_generator_py.so
[0.357s] -- Up-to-date: /home/pengyh/documents/ros2_ws/RobotAD/install/robot_hardware/share/robot_hardware/cmake/export_robot_hardware__rosidl_generator_cExport.cmake
[0.357s] -- Up-to-date: /home/pengyh/documents/ros2_ws/RobotAD/install/robot_hardware/share/robot_hardware/cmake/export_robot_hardware__rosidl_generator_cExport-noconfig.cmake
[0.357s] -- Up-to-date: /home/pengyh/documents/ros2_ws/RobotAD/install/robot_hardware/share/robot_hardware/cmake/export_robot_hardware__rosidl_typesupport_fastrtps_cExport.cmake
[0.357s] -- Up-to-date: /home/pengyh/documents/ros2_ws/RobotAD/install/robot_hardware/share/robot_hardware/cmake/export_robot_hardware__rosidl_typesupport_fastrtps_cExport-noconfig.cmake
[0.357s] -- Up-to-date: /home/pengyh/documents/ros2_ws/RobotAD/install/robot_hardware/share/robot_hardware/cmake/export_robot_hardware__rosidl_generator_cppExport.cmake
[0.357s] -- Up-to-date: /home/pengyh/documents/ros2_ws/RobotAD/install/robot_hardware/share/robot_hardware/cmake/export_robot_hardware__rosidl_typesupport_fastrtps_cppExport.cmake
[0.357s] -- Up-to-date: /home/pengyh/documents/ros2_ws/RobotAD/install/robot_hardware/share/robot_hardware/cmake/export_robot_hardware__rosidl_typesupport_fastrtps_cppExport-noconfig.cmake
[0.357s] -- Up-to-date: /home/pengyh/documents/ros2_ws/RobotAD/install/robot_hardware/share/robot_hardware/cmake/robot_hardware__rosidl_typesupport_introspection_cExport.cmake
[0.357s] -- Up-to-date: /home/pengyh/documents/ros2_ws/RobotAD/install/robot_hardware/share/robot_hardware/cmake/robot_hardware__rosidl_typesupport_introspection_cExport-noconfig.cmake
[0.357s] -- Up-to-date: /home/pengyh/documents/ros2_ws/RobotAD/install/robot_hardware/share/robot_hardware/cmake/robot_hardware__rosidl_typesupport_cExport.cmake
[0.358s] -- Up-to-date: /home/pengyh/documents/ros2_ws/RobotAD/install/robot_hardware/share/robot_hardware/cmake/robot_hardware__rosidl_typesupport_cExport-noconfig.cmake
[0.358s] -- Up-to-date: /home/pengyh/documents/ros2_ws/RobotAD/install/robot_hardware/share/robot_hardware/cmake/robot_hardware__rosidl_typesupport_introspection_cppExport.cmake
[0.358s] -- Up-to-date: /home/pengyh/documents/ros2_ws/RobotAD/install/robot_hardware/share/robot_hardware/cmake/robot_hardware__rosidl_typesupport_introspection_cppExport-noconfig.cmake
[0.358s] -- Up-to-date: /home/pengyh/documents/ros2_ws/RobotAD/install/robot_hardware/share/robot_hardware/cmake/robot_hardware__rosidl_typesupport_cppExport.cmake
[0.358s] -- Up-to-date: /home/pengyh/documents/ros2_ws/RobotAD/install/robot_hardware/share/robot_hardware/cmake/robot_hardware__rosidl_typesupport_cppExport-noconfig.cmake
[0.358s] -- Up-to-date: /home/pengyh/documents/ros2_ws/RobotAD/install/robot_hardware/share/robot_hardware/cmake/export_robot_hardware__rosidl_generator_pyExport.cmake
[0.358s] -- Up-to-date: /home/pengyh/documents/ros2_ws/RobotAD/install/robot_hardware/share/robot_hardware/cmake/export_robot_hardware__rosidl_generator_pyExport-noconfig.cmake
[0.367s] Invoked command in '/home/pengyh/documents/ros2_ws/RobotAD/build/robot_hardware' returned '0': CMAKE_PREFIX_PATH=${CMAKE_PREFIX_PATH}:/opt/ros/humble CONDA_PROMPT_MODIFIER=(base) /usr/bin/cmake --install /home/pengyh/documents/ros2_ws/RobotAD/build/robot_hardware
