[0.019s] Invoking command in '/home/pengyh/documents/ros2_ws/RobotAD/build/diff_control': CMAKE_PREFIX_PATH=${CMAKE_PREFIX_PATH}:/opt/ros/humble CONDA_PROMPT_MODIFIER=(base) /usr/bin/cmake /home/pengyh/documents/ros2_ws/RobotAD/src/diff_control -DAMENT_CMAKE_SYMLINK_INSTALL=1 -DCMAKE_INSTALL_PREFIX=/home/pengyh/documents/ros2_ws/RobotAD/install/diff_control
[0.062s] -- The CXX compiler identification is GNU 11.4.0
[0.067s] -- Detecting CXX compiler ABI info
[0.120s] -- Detecting CXX compiler ABI info - done
[0.125s] -- Check for working CXX compiler: /usr/bin/c++ - skipped
[0.126s] -- Detecting CXX compile features
[0.126s] -- Detecting CXX compile features - done
[0.128s] -- Found ament_cmake: 1.3.11 (/opt/ros/humble/share/ament_cmake/cmake)
[0.365s] -- Found Python3: /home/pengyh/softwares/anaconda3/bin/python3 (found version "3.12.2") found components: Interpreter 
[0.419s] -- Override CMake install command with custom implementation using symlinks instead of copying resources
[0.433s] -- Found hardware_interface: 2.46.0 (/opt/ros/humble/share/hardware_interface/cmake)
[0.458s] -- Found rosidl_generator_c: 3.1.6 (/opt/ros/humble/share/rosidl_generator_c/cmake)
[0.460s] -- Found rosidl_adapter: 3.1.6 (/opt/ros/humble/share/rosidl_adapter/cmake)
[0.465s] -- Found rosidl_generator_cpp: 3.1.6 (/opt/ros/humble/share/rosidl_generator_cpp/cmake)
[0.472s] -- Using all available rosidl_typesupport_c: rosidl_typesupport_fastrtps_c;rosidl_typesupport_introspection_c
[0.481s] -- Using all available rosidl_typesupport_cpp: rosidl_typesupport_fastrtps_cpp;rosidl_typesupport_introspection_cpp
[0.595s] -- Found rmw_implementation_cmake: 6.1.2 (/opt/ros/humble/share/rmw_implementation_cmake/cmake)
[0.596s] -- Found rmw_fastrtps_cpp: 6.2.7 (/opt/ros/humble/share/rmw_fastrtps_cpp/cmake)
[0.609s] -- Found TinyXML2 via Config file: TinyXML2_DIR-NOTFOUND
[0.643s] -- Found OpenSSL: /usr/lib/x86_64-linux-gnu/libcrypto.so (found version "3.0.2")  
[0.645s] -- Found TinyXML2 via Config file: TinyXML2_DIR-NOTFOUND
[0.654s] -- Found FastRTPS: /opt/ros/humble/include  
[0.656s] -- Found TinyXML2 via Config file: TinyXML2_DIR-NOTFOUND
[0.662s] -- Found TinyXML2 via Config file: TinyXML2_DIR-NOTFOUND
[0.669s] -- Using RMW implementation 'rmw_fastrtps_cpp' as default
[0.674s] -- Looking for C++ include pthread.h
[0.724s] -- Looking for C++ include pthread.h - found
[0.724s] -- Performing Test CMAKE_HAVE_LIBC_PTHREAD
[0.786s] -- Performing Test CMAKE_HAVE_LIBC_PTHREAD - Success
[0.787s] -- Found Threads: TRUE  
[0.814s] -- Found rclcpp_components: 16.0.11 (/opt/ros/humble/share/rclcpp_components/cmake)
[0.827s] -- Found serial: 1.2.1 (/usr/local/share/serial/cmake)
[0.834s] [31mCMake Error at CMakeLists.txt:22 (find_package):
[0.834s]   By not providing "Findrobot_hardware.cmake" in CMAKE_MODULE_PATH this
[0.834s]   project has asked CMake to find a package configuration file provided by
[0.834s]   "robot_hardware", but CMake did not find one.
[0.834s] 
[0.834s]   Could not find a package configuration file provided by "robot_hardware"
[0.834s]   with any of the following names:
[0.834s] 
[0.834s]     robot_hardwareConfig.cmake
[0.834s]     robot_hardware-config.cmake
[0.834s] 
[0.834s]   Add the installation prefix of "robot_hardware" to CMAKE_PREFIX_PATH or set
[0.834s]   "robot_hardware_DIR" to a directory containing one of the above files.  If
[0.834s]   "robot_hardware" provides a separate development package or SDK, be sure it
[0.834s]   has been installed.
[0.834s] 
[0.834s] [0m
[0.834s] -- Configuring incomplete, errors occurred!
[0.834s] See also "/home/pengyh/documents/ros2_ws/RobotAD/build/diff_control/CMakeFiles/CMakeOutput.log".
[0.840s] Invoked command in '/home/pengyh/documents/ros2_ws/RobotAD/build/diff_control' returned '1': CMAKE_PREFIX_PATH=${CMAKE_PREFIX_PATH}:/opt/ros/humble CONDA_PROMPT_MODIFIER=(base) /usr/bin/cmake /home/pengyh/documents/ros2_ws/RobotAD/src/diff_control -DAMENT_CMAKE_SYMLINK_INSTALL=1 -DCMAKE_INSTALL_PREFIX=/home/pengyh/documents/ros2_ws/RobotAD/install/diff_control
