[0.016s] Invoking command in '/home/pengyh/documents/ros2_ws/RobotAD/build/usb_camera': /usr/bin/cmake /home/pengyh/documents/ros2_ws/RobotAD/src/usb_camera -DAMENT_CMAKE_SYMLINK_INSTALL=1 -DCMAKE_INSTALL_PREFIX=/home/pengyh/documents/ros2_ws/RobotAD/install/usb_camera
[0.072s] -- The C compiler identification is GNU 11.4.0
[0.108s] -- The CXX compiler identification is GNU 11.4.0
[0.114s] -- Detecting C compiler ABI info
[0.158s] -- Detecting C compiler ABI info - done
[0.163s] -- Check for working C compiler: /usr/bin/cc - skipped
[0.163s] -- Detecting C compile features
[0.163s] -- Detecting C compile features - done
[0.165s] -- Detecting CXX compiler ABI info
[0.215s] -- Detecting CXX compiler ABI info - done
[0.224s] -- Check for working CXX compiler: /usr/bin/c++ - skipped
[0.224s] -- Detecting CXX compile features
[0.225s] -- Detecting CXX compile features - done
[0.226s] -- Found ament_cmake: 1.3.11 (/opt/ros/humble/share/ament_cmake/cmake)
[0.330s] -- Found Python3: /usr/bin/python3 (found version "3.10.12") found components: Interpreter 
[0.375s] -- Override CMake install command with custom implementation using symlinks instead of copying resources
[0.394s] -- Found rclcpp: 16.0.11 (/opt/ros/humble/share/rclcpp/cmake)
[0.420s] -- Found rosidl_generator_c: 3.1.6 (/opt/ros/humble/share/rosidl_generator_c/cmake)
[0.423s] -- Found rosidl_adapter: 3.1.6 (/opt/ros/humble/share/rosidl_adapter/cmake)
[0.428s] -- Found rosidl_generator_cpp: 3.1.6 (/opt/ros/humble/share/rosidl_generator_cpp/cmake)
[0.435s] -- Using all available rosidl_typesupport_c: rosidl_typesupport_fastrtps_c;rosidl_typesupport_introspection_c
[0.446s] -- Using all available rosidl_typesupport_cpp: rosidl_typesupport_fastrtps_cpp;rosidl_typesupport_introspection_cpp
[0.474s] -- Found rmw_implementation_cmake: 6.1.2 (/opt/ros/humble/share/rmw_implementation_cmake/cmake)
[0.475s] -- Found rmw_fastrtps_cpp: 6.2.7 (/opt/ros/humble/share/rmw_fastrtps_cpp/cmake)
[0.533s] -- Found OpenSSL: /usr/lib/x86_64-linux-gnu/libcrypto.so (found version "3.0.2")  
[0.558s] -- Found FastRTPS: /opt/ros/humble/include  
[0.585s] -- Using RMW implementation 'rmw_fastrtps_cpp' as default
[0.590s] -- Looking for pthread.h
[0.636s] -- Looking for pthread.h - found
[0.637s] -- Performing Test CMAKE_HAVE_LIBC_PTHREAD
[0.683s] -- Performing Test CMAKE_HAVE_LIBC_PTHREAD - Success
[0.684s] -- Found Threads: TRUE  
[0.717s] -- Found sensor_msgs: 4.2.4 (/opt/ros/humble/share/sensor_msgs/cmake)
[0.737s] -- Found cv_bridge: 3.2.1 (/opt/ros/humble/share/cv_bridge/cmake)
[0.747s] -- Found OpenCV: /usr (found version "4.5.4") 
[0.803s] -- Configuring done
[0.812s] -- Generating done
[0.816s] -- Build files have been written to: /home/pengyh/documents/ros2_ws/RobotAD/build/usb_camera
[0.825s] Invoked command in '/home/pengyh/documents/ros2_ws/RobotAD/build/usb_camera' returned '0': /usr/bin/cmake /home/pengyh/documents/ros2_ws/RobotAD/src/usb_camera -DAMENT_CMAKE_SYMLINK_INSTALL=1 -DCMAKE_INSTALL_PREFIX=/home/pengyh/documents/ros2_ws/RobotAD/install/usb_camera
[0.827s] Invoking command in '/home/pengyh/documents/ros2_ws/RobotAD/build/usb_camera': /usr/bin/cmake --build /home/pengyh/documents/ros2_ws/RobotAD/build/usb_camera -- -j24 -l24
[0.859s] [ 50%] [32mBuilding CXX object CMakeFiles/usb_camera_node.dir/src/usb_camera_node.cpp.o[0m
[4.781s] [100%] [32m[1mLinking CXX executable usb_camera_node[0m
[5.221s] [100%] Built target usb_camera_node
