[0.019s] Invoking command in '/home/pengyh/documents/ros2_ws/RobotAD/build/rslidar_msg': /usr/bin/cmake --build /home/pengyh/documents/ros2_ws/RobotAD/build/rslidar_msg -- -j24 -l24
[0.041s] [  3%] [34m[1mGenerating C code for ROS interfaces[0m
[0.053s] [  3%] Built target ament_cmake_python_symlink_rslidar_msg
[0.054s] [  6%] [34m[1mGenerating C++ code for ROS interfaces[0m
[0.229s] running egg_info
[0.230s] creating rslidar_msg.egg-info
[0.230s] writing rslidar_msg.egg-info/PKG-INFO
[0.230s] writing dependency_links to rslidar_msg.egg-info/dependency_links.txt
[0.231s] writing top-level names to rslidar_msg.egg-info/top_level.txt
[0.231s] writing manifest file 'rslidar_msg.egg-info/SOURCES.txt'
[0.234s] reading manifest file 'rslidar_msg.egg-info/SOURCES.txt'
[0.234s] writing manifest file 'rslidar_msg.egg-info/SOURCES.txt'
[0.257s] [  9%] [32mBuilding C object CMakeFiles/rslidar_msg__rosidl_generator_c.dir/rosidl_generator_c/rslidar_msg/msg/detail/rslidar_packet__functions.c.o[0m
[0.264s] [  9%] Built target ament_cmake_python_build_rslidar_msg_egg
[0.296s] [  9%] Built target rslidar_msg__cpp
[0.301s] [ 12%] [32m[1mLinking C shared library librslidar_msg__rosidl_generator_c.so[0m
[0.302s] [ 16%] [34m[1mGenerating C++ type support dispatch for ROS interfaces[0m
[0.302s] [ 19%] [34m[1mGenerating C++ introspection for ROS interfaces[0m
[0.302s] [ 22%] [34m[1mGenerating C++ type support for eProsima Fast-RTPS[0m
[0.326s] [ 22%] Built target rslidar_msg__rosidl_generator_c
[0.334s] [ 29%] [34m[1mGenerating C introspection for ROS interfaces[0m
[0.334s] [ 29%] [34m[1mGenerating C type support for eProsima Fast-RTPS[0m
[0.335s] [ 32%] [34m[1mGenerating C type support dispatch for ROS interfaces[0m
[0.479s] [ 35%] [32mBuilding CXX object CMakeFiles/rslidar_msg__rosidl_typesupport_cpp.dir/rosidl_typesupport_cpp/rslidar_msg/msg/rslidar_packet__type_support.cpp.o[0m
[0.506s] [ 38%] [32mBuilding CXX object CMakeFiles/rslidar_msg__rosidl_typesupport_introspection_cpp.dir/rosidl_typesupport_introspection_cpp/rslidar_msg/msg/detail/rslidar_packet__type_support.cpp.o[0m
[0.521s] [ 41%] [32mBuilding CXX object CMakeFiles/rslidar_msg__rosidl_typesupport_c.dir/rosidl_typesupport_c/rslidar_msg/msg/rslidar_packet__type_support.cpp.o[0m
[0.530s] [ 45%] [32mBuilding CXX object CMakeFiles/rslidar_msg__rosidl_typesupport_fastrtps_cpp.dir/rosidl_typesupport_fastrtps_cpp/rslidar_msg/msg/detail/dds_fastrtps/rslidar_packet__type_support.cpp.o[0m
[0.545s] [ 48%] [32m[1mLinking CXX shared library librslidar_msg__rosidl_typesupport_c.so[0m
[0.559s] [ 51%] [32mBuilding C object CMakeFiles/rslidar_msg__rosidl_typesupport_introspection_c.dir/rosidl_typesupport_introspection_c/rslidar_msg/msg/detail/rslidar_packet__type_support.c.o[0m
[0.588s] [ 54%] [32m[1mLinking C shared library librslidar_msg__rosidl_typesupport_introspection_c.so[0m
[0.589s] [ 54%] Built target rslidar_msg__rosidl_typesupport_c
[0.613s] [ 54%] Built target rslidar_msg__rosidl_typesupport_introspection_c
[0.626s] [ 58%] [32mBuilding CXX object CMakeFiles/rslidar_msg__rosidl_typesupport_fastrtps_c.dir/rosidl_typesupport_fastrtps_c/rslidar_msg/msg/detail/rslidar_packet__type_support_c.cpp.o[0m
[0.721s] [ 61%] [32m[1mLinking CXX shared library librslidar_msg__rosidl_typesupport_cpp.so[0m
[0.761s] [ 61%] Built target rslidar_msg__rosidl_typesupport_cpp
[0.827s] [ 64%] [32m[1mLinking CXX shared library librslidar_msg__rosidl_typesupport_introspection_cpp.so[0m
[0.887s] [ 64%] Built target rslidar_msg__rosidl_typesupport_introspection_cpp
[0.889s] [ 67%] [32m[1mLinking CXX shared library librslidar_msg__rosidl_typesupport_fastrtps_c.so[0m
[0.930s] [ 70%] [32m[1mLinking CXX shared library librslidar_msg__rosidl_typesupport_fastrtps_cpp.so[0m
[0.954s] [ 70%] Built target rslidar_msg__rosidl_typesupport_fastrtps_c
[1.071s] [ 70%] Built target rslidar_msg__rosidl_typesupport_fastrtps_cpp
[1.087s] [ 70%] Built target rslidar_msg
[1.101s] [ 74%] [34m[1mGenerating Python code for ROS interfaces[0m
[1.375s] [ 74%] Built target rslidar_msg__py
[1.397s] [ 77%] [32mBuilding C object CMakeFiles/rslidar_msg__rosidl_generator_py.dir/rosidl_generator_py/rslidar_msg/msg/_rslidar_packet_s.c.o[0m
[1.496s] [ 80%] [32m[1mLinking C shared library rosidl_generator_py/rslidar_msg/librslidar_msg__rosidl_generator_py.so[0m
[1.533s] [ 80%] Built target rslidar_msg__rosidl_generator_py
[1.546s] [ 83%] [32mBuilding C object CMakeFiles/rslidar_msg__rosidl_typesupport_fastrtps_c__pyext.dir/rosidl_generator_py/rslidar_msg/_rslidar_msg_s.ep.rosidl_typesupport_fastrtps_c.c.o[0m
[1.546s] [ 87%] [32mBuilding C object CMakeFiles/rslidar_msg__rosidl_typesupport_introspection_c__pyext.dir/rosidl_generator_py/rslidar_msg/_rslidar_msg_s.ep.rosidl_typesupport_introspection_c.c.o[0m
[1.546s] [ 90%] [32mBuilding C object CMakeFiles/rslidar_msg__rosidl_typesupport_c__pyext.dir/rosidl_generator_py/rslidar_msg/_rslidar_msg_s.ep.rosidl_typesupport_c.c.o[0m
[1.612s] [ 93%] [32m[1mLinking C shared library rosidl_generator_py/rslidar_msg/rslidar_msg_s__rosidl_typesupport_c.cpython-310-x86_64-linux-gnu.so[0m
[1.616s] [ 96%] [32m[1mLinking C shared library rosidl_generator_py/rslidar_msg/rslidar_msg_s__rosidl_typesupport_introspection_c.cpython-310-x86_64-linux-gnu.so[0m
[1.638s] [ 96%] Built target rslidar_msg__rosidl_typesupport_c__pyext
[1.641s] [100%] [32m[1mLinking C shared library rosidl_generator_py/rslidar_msg/rslidar_msg_s__rosidl_typesupport_fastrtps_c.cpython-310-x86_64-linux-gnu.so[0m
[1.647s] [100%] Built target rslidar_msg__rosidl_typesupport_introspection_c__pyext
[1.671s] [100%] Built target rslidar_msg__rosidl_typesupport_fastrtps_c__pyext
