[0.024s] Invoking command in '/home/future/Documents/pengyh/RobotAD_ws/build/robot_hardware': CMAKE_PREFIX_PATH=${CMAKE_PREFIX_PATH}:/opt/ros/humble /usr/bin/cmake --build /home/future/Documents/pengyh/RobotAD_ws/build/robot_hardware -- -j24 -l24
[0.057s] [  2%] Built target robot_hardware__cpp
[0.063s] [  2%] Built target ament_cmake_python_copy_robot_hardware
[0.066s] [ 12%] Built target robot_hardware__rosidl_generator_c
[0.077s] [ 21%] Built target robot_hardware__rosidl_typesupport_cpp
[0.078s] [ 31%] Built target robot_hardware__rosidl_typesupport_fastrtps_cpp
[0.078s] [ 41%] Built target robot_hardware__rosidl_typesupport_introspection_cpp
[0.089s] [ 51%] Built target robot_hardware__rosidl_typesupport_fastrtps_c
[0.089s] [35m[1mConsolidate compiler generated dependencies of target hardware_manager[0m
[0.089s] [ 60%] Built target robot_hardware__rosidl_typesupport_introspection_c
[0.089s] [ 70%] Built target robot_hardware__rosidl_typesupport_c
[0.094s] [ 73%] [32mBuilding CXX object CMakeFiles/hardware_manager.dir/src/hardware_manager.cpp.o[0m
[0.101s] [ 73%] Built target robot_hardware
[0.116s] [ 75%] Built target robot_hardware__py
[0.130s] [ 82%] Built target robot_hardware__rosidl_generator_py
[0.143s] [ 87%] Built target robot_hardware__rosidl_typesupport_fastrtps_c__pyext
[0.145s] [ 92%] Built target robot_hardware__rosidl_typesupport_c__pyext
[0.148s] [ 97%] Built target robot_hardware__rosidl_typesupport_introspection_c__pyext
[0.245s] running egg_info
[0.246s] writing robot_hardware.egg-info/PKG-INFO
[0.246s] writing dependency_links to robot_hardware.egg-info/dependency_links.txt
[0.246s] writing top-level names to robot_hardware.egg-info/top_level.txt
[0.248s] reading manifest file 'robot_hardware.egg-info/SOURCES.txt'
[0.248s] writing manifest file 'robot_hardware.egg-info/SOURCES.txt'
[0.266s] [ 97%] Built target ament_cmake_python_build_robot_hardware_egg
[1.928s] [01m[K/home/future/Documents/pengyh/RobotAD_ws/src/robot_hardware/src/hardware_manager.cpp:104:63:[m[K [01;31m[Kerror: [m[K‘[01m[KMotorData[m[K’ in namespace ‘[01m[Krobot_hardware::msg[m[K’ does not name a type
[1.928s]   104 | re::msg::[01;31m[KMotorData[m[K::SharedPtr msg) {
[1.928s]       |          [01;31m[K^~~~~~~~~[m[K
[1.928s] 
[1.928s] [01m[K/home/future/Documents/pengyh/RobotAD_ws/src/robot_hardware/src/hardware_manager.cpp:104:84:[m[K [01;31m[Kerror: [m[Kexpected unqualified-id before ‘[01m[Kmsg[m[K’
[1.928s]   104 | ta::SharedPtr [01;31m[Kmsg[m[K) {
[1.928s]       |               [01;31m[K^~~[m[K
[1.928s] 
[1.928s] [01m[K/home/future/Documents/pengyh/RobotAD_ws/src/robot_hardware/src/hardware_manager.cpp:104:83:[m[K [01;31m[Kerror: [m[Kexpected ‘[01m[K)[m[K’ before ‘[01m[Kmsg[m[K’
[1.928s]   104 | ta::SharedPtr[01;31m[K [m[K[32m[Kmsg[m[K) {
[1.928s]       |              [01;31m[K^[m[K[32m[K~~~[m[K
[1.928s]       |              [32m[K)[m[K
[1.928s] [01m[K/home/future/Documents/pengyh/RobotAD_ws/src/robot_hardware/src/hardware_manager.cpp:104:74:[m[K [01;31m[Kerror: [m[Kexpected ‘[01m[K;[m[K’ at end of member declaration
[1.928s]   104 | torData::[01;31m[KSharedPtr[m[K msg) {
[1.928s]       |          [01;31m[K^~~~~~~~~[m[K
[1.928s]       |                   [32m[K;[m[K
[1.929s] [01m[K/home/future/Documents/pengyh/RobotAD_ws/src/robot_hardware/src/hardware_manager.cpp:104:84:[m[K [01;31m[Kerror: [m[K‘[01m[Kmsg[m[K’ does not name a type
[1.929s]   104 | ta::SharedPtr [01;31m[Kmsg[m[K) {
[1.929s]       |               [01;31m[K^~~[m[K
[1.929s] 
[1.931s] [01m[K/home/future/Documents/pengyh/RobotAD_ws/src/robot_hardware/src/hardware_manager.cpp:[m[K In constructor ‘[01m[KHardwareManager::HardwareManager()[m[K’:
[1.931s] [01m[K/home/future/Documents/pengyh/RobotAD_ws/src/robot_hardware/src/hardware_manager.cpp:21:73:[m[K [01;31m[Kerror: [m[K‘[01m[KMotorData[m[K’ is not a member of ‘[01m[Krobot_hardware::msg[m[K’
[1.931s]    21 | re::msg::[01;31m[KMotorData[m[K>("/serial/hardware_expect_speed_msg", 10);
[1.931s]       |          [01;31m[K^~~~~~~~~[m[K
[1.931s] 
[1.931s] [01m[K/home/future/Documents/pengyh/RobotAD_ws/src/robot_hardware/src/hardware_manager.cpp:21:83:[m[K [01;31m[Kerror: [m[Kno matching function for call to ‘[01m[KHardwareManager::create_publisher<<expression error> >(const char [34], int)[m[K’
[1.931s]    21 | [01;31m[KotorData>("/serial/hardware_expect_speed_msg", 10)[m[K;
[1.931s]       | [01;31m[K~~~~~~~~~^~~~~~~~~~~~~~~~~~~~~~~~~~~~~~~~~~~~~~~~~[m[K
[1.931s] 
[1.931s] In file included from [01m[K/opt/ros/humble/include/rclcpp/rclcpp/executors/single_threaded_executor.hpp:28[m[K,
[1.931s]                  from [01m[K/opt/ros/humble/include/rclcpp/rclcpp/executors.hpp:22[m[K,
[1.931s]                  from [01m[K/opt/ros/humble/include/rclcpp/rclcpp/rclcpp.hpp:155[m[K,
[1.931s]                  from [01m[K/home/future/Documents/pengyh/RobotAD_ws/src/robot_hardware/src/hardware_manager.cpp:1[m[K:
[1.931s] [01m[K/opt/ros/humble/include/rclcpp/rclcpp/node.hpp:195:3:[m[K [01;36m[Knote: [m[Kcandidate: ‘[01m[Ktemplate<class MessageT, class AllocatorT, class PublisherT> std::shared_ptr<PublisherT> rclcpp::Node::create_publisher(const std::string&, const rclcpp::QoS&, const rclcpp::PublisherOptionsWithAllocator<AllocatorT>&)[m[K’
[1.931s]   195 |   [01;36m[Kcreate_publisher[m[K(
[1.931s]       |   [01;36m[K^~~~~~~~~~~~~~~~[m[K
[1.931s] [01m[K/opt/ros/humble/include/rclcpp/rclcpp/node.hpp:195:3:[m[K [01;36m[Knote: [m[K  template argument deduction/substitution failed:
[1.931s] [01m[K/home/future/Documents/pengyh/RobotAD_ws/src/robot_hardware/src/hardware_manager.cpp:21:83:[m[K [01;31m[Kerror: [m[Ktemplate argument 1 is invalid
[1.931s]    21 | [01;31m[KotorData>("/serial/hardware_expect_speed_msg", 10)[m[K;
[1.931s]       | [01;31m[K~~~~~~~~~^~~~~~~~~~~~~~~~~~~~~~~~~~~~~~~~~~~~~~~~~[m[K
[1.931s] 
[2.645s] In file included from [01m[K/opt/ros/humble/include/rclcpp/rclcpp/client.hpp:39[m[K,
[2.645s]                  from [01m[K/opt/ros/humble/include/rclcpp/rclcpp/callback_group.hpp:24[m[K,
[2.645s]                  from [01m[K/opt/ros/humble/include/rclcpp/rclcpp/any_executable.hpp:20[m[K,
[2.645s]                  from [01m[K/opt/ros/humble/include/rclcpp/rclcpp/memory_strategy.hpp:25[m[K,
[2.645s]                  from [01m[K/opt/ros/humble/include/rclcpp/rclcpp/memory_strategies.hpp:18[m[K,
[2.645s]                  from [01m[K/opt/ros/humble/include/rclcpp/rclcpp/executor_options.hpp:20[m[K,
[2.646s]                  from [01m[K/opt/ros/humble/include/rclcpp/rclcpp/executor.hpp:37[m[K,
[2.646s]                  from [01m[K/opt/ros/humble/include/rclcpp/rclcpp/executors/multi_threaded_executor.hpp:25[m[K,
[2.646s]                  from [01m[K/opt/ros/humble/include/rclcpp/rclcpp/executors.hpp:21[m[K:
[2.646s] /opt/ros/humble/include/rclcpp/rclcpp/function_traits.hpp: In instantiation of ‘[01m[Kstruct rclcpp::function_traits::function_traits<std::_Bind<void (HardwareManager::*(HardwareManager*, std::_Placeholder<1>))(...)> >[m[K’:
[2.646s] [01m[K/opt/ros/humble/include/rclcpp/rclcpp/any_subscription_callback.hpp:380:10:[m[K   recursively required by substitution of ‘[01m[Ktemplate<class MessageT, class CallbackT> struct rclcpp::detail::SubscriptionCallbackTypeHelper<MessageT, CallbackT, typename std::enable_if<rclcpp::function_traits::same_arguments<CallbackT, std::function<void(std::shared_ptr<_Tp>, const rclcpp::MessageInfo&)> >::value, void>::type> [with MessageT = robot_hardware::msg::HardwareData_<std::allocator<void> >; CallbackT = std::_Bind<void (HardwareManager::*(HardwareManager*, std::_Placeholder<1>))(...)>][m[K’
[2.646s] [01m[K/opt/ros/humble/include/rclcpp/rclcpp/any_subscription_callback.hpp:380:10:[m[K   required from ‘[01m[Krclcpp::AnySubscriptionCallback<MessageT, AllocatorT> rclcpp::AnySubscriptionCallback<MessageT, AllocatorT>::set(CallbackT) [with CallbackT = std::_Bind<void (HardwareManager::*(HardwareManager*, std::_Placeholder<1>))(...)>; MessageT = robot_hardware::msg::HardwareData_<std::allocator<void> >; AllocatorT = std::allocator<void>][m[K’
[2.646s] [01m[K/opt/ros/humble/include/rclcpp/rclcpp/subscription_factory.hpp:94:32:[m[K   required from ‘[01m[Krclcpp::SubscriptionFactory rclcpp::create_subscription_factory(CallbackT&&, const SubscriptionOptionsWithAllocator<AllocatorT>&, typename MessageMemoryStrategyT::SharedPtr, std::shared_ptr<topic_statistics::SubscriptionTopicStatistics<ROSMessageType> >) [with MessageT = robot_hardware::msg::HardwareData_<std::allocator<void> >; CallbackT = std::_Bind<void (HardwareManager::*(HardwareManager*, std::_Placeholder<1>))(...)>; AllocatorT = std::allocator<void>; SubscriptionT = Subscription<robot_hardware::msg::HardwareData_<std::allocator<void> > >; MessageMemoryStrategyT = message_memory_strategy::MessageMemoryStrategy<robot_hardware::msg::HardwareData_<std::allocator<void> >, std::allocator<void> >; ROSMessageType = robot_hardware::msg::HardwareData_<std::allocator<void> >; typename MessageMemoryStrategyT::SharedPtr = std::shared_ptr<message_memory_strategy::MessageMemoryStrategy<robot_hardware::msg::HardwareData_<std::allocator<void> >, std::allocator<void> > >][m[K’
[2.646s] [01m[K/opt/ros/humble/include/rclcpp/rclcpp/create_subscription.hpp:122:63:[m[K   required from ‘[01m[Kstd::shared_ptr<ROSMessageT> rclcpp::detail::create_subscription(NodeParametersT&, NodeTopicsT&, const std::string&, const rclcpp::QoS&, CallbackT&&, const rclcpp::SubscriptionOptionsWithAllocator<AllocatorT>&, typename MessageMemoryStrategyT::SharedPtr) [with MessageT = robot_hardware::msg::HardwareData_<std::allocator<void> >; CallbackT = std::_Bind<void (HardwareManager::*(HardwareManager*, std::_Placeholder<1>))(...)>; AllocatorT = std::allocator<void>; SubscriptionT = rclcpp::Subscription<robot_hardware::msg::HardwareData_<std::allocator<void> > >; MessageMemoryStrategyT = rclcpp::message_memory_strategy::MessageMemoryStrategy<robot_hardware::msg::HardwareData_<std::allocator<void> >, std::allocator<void> >; NodeParametersT = rclcpp::Node; NodeTopicsT = rclcpp::Node; ROSMessageType = robot_hardware::msg::HardwareData_<std::allocator<void> >; std::string = std::__cxx11::basic_string<char>; typename MessageMemoryStrategyT::SharedPtr = std::shared_ptr<rclcpp::message_memory_strategy::MessageMemoryStrategy<robot_hardware::msg::HardwareData_<std::allocator<void> >, std::allocator<void> > >][m[K’
[2.646s] [01m[K/opt/ros/humble/include/rclcpp/rclcpp/create_subscription.hpp:191:76:[m[K   required from ‘[01m[Kstd::shared_ptr<ROSMessageT> rclcpp::create_subscription(NodeT&, const std::string&, const QoS&, CallbackT&&, const SubscriptionOptionsWithAllocator<AllocatorT>&, typename MessageMemoryStrategyT::SharedPtr) [with MessageT = robot_hardware::msg::HardwareData_<std::allocator<void> >; CallbackT = std::_Bind<void (HardwareManager::*(HardwareManager*, std::_Placeholder<1>))(...)>; AllocatorT = std::allocator<void>; SubscriptionT = Subscription<robot_hardware::msg::HardwareData_<std::allocator<void> > >; MessageMemoryStrategyT = message_memory_strategy::MessageMemoryStrategy<robot_hardware::msg::HardwareData_<std::allocator<void> >, std::allocator<void> >; NodeT = Node; std::string = std::__cxx11::basic_string<char>; typename MessageMemoryStrategyT::SharedPtr = std::shared_ptr<message_memory_strategy::MessageMemoryStrategy<robot_hardware::msg::HardwareData_<std::allocator<void> >, std::allocator<void> > >][m[K’
[2.646s] [01m[K/opt/ros/humble/include/rclcpp/rclcpp/node_impl.hpp:99:47:[m[K   required from ‘[01m[Kstd::shared_ptr<ROSMessageT> rclcpp::Node::create_subscription(const std::string&, const rclcpp::QoS&, CallbackT&&, const rclcpp::SubscriptionOptionsWithAllocator<AllocatorT>&, typename MessageMemoryStrategyT::SharedPtr) [with MessageT = robot_hardware::msg::HardwareData_<std::allocator<void> >; CallbackT = std::_Bind<void (HardwareManager::*(HardwareManager*, std::_Placeholder<1>))(...)>; AllocatorT = std::allocator<void>; SubscriptionT = rclcpp::Subscription<robot_hardware::msg::HardwareData_<std::allocator<void> > >; MessageMemoryStrategyT = rclcpp::message_memory_strategy::MessageMemoryStrategy<robot_hardware::msg::HardwareData_<std::allocator<void> >, std::allocator<void> >; std::string = std::__cxx11::basic_string<char>; typename MessageMemoryStrategyT::SharedPtr = std::shared_ptr<rclcpp::message_memory_strategy::MessageMemoryStrategy<robot_hardware::msg::HardwareData_<std::allocator<void> >, std::allocator<void> > >][m[K’
[2.646s] [01m[K/home/future/Documents/pengyh/RobotAD_ws/src/robot_hardware/src/hardware_manager.cpp:23:87:[m[K   required from here
[2.646s] [01m[K/opt/ros/humble/include/rclcpp/rclcpp/function_traits.hpp:51:9:[m[K [01;31m[Kerror: [m[K‘[01m[Kdecltype[m[K’ cannot resolve address of overloaded function
[2.646s]    51 |   using [01;31m[Karguments[m[K = typename tuple_tail<
[2.646s]       |         [01;31m[K^~~~~~~~~[m[K
[2.646s] [01m[K/opt/ros/humble/include/rclcpp/rclcpp/function_traits.hpp:57:9:[m[K [01;31m[Kerror: [m[K‘[01m[Kdecltype[m[K’ cannot resolve address of overloaded function
[2.646s]    57 |   using [01;31m[Kargument_type[m[K = typename std::tuple_element<N, arguments>::type;
[2.646s]       |         [01;31m[K^~~~~~~~~~~~~[m[K
[2.646s] [01m[K/opt/ros/humble/include/rclcpp/rclcpp/function_traits.hpp:59:9:[m[K [01;31m[Kerror: [m[K‘[01m[Kdecltype[m[K’ cannot resolve address of overloaded function
[2.646s]    59 |   using [01;31m[Kreturn_type[m[K = typename function_traits<decltype( &FunctionT::operator())>::return_type;
[2.646s]       |         [01;31m[K^~~~~~~~~~~[m[K
[5.002s] gmake[2]: *** [CMakeFiles/hardware_manager.dir/build.make:76: CMakeFiles/hardware_manager.dir/src/hardware_manager.cpp.o] Error 1
[5.002s] gmake[1]: *** [CMakeFiles/Makefile2:593: CMakeFiles/hardware_manager.dir/all] Error 2
[5.002s] gmake: *** [Makefile:146: all] Error 2
[5.004s] Invoked command in '/home/future/Documents/pengyh/RobotAD_ws/build/robot_hardware' returned '2': CMAKE_PREFIX_PATH=${CMAKE_PREFIX_PATH}:/opt/ros/humble /usr/bin/cmake --build /home/future/Documents/pengyh/RobotAD_ws/build/robot_hardware -- -j24 -l24
