[0.028s] Invoking command in '/home/future/Documents/pengyh/RobotAD_ws/build/rslidar_msg': CMAKE_PREFIX_PATH=${CMAKE_PREFIX_PATH}:/opt/ros/humble /usr/bin/cmake --build /home/future/Documents/pengyh/RobotAD_ws/build/rslidar_msg -- -j24 -l24
[0.061s] [  3%] [34m[1mGenerating C code for ROS interfaces[0m
[0.068s] [  6%] [34m[1mGenerating C++ code for ROS interfaces[0m
[0.081s] [  6%] Built target ament_cmake_python_copy_rslidar_msg
[0.390s] [  9%] [32mBuilding C object CMakeFiles/rslidar_msg__rosidl_generator_c.dir/rosidl_generator_c/rslidar_msg/msg/detail/rslidar_packet__functions.c.o[0m
[0.425s] running egg_info
[0.425s] creating rslidar_msg.egg-info
[0.426s] writing rslidar_msg.egg-info/PKG-INFO
[0.426s] writing dependency_links to rslidar_msg.egg-info/dependency_links.txt
[0.426s] writing top-level names to rslidar_msg.egg-info/top_level.txt
[0.426s] writing manifest file 'rslidar_msg.egg-info/SOURCES.txt'
[0.430s] reading manifest file 'rslidar_msg.egg-info/SOURCES.txt'
[0.431s] writing manifest file 'rslidar_msg.egg-info/SOURCES.txt'
[0.463s] [  9%] Built target ament_cmake_python_build_rslidar_msg_egg
[0.481s] [  9%] Built target rslidar_msg__cpp
[0.494s] [ 12%] [34m[1mGenerating C++ type support for eProsima Fast-RTPS[0m
[0.494s] [ 16%] [34m[1mGenerating C++ introspection for ROS interfaces[0m
[0.496s] [ 19%] [34m[1mGenerating C++ type support dispatch for ROS interfaces[0m
[0.497s] [ 22%] [32m[1mLinking C shared library librslidar_msg__rosidl_generator_c.so[0m
[0.537s] [ 22%] Built target rslidar_msg__rosidl_generator_c
[0.550s] [ 25%] [34m[1mGenerating C introspection for ROS interfaces[0m
[0.551s] [ 29%] [34m[1mGenerating C type support dispatch for ROS interfaces[0m
[0.562s] [ 32%] [34m[1mGenerating C type support for eProsima Fast-RTPS[0m
[0.781s] [ 35%] [32mBuilding CXX object CMakeFiles/rslidar_msg__rosidl_typesupport_cpp.dir/rosidl_typesupport_cpp/rslidar_msg/msg/rslidar_packet__type_support.cpp.o[0m
[0.798s] [ 38%] [32mBuilding CXX object CMakeFiles/rslidar_msg__rosidl_typesupport_fastrtps_cpp.dir/rosidl_typesupport_fastrtps_cpp/rslidar_msg/msg/detail/dds_fastrtps/rslidar_packet__type_support.cpp.o[0m
[0.806s] [ 41%] [32mBuilding CXX object CMakeFiles/rslidar_msg__rosidl_typesupport_introspection_cpp.dir/rosidl_typesupport_introspection_cpp/rslidar_msg/msg/detail/rslidar_packet__type_support.cpp.o[0m
[0.864s] [ 45%] [32mBuilding CXX object CMakeFiles/rslidar_msg__rosidl_typesupport_c.dir/rosidl_typesupport_c/rslidar_msg/msg/rslidar_packet__type_support.cpp.o[0m
[0.919s] [ 48%] [32m[1mLinking CXX shared library librslidar_msg__rosidl_typesupport_c.so[0m
[1.000s] [ 48%] Built target rslidar_msg__rosidl_typesupport_c
[1.019s] [ 51%] [32mBuilding C object CMakeFiles/rslidar_msg__rosidl_typesupport_introspection_c.dir/rosidl_typesupport_introspection_c/rslidar_msg/msg/detail/rslidar_packet__type_support.c.o[0m
[1.076s] [ 54%] [32mBuilding CXX object CMakeFiles/rslidar_msg__rosidl_typesupport_fastrtps_c.dir/rosidl_typesupport_fastrtps_c/rslidar_msg/msg/detail/rslidar_packet__type_support_c.cpp.o[0m
[1.085s] [ 58%] [32m[1mLinking C shared library librslidar_msg__rosidl_typesupport_introspection_c.so[0m
[1.133s] [ 58%] Built target rslidar_msg__rosidl_typesupport_introspection_c
[1.431s] [ 61%] [32m[1mLinking CXX shared library librslidar_msg__rosidl_typesupport_cpp.so[0m
[1.522s] [ 64%] [32m[1mLinking CXX shared library librslidar_msg__rosidl_typesupport_fastrtps_cpp.so[0m
[1.532s] [ 64%] Built target rslidar_msg__rosidl_typesupport_cpp
[1.612s] [ 64%] Built target rslidar_msg__rosidl_typesupport_fastrtps_cpp
[1.756s] [ 67%] [32m[1mLinking CXX shared library librslidar_msg__rosidl_typesupport_introspection_cpp.so[0m
[1.792s] [ 70%] [32m[1mLinking CXX shared library librslidar_msg__rosidl_typesupport_fastrtps_c.so[0m
[1.867s] [ 70%] Built target rslidar_msg__rosidl_typesupport_introspection_cpp
[1.963s] [ 70%] Built target rslidar_msg__rosidl_typesupport_fastrtps_c
[2.002s] [ 70%] Built target rslidar_msg
[2.031s] [ 74%] [34m[1mGenerating Python code for ROS interfaces[0m
[2.421s] [ 74%] Built target rslidar_msg__py
[2.450s] [ 77%] [32mBuilding C object CMakeFiles/rslidar_msg__rosidl_generator_py.dir/rosidl_generator_py/rslidar_msg/msg/_rslidar_packet_s.c.o[0m
[2.597s] [ 80%] [32m[1mLinking C shared library rosidl_generator_py/rslidar_msg/librslidar_msg__rosidl_generator_py.so[0m
[2.712s] [ 80%] Built target rslidar_msg__rosidl_generator_py
[2.733s] gmake[2]: *** [CMakeFiles/rslidar_msg__rosidl_typesupport_c__pyext.dir/build.make:139: CMakeFiles/rslidar_msg__rosidl_typesupport_c__pyext.dir/depend] Interrupt
[2.733s] gmake[2]: *** [CMakeFiles/rslidar_msg__rosidl_typesupport_introspection_c__pyext.dir/build.make:140: CMakeFiles/rslidar_msg__rosidl_typesupport_introspection_c__pyext.dir/depend] Interrupt
[2.736s] gmake[1]: *** [CMakeFiles/Makefile2:534: CMakeFiles/rslidar_msg__rosidl_typesupport_introspection_c__pyext.dir/all] Interrupt
[2.737s] gmake[1]: *** [CMakeFiles/Makefile2:563: CMakeFiles/rslidar_msg__rosidl_typesupport_c__pyext.dir/all] Interrupt
[2.738s] gmake[2]: *** [CMakeFiles/rslidar_msg__rosidl_typesupport_fastrtps_c__pyext.dir/build.make:140: CMakeFiles/rslidar_msg__rosidl_typesupport_fastrtps_c__pyext.dir/depend] Interrupt
[2.739s] gmake[1]: *** [CMakeFiles/Makefile2:504: CMakeFiles/rslidar_msg__rosidl_typesupport_fastrtps_c__pyext.dir/all] Interrupt
[2.740s] gmake: *** [Makefile:146: all] Interrupt
