[0.017s] Invoking command in '/home/pengyh/documents/ros2_ws/RobotAD/build/serial_comm': CMAKE_PREFIX_PATH=/home/pengyh/documents/ros2_ws/RobotAD/install/robot_hardware:/usr/local/lib:/home/pengyh/documents/ros2_ws/RobotAD/install/serial_comm:/home/pengyh/documents/ros2_ws/RobotAD/install/rslidar_sdk:/home/pengyh/documents/ros2_ws/RobotAD/install/rslidar_msg:/home/pengyh/documents/ros2_ws/RobotAD/install/robot_locate:/home/pengyh/documents/ros2_ws/RobotAD/install/pointcloud_to_laserscan:/home/pengyh/documents/ros2_ws/RobotAD/install/miiboo_imu:/home/pengyh/documents/ros2_ws/RobotAD/install/keyboard_control:/home/pengyh/documents/ros2_ws/RobotAD/install/diff_control:/opt/ros/humble CONDA_PROMPT_MODIFIER=(base) LD_LIBRARY_PATH=/home/pengyh/documents/ros2_ws/RobotAD/install/robot_hardware/lib:/usr/lib/x86_64-linux-gnu:/lib/x86_64-linux-gnu:/lib:/usr/lib:/usr/local/lib:/lib:/usr/lib:/usr/local/lib:/home/pengyh/documents/ros2_ws/RobotAD/install/rslidar_msg/lib:/home/pengyh/documents/ros2_ws/RobotAD/install/pointcloud_to_laserscan/lib:/home/pengyh/documents/ros2_ws/RobotAD/install/diff_control/lib:/opt/ros/humble/opt/rviz_ogre_vendor/lib:/opt/ros/humble/lib/x86_64-linux-gnu:/opt/ros/humble/lib /usr/bin/cmake /home/pengyh/documents/ros2_ws/RobotAD/src/serial_comm -DAMENT_CMAKE_SYMLINK_INSTALL=1 -DCMAKE_INSTALL_PREFIX=/home/pengyh/documents/ros2_ws/RobotAD/install/serial_comm
[0.056s] -- The C compiler identification is GNU 11.4.0
[0.089s] -- The CXX compiler identification is GNU 11.4.0
[0.093s] -- Detecting C compiler ABI info
[0.138s] -- Detecting C compiler ABI info - done
[0.142s] -- Check for working C compiler: /usr/bin/cc - skipped
[0.142s] -- Detecting C compile features
[0.142s] -- Detecting C compile features - done
[0.144s] -- Detecting CXX compiler ABI info
[0.197s] -- Detecting CXX compiler ABI info - done
[0.201s] -- Check for working CXX compiler: /usr/bin/c++ - skipped
[0.201s] -- Detecting CXX compile features
[0.201s] -- Detecting CXX compile features - done
[0.203s] -- Found ament_cmake: 1.3.11 (/opt/ros/humble/share/ament_cmake/cmake)
[0.433s] -- Found Python3: /home/pengyh/softwares/anaconda3/bin/python3 (found version "3.12.2") found components: Interpreter 
[0.484s] -- Override CMake install command with custom implementation using symlinks instead of copying resources
[0.500s] -- Found rclcpp: 16.0.11 (/opt/ros/humble/share/rclcpp/cmake)
[0.523s] -- Found rosidl_generator_c: 3.1.6 (/opt/ros/humble/share/rosidl_generator_c/cmake)
[0.526s] -- Found rosidl_adapter: 3.1.6 (/opt/ros/humble/share/rosidl_adapter/cmake)
[0.530s] -- Found rosidl_generator_cpp: 3.1.6 (/opt/ros/humble/share/rosidl_generator_cpp/cmake)
[0.537s] -- Using all available rosidl_typesupport_c: rosidl_typesupport_fastrtps_c;rosidl_typesupport_introspection_c
[0.547s] -- Using all available rosidl_typesupport_cpp: rosidl_typesupport_fastrtps_cpp;rosidl_typesupport_introspection_cpp
[0.571s] -- Found rmw_implementation_cmake: 6.1.2 (/opt/ros/humble/share/rmw_implementation_cmake/cmake)
[0.572s] -- Found rmw_fastrtps_cpp: 6.2.7 (/opt/ros/humble/share/rmw_fastrtps_cpp/cmake)
[0.629s] -- Found OpenSSL: /usr/lib/x86_64-linux-gnu/libcrypto.so (found version "3.0.2")  
[0.646s] -- Found FastRTPS: /opt/ros/humble/include  
[0.671s] -- Using RMW implementation 'rmw_fastrtps_cpp' as default
[0.677s] -- Looking for pthread.h
[0.720s] -- Looking for pthread.h - found
[0.721s] -- Performing Test CMAKE_HAVE_LIBC_PTHREAD
[0.762s] -- Performing Test CMAKE_HAVE_LIBC_PTHREAD - Success
[0.763s] -- Found Threads: TRUE  
[0.793s] -- Found serial: 1.2.1 (/usr/local/share/serial/cmake)
[0.794s] -- Found robot_hardware: 0.0.1 (/home/pengyh/documents/ros2_ws/RobotAD/install/robot_hardware/share/robot_hardware/cmake)
[0.860s] -- Configuring done
[0.865s] -- Generating done
[0.867s] -- Build files have been written to: /home/pengyh/documents/ros2_ws/RobotAD/build/serial_comm
