[0.028s] Invoking command in '/home/pengyh/documents/ros2_ws/RobotAD/build/nuscenes_data_collector': CMAKE_PREFIX_PATH=${CMAKE_PREFIX_PATH}:/opt/ros/humble /usr/bin/cmake --build /home/pengyh/documents/ros2_ws/RobotAD/build/nuscenes_data_collector -- -j24 -l24
[0.102s] [ 50%] Built target nuscenes_data_collector_node
[0.103s] [100%] Built target nuscenes_data_collector_issac_node
[0.117s] Invoked command in '/home/pengyh/documents/ros2_ws/RobotAD/build/nuscenes_data_collector' returned '0': CMAKE_PREFIX_PATH=${CMAKE_PREFIX_PATH}:/opt/ros/humble /usr/bin/cmake --build /home/pengyh/documents/ros2_ws/RobotAD/build/nuscenes_data_collector -- -j24 -l24
[0.120s] Invoking command in '/home/pengyh/documents/ros2_ws/RobotAD/build/nuscenes_data_collector': CMAKE_PREFIX_PATH=${CMAKE_PREFIX_PATH}:/opt/ros/humble /usr/bin/cmake --install /home/pengyh/documents/ros2_ws/RobotAD/build/nuscenes_data_collector
[0.133s] -- Install configuration: ""
[0.134s] -- Execute custom install script
[0.134s] -- Up-to-date symlink: /home/pengyh/documents/ros2_ws/RobotAD/install/nuscenes_data_collector/share/nuscenes_data_collector/config/nuscenes_data_collector_params.yaml
[0.135s] -- Up-to-date symlink: /home/pengyh/documents/ros2_ws/RobotAD/install/nuscenes_data_collector/share/nuscenes_data_collector/config/rviz_config.rviz
[0.135s] -- Up-to-date symlink: /home/pengyh/documents/ros2_ws/RobotAD/install/nuscenes_data_collector/share/nuscenes_data_collector/config/rviz_config_backup_six_cam.rviz
[0.136s] -- Up-to-date symlink: /home/pengyh/documents/ros2_ws/RobotAD/install/nuscenes_data_collector/lib/nuscenes_data_collector/nuscenes_data_collector_node
[0.137s] -- Up-to-date symlink: /home/pengyh/documents/ros2_ws/RobotAD/install/nuscenes_data_collector/lib/nuscenes_data_collector/nuscenes_data_collector_issac_node
[0.137s] -- Up-to-date symlink: /home/pengyh/documents/ros2_ws/RobotAD/install/nuscenes_data_collector/share/ament_index/resource_index/package_run_dependencies/nuscenes_data_collector
[0.137s] -- Up-to-date symlink: /home/pengyh/documents/ros2_ws/RobotAD/install/nuscenes_data_collector/share/ament_index/resource_index/parent_prefix_path/nuscenes_data_collector
[0.137s] -- Up-to-date symlink: /home/pengyh/documents/ros2_ws/RobotAD/install/nuscenes_data_collector/share/nuscenes_data_collector/environment/ament_prefix_path.sh
[0.137s] -- Up-to-date symlink: /home/pengyh/documents/ros2_ws/RobotAD/install/nuscenes_data_collector/share/nuscenes_data_collector/environment/ament_prefix_path.dsv
[0.138s] -- Up-to-date symlink: /home/pengyh/documents/ros2_ws/RobotAD/install/nuscenes_data_collector/share/nuscenes_data_collector/environment/path.sh
[0.138s] -- Up-to-date symlink: /home/pengyh/documents/ros2_ws/RobotAD/install/nuscenes_data_collector/share/nuscenes_data_collector/environment/path.dsv
[0.138s] -- Up-to-date symlink: /home/pengyh/documents/ros2_ws/RobotAD/install/nuscenes_data_collector/share/nuscenes_data_collector/local_setup.bash
[0.138s] -- Up-to-date symlink: /home/pengyh/documents/ros2_ws/RobotAD/install/nuscenes_data_collector/share/nuscenes_data_collector/local_setup.sh
[0.138s] -- Up-to-date symlink: /home/pengyh/documents/ros2_ws/RobotAD/install/nuscenes_data_collector/share/nuscenes_data_collector/local_setup.zsh
[0.139s] -- Up-to-date symlink: /home/pengyh/documents/ros2_ws/RobotAD/install/nuscenes_data_collector/share/nuscenes_data_collector/local_setup.dsv
[0.139s] -- Symlinking: /home/pengyh/documents/ros2_ws/RobotAD/install/nuscenes_data_collector/share/nuscenes_data_collector/package.dsv
[0.147s] -- Up-to-date symlink: /home/pengyh/documents/ros2_ws/RobotAD/install/nuscenes_data_collector/share/ament_index/resource_index/packages/nuscenes_data_collector
[0.148s] -- Up-to-date symlink: /home/pengyh/documents/ros2_ws/RobotAD/install/nuscenes_data_collector/share/nuscenes_data_collector/cmake/nuscenes_data_collectorConfig.cmake
[0.148s] -- Up-to-date symlink: /home/pengyh/documents/ros2_ws/RobotAD/install/nuscenes_data_collector/share/nuscenes_data_collector/cmake/nuscenes_data_collectorConfig-version.cmake
[0.148s] -- Up-to-date symlink: /home/pengyh/documents/ros2_ws/RobotAD/install/nuscenes_data_collector/share/nuscenes_data_collector/package.xml
[0.200s] Invoked command in '/home/pengyh/documents/ros2_ws/RobotAD/build/nuscenes_data_collector' returned '0': CMAKE_PREFIX_PATH=${CMAKE_PREFIX_PATH}:/opt/ros/humble /usr/bin/cmake --install /home/pengyh/documents/ros2_ws/RobotAD/build/nuscenes_data_collector
