[0.060s] DEBUG:colcon:Command line arguments: ['/usr/bin/colcon', 'build']
[0.060s] DEBUG:colcon:Parsed command line arguments: Namespace(log_base=None, log_level=None, verb_name='build', build_base='build', install_base='install', merge_install=False, symlink_install=False, test_result_base=None, continue_on_error=False, executor='parallel', parallel_workers=24, event_handlers=None, ignore_user_meta=False, metas=['./colcon.meta'], base_paths=['.'], packages_ignore=None, packages_ignore_regex=None, paths=None, packages_up_to=None, packages_up_to_regex=None, packages_above=None, packages_above_and_dependencies=None, packages_above_depth=None, packages_select_by_dep=None, packages_skip_by_dep=None, packages_skip_up_to=None, packages_select_build_failed=False, packages_skip_build_finished=False, packages_select_test_failures=False, packages_skip_test_passed=False, packages_select=None, packages_skip=None, packages_select_regex=None, packages_skip_regex=None, packages_start=None, packages_end=None, allow_overriding=[], cmake_args=None, cmake_target=None, cmake_target_skip_unavailable=False, cmake_clean_cache=False, cmake_clean_first=False, cmake_force_configure=False, ament_cmake_args=None, catkin_cmake_args=None, catkin_skip_building_tests=False, mixin_files=None, mixin=None, verb_parser=<colcon_mixin.mixin.mixin_argument.MixinArgumentDecorator object at 0x75c5e2f78190>, verb_extension=<colcon_core.verb.build.BuildVerb object at 0x75c5e2f3f730>, main=<bound method BuildVerb.main of <colcon_core.verb.build.BuildVerb object at 0x75c5e2f3f730>>, mixin_verb=('build',))
[0.169s] Level 1:colcon.colcon_core.package_discovery:discover_packages(colcon_meta) check parameters
[0.169s] Level 1:colcon.colcon_core.package_discovery:discover_packages(recursive) check parameters
[0.169s] Level 1:colcon.colcon_core.package_discovery:discover_packages(ignore) check parameters
[0.169s] Level 1:colcon.colcon_core.package_discovery:discover_packages(path) check parameters
[0.169s] Level 1:colcon.colcon_core.package_discovery:discover_packages(colcon_meta) discover
[0.169s] Level 1:colcon.colcon_core.package_discovery:discover_packages(recursive) discover
[0.169s] INFO:colcon.colcon_core.package_discovery:Crawling recursively for packages in '/home/future/Documents/pengyh/RobotAD_ws'
[0.169s] Level 1:colcon.colcon_core.package_identification:_identify(.) by extensions ['ignore', 'ignore_ament_install']
[0.169s] Level 1:colcon.colcon_core.package_identification:_identify(.) by extension 'ignore'
[0.169s] Level 1:colcon.colcon_core.package_identification:_identify(.) by extension 'ignore_ament_install'
[0.169s] Level 1:colcon.colcon_core.package_identification:_identify(.) by extensions ['colcon_pkg']
[0.169s] Level 1:colcon.colcon_core.package_identification:_identify(.) by extension 'colcon_pkg'
[0.169s] Level 1:colcon.colcon_core.package_identification:_identify(.) by extensions ['colcon_meta']
[0.169s] Level 1:colcon.colcon_core.package_identification:_identify(.) by extension 'colcon_meta'
[0.169s] Level 1:colcon.colcon_core.package_identification:_identify(.) by extensions ['ros']
[0.169s] Level 1:colcon.colcon_core.package_identification:_identify(.) by extension 'ros'
[0.175s] Level 1:colcon.colcon_core.package_identification:_identify(.) by extensions ['cmake', 'python']
[0.175s] Level 1:colcon.colcon_core.package_identification:_identify(.) by extension 'cmake'
[0.175s] Level 1:colcon.colcon_core.package_identification:_identify(.) by extension 'python'
[0.175s] Level 1:colcon.colcon_core.package_identification:_identify(.) by extensions ['python_setup_py']
[0.175s] Level 1:colcon.colcon_core.package_identification:_identify(.) by extension 'python_setup_py'
[0.175s] Level 1:colcon.colcon_core.package_identification:_identify(build) by extensions ['ignore', 'ignore_ament_install']
[0.175s] Level 1:colcon.colcon_core.package_identification:_identify(build) by extension 'ignore'
[0.175s] Level 1:colcon.colcon_core.package_identification:_identify(build) ignored
[0.175s] Level 1:colcon.colcon_core.package_identification:_identify(install) by extensions ['ignore', 'ignore_ament_install']
[0.175s] Level 1:colcon.colcon_core.package_identification:_identify(install) by extension 'ignore'
[0.175s] Level 1:colcon.colcon_core.package_identification:_identify(install) ignored
[0.175s] Level 1:colcon.colcon_core.package_identification:_identify(launch) by extensions ['ignore', 'ignore_ament_install']
[0.175s] Level 1:colcon.colcon_core.package_identification:_identify(launch) by extension 'ignore'
[0.175s] Level 1:colcon.colcon_core.package_identification:_identify(launch) by extension 'ignore_ament_install'
[0.175s] Level 1:colcon.colcon_core.package_identification:_identify(launch) by extensions ['colcon_pkg']
[0.175s] Level 1:colcon.colcon_core.package_identification:_identify(launch) by extension 'colcon_pkg'
[0.175s] Level 1:colcon.colcon_core.package_identification:_identify(launch) by extensions ['colcon_meta']
[0.175s] Level 1:colcon.colcon_core.package_identification:_identify(launch) by extension 'colcon_meta'
[0.175s] Level 1:colcon.colcon_core.package_identification:_identify(launch) by extensions ['ros']
[0.175s] Level 1:colcon.colcon_core.package_identification:_identify(launch) by extension 'ros'
[0.175s] Level 1:colcon.colcon_core.package_identification:_identify(launch) by extensions ['cmake', 'python']
[0.175s] Level 1:colcon.colcon_core.package_identification:_identify(launch) by extension 'cmake'
[0.175s] Level 1:colcon.colcon_core.package_identification:_identify(launch) by extension 'python'
[0.175s] Level 1:colcon.colcon_core.package_identification:_identify(launch) by extensions ['python_setup_py']
[0.175s] Level 1:colcon.colcon_core.package_identification:_identify(launch) by extension 'python_setup_py'
[0.175s] Level 1:colcon.colcon_core.package_identification:_identify(launch/__pycache__) by extensions ['ignore', 'ignore_ament_install']
[0.175s] Level 1:colcon.colcon_core.package_identification:_identify(launch/__pycache__) by extension 'ignore'
[0.175s] Level 1:colcon.colcon_core.package_identification:_identify(launch/__pycache__) by extension 'ignore_ament_install'
[0.175s] Level 1:colcon.colcon_core.package_identification:_identify(launch/__pycache__) by extensions ['colcon_pkg']
[0.175s] Level 1:colcon.colcon_core.package_identification:_identify(launch/__pycache__) by extension 'colcon_pkg'
[0.175s] Level 1:colcon.colcon_core.package_identification:_identify(launch/__pycache__) by extensions ['colcon_meta']
[0.175s] Level 1:colcon.colcon_core.package_identification:_identify(launch/__pycache__) by extension 'colcon_meta'
[0.175s] Level 1:colcon.colcon_core.package_identification:_identify(launch/__pycache__) by extensions ['ros']
[0.175s] Level 1:colcon.colcon_core.package_identification:_identify(launch/__pycache__) by extension 'ros'
[0.175s] Level 1:colcon.colcon_core.package_identification:_identify(launch/__pycache__) by extensions ['cmake', 'python']
[0.175s] Level 1:colcon.colcon_core.package_identification:_identify(launch/__pycache__) by extension 'cmake'
[0.175s] Level 1:colcon.colcon_core.package_identification:_identify(launch/__pycache__) by extension 'python'
[0.175s] Level 1:colcon.colcon_core.package_identification:_identify(launch/__pycache__) by extensions ['python_setup_py']
[0.175s] Level 1:colcon.colcon_core.package_identification:_identify(launch/__pycache__) by extension 'python_setup_py'
[0.175s] Level 1:colcon.colcon_core.package_identification:_identify(log) by extensions ['ignore', 'ignore_ament_install']
[0.176s] Level 1:colcon.colcon_core.package_identification:_identify(log) by extension 'ignore'
[0.176s] Level 1:colcon.colcon_core.package_identification:_identify(log) ignored
[0.176s] Level 1:colcon.colcon_core.package_identification:_identify(src) by extensions ['ignore', 'ignore_ament_install']
[0.176s] Level 1:colcon.colcon_core.package_identification:_identify(src) by extension 'ignore'
[0.176s] Level 1:colcon.colcon_core.package_identification:_identify(src) by extension 'ignore_ament_install'
[0.176s] Level 1:colcon.colcon_core.package_identification:_identify(src) by extensions ['colcon_pkg']
[0.176s] Level 1:colcon.colcon_core.package_identification:_identify(src) by extension 'colcon_pkg'
[0.176s] Level 1:colcon.colcon_core.package_identification:_identify(src) by extensions ['colcon_meta']
[0.176s] Level 1:colcon.colcon_core.package_identification:_identify(src) by extension 'colcon_meta'
[0.176s] Level 1:colcon.colcon_core.package_identification:_identify(src) by extensions ['ros']
[0.176s] Level 1:colcon.colcon_core.package_identification:_identify(src) by extension 'ros'
[0.176s] Level 1:colcon.colcon_core.package_identification:_identify(src) by extensions ['cmake', 'python']
[0.176s] Level 1:colcon.colcon_core.package_identification:_identify(src) by extension 'cmake'
[0.176s] Level 1:colcon.colcon_core.package_identification:_identify(src) by extension 'python'
[0.176s] Level 1:colcon.colcon_core.package_identification:_identify(src) by extensions ['python_setup_py']
[0.176s] Level 1:colcon.colcon_core.package_identification:_identify(src) by extension 'python_setup_py'
[0.176s] Level 1:colcon.colcon_core.package_identification:_identify(src/diff_control) by extensions ['ignore', 'ignore_ament_install']
[0.176s] Level 1:colcon.colcon_core.package_identification:_identify(src/diff_control) by extension 'ignore'
[0.176s] Level 1:colcon.colcon_core.package_identification:_identify(src/diff_control) by extension 'ignore_ament_install'
[0.176s] Level 1:colcon.colcon_core.package_identification:_identify(src/diff_control) by extensions ['colcon_pkg']
[0.176s] Level 1:colcon.colcon_core.package_identification:_identify(src/diff_control) by extension 'colcon_pkg'
[0.176s] Level 1:colcon.colcon_core.package_identification:_identify(src/diff_control) by extensions ['colcon_meta']
[0.176s] Level 1:colcon.colcon_core.package_identification:_identify(src/diff_control) by extension 'colcon_meta'
[0.176s] Level 1:colcon.colcon_core.package_identification:_identify(src/diff_control) by extensions ['ros']
[0.176s] Level 1:colcon.colcon_core.package_identification:_identify(src/diff_control) by extension 'ros'
[0.178s] DEBUG:colcon.colcon_core.package_identification:Package 'src/diff_control' with type 'ros.ament_cmake' and name 'diff_control'
[0.178s] Level 1:colcon.colcon_core.package_identification:_identify(src/keyboard_control) by extensions ['ignore', 'ignore_ament_install']
[0.178s] Level 1:colcon.colcon_core.package_identification:_identify(src/keyboard_control) by extension 'ignore'
[0.178s] Level 1:colcon.colcon_core.package_identification:_identify(src/keyboard_control) by extension 'ignore_ament_install'
[0.178s] Level 1:colcon.colcon_core.package_identification:_identify(src/keyboard_control) by extensions ['colcon_pkg']
[0.178s] Level 1:colcon.colcon_core.package_identification:_identify(src/keyboard_control) by extension 'colcon_pkg'
[0.178s] Level 1:colcon.colcon_core.package_identification:_identify(src/keyboard_control) by extensions ['colcon_meta']
[0.178s] Level 1:colcon.colcon_core.package_identification:_identify(src/keyboard_control) by extension 'colcon_meta'
[0.178s] Level 1:colcon.colcon_core.package_identification:_identify(src/keyboard_control) by extensions ['ros']
[0.178s] Level 1:colcon.colcon_core.package_identification:_identify(src/keyboard_control) by extension 'ros'
[0.179s] DEBUG:colcon.colcon_core.package_identification:Package 'src/keyboard_control' with type 'ros.ament_cmake' and name 'keyboard_control'
[0.179s] Level 1:colcon.colcon_core.package_identification:_identify(src/miiboo_imu) by extensions ['ignore', 'ignore_ament_install']
[0.179s] Level 1:colcon.colcon_core.package_identification:_identify(src/miiboo_imu) by extension 'ignore'
[0.179s] Level 1:colcon.colcon_core.package_identification:_identify(src/miiboo_imu) by extension 'ignore_ament_install'
[0.179s] Level 1:colcon.colcon_core.package_identification:_identify(src/miiboo_imu) by extensions ['colcon_pkg']
[0.179s] Level 1:colcon.colcon_core.package_identification:_identify(src/miiboo_imu) by extension 'colcon_pkg'
[0.179s] Level 1:colcon.colcon_core.package_identification:_identify(src/miiboo_imu) by extensions ['colcon_meta']
[0.179s] Level 1:colcon.colcon_core.package_identification:_identify(src/miiboo_imu) by extension 'colcon_meta'
[0.179s] Level 1:colcon.colcon_core.package_identification:_identify(src/miiboo_imu) by extensions ['ros']
[0.179s] Level 1:colcon.colcon_core.package_identification:_identify(src/miiboo_imu) by extension 'ros'
[0.179s] DEBUG:colcon.colcon_core.package_identification:Package 'src/miiboo_imu' with type 'ros.ament_cmake' and name 'miiboo_imu'
[0.179s] Level 1:colcon.colcon_core.package_identification:_identify(src/pointcloud_to_laserscan) by extensions ['ignore', 'ignore_ament_install']
[0.179s] Level 1:colcon.colcon_core.package_identification:_identify(src/pointcloud_to_laserscan) by extension 'ignore'
[0.179s] Level 1:colcon.colcon_core.package_identification:_identify(src/pointcloud_to_laserscan) by extension 'ignore_ament_install'
[0.179s] Level 1:colcon.colcon_core.package_identification:_identify(src/pointcloud_to_laserscan) by extensions ['colcon_pkg']
[0.179s] Level 1:colcon.colcon_core.package_identification:_identify(src/pointcloud_to_laserscan) by extension 'colcon_pkg'
[0.179s] Level 1:colcon.colcon_core.package_identification:_identify(src/pointcloud_to_laserscan) by extensions ['colcon_meta']
[0.179s] Level 1:colcon.colcon_core.package_identification:_identify(src/pointcloud_to_laserscan) by extension 'colcon_meta'
[0.180s] Level 1:colcon.colcon_core.package_identification:_identify(src/pointcloud_to_laserscan) by extensions ['ros']
[0.180s] Level 1:colcon.colcon_core.package_identification:_identify(src/pointcloud_to_laserscan) by extension 'ros'
[0.180s] DEBUG:colcon.colcon_core.package_identification:Package 'src/pointcloud_to_laserscan' with type 'ros.ament_cmake' and name 'pointcloud_to_laserscan'
[0.180s] Level 1:colcon.colcon_core.package_identification:_identify(src/robot_hardware) by extensions ['ignore', 'ignore_ament_install']
[0.180s] Level 1:colcon.colcon_core.package_identification:_identify(src/robot_hardware) by extension 'ignore'
[0.180s] Level 1:colcon.colcon_core.package_identification:_identify(src/robot_hardware) by extension 'ignore_ament_install'
[0.180s] Level 1:colcon.colcon_core.package_identification:_identify(src/robot_hardware) by extensions ['colcon_pkg']
[0.180s] Level 1:colcon.colcon_core.package_identification:_identify(src/robot_hardware) by extension 'colcon_pkg'
[0.180s] Level 1:colcon.colcon_core.package_identification:_identify(src/robot_hardware) by extensions ['colcon_meta']
[0.180s] Level 1:colcon.colcon_core.package_identification:_identify(src/robot_hardware) by extension 'colcon_meta'
[0.180s] Level 1:colcon.colcon_core.package_identification:_identify(src/robot_hardware) by extensions ['ros']
[0.180s] Level 1:colcon.colcon_core.package_identification:_identify(src/robot_hardware) by extension 'ros'
[0.186s] DEBUG:colcon.colcon_core.package_identification:Package 'src/robot_hardware' with type 'ros.ament_cmake' and name 'robot_hardware'
[0.186s] Level 1:colcon.colcon_core.package_identification:_identify(src/robot_locate) by extensions ['ignore', 'ignore_ament_install']
[0.186s] Level 1:colcon.colcon_core.package_identification:_identify(src/robot_locate) by extension 'ignore'
[0.186s] Level 1:colcon.colcon_core.package_identification:_identify(src/robot_locate) by extension 'ignore_ament_install'
[0.186s] Level 1:colcon.colcon_core.package_identification:_identify(src/robot_locate) by extensions ['colcon_pkg']
[0.186s] Level 1:colcon.colcon_core.package_identification:_identify(src/robot_locate) by extension 'colcon_pkg'
[0.186s] Level 1:colcon.colcon_core.package_identification:_identify(src/robot_locate) by extensions ['colcon_meta']
[0.186s] Level 1:colcon.colcon_core.package_identification:_identify(src/robot_locate) by extension 'colcon_meta'
[0.186s] Level 1:colcon.colcon_core.package_identification:_identify(src/robot_locate) by extensions ['ros']
[0.186s] Level 1:colcon.colcon_core.package_identification:_identify(src/robot_locate) by extension 'ros'
[0.186s] DEBUG:colcon.colcon_core.package_identification:Package 'src/robot_locate' with type 'ros.ament_cmake' and name 'robot_locate'
[0.186s] Level 1:colcon.colcon_core.package_identification:_identify(src/rslidar_msg) by extensions ['ignore', 'ignore_ament_install']
[0.186s] Level 1:colcon.colcon_core.package_identification:_identify(src/rslidar_msg) by extension 'ignore'
[0.186s] Level 1:colcon.colcon_core.package_identification:_identify(src/rslidar_msg) by extension 'ignore_ament_install'
[0.186s] Level 1:colcon.colcon_core.package_identification:_identify(src/rslidar_msg) by extensions ['colcon_pkg']
[0.186s] Level 1:colcon.colcon_core.package_identification:_identify(src/rslidar_msg) by extension 'colcon_pkg'
[0.186s] Level 1:colcon.colcon_core.package_identification:_identify(src/rslidar_msg) by extensions ['colcon_meta']
[0.186s] Level 1:colcon.colcon_core.package_identification:_identify(src/rslidar_msg) by extension 'colcon_meta'
[0.186s] Level 1:colcon.colcon_core.package_identification:_identify(src/rslidar_msg) by extensions ['ros']
[0.187s] Level 1:colcon.colcon_core.package_identification:_identify(src/rslidar_msg) by extension 'ros'
[0.187s] DEBUG:colcon.colcon_core.package_identification:Package 'src/rslidar_msg' with type 'ros.ament_cmake' and name 'rslidar_msg'
[0.187s] Level 1:colcon.colcon_core.package_identification:_identify(src/rslidar_sdk) by extensions ['ignore', 'ignore_ament_install']
[0.187s] Level 1:colcon.colcon_core.package_identification:_identify(src/rslidar_sdk) by extension 'ignore'
[0.187s] Level 1:colcon.colcon_core.package_identification:_identify(src/rslidar_sdk) by extension 'ignore_ament_install'
[0.187s] Level 1:colcon.colcon_core.package_identification:_identify(src/rslidar_sdk) by extensions ['colcon_pkg']
[0.187s] Level 1:colcon.colcon_core.package_identification:_identify(src/rslidar_sdk) by extension 'colcon_pkg'
[0.187s] Level 1:colcon.colcon_core.package_identification:_identify(src/rslidar_sdk) by extensions ['colcon_meta']
[0.187s] Level 1:colcon.colcon_core.package_identification:_identify(src/rslidar_sdk) by extension 'colcon_meta'
[0.187s] Level 1:colcon.colcon_core.package_identification:_identify(src/rslidar_sdk) by extensions ['ros']
[0.187s] Level 1:colcon.colcon_core.package_identification:_identify(src/rslidar_sdk) by extension 'ros'
[0.187s] DEBUG:colcon.colcon_core.package_identification:Package 'src/rslidar_sdk' with type 'ros.ament_cmake' and name 'rslidar_sdk'
[0.187s] Level 1:colcon.colcon_core.package_identification:_identify(src/serial_comm) by extensions ['ignore', 'ignore_ament_install']
[0.187s] Level 1:colcon.colcon_core.package_identification:_identify(src/serial_comm) by extension 'ignore'
[0.188s] Level 1:colcon.colcon_core.package_identification:_identify(src/serial_comm) by extension 'ignore_ament_install'
[0.188s] Level 1:colcon.colcon_core.package_identification:_identify(src/serial_comm) by extensions ['colcon_pkg']
[0.188s] Level 1:colcon.colcon_core.package_identification:_identify(src/serial_comm) by extension 'colcon_pkg'
[0.188s] Level 1:colcon.colcon_core.package_identification:_identify(src/serial_comm) by extensions ['colcon_meta']
[0.188s] Level 1:colcon.colcon_core.package_identification:_identify(src/serial_comm) by extension 'colcon_meta'
[0.188s] Level 1:colcon.colcon_core.package_identification:_identify(src/serial_comm) by extensions ['ros']
[0.188s] Level 1:colcon.colcon_core.package_identification:_identify(src/serial_comm) by extension 'ros'
[0.188s] DEBUG:colcon.colcon_core.package_identification:Package 'src/serial_comm' with type 'ros.ament_cmake' and name 'serial_comm'
[0.188s] Level 1:colcon.colcon_core.package_identification:_identify(src/usb_camera) by extensions ['ignore', 'ignore_ament_install']
[0.188s] Level 1:colcon.colcon_core.package_identification:_identify(src/usb_camera) by extension 'ignore'
[0.188s] Level 1:colcon.colcon_core.package_identification:_identify(src/usb_camera) by extension 'ignore_ament_install'
[0.188s] Level 1:colcon.colcon_core.package_identification:_identify(src/usb_camera) by extensions ['colcon_pkg']
[0.188s] Level 1:colcon.colcon_core.package_identification:_identify(src/usb_camera) by extension 'colcon_pkg'
[0.188s] Level 1:colcon.colcon_core.package_identification:_identify(src/usb_camera) by extensions ['colcon_meta']
[0.188s] Level 1:colcon.colcon_core.package_identification:_identify(src/usb_camera) by extension 'colcon_meta'
[0.188s] Level 1:colcon.colcon_core.package_identification:_identify(src/usb_camera) by extensions ['ros']
[0.188s] Level 1:colcon.colcon_core.package_identification:_identify(src/usb_camera) by extension 'ros'
[0.188s] DEBUG:colcon.colcon_core.package_identification:Package 'src/usb_camera' with type 'ros.ament_cmake' and name 'usb_camera'
[0.188s] Level 1:colcon.colcon_core.package_identification:_identify(tmp) by extensions ['ignore', 'ignore_ament_install']
[0.189s] Level 1:colcon.colcon_core.package_identification:_identify(tmp) by extension 'ignore'
[0.189s] Level 1:colcon.colcon_core.package_identification:_identify(tmp) by extension 'ignore_ament_install'
[0.189s] Level 1:colcon.colcon_core.package_identification:_identify(tmp) by extensions ['colcon_pkg']
[0.189s] Level 1:colcon.colcon_core.package_identification:_identify(tmp) by extension 'colcon_pkg'
[0.189s] Level 1:colcon.colcon_core.package_identification:_identify(tmp) by extensions ['colcon_meta']
[0.189s] Level 1:colcon.colcon_core.package_identification:_identify(tmp) by extension 'colcon_meta'
[0.189s] Level 1:colcon.colcon_core.package_identification:_identify(tmp) by extensions ['ros']
[0.189s] Level 1:colcon.colcon_core.package_identification:_identify(tmp) by extension 'ros'
[0.189s] Level 1:colcon.colcon_core.package_identification:_identify(tmp) by extensions ['cmake', 'python']
[0.189s] Level 1:colcon.colcon_core.package_identification:_identify(tmp) by extension 'cmake'
[0.189s] Level 1:colcon.colcon_core.package_identification:_identify(tmp) by extension 'python'
[0.189s] Level 1:colcon.colcon_core.package_identification:_identify(tmp) by extensions ['python_setup_py']
[0.189s] Level 1:colcon.colcon_core.package_identification:_identify(tmp) by extension 'python_setup_py'
[0.189s] Level 1:colcon.colcon_core.package_identification:_identify(tmp/hardware) by extensions ['ignore', 'ignore_ament_install']
[0.189s] Level 1:colcon.colcon_core.package_identification:_identify(tmp/hardware) by extension 'ignore'
[0.189s] Level 1:colcon.colcon_core.package_identification:_identify(tmp/hardware) by extension 'ignore_ament_install'
[0.189s] Level 1:colcon.colcon_core.package_identification:_identify(tmp/hardware) by extensions ['colcon_pkg']
[0.189s] Level 1:colcon.colcon_core.package_identification:_identify(tmp/hardware) by extension 'colcon_pkg'
[0.189s] Level 1:colcon.colcon_core.package_identification:_identify(tmp/hardware) by extensions ['colcon_meta']
[0.189s] Level 1:colcon.colcon_core.package_identification:_identify(tmp/hardware) by extension 'colcon_meta'
[0.189s] Level 1:colcon.colcon_core.package_identification:_identify(tmp/hardware) by extensions ['ros']
[0.189s] Level 1:colcon.colcon_core.package_identification:_identify(tmp/hardware) by extension 'ros'
[0.189s] Level 1:colcon.colcon_core.package_identification:_identify(tmp/hardware) by extensions ['cmake', 'python']
[0.189s] Level 1:colcon.colcon_core.package_identification:_identify(tmp/hardware) by extension 'cmake'
[0.189s] Level 1:colcon.colcon_core.package_identification:_identify(tmp/hardware) by extension 'python'
[0.189s] Level 1:colcon.colcon_core.package_identification:_identify(tmp/hardware) by extensions ['python_setup_py']
[0.189s] Level 1:colcon.colcon_core.package_identification:_identify(tmp/hardware) by extension 'python_setup_py'
[0.189s] Level 1:colcon.colcon_core.package_identification:_identify(tmp/hardware/include) by extensions ['ignore', 'ignore_ament_install']
[0.189s] Level 1:colcon.colcon_core.package_identification:_identify(tmp/hardware/include) by extension 'ignore'
[0.189s] Level 1:colcon.colcon_core.package_identification:_identify(tmp/hardware/include) by extension 'ignore_ament_install'
[0.189s] Level 1:colcon.colcon_core.package_identification:_identify(tmp/hardware/include) by extensions ['colcon_pkg']
[0.189s] Level 1:colcon.colcon_core.package_identification:_identify(tmp/hardware/include) by extension 'colcon_pkg'
[0.189s] Level 1:colcon.colcon_core.package_identification:_identify(tmp/hardware/include) by extensions ['colcon_meta']
[0.189s] Level 1:colcon.colcon_core.package_identification:_identify(tmp/hardware/include) by extension 'colcon_meta'
[0.189s] Level 1:colcon.colcon_core.package_identification:_identify(tmp/hardware/include) by extensions ['ros']
[0.189s] Level 1:colcon.colcon_core.package_identification:_identify(tmp/hardware/include) by extension 'ros'
[0.189s] Level 1:colcon.colcon_core.package_identification:_identify(tmp/hardware/include) by extensions ['cmake', 'python']
[0.189s] Level 1:colcon.colcon_core.package_identification:_identify(tmp/hardware/include) by extension 'cmake'
[0.189s] Level 1:colcon.colcon_core.package_identification:_identify(tmp/hardware/include) by extension 'python'
[0.189s] Level 1:colcon.colcon_core.package_identification:_identify(tmp/hardware/include) by extensions ['python_setup_py']
[0.189s] Level 1:colcon.colcon_core.package_identification:_identify(tmp/hardware/include) by extension 'python_setup_py'
[0.189s] Level 1:colcon.colcon_core.package_identification:_identify(tmp/hardware/include/diff_control) by extensions ['ignore', 'ignore_ament_install']
[0.189s] Level 1:colcon.colcon_core.package_identification:_identify(tmp/hardware/include/diff_control) by extension 'ignore'
[0.189s] Level 1:colcon.colcon_core.package_identification:_identify(tmp/hardware/include/diff_control) by extension 'ignore_ament_install'
[0.189s] Level 1:colcon.colcon_core.package_identification:_identify(tmp/hardware/include/diff_control) by extensions ['colcon_pkg']
[0.189s] Level 1:colcon.colcon_core.package_identification:_identify(tmp/hardware/include/diff_control) by extension 'colcon_pkg'
[0.190s] Level 1:colcon.colcon_core.package_identification:_identify(tmp/hardware/include/diff_control) by extensions ['colcon_meta']
[0.190s] Level 1:colcon.colcon_core.package_identification:_identify(tmp/hardware/include/diff_control) by extension 'colcon_meta'
[0.190s] Level 1:colcon.colcon_core.package_identification:_identify(tmp/hardware/include/diff_control) by extensions ['ros']
[0.190s] Level 1:colcon.colcon_core.package_identification:_identify(tmp/hardware/include/diff_control) by extension 'ros'
[0.190s] Level 1:colcon.colcon_core.package_identification:_identify(tmp/hardware/include/diff_control) by extensions ['cmake', 'python']
[0.190s] Level 1:colcon.colcon_core.package_identification:_identify(tmp/hardware/include/diff_control) by extension 'cmake'
[0.190s] Level 1:colcon.colcon_core.package_identification:_identify(tmp/hardware/include/diff_control) by extension 'python'
[0.190s] Level 1:colcon.colcon_core.package_identification:_identify(tmp/hardware/include/diff_control) by extensions ['python_setup_py']
[0.190s] Level 1:colcon.colcon_core.package_identification:_identify(tmp/hardware/include/diff_control) by extension 'python_setup_py'
[0.190s] Level 1:colcon.colcon_core.package_identification:_identify(tmp/msg) by extensions ['ignore', 'ignore_ament_install']
[0.190s] Level 1:colcon.colcon_core.package_identification:_identify(tmp/msg) by extension 'ignore'
[0.190s] Level 1:colcon.colcon_core.package_identification:_identify(tmp/msg) by extension 'ignore_ament_install'
[0.190s] Level 1:colcon.colcon_core.package_identification:_identify(tmp/msg) by extensions ['colcon_pkg']
[0.190s] Level 1:colcon.colcon_core.package_identification:_identify(tmp/msg) by extension 'colcon_pkg'
[0.190s] Level 1:colcon.colcon_core.package_identification:_identify(tmp/msg) by extensions ['colcon_meta']
[0.190s] Level 1:colcon.colcon_core.package_identification:_identify(tmp/msg) by extension 'colcon_meta'
[0.190s] Level 1:colcon.colcon_core.package_identification:_identify(tmp/msg) by extensions ['ros']
[0.190s] Level 1:colcon.colcon_core.package_identification:_identify(tmp/msg) by extension 'ros'
[0.190s] Level 1:colcon.colcon_core.package_identification:_identify(tmp/msg) by extensions ['cmake', 'python']
[0.190s] Level 1:colcon.colcon_core.package_identification:_identify(tmp/msg) by extension 'cmake'
[0.190s] Level 1:colcon.colcon_core.package_identification:_identify(tmp/msg) by extension 'python'
[0.190s] Level 1:colcon.colcon_core.package_identification:_identify(tmp/msg) by extensions ['python_setup_py']
[0.190s] Level 1:colcon.colcon_core.package_identification:_identify(tmp/msg) by extension 'python_setup_py'
[0.190s] Level 1:colcon.colcon_core.package_discovery:discover_packages(recursive) using defaults
[0.190s] Level 1:colcon.colcon_core.package_discovery:discover_packages(ignore) discover
[0.190s] Level 1:colcon.colcon_core.package_discovery:discover_packages(ignore) using defaults
[0.190s] Level 1:colcon.colcon_core.package_discovery:discover_packages(path) discover
[0.190s] Level 1:colcon.colcon_core.package_discovery:discover_packages(path) using defaults
[0.202s] Level 1:colcon.colcon_core.package_discovery:discover_packages(prefix_path) check parameters
[0.202s] Level 1:colcon.colcon_core.package_discovery:discover_packages(prefix_path) discover
[0.202s] WARNING:colcon.colcon_ros.prefix_path.ament:The path '/home/future/Documents/pengyh/RobotAD_ws/install/pointcloud_to_laserscan' in the environment variable AMENT_PREFIX_PATH doesn't exist
[0.202s] WARNING:colcon.colcon_ros.prefix_path.ament:The path '/home/future/Documents/pengyh/RobotAD_ws/install/usb_camera' in the environment variable AMENT_PREFIX_PATH doesn't exist
[0.202s] WARNING:colcon.colcon_ros.prefix_path.ament:The path '/home/future/Documents/pengyh/RobotAD_ws/install/serial_comm' in the environment variable AMENT_PREFIX_PATH doesn't exist
[0.202s] WARNING:colcon.colcon_ros.prefix_path.ament:The path '/home/future/Documents/pengyh/RobotAD_ws/install/rslidar_sdk' in the environment variable AMENT_PREFIX_PATH doesn't exist
[0.202s] WARNING:colcon.colcon_ros.prefix_path.ament:The path '/home/future/Documents/pengyh/RobotAD_ws/install/rslidar_msg' in the environment variable AMENT_PREFIX_PATH doesn't exist
[0.202s] WARNING:colcon.colcon_ros.prefix_path.ament:The path '/home/future/Documents/pengyh/RobotAD_ws/install/robot_locate' in the environment variable AMENT_PREFIX_PATH doesn't exist
[0.202s] WARNING:colcon.colcon_ros.prefix_path.ament:The path '/home/future/Documents/pengyh/RobotAD_ws/install/robot_hardware' in the environment variable AMENT_PREFIX_PATH doesn't exist
[0.202s] WARNING:colcon.colcon_ros.prefix_path.ament:The path '/home/future/Documents/pengyh/RobotAD_ws/install/miiboo_imu' in the environment variable AMENT_PREFIX_PATH doesn't exist
[0.202s] WARNING:colcon.colcon_ros.prefix_path.ament:The path '/home/future/Documents/pengyh/RobotAD_ws/install/keyboard_control' in the environment variable AMENT_PREFIX_PATH doesn't exist
[0.203s] WARNING:colcon.colcon_ros.prefix_path.catkin:The path '/home/future/Documents/pengyh/RobotAD_ws/install/pointcloud_to_laserscan' in the environment variable CMAKE_PREFIX_PATH doesn't exist
[0.203s] WARNING:colcon.colcon_ros.prefix_path.catkin:The path '/home/future/Documents/pengyh/RobotAD_ws/install/usb_camera' in the environment variable CMAKE_PREFIX_PATH doesn't exist
[0.203s] WARNING:colcon.colcon_ros.prefix_path.catkin:The path '/home/future/Documents/pengyh/RobotAD_ws/install/serial_comm' in the environment variable CMAKE_PREFIX_PATH doesn't exist
[0.203s] WARNING:colcon.colcon_ros.prefix_path.catkin:The path '/home/future/Documents/pengyh/RobotAD_ws/install/rslidar_sdk' in the environment variable CMAKE_PREFIX_PATH doesn't exist
[0.203s] WARNING:colcon.colcon_ros.prefix_path.catkin:The path '/home/future/Documents/pengyh/RobotAD_ws/install/rslidar_msg' in the environment variable CMAKE_PREFIX_PATH doesn't exist
[0.203s] WARNING:colcon.colcon_ros.prefix_path.catkin:The path '/home/future/Documents/pengyh/RobotAD_ws/install/robot_locate' in the environment variable CMAKE_PREFIX_PATH doesn't exist
[0.203s] WARNING:colcon.colcon_ros.prefix_path.catkin:The path '/home/future/Documents/pengyh/RobotAD_ws/install/robot_hardware' in the environment variable CMAKE_PREFIX_PATH doesn't exist
[0.203s] WARNING:colcon.colcon_ros.prefix_path.catkin:The path '/home/future/Documents/pengyh/RobotAD_ws/install/miiboo_imu' in the environment variable CMAKE_PREFIX_PATH doesn't exist
[0.203s] WARNING:colcon.colcon_ros.prefix_path.catkin:The path '/home/future/Documents/pengyh/RobotAD_ws/install/keyboard_control' in the environment variable CMAKE_PREFIX_PATH doesn't exist
[0.203s] DEBUG:colcon.colcon_installed_package_information.package_discovery:Found 1 installed packages in /home/future/Documents/pengyh/RobotAD_ws/install
[0.203s] DEBUG:colcon.colcon_installed_package_information.package_discovery:Found 4 installed packages in /home/future/Documents/VIW-FUSION/install
[0.204s] DEBUG:colcon.colcon_installed_package_information.package_discovery:Found 2 installed packages in /home/future/Documents/people_tracker/install
[0.204s] DEBUG:colcon.colcon_installed_package_information.package_discovery:Found 1 installed packages in /home/future/Documents/Navigation/interface_ws/install
[0.205s] DEBUG:colcon.colcon_installed_package_information.package_discovery:Found 478 installed packages in /opt/ros/humble
[0.206s] Level 1:colcon.colcon_core.package_discovery:discover_packages(prefix_path) using defaults
[0.233s] Level 5:colcon.colcon_core.verb:set package 'diff_control' build argument 'cmake_args' from command line to 'None'
[0.233s] Level 5:colcon.colcon_core.verb:set package 'diff_control' build argument 'cmake_target' from command line to 'None'
[0.233s] Level 5:colcon.colcon_core.verb:set package 'diff_control' build argument 'cmake_target_skip_unavailable' from command line to 'False'
[0.233s] Level 5:colcon.colcon_core.verb:set package 'diff_control' build argument 'cmake_clean_cache' from command line to 'False'
[0.233s] Level 5:colcon.colcon_core.verb:set package 'diff_control' build argument 'cmake_clean_first' from command line to 'False'
[0.233s] Level 5:colcon.colcon_core.verb:set package 'diff_control' build argument 'cmake_force_configure' from command line to 'False'
[0.233s] Level 5:colcon.colcon_core.verb:set package 'diff_control' build argument 'ament_cmake_args' from command line to 'None'
[0.233s] Level 5:colcon.colcon_core.verb:set package 'diff_control' build argument 'catkin_cmake_args' from command line to 'None'
[0.233s] Level 5:colcon.colcon_core.verb:set package 'diff_control' build argument 'catkin_skip_building_tests' from command line to 'False'
[0.233s] DEBUG:colcon.colcon_core.verb:Building package 'diff_control' with the following arguments: {'ament_cmake_args': None, 'build_base': '/home/future/Documents/pengyh/RobotAD_ws/build/diff_control', 'catkin_cmake_args': None, 'catkin_skip_building_tests': False, 'cmake_args': None, 'cmake_clean_cache': False, 'cmake_clean_first': False, 'cmake_force_configure': False, 'cmake_target': None, 'cmake_target_skip_unavailable': False, 'install_base': '/home/future/Documents/pengyh/RobotAD_ws/install/diff_control', 'merge_install': False, 'path': '/home/future/Documents/pengyh/RobotAD_ws/src/diff_control', 'symlink_install': False, 'test_result_base': None}
[0.234s] Level 5:colcon.colcon_core.verb:set package 'miiboo_imu' build argument 'cmake_args' from command line to 'None'
[0.234s] Level 5:colcon.colcon_core.verb:set package 'miiboo_imu' build argument 'cmake_target' from command line to 'None'
[0.234s] Level 5:colcon.colcon_core.verb:set package 'miiboo_imu' build argument 'cmake_target_skip_unavailable' from command line to 'False'
[0.234s] Level 5:colcon.colcon_core.verb:set package 'miiboo_imu' build argument 'cmake_clean_cache' from command line to 'False'
[0.234s] Level 5:colcon.colcon_core.verb:set package 'miiboo_imu' build argument 'cmake_clean_first' from command line to 'False'
[0.234s] Level 5:colcon.colcon_core.verb:set package 'miiboo_imu' build argument 'cmake_force_configure' from command line to 'False'
[0.234s] Level 5:colcon.colcon_core.verb:set package 'miiboo_imu' build argument 'ament_cmake_args' from command line to 'None'
[0.234s] Level 5:colcon.colcon_core.verb:set package 'miiboo_imu' build argument 'catkin_cmake_args' from command line to 'None'
[0.234s] Level 5:colcon.colcon_core.verb:set package 'miiboo_imu' build argument 'catkin_skip_building_tests' from command line to 'False'
[0.234s] DEBUG:colcon.colcon_core.verb:Building package 'miiboo_imu' with the following arguments: {'ament_cmake_args': None, 'build_base': '/home/future/Documents/pengyh/RobotAD_ws/build/miiboo_imu', 'catkin_cmake_args': None, 'catkin_skip_building_tests': False, 'cmake_args': None, 'cmake_clean_cache': False, 'cmake_clean_first': False, 'cmake_force_configure': False, 'cmake_target': None, 'cmake_target_skip_unavailable': False, 'install_base': '/home/future/Documents/pengyh/RobotAD_ws/install/miiboo_imu', 'merge_install': False, 'path': '/home/future/Documents/pengyh/RobotAD_ws/src/miiboo_imu', 'symlink_install': False, 'test_result_base': None}
[0.234s] Level 5:colcon.colcon_core.verb:set package 'pointcloud_to_laserscan' build argument 'cmake_args' from command line to 'None'
[0.234s] Level 5:colcon.colcon_core.verb:set package 'pointcloud_to_laserscan' build argument 'cmake_target' from command line to 'None'
[0.234s] Level 5:colcon.colcon_core.verb:set package 'pointcloud_to_laserscan' build argument 'cmake_target_skip_unavailable' from command line to 'False'
[0.234s] Level 5:colcon.colcon_core.verb:set package 'pointcloud_to_laserscan' build argument 'cmake_clean_cache' from command line to 'False'
[0.234s] Level 5:colcon.colcon_core.verb:set package 'pointcloud_to_laserscan' build argument 'cmake_clean_first' from command line to 'False'
[0.234s] Level 5:colcon.colcon_core.verb:set package 'pointcloud_to_laserscan' build argument 'cmake_force_configure' from command line to 'False'
[0.234s] Level 5:colcon.colcon_core.verb:set package 'pointcloud_to_laserscan' build argument 'ament_cmake_args' from command line to 'None'
[0.234s] Level 5:colcon.colcon_core.verb:set package 'pointcloud_to_laserscan' build argument 'catkin_cmake_args' from command line to 'None'
[0.234s] Level 5:colcon.colcon_core.verb:set package 'pointcloud_to_laserscan' build argument 'catkin_skip_building_tests' from command line to 'False'
[0.234s] DEBUG:colcon.colcon_core.verb:Building package 'pointcloud_to_laserscan' with the following arguments: {'ament_cmake_args': None, 'build_base': '/home/future/Documents/pengyh/RobotAD_ws/build/pointcloud_to_laserscan', 'catkin_cmake_args': None, 'catkin_skip_building_tests': False, 'cmake_args': None, 'cmake_clean_cache': False, 'cmake_clean_first': False, 'cmake_force_configure': False, 'cmake_target': None, 'cmake_target_skip_unavailable': False, 'install_base': '/home/future/Documents/pengyh/RobotAD_ws/install/pointcloud_to_laserscan', 'merge_install': False, 'path': '/home/future/Documents/pengyh/RobotAD_ws/src/pointcloud_to_laserscan', 'symlink_install': False, 'test_result_base': None}
[0.234s] Level 5:colcon.colcon_core.verb:set package 'robot_hardware' build argument 'cmake_args' from command line to 'None'
[0.234s] Level 5:colcon.colcon_core.verb:set package 'robot_hardware' build argument 'cmake_target' from command line to 'None'
[0.234s] Level 5:colcon.colcon_core.verb:set package 'robot_hardware' build argument 'cmake_target_skip_unavailable' from command line to 'False'
[0.234s] Level 5:colcon.colcon_core.verb:set package 'robot_hardware' build argument 'cmake_clean_cache' from command line to 'False'
[0.234s] Level 5:colcon.colcon_core.verb:set package 'robot_hardware' build argument 'cmake_clean_first' from command line to 'False'
[0.234s] Level 5:colcon.colcon_core.verb:set package 'robot_hardware' build argument 'cmake_force_configure' from command line to 'False'
[0.234s] Level 5:colcon.colcon_core.verb:set package 'robot_hardware' build argument 'ament_cmake_args' from command line to 'None'
[0.234s] Level 5:colcon.colcon_core.verb:set package 'robot_hardware' build argument 'catkin_cmake_args' from command line to 'None'
[0.234s] Level 5:colcon.colcon_core.verb:set package 'robot_hardware' build argument 'catkin_skip_building_tests' from command line to 'False'
[0.234s] DEBUG:colcon.colcon_core.verb:Building package 'robot_hardware' with the following arguments: {'ament_cmake_args': None, 'build_base': '/home/future/Documents/pengyh/RobotAD_ws/build/robot_hardware', 'catkin_cmake_args': None, 'catkin_skip_building_tests': False, 'cmake_args': None, 'cmake_clean_cache': False, 'cmake_clean_first': False, 'cmake_force_configure': False, 'cmake_target': None, 'cmake_target_skip_unavailable': False, 'install_base': '/home/future/Documents/pengyh/RobotAD_ws/install/robot_hardware', 'merge_install': False, 'path': '/home/future/Documents/pengyh/RobotAD_ws/src/robot_hardware', 'symlink_install': False, 'test_result_base': None}
[0.234s] Level 5:colcon.colcon_core.verb:set package 'robot_locate' build argument 'cmake_args' from command line to 'None'
[0.234s] Level 5:colcon.colcon_core.verb:set package 'robot_locate' build argument 'cmake_target' from command line to 'None'
[0.234s] Level 5:colcon.colcon_core.verb:set package 'robot_locate' build argument 'cmake_target_skip_unavailable' from command line to 'False'
[0.234s] Level 5:colcon.colcon_core.verb:set package 'robot_locate' build argument 'cmake_clean_cache' from command line to 'False'
[0.235s] Level 5:colcon.colcon_core.verb:set package 'robot_locate' build argument 'cmake_clean_first' from command line to 'False'
[0.235s] Level 5:colcon.colcon_core.verb:set package 'robot_locate' build argument 'cmake_force_configure' from command line to 'False'
[0.235s] Level 5:colcon.colcon_core.verb:set package 'robot_locate' build argument 'ament_cmake_args' from command line to 'None'
[0.235s] Level 5:colcon.colcon_core.verb:set package 'robot_locate' build argument 'catkin_cmake_args' from command line to 'None'
[0.235s] Level 5:colcon.colcon_core.verb:set package 'robot_locate' build argument 'catkin_skip_building_tests' from command line to 'False'
[0.235s] DEBUG:colcon.colcon_core.verb:Building package 'robot_locate' with the following arguments: {'ament_cmake_args': None, 'build_base': '/home/future/Documents/pengyh/RobotAD_ws/build/robot_locate', 'catkin_cmake_args': None, 'catkin_skip_building_tests': False, 'cmake_args': None, 'cmake_clean_cache': False, 'cmake_clean_first': False, 'cmake_force_configure': False, 'cmake_target': None, 'cmake_target_skip_unavailable': False, 'install_base': '/home/future/Documents/pengyh/RobotAD_ws/install/robot_locate', 'merge_install': False, 'path': '/home/future/Documents/pengyh/RobotAD_ws/src/robot_locate', 'symlink_install': False, 'test_result_base': None}
[0.235s] Level 5:colcon.colcon_core.verb:set package 'rslidar_msg' build argument 'cmake_args' from command line to 'None'
[0.235s] Level 5:colcon.colcon_core.verb:set package 'rslidar_msg' build argument 'cmake_target' from command line to 'None'
[0.235s] Level 5:colcon.colcon_core.verb:set package 'rslidar_msg' build argument 'cmake_target_skip_unavailable' from command line to 'False'
[0.235s] Level 5:colcon.colcon_core.verb:set package 'rslidar_msg' build argument 'cmake_clean_cache' from command line to 'False'
[0.235s] Level 5:colcon.colcon_core.verb:set package 'rslidar_msg' build argument 'cmake_clean_first' from command line to 'False'
[0.235s] Level 5:colcon.colcon_core.verb:set package 'rslidar_msg' build argument 'cmake_force_configure' from command line to 'False'
[0.235s] Level 5:colcon.colcon_core.verb:set package 'rslidar_msg' build argument 'ament_cmake_args' from command line to 'None'
[0.235s] Level 5:colcon.colcon_core.verb:set package 'rslidar_msg' build argument 'catkin_cmake_args' from command line to 'None'
[0.235s] Level 5:colcon.colcon_core.verb:set package 'rslidar_msg' build argument 'catkin_skip_building_tests' from command line to 'False'
[0.235s] DEBUG:colcon.colcon_core.verb:Building package 'rslidar_msg' with the following arguments: {'ament_cmake_args': None, 'build_base': '/home/future/Documents/pengyh/RobotAD_ws/build/rslidar_msg', 'catkin_cmake_args': None, 'catkin_skip_building_tests': False, 'cmake_args': None, 'cmake_clean_cache': False, 'cmake_clean_first': False, 'cmake_force_configure': False, 'cmake_target': None, 'cmake_target_skip_unavailable': False, 'install_base': '/home/future/Documents/pengyh/RobotAD_ws/install/rslidar_msg', 'merge_install': False, 'path': '/home/future/Documents/pengyh/RobotAD_ws/src/rslidar_msg', 'symlink_install': False, 'test_result_base': None}
[0.235s] Level 5:colcon.colcon_core.verb:set package 'usb_camera' build argument 'cmake_args' from command line to 'None'
[0.235s] Level 5:colcon.colcon_core.verb:set package 'usb_camera' build argument 'cmake_target' from command line to 'None'
[0.235s] Level 5:colcon.colcon_core.verb:set package 'usb_camera' build argument 'cmake_target_skip_unavailable' from command line to 'False'
[0.235s] Level 5:colcon.colcon_core.verb:set package 'usb_camera' build argument 'cmake_clean_cache' from command line to 'False'
[0.235s] Level 5:colcon.colcon_core.verb:set package 'usb_camera' build argument 'cmake_clean_first' from command line to 'False'
[0.235s] Level 5:colcon.colcon_core.verb:set package 'usb_camera' build argument 'cmake_force_configure' from command line to 'False'
[0.235s] Level 5:colcon.colcon_core.verb:set package 'usb_camera' build argument 'ament_cmake_args' from command line to 'None'
[0.235s] Level 5:colcon.colcon_core.verb:set package 'usb_camera' build argument 'catkin_cmake_args' from command line to 'None'
[0.235s] Level 5:colcon.colcon_core.verb:set package 'usb_camera' build argument 'catkin_skip_building_tests' from command line to 'False'
[0.235s] DEBUG:colcon.colcon_core.verb:Building package 'usb_camera' with the following arguments: {'ament_cmake_args': None, 'build_base': '/home/future/Documents/pengyh/RobotAD_ws/build/usb_camera', 'catkin_cmake_args': None, 'catkin_skip_building_tests': False, 'cmake_args': None, 'cmake_clean_cache': False, 'cmake_clean_first': False, 'cmake_force_configure': False, 'cmake_target': None, 'cmake_target_skip_unavailable': False, 'install_base': '/home/future/Documents/pengyh/RobotAD_ws/install/usb_camera', 'merge_install': False, 'path': '/home/future/Documents/pengyh/RobotAD_ws/src/usb_camera', 'symlink_install': False, 'test_result_base': None}
[0.235s] Level 5:colcon.colcon_core.verb:set package 'keyboard_control' build argument 'cmake_args' from command line to 'None'
[0.235s] Level 5:colcon.colcon_core.verb:set package 'keyboard_control' build argument 'cmake_target' from command line to 'None'
[0.235s] Level 5:colcon.colcon_core.verb:set package 'keyboard_control' build argument 'cmake_target_skip_unavailable' from command line to 'False'
[0.235s] Level 5:colcon.colcon_core.verb:set package 'keyboard_control' build argument 'cmake_clean_cache' from command line to 'False'
[0.235s] Level 5:colcon.colcon_core.verb:set package 'keyboard_control' build argument 'cmake_clean_first' from command line to 'False'
[0.235s] Level 5:colcon.colcon_core.verb:set package 'keyboard_control' build argument 'cmake_force_configure' from command line to 'False'
[0.235s] Level 5:colcon.colcon_core.verb:set package 'keyboard_control' build argument 'ament_cmake_args' from command line to 'None'
[0.235s] Level 5:colcon.colcon_core.verb:set package 'keyboard_control' build argument 'catkin_cmake_args' from command line to 'None'
[0.235s] Level 5:colcon.colcon_core.verb:set package 'keyboard_control' build argument 'catkin_skip_building_tests' from command line to 'False'
[0.235s] DEBUG:colcon.colcon_core.verb:Building package 'keyboard_control' with the following arguments: {'ament_cmake_args': None, 'build_base': '/home/future/Documents/pengyh/RobotAD_ws/build/keyboard_control', 'catkin_cmake_args': None, 'catkin_skip_building_tests': False, 'cmake_args': None, 'cmake_clean_cache': False, 'cmake_clean_first': False, 'cmake_force_configure': False, 'cmake_target': None, 'cmake_target_skip_unavailable': False, 'install_base': '/home/future/Documents/pengyh/RobotAD_ws/install/keyboard_control', 'merge_install': False, 'path': '/home/future/Documents/pengyh/RobotAD_ws/src/keyboard_control', 'symlink_install': False, 'test_result_base': None}
[0.235s] Level 5:colcon.colcon_core.verb:set package 'rslidar_sdk' build argument 'cmake_args' from command line to 'None'
[0.236s] Level 5:colcon.colcon_core.verb:set package 'rslidar_sdk' build argument 'cmake_target' from command line to 'None'
[0.236s] Level 5:colcon.colcon_core.verb:set package 'rslidar_sdk' build argument 'cmake_target_skip_unavailable' from command line to 'False'
[0.236s] Level 5:colcon.colcon_core.verb:set package 'rslidar_sdk' build argument 'cmake_clean_cache' from command line to 'False'
[0.236s] Level 5:colcon.colcon_core.verb:set package 'rslidar_sdk' build argument 'cmake_clean_first' from command line to 'False'
[0.236s] Level 5:colcon.colcon_core.verb:set package 'rslidar_sdk' build argument 'cmake_force_configure' from command line to 'False'
[0.236s] Level 5:colcon.colcon_core.verb:set package 'rslidar_sdk' build argument 'ament_cmake_args' from command line to 'None'
[0.236s] Level 5:colcon.colcon_core.verb:set package 'rslidar_sdk' build argument 'catkin_cmake_args' from command line to 'None'
[0.236s] Level 5:colcon.colcon_core.verb:set package 'rslidar_sdk' build argument 'catkin_skip_building_tests' from command line to 'False'
[0.236s] DEBUG:colcon.colcon_core.verb:Building package 'rslidar_sdk' with the following arguments: {'ament_cmake_args': None, 'build_base': '/home/future/Documents/pengyh/RobotAD_ws/build/rslidar_sdk', 'catkin_cmake_args': None, 'catkin_skip_building_tests': False, 'cmake_args': None, 'cmake_clean_cache': False, 'cmake_clean_first': False, 'cmake_force_configure': False, 'cmake_target': None, 'cmake_target_skip_unavailable': False, 'install_base': '/home/future/Documents/pengyh/RobotAD_ws/install/rslidar_sdk', 'merge_install': False, 'path': '/home/future/Documents/pengyh/RobotAD_ws/src/rslidar_sdk', 'symlink_install': False, 'test_result_base': None}
[0.236s] Level 5:colcon.colcon_core.verb:set package 'serial_comm' build argument 'cmake_args' from command line to 'None'
[0.236s] Level 5:colcon.colcon_core.verb:set package 'serial_comm' build argument 'cmake_target' from command line to 'None'
[0.236s] Level 5:colcon.colcon_core.verb:set package 'serial_comm' build argument 'cmake_target_skip_unavailable' from command line to 'False'
[0.236s] Level 5:colcon.colcon_core.verb:set package 'serial_comm' build argument 'cmake_clean_cache' from command line to 'False'
[0.236s] Level 5:colcon.colcon_core.verb:set package 'serial_comm' build argument 'cmake_clean_first' from command line to 'False'
[0.236s] Level 5:colcon.colcon_core.verb:set package 'serial_comm' build argument 'cmake_force_configure' from command line to 'False'
[0.236s] Level 5:colcon.colcon_core.verb:set package 'serial_comm' build argument 'ament_cmake_args' from command line to 'None'
[0.236s] Level 5:colcon.colcon_core.verb:set package 'serial_comm' build argument 'catkin_cmake_args' from command line to 'None'
[0.236s] Level 5:colcon.colcon_core.verb:set package 'serial_comm' build argument 'catkin_skip_building_tests' from command line to 'False'
[0.236s] DEBUG:colcon.colcon_core.verb:Building package 'serial_comm' with the following arguments: {'ament_cmake_args': None, 'build_base': '/home/future/Documents/pengyh/RobotAD_ws/build/serial_comm', 'catkin_cmake_args': None, 'catkin_skip_building_tests': False, 'cmake_args': None, 'cmake_clean_cache': False, 'cmake_clean_first': False, 'cmake_force_configure': False, 'cmake_target': None, 'cmake_target_skip_unavailable': False, 'install_base': '/home/future/Documents/pengyh/RobotAD_ws/install/serial_comm', 'merge_install': False, 'path': '/home/future/Documents/pengyh/RobotAD_ws/src/serial_comm', 'symlink_install': False, 'test_result_base': None}
[0.236s] INFO:colcon.colcon_core.executor:Executing jobs using 'parallel' executor
[0.237s] DEBUG:colcon.colcon_parallel_executor.executor.parallel:run_until_complete
[0.237s] INFO:colcon.colcon_ros.task.ament_cmake.build:Building ROS package in '/home/future/Documents/pengyh/RobotAD_ws/src/robot_hardware' with build type 'ament_cmake'
[0.237s] INFO:colcon.colcon_cmake.task.cmake.build:Building CMake package in '/home/future/Documents/pengyh/RobotAD_ws/src/robot_hardware'
[0.238s] INFO:colcon.colcon_core.plugin_system:Skipping extension 'colcon_core.shell.bat': Not used on non-Windows systems
[0.238s] INFO:colcon.colcon_core.shell:Skip shell extension 'powershell' for command environment: Not usable outside of PowerShell
[0.238s] DEBUG:colcon.colcon_core.shell:Skip shell extension 'dsv' for command environment
[0.241s] INFO:colcon.colcon_ros.task.ament_cmake.build:Building ROS package in '/home/future/Documents/pengyh/RobotAD_ws/src/rslidar_msg' with build type 'ament_cmake'
[0.241s] INFO:colcon.colcon_cmake.task.cmake.build:Building CMake package in '/home/future/Documents/pengyh/RobotAD_ws/src/rslidar_msg'
[0.241s] INFO:colcon.colcon_core.shell:Skip shell extension 'powershell' for command environment: Not usable outside of PowerShell
[0.241s] DEBUG:colcon.colcon_core.shell:Skip shell extension 'dsv' for command environment
[0.244s] INFO:colcon.colcon_ros.task.ament_cmake.build:Building ROS package in '/home/future/Documents/pengyh/RobotAD_ws/src/diff_control' with build type 'ament_cmake'
[0.244s] INFO:colcon.colcon_cmake.task.cmake.build:Building CMake package in '/home/future/Documents/pengyh/RobotAD_ws/src/diff_control'
[0.244s] INFO:colcon.colcon_core.shell:Skip shell extension 'powershell' for command environment: Not usable outside of PowerShell
[0.244s] DEBUG:colcon.colcon_core.shell:Skip shell extension 'dsv' for command environment
[0.246s] INFO:colcon.colcon_ros.task.ament_cmake.build:Building ROS package in '/home/future/Documents/pengyh/RobotAD_ws/src/miiboo_imu' with build type 'ament_cmake'
[0.247s] INFO:colcon.colcon_cmake.task.cmake.build:Building CMake package in '/home/future/Documents/pengyh/RobotAD_ws/src/miiboo_imu'
[0.247s] INFO:colcon.colcon_core.shell:Skip shell extension 'powershell' for command environment: Not usable outside of PowerShell
[0.247s] DEBUG:colcon.colcon_core.shell:Skip shell extension 'dsv' for command environment
[0.249s] INFO:colcon.colcon_ros.task.ament_cmake.build:Building ROS package in '/home/future/Documents/pengyh/RobotAD_ws/src/pointcloud_to_laserscan' with build type 'ament_cmake'
[0.249s] INFO:colcon.colcon_cmake.task.cmake.build:Building CMake package in '/home/future/Documents/pengyh/RobotAD_ws/src/pointcloud_to_laserscan'
[0.249s] INFO:colcon.colcon_core.shell:Skip shell extension 'powershell' for command environment: Not usable outside of PowerShell
[0.249s] DEBUG:colcon.colcon_core.shell:Skip shell extension 'dsv' for command environment
[0.252s] INFO:colcon.colcon_ros.task.ament_cmake.build:Building ROS package in '/home/future/Documents/pengyh/RobotAD_ws/src/robot_locate' with build type 'ament_cmake'
[0.252s] INFO:colcon.colcon_cmake.task.cmake.build:Building CMake package in '/home/future/Documents/pengyh/RobotAD_ws/src/robot_locate'
[0.252s] INFO:colcon.colcon_core.shell:Skip shell extension 'powershell' for command environment: Not usable outside of PowerShell
[0.252s] DEBUG:colcon.colcon_core.shell:Skip shell extension 'dsv' for command environment
[0.255s] INFO:colcon.colcon_ros.task.ament_cmake.build:Building ROS package in '/home/future/Documents/pengyh/RobotAD_ws/src/usb_camera' with build type 'ament_cmake'
[0.255s] INFO:colcon.colcon_cmake.task.cmake.build:Building CMake package in '/home/future/Documents/pengyh/RobotAD_ws/src/usb_camera'
[0.255s] INFO:colcon.colcon_core.shell:Skip shell extension 'powershell' for command environment: Not usable outside of PowerShell
[0.255s] DEBUG:colcon.colcon_core.shell:Skip shell extension 'dsv' for command environment
[0.261s] DEBUG:colcon.colcon_core.event_handler.log_command:Invoking command in '/home/future/Documents/pengyh/RobotAD_ws/build/robot_hardware': CMAKE_PREFIX_PATH=${CMAKE_PREFIX_PATH}:/opt/ros/humble /usr/bin/cmake --build /home/future/Documents/pengyh/RobotAD_ws/build/robot_hardware -- -j24 -l24
[0.263s] DEBUG:colcon.colcon_core.event_handler.log_command:Invoking command in '/home/future/Documents/pengyh/RobotAD_ws/build/rslidar_msg': CMAKE_PREFIX_PATH=${CMAKE_PREFIX_PATH}:/opt/ros/humble /usr/bin/cmake --build /home/future/Documents/pengyh/RobotAD_ws/build/rslidar_msg -- -j24 -l24
[0.264s] DEBUG:colcon.colcon_core.event_handler.log_command:Invoking command in '/home/future/Documents/pengyh/RobotAD_ws/build/diff_control': CMAKE_PREFIX_PATH=${CMAKE_PREFIX_PATH}:/opt/ros/humble /usr/bin/cmake /home/future/Documents/pengyh/RobotAD_ws/src/diff_control -DCMAKE_INSTALL_PREFIX=/home/future/Documents/pengyh/RobotAD_ws/install/diff_control
[0.266s] DEBUG:colcon.colcon_core.event_handler.log_command:Invoking command in '/home/future/Documents/pengyh/RobotAD_ws/build/miiboo_imu': CMAKE_PREFIX_PATH=${CMAKE_PREFIX_PATH}:/opt/ros/humble /usr/bin/cmake --build /home/future/Documents/pengyh/RobotAD_ws/build/miiboo_imu -- -j24 -l24
[0.268s] DEBUG:colcon.colcon_core.event_handler.log_command:Invoking command in '/home/future/Documents/pengyh/RobotAD_ws/build/pointcloud_to_laserscan': CMAKE_PREFIX_PATH=${CMAKE_PREFIX_PATH}:/opt/ros/humble /usr/bin/cmake --build /home/future/Documents/pengyh/RobotAD_ws/build/pointcloud_to_laserscan -- -j24 -l24
[0.271s] DEBUG:colcon.colcon_core.event_handler.log_command:Invoking command in '/home/future/Documents/pengyh/RobotAD_ws/build/robot_locate': CMAKE_PREFIX_PATH=${CMAKE_PREFIX_PATH}:/opt/ros/humble /usr/bin/cmake --build /home/future/Documents/pengyh/RobotAD_ws/build/robot_locate -- -j24 -l24
[0.274s] DEBUG:colcon.colcon_core.event_handler.log_command:Invoking command in '/home/future/Documents/pengyh/RobotAD_ws/build/usb_camera': CMAKE_PREFIX_PATH=${CMAKE_PREFIX_PATH}:/opt/ros/humble /usr/bin/cmake --build /home/future/Documents/pengyh/RobotAD_ws/build/usb_camera -- -j24 -l24
[0.302s] DEBUG:colcon.colcon_core.event_handler.log_command:Invoked command in '/home/future/Documents/pengyh/RobotAD_ws/build/robot_locate' returned '0': CMAKE_PREFIX_PATH=${CMAKE_PREFIX_PATH}:/opt/ros/humble /usr/bin/cmake --build /home/future/Documents/pengyh/RobotAD_ws/build/robot_locate -- -j24 -l24
[0.310s] DEBUG:colcon.colcon_core.event_handler.log_command:Invoking command in '/home/future/Documents/pengyh/RobotAD_ws/build/robot_locate': CMAKE_PREFIX_PATH=${CMAKE_PREFIX_PATH}:/opt/ros/humble /usr/bin/cmake --install /home/future/Documents/pengyh/RobotAD_ws/build/robot_locate
[0.320s] Level 1:colcon.colcon_core.environment:create_environment_scripts_only(robot_locate)
[0.321s] DEBUG:colcon.colcon_core.event_handler.log_command:Invoked command in '/home/future/Documents/pengyh/RobotAD_ws/build/robot_locate' returned '0': CMAKE_PREFIX_PATH=${CMAKE_PREFIX_PATH}:/opt/ros/humble /usr/bin/cmake --install /home/future/Documents/pengyh/RobotAD_ws/build/robot_locate
[0.322s] Level 1:colcon.colcon_core.environment:checking '/home/future/Documents/pengyh/RobotAD_ws/install/robot_locate' for CMake module files
[0.322s] Level 1:colcon.colcon_core.environment:checking '/home/future/Documents/pengyh/RobotAD_ws/install/robot_locate' for CMake config files
[0.322s] Level 1:colcon.colcon_core.shell:create_environment_hook('robot_locate', 'cmake_prefix_path')
[0.323s] INFO:colcon.colcon_core.shell:Creating environment hook '/home/future/Documents/pengyh/RobotAD_ws/install/robot_locate/share/robot_locate/hook/cmake_prefix_path.ps1'
[0.323s] INFO:colcon.colcon_core.shell:Creating environment descriptor '/home/future/Documents/pengyh/RobotAD_ws/install/robot_locate/share/robot_locate/hook/cmake_prefix_path.dsv'
[0.323s] INFO:colcon.colcon_core.shell:Creating environment hook '/home/future/Documents/pengyh/RobotAD_ws/install/robot_locate/share/robot_locate/hook/cmake_prefix_path.sh'
[0.324s] Level 1:colcon.colcon_core.environment:checking '/home/future/Documents/pengyh/RobotAD_ws/install/robot_locate/bin'
[0.324s] Level 1:colcon.colcon_core.environment:checking '/home/future/Documents/pengyh/RobotAD_ws/install/robot_locate/lib/pkgconfig/robot_locate.pc'
[0.324s] Level 1:colcon.colcon_core.environment:checking '/home/future/Documents/pengyh/RobotAD_ws/install/robot_locate/lib/python3.10/site-packages'
[0.324s] Level 1:colcon.colcon_core.environment:checking '/home/future/Documents/pengyh/RobotAD_ws/install/robot_locate/bin'
[0.324s] INFO:colcon.colcon_core.shell:Creating package script '/home/future/Documents/pengyh/RobotAD_ws/install/robot_locate/share/robot_locate/package.ps1'
[0.325s] INFO:colcon.colcon_core.shell:Creating package descriptor '/home/future/Documents/pengyh/RobotAD_ws/install/robot_locate/share/robot_locate/package.dsv'
[0.325s] INFO:colcon.colcon_core.shell:Creating package script '/home/future/Documents/pengyh/RobotAD_ws/install/robot_locate/share/robot_locate/package.sh'
[0.326s] INFO:colcon.colcon_core.shell:Creating package script '/home/future/Documents/pengyh/RobotAD_ws/install/robot_locate/share/robot_locate/package.bash'
[0.327s] INFO:colcon.colcon_core.shell:Creating package script '/home/future/Documents/pengyh/RobotAD_ws/install/robot_locate/share/robot_locate/package.zsh'
[0.328s] Level 1:colcon.colcon_core.environment:create_file_with_runtime_dependencies(/home/future/Documents/pengyh/RobotAD_ws/install/robot_locate/share/colcon-core/packages/robot_locate)
[0.328s] Level 1:colcon.colcon_core.environment:create_environment_scripts_only(robot_locate)
[0.329s] Level 1:colcon.colcon_core.environment:checking '/home/future/Documents/pengyh/RobotAD_ws/install/robot_locate' for CMake module files
[0.329s] Level 1:colcon.colcon_core.environment:checking '/home/future/Documents/pengyh/RobotAD_ws/install/robot_locate' for CMake config files
[0.329s] Level 1:colcon.colcon_core.shell:create_environment_hook('robot_locate', 'cmake_prefix_path')
[0.329s] INFO:colcon.colcon_core.shell:Creating environment hook '/home/future/Documents/pengyh/RobotAD_ws/install/robot_locate/share/robot_locate/hook/cmake_prefix_path.ps1'
[0.330s] INFO:colcon.colcon_core.shell:Creating environment descriptor '/home/future/Documents/pengyh/RobotAD_ws/install/robot_locate/share/robot_locate/hook/cmake_prefix_path.dsv'
[0.330s] INFO:colcon.colcon_core.shell:Creating environment hook '/home/future/Documents/pengyh/RobotAD_ws/install/robot_locate/share/robot_locate/hook/cmake_prefix_path.sh'
[0.331s] Level 1:colcon.colcon_core.environment:checking '/home/future/Documents/pengyh/RobotAD_ws/install/robot_locate/bin'
[0.331s] Level 1:colcon.colcon_core.environment:checking '/home/future/Documents/pengyh/RobotAD_ws/install/robot_locate/lib/pkgconfig/robot_locate.pc'
[0.331s] Level 1:colcon.colcon_core.environment:checking '/home/future/Documents/pengyh/RobotAD_ws/install/robot_locate/lib/python3.10/site-packages'
[0.331s] Level 1:colcon.colcon_core.environment:checking '/home/future/Documents/pengyh/RobotAD_ws/install/robot_locate/bin'
[0.332s] INFO:colcon.colcon_core.shell:Creating package script '/home/future/Documents/pengyh/RobotAD_ws/install/robot_locate/share/robot_locate/package.ps1'
[0.332s] INFO:colcon.colcon_core.shell:Creating package descriptor '/home/future/Documents/pengyh/RobotAD_ws/install/robot_locate/share/robot_locate/package.dsv'
[0.333s] INFO:colcon.colcon_core.shell:Creating package script '/home/future/Documents/pengyh/RobotAD_ws/install/robot_locate/share/robot_locate/package.sh'
[0.333s] INFO:colcon.colcon_core.shell:Creating package script '/home/future/Documents/pengyh/RobotAD_ws/install/robot_locate/share/robot_locate/package.bash'
[0.333s] INFO:colcon.colcon_core.shell:Creating package script '/home/future/Documents/pengyh/RobotAD_ws/install/robot_locate/share/robot_locate/package.zsh'
[0.333s] Level 1:colcon.colcon_core.environment:create_file_with_runtime_dependencies(/home/future/Documents/pengyh/RobotAD_ws/install/robot_locate/share/colcon-core/packages/robot_locate)
[0.613s] DEBUG:colcon.colcon_core.event_handler.log_command:Invoked command in '/home/future/Documents/pengyh/RobotAD_ws/build/diff_control' returned '1': CMAKE_PREFIX_PATH=${CMAKE_PREFIX_PATH}:/opt/ros/humble /usr/bin/cmake /home/future/Documents/pengyh/RobotAD_ws/src/diff_control -DCMAKE_INSTALL_PREFIX=/home/future/Documents/pengyh/RobotAD_ws/install/diff_control
[0.622s] Level 1:colcon.colcon_core.environment:create_environment_scripts_only(diff_control)
[0.622s] Level 1:colcon.colcon_core.environment:checking '/home/future/Documents/pengyh/RobotAD_ws/install/diff_control' for CMake module files
[0.623s] Level 1:colcon.colcon_core.environment:checking '/home/future/Documents/pengyh/RobotAD_ws/install/diff_control' for CMake config files
[0.624s] Level 1:colcon.colcon_core.environment:checking '/home/future/Documents/pengyh/RobotAD_ws/install/diff_control/bin'
[0.624s] Level 1:colcon.colcon_core.environment:checking '/home/future/Documents/pengyh/RobotAD_ws/install/diff_control/lib/pkgconfig/diff_control.pc'
[0.624s] Level 1:colcon.colcon_core.environment:checking '/home/future/Documents/pengyh/RobotAD_ws/install/diff_control/lib/python3.10/site-packages'
[0.624s] Level 1:colcon.colcon_core.environment:checking '/home/future/Documents/pengyh/RobotAD_ws/install/diff_control/bin'
[0.625s] INFO:colcon.colcon_core.shell:Creating package script '/home/future/Documents/pengyh/RobotAD_ws/install/diff_control/share/diff_control/package.ps1'
[0.625s] INFO:colcon.colcon_core.shell:Creating package descriptor '/home/future/Documents/pengyh/RobotAD_ws/install/diff_control/share/diff_control/package.dsv'
[0.625s] INFO:colcon.colcon_core.shell:Creating package script '/home/future/Documents/pengyh/RobotAD_ws/install/diff_control/share/diff_control/package.sh'
[0.626s] INFO:colcon.colcon_core.shell:Creating package script '/home/future/Documents/pengyh/RobotAD_ws/install/diff_control/share/diff_control/package.bash'
[0.626s] INFO:colcon.colcon_core.shell:Creating package script '/home/future/Documents/pengyh/RobotAD_ws/install/diff_control/share/diff_control/package.zsh'
[0.626s] Level 1:colcon.colcon_core.environment:create_file_with_runtime_dependencies(/home/future/Documents/pengyh/RobotAD_ws/install/diff_control/share/colcon-core/packages/diff_control)
[20.563s] DEBUG:colcon.colcon_parallel_executor.executor.parallel:closing loop
[20.563s] DEBUG:colcon.colcon_parallel_executor.executor.parallel:loop closed
[20.563s] DEBUG:colcon.colcon_parallel_executor.executor.parallel:run_until_complete finished with '1'
[20.563s] DEBUG:colcon.colcon_core.event_reactor:joining thread
[20.570s] INFO:colcon.colcon_core.plugin_system:Skipping extension 'colcon_notification.desktop_notification.terminal_notifier': Not used on non-Darwin systems
[20.570s] INFO:colcon.colcon_core.plugin_system:Skipping extension 'colcon_notification.desktop_notification.win32': Not used on non-Windows systems
[20.570s] INFO:colcon.colcon_notification.desktop_notification:Sending desktop notification using 'notify2'
[20.577s] DEBUG:colcon.colcon_core.event_reactor:joined thread
[20.578s] INFO:colcon.colcon_core.shell:Creating prefix script '/home/future/Documents/pengyh/RobotAD_ws/install/local_setup.ps1'
[20.578s] INFO:colcon.colcon_core.shell:Creating prefix util module '/home/future/Documents/pengyh/RobotAD_ws/install/_local_setup_util_ps1.py'
[20.579s] INFO:colcon.colcon_core.shell:Creating prefix chain script '/home/future/Documents/pengyh/RobotAD_ws/install/setup.ps1'
[20.580s] INFO:colcon.colcon_core.shell:Creating prefix script '/home/future/Documents/pengyh/RobotAD_ws/install/local_setup.sh'
[20.580s] INFO:colcon.colcon_core.shell:Creating prefix util module '/home/future/Documents/pengyh/RobotAD_ws/install/_local_setup_util_sh.py'
[20.580s] INFO:colcon.colcon_core.shell:Creating prefix chain script '/home/future/Documents/pengyh/RobotAD_ws/install/setup.sh'
[20.581s] INFO:colcon.colcon_core.shell:Creating prefix script '/home/future/Documents/pengyh/RobotAD_ws/install/local_setup.bash'
[20.581s] INFO:colcon.colcon_core.shell:Creating prefix chain script '/home/future/Documents/pengyh/RobotAD_ws/install/setup.bash'
[20.582s] INFO:colcon.colcon_core.shell:Creating prefix script '/home/future/Documents/pengyh/RobotAD_ws/install/local_setup.zsh'
[20.582s] INFO:colcon.colcon_core.shell:Creating prefix chain script '/home/future/Documents/pengyh/RobotAD_ws/install/setup.zsh'
