[0.019s] Invoking command in '/home/pengyh/documents/ros2_ws/RobotAD/build/robot_locate': /usr/bin/cmake /home/pengyh/documents/ros2_ws/RobotAD/src/robot_locate -DCMAKE_INSTALL_PREFIX=/home/pengyh/documents/ros2_ws/RobotAD/install/robot_locate
[0.024s] -- Found ament_cmake: 1.3.11 (/opt/ros/humble/share/ament_cmake/cmake)
[0.105s] -- Override CMake install command with custom implementation using symlinks instead of copying resources
[0.110s] -- Found geometry_msgs: 4.2.4 (/opt/ros/humble/share/geometry_msgs/cmake)
[0.135s] -- Found rosidl_generator_c: 3.1.6 (/opt/ros/humble/share/rosidl_generator_c/cmake)
[0.137s] -- Found rosidl_adapter: 3.1.6 (/opt/ros/humble/share/rosidl_adapter/cmake)
[0.143s] -- Found rosidl_generator_cpp: 3.1.6 (/opt/ros/humble/share/rosidl_generator_cpp/cmake)
[0.150s] -- Using all available rosidl_typesupport_c: rosidl_typesupport_fastrtps_c;rosidl_typesupport_introspection_c
[0.159s] -- Using all available rosidl_typesupport_cpp: rosidl_typesupport_fastrtps_cpp;rosidl_typesupport_introspection_cpp
[0.190s] -- Found rclcpp: 16.0.11 (/opt/ros/humble/share/rclcpp/cmake)
[0.206s] -- Found rmw_implementation_cmake: 6.1.2 (/opt/ros/humble/share/rmw_implementation_cmake/cmake)
[0.207s] -- Found rmw_fastrtps_cpp: 6.2.7 (/opt/ros/humble/share/rmw_fastrtps_cpp/cmake)
[0.281s] -- Using RMW implementation 'rmw_fastrtps_cpp' as default
[0.305s] -- Found tf2: 0.25.9 (/opt/ros/humble/share/tf2/cmake)
[0.308s] -- Found tf2_ros: 0.25.9 (/opt/ros/humble/share/tf2_ros/cmake)
[0.360s] -- Found turtlesim: 1.4.2 (/opt/ros/humble/share/turtlesim/cmake)
[0.369s] -- Found ament_lint_auto: 0.12.11 (/opt/ros/humble/share/ament_lint_auto/cmake)
[0.421s] -- Added test 'flake8' to check Python code syntax and style conventions
[0.421s] -- Added test 'lint_cmake' to check CMake code style
[0.421s] -- Added test 'pep257' to check Python code against some of the docstring style conventions in PEP 257
[0.423s] -- Added test 'xmllint' to check XML markup files
[0.423s] -- Configuring done
[0.425s] -- Generating done
[0.426s] -- Build files have been written to: /home/pengyh/documents/ros2_ws/RobotAD/build/robot_locate
[0.436s] Invoked command in '/home/pengyh/documents/ros2_ws/RobotAD/build/robot_locate' returned '0': /usr/bin/cmake /home/pengyh/documents/ros2_ws/RobotAD/src/robot_locate -DCMAKE_INSTALL_PREFIX=/home/pengyh/documents/ros2_ws/RobotAD/install/robot_locate
[0.436s] Invoking command in '/home/pengyh/documents/ros2_ws/RobotAD/build/robot_locate': /usr/bin/cmake --build /home/pengyh/documents/ros2_ws/RobotAD/build/robot_locate -- -j24 -l24
[0.460s] Invoked command in '/home/pengyh/documents/ros2_ws/RobotAD/build/robot_locate' returned '0': /usr/bin/cmake --build /home/pengyh/documents/ros2_ws/RobotAD/build/robot_locate -- -j24 -l24
[0.462s] Invoking command in '/home/pengyh/documents/ros2_ws/RobotAD/build/robot_locate': /usr/bin/cmake --install /home/pengyh/documents/ros2_ws/RobotAD/build/robot_locate
[0.468s] -- Install configuration: ""
[0.468s] -- Execute custom install script
[0.468s] -- Up-to-date symlink: /home/pengyh/documents/ros2_ws/RobotAD/install/robot_locate/share/robot_locate/launch/__pycache__/localization_launch.cpython-310.pyc
[0.468s] -- Symlinking: /home/pengyh/documents/ros2_ws/RobotAD/install/robot_locate/share/robot_locate/launch/__pycache__/robot_locater.launch.cpython-310.pyc
[0.475s] -- Up-to-date symlink: /home/pengyh/documents/ros2_ws/RobotAD/install/robot_locate/share/robot_locate/launch/localization_launch.py
[0.475s] -- Up-to-date symlink: /home/pengyh/documents/ros2_ws/RobotAD/install/robot_locate/share/robot_locate/launch/navigation_launch.py
[0.475s] -- Up-to-date symlink: /home/pengyh/documents/ros2_ws/RobotAD/install/robot_locate/share/robot_locate/launch/online_async_launch.py
[0.476s] -- Up-to-date symlink: /home/pengyh/documents/ros2_ws/RobotAD/install/robot_locate/share/robot_locate/launch/robot_locate.launch.py
[0.476s] -- Up-to-date symlink: /home/pengyh/documents/ros2_ws/RobotAD/install/robot_locate/share/robot_locate/launch/robot_locater.launch.py
[0.476s] -- Up-to-date symlink: /home/pengyh/documents/ros2_ws/RobotAD/install/robot_locate/share/robot_locate/launch/robot_test.launch.py
[0.476s] -- Up-to-date symlink: /home/pengyh/documents/ros2_ws/RobotAD/install/robot_locate/share/robot_locate/rviz/urdf_config.rviz
[0.476s] -- Up-to-date symlink: /home/pengyh/documents/ros2_ws/RobotAD/install/robot_locate/share/robot_locate/rviz/urdf_config.rviz.bak
[0.476s] -- Up-to-date symlink: /home/pengyh/documents/ros2_ws/RobotAD/install/robot_locate/share/robot_locate/config/beifen.yaml
[0.476s] -- Up-to-date symlink: /home/pengyh/documents/ros2_ws/RobotAD/install/robot_locate/share/robot_locate/config/ekf.yaml
[0.476s] -- Up-to-date symlink: /home/pengyh/documents/ros2_ws/RobotAD/install/robot_locate/share/robot_locate/config/mapper_params_online_async.yaml
[0.476s] -- Up-to-date symlink: /home/pengyh/documents/ros2_ws/RobotAD/install/robot_locate/share/robot_locate/config/nav2_params.yaml
[0.476s] -- Up-to-date symlink: /home/pengyh/documents/ros2_ws/RobotAD/install/robot_locate/share/robot_locate/config/old/ekf.yaml.bak
[0.476s] -- Up-to-date symlink: /home/pengyh/documents/ros2_ws/RobotAD/install/robot_locate/share/robot_locate/config/old/nav2_params (copy).yaml
[0.477s] -- Up-to-date symlink: /home/pengyh/documents/ros2_ws/RobotAD/install/robot_locate/share/robot_locate/config/old/nav2_params_origal.yaml
[0.477s] -- Up-to-date symlink: /home/pengyh/documents/ros2_ws/RobotAD/install/robot_locate/share/robot_locate/config/old/nav2_params_q.yaml
[0.477s] -- Up-to-date symlink: /home/pengyh/documents/ros2_ws/RobotAD/install/robot_locate/share/robot_locate/config/old/new.yaml
[0.477s] -- Up-to-date symlink: /home/pengyh/documents/ros2_ws/RobotAD/install/robot_locate/share/robot_locate/config/twist_mux.yaml
[0.477s] -- Up-to-date symlink: /home/pengyh/documents/ros2_ws/RobotAD/install/robot_locate/share/robot_locate/world/my_world.sdf
[0.477s] -- Up-to-date symlink: /home/pengyh/documents/ros2_ws/RobotAD/install/robot_locate/share/ament_index/resource_index/package_run_dependencies/robot_locate
[0.477s] -- Up-to-date symlink: /home/pengyh/documents/ros2_ws/RobotAD/install/robot_locate/share/ament_index/resource_index/parent_prefix_path/robot_locate
[0.477s] -- Up-to-date symlink: /home/pengyh/documents/ros2_ws/RobotAD/install/robot_locate/share/robot_locate/environment/ament_prefix_path.sh
[0.477s] -- Up-to-date symlink: /home/pengyh/documents/ros2_ws/RobotAD/install/robot_locate/share/robot_locate/environment/ament_prefix_path.dsv
[0.477s] -- Up-to-date symlink: /home/pengyh/documents/ros2_ws/RobotAD/install/robot_locate/share/robot_locate/environment/path.sh
[0.477s] -- Up-to-date symlink: /home/pengyh/documents/ros2_ws/RobotAD/install/robot_locate/share/robot_locate/environment/path.dsv
[0.477s] -- Up-to-date symlink: /home/pengyh/documents/ros2_ws/RobotAD/install/robot_locate/share/robot_locate/local_setup.bash
[0.477s] -- Up-to-date symlink: /home/pengyh/documents/ros2_ws/RobotAD/install/robot_locate/share/robot_locate/local_setup.sh
[0.477s] -- Up-to-date symlink: /home/pengyh/documents/ros2_ws/RobotAD/install/robot_locate/share/robot_locate/local_setup.zsh
[0.477s] -- Up-to-date symlink: /home/pengyh/documents/ros2_ws/RobotAD/install/robot_locate/share/robot_locate/local_setup.dsv
[0.477s] -- Symlinking: /home/pengyh/documents/ros2_ws/RobotAD/install/robot_locate/share/robot_locate/package.dsv
[0.484s] -- Up-to-date symlink: /home/pengyh/documents/ros2_ws/RobotAD/install/robot_locate/share/ament_index/resource_index/packages/robot_locate
[0.484s] -- Up-to-date symlink: /home/pengyh/documents/ros2_ws/RobotAD/install/robot_locate/share/robot_locate/cmake/robot_locateConfig.cmake
[0.484s] -- Up-to-date symlink: /home/pengyh/documents/ros2_ws/RobotAD/install/robot_locate/share/robot_locate/cmake/robot_locateConfig-version.cmake
[0.484s] -- Up-to-date symlink: /home/pengyh/documents/ros2_ws/RobotAD/install/robot_locate/share/robot_locate/package.xml
[0.486s] Invoked command in '/home/pengyh/documents/ros2_ws/RobotAD/build/robot_locate' returned '0': /usr/bin/cmake --install /home/pengyh/documents/ros2_ws/RobotAD/build/robot_locate
