[0.069s] DEBUG:colcon:Command line arguments: ['/usr/bin/colcon', 'build', '--symlink-install']
[0.069s] DEBUG:colcon:Parsed command line arguments: Namespace(log_base=None, log_level=None, verb_name='build', build_base='build', install_base='install', merge_install=False, symlink_install=True, test_result_base=None, continue_on_error=False, executor='parallel', parallel_workers=24, event_handlers=None, ignore_user_meta=False, metas=['./colcon.meta'], base_paths=['.'], packages_ignore=None, packages_ignore_regex=None, paths=None, packages_up_to=None, packages_up_to_regex=None, packages_above=None, packages_above_and_dependencies=None, packages_above_depth=None, packages_select_by_dep=None, packages_skip_by_dep=None, packages_skip_up_to=None, packages_select_build_failed=False, packages_skip_build_finished=False, packages_select_test_failures=False, packages_skip_test_passed=False, packages_select=None, packages_skip=None, packages_select_regex=None, packages_skip_regex=None, packages_start=None, packages_end=None, allow_overriding=[], cmake_args=None, cmake_target=None, cmake_target_skip_unavailable=False, cmake_clean_cache=False, cmake_clean_first=False, cmake_force_configure=False, ament_cmake_args=None, catkin_cmake_args=None, catkin_skip_building_tests=False, mixin_files=None, mixin=None, verb_parser=<colcon_mixin.mixin.mixin_argument.MixinArgumentDecorator object at 0x73c3724faa40>, verb_extension=<colcon_core.verb.build.BuildVerb object at 0x73c37267ffa0>, main=<bound method BuildVerb.main of <colcon_core.verb.build.BuildVerb object at 0x73c37267ffa0>>, mixin_verb=('build',))
[0.157s] Level 1:colcon.colcon_core.package_discovery:discover_packages(colcon_meta) check parameters
[0.157s] Level 1:colcon.colcon_core.package_discovery:discover_packages(recursive) check parameters
[0.157s] Level 1:colcon.colcon_core.package_discovery:discover_packages(ignore) check parameters
[0.157s] Level 1:colcon.colcon_core.package_discovery:discover_packages(path) check parameters
[0.157s] Level 1:colcon.colcon_core.package_discovery:discover_packages(colcon_meta) discover
[0.157s] Level 1:colcon.colcon_core.package_discovery:discover_packages(recursive) discover
[0.157s] INFO:colcon.colcon_core.package_discovery:Crawling recursively for packages in '/home/pengyh/documents/ros2_ws/RobotAD'
[0.157s] Level 1:colcon.colcon_core.package_identification:_identify(.) by extensions ['ignore', 'ignore_ament_install']
[0.157s] Level 1:colcon.colcon_core.package_identification:_identify(.) by extension 'ignore'
[0.158s] Level 1:colcon.colcon_core.package_identification:_identify(.) by extension 'ignore_ament_install'
[0.158s] Level 1:colcon.colcon_core.package_identification:_identify(.) by extensions ['colcon_pkg']
[0.158s] Level 1:colcon.colcon_core.package_identification:_identify(.) by extension 'colcon_pkg'
[0.158s] Level 1:colcon.colcon_core.package_identification:_identify(.) by extensions ['colcon_meta']
[0.158s] Level 1:colcon.colcon_core.package_identification:_identify(.) by extension 'colcon_meta'
[0.158s] Level 1:colcon.colcon_core.package_identification:_identify(.) by extensions ['ros']
[0.158s] Level 1:colcon.colcon_core.package_identification:_identify(.) by extension 'ros'
[0.164s] Level 1:colcon.colcon_core.package_identification:_identify(.) by extensions ['cmake', 'python']
[0.164s] Level 1:colcon.colcon_core.package_identification:_identify(.) by extension 'cmake'
[0.164s] Level 1:colcon.colcon_core.package_identification:_identify(.) by extension 'python'
[0.164s] Level 1:colcon.colcon_core.package_identification:_identify(.) by extensions ['python_setup_py']
[0.164s] Level 1:colcon.colcon_core.package_identification:_identify(.) by extension 'python_setup_py'
[0.164s] Level 1:colcon.colcon_core.package_identification:_identify(build) by extensions ['ignore', 'ignore_ament_install']
[0.164s] Level 1:colcon.colcon_core.package_identification:_identify(build) by extension 'ignore'
[0.164s] Level 1:colcon.colcon_core.package_identification:_identify(build) ignored
[0.164s] Level 1:colcon.colcon_core.package_identification:_identify(install) by extensions ['ignore', 'ignore_ament_install']
[0.164s] Level 1:colcon.colcon_core.package_identification:_identify(install) by extension 'ignore'
[0.164s] Level 1:colcon.colcon_core.package_identification:_identify(install) ignored
[0.164s] Level 1:colcon.colcon_core.package_identification:_identify(launch) by extensions ['ignore', 'ignore_ament_install']
[0.164s] Level 1:colcon.colcon_core.package_identification:_identify(launch) by extension 'ignore'
[0.164s] Level 1:colcon.colcon_core.package_identification:_identify(launch) by extension 'ignore_ament_install'
[0.164s] Level 1:colcon.colcon_core.package_identification:_identify(launch) by extensions ['colcon_pkg']
[0.164s] Level 1:colcon.colcon_core.package_identification:_identify(launch) by extension 'colcon_pkg'
[0.164s] Level 1:colcon.colcon_core.package_identification:_identify(launch) by extensions ['colcon_meta']
[0.164s] Level 1:colcon.colcon_core.package_identification:_identify(launch) by extension 'colcon_meta'
[0.164s] Level 1:colcon.colcon_core.package_identification:_identify(launch) by extensions ['ros']
[0.164s] Level 1:colcon.colcon_core.package_identification:_identify(launch) by extension 'ros'
[0.164s] Level 1:colcon.colcon_core.package_identification:_identify(launch) by extensions ['cmake', 'python']
[0.164s] Level 1:colcon.colcon_core.package_identification:_identify(launch) by extension 'cmake'
[0.164s] Level 1:colcon.colcon_core.package_identification:_identify(launch) by extension 'python'
[0.164s] Level 1:colcon.colcon_core.package_identification:_identify(launch) by extensions ['python_setup_py']
[0.164s] Level 1:colcon.colcon_core.package_identification:_identify(launch) by extension 'python_setup_py'
[0.164s] Level 1:colcon.colcon_core.package_identification:_identify(launch/__pycache__) by extensions ['ignore', 'ignore_ament_install']
[0.164s] Level 1:colcon.colcon_core.package_identification:_identify(launch/__pycache__) by extension 'ignore'
[0.164s] Level 1:colcon.colcon_core.package_identification:_identify(launch/__pycache__) by extension 'ignore_ament_install'
[0.164s] Level 1:colcon.colcon_core.package_identification:_identify(launch/__pycache__) by extensions ['colcon_pkg']
[0.165s] Level 1:colcon.colcon_core.package_identification:_identify(launch/__pycache__) by extension 'colcon_pkg'
[0.165s] Level 1:colcon.colcon_core.package_identification:_identify(launch/__pycache__) by extensions ['colcon_meta']
[0.165s] Level 1:colcon.colcon_core.package_identification:_identify(launch/__pycache__) by extension 'colcon_meta'
[0.165s] Level 1:colcon.colcon_core.package_identification:_identify(launch/__pycache__) by extensions ['ros']
[0.165s] Level 1:colcon.colcon_core.package_identification:_identify(launch/__pycache__) by extension 'ros'
[0.165s] Level 1:colcon.colcon_core.package_identification:_identify(launch/__pycache__) by extensions ['cmake', 'python']
[0.165s] Level 1:colcon.colcon_core.package_identification:_identify(launch/__pycache__) by extension 'cmake'
[0.165s] Level 1:colcon.colcon_core.package_identification:_identify(launch/__pycache__) by extension 'python'
[0.165s] Level 1:colcon.colcon_core.package_identification:_identify(launch/__pycache__) by extensions ['python_setup_py']
[0.165s] Level 1:colcon.colcon_core.package_identification:_identify(launch/__pycache__) by extension 'python_setup_py'
[0.165s] Level 1:colcon.colcon_core.package_identification:_identify(log) by extensions ['ignore', 'ignore_ament_install']
[0.165s] Level 1:colcon.colcon_core.package_identification:_identify(log) by extension 'ignore'
[0.165s] Level 1:colcon.colcon_core.package_identification:_identify(log) ignored
[0.165s] Level 1:colcon.colcon_core.package_identification:_identify(src) by extensions ['ignore', 'ignore_ament_install']
[0.165s] Level 1:colcon.colcon_core.package_identification:_identify(src) by extension 'ignore'
[0.165s] Level 1:colcon.colcon_core.package_identification:_identify(src) by extension 'ignore_ament_install'
[0.165s] Level 1:colcon.colcon_core.package_identification:_identify(src) by extensions ['colcon_pkg']
[0.165s] Level 1:colcon.colcon_core.package_identification:_identify(src) by extension 'colcon_pkg'
[0.165s] Level 1:colcon.colcon_core.package_identification:_identify(src) by extensions ['colcon_meta']
[0.165s] Level 1:colcon.colcon_core.package_identification:_identify(src) by extension 'colcon_meta'
[0.165s] Level 1:colcon.colcon_core.package_identification:_identify(src) by extensions ['ros']
[0.165s] Level 1:colcon.colcon_core.package_identification:_identify(src) by extension 'ros'
[0.165s] Level 1:colcon.colcon_core.package_identification:_identify(src) by extensions ['cmake', 'python']
[0.165s] Level 1:colcon.colcon_core.package_identification:_identify(src) by extension 'cmake'
[0.165s] Level 1:colcon.colcon_core.package_identification:_identify(src) by extension 'python'
[0.165s] Level 1:colcon.colcon_core.package_identification:_identify(src) by extensions ['python_setup_py']
[0.165s] Level 1:colcon.colcon_core.package_identification:_identify(src) by extension 'python_setup_py'
[0.165s] Level 1:colcon.colcon_core.package_identification:_identify(src/diff_control) by extensions ['ignore', 'ignore_ament_install']
[0.165s] Level 1:colcon.colcon_core.package_identification:_identify(src/diff_control) by extension 'ignore'
[0.165s] Level 1:colcon.colcon_core.package_identification:_identify(src/diff_control) by extension 'ignore_ament_install'
[0.165s] Level 1:colcon.colcon_core.package_identification:_identify(src/diff_control) by extensions ['colcon_pkg']
[0.165s] Level 1:colcon.colcon_core.package_identification:_identify(src/diff_control) by extension 'colcon_pkg'
[0.165s] Level 1:colcon.colcon_core.package_identification:_identify(src/diff_control) by extensions ['colcon_meta']
[0.165s] Level 1:colcon.colcon_core.package_identification:_identify(src/diff_control) by extension 'colcon_meta'
[0.165s] Level 1:colcon.colcon_core.package_identification:_identify(src/diff_control) by extensions ['ros']
[0.165s] Level 1:colcon.colcon_core.package_identification:_identify(src/diff_control) by extension 'ros'
[0.167s] DEBUG:colcon.colcon_core.package_identification:Package 'src/diff_control' with type 'ros.ament_cmake' and name 'diff_control'
[0.167s] Level 1:colcon.colcon_core.package_identification:_identify(src/keyboard_control) by extensions ['ignore', 'ignore_ament_install']
[0.167s] Level 1:colcon.colcon_core.package_identification:_identify(src/keyboard_control) by extension 'ignore'
[0.167s] Level 1:colcon.colcon_core.package_identification:_identify(src/keyboard_control) by extension 'ignore_ament_install'
[0.167s] Level 1:colcon.colcon_core.package_identification:_identify(src/keyboard_control) by extensions ['colcon_pkg']
[0.167s] Level 1:colcon.colcon_core.package_identification:_identify(src/keyboard_control) by extension 'colcon_pkg'
[0.168s] Level 1:colcon.colcon_core.package_identification:_identify(src/keyboard_control) by extensions ['colcon_meta']
[0.168s] Level 1:colcon.colcon_core.package_identification:_identify(src/keyboard_control) by extension 'colcon_meta'
[0.168s] Level 1:colcon.colcon_core.package_identification:_identify(src/keyboard_control) by extensions ['ros']
[0.168s] Level 1:colcon.colcon_core.package_identification:_identify(src/keyboard_control) by extension 'ros'
[0.168s] DEBUG:colcon.colcon_core.package_identification:Package 'src/keyboard_control' with type 'ros.ament_cmake' and name 'keyboard_control'
[0.168s] Level 1:colcon.colcon_core.package_identification:_identify(src/miiboo_imu) by extensions ['ignore', 'ignore_ament_install']
[0.168s] Level 1:colcon.colcon_core.package_identification:_identify(src/miiboo_imu) by extension 'ignore'
[0.168s] Level 1:colcon.colcon_core.package_identification:_identify(src/miiboo_imu) by extension 'ignore_ament_install'
[0.168s] Level 1:colcon.colcon_core.package_identification:_identify(src/miiboo_imu) by extensions ['colcon_pkg']
[0.168s] Level 1:colcon.colcon_core.package_identification:_identify(src/miiboo_imu) by extension 'colcon_pkg'
[0.168s] Level 1:colcon.colcon_core.package_identification:_identify(src/miiboo_imu) by extensions ['colcon_meta']
[0.168s] Level 1:colcon.colcon_core.package_identification:_identify(src/miiboo_imu) by extension 'colcon_meta'
[0.168s] Level 1:colcon.colcon_core.package_identification:_identify(src/miiboo_imu) by extensions ['ros']
[0.168s] Level 1:colcon.colcon_core.package_identification:_identify(src/miiboo_imu) by extension 'ros'
[0.169s] DEBUG:colcon.colcon_core.package_identification:Package 'src/miiboo_imu' with type 'ros.ament_cmake' and name 'miiboo_imu'
[0.169s] Level 1:colcon.colcon_core.package_identification:_identify(src/nuscenes_data_collector) by extensions ['ignore', 'ignore_ament_install']
[0.169s] Level 1:colcon.colcon_core.package_identification:_identify(src/nuscenes_data_collector) by extension 'ignore'
[0.169s] Level 1:colcon.colcon_core.package_identification:_identify(src/nuscenes_data_collector) by extension 'ignore_ament_install'
[0.169s] Level 1:colcon.colcon_core.package_identification:_identify(src/nuscenes_data_collector) by extensions ['colcon_pkg']
[0.169s] Level 1:colcon.colcon_core.package_identification:_identify(src/nuscenes_data_collector) by extension 'colcon_pkg'
[0.169s] Level 1:colcon.colcon_core.package_identification:_identify(src/nuscenes_data_collector) by extensions ['colcon_meta']
[0.169s] Level 1:colcon.colcon_core.package_identification:_identify(src/nuscenes_data_collector) by extension 'colcon_meta'
[0.169s] Level 1:colcon.colcon_core.package_identification:_identify(src/nuscenes_data_collector) by extensions ['ros']
[0.169s] Level 1:colcon.colcon_core.package_identification:_identify(src/nuscenes_data_collector) by extension 'ros'
[0.169s] DEBUG:colcon.colcon_core.package_identification:Package 'src/nuscenes_data_collector' with type 'ros.ament_cmake' and name 'nuscenes_data_collector'
[0.169s] Level 1:colcon.colcon_core.package_identification:_identify(src/pointcloud_to_laserscan) by extensions ['ignore', 'ignore_ament_install']
[0.169s] Level 1:colcon.colcon_core.package_identification:_identify(src/pointcloud_to_laserscan) by extension 'ignore'
[0.169s] Level 1:colcon.colcon_core.package_identification:_identify(src/pointcloud_to_laserscan) by extension 'ignore_ament_install'
[0.169s] Level 1:colcon.colcon_core.package_identification:_identify(src/pointcloud_to_laserscan) by extensions ['colcon_pkg']
[0.169s] Level 1:colcon.colcon_core.package_identification:_identify(src/pointcloud_to_laserscan) by extension 'colcon_pkg'
[0.170s] Level 1:colcon.colcon_core.package_identification:_identify(src/pointcloud_to_laserscan) by extensions ['colcon_meta']
[0.170s] Level 1:colcon.colcon_core.package_identification:_identify(src/pointcloud_to_laserscan) by extension 'colcon_meta'
[0.170s] Level 1:colcon.colcon_core.package_identification:_identify(src/pointcloud_to_laserscan) by extensions ['ros']
[0.170s] Level 1:colcon.colcon_core.package_identification:_identify(src/pointcloud_to_laserscan) by extension 'ros'
[0.170s] DEBUG:colcon.colcon_core.package_identification:Package 'src/pointcloud_to_laserscan' with type 'ros.ament_cmake' and name 'pointcloud_to_laserscan'
[0.170s] Level 1:colcon.colcon_core.package_identification:_identify(src/robot_hardware) by extensions ['ignore', 'ignore_ament_install']
[0.170s] Level 1:colcon.colcon_core.package_identification:_identify(src/robot_hardware) by extension 'ignore'
[0.170s] Level 1:colcon.colcon_core.package_identification:_identify(src/robot_hardware) by extension 'ignore_ament_install'
[0.170s] Level 1:colcon.colcon_core.package_identification:_identify(src/robot_hardware) by extensions ['colcon_pkg']
[0.170s] Level 1:colcon.colcon_core.package_identification:_identify(src/robot_hardware) by extension 'colcon_pkg'
[0.170s] Level 1:colcon.colcon_core.package_identification:_identify(src/robot_hardware) by extensions ['colcon_meta']
[0.170s] Level 1:colcon.colcon_core.package_identification:_identify(src/robot_hardware) by extension 'colcon_meta'
[0.170s] Level 1:colcon.colcon_core.package_identification:_identify(src/robot_hardware) by extensions ['ros']
[0.170s] Level 1:colcon.colcon_core.package_identification:_identify(src/robot_hardware) by extension 'ros'
[0.171s] DEBUG:colcon.colcon_core.package_identification:Package 'src/robot_hardware' with type 'ros.ament_cmake' and name 'robot_hardware'
[0.171s] Level 1:colcon.colcon_core.package_identification:_identify(src/robot_locate) by extensions ['ignore', 'ignore_ament_install']
[0.171s] Level 1:colcon.colcon_core.package_identification:_identify(src/robot_locate) by extension 'ignore'
[0.171s] Level 1:colcon.colcon_core.package_identification:_identify(src/robot_locate) by extension 'ignore_ament_install'
[0.171s] Level 1:colcon.colcon_core.package_identification:_identify(src/robot_locate) by extensions ['colcon_pkg']
[0.171s] Level 1:colcon.colcon_core.package_identification:_identify(src/robot_locate) by extension 'colcon_pkg'
[0.171s] Level 1:colcon.colcon_core.package_identification:_identify(src/robot_locate) by extensions ['colcon_meta']
[0.171s] Level 1:colcon.colcon_core.package_identification:_identify(src/robot_locate) by extension 'colcon_meta'
[0.171s] Level 1:colcon.colcon_core.package_identification:_identify(src/robot_locate) by extensions ['ros']
[0.171s] Level 1:colcon.colcon_core.package_identification:_identify(src/robot_locate) by extension 'ros'
[0.172s] DEBUG:colcon.colcon_core.package_identification:Package 'src/robot_locate' with type 'ros.ament_cmake' and name 'robot_locate'
[0.172s] Level 1:colcon.colcon_core.package_identification:_identify(src/rslidar_msg) by extensions ['ignore', 'ignore_ament_install']
[0.172s] Level 1:colcon.colcon_core.package_identification:_identify(src/rslidar_msg) by extension 'ignore'
[0.172s] Level 1:colcon.colcon_core.package_identification:_identify(src/rslidar_msg) by extension 'ignore_ament_install'
[0.172s] Level 1:colcon.colcon_core.package_identification:_identify(src/rslidar_msg) by extensions ['colcon_pkg']
[0.173s] Level 1:colcon.colcon_core.package_identification:_identify(src/rslidar_msg) by extension 'colcon_pkg'
[0.173s] Level 1:colcon.colcon_core.package_identification:_identify(src/rslidar_msg) by extensions ['colcon_meta']
[0.173s] Level 1:colcon.colcon_core.package_identification:_identify(src/rslidar_msg) by extension 'colcon_meta'
[0.173s] Level 1:colcon.colcon_core.package_identification:_identify(src/rslidar_msg) by extensions ['ros']
[0.173s] Level 1:colcon.colcon_core.package_identification:_identify(src/rslidar_msg) by extension 'ros'
[0.173s] DEBUG:colcon.colcon_core.package_identification:Package 'src/rslidar_msg' with type 'ros.ament_cmake' and name 'rslidar_msg'
[0.173s] Level 1:colcon.colcon_core.package_identification:_identify(src/rslidar_sdk) by extensions ['ignore', 'ignore_ament_install']
[0.173s] Level 1:colcon.colcon_core.package_identification:_identify(src/rslidar_sdk) by extension 'ignore'
[0.173s] Level 1:colcon.colcon_core.package_identification:_identify(src/rslidar_sdk) by extension 'ignore_ament_install'
[0.173s] Level 1:colcon.colcon_core.package_identification:_identify(src/rslidar_sdk) by extensions ['colcon_pkg']
[0.173s] Level 1:colcon.colcon_core.package_identification:_identify(src/rslidar_sdk) by extension 'colcon_pkg'
[0.173s] Level 1:colcon.colcon_core.package_identification:_identify(src/rslidar_sdk) by extensions ['colcon_meta']
[0.173s] Level 1:colcon.colcon_core.package_identification:_identify(src/rslidar_sdk) by extension 'colcon_meta'
[0.173s] Level 1:colcon.colcon_core.package_identification:_identify(src/rslidar_sdk) by extensions ['ros']
[0.173s] Level 1:colcon.colcon_core.package_identification:_identify(src/rslidar_sdk) by extension 'ros'
[0.174s] DEBUG:colcon.colcon_core.package_identification:Package 'src/rslidar_sdk' with type 'ros.ament_cmake' and name 'rslidar_sdk'
[0.174s] Level 1:colcon.colcon_core.package_identification:_identify(src/serial_comm) by extensions ['ignore', 'ignore_ament_install']
[0.174s] Level 1:colcon.colcon_core.package_identification:_identify(src/serial_comm) by extension 'ignore'
[0.174s] Level 1:colcon.colcon_core.package_identification:_identify(src/serial_comm) by extension 'ignore_ament_install'
[0.174s] Level 1:colcon.colcon_core.package_identification:_identify(src/serial_comm) by extensions ['colcon_pkg']
[0.174s] Level 1:colcon.colcon_core.package_identification:_identify(src/serial_comm) by extension 'colcon_pkg'
[0.174s] Level 1:colcon.colcon_core.package_identification:_identify(src/serial_comm) by extensions ['colcon_meta']
[0.174s] Level 1:colcon.colcon_core.package_identification:_identify(src/serial_comm) by extension 'colcon_meta'
[0.174s] Level 1:colcon.colcon_core.package_identification:_identify(src/serial_comm) by extensions ['ros']
[0.174s] Level 1:colcon.colcon_core.package_identification:_identify(src/serial_comm) by extension 'ros'
[0.174s] DEBUG:colcon.colcon_core.package_identification:Package 'src/serial_comm' with type 'ros.ament_cmake' and name 'serial_comm'
[0.174s] Level 1:colcon.colcon_core.package_identification:_identify(src/usb_camera) by extensions ['ignore', 'ignore_ament_install']
[0.174s] Level 1:colcon.colcon_core.package_identification:_identify(src/usb_camera) by extension 'ignore'
[0.174s] Level 1:colcon.colcon_core.package_identification:_identify(src/usb_camera) by extension 'ignore_ament_install'
[0.174s] Level 1:colcon.colcon_core.package_identification:_identify(src/usb_camera) by extensions ['colcon_pkg']
[0.174s] Level 1:colcon.colcon_core.package_identification:_identify(src/usb_camera) by extension 'colcon_pkg'
[0.174s] Level 1:colcon.colcon_core.package_identification:_identify(src/usb_camera) by extensions ['colcon_meta']
[0.174s] Level 1:colcon.colcon_core.package_identification:_identify(src/usb_camera) by extension 'colcon_meta'
[0.174s] Level 1:colcon.colcon_core.package_identification:_identify(src/usb_camera) by extensions ['ros']
[0.174s] Level 1:colcon.colcon_core.package_identification:_identify(src/usb_camera) by extension 'ros'
[0.175s] DEBUG:colcon.colcon_core.package_identification:Package 'src/usb_camera' with type 'ros.ament_cmake' and name 'usb_camera'
[0.175s] Level 1:colcon.colcon_core.package_identification:_identify(tools) by extensions ['ignore', 'ignore_ament_install']
[0.175s] Level 1:colcon.colcon_core.package_identification:_identify(tools) by extension 'ignore'
[0.175s] Level 1:colcon.colcon_core.package_identification:_identify(tools) by extension 'ignore_ament_install'
[0.175s] Level 1:colcon.colcon_core.package_identification:_identify(tools) by extensions ['colcon_pkg']
[0.175s] Level 1:colcon.colcon_core.package_identification:_identify(tools) by extension 'colcon_pkg'
[0.175s] Level 1:colcon.colcon_core.package_identification:_identify(tools) by extensions ['colcon_meta']
[0.175s] Level 1:colcon.colcon_core.package_identification:_identify(tools) by extension 'colcon_meta'
[0.175s] Level 1:colcon.colcon_core.package_identification:_identify(tools) by extensions ['ros']
[0.175s] Level 1:colcon.colcon_core.package_identification:_identify(tools) by extension 'ros'
[0.175s] Level 1:colcon.colcon_core.package_identification:_identify(tools) by extensions ['cmake', 'python']
[0.175s] Level 1:colcon.colcon_core.package_identification:_identify(tools) by extension 'cmake'
[0.175s] Level 1:colcon.colcon_core.package_identification:_identify(tools) by extension 'python'
[0.175s] Level 1:colcon.colcon_core.package_identification:_identify(tools) by extensions ['python_setup_py']
[0.175s] Level 1:colcon.colcon_core.package_identification:_identify(tools) by extension 'python_setup_py'
[0.175s] Level 1:colcon.colcon_core.package_discovery:discover_packages(recursive) using defaults
[0.175s] Level 1:colcon.colcon_core.package_discovery:discover_packages(ignore) discover
[0.175s] Level 1:colcon.colcon_core.package_discovery:discover_packages(ignore) using defaults
[0.175s] Level 1:colcon.colcon_core.package_discovery:discover_packages(path) discover
[0.175s] Level 1:colcon.colcon_core.package_discovery:discover_packages(path) using defaults
[0.193s] Level 1:colcon.colcon_core.package_discovery:discover_packages(prefix_path) check parameters
[0.193s] Level 1:colcon.colcon_core.package_discovery:discover_packages(prefix_path) discover
[0.194s] DEBUG:colcon.colcon_installed_package_information.package_discovery:Found 4 installed packages in /home/pengyh/documents/ros2_ws/RobotAD/install
[0.195s] DEBUG:colcon.colcon_installed_package_information.package_discovery:Found 319 installed packages in /opt/ros/humble
[0.195s] Level 1:colcon.colcon_core.package_discovery:discover_packages(prefix_path) using defaults
[0.216s] Level 5:colcon.colcon_core.verb:set package 'diff_control' build argument 'cmake_args' from command line to 'None'
[0.217s] Level 5:colcon.colcon_core.verb:set package 'diff_control' build argument 'cmake_target' from command line to 'None'
[0.217s] Level 5:colcon.colcon_core.verb:set package 'diff_control' build argument 'cmake_target_skip_unavailable' from command line to 'False'
[0.217s] Level 5:colcon.colcon_core.verb:set package 'diff_control' build argument 'cmake_clean_cache' from command line to 'False'
[0.217s] Level 5:colcon.colcon_core.verb:set package 'diff_control' build argument 'cmake_clean_first' from command line to 'False'
[0.217s] Level 5:colcon.colcon_core.verb:set package 'diff_control' build argument 'cmake_force_configure' from command line to 'False'
[0.217s] Level 5:colcon.colcon_core.verb:set package 'diff_control' build argument 'ament_cmake_args' from command line to 'None'
[0.217s] Level 5:colcon.colcon_core.verb:set package 'diff_control' build argument 'catkin_cmake_args' from command line to 'None'
[0.217s] Level 5:colcon.colcon_core.verb:set package 'diff_control' build argument 'catkin_skip_building_tests' from command line to 'False'
[0.217s] DEBUG:colcon.colcon_core.verb:Building package 'diff_control' with the following arguments: {'ament_cmake_args': None, 'build_base': '/home/pengyh/documents/ros2_ws/RobotAD/build/diff_control', 'catkin_cmake_args': None, 'catkin_skip_building_tests': False, 'cmake_args': None, 'cmake_clean_cache': False, 'cmake_clean_first': False, 'cmake_force_configure': False, 'cmake_target': None, 'cmake_target_skip_unavailable': False, 'install_base': '/home/pengyh/documents/ros2_ws/RobotAD/install/diff_control', 'merge_install': False, 'path': '/home/pengyh/documents/ros2_ws/RobotAD/src/diff_control', 'symlink_install': True, 'test_result_base': None}
[0.217s] Level 5:colcon.colcon_core.verb:set package 'miiboo_imu' build argument 'cmake_args' from command line to 'None'
[0.217s] Level 5:colcon.colcon_core.verb:set package 'miiboo_imu' build argument 'cmake_target' from command line to 'None'
[0.217s] Level 5:colcon.colcon_core.verb:set package 'miiboo_imu' build argument 'cmake_target_skip_unavailable' from command line to 'False'
[0.217s] Level 5:colcon.colcon_core.verb:set package 'miiboo_imu' build argument 'cmake_clean_cache' from command line to 'False'
[0.217s] Level 5:colcon.colcon_core.verb:set package 'miiboo_imu' build argument 'cmake_clean_first' from command line to 'False'
[0.217s] Level 5:colcon.colcon_core.verb:set package 'miiboo_imu' build argument 'cmake_force_configure' from command line to 'False'
[0.217s] Level 5:colcon.colcon_core.verb:set package 'miiboo_imu' build argument 'ament_cmake_args' from command line to 'None'
[0.217s] Level 5:colcon.colcon_core.verb:set package 'miiboo_imu' build argument 'catkin_cmake_args' from command line to 'None'
[0.217s] Level 5:colcon.colcon_core.verb:set package 'miiboo_imu' build argument 'catkin_skip_building_tests' from command line to 'False'
[0.217s] DEBUG:colcon.colcon_core.verb:Building package 'miiboo_imu' with the following arguments: {'ament_cmake_args': None, 'build_base': '/home/pengyh/documents/ros2_ws/RobotAD/build/miiboo_imu', 'catkin_cmake_args': None, 'catkin_skip_building_tests': False, 'cmake_args': None, 'cmake_clean_cache': False, 'cmake_clean_first': False, 'cmake_force_configure': False, 'cmake_target': None, 'cmake_target_skip_unavailable': False, 'install_base': '/home/pengyh/documents/ros2_ws/RobotAD/install/miiboo_imu', 'merge_install': False, 'path': '/home/pengyh/documents/ros2_ws/RobotAD/src/miiboo_imu', 'symlink_install': True, 'test_result_base': None}
[0.217s] Level 5:colcon.colcon_core.verb:set package 'nuscenes_data_collector' build argument 'cmake_args' from command line to 'None'
[0.217s] Level 5:colcon.colcon_core.verb:set package 'nuscenes_data_collector' build argument 'cmake_target' from command line to 'None'
[0.217s] Level 5:colcon.colcon_core.verb:set package 'nuscenes_data_collector' build argument 'cmake_target_skip_unavailable' from command line to 'False'
[0.217s] Level 5:colcon.colcon_core.verb:set package 'nuscenes_data_collector' build argument 'cmake_clean_cache' from command line to 'False'
[0.217s] Level 5:colcon.colcon_core.verb:set package 'nuscenes_data_collector' build argument 'cmake_clean_first' from command line to 'False'
[0.217s] Level 5:colcon.colcon_core.verb:set package 'nuscenes_data_collector' build argument 'cmake_force_configure' from command line to 'False'
[0.217s] Level 5:colcon.colcon_core.verb:set package 'nuscenes_data_collector' build argument 'ament_cmake_args' from command line to 'None'
[0.217s] Level 5:colcon.colcon_core.verb:set package 'nuscenes_data_collector' build argument 'catkin_cmake_args' from command line to 'None'
[0.217s] Level 5:colcon.colcon_core.verb:set package 'nuscenes_data_collector' build argument 'catkin_skip_building_tests' from command line to 'False'
[0.217s] DEBUG:colcon.colcon_core.verb:Building package 'nuscenes_data_collector' with the following arguments: {'ament_cmake_args': None, 'build_base': '/home/pengyh/documents/ros2_ws/RobotAD/build/nuscenes_data_collector', 'catkin_cmake_args': None, 'catkin_skip_building_tests': False, 'cmake_args': None, 'cmake_clean_cache': False, 'cmake_clean_first': False, 'cmake_force_configure': False, 'cmake_target': None, 'cmake_target_skip_unavailable': False, 'install_base': '/home/pengyh/documents/ros2_ws/RobotAD/install/nuscenes_data_collector', 'merge_install': False, 'path': '/home/pengyh/documents/ros2_ws/RobotAD/src/nuscenes_data_collector', 'symlink_install': True, 'test_result_base': None}
[0.217s] Level 5:colcon.colcon_core.verb:set package 'pointcloud_to_laserscan' build argument 'cmake_args' from command line to 'None'
[0.217s] Level 5:colcon.colcon_core.verb:set package 'pointcloud_to_laserscan' build argument 'cmake_target' from command line to 'None'
[0.217s] Level 5:colcon.colcon_core.verb:set package 'pointcloud_to_laserscan' build argument 'cmake_target_skip_unavailable' from command line to 'False'
[0.217s] Level 5:colcon.colcon_core.verb:set package 'pointcloud_to_laserscan' build argument 'cmake_clean_cache' from command line to 'False'
[0.218s] Level 5:colcon.colcon_core.verb:set package 'pointcloud_to_laserscan' build argument 'cmake_clean_first' from command line to 'False'
[0.218s] Level 5:colcon.colcon_core.verb:set package 'pointcloud_to_laserscan' build argument 'cmake_force_configure' from command line to 'False'
[0.218s] Level 5:colcon.colcon_core.verb:set package 'pointcloud_to_laserscan' build argument 'ament_cmake_args' from command line to 'None'
[0.218s] Level 5:colcon.colcon_core.verb:set package 'pointcloud_to_laserscan' build argument 'catkin_cmake_args' from command line to 'None'
[0.218s] Level 5:colcon.colcon_core.verb:set package 'pointcloud_to_laserscan' build argument 'catkin_skip_building_tests' from command line to 'False'
[0.218s] DEBUG:colcon.colcon_core.verb:Building package 'pointcloud_to_laserscan' with the following arguments: {'ament_cmake_args': None, 'build_base': '/home/pengyh/documents/ros2_ws/RobotAD/build/pointcloud_to_laserscan', 'catkin_cmake_args': None, 'catkin_skip_building_tests': False, 'cmake_args': None, 'cmake_clean_cache': False, 'cmake_clean_first': False, 'cmake_force_configure': False, 'cmake_target': None, 'cmake_target_skip_unavailable': False, 'install_base': '/home/pengyh/documents/ros2_ws/RobotAD/install/pointcloud_to_laserscan', 'merge_install': False, 'path': '/home/pengyh/documents/ros2_ws/RobotAD/src/pointcloud_to_laserscan', 'symlink_install': True, 'test_result_base': None}
[0.218s] Level 5:colcon.colcon_core.verb:set package 'robot_hardware' build argument 'cmake_args' from command line to 'None'
[0.218s] Level 5:colcon.colcon_core.verb:set package 'robot_hardware' build argument 'cmake_target' from command line to 'None'
[0.218s] Level 5:colcon.colcon_core.verb:set package 'robot_hardware' build argument 'cmake_target_skip_unavailable' from command line to 'False'
[0.218s] Level 5:colcon.colcon_core.verb:set package 'robot_hardware' build argument 'cmake_clean_cache' from command line to 'False'
[0.218s] Level 5:colcon.colcon_core.verb:set package 'robot_hardware' build argument 'cmake_clean_first' from command line to 'False'
[0.218s] Level 5:colcon.colcon_core.verb:set package 'robot_hardware' build argument 'cmake_force_configure' from command line to 'False'
[0.218s] Level 5:colcon.colcon_core.verb:set package 'robot_hardware' build argument 'ament_cmake_args' from command line to 'None'
[0.218s] Level 5:colcon.colcon_core.verb:set package 'robot_hardware' build argument 'catkin_cmake_args' from command line to 'None'
[0.218s] Level 5:colcon.colcon_core.verb:set package 'robot_hardware' build argument 'catkin_skip_building_tests' from command line to 'False'
[0.218s] DEBUG:colcon.colcon_core.verb:Building package 'robot_hardware' with the following arguments: {'ament_cmake_args': None, 'build_base': '/home/pengyh/documents/ros2_ws/RobotAD/build/robot_hardware', 'catkin_cmake_args': None, 'catkin_skip_building_tests': False, 'cmake_args': None, 'cmake_clean_cache': False, 'cmake_clean_first': False, 'cmake_force_configure': False, 'cmake_target': None, 'cmake_target_skip_unavailable': False, 'install_base': '/home/pengyh/documents/ros2_ws/RobotAD/install/robot_hardware', 'merge_install': False, 'path': '/home/pengyh/documents/ros2_ws/RobotAD/src/robot_hardware', 'symlink_install': True, 'test_result_base': None}
[0.218s] Level 5:colcon.colcon_core.verb:set package 'robot_locate' build argument 'cmake_args' from command line to 'None'
[0.218s] Level 5:colcon.colcon_core.verb:set package 'robot_locate' build argument 'cmake_target' from command line to 'None'
[0.218s] Level 5:colcon.colcon_core.verb:set package 'robot_locate' build argument 'cmake_target_skip_unavailable' from command line to 'False'
[0.218s] Level 5:colcon.colcon_core.verb:set package 'robot_locate' build argument 'cmake_clean_cache' from command line to 'False'
[0.218s] Level 5:colcon.colcon_core.verb:set package 'robot_locate' build argument 'cmake_clean_first' from command line to 'False'
[0.218s] Level 5:colcon.colcon_core.verb:set package 'robot_locate' build argument 'cmake_force_configure' from command line to 'False'
[0.218s] Level 5:colcon.colcon_core.verb:set package 'robot_locate' build argument 'ament_cmake_args' from command line to 'None'
[0.218s] Level 5:colcon.colcon_core.verb:set package 'robot_locate' build argument 'catkin_cmake_args' from command line to 'None'
[0.218s] Level 5:colcon.colcon_core.verb:set package 'robot_locate' build argument 'catkin_skip_building_tests' from command line to 'False'
[0.218s] DEBUG:colcon.colcon_core.verb:Building package 'robot_locate' with the following arguments: {'ament_cmake_args': None, 'build_base': '/home/pengyh/documents/ros2_ws/RobotAD/build/robot_locate', 'catkin_cmake_args': None, 'catkin_skip_building_tests': False, 'cmake_args': None, 'cmake_clean_cache': False, 'cmake_clean_first': False, 'cmake_force_configure': False, 'cmake_target': None, 'cmake_target_skip_unavailable': False, 'install_base': '/home/pengyh/documents/ros2_ws/RobotAD/install/robot_locate', 'merge_install': False, 'path': '/home/pengyh/documents/ros2_ws/RobotAD/src/robot_locate', 'symlink_install': True, 'test_result_base': None}
[0.218s] Level 5:colcon.colcon_core.verb:set package 'rslidar_msg' build argument 'cmake_args' from command line to 'None'
[0.218s] Level 5:colcon.colcon_core.verb:set package 'rslidar_msg' build argument 'cmake_target' from command line to 'None'
[0.218s] Level 5:colcon.colcon_core.verb:set package 'rslidar_msg' build argument 'cmake_target_skip_unavailable' from command line to 'False'
[0.218s] Level 5:colcon.colcon_core.verb:set package 'rslidar_msg' build argument 'cmake_clean_cache' from command line to 'False'
[0.218s] Level 5:colcon.colcon_core.verb:set package 'rslidar_msg' build argument 'cmake_clean_first' from command line to 'False'
[0.218s] Level 5:colcon.colcon_core.verb:set package 'rslidar_msg' build argument 'cmake_force_configure' from command line to 'False'
[0.218s] Level 5:colcon.colcon_core.verb:set package 'rslidar_msg' build argument 'ament_cmake_args' from command line to 'None'
[0.218s] Level 5:colcon.colcon_core.verb:set package 'rslidar_msg' build argument 'catkin_cmake_args' from command line to 'None'
[0.218s] Level 5:colcon.colcon_core.verb:set package 'rslidar_msg' build argument 'catkin_skip_building_tests' from command line to 'False'
[0.218s] DEBUG:colcon.colcon_core.verb:Building package 'rslidar_msg' with the following arguments: {'ament_cmake_args': None, 'build_base': '/home/pengyh/documents/ros2_ws/RobotAD/build/rslidar_msg', 'catkin_cmake_args': None, 'catkin_skip_building_tests': False, 'cmake_args': None, 'cmake_clean_cache': False, 'cmake_clean_first': False, 'cmake_force_configure': False, 'cmake_target': None, 'cmake_target_skip_unavailable': False, 'install_base': '/home/pengyh/documents/ros2_ws/RobotAD/install/rslidar_msg', 'merge_install': False, 'path': '/home/pengyh/documents/ros2_ws/RobotAD/src/rslidar_msg', 'symlink_install': True, 'test_result_base': None}
[0.219s] Level 5:colcon.colcon_core.verb:set package 'usb_camera' build argument 'cmake_args' from command line to 'None'
[0.219s] Level 5:colcon.colcon_core.verb:set package 'usb_camera' build argument 'cmake_target' from command line to 'None'
[0.219s] Level 5:colcon.colcon_core.verb:set package 'usb_camera' build argument 'cmake_target_skip_unavailable' from command line to 'False'
[0.219s] Level 5:colcon.colcon_core.verb:set package 'usb_camera' build argument 'cmake_clean_cache' from command line to 'False'
[0.219s] Level 5:colcon.colcon_core.verb:set package 'usb_camera' build argument 'cmake_clean_first' from command line to 'False'
[0.219s] Level 5:colcon.colcon_core.verb:set package 'usb_camera' build argument 'cmake_force_configure' from command line to 'False'
[0.219s] Level 5:colcon.colcon_core.verb:set package 'usb_camera' build argument 'ament_cmake_args' from command line to 'None'
[0.219s] Level 5:colcon.colcon_core.verb:set package 'usb_camera' build argument 'catkin_cmake_args' from command line to 'None'
[0.219s] Level 5:colcon.colcon_core.verb:set package 'usb_camera' build argument 'catkin_skip_building_tests' from command line to 'False'
[0.219s] DEBUG:colcon.colcon_core.verb:Building package 'usb_camera' with the following arguments: {'ament_cmake_args': None, 'build_base': '/home/pengyh/documents/ros2_ws/RobotAD/build/usb_camera', 'catkin_cmake_args': None, 'catkin_skip_building_tests': False, 'cmake_args': None, 'cmake_clean_cache': False, 'cmake_clean_first': False, 'cmake_force_configure': False, 'cmake_target': None, 'cmake_target_skip_unavailable': False, 'install_base': '/home/pengyh/documents/ros2_ws/RobotAD/install/usb_camera', 'merge_install': False, 'path': '/home/pengyh/documents/ros2_ws/RobotAD/src/usb_camera', 'symlink_install': True, 'test_result_base': None}
[0.219s] Level 5:colcon.colcon_core.verb:set package 'keyboard_control' build argument 'cmake_args' from command line to 'None'
[0.219s] Level 5:colcon.colcon_core.verb:set package 'keyboard_control' build argument 'cmake_target' from command line to 'None'
[0.219s] Level 5:colcon.colcon_core.verb:set package 'keyboard_control' build argument 'cmake_target_skip_unavailable' from command line to 'False'
[0.219s] Level 5:colcon.colcon_core.verb:set package 'keyboard_control' build argument 'cmake_clean_cache' from command line to 'False'
[0.219s] Level 5:colcon.colcon_core.verb:set package 'keyboard_control' build argument 'cmake_clean_first' from command line to 'False'
[0.219s] Level 5:colcon.colcon_core.verb:set package 'keyboard_control' build argument 'cmake_force_configure' from command line to 'False'
[0.219s] Level 5:colcon.colcon_core.verb:set package 'keyboard_control' build argument 'ament_cmake_args' from command line to 'None'
[0.219s] Level 5:colcon.colcon_core.verb:set package 'keyboard_control' build argument 'catkin_cmake_args' from command line to 'None'
[0.219s] Level 5:colcon.colcon_core.verb:set package 'keyboard_control' build argument 'catkin_skip_building_tests' from command line to 'False'
[0.219s] DEBUG:colcon.colcon_core.verb:Building package 'keyboard_control' with the following arguments: {'ament_cmake_args': None, 'build_base': '/home/pengyh/documents/ros2_ws/RobotAD/build/keyboard_control', 'catkin_cmake_args': None, 'catkin_skip_building_tests': False, 'cmake_args': None, 'cmake_clean_cache': False, 'cmake_clean_first': False, 'cmake_force_configure': False, 'cmake_target': None, 'cmake_target_skip_unavailable': False, 'install_base': '/home/pengyh/documents/ros2_ws/RobotAD/install/keyboard_control', 'merge_install': False, 'path': '/home/pengyh/documents/ros2_ws/RobotAD/src/keyboard_control', 'symlink_install': True, 'test_result_base': None}
[0.219s] Level 5:colcon.colcon_core.verb:set package 'rslidar_sdk' build argument 'cmake_args' from command line to 'None'
[0.219s] Level 5:colcon.colcon_core.verb:set package 'rslidar_sdk' build argument 'cmake_target' from command line to 'None'
[0.219s] Level 5:colcon.colcon_core.verb:set package 'rslidar_sdk' build argument 'cmake_target_skip_unavailable' from command line to 'False'
[0.219s] Level 5:colcon.colcon_core.verb:set package 'rslidar_sdk' build argument 'cmake_clean_cache' from command line to 'False'
[0.219s] Level 5:colcon.colcon_core.verb:set package 'rslidar_sdk' build argument 'cmake_clean_first' from command line to 'False'
[0.219s] Level 5:colcon.colcon_core.verb:set package 'rslidar_sdk' build argument 'cmake_force_configure' from command line to 'False'
[0.219s] Level 5:colcon.colcon_core.verb:set package 'rslidar_sdk' build argument 'ament_cmake_args' from command line to 'None'
[0.219s] Level 5:colcon.colcon_core.verb:set package 'rslidar_sdk' build argument 'catkin_cmake_args' from command line to 'None'
[0.219s] Level 5:colcon.colcon_core.verb:set package 'rslidar_sdk' build argument 'catkin_skip_building_tests' from command line to 'False'
[0.219s] DEBUG:colcon.colcon_core.verb:Building package 'rslidar_sdk' with the following arguments: {'ament_cmake_args': None, 'build_base': '/home/pengyh/documents/ros2_ws/RobotAD/build/rslidar_sdk', 'catkin_cmake_args': None, 'catkin_skip_building_tests': False, 'cmake_args': None, 'cmake_clean_cache': False, 'cmake_clean_first': False, 'cmake_force_configure': False, 'cmake_target': None, 'cmake_target_skip_unavailable': False, 'install_base': '/home/pengyh/documents/ros2_ws/RobotAD/install/rslidar_sdk', 'merge_install': False, 'path': '/home/pengyh/documents/ros2_ws/RobotAD/src/rslidar_sdk', 'symlink_install': True, 'test_result_base': None}
[0.219s] Level 5:colcon.colcon_core.verb:set package 'serial_comm' build argument 'cmake_args' from command line to 'None'
[0.219s] Level 5:colcon.colcon_core.verb:set package 'serial_comm' build argument 'cmake_target' from command line to 'None'
[0.219s] Level 5:colcon.colcon_core.verb:set package 'serial_comm' build argument 'cmake_target_skip_unavailable' from command line to 'False'
[0.219s] Level 5:colcon.colcon_core.verb:set package 'serial_comm' build argument 'cmake_clean_cache' from command line to 'False'
[0.219s] Level 5:colcon.colcon_core.verb:set package 'serial_comm' build argument 'cmake_clean_first' from command line to 'False'
[0.219s] Level 5:colcon.colcon_core.verb:set package 'serial_comm' build argument 'cmake_force_configure' from command line to 'False'
[0.219s] Level 5:colcon.colcon_core.verb:set package 'serial_comm' build argument 'ament_cmake_args' from command line to 'None'
[0.219s] Level 5:colcon.colcon_core.verb:set package 'serial_comm' build argument 'catkin_cmake_args' from command line to 'None'
[0.219s] Level 5:colcon.colcon_core.verb:set package 'serial_comm' build argument 'catkin_skip_building_tests' from command line to 'False'
[0.219s] DEBUG:colcon.colcon_core.verb:Building package 'serial_comm' with the following arguments: {'ament_cmake_args': None, 'build_base': '/home/pengyh/documents/ros2_ws/RobotAD/build/serial_comm', 'catkin_cmake_args': None, 'catkin_skip_building_tests': False, 'cmake_args': None, 'cmake_clean_cache': False, 'cmake_clean_first': False, 'cmake_force_configure': False, 'cmake_target': None, 'cmake_target_skip_unavailable': False, 'install_base': '/home/pengyh/documents/ros2_ws/RobotAD/install/serial_comm', 'merge_install': False, 'path': '/home/pengyh/documents/ros2_ws/RobotAD/src/serial_comm', 'symlink_install': True, 'test_result_base': None}
[0.220s] INFO:colcon.colcon_core.executor:Executing jobs using 'parallel' executor
[0.220s] DEBUG:colcon.colcon_parallel_executor.executor.parallel:run_until_complete
[0.221s] INFO:colcon.colcon_ros.task.ament_cmake.build:Building ROS package in '/home/pengyh/documents/ros2_ws/RobotAD/src/robot_hardware' with build type 'ament_cmake'
[0.221s] INFO:colcon.colcon_cmake.task.cmake.build:Building CMake package in '/home/pengyh/documents/ros2_ws/RobotAD/src/robot_hardware'
[0.222s] INFO:colcon.colcon_core.plugin_system:Skipping extension 'colcon_core.shell.bat': Not used on non-Windows systems
[0.222s] INFO:colcon.colcon_core.shell:Skip shell extension 'powershell' for command environment: Not usable outside of PowerShell
[0.222s] DEBUG:colcon.colcon_core.shell:Skip shell extension 'dsv' for command environment
[0.224s] INFO:colcon.colcon_ros.task.ament_cmake.build:Building ROS package in '/home/pengyh/documents/ros2_ws/RobotAD/src/rslidar_msg' with build type 'ament_cmake'
[0.224s] INFO:colcon.colcon_cmake.task.cmake.build:Building CMake package in '/home/pengyh/documents/ros2_ws/RobotAD/src/rslidar_msg'
[0.224s] INFO:colcon.colcon_core.shell:Skip shell extension 'powershell' for command environment: Not usable outside of PowerShell
[0.224s] DEBUG:colcon.colcon_core.shell:Skip shell extension 'dsv' for command environment
[0.225s] INFO:colcon.colcon_ros.task.ament_cmake.build:Building ROS package in '/home/pengyh/documents/ros2_ws/RobotAD/src/diff_control' with build type 'ament_cmake'
[0.225s] INFO:colcon.colcon_cmake.task.cmake.build:Building CMake package in '/home/pengyh/documents/ros2_ws/RobotAD/src/diff_control'
[0.226s] INFO:colcon.colcon_core.shell:Skip shell extension 'powershell' for command environment: Not usable outside of PowerShell
[0.226s] DEBUG:colcon.colcon_core.shell:Skip shell extension 'dsv' for command environment
[0.227s] INFO:colcon.colcon_ros.task.ament_cmake.build:Building ROS package in '/home/pengyh/documents/ros2_ws/RobotAD/src/miiboo_imu' with build type 'ament_cmake'
[0.227s] INFO:colcon.colcon_cmake.task.cmake.build:Building CMake package in '/home/pengyh/documents/ros2_ws/RobotAD/src/miiboo_imu'
[0.227s] INFO:colcon.colcon_core.shell:Skip shell extension 'powershell' for command environment: Not usable outside of PowerShell
[0.227s] DEBUG:colcon.colcon_core.shell:Skip shell extension 'dsv' for command environment
[0.229s] INFO:colcon.colcon_ros.task.ament_cmake.build:Building ROS package in '/home/pengyh/documents/ros2_ws/RobotAD/src/nuscenes_data_collector' with build type 'ament_cmake'
[0.229s] INFO:colcon.colcon_cmake.task.cmake.build:Building CMake package in '/home/pengyh/documents/ros2_ws/RobotAD/src/nuscenes_data_collector'
[0.229s] INFO:colcon.colcon_core.shell:Skip shell extension 'powershell' for command environment: Not usable outside of PowerShell
[0.229s] DEBUG:colcon.colcon_core.shell:Skip shell extension 'dsv' for command environment
[0.231s] INFO:colcon.colcon_ros.task.ament_cmake.build:Building ROS package in '/home/pengyh/documents/ros2_ws/RobotAD/src/pointcloud_to_laserscan' with build type 'ament_cmake'
[0.231s] INFO:colcon.colcon_cmake.task.cmake.build:Building CMake package in '/home/pengyh/documents/ros2_ws/RobotAD/src/pointcloud_to_laserscan'
[0.231s] INFO:colcon.colcon_core.shell:Skip shell extension 'powershell' for command environment: Not usable outside of PowerShell
[0.231s] DEBUG:colcon.colcon_core.shell:Skip shell extension 'dsv' for command environment
[0.233s] INFO:colcon.colcon_ros.task.ament_cmake.build:Building ROS package in '/home/pengyh/documents/ros2_ws/RobotAD/src/robot_locate' with build type 'ament_cmake'
[0.233s] INFO:colcon.colcon_cmake.task.cmake.build:Building CMake package in '/home/pengyh/documents/ros2_ws/RobotAD/src/robot_locate'
[0.233s] INFO:colcon.colcon_core.shell:Skip shell extension 'powershell' for command environment: Not usable outside of PowerShell
[0.233s] DEBUG:colcon.colcon_core.shell:Skip shell extension 'dsv' for command environment
[0.234s] INFO:colcon.colcon_ros.task.ament_cmake.build:Building ROS package in '/home/pengyh/documents/ros2_ws/RobotAD/src/usb_camera' with build type 'ament_cmake'
[0.235s] INFO:colcon.colcon_cmake.task.cmake.build:Building CMake package in '/home/pengyh/documents/ros2_ws/RobotAD/src/usb_camera'
[0.235s] INFO:colcon.colcon_core.shell:Skip shell extension 'powershell' for command environment: Not usable outside of PowerShell
[0.235s] DEBUG:colcon.colcon_core.shell:Skip shell extension 'dsv' for command environment
[0.240s] DEBUG:colcon.colcon_core.event_handler.log_command:Invoking command in '/home/pengyh/documents/ros2_ws/RobotAD/build/robot_hardware': /usr/bin/cmake --build /home/pengyh/documents/ros2_ws/RobotAD/build/robot_hardware -- -j24 -l24
[0.242s] DEBUG:colcon.colcon_core.event_handler.log_command:Invoking command in '/home/pengyh/documents/ros2_ws/RobotAD/build/rslidar_msg': /usr/bin/cmake --build /home/pengyh/documents/ros2_ws/RobotAD/build/rslidar_msg -- -j24 -l24
[0.243s] DEBUG:colcon.colcon_core.event_handler.log_command:Invoking command in '/home/pengyh/documents/ros2_ws/RobotAD/build/diff_control': /usr/bin/cmake /home/pengyh/documents/ros2_ws/RobotAD/src/diff_control -DAMENT_CMAKE_SYMLINK_INSTALL=1 -DCMAKE_INSTALL_PREFIX=/home/pengyh/documents/ros2_ws/RobotAD/install/diff_control
[0.245s] DEBUG:colcon.colcon_core.event_handler.log_command:Invoking command in '/home/pengyh/documents/ros2_ws/RobotAD/build/miiboo_imu': /usr/bin/cmake --build /home/pengyh/documents/ros2_ws/RobotAD/build/miiboo_imu -- -j24 -l24
[0.247s] DEBUG:colcon.colcon_core.event_handler.log_command:Invoking command in '/home/pengyh/documents/ros2_ws/RobotAD/build/nuscenes_data_collector': /usr/bin/cmake --build /home/pengyh/documents/ros2_ws/RobotAD/build/nuscenes_data_collector -- -j24 -l24
[0.249s] DEBUG:colcon.colcon_core.event_handler.log_command:Invoking command in '/home/pengyh/documents/ros2_ws/RobotAD/build/pointcloud_to_laserscan': /usr/bin/cmake --build /home/pengyh/documents/ros2_ws/RobotAD/build/pointcloud_to_laserscan -- -j24 -l24
[0.252s] DEBUG:colcon.colcon_core.event_handler.log_command:Invoking command in '/home/pengyh/documents/ros2_ws/RobotAD/build/robot_locate': /usr/bin/cmake --build /home/pengyh/documents/ros2_ws/RobotAD/build/robot_locate -- -j24 -l24
[0.256s] DEBUG:colcon.colcon_core.event_handler.log_command:Invoking command in '/home/pengyh/documents/ros2_ws/RobotAD/build/usb_camera': /usr/bin/cmake --build /home/pengyh/documents/ros2_ws/RobotAD/build/usb_camera -- -j24 -l24
[0.291s] DEBUG:colcon.colcon_core.event_handler.log_command:Invoked command in '/home/pengyh/documents/ros2_ws/RobotAD/build/robot_locate' returned '0': /usr/bin/cmake --build /home/pengyh/documents/ros2_ws/RobotAD/build/robot_locate -- -j24 -l24
[0.295s] DEBUG:colcon.colcon_core.event_handler.log_command:Invoking command in '/home/pengyh/documents/ros2_ws/RobotAD/build/robot_locate': /usr/bin/cmake --install /home/pengyh/documents/ros2_ws/RobotAD/build/robot_locate
[0.301s] DEBUG:colcon.colcon_core.event_handler.log_command:Invoked command in '/home/pengyh/documents/ros2_ws/RobotAD/build/usb_camera' returned '0': /usr/bin/cmake --build /home/pengyh/documents/ros2_ws/RobotAD/build/usb_camera -- -j24 -l24
[0.302s] DEBUG:colcon.colcon_core.event_handler.log_command:Invoking command in '/home/pengyh/documents/ros2_ws/RobotAD/build/usb_camera': /usr/bin/cmake --install /home/pengyh/documents/ros2_ws/RobotAD/build/usb_camera
[0.315s] Level 1:colcon.colcon_core.environment:create_environment_scripts_only(robot_locate)
[0.316s] DEBUG:colcon.colcon_core.event_handler.log_command:Invoked command in '/home/pengyh/documents/ros2_ws/RobotAD/build/robot_locate' returned '0': /usr/bin/cmake --install /home/pengyh/documents/ros2_ws/RobotAD/build/robot_locate
[0.318s] Level 1:colcon.colcon_core.environment:checking '/home/pengyh/documents/ros2_ws/RobotAD/install/robot_locate' for CMake module files
[0.319s] Level 1:colcon.colcon_core.environment:checking '/home/pengyh/documents/ros2_ws/RobotAD/install/robot_locate' for CMake config files
[0.319s] Level 1:colcon.colcon_core.shell:create_environment_hook('robot_locate', 'cmake_prefix_path')
[0.320s] INFO:colcon.colcon_core.shell:Creating environment hook '/home/pengyh/documents/ros2_ws/RobotAD/install/robot_locate/share/robot_locate/hook/cmake_prefix_path.ps1'
[0.320s] INFO:colcon.colcon_core.shell:Creating environment descriptor '/home/pengyh/documents/ros2_ws/RobotAD/install/robot_locate/share/robot_locate/hook/cmake_prefix_path.dsv'
[0.321s] INFO:colcon.colcon_core.shell:Creating environment hook '/home/pengyh/documents/ros2_ws/RobotAD/install/robot_locate/share/robot_locate/hook/cmake_prefix_path.sh'
[0.322s] Level 1:colcon.colcon_core.environment:checking '/home/pengyh/documents/ros2_ws/RobotAD/install/robot_locate/bin'
[0.322s] Level 1:colcon.colcon_core.environment:checking '/home/pengyh/documents/ros2_ws/RobotAD/install/robot_locate/lib/pkgconfig/robot_locate.pc'
[0.322s] Level 1:colcon.colcon_core.environment:checking '/home/pengyh/documents/ros2_ws/RobotAD/install/robot_locate/lib/python3.10/site-packages'
[0.322s] Level 1:colcon.colcon_core.environment:checking '/home/pengyh/documents/ros2_ws/RobotAD/install/robot_locate/bin'
[0.323s] INFO:colcon.colcon_core.shell:Creating package script '/home/pengyh/documents/ros2_ws/RobotAD/install/robot_locate/share/robot_locate/package.ps1'
[0.324s] INFO:colcon.colcon_core.shell:Creating package descriptor '/home/pengyh/documents/ros2_ws/RobotAD/install/robot_locate/share/robot_locate/package.dsv'
[0.324s] INFO:colcon.colcon_core.shell:Creating package script '/home/pengyh/documents/ros2_ws/RobotAD/install/robot_locate/share/robot_locate/package.sh'
[0.325s] INFO:colcon.colcon_core.shell:Creating package script '/home/pengyh/documents/ros2_ws/RobotAD/install/robot_locate/share/robot_locate/package.bash'
[0.326s] INFO:colcon.colcon_core.shell:Creating package script '/home/pengyh/documents/ros2_ws/RobotAD/install/robot_locate/share/robot_locate/package.zsh'
[0.327s] Level 1:colcon.colcon_core.environment:create_file_with_runtime_dependencies(/home/pengyh/documents/ros2_ws/RobotAD/install/robot_locate/share/colcon-core/packages/robot_locate)
[0.328s] Level 1:colcon.colcon_core.environment:create_environment_scripts_only(robot_locate)
[0.328s] Level 1:colcon.colcon_core.environment:checking '/home/pengyh/documents/ros2_ws/RobotAD/install/robot_locate' for CMake module files
[0.328s] Level 1:colcon.colcon_core.environment:checking '/home/pengyh/documents/ros2_ws/RobotAD/install/robot_locate' for CMake config files
[0.329s] Level 1:colcon.colcon_core.shell:create_environment_hook('robot_locate', 'cmake_prefix_path')
[0.329s] INFO:colcon.colcon_core.shell:Creating environment hook '/home/pengyh/documents/ros2_ws/RobotAD/install/robot_locate/share/robot_locate/hook/cmake_prefix_path.ps1'
[0.330s] INFO:colcon.colcon_core.shell:Creating environment descriptor '/home/pengyh/documents/ros2_ws/RobotAD/install/robot_locate/share/robot_locate/hook/cmake_prefix_path.dsv'
[0.330s] INFO:colcon.colcon_core.shell:Creating environment hook '/home/pengyh/documents/ros2_ws/RobotAD/install/robot_locate/share/robot_locate/hook/cmake_prefix_path.sh'
[0.330s] Level 1:colcon.colcon_core.environment:checking '/home/pengyh/documents/ros2_ws/RobotAD/install/robot_locate/bin'
[0.331s] Level 1:colcon.colcon_core.environment:checking '/home/pengyh/documents/ros2_ws/RobotAD/install/robot_locate/lib/pkgconfig/robot_locate.pc'
[0.331s] Level 1:colcon.colcon_core.environment:checking '/home/pengyh/documents/ros2_ws/RobotAD/install/robot_locate/lib/python3.10/site-packages'
[0.331s] Level 1:colcon.colcon_core.environment:checking '/home/pengyh/documents/ros2_ws/RobotAD/install/robot_locate/bin'
[0.332s] INFO:colcon.colcon_core.shell:Creating package script '/home/pengyh/documents/ros2_ws/RobotAD/install/robot_locate/share/robot_locate/package.ps1'
[0.333s] INFO:colcon.colcon_core.shell:Creating package descriptor '/home/pengyh/documents/ros2_ws/RobotAD/install/robot_locate/share/robot_locate/package.dsv'
[0.333s] INFO:colcon.colcon_core.shell:Creating package script '/home/pengyh/documents/ros2_ws/RobotAD/install/robot_locate/share/robot_locate/package.sh'
[0.334s] INFO:colcon.colcon_core.shell:Creating package script '/home/pengyh/documents/ros2_ws/RobotAD/install/robot_locate/share/robot_locate/package.bash'
[0.334s] INFO:colcon.colcon_core.shell:Creating package script '/home/pengyh/documents/ros2_ws/RobotAD/install/robot_locate/share/robot_locate/package.zsh'
[0.335s] Level 1:colcon.colcon_core.environment:create_file_with_runtime_dependencies(/home/pengyh/documents/ros2_ws/RobotAD/install/robot_locate/share/colcon-core/packages/robot_locate)
[0.336s] Level 1:colcon.colcon_core.environment:create_environment_scripts_only(usb_camera)
[0.336s] Level 1:colcon.colcon_core.environment:checking '/home/pengyh/documents/ros2_ws/RobotAD/install/usb_camera' for CMake module files
[0.337s] DEBUG:colcon.colcon_core.event_handler.log_command:Invoked command in '/home/pengyh/documents/ros2_ws/RobotAD/build/usb_camera' returned '0': /usr/bin/cmake --install /home/pengyh/documents/ros2_ws/RobotAD/build/usb_camera
[0.337s] Level 1:colcon.colcon_core.environment:checking '/home/pengyh/documents/ros2_ws/RobotAD/install/usb_camera' for CMake config files
[0.337s] Level 1:colcon.colcon_core.shell:create_environment_hook('usb_camera', 'cmake_prefix_path')
[0.337s] INFO:colcon.colcon_core.shell:Creating environment hook '/home/pengyh/documents/ros2_ws/RobotAD/install/usb_camera/share/usb_camera/hook/cmake_prefix_path.ps1'
[0.338s] INFO:colcon.colcon_core.shell:Creating environment descriptor '/home/pengyh/documents/ros2_ws/RobotAD/install/usb_camera/share/usb_camera/hook/cmake_prefix_path.dsv'
[0.338s] INFO:colcon.colcon_core.shell:Creating environment hook '/home/pengyh/documents/ros2_ws/RobotAD/install/usb_camera/share/usb_camera/hook/cmake_prefix_path.sh'
[0.338s] Level 1:colcon.colcon_core.environment:checking '/home/pengyh/documents/ros2_ws/RobotAD/install/usb_camera/lib'
[0.339s] Level 1:colcon.colcon_core.environment:checking '/home/pengyh/documents/ros2_ws/RobotAD/install/usb_camera/bin'
[0.339s] Level 1:colcon.colcon_core.environment:checking '/home/pengyh/documents/ros2_ws/RobotAD/install/usb_camera/lib/pkgconfig/usb_camera.pc'
[0.339s] Level 1:colcon.colcon_core.environment:checking '/home/pengyh/documents/ros2_ws/RobotAD/install/usb_camera/lib/python3.10/site-packages'
[0.339s] Level 1:colcon.colcon_core.environment:checking '/home/pengyh/documents/ros2_ws/RobotAD/install/usb_camera/bin'
[0.339s] INFO:colcon.colcon_core.shell:Creating package script '/home/pengyh/documents/ros2_ws/RobotAD/install/usb_camera/share/usb_camera/package.ps1'
[0.340s] INFO:colcon.colcon_core.shell:Creating package descriptor '/home/pengyh/documents/ros2_ws/RobotAD/install/usb_camera/share/usb_camera/package.dsv'
[0.340s] INFO:colcon.colcon_core.shell:Creating package script '/home/pengyh/documents/ros2_ws/RobotAD/install/usb_camera/share/usb_camera/package.sh'
[0.340s] INFO:colcon.colcon_core.shell:Creating package script '/home/pengyh/documents/ros2_ws/RobotAD/install/usb_camera/share/usb_camera/package.bash'
[0.341s] INFO:colcon.colcon_core.shell:Creating package script '/home/pengyh/documents/ros2_ws/RobotAD/install/usb_camera/share/usb_camera/package.zsh'
[0.341s] Level 1:colcon.colcon_core.environment:create_file_with_runtime_dependencies(/home/pengyh/documents/ros2_ws/RobotAD/install/usb_camera/share/colcon-core/packages/usb_camera)
[0.342s] Level 1:colcon.colcon_core.environment:create_environment_scripts_only(usb_camera)
[0.342s] Level 1:colcon.colcon_core.environment:checking '/home/pengyh/documents/ros2_ws/RobotAD/install/usb_camera' for CMake module files
[0.342s] Level 1:colcon.colcon_core.environment:checking '/home/pengyh/documents/ros2_ws/RobotAD/install/usb_camera' for CMake config files
[0.342s] Level 1:colcon.colcon_core.shell:create_environment_hook('usb_camera', 'cmake_prefix_path')
[0.343s] INFO:colcon.colcon_core.shell:Creating environment hook '/home/pengyh/documents/ros2_ws/RobotAD/install/usb_camera/share/usb_camera/hook/cmake_prefix_path.ps1'
[0.343s] INFO:colcon.colcon_core.shell:Creating environment descriptor '/home/pengyh/documents/ros2_ws/RobotAD/install/usb_camera/share/usb_camera/hook/cmake_prefix_path.dsv'
[0.343s] INFO:colcon.colcon_core.shell:Creating environment hook '/home/pengyh/documents/ros2_ws/RobotAD/install/usb_camera/share/usb_camera/hook/cmake_prefix_path.sh'
[0.344s] Level 1:colcon.colcon_core.environment:checking '/home/pengyh/documents/ros2_ws/RobotAD/install/usb_camera/lib'
[0.344s] Level 1:colcon.colcon_core.environment:checking '/home/pengyh/documents/ros2_ws/RobotAD/install/usb_camera/bin'
[0.344s] Level 1:colcon.colcon_core.environment:checking '/home/pengyh/documents/ros2_ws/RobotAD/install/usb_camera/lib/pkgconfig/usb_camera.pc'
[0.344s] Level 1:colcon.colcon_core.environment:checking '/home/pengyh/documents/ros2_ws/RobotAD/install/usb_camera/lib/python3.10/site-packages'
[0.344s] Level 1:colcon.colcon_core.environment:checking '/home/pengyh/documents/ros2_ws/RobotAD/install/usb_camera/bin'
[0.344s] INFO:colcon.colcon_core.shell:Creating package script '/home/pengyh/documents/ros2_ws/RobotAD/install/usb_camera/share/usb_camera/package.ps1'
[0.345s] INFO:colcon.colcon_core.shell:Creating package descriptor '/home/pengyh/documents/ros2_ws/RobotAD/install/usb_camera/share/usb_camera/package.dsv'
[0.345s] INFO:colcon.colcon_core.shell:Creating package script '/home/pengyh/documents/ros2_ws/RobotAD/install/usb_camera/share/usb_camera/package.sh'
[0.346s] INFO:colcon.colcon_core.shell:Creating package script '/home/pengyh/documents/ros2_ws/RobotAD/install/usb_camera/share/usb_camera/package.bash'
[0.346s] INFO:colcon.colcon_core.shell:Creating package script '/home/pengyh/documents/ros2_ws/RobotAD/install/usb_camera/share/usb_camera/package.zsh'
[0.347s] Level 1:colcon.colcon_core.environment:create_file_with_runtime_dependencies(/home/pengyh/documents/ros2_ws/RobotAD/install/usb_camera/share/colcon-core/packages/usb_camera)
[0.489s] DEBUG:colcon.colcon_core.event_handler.log_command:Invoked command in '/home/pengyh/documents/ros2_ws/RobotAD/build/rslidar_msg' returned '0': /usr/bin/cmake --build /home/pengyh/documents/ros2_ws/RobotAD/build/rslidar_msg -- -j24 -l24
[0.491s] DEBUG:colcon.colcon_core.event_handler.log_command:Invoking command in '/home/pengyh/documents/ros2_ws/RobotAD/build/rslidar_msg': /usr/bin/cmake --install /home/pengyh/documents/ros2_ws/RobotAD/build/rslidar_msg
[0.503s] DEBUG:colcon.colcon_core.event_handler.log_command:Invoked command in '/home/pengyh/documents/ros2_ws/RobotAD/build/robot_hardware' returned '0': /usr/bin/cmake --build /home/pengyh/documents/ros2_ws/RobotAD/build/robot_hardware -- -j24 -l24
[0.504s] DEBUG:colcon.colcon_core.event_handler.log_command:Invoking command in '/home/pengyh/documents/ros2_ws/RobotAD/build/robot_hardware': /usr/bin/cmake --install /home/pengyh/documents/ros2_ws/RobotAD/build/robot_hardware
[0.557s] Level 1:colcon.colcon_core.environment:create_environment_scripts_only(robot_hardware)
[0.557s] Level 1:colcon.colcon_core.environment:checking '/home/pengyh/documents/ros2_ws/RobotAD/install/robot_hardware' for CMake module files
[0.558s] DEBUG:colcon.colcon_core.event_handler.log_command:Invoked command in '/home/pengyh/documents/ros2_ws/RobotAD/build/robot_hardware' returned '0': /usr/bin/cmake --install /home/pengyh/documents/ros2_ws/RobotAD/build/robot_hardware
[0.558s] Level 1:colcon.colcon_core.environment:checking '/home/pengyh/documents/ros2_ws/RobotAD/install/robot_hardware' for CMake config files
[0.559s] Level 1:colcon.colcon_core.shell:create_environment_hook('robot_hardware', 'cmake_prefix_path')
[0.560s] INFO:colcon.colcon_core.shell:Creating environment hook '/home/pengyh/documents/ros2_ws/RobotAD/install/robot_hardware/share/robot_hardware/hook/cmake_prefix_path.ps1'
[0.560s] INFO:colcon.colcon_core.shell:Creating environment descriptor '/home/pengyh/documents/ros2_ws/RobotAD/install/robot_hardware/share/robot_hardware/hook/cmake_prefix_path.dsv'
[0.561s] INFO:colcon.colcon_core.shell:Creating environment hook '/home/pengyh/documents/ros2_ws/RobotAD/install/robot_hardware/share/robot_hardware/hook/cmake_prefix_path.sh'
[0.561s] Level 1:colcon.colcon_core.environment:checking '/home/pengyh/documents/ros2_ws/RobotAD/install/robot_hardware/lib'
[0.561s] Level 1:colcon.colcon_core.shell:create_environment_hook('robot_hardware', 'ld_library_path_lib')
[0.562s] INFO:colcon.colcon_core.shell:Creating environment hook '/home/pengyh/documents/ros2_ws/RobotAD/install/robot_hardware/share/robot_hardware/hook/ld_library_path_lib.ps1'
[0.562s] INFO:colcon.colcon_core.shell:Creating environment descriptor '/home/pengyh/documents/ros2_ws/RobotAD/install/robot_hardware/share/robot_hardware/hook/ld_library_path_lib.dsv'
[0.563s] INFO:colcon.colcon_core.shell:Creating environment hook '/home/pengyh/documents/ros2_ws/RobotAD/install/robot_hardware/share/robot_hardware/hook/ld_library_path_lib.sh'
[0.563s] Level 1:colcon.colcon_core.environment:checking '/home/pengyh/documents/ros2_ws/RobotAD/install/robot_hardware/bin'
[0.563s] Level 1:colcon.colcon_core.environment:checking '/home/pengyh/documents/ros2_ws/RobotAD/install/robot_hardware/lib/pkgconfig/robot_hardware.pc'
[0.564s] Level 1:colcon.colcon_core.environment:checking '/home/pengyh/documents/ros2_ws/RobotAD/install/robot_hardware/lib/python3.10/site-packages'
[0.564s] Level 1:colcon.colcon_core.environment:checking '/home/pengyh/documents/ros2_ws/RobotAD/install/robot_hardware/bin'
[0.564s] INFO:colcon.colcon_core.shell:Creating package script '/home/pengyh/documents/ros2_ws/RobotAD/install/robot_hardware/share/robot_hardware/package.ps1'
[0.565s] INFO:colcon.colcon_core.shell:Creating package descriptor '/home/pengyh/documents/ros2_ws/RobotAD/install/robot_hardware/share/robot_hardware/package.dsv'
[0.565s] INFO:colcon.colcon_core.shell:Creating package script '/home/pengyh/documents/ros2_ws/RobotAD/install/robot_hardware/share/robot_hardware/package.sh'
[0.566s] INFO:colcon.colcon_core.shell:Creating package script '/home/pengyh/documents/ros2_ws/RobotAD/install/robot_hardware/share/robot_hardware/package.bash'
[0.566s] INFO:colcon.colcon_core.shell:Creating package script '/home/pengyh/documents/ros2_ws/RobotAD/install/robot_hardware/share/robot_hardware/package.zsh'
[0.567s] Level 1:colcon.colcon_core.environment:create_file_with_runtime_dependencies(/home/pengyh/documents/ros2_ws/RobotAD/install/robot_hardware/share/colcon-core/packages/robot_hardware)
[0.567s] Level 1:colcon.colcon_core.environment:create_environment_scripts_only(robot_hardware)
[0.568s] Level 1:colcon.colcon_core.environment:checking '/home/pengyh/documents/ros2_ws/RobotAD/install/robot_hardware' for CMake module files
[0.569s] Level 1:colcon.colcon_core.environment:checking '/home/pengyh/documents/ros2_ws/RobotAD/install/robot_hardware' for CMake config files
[0.570s] Level 1:colcon.colcon_core.shell:create_environment_hook('robot_hardware', 'cmake_prefix_path')
[0.570s] INFO:colcon.colcon_core.shell:Creating environment hook '/home/pengyh/documents/ros2_ws/RobotAD/install/robot_hardware/share/robot_hardware/hook/cmake_prefix_path.ps1'
[0.571s] INFO:colcon.colcon_core.shell:Creating environment descriptor '/home/pengyh/documents/ros2_ws/RobotAD/install/robot_hardware/share/robot_hardware/hook/cmake_prefix_path.dsv'
[0.571s] INFO:colcon.colcon_core.shell:Creating environment hook '/home/pengyh/documents/ros2_ws/RobotAD/install/robot_hardware/share/robot_hardware/hook/cmake_prefix_path.sh'
[0.572s] Level 1:colcon.colcon_core.environment:checking '/home/pengyh/documents/ros2_ws/RobotAD/install/robot_hardware/lib'
[0.572s] Level 1:colcon.colcon_core.shell:create_environment_hook('robot_hardware', 'ld_library_path_lib')
[0.572s] INFO:colcon.colcon_core.shell:Creating environment hook '/home/pengyh/documents/ros2_ws/RobotAD/install/robot_hardware/share/robot_hardware/hook/ld_library_path_lib.ps1'
[0.572s] INFO:colcon.colcon_core.shell:Creating environment descriptor '/home/pengyh/documents/ros2_ws/RobotAD/install/robot_hardware/share/robot_hardware/hook/ld_library_path_lib.dsv'
[0.573s] INFO:colcon.colcon_core.shell:Creating environment hook '/home/pengyh/documents/ros2_ws/RobotAD/install/robot_hardware/share/robot_hardware/hook/ld_library_path_lib.sh'
[0.573s] Level 1:colcon.colcon_core.environment:checking '/home/pengyh/documents/ros2_ws/RobotAD/install/robot_hardware/bin'
[0.573s] Level 1:colcon.colcon_core.environment:checking '/home/pengyh/documents/ros2_ws/RobotAD/install/robot_hardware/lib/pkgconfig/robot_hardware.pc'
[0.574s] Level 1:colcon.colcon_core.environment:checking '/home/pengyh/documents/ros2_ws/RobotAD/install/robot_hardware/lib/python3.10/site-packages'
[0.574s] Level 1:colcon.colcon_core.environment:checking '/home/pengyh/documents/ros2_ws/RobotAD/install/robot_hardware/bin'
[0.574s] INFO:colcon.colcon_core.shell:Creating package script '/home/pengyh/documents/ros2_ws/RobotAD/install/robot_hardware/share/robot_hardware/package.ps1'
[0.575s] INFO:colcon.colcon_core.shell:Creating package descriptor '/home/pengyh/documents/ros2_ws/RobotAD/install/robot_hardware/share/robot_hardware/package.dsv'
[0.576s] INFO:colcon.colcon_core.shell:Creating package script '/home/pengyh/documents/ros2_ws/RobotAD/install/robot_hardware/share/robot_hardware/package.sh'
[0.576s] INFO:colcon.colcon_core.shell:Creating package script '/home/pengyh/documents/ros2_ws/RobotAD/install/robot_hardware/share/robot_hardware/package.bash'
[0.577s] INFO:colcon.colcon_core.shell:Creating package script '/home/pengyh/documents/ros2_ws/RobotAD/install/robot_hardware/share/robot_hardware/package.zsh'
[0.577s] Level 1:colcon.colcon_core.environment:create_file_with_runtime_dependencies(/home/pengyh/documents/ros2_ws/RobotAD/install/robot_hardware/share/colcon-core/packages/robot_hardware)
[0.578s] INFO:colcon.colcon_ros.task.ament_cmake.build:Building ROS package in '/home/pengyh/documents/ros2_ws/RobotAD/src/keyboard_control' with build type 'ament_cmake'
[0.578s] INFO:colcon.colcon_cmake.task.cmake.build:Building CMake package in '/home/pengyh/documents/ros2_ws/RobotAD/src/keyboard_control'
[0.579s] INFO:colcon.colcon_core.shell:Skip shell extension 'powershell' for command environment: Not usable outside of PowerShell
[0.579s] DEBUG:colcon.colcon_core.shell:Skip shell extension 'dsv' for command environment
[0.582s] INFO:colcon.colcon_ros.task.ament_cmake.build:Building ROS package in '/home/pengyh/documents/ros2_ws/RobotAD/src/serial_comm' with build type 'ament_cmake'
[0.583s] INFO:colcon.colcon_cmake.task.cmake.build:Building CMake package in '/home/pengyh/documents/ros2_ws/RobotAD/src/serial_comm'
[0.583s] INFO:colcon.colcon_core.shell:Skip shell extension 'powershell' for command environment: Not usable outside of PowerShell
[0.583s] DEBUG:colcon.colcon_core.shell:Skip shell extension 'dsv' for command environment
[0.588s] DEBUG:colcon.colcon_core.event_handler.log_command:Invoking command in '/home/pengyh/documents/ros2_ws/RobotAD/build/keyboard_control': AMENT_PREFIX_PATH=/home/pengyh/documents/ros2_ws/RobotAD/install/robot_hardware:${AMENT_PREFIX_PATH} CMAKE_PREFIX_PATH=/home/pengyh/documents/ros2_ws/RobotAD/install/robot_hardware:/opt/ros/humble LD_LIBRARY_PATH=/home/pengyh/documents/ros2_ws/RobotAD/install/robot_hardware/lib:${LD_LIBRARY_PATH} PYTHONPATH=/home/pengyh/documents/ros2_ws/RobotAD/install/robot_hardware/local/lib/python3.10/dist-packages:${PYTHONPATH} /usr/bin/cmake /home/pengyh/documents/ros2_ws/RobotAD/src/keyboard_control -DAMENT_CMAKE_SYMLINK_INSTALL=1 -DCMAKE_INSTALL_PREFIX=/home/pengyh/documents/ros2_ws/RobotAD/install/keyboard_control
[0.591s] DEBUG:colcon.colcon_core.event_handler.log_command:Invoking command in '/home/pengyh/documents/ros2_ws/RobotAD/build/serial_comm': AMENT_PREFIX_PATH=/home/pengyh/documents/ros2_ws/RobotAD/install/robot_hardware:${AMENT_PREFIX_PATH} CMAKE_PREFIX_PATH=/home/pengyh/documents/ros2_ws/RobotAD/install/robot_hardware:/opt/ros/humble LD_LIBRARY_PATH=/home/pengyh/documents/ros2_ws/RobotAD/install/robot_hardware/lib:${LD_LIBRARY_PATH} PYTHONPATH=/home/pengyh/documents/ros2_ws/RobotAD/install/robot_hardware/local/lib/python3.10/dist-packages:${PYTHONPATH} /usr/bin/cmake /home/pengyh/documents/ros2_ws/RobotAD/src/serial_comm -DAMENT_CMAKE_SYMLINK_INSTALL=1 -DCMAKE_INSTALL_PREFIX=/home/pengyh/documents/ros2_ws/RobotAD/install/serial_comm
[0.608s] DEBUG:colcon.colcon_core.event_handler.log_command:Invoked command in '/home/pengyh/documents/ros2_ws/RobotAD/build/diff_control' returned '1': /usr/bin/cmake /home/pengyh/documents/ros2_ws/RobotAD/src/diff_control -DAMENT_CMAKE_SYMLINK_INSTALL=1 -DCMAKE_INSTALL_PREFIX=/home/pengyh/documents/ros2_ws/RobotAD/install/diff_control
[0.618s] Level 1:colcon.colcon_core.environment:create_environment_scripts_only(diff_control)
[0.618s] Level 1:colcon.colcon_core.environment:checking '/home/pengyh/documents/ros2_ws/RobotAD/install/diff_control' for CMake module files
[0.618s] Level 1:colcon.colcon_core.environment:checking '/home/pengyh/documents/ros2_ws/RobotAD/install/diff_control' for CMake config files
[0.619s] Level 1:colcon.colcon_core.environment:checking '/home/pengyh/documents/ros2_ws/RobotAD/install/diff_control/bin'
[0.619s] Level 1:colcon.colcon_core.environment:checking '/home/pengyh/documents/ros2_ws/RobotAD/install/diff_control/lib/pkgconfig/diff_control.pc'
[0.619s] Level 1:colcon.colcon_core.environment:checking '/home/pengyh/documents/ros2_ws/RobotAD/install/diff_control/lib/python3.10/site-packages'
[0.620s] Level 1:colcon.colcon_core.environment:checking '/home/pengyh/documents/ros2_ws/RobotAD/install/diff_control/bin'
[0.620s] INFO:colcon.colcon_core.shell:Creating package script '/home/pengyh/documents/ros2_ws/RobotAD/install/diff_control/share/diff_control/package.ps1'
[0.621s] INFO:colcon.colcon_core.shell:Creating package descriptor '/home/pengyh/documents/ros2_ws/RobotAD/install/diff_control/share/diff_control/package.dsv'
[0.621s] INFO:colcon.colcon_core.shell:Creating package script '/home/pengyh/documents/ros2_ws/RobotAD/install/diff_control/share/diff_control/package.sh'
[0.622s] INFO:colcon.colcon_core.shell:Creating package script '/home/pengyh/documents/ros2_ws/RobotAD/install/diff_control/share/diff_control/package.bash'
[0.622s] INFO:colcon.colcon_core.shell:Creating package script '/home/pengyh/documents/ros2_ws/RobotAD/install/diff_control/share/diff_control/package.zsh'
[0.623s] Level 1:colcon.colcon_core.environment:create_file_with_runtime_dependencies(/home/pengyh/documents/ros2_ws/RobotAD/install/diff_control/share/colcon-core/packages/diff_control)
[21.522s] DEBUG:colcon.colcon_parallel_executor.executor.parallel:closing loop
[21.522s] DEBUG:colcon.colcon_parallel_executor.executor.parallel:loop closed
[21.522s] DEBUG:colcon.colcon_parallel_executor.executor.parallel:run_until_complete finished with '1'
[21.522s] DEBUG:colcon.colcon_core.event_reactor:joining thread
[21.525s] INFO:colcon.colcon_core.plugin_system:Skipping extension 'colcon_notification.desktop_notification.terminal_notifier': Not used on non-Darwin systems
[21.525s] INFO:colcon.colcon_core.plugin_system:Skipping extension 'colcon_notification.desktop_notification.win32': Not used on non-Windows systems
[21.525s] INFO:colcon.colcon_notification.desktop_notification:Sending desktop notification using 'notify2'
[21.534s] DEBUG:colcon.colcon_core.event_reactor:joined thread
[21.534s] INFO:colcon.colcon_core.shell:Creating prefix script '/home/pengyh/documents/ros2_ws/RobotAD/install/local_setup.ps1'
[21.535s] INFO:colcon.colcon_core.shell:Creating prefix util module '/home/pengyh/documents/ros2_ws/RobotAD/install/_local_setup_util_ps1.py'
[21.536s] INFO:colcon.colcon_core.shell:Creating prefix chain script '/home/pengyh/documents/ros2_ws/RobotAD/install/setup.ps1'
[21.536s] INFO:colcon.colcon_core.shell:Creating prefix script '/home/pengyh/documents/ros2_ws/RobotAD/install/local_setup.sh'
[21.537s] INFO:colcon.colcon_core.shell:Creating prefix util module '/home/pengyh/documents/ros2_ws/RobotAD/install/_local_setup_util_sh.py'
[21.537s] INFO:colcon.colcon_core.shell:Creating prefix chain script '/home/pengyh/documents/ros2_ws/RobotAD/install/setup.sh'
[21.537s] INFO:colcon.colcon_core.shell:Creating prefix script '/home/pengyh/documents/ros2_ws/RobotAD/install/local_setup.bash'
[21.538s] INFO:colcon.colcon_core.shell:Creating prefix chain script '/home/pengyh/documents/ros2_ws/RobotAD/install/setup.bash'
[21.538s] INFO:colcon.colcon_core.shell:Creating prefix script '/home/pengyh/documents/ros2_ws/RobotAD/install/local_setup.zsh'
[21.539s] INFO:colcon.colcon_core.shell:Creating prefix chain script '/home/pengyh/documents/ros2_ws/RobotAD/install/setup.zsh'
