[0.081s] DEBUG:colcon:Command line arguments: ['/usr/bin/colcon', 'build']
[0.082s] DEBUG:colcon:Parsed command line arguments: Namespace(log_base=None, log_level=None, verb_name='build', build_base='build', install_base='install', merge_install=False, symlink_install=False, test_result_base=None, continue_on_error=False, executor='parallel', parallel_workers=24, event_handlers=None, ignore_user_meta=False, metas=['./colcon.meta'], base_paths=['.'], packages_ignore=None, packages_ignore_regex=None, paths=None, packages_up_to=None, packages_up_to_regex=None, packages_above=None, packages_above_and_dependencies=None, packages_above_depth=None, packages_select_by_dep=None, packages_skip_by_dep=None, packages_skip_up_to=None, packages_select_build_failed=False, packages_skip_build_finished=False, packages_select_test_failures=False, packages_skip_test_passed=False, packages_select=None, packages_skip=None, packages_select_regex=None, packages_skip_regex=None, packages_start=None, packages_end=None, allow_overriding=[], cmake_args=None, cmake_target=None, cmake_target_skip_unavailable=False, cmake_clean_cache=False, cmake_clean_first=False, cmake_force_configure=False, ament_cmake_args=None, catkin_cmake_args=None, catkin_skip_building_tests=False, mixin_files=None, mixin=None, verb_parser=<colcon_mixin.mixin.mixin_argument.MixinArgumentDecorator object at 0x7c3f11d70dc0>, verb_extension=<colcon_core.verb.build.BuildVerb object at 0x7c3f11d703a0>, main=<bound method BuildVerb.main of <colcon_core.verb.build.BuildVerb object at 0x7c3f11d703a0>>, mixin_verb=('build',))
[0.225s] Level 1:colcon.colcon_core.package_discovery:discover_packages(colcon_meta) check parameters
[0.225s] Level 1:colcon.colcon_core.package_discovery:discover_packages(recursive) check parameters
[0.225s] Level 1:colcon.colcon_core.package_discovery:discover_packages(ignore) check parameters
[0.225s] Level 1:colcon.colcon_core.package_discovery:discover_packages(path) check parameters
[0.225s] Level 1:colcon.colcon_core.package_discovery:discover_packages(colcon_meta) discover
[0.225s] Level 1:colcon.colcon_core.package_discovery:discover_packages(recursive) discover
[0.225s] INFO:colcon.colcon_core.package_discovery:Crawling recursively for packages in '/home/future/Documents/pengyh/RobotAD_ws'
[0.225s] Level 1:colcon.colcon_core.package_identification:_identify(.) by extensions ['ignore', 'ignore_ament_install']
[0.225s] Level 1:colcon.colcon_core.package_identification:_identify(.) by extension 'ignore'
[0.225s] Level 1:colcon.colcon_core.package_identification:_identify(.) by extension 'ignore_ament_install'
[0.225s] Level 1:colcon.colcon_core.package_identification:_identify(.) by extensions ['colcon_pkg']
[0.225s] Level 1:colcon.colcon_core.package_identification:_identify(.) by extension 'colcon_pkg'
[0.225s] Level 1:colcon.colcon_core.package_identification:_identify(.) by extensions ['colcon_meta']
[0.225s] Level 1:colcon.colcon_core.package_identification:_identify(.) by extension 'colcon_meta'
[0.225s] Level 1:colcon.colcon_core.package_identification:_identify(.) by extensions ['ros']
[0.225s] Level 1:colcon.colcon_core.package_identification:_identify(.) by extension 'ros'
[0.239s] Level 1:colcon.colcon_core.package_identification:_identify(.) by extensions ['cmake', 'python']
[0.240s] Level 1:colcon.colcon_core.package_identification:_identify(.) by extension 'cmake'
[0.240s] Level 1:colcon.colcon_core.package_identification:_identify(.) by extension 'python'
[0.240s] Level 1:colcon.colcon_core.package_identification:_identify(.) by extensions ['python_setup_py']
[0.240s] Level 1:colcon.colcon_core.package_identification:_identify(.) by extension 'python_setup_py'
[0.240s] Level 1:colcon.colcon_core.package_identification:_identify(build) by extensions ['ignore', 'ignore_ament_install']
[0.240s] Level 1:colcon.colcon_core.package_identification:_identify(build) by extension 'ignore'
[0.240s] Level 1:colcon.colcon_core.package_identification:_identify(build) ignored
[0.240s] Level 1:colcon.colcon_core.package_identification:_identify(install) by extensions ['ignore', 'ignore_ament_install']
[0.240s] Level 1:colcon.colcon_core.package_identification:_identify(install) by extension 'ignore'
[0.240s] Level 1:colcon.colcon_core.package_identification:_identify(install) ignored
[0.240s] Level 1:colcon.colcon_core.package_identification:_identify(log) by extensions ['ignore', 'ignore_ament_install']
[0.240s] Level 1:colcon.colcon_core.package_identification:_identify(log) by extension 'ignore'
[0.241s] Level 1:colcon.colcon_core.package_identification:_identify(log) ignored
[0.241s] Level 1:colcon.colcon_core.package_identification:_identify(src) by extensions ['ignore', 'ignore_ament_install']
[0.241s] Level 1:colcon.colcon_core.package_identification:_identify(src) by extension 'ignore'
[0.241s] Level 1:colcon.colcon_core.package_identification:_identify(src) by extension 'ignore_ament_install'
[0.241s] Level 1:colcon.colcon_core.package_identification:_identify(src) by extensions ['colcon_pkg']
[0.241s] Level 1:colcon.colcon_core.package_identification:_identify(src) by extension 'colcon_pkg'
[0.241s] Level 1:colcon.colcon_core.package_identification:_identify(src) by extensions ['colcon_meta']
[0.241s] Level 1:colcon.colcon_core.package_identification:_identify(src) by extension 'colcon_meta'
[0.241s] Level 1:colcon.colcon_core.package_identification:_identify(src) by extensions ['ros']
[0.241s] Level 1:colcon.colcon_core.package_identification:_identify(src) by extension 'ros'
[0.241s] Level 1:colcon.colcon_core.package_identification:_identify(src) by extensions ['cmake', 'python']
[0.241s] Level 1:colcon.colcon_core.package_identification:_identify(src) by extension 'cmake'
[0.241s] Level 1:colcon.colcon_core.package_identification:_identify(src) by extension 'python'
[0.241s] Level 1:colcon.colcon_core.package_identification:_identify(src) by extensions ['python_setup_py']
[0.241s] Level 1:colcon.colcon_core.package_identification:_identify(src) by extension 'python_setup_py'
[0.241s] Level 1:colcon.colcon_core.package_identification:_identify(src/Launch) by extensions ['ignore', 'ignore_ament_install']
[0.241s] Level 1:colcon.colcon_core.package_identification:_identify(src/Launch) by extension 'ignore'
[0.241s] Level 1:colcon.colcon_core.package_identification:_identify(src/Launch) by extension 'ignore_ament_install'
[0.241s] Level 1:colcon.colcon_core.package_identification:_identify(src/Launch) by extensions ['colcon_pkg']
[0.242s] Level 1:colcon.colcon_core.package_identification:_identify(src/Launch) by extension 'colcon_pkg'
[0.242s] Level 1:colcon.colcon_core.package_identification:_identify(src/Launch) by extensions ['colcon_meta']
[0.242s] Level 1:colcon.colcon_core.package_identification:_identify(src/Launch) by extension 'colcon_meta'
[0.242s] Level 1:colcon.colcon_core.package_identification:_identify(src/Launch) by extensions ['ros']
[0.242s] Level 1:colcon.colcon_core.package_identification:_identify(src/Launch) by extension 'ros'
[0.242s] Level 1:colcon.colcon_core.package_identification:_identify(src/Launch) by extensions ['cmake', 'python']
[0.242s] Level 1:colcon.colcon_core.package_identification:_identify(src/Launch) by extension 'cmake'
[0.242s] Level 1:colcon.colcon_core.package_identification:_identify(src/Launch) by extension 'python'
[0.242s] Level 1:colcon.colcon_core.package_identification:_identify(src/Launch) by extensions ['python_setup_py']
[0.242s] Level 1:colcon.colcon_core.package_identification:_identify(src/Launch) by extension 'python_setup_py'
[0.242s] Level 1:colcon.colcon_core.package_identification:_identify(src/keyboard_control) by extensions ['ignore', 'ignore_ament_install']
[0.242s] Level 1:colcon.colcon_core.package_identification:_identify(src/keyboard_control) by extension 'ignore'
[0.242s] Level 1:colcon.colcon_core.package_identification:_identify(src/keyboard_control) by extension 'ignore_ament_install'
[0.242s] Level 1:colcon.colcon_core.package_identification:_identify(src/keyboard_control) by extensions ['colcon_pkg']
[0.242s] Level 1:colcon.colcon_core.package_identification:_identify(src/keyboard_control) by extension 'colcon_pkg'
[0.242s] Level 1:colcon.colcon_core.package_identification:_identify(src/keyboard_control) by extensions ['colcon_meta']
[0.242s] Level 1:colcon.colcon_core.package_identification:_identify(src/keyboard_control) by extension 'colcon_meta'
[0.242s] Level 1:colcon.colcon_core.package_identification:_identify(src/keyboard_control) by extensions ['ros']
[0.242s] Level 1:colcon.colcon_core.package_identification:_identify(src/keyboard_control) by extension 'ros'
[0.245s] DEBUG:colcon.colcon_core.package_identification:Package 'src/keyboard_control' with type 'ros.ament_cmake' and name 'keyboard_control'
[0.245s] Level 1:colcon.colcon_core.package_identification:_identify(src/robot_hardware) by extensions ['ignore', 'ignore_ament_install']
[0.245s] Level 1:colcon.colcon_core.package_identification:_identify(src/robot_hardware) by extension 'ignore'
[0.246s] Level 1:colcon.colcon_core.package_identification:_identify(src/robot_hardware) by extension 'ignore_ament_install'
[0.246s] Level 1:colcon.colcon_core.package_identification:_identify(src/robot_hardware) by extensions ['colcon_pkg']
[0.246s] Level 1:colcon.colcon_core.package_identification:_identify(src/robot_hardware) by extension 'colcon_pkg'
[0.246s] Level 1:colcon.colcon_core.package_identification:_identify(src/robot_hardware) by extensions ['colcon_meta']
[0.246s] Level 1:colcon.colcon_core.package_identification:_identify(src/robot_hardware) by extension 'colcon_meta'
[0.246s] Level 1:colcon.colcon_core.package_identification:_identify(src/robot_hardware) by extensions ['ros']
[0.246s] Level 1:colcon.colcon_core.package_identification:_identify(src/robot_hardware) by extension 'ros'
[0.248s] DEBUG:colcon.colcon_core.package_identification:Package 'src/robot_hardware' with type 'ros.ament_cmake' and name 'robot_hardware'
[0.248s] Level 1:colcon.colcon_core.package_identification:_identify(src/serial_comm) by extensions ['ignore', 'ignore_ament_install']
[0.248s] Level 1:colcon.colcon_core.package_identification:_identify(src/serial_comm) by extension 'ignore'
[0.248s] Level 1:colcon.colcon_core.package_identification:_identify(src/serial_comm) by extension 'ignore_ament_install'
[0.248s] Level 1:colcon.colcon_core.package_identification:_identify(src/serial_comm) by extensions ['colcon_pkg']
[0.248s] Level 1:colcon.colcon_core.package_identification:_identify(src/serial_comm) by extension 'colcon_pkg'
[0.248s] Level 1:colcon.colcon_core.package_identification:_identify(src/serial_comm) by extensions ['colcon_meta']
[0.248s] Level 1:colcon.colcon_core.package_identification:_identify(src/serial_comm) by extension 'colcon_meta'
[0.248s] Level 1:colcon.colcon_core.package_identification:_identify(src/serial_comm) by extensions ['ros']
[0.248s] Level 1:colcon.colcon_core.package_identification:_identify(src/serial_comm) by extension 'ros'
[0.249s] DEBUG:colcon.colcon_core.package_identification:Package 'src/serial_comm' with type 'ros.ament_cmake' and name 'serial_comm'
[0.249s] Level 1:colcon.colcon_core.package_discovery:discover_packages(recursive) using defaults
[0.249s] Level 1:colcon.colcon_core.package_discovery:discover_packages(ignore) discover
[0.249s] Level 1:colcon.colcon_core.package_discovery:discover_packages(ignore) using defaults
[0.249s] Level 1:colcon.colcon_core.package_discovery:discover_packages(path) discover
[0.249s] Level 1:colcon.colcon_core.package_discovery:discover_packages(path) using defaults
[0.275s] Level 1:colcon.colcon_core.package_discovery:discover_packages(prefix_path) check parameters
[0.275s] Level 1:colcon.colcon_core.package_discovery:discover_packages(prefix_path) discover
[0.277s] DEBUG:colcon.colcon_installed_package_information.package_discovery:Found 3 installed packages in /home/future/Documents/pengyh/RobotAD_ws/install
[0.278s] DEBUG:colcon.colcon_installed_package_information.package_discovery:Found 12 installed packages in /home/future/Documents/Robot/nav_ws/install
[0.278s] DEBUG:colcon.colcon_installed_package_information.package_discovery:Found 4 installed packages in /home/future/Documents/VIW-FUSION/install
[0.279s] DEBUG:colcon.colcon_installed_package_information.package_discovery:Found 2 installed packages in /home/future/Documents/people_tracker/install
[0.279s] DEBUG:colcon.colcon_installed_package_information.package_discovery:Found 1 installed packages in /home/future/Documents/Navigation/interface_ws/install
[0.281s] DEBUG:colcon.colcon_installed_package_information.package_discovery:Found 477 installed packages in /opt/ros/humble
[0.284s] Level 1:colcon.colcon_core.package_discovery:discover_packages(prefix_path) using defaults
[0.349s] Level 5:colcon.colcon_core.verb:set package 'keyboard_control' build argument 'cmake_args' from command line to 'None'
[0.349s] Level 5:colcon.colcon_core.verb:set package 'keyboard_control' build argument 'cmake_target' from command line to 'None'
[0.349s] Level 5:colcon.colcon_core.verb:set package 'keyboard_control' build argument 'cmake_target_skip_unavailable' from command line to 'False'
[0.349s] Level 5:colcon.colcon_core.verb:set package 'keyboard_control' build argument 'cmake_clean_cache' from command line to 'False'
[0.349s] Level 5:colcon.colcon_core.verb:set package 'keyboard_control' build argument 'cmake_clean_first' from command line to 'False'
[0.349s] Level 5:colcon.colcon_core.verb:set package 'keyboard_control' build argument 'cmake_force_configure' from command line to 'False'
[0.349s] Level 5:colcon.colcon_core.verb:set package 'keyboard_control' build argument 'ament_cmake_args' from command line to 'None'
[0.350s] Level 5:colcon.colcon_core.verb:set package 'keyboard_control' build argument 'catkin_cmake_args' from command line to 'None'
[0.350s] Level 5:colcon.colcon_core.verb:set package 'keyboard_control' build argument 'catkin_skip_building_tests' from command line to 'False'
[0.350s] DEBUG:colcon.colcon_core.verb:Building package 'keyboard_control' with the following arguments: {'ament_cmake_args': None, 'build_base': '/home/future/Documents/pengyh/RobotAD_ws/build/keyboard_control', 'catkin_cmake_args': None, 'catkin_skip_building_tests': False, 'cmake_args': None, 'cmake_clean_cache': False, 'cmake_clean_first': False, 'cmake_force_configure': False, 'cmake_target': None, 'cmake_target_skip_unavailable': False, 'install_base': '/home/future/Documents/pengyh/RobotAD_ws/install/keyboard_control', 'merge_install': False, 'path': '/home/future/Documents/pengyh/RobotAD_ws/src/keyboard_control', 'symlink_install': False, 'test_result_base': None}
[0.350s] Level 5:colcon.colcon_core.verb:set package 'robot_hardware' build argument 'cmake_args' from command line to 'None'
[0.350s] Level 5:colcon.colcon_core.verb:set package 'robot_hardware' build argument 'cmake_target' from command line to 'None'
[0.350s] Level 5:colcon.colcon_core.verb:set package 'robot_hardware' build argument 'cmake_target_skip_unavailable' from command line to 'False'
[0.350s] Level 5:colcon.colcon_core.verb:set package 'robot_hardware' build argument 'cmake_clean_cache' from command line to 'False'
[0.350s] Level 5:colcon.colcon_core.verb:set package 'robot_hardware' build argument 'cmake_clean_first' from command line to 'False'
[0.350s] Level 5:colcon.colcon_core.verb:set package 'robot_hardware' build argument 'cmake_force_configure' from command line to 'False'
[0.351s] Level 5:colcon.colcon_core.verb:set package 'robot_hardware' build argument 'ament_cmake_args' from command line to 'None'
[0.351s] Level 5:colcon.colcon_core.verb:set package 'robot_hardware' build argument 'catkin_cmake_args' from command line to 'None'
[0.351s] Level 5:colcon.colcon_core.verb:set package 'robot_hardware' build argument 'catkin_skip_building_tests' from command line to 'False'
[0.351s] DEBUG:colcon.colcon_core.verb:Building package 'robot_hardware' with the following arguments: {'ament_cmake_args': None, 'build_base': '/home/future/Documents/pengyh/RobotAD_ws/build/robot_hardware', 'catkin_cmake_args': None, 'catkin_skip_building_tests': False, 'cmake_args': None, 'cmake_clean_cache': False, 'cmake_clean_first': False, 'cmake_force_configure': False, 'cmake_target': None, 'cmake_target_skip_unavailable': False, 'install_base': '/home/future/Documents/pengyh/RobotAD_ws/install/robot_hardware', 'merge_install': False, 'path': '/home/future/Documents/pengyh/RobotAD_ws/src/robot_hardware', 'symlink_install': False, 'test_result_base': None}
[0.351s] Level 5:colcon.colcon_core.verb:set package 'serial_comm' build argument 'cmake_args' from command line to 'None'
[0.351s] Level 5:colcon.colcon_core.verb:set package 'serial_comm' build argument 'cmake_target' from command line to 'None'
[0.351s] Level 5:colcon.colcon_core.verb:set package 'serial_comm' build argument 'cmake_target_skip_unavailable' from command line to 'False'
[0.351s] Level 5:colcon.colcon_core.verb:set package 'serial_comm' build argument 'cmake_clean_cache' from command line to 'False'
[0.351s] Level 5:colcon.colcon_core.verb:set package 'serial_comm' build argument 'cmake_clean_first' from command line to 'False'
[0.351s] Level 5:colcon.colcon_core.verb:set package 'serial_comm' build argument 'cmake_force_configure' from command line to 'False'
[0.351s] Level 5:colcon.colcon_core.verb:set package 'serial_comm' build argument 'ament_cmake_args' from command line to 'None'
[0.352s] Level 5:colcon.colcon_core.verb:set package 'serial_comm' build argument 'catkin_cmake_args' from command line to 'None'
[0.352s] Level 5:colcon.colcon_core.verb:set package 'serial_comm' build argument 'catkin_skip_building_tests' from command line to 'False'
[0.352s] DEBUG:colcon.colcon_core.verb:Building package 'serial_comm' with the following arguments: {'ament_cmake_args': None, 'build_base': '/home/future/Documents/pengyh/RobotAD_ws/build/serial_comm', 'catkin_cmake_args': None, 'catkin_skip_building_tests': False, 'cmake_args': None, 'cmake_clean_cache': False, 'cmake_clean_first': False, 'cmake_force_configure': False, 'cmake_target': None, 'cmake_target_skip_unavailable': False, 'install_base': '/home/future/Documents/pengyh/RobotAD_ws/install/serial_comm', 'merge_install': False, 'path': '/home/future/Documents/pengyh/RobotAD_ws/src/serial_comm', 'symlink_install': False, 'test_result_base': None}
[0.352s] INFO:colcon.colcon_core.executor:Executing jobs using 'parallel' executor
[0.354s] DEBUG:colcon.colcon_parallel_executor.executor.parallel:run_until_complete
[0.354s] INFO:colcon.colcon_ros.task.ament_cmake.build:Building ROS package in '/home/future/Documents/pengyh/RobotAD_ws/src/robot_hardware' with build type 'ament_cmake'
[0.354s] INFO:colcon.colcon_cmake.task.cmake.build:Building CMake package in '/home/future/Documents/pengyh/RobotAD_ws/src/robot_hardware'
[0.358s] INFO:colcon.colcon_core.plugin_system:Skipping extension 'colcon_core.shell.bat': Not used on non-Windows systems
[0.358s] INFO:colcon.colcon_core.shell:Skip shell extension 'powershell' for command environment: Not usable outside of PowerShell
[0.358s] DEBUG:colcon.colcon_core.shell:Skip shell extension 'dsv' for command environment
[0.367s] INFO:colcon.colcon_ros.task.ament_cmake.build:Building ROS package in '/home/future/Documents/pengyh/RobotAD_ws/src/keyboard_control' with build type 'ament_cmake'
[0.368s] INFO:colcon.colcon_cmake.task.cmake.build:Building CMake package in '/home/future/Documents/pengyh/RobotAD_ws/src/keyboard_control'
[0.368s] INFO:colcon.colcon_core.shell:Skip shell extension 'powershell' for command environment: Not usable outside of PowerShell
[0.368s] DEBUG:colcon.colcon_core.shell:Skip shell extension 'dsv' for command environment
[0.382s] DEBUG:colcon.colcon_core.event_handler.log_command:Invoking command in '/home/future/Documents/pengyh/RobotAD_ws/build/robot_hardware': CMAKE_PREFIX_PATH=${CMAKE_PREFIX_PATH}:/home/future/Documents/Robot/nav_ws/install/show_urdf:/home/future/Documents/Robot/nav_ws/install/serial_bridge:/home/future/Documents/Robot/nav_ws/install/ros_tcp_endpoint:/home/future/Documents/Robot/nav_ws/install/remove_obstacle:/home/future/Documents/Robot/nav_ws/install/keyboard_control:/opt/ros/humble /usr/bin/cmake --build /home/future/Documents/pengyh/RobotAD_ws/build/robot_hardware -- -j24 -l24
[0.387s] DEBUG:colcon.colcon_core.event_handler.log_command:Invoking command in '/home/future/Documents/pengyh/RobotAD_ws/build/keyboard_control': CMAKE_PREFIX_PATH=${CMAKE_PREFIX_PATH}:/home/future/Documents/Robot/nav_ws/install/show_urdf:/home/future/Documents/Robot/nav_ws/install/serial_bridge:/home/future/Documents/Robot/nav_ws/install/ros_tcp_endpoint:/home/future/Documents/Robot/nav_ws/install/remove_obstacle:/home/future/Documents/Robot/nav_ws/install/keyboard_control:/opt/ros/humble /usr/bin/cmake --build /home/future/Documents/pengyh/RobotAD_ws/build/keyboard_control -- -j24 -l24
[0.446s] DEBUG:colcon.colcon_core.event_handler.log_command:Invoked command in '/home/future/Documents/pengyh/RobotAD_ws/build/keyboard_control' returned '0': CMAKE_PREFIX_PATH=${CMAKE_PREFIX_PATH}:/home/future/Documents/Robot/nav_ws/install/show_urdf:/home/future/Documents/Robot/nav_ws/install/serial_bridge:/home/future/Documents/Robot/nav_ws/install/ros_tcp_endpoint:/home/future/Documents/Robot/nav_ws/install/remove_obstacle:/home/future/Documents/Robot/nav_ws/install/keyboard_control:/opt/ros/humble /usr/bin/cmake --build /home/future/Documents/pengyh/RobotAD_ws/build/keyboard_control -- -j24 -l24
[0.535s] DEBUG:colcon.colcon_core.event_handler.log_command:Invoking command in '/home/future/Documents/pengyh/RobotAD_ws/build/keyboard_control': CMAKE_PREFIX_PATH=${CMAKE_PREFIX_PATH}:/home/future/Documents/Robot/nav_ws/install/show_urdf:/home/future/Documents/Robot/nav_ws/install/serial_bridge:/home/future/Documents/Robot/nav_ws/install/ros_tcp_endpoint:/home/future/Documents/Robot/nav_ws/install/remove_obstacle:/home/future/Documents/Robot/nav_ws/install/keyboard_control:/opt/ros/humble /usr/bin/cmake --install /home/future/Documents/pengyh/RobotAD_ws/build/keyboard_control
[0.555s] Level 1:colcon.colcon_core.environment:create_environment_scripts_only(keyboard_control)
[0.557s] DEBUG:colcon.colcon_core.event_handler.log_command:Invoked command in '/home/future/Documents/pengyh/RobotAD_ws/build/keyboard_control' returned '0': CMAKE_PREFIX_PATH=${CMAKE_PREFIX_PATH}:/home/future/Documents/Robot/nav_ws/install/show_urdf:/home/future/Documents/Robot/nav_ws/install/serial_bridge:/home/future/Documents/Robot/nav_ws/install/ros_tcp_endpoint:/home/future/Documents/Robot/nav_ws/install/remove_obstacle:/home/future/Documents/Robot/nav_ws/install/keyboard_control:/opt/ros/humble /usr/bin/cmake --install /home/future/Documents/pengyh/RobotAD_ws/build/keyboard_control
[0.563s] Level 1:colcon.colcon_core.environment:checking '/home/future/Documents/pengyh/RobotAD_ws/install/keyboard_control' for CMake module files
[0.564s] Level 1:colcon.colcon_core.environment:checking '/home/future/Documents/pengyh/RobotAD_ws/install/keyboard_control' for CMake config files
[0.565s] Level 1:colcon.colcon_core.shell:create_environment_hook('keyboard_control', 'cmake_prefix_path')
[0.565s] INFO:colcon.colcon_core.shell:Creating environment hook '/home/future/Documents/pengyh/RobotAD_ws/install/keyboard_control/share/keyboard_control/hook/cmake_prefix_path.ps1'
[0.567s] INFO:colcon.colcon_core.shell:Creating environment descriptor '/home/future/Documents/pengyh/RobotAD_ws/install/keyboard_control/share/keyboard_control/hook/cmake_prefix_path.dsv'
[0.568s] INFO:colcon.colcon_core.shell:Creating environment hook '/home/future/Documents/pengyh/RobotAD_ws/install/keyboard_control/share/keyboard_control/hook/cmake_prefix_path.sh'
[0.571s] Level 1:colcon.colcon_core.environment:checking '/home/future/Documents/pengyh/RobotAD_ws/install/keyboard_control/bin'
[0.571s] Level 1:colcon.colcon_core.environment:checking '/home/future/Documents/pengyh/RobotAD_ws/install/keyboard_control/lib/pkgconfig/keyboard_control.pc'
[0.572s] Level 1:colcon.colcon_core.environment:checking '/home/future/Documents/pengyh/RobotAD_ws/install/keyboard_control/lib/python3.10/site-packages'
[0.573s] Level 1:colcon.colcon_core.environment:checking '/home/future/Documents/pengyh/RobotAD_ws/install/keyboard_control/bin'
[0.574s] INFO:colcon.colcon_core.shell:Creating package script '/home/future/Documents/pengyh/RobotAD_ws/install/keyboard_control/share/keyboard_control/package.ps1'
[0.577s] INFO:colcon.colcon_core.shell:Creating package descriptor '/home/future/Documents/pengyh/RobotAD_ws/install/keyboard_control/share/keyboard_control/package.dsv'
[0.579s] INFO:colcon.colcon_core.shell:Creating package script '/home/future/Documents/pengyh/RobotAD_ws/install/keyboard_control/share/keyboard_control/package.sh'
[0.582s] INFO:colcon.colcon_core.shell:Creating package script '/home/future/Documents/pengyh/RobotAD_ws/install/keyboard_control/share/keyboard_control/package.bash'
[0.584s] INFO:colcon.colcon_core.shell:Creating package script '/home/future/Documents/pengyh/RobotAD_ws/install/keyboard_control/share/keyboard_control/package.zsh'
[0.586s] Level 1:colcon.colcon_core.environment:create_file_with_runtime_dependencies(/home/future/Documents/pengyh/RobotAD_ws/install/keyboard_control/share/colcon-core/packages/keyboard_control)
[0.632s] Level 1:colcon.colcon_core.environment:create_environment_scripts_only(keyboard_control)
[0.633s] Level 1:colcon.colcon_core.environment:checking '/home/future/Documents/pengyh/RobotAD_ws/install/keyboard_control' for CMake module files
[0.633s] Level 1:colcon.colcon_core.environment:checking '/home/future/Documents/pengyh/RobotAD_ws/install/keyboard_control' for CMake config files
[0.633s] Level 1:colcon.colcon_core.shell:create_environment_hook('keyboard_control', 'cmake_prefix_path')
[0.633s] INFO:colcon.colcon_core.shell:Creating environment hook '/home/future/Documents/pengyh/RobotAD_ws/install/keyboard_control/share/keyboard_control/hook/cmake_prefix_path.ps1'
[0.634s] INFO:colcon.colcon_core.shell:Creating environment descriptor '/home/future/Documents/pengyh/RobotAD_ws/install/keyboard_control/share/keyboard_control/hook/cmake_prefix_path.dsv'
[0.634s] INFO:colcon.colcon_core.shell:Creating environment hook '/home/future/Documents/pengyh/RobotAD_ws/install/keyboard_control/share/keyboard_control/hook/cmake_prefix_path.sh'
[0.635s] Level 1:colcon.colcon_core.environment:checking '/home/future/Documents/pengyh/RobotAD_ws/install/keyboard_control/bin'
[0.635s] Level 1:colcon.colcon_core.environment:checking '/home/future/Documents/pengyh/RobotAD_ws/install/keyboard_control/lib/pkgconfig/keyboard_control.pc'
[0.636s] Level 1:colcon.colcon_core.environment:checking '/home/future/Documents/pengyh/RobotAD_ws/install/keyboard_control/lib/python3.10/site-packages'
[0.636s] Level 1:colcon.colcon_core.environment:checking '/home/future/Documents/pengyh/RobotAD_ws/install/keyboard_control/bin'
[0.636s] INFO:colcon.colcon_core.shell:Creating package script '/home/future/Documents/pengyh/RobotAD_ws/install/keyboard_control/share/keyboard_control/package.ps1'
[0.637s] INFO:colcon.colcon_core.shell:Creating package descriptor '/home/future/Documents/pengyh/RobotAD_ws/install/keyboard_control/share/keyboard_control/package.dsv'
[0.637s] INFO:colcon.colcon_core.shell:Creating package script '/home/future/Documents/pengyh/RobotAD_ws/install/keyboard_control/share/keyboard_control/package.sh'
[0.638s] INFO:colcon.colcon_core.shell:Creating package script '/home/future/Documents/pengyh/RobotAD_ws/install/keyboard_control/share/keyboard_control/package.bash'
[0.638s] INFO:colcon.colcon_core.shell:Creating package script '/home/future/Documents/pengyh/RobotAD_ws/install/keyboard_control/share/keyboard_control/package.zsh'
[0.639s] Level 1:colcon.colcon_core.environment:create_file_with_runtime_dependencies(/home/future/Documents/pengyh/RobotAD_ws/install/keyboard_control/share/colcon-core/packages/keyboard_control)
[0.908s] DEBUG:colcon.colcon_core.event_handler.log_command:Invoked command in '/home/future/Documents/pengyh/RobotAD_ws/build/robot_hardware' returned '0': CMAKE_PREFIX_PATH=${CMAKE_PREFIX_PATH}:/home/future/Documents/Robot/nav_ws/install/show_urdf:/home/future/Documents/Robot/nav_ws/install/serial_bridge:/home/future/Documents/Robot/nav_ws/install/ros_tcp_endpoint:/home/future/Documents/Robot/nav_ws/install/remove_obstacle:/home/future/Documents/Robot/nav_ws/install/keyboard_control:/opt/ros/humble /usr/bin/cmake --build /home/future/Documents/pengyh/RobotAD_ws/build/robot_hardware -- -j24 -l24
[1.064s] DEBUG:colcon.colcon_core.event_handler.log_command:Invoking command in '/home/future/Documents/pengyh/RobotAD_ws/build/robot_hardware': CMAKE_PREFIX_PATH=${CMAKE_PREFIX_PATH}:/home/future/Documents/Robot/nav_ws/install/show_urdf:/home/future/Documents/Robot/nav_ws/install/serial_bridge:/home/future/Documents/Robot/nav_ws/install/ros_tcp_endpoint:/home/future/Documents/Robot/nav_ws/install/remove_obstacle:/home/future/Documents/Robot/nav_ws/install/keyboard_control:/opt/ros/humble /usr/bin/cmake --install /home/future/Documents/pengyh/RobotAD_ws/build/robot_hardware
[1.165s] Level 1:colcon.colcon_core.environment:create_environment_scripts_only(robot_hardware)
[1.165s] Level 1:colcon.colcon_core.environment:checking '/home/future/Documents/pengyh/RobotAD_ws/install/robot_hardware' for CMake module files
[1.166s] DEBUG:colcon.colcon_core.event_handler.log_command:Invoked command in '/home/future/Documents/pengyh/RobotAD_ws/build/robot_hardware' returned '0': CMAKE_PREFIX_PATH=${CMAKE_PREFIX_PATH}:/home/future/Documents/Robot/nav_ws/install/show_urdf:/home/future/Documents/Robot/nav_ws/install/serial_bridge:/home/future/Documents/Robot/nav_ws/install/ros_tcp_endpoint:/home/future/Documents/Robot/nav_ws/install/remove_obstacle:/home/future/Documents/Robot/nav_ws/install/keyboard_control:/opt/ros/humble /usr/bin/cmake --install /home/future/Documents/pengyh/RobotAD_ws/build/robot_hardware
[1.166s] Level 1:colcon.colcon_core.environment:checking '/home/future/Documents/pengyh/RobotAD_ws/install/robot_hardware' for CMake config files
[1.167s] Level 1:colcon.colcon_core.shell:create_environment_hook('robot_hardware', 'cmake_prefix_path')
[1.167s] INFO:colcon.colcon_core.shell:Creating environment hook '/home/future/Documents/pengyh/RobotAD_ws/install/robot_hardware/share/robot_hardware/hook/cmake_prefix_path.ps1'
[1.168s] INFO:colcon.colcon_core.shell:Creating environment descriptor '/home/future/Documents/pengyh/RobotAD_ws/install/robot_hardware/share/robot_hardware/hook/cmake_prefix_path.dsv'
[1.168s] INFO:colcon.colcon_core.shell:Creating environment hook '/home/future/Documents/pengyh/RobotAD_ws/install/robot_hardware/share/robot_hardware/hook/cmake_prefix_path.sh'
[1.169s] Level 1:colcon.colcon_core.environment:checking '/home/future/Documents/pengyh/RobotAD_ws/install/robot_hardware/lib'
[1.169s] Level 1:colcon.colcon_core.shell:create_environment_hook('robot_hardware', 'ld_library_path_lib')
[1.169s] INFO:colcon.colcon_core.shell:Creating environment hook '/home/future/Documents/pengyh/RobotAD_ws/install/robot_hardware/share/robot_hardware/hook/ld_library_path_lib.ps1'
[1.170s] INFO:colcon.colcon_core.shell:Creating environment descriptor '/home/future/Documents/pengyh/RobotAD_ws/install/robot_hardware/share/robot_hardware/hook/ld_library_path_lib.dsv'
[1.170s] INFO:colcon.colcon_core.shell:Creating environment hook '/home/future/Documents/pengyh/RobotAD_ws/install/robot_hardware/share/robot_hardware/hook/ld_library_path_lib.sh'
[1.170s] Level 1:colcon.colcon_core.environment:checking '/home/future/Documents/pengyh/RobotAD_ws/install/robot_hardware/bin'
[1.171s] Level 1:colcon.colcon_core.environment:checking '/home/future/Documents/pengyh/RobotAD_ws/install/robot_hardware/lib/pkgconfig/robot_hardware.pc'
[1.171s] Level 1:colcon.colcon_core.environment:checking '/home/future/Documents/pengyh/RobotAD_ws/install/robot_hardware/lib/python3.10/site-packages'
[1.171s] Level 1:colcon.colcon_core.environment:checking '/home/future/Documents/pengyh/RobotAD_ws/install/robot_hardware/bin'
[1.172s] INFO:colcon.colcon_core.shell:Creating package script '/home/future/Documents/pengyh/RobotAD_ws/install/robot_hardware/share/robot_hardware/package.ps1'
[1.172s] INFO:colcon.colcon_core.shell:Creating package descriptor '/home/future/Documents/pengyh/RobotAD_ws/install/robot_hardware/share/robot_hardware/package.dsv'
[1.173s] INFO:colcon.colcon_core.shell:Creating package script '/home/future/Documents/pengyh/RobotAD_ws/install/robot_hardware/share/robot_hardware/package.sh'
[1.173s] INFO:colcon.colcon_core.shell:Creating package script '/home/future/Documents/pengyh/RobotAD_ws/install/robot_hardware/share/robot_hardware/package.bash'
[1.174s] INFO:colcon.colcon_core.shell:Creating package script '/home/future/Documents/pengyh/RobotAD_ws/install/robot_hardware/share/robot_hardware/package.zsh'
[1.175s] Level 1:colcon.colcon_core.environment:create_file_with_runtime_dependencies(/home/future/Documents/pengyh/RobotAD_ws/install/robot_hardware/share/colcon-core/packages/robot_hardware)
[1.352s] Level 1:colcon.colcon_core.environment:create_environment_scripts_only(robot_hardware)
[1.352s] Level 1:colcon.colcon_core.environment:checking '/home/future/Documents/pengyh/RobotAD_ws/install/robot_hardware' for CMake module files
[1.353s] Level 1:colcon.colcon_core.environment:checking '/home/future/Documents/pengyh/RobotAD_ws/install/robot_hardware' for CMake config files
[1.354s] Level 1:colcon.colcon_core.shell:create_environment_hook('robot_hardware', 'cmake_prefix_path')
[1.354s] INFO:colcon.colcon_core.shell:Creating environment hook '/home/future/Documents/pengyh/RobotAD_ws/install/robot_hardware/share/robot_hardware/hook/cmake_prefix_path.ps1'
[1.355s] INFO:colcon.colcon_core.shell:Creating environment descriptor '/home/future/Documents/pengyh/RobotAD_ws/install/robot_hardware/share/robot_hardware/hook/cmake_prefix_path.dsv'
[1.356s] INFO:colcon.colcon_core.shell:Creating environment hook '/home/future/Documents/pengyh/RobotAD_ws/install/robot_hardware/share/robot_hardware/hook/cmake_prefix_path.sh'
[1.357s] Level 1:colcon.colcon_core.environment:checking '/home/future/Documents/pengyh/RobotAD_ws/install/robot_hardware/lib'
[1.357s] Level 1:colcon.colcon_core.shell:create_environment_hook('robot_hardware', 'ld_library_path_lib')
[1.357s] INFO:colcon.colcon_core.shell:Creating environment hook '/home/future/Documents/pengyh/RobotAD_ws/install/robot_hardware/share/robot_hardware/hook/ld_library_path_lib.ps1'
[1.358s] INFO:colcon.colcon_core.shell:Creating environment descriptor '/home/future/Documents/pengyh/RobotAD_ws/install/robot_hardware/share/robot_hardware/hook/ld_library_path_lib.dsv'
[1.358s] INFO:colcon.colcon_core.shell:Creating environment hook '/home/future/Documents/pengyh/RobotAD_ws/install/robot_hardware/share/robot_hardware/hook/ld_library_path_lib.sh'
[1.359s] Level 1:colcon.colcon_core.environment:checking '/home/future/Documents/pengyh/RobotAD_ws/install/robot_hardware/bin'
[1.359s] Level 1:colcon.colcon_core.environment:checking '/home/future/Documents/pengyh/RobotAD_ws/install/robot_hardware/lib/pkgconfig/robot_hardware.pc'
[1.360s] Level 1:colcon.colcon_core.environment:checking '/home/future/Documents/pengyh/RobotAD_ws/install/robot_hardware/lib/python3.10/site-packages'
[1.360s] Level 1:colcon.colcon_core.environment:checking '/home/future/Documents/pengyh/RobotAD_ws/install/robot_hardware/bin'
[1.360s] INFO:colcon.colcon_core.shell:Creating package script '/home/future/Documents/pengyh/RobotAD_ws/install/robot_hardware/share/robot_hardware/package.ps1'
[1.361s] INFO:colcon.colcon_core.shell:Creating package descriptor '/home/future/Documents/pengyh/RobotAD_ws/install/robot_hardware/share/robot_hardware/package.dsv'
[1.362s] INFO:colcon.colcon_core.shell:Creating package script '/home/future/Documents/pengyh/RobotAD_ws/install/robot_hardware/share/robot_hardware/package.sh'
[1.363s] INFO:colcon.colcon_core.shell:Creating package script '/home/future/Documents/pengyh/RobotAD_ws/install/robot_hardware/share/robot_hardware/package.bash'
[1.364s] INFO:colcon.colcon_core.shell:Creating package script '/home/future/Documents/pengyh/RobotAD_ws/install/robot_hardware/share/robot_hardware/package.zsh'
[1.364s] Level 1:colcon.colcon_core.environment:create_file_with_runtime_dependencies(/home/future/Documents/pengyh/RobotAD_ws/install/robot_hardware/share/colcon-core/packages/robot_hardware)
[1.365s] INFO:colcon.colcon_ros.task.ament_cmake.build:Building ROS package in '/home/future/Documents/pengyh/RobotAD_ws/src/serial_comm' with build type 'ament_cmake'
[1.365s] INFO:colcon.colcon_cmake.task.cmake.build:Building CMake package in '/home/future/Documents/pengyh/RobotAD_ws/src/serial_comm'
[1.366s] INFO:colcon.colcon_core.shell:Skip shell extension 'powershell' for command environment: Not usable outside of PowerShell
[1.366s] DEBUG:colcon.colcon_core.shell:Skip shell extension 'dsv' for command environment
[1.404s] DEBUG:colcon.colcon_core.event_handler.log_command:Invoking command in '/home/future/Documents/pengyh/RobotAD_ws/build/serial_comm': CMAKE_PREFIX_PATH=/home/future/Documents/pengyh/RobotAD_ws/install/robot_hardware:/home/future/Documents/pengyh/RobotAD_ws/install/serial_comm:/home/future/Documents/pengyh/RobotAD_ws/install/keyboard_control:/home/future/Documents/Robot/nav_ws/install/rslidar_sdk:/home/future/Documents/Robot/nav_ws/install/rslidar_msg:/home/future/Documents/Robot/nav_ws/install/robot_locate:/home/future/Documents/Robot/nav_ws/install/pointcloud_to_laserscan:/home/future/Documents/Robot/nav_ws/install/nav2_social_costmap_plugin:/home/future/Documents/Robot/nav_ws/install/miiboo_imu:/home/future/Documents/Robot/nav_ws/install/diff_control:/home/future/Documents/VIW-FUSION/install/vins:/home/future/Documents/VIW-FUSION/install/loop_fusion:/home/future/Documents/VIW-FUSION/install/global_fusion:/home/future/Documents/VIW-FUSION/install/camera_models:/home/future/Documents/people_tracker/install/people_msgs:/home/future/Documents/people_tracker/install/leg_tracker_ros2:/home/future/Documents/Navigation/interface_ws/install/nav_interfaces:/home/future/Documents/Robot/nav_ws/install/show_urdf:/home/future/Documents/Robot/nav_ws/install/serial_bridge:/home/future/Documents/Robot/nav_ws/install/ros_tcp_endpoint:/home/future/Documents/Robot/nav_ws/install/remove_obstacle:/home/future/Documents/Robot/nav_ws/install/keyboard_control:/opt/ros/humble /usr/bin/cmake --build /home/future/Documents/pengyh/RobotAD_ws/build/serial_comm -- -j24 -l24
[1.524s] DEBUG:colcon.colcon_core.event_handler.log_command:Invoked command in '/home/future/Documents/pengyh/RobotAD_ws/build/serial_comm' returned '0': CMAKE_PREFIX_PATH=/home/future/Documents/pengyh/RobotAD_ws/install/robot_hardware:/home/future/Documents/pengyh/RobotAD_ws/install/serial_comm:/home/future/Documents/pengyh/RobotAD_ws/install/keyboard_control:/home/future/Documents/Robot/nav_ws/install/rslidar_sdk:/home/future/Documents/Robot/nav_ws/install/rslidar_msg:/home/future/Documents/Robot/nav_ws/install/robot_locate:/home/future/Documents/Robot/nav_ws/install/pointcloud_to_laserscan:/home/future/Documents/Robot/nav_ws/install/nav2_social_costmap_plugin:/home/future/Documents/Robot/nav_ws/install/miiboo_imu:/home/future/Documents/Robot/nav_ws/install/diff_control:/home/future/Documents/VIW-FUSION/install/vins:/home/future/Documents/VIW-FUSION/install/loop_fusion:/home/future/Documents/VIW-FUSION/install/global_fusion:/home/future/Documents/VIW-FUSION/install/camera_models:/home/future/Documents/people_tracker/install/people_msgs:/home/future/Documents/people_tracker/install/leg_tracker_ros2:/home/future/Documents/Navigation/interface_ws/install/nav_interfaces:/home/future/Documents/Robot/nav_ws/install/show_urdf:/home/future/Documents/Robot/nav_ws/install/serial_bridge:/home/future/Documents/Robot/nav_ws/install/ros_tcp_endpoint:/home/future/Documents/Robot/nav_ws/install/remove_obstacle:/home/future/Documents/Robot/nav_ws/install/keyboard_control:/opt/ros/humble /usr/bin/cmake --build /home/future/Documents/pengyh/RobotAD_ws/build/serial_comm -- -j24 -l24
[1.598s] DEBUG:colcon.colcon_core.event_handler.log_command:Invoking command in '/home/future/Documents/pengyh/RobotAD_ws/build/serial_comm': CMAKE_PREFIX_PATH=/home/future/Documents/pengyh/RobotAD_ws/install/robot_hardware:/home/future/Documents/pengyh/RobotAD_ws/install/serial_comm:/home/future/Documents/pengyh/RobotAD_ws/install/keyboard_control:/home/future/Documents/Robot/nav_ws/install/rslidar_sdk:/home/future/Documents/Robot/nav_ws/install/rslidar_msg:/home/future/Documents/Robot/nav_ws/install/robot_locate:/home/future/Documents/Robot/nav_ws/install/pointcloud_to_laserscan:/home/future/Documents/Robot/nav_ws/install/nav2_social_costmap_plugin:/home/future/Documents/Robot/nav_ws/install/miiboo_imu:/home/future/Documents/Robot/nav_ws/install/diff_control:/home/future/Documents/VIW-FUSION/install/vins:/home/future/Documents/VIW-FUSION/install/loop_fusion:/home/future/Documents/VIW-FUSION/install/global_fusion:/home/future/Documents/VIW-FUSION/install/camera_models:/home/future/Documents/people_tracker/install/people_msgs:/home/future/Documents/people_tracker/install/leg_tracker_ros2:/home/future/Documents/Navigation/interface_ws/install/nav_interfaces:/home/future/Documents/Robot/nav_ws/install/show_urdf:/home/future/Documents/Robot/nav_ws/install/serial_bridge:/home/future/Documents/Robot/nav_ws/install/ros_tcp_endpoint:/home/future/Documents/Robot/nav_ws/install/remove_obstacle:/home/future/Documents/Robot/nav_ws/install/keyboard_control:/opt/ros/humble /usr/bin/cmake --install /home/future/Documents/pengyh/RobotAD_ws/build/serial_comm
[1.621s] Level 1:colcon.colcon_core.environment:create_environment_scripts_only(serial_comm)
[1.621s] Level 1:colcon.colcon_core.environment:checking '/home/future/Documents/pengyh/RobotAD_ws/install/serial_comm' for CMake module files
[1.623s] DEBUG:colcon.colcon_core.event_handler.log_command:Invoked command in '/home/future/Documents/pengyh/RobotAD_ws/build/serial_comm' returned '0': CMAKE_PREFIX_PATH=/home/future/Documents/pengyh/RobotAD_ws/install/robot_hardware:/home/future/Documents/pengyh/RobotAD_ws/install/serial_comm:/home/future/Documents/pengyh/RobotAD_ws/install/keyboard_control:/home/future/Documents/Robot/nav_ws/install/rslidar_sdk:/home/future/Documents/Robot/nav_ws/install/rslidar_msg:/home/future/Documents/Robot/nav_ws/install/robot_locate:/home/future/Documents/Robot/nav_ws/install/pointcloud_to_laserscan:/home/future/Documents/Robot/nav_ws/install/nav2_social_costmap_plugin:/home/future/Documents/Robot/nav_ws/install/miiboo_imu:/home/future/Documents/Robot/nav_ws/install/diff_control:/home/future/Documents/VIW-FUSION/install/vins:/home/future/Documents/VIW-FUSION/install/loop_fusion:/home/future/Documents/VIW-FUSION/install/global_fusion:/home/future/Documents/VIW-FUSION/install/camera_models:/home/future/Documents/people_tracker/install/people_msgs:/home/future/Documents/people_tracker/install/leg_tracker_ros2:/home/future/Documents/Navigation/interface_ws/install/nav_interfaces:/home/future/Documents/Robot/nav_ws/install/show_urdf:/home/future/Documents/Robot/nav_ws/install/serial_bridge:/home/future/Documents/Robot/nav_ws/install/ros_tcp_endpoint:/home/future/Documents/Robot/nav_ws/install/remove_obstacle:/home/future/Documents/Robot/nav_ws/install/keyboard_control:/opt/ros/humble /usr/bin/cmake --install /home/future/Documents/pengyh/RobotAD_ws/build/serial_comm
[1.623s] Level 1:colcon.colcon_core.environment:checking '/home/future/Documents/pengyh/RobotAD_ws/install/serial_comm' for CMake config files
[1.624s] Level 1:colcon.colcon_core.shell:create_environment_hook('serial_comm', 'cmake_prefix_path')
[1.624s] INFO:colcon.colcon_core.shell:Creating environment hook '/home/future/Documents/pengyh/RobotAD_ws/install/serial_comm/share/serial_comm/hook/cmake_prefix_path.ps1'
[1.626s] INFO:colcon.colcon_core.shell:Creating environment descriptor '/home/future/Documents/pengyh/RobotAD_ws/install/serial_comm/share/serial_comm/hook/cmake_prefix_path.dsv'
[1.627s] INFO:colcon.colcon_core.shell:Creating environment hook '/home/future/Documents/pengyh/RobotAD_ws/install/serial_comm/share/serial_comm/hook/cmake_prefix_path.sh'
[1.629s] Level 1:colcon.colcon_core.environment:checking '/home/future/Documents/pengyh/RobotAD_ws/install/serial_comm/lib'
[1.629s] Level 1:colcon.colcon_core.environment:checking '/home/future/Documents/pengyh/RobotAD_ws/install/serial_comm/bin'
[1.629s] Level 1:colcon.colcon_core.environment:checking '/home/future/Documents/pengyh/RobotAD_ws/install/serial_comm/lib/pkgconfig/serial_comm.pc'
[1.630s] Level 1:colcon.colcon_core.environment:checking '/home/future/Documents/pengyh/RobotAD_ws/install/serial_comm/lib/python3.10/site-packages'
[1.630s] Level 1:colcon.colcon_core.environment:checking '/home/future/Documents/pengyh/RobotAD_ws/install/serial_comm/bin'
[1.631s] INFO:colcon.colcon_core.shell:Creating package script '/home/future/Documents/pengyh/RobotAD_ws/install/serial_comm/share/serial_comm/package.ps1'
[1.632s] INFO:colcon.colcon_core.shell:Creating package descriptor '/home/future/Documents/pengyh/RobotAD_ws/install/serial_comm/share/serial_comm/package.dsv'
[1.633s] INFO:colcon.colcon_core.shell:Creating package script '/home/future/Documents/pengyh/RobotAD_ws/install/serial_comm/share/serial_comm/package.sh'
[1.634s] INFO:colcon.colcon_core.shell:Creating package script '/home/future/Documents/pengyh/RobotAD_ws/install/serial_comm/share/serial_comm/package.bash'
[1.635s] INFO:colcon.colcon_core.shell:Creating package script '/home/future/Documents/pengyh/RobotAD_ws/install/serial_comm/share/serial_comm/package.zsh'
[1.635s] Level 1:colcon.colcon_core.environment:create_file_with_runtime_dependencies(/home/future/Documents/pengyh/RobotAD_ws/install/serial_comm/share/colcon-core/packages/serial_comm)
[1.693s] Level 1:colcon.colcon_core.environment:create_environment_scripts_only(serial_comm)
[1.693s] Level 1:colcon.colcon_core.environment:checking '/home/future/Documents/pengyh/RobotAD_ws/install/serial_comm' for CMake module files
[1.693s] Level 1:colcon.colcon_core.environment:checking '/home/future/Documents/pengyh/RobotAD_ws/install/serial_comm' for CMake config files
[1.693s] Level 1:colcon.colcon_core.shell:create_environment_hook('serial_comm', 'cmake_prefix_path')
[1.694s] INFO:colcon.colcon_core.shell:Creating environment hook '/home/future/Documents/pengyh/RobotAD_ws/install/serial_comm/share/serial_comm/hook/cmake_prefix_path.ps1'
[1.694s] INFO:colcon.colcon_core.shell:Creating environment descriptor '/home/future/Documents/pengyh/RobotAD_ws/install/serial_comm/share/serial_comm/hook/cmake_prefix_path.dsv'
[1.694s] INFO:colcon.colcon_core.shell:Creating environment hook '/home/future/Documents/pengyh/RobotAD_ws/install/serial_comm/share/serial_comm/hook/cmake_prefix_path.sh'
[1.695s] Level 1:colcon.colcon_core.environment:checking '/home/future/Documents/pengyh/RobotAD_ws/install/serial_comm/lib'
[1.695s] Level 1:colcon.colcon_core.environment:checking '/home/future/Documents/pengyh/RobotAD_ws/install/serial_comm/bin'
[1.695s] Level 1:colcon.colcon_core.environment:checking '/home/future/Documents/pengyh/RobotAD_ws/install/serial_comm/lib/pkgconfig/serial_comm.pc'
[1.695s] Level 1:colcon.colcon_core.environment:checking '/home/future/Documents/pengyh/RobotAD_ws/install/serial_comm/lib/python3.10/site-packages'
[1.696s] Level 1:colcon.colcon_core.environment:checking '/home/future/Documents/pengyh/RobotAD_ws/install/serial_comm/bin'
[1.696s] INFO:colcon.colcon_core.shell:Creating package script '/home/future/Documents/pengyh/RobotAD_ws/install/serial_comm/share/serial_comm/package.ps1'
[1.696s] INFO:colcon.colcon_core.shell:Creating package descriptor '/home/future/Documents/pengyh/RobotAD_ws/install/serial_comm/share/serial_comm/package.dsv'
[1.697s] INFO:colcon.colcon_core.shell:Creating package script '/home/future/Documents/pengyh/RobotAD_ws/install/serial_comm/share/serial_comm/package.sh'
[1.697s] INFO:colcon.colcon_core.shell:Creating package script '/home/future/Documents/pengyh/RobotAD_ws/install/serial_comm/share/serial_comm/package.bash'
[1.697s] INFO:colcon.colcon_core.shell:Creating package script '/home/future/Documents/pengyh/RobotAD_ws/install/serial_comm/share/serial_comm/package.zsh'
[1.698s] Level 1:colcon.colcon_core.environment:create_file_with_runtime_dependencies(/home/future/Documents/pengyh/RobotAD_ws/install/serial_comm/share/colcon-core/packages/serial_comm)
[1.698s] DEBUG:colcon.colcon_parallel_executor.executor.parallel:closing loop
[1.698s] DEBUG:colcon.colcon_parallel_executor.executor.parallel:loop closed
[1.698s] DEBUG:colcon.colcon_parallel_executor.executor.parallel:run_until_complete finished with '0'
[1.698s] DEBUG:colcon.colcon_core.event_reactor:joining thread
[1.703s] INFO:colcon.colcon_core.plugin_system:Skipping extension 'colcon_notification.desktop_notification.terminal_notifier': Not used on non-Darwin systems
[1.703s] INFO:colcon.colcon_core.plugin_system:Skipping extension 'colcon_notification.desktop_notification.win32': Not used on non-Windows systems
[1.703s] INFO:colcon.colcon_notification.desktop_notification:Sending desktop notification using 'notify2'
[1.718s] DEBUG:colcon.colcon_core.event_reactor:joined thread
[1.719s] INFO:colcon.colcon_core.shell:Creating prefix script '/home/future/Documents/pengyh/RobotAD_ws/install/local_setup.ps1'
[1.721s] INFO:colcon.colcon_core.shell:Creating prefix util module '/home/future/Documents/pengyh/RobotAD_ws/install/_local_setup_util_ps1.py'
[1.725s] INFO:colcon.colcon_core.shell:Creating prefix chain script '/home/future/Documents/pengyh/RobotAD_ws/install/setup.ps1'
[1.730s] INFO:colcon.colcon_core.shell:Creating prefix script '/home/future/Documents/pengyh/RobotAD_ws/install/local_setup.sh'
[1.731s] INFO:colcon.colcon_core.shell:Creating prefix util module '/home/future/Documents/pengyh/RobotAD_ws/install/_local_setup_util_sh.py'
[1.733s] INFO:colcon.colcon_core.shell:Creating prefix chain script '/home/future/Documents/pengyh/RobotAD_ws/install/setup.sh'
[1.737s] INFO:colcon.colcon_core.shell:Creating prefix script '/home/future/Documents/pengyh/RobotAD_ws/install/local_setup.bash'
[1.739s] INFO:colcon.colcon_core.shell:Creating prefix chain script '/home/future/Documents/pengyh/RobotAD_ws/install/setup.bash'
[1.743s] INFO:colcon.colcon_core.shell:Creating prefix script '/home/future/Documents/pengyh/RobotAD_ws/install/local_setup.zsh'
[1.745s] INFO:colcon.colcon_core.shell:Creating prefix chain script '/home/future/Documents/pengyh/RobotAD_ws/install/setup.zsh'
