[0.011s] Invoking command in '/home/future/Documents/pengyh/RobotAD_ws/build/robot_hardware': CMAKE_PREFIX_PATH=${CMAKE_PREFIX_PATH}:/home/future/Documents/Robot/nav_ws/install/show_urdf:/home/future/Documents/Robot/nav_ws/install/serial_bridge:/home/future/Documents/Robot/nav_ws/install/ros_tcp_endpoint:/home/future/Documents/Robot/nav_ws/install/remove_obstacle:/home/future/Documents/Robot/nav_ws/install/keyboard_control:/opt/ros/humble CONDA_PROMPT_MODIFIER=(base) /usr/bin/cmake --build /home/future/Documents/pengyh/RobotAD_ws/build/robot_hardware -- -j24 -l24
[0.044s] -- Found ament_cmake: 1.3.10 (/opt/ros/humble/share/ament_cmake/cmake)
[0.356s] -- Override CMake install command with custom implementation using symlinks instead of copying resources
[0.368s] -- Found rclcpp: 16.0.10 (/opt/ros/humble/share/rclcpp/cmake)
[0.410s] -- Found rosidl_generator_c: 3.1.5 (/opt/ros/humble/share/rosidl_generator_c/cmake)
[0.412s] -- Found rosidl_adapter: 3.1.5 (/opt/ros/humble/share/rosidl_adapter/cmake)
[0.416s] -- Found rosidl_generator_cpp: 3.1.5 (/opt/ros/humble/share/rosidl_generator_cpp/cmake)
[0.422s] -- Using all available rosidl_typesupport_c: rosidl_typesupport_fastrtps_c;rosidl_typesupport_introspection_c
[0.430s] -- Using all available rosidl_typesupport_cpp: rosidl_typesupport_fastrtps_cpp;rosidl_typesupport_introspection_cpp
[0.482s] -- Found rmw_implementation_cmake: 6.1.2 (/opt/ros/humble/share/rmw_implementation_cmake/cmake)
[0.488s] -- Found rmw_fastrtps_cpp: 6.2.7 (/opt/ros/humble/share/rmw_fastrtps_cpp/cmake)
[0.685s] -- Using RMW implementation 'rmw_fastrtps_cpp' as default
[0.735s] -- Found sensor_msgs: 4.2.4 (/opt/ros/humble/share/sensor_msgs/cmake)
[0.787s] -- Found cv_bridge: 3.2.1 (/opt/ros/humble/share/cv_bridge/cmake)
[0.826s] -- Found rosidl_default_generators: 1.2.0 (/opt/ros/humble/share/rosidl_default_generators/cmake)
[0.845s] -- Found hardware_interface: 2.43.1 (/opt/ros/humble/share/hardware_interface/cmake)
[0.994s] -- Found controller_manager: 2.43.1 (/opt/ros/humble/share/controller_manager/cmake)
[1.043s] -- Found ros2_control: 2.43.1 (/opt/ros/humble/share/ros2_control/cmake)
[1.573s] -- Found ament_cmake_ros: 0.10.0 (/opt/ros/humble/share/ament_cmake_ros/cmake)
[2.241s] -- Using all available rosidl_typesupport_c: rosidl_typesupport_fastrtps_c;rosidl_typesupport_introspection_c
[2.622s] -- Using all available rosidl_typesupport_cpp: rosidl_typesupport_fastrtps_cpp;rosidl_typesupport_introspection_cpp
[2.670s] -- Found python_cmake_module: 0.10.0 (/opt/ros/humble/share/python_cmake_module/cmake)
[2.691s] -- Using PYTHON_EXECUTABLE: /usr/bin/python3
[2.691s] -- Using PYTHON_INCLUDE_DIRS: /usr/include/python3.10
[2.691s] -- Using PYTHON_LIBRARIES: /usr/lib/x86_64-linux-gnu/libpython3.10.so
[2.801s] -- Configuring done
[2.918s] -- Generating done
[2.921s] -- Build files have been written to: /home/future/Documents/pengyh/RobotAD_ws/build/robot_hardware
[2.978s] [35m[1mConsolidate compiler generated dependencies of target robot_hardware__rosidl_generator_c[0m
[2.980s] [35m[1mConsolidate compiler generated dependencies of target robot_hardware_interface[0m
[2.993s] [  2%] Built target robot_hardware__cpp
[2.994s] [ 11%] Built target robot_hardware__rosidl_generator_c
[3.001s] [ 14%] [32mBuilding CXX object CMakeFiles/robot_hardware_interface.dir/src/robot_hardware_interface.cpp.o[0m
[3.002s] [ 14%] Built target ament_cmake_python_symlink_robot_hardware
[3.004s] [35m[1mConsolidate compiler generated dependencies of target robot_hardware__rosidl_typesupport_introspection_cpp[0m
[3.004s] [35m[1mConsolidate compiler generated dependencies of target robot_hardware__rosidl_typesupport_fastrtps_c[0m
[3.004s] [35m[1mConsolidate compiler generated dependencies of target robot_hardware__rosidl_typesupport_cpp[0m
[3.005s] [35m[1mConsolidate compiler generated dependencies of target robot_hardware__rosidl_typesupport_fastrtps_cpp[0m
[3.005s] [35m[1mConsolidate compiler generated dependencies of target robot_hardware__rosidl_typesupport_c[0m
[3.008s] [35m[1mConsolidate compiler generated dependencies of target robot_hardware__rosidl_typesupport_introspection_c[0m
[3.014s] [ 22%] Built target robot_hardware__rosidl_typesupport_c
[3.016s] [ 31%] Built target robot_hardware__rosidl_typesupport_cpp
[3.018s] [ 40%] Built target robot_hardware__rosidl_typesupport_introspection_c
[3.019s] [ 48%] Built target robot_hardware__rosidl_typesupport_fastrtps_cpp
[3.019s] [ 62%] Built target robot_hardware__rosidl_typesupport_fastrtps_c
[3.019s] [ 65%] Built target robot_hardware__rosidl_typesupport_introspection_cpp
[3.037s] [ 65%] Built target robot_hardware
[3.056s] [ 68%] Built target robot_hardware__py
[3.064s] [35m[1mConsolidate compiler generated dependencies of target robot_hardware__rosidl_generator_py[0m
[3.073s] [ 74%] Built target robot_hardware__rosidl_generator_py
[3.081s] [35m[1mConsolidate compiler generated dependencies of target robot_hardware__rosidl_typesupport_c__pyext[0m
[3.081s] [35m[1mConsolidate compiler generated dependencies of target robot_hardware__rosidl_typesupport_introspection_c__pyext[0m
[3.081s] [35m[1mConsolidate compiler generated dependencies of target robot_hardware__rosidl_typesupport_fastrtps_c__pyext[0m
[3.090s] [ 80%] Built target robot_hardware__rosidl_typesupport_fastrtps_c__pyext
[3.091s] [ 85%] Built target robot_hardware__rosidl_typesupport_introspection_c__pyext
[3.091s] [ 91%] Built target robot_hardware__rosidl_typesupport_c__pyext
[3.198s] running egg_info
[3.199s] writing robot_hardware.egg-info/PKG-INFO
[3.199s] writing dependency_links to robot_hardware.egg-info/dependency_links.txt
[3.199s] writing top-level names to robot_hardware.egg-info/top_level.txt
[3.201s] reading manifest file 'robot_hardware.egg-info/SOURCES.txt'
[3.201s] writing manifest file 'robot_hardware.egg-info/SOURCES.txt'
[3.220s] [ 91%] Built target ament_cmake_python_build_robot_hardware_egg
[5.531s] [ 94%] [32m[1mLinking CXX shared library librobot_hardware_interface.so[0m
[5.699s] [ 94%] Built target robot_hardware_interface
[5.707s] [35m[1mConsolidate compiler generated dependencies of target hardware_manager[0m
[5.715s] [ 97%] [32mBuilding CXX object CMakeFiles/hardware_manager.dir/src/hardware_manager.cpp.o[0m
[5.733s] [100%] [32m[1mLinking CXX executable hardware_manager[0m
[6.829s] /usr/bin/ld: /usr/lib/gcc/x86_64-linux-gnu/12/../../../x86_64-linux-gnu/Scrt1.o: in function `_start':
[6.829s] (.text+0x1b): undefined reference to `main'
[6.832s] collect2: error: ld returned 1 exit status
[6.833s] gmake[2]: *** [CMakeFiles/hardware_manager.dir/build.make:345: hardware_manager] Error 1
[6.833s] gmake[1]: *** [CMakeFiles/Makefile2:622: CMakeFiles/hardware_manager.dir/all] Error 2
[6.833s] gmake: *** [Makefile:146: all] Error 2
[6.835s] Invoked command in '/home/future/Documents/pengyh/RobotAD_ws/build/robot_hardware' returned '2': CMAKE_PREFIX_PATH=${CMAKE_PREFIX_PATH}:/home/future/Documents/Robot/nav_ws/install/show_urdf:/home/future/Documents/Robot/nav_ws/install/serial_bridge:/home/future/Documents/Robot/nav_ws/install/ros_tcp_endpoint:/home/future/Documents/Robot/nav_ws/install/remove_obstacle:/home/future/Documents/Robot/nav_ws/install/keyboard_control:/opt/ros/humble CONDA_PROMPT_MODIFIER=(base) /usr/bin/cmake --build /home/future/Documents/pengyh/RobotAD_ws/build/robot_hardware -- -j24 -l24
