[0.022s] Invoking command in '/home/future/Documents/pengyh/RobotAD_ws/build/diff_control': CMAKE_PREFIX_PATH=${CMAKE_PREFIX_PATH}:/opt/ros/humble /usr/bin/cmake --build /home/future/Documents/pengyh/RobotAD_ws/build/diff_control -- -j24 -l24
[0.044s] -- Found ament_cmake: 1.3.10 (/opt/ros/humble/share/ament_cmake/cmake)
[0.153s] -- Found hardware_interface: 2.43.1 (/opt/ros/humble/share/hardware_interface/cmake)
[0.172s] -- Found rosidl_generator_c: 3.1.5 (/opt/ros/humble/share/rosidl_generator_c/cmake)
[0.173s] -- Found rosidl_adapter: 3.1.5 (/opt/ros/humble/share/rosidl_adapter/cmake)
[0.176s] -- Found rosidl_generator_cpp: 3.1.5 (/opt/ros/humble/share/rosidl_generator_cpp/cmake)
[0.182s] -- Using all available rosidl_typesupport_c: rosidl_typesupport_fastrtps_c;rosidl_typesupport_introspection_c
[0.189s] -- Using all available rosidl_typesupport_cpp: rosidl_typesupport_fastrtps_cpp;rosidl_typesupport_introspection_cpp
[0.286s] -- Found rmw_implementation_cmake: 6.1.2 (/opt/ros/humble/share/rmw_implementation_cmake/cmake)
[0.287s] -- Found rmw_fastrtps_cpp: 6.2.7 (/opt/ros/humble/share/rmw_fastrtps_cpp/cmake)
[0.297s] -- Found TinyXML2 via Config file: TinyXML2_DIR-NOTFOUND
[0.304s] -- Found TinyXML2 via Config file: TinyXML2_DIR-NOTFOUND
[0.319s] -- Found TinyXML2 via Config file: TinyXML2_DIR-NOTFOUND
[0.322s] -- Found TinyXML2 via Config file: TinyXML2_DIR-NOTFOUND
[0.329s] -- Using RMW implementation 'rmw_fastrtps_cpp' as default
[0.356s] -- Found rclcpp_components: 16.0.10 (/opt/ros/humble/share/rclcpp_components/cmake)
[0.365s] -- Found robot_hardware: 0.0.1 (/home/future/Documents/pengyh/RobotAD_ws/install/robot_hardware/share/robot_hardware/cmake)
[0.373s] -- Found tf2: 0.25.9 (/opt/ros/humble/share/tf2/cmake)
[0.375s] -- Found tf2_ros: 0.25.9 (/opt/ros/humble/share/tf2_ros/cmake)
[0.402s] -- Found ament_cmake_pytest: 1.3.10 (/opt/ros/humble/share/ament_cmake_pytest/cmake)
[0.809s] -- Configuring done
[0.822s] -- Generating done
[0.825s] -- Build files have been written to: /home/future/Documents/pengyh/RobotAD_ws/build/diff_control
[0.844s] [35m[1mConsolidate compiler generated dependencies of target diff_control[0m
[0.856s] [ 33%] [32mBuilding CXX object CMakeFiles/diff_control.dir/hardware/tf_broadcaster.cpp.o[0m
[0.862s] [01m[K/home/future/Documents/pengyh/RobotAD_ws/src/diff_control/hardware/tf_broadcaster.cpp:2:10:[m[K [01;31m[Kfatal error: [m[Ktf/transform_broadcaster.h: No such file or directory
[0.862s]     2 | #include [01;31m[K<tf/transform_broadcaster.h>[m[K
[0.862s]       |          [01;31m[K^~~~~~~~~~~~~~~~~~~~~~~~~~~~[m[K
[0.862s] compilation terminated.
[0.863s] gmake[2]: *** [CMakeFiles/diff_control.dir/build.make:90: CMakeFiles/diff_control.dir/hardware/tf_broadcaster.cpp.o] Error 1
[0.863s] gmake[1]: *** [CMakeFiles/Makefile2:137: CMakeFiles/diff_control.dir/all] Error 2
[0.863s] gmake: *** [Makefile:146: all] Error 2
[0.864s] Invoked command in '/home/future/Documents/pengyh/RobotAD_ws/build/diff_control' returned '2': CMAKE_PREFIX_PATH=${CMAKE_PREFIX_PATH}:/opt/ros/humble /usr/bin/cmake --build /home/future/Documents/pengyh/RobotAD_ws/build/diff_control -- -j24 -l24
