[0.012s] Invoking command in '/home/future/Documents/pengyh/RobotAD_ws/build/keyboard_control': CMAKE_PREFIX_PATH=/home/future/Documents/pengyh/RobotAD_ws/install/robot_hardware:/home/future/Documents/pengyh/RobotAD_ws/install/pointcloud_to_laserscan:/home/future/Documents/pengyh/RobotAD_ws/install/usb_camera:/home/future/Documents/pengyh/RobotAD_ws/install/serial_comm:/home/future/Documents/pengyh/RobotAD_ws/install/rslidar_sdk:/home/future/Documents/pengyh/RobotAD_ws/install/rslidar_msg:/home/future/Documents/pengyh/RobotAD_ws/install/robot_locate:/home/future/Documents/pengyh/RobotAD_ws/install/miiboo_imu:/home/future/Documents/pengyh/RobotAD_ws/install/keyboard_control:/home/future/Documents/pengyh/RobotAD_ws/install/diff_control:/home/future/Documents/VIW-FUSION/install/vins:/home/future/Documents/VIW-FUSION/install/loop_fusion:/home/future/Documents/VIW-FUSION/install/global_fusion:/home/future/Documents/VIW-FUSION/install/camera_models:/home/future/Documents/people_tracker/install/people_msgs:/home/future/Documents/people_tracker/install/leg_tracker_ros2:/home/future/Documents/Navigation/interface_ws/install/nav_interfaces:/opt/ros/humble LD_LIBRARY_PATH=/home/future/Documents/pengyh/RobotAD_ws/install/robot_hardware/lib:/home/future/Documents/pengyh/RobotAD_ws/install/pointcloud_to_laserscan/lib:/home/future/Documents/pengyh/RobotAD_ws/install/rslidar_msg/lib:/home/future/Documents/pengyh/RobotAD_ws/install/diff_control/lib:/home/future/Documents/VIW-FUSION/install/camera_models/lib:/home/future/Documents/people_tracker/install/people_msgs/lib:/home/future/Documents/people_tracker/install/leg_tracker_ros2/lib:/home/future/Documents/Navigation/interface_ws/install/nav_interfaces/lib:/usr/lib/x86_64-linux-gnu/gazebo-11/plugins:/opt/ros/humble/opt/rviz_ogre_vendor/lib:/opt/ros/humble/lib/x86_64-linux-gnu:/opt/ros/humble/lib:/usr/local/lib:/usr/local/lib /usr/bin/cmake /home/future/Documents/pengyh/RobotAD_ws/src/keyboard_control -DCMAKE_INSTALL_PREFIX=/home/future/Documents/pengyh/RobotAD_ws/install/keyboard_control
[0.047s] -- The C compiler identification is GNU 12.3.0
[0.087s] -- The CXX compiler identification is GNU 12.3.0
[0.094s] -- Detecting C compiler ABI info
[0.146s] -- Detecting C compiler ABI info - done
[0.150s] -- Check for working C compiler: /usr/bin/cc - skipped
[0.150s] -- Detecting C compile features
[0.151s] -- Detecting C compile features - done
[0.152s] -- Detecting CXX compiler ABI info
[0.210s] -- Detecting CXX compiler ABI info - done
[0.217s] -- Check for working CXX compiler: /usr/bin/c++ - skipped
[0.217s] -- Detecting CXX compile features
[0.218s] -- Detecting CXX compile features - done
[0.219s] -- Found ament_cmake: 1.3.10 (/opt/ros/humble/share/ament_cmake/cmake)
[0.326s] -- Found Python3: /usr/bin/python3 (found version "3.10.12") found components: Interpreter 
[0.395s] -- Found rclcpp: 16.0.10 (/opt/ros/humble/share/rclcpp/cmake)
[0.428s] -- Found rosidl_generator_c: 3.1.5 (/opt/ros/humble/share/rosidl_generator_c/cmake)
[0.432s] -- Found rosidl_adapter: 3.1.5 (/opt/ros/humble/share/rosidl_adapter/cmake)
[0.438s] -- Found rosidl_generator_cpp: 3.1.5 (/opt/ros/humble/share/rosidl_generator_cpp/cmake)
[0.446s] -- Using all available rosidl_typesupport_c: rosidl_typesupport_fastrtps_c;rosidl_typesupport_introspection_c
[0.457s] -- Using all available rosidl_typesupport_cpp: rosidl_typesupport_fastrtps_cpp;rosidl_typesupport_introspection_cpp
[0.488s] -- Found rmw_implementation_cmake: 6.1.2 (/opt/ros/humble/share/rmw_implementation_cmake/cmake)
[0.491s] -- Found rmw_fastrtps_cpp: 6.2.7 (/opt/ros/humble/share/rmw_fastrtps_cpp/cmake)
[0.555s] -- Found OpenSSL: /usr/lib/x86_64-linux-gnu/libcrypto.so (found version "3.0.2")  
[0.574s] -- Found FastRTPS: /opt/ros/humble/include  
[0.600s] -- Using RMW implementation 'rmw_fastrtps_cpp' as default
[0.608s] -- Looking for pthread.h
[0.659s] -- Looking for pthread.h - found
[0.659s] -- Performing Test CMAKE_HAVE_LIBC_PTHREAD
[0.712s] -- Performing Test CMAKE_HAVE_LIBC_PTHREAD - Success
[0.713s] -- Found Threads: TRUE  
[0.745s] -- Found robot_hardware: 0.0.1 (/home/future/Documents/pengyh/RobotAD_ws/install/robot_hardware/share/robot_hardware/cmake)
[0.754s] -- Found ament_lint_auto: 0.12.11 (/opt/ros/humble/share/ament_lint_auto/cmake)
[0.807s] -- Added test 'cppcheck' to perform static code analysis on C / C++ code
[0.807s] -- Configured cppcheck include dirs: 
[0.807s] -- Configured cppcheck exclude dirs and/or files: 
[0.808s] -- Added test 'lint_cmake' to check CMake code style
[0.808s] -- Added test 'uncrustify' to check C / C++ code style
[0.808s] -- Configured uncrustify additional arguments: 
[0.809s] -- Added test 'xmllint' to check XML markup files
[0.810s] -- Configuring done
[0.814s] -- Generating done
[0.816s] -- Build files have been written to: /home/future/Documents/pengyh/RobotAD_ws/build/keyboard_control
[0.822s] Invoked command in '/home/future/Documents/pengyh/RobotAD_ws/build/keyboard_control' returned '0': CMAKE_PREFIX_PATH=/home/future/Documents/pengyh/RobotAD_ws/install/robot_hardware:/home/future/Documents/pengyh/RobotAD_ws/install/pointcloud_to_laserscan:/home/future/Documents/pengyh/RobotAD_ws/install/usb_camera:/home/future/Documents/pengyh/RobotAD_ws/install/serial_comm:/home/future/Documents/pengyh/RobotAD_ws/install/rslidar_sdk:/home/future/Documents/pengyh/RobotAD_ws/install/rslidar_msg:/home/future/Documents/pengyh/RobotAD_ws/install/robot_locate:/home/future/Documents/pengyh/RobotAD_ws/install/miiboo_imu:/home/future/Documents/pengyh/RobotAD_ws/install/keyboard_control:/home/future/Documents/pengyh/RobotAD_ws/install/diff_control:/home/future/Documents/VIW-FUSION/install/vins:/home/future/Documents/VIW-FUSION/install/loop_fusion:/home/future/Documents/VIW-FUSION/install/global_fusion:/home/future/Documents/VIW-FUSION/install/camera_models:/home/future/Documents/people_tracker/install/people_msgs:/home/future/Documents/people_tracker/install/leg_tracker_ros2:/home/future/Documents/Navigation/interface_ws/install/nav_interfaces:/opt/ros/humble LD_LIBRARY_PATH=/home/future/Documents/pengyh/RobotAD_ws/install/robot_hardware/lib:/home/future/Documents/pengyh/RobotAD_ws/install/pointcloud_to_laserscan/lib:/home/future/Documents/pengyh/RobotAD_ws/install/rslidar_msg/lib:/home/future/Documents/pengyh/RobotAD_ws/install/diff_control/lib:/home/future/Documents/VIW-FUSION/install/camera_models/lib:/home/future/Documents/people_tracker/install/people_msgs/lib:/home/future/Documents/people_tracker/install/leg_tracker_ros2/lib:/home/future/Documents/Navigation/interface_ws/install/nav_interfaces/lib:/usr/lib/x86_64-linux-gnu/gazebo-11/plugins:/opt/ros/humble/opt/rviz_ogre_vendor/lib:/opt/ros/humble/lib/x86_64-linux-gnu:/opt/ros/humble/lib:/usr/local/lib:/usr/local/lib /usr/bin/cmake /home/future/Documents/pengyh/RobotAD_ws/src/keyboard_control -DCMAKE_INSTALL_PREFIX=/home/future/Documents/pengyh/RobotAD_ws/install/keyboard_control
[0.824s] Invoking command in '/home/future/Documents/pengyh/RobotAD_ws/build/keyboard_control': CMAKE_PREFIX_PATH=/home/future/Documents/pengyh/RobotAD_ws/install/robot_hardware:/home/future/Documents/pengyh/RobotAD_ws/install/pointcloud_to_laserscan:/home/future/Documents/pengyh/RobotAD_ws/install/usb_camera:/home/future/Documents/pengyh/RobotAD_ws/install/serial_comm:/home/future/Documents/pengyh/RobotAD_ws/install/rslidar_sdk:/home/future/Documents/pengyh/RobotAD_ws/install/rslidar_msg:/home/future/Documents/pengyh/RobotAD_ws/install/robot_locate:/home/future/Documents/pengyh/RobotAD_ws/install/miiboo_imu:/home/future/Documents/pengyh/RobotAD_ws/install/keyboard_control:/home/future/Documents/pengyh/RobotAD_ws/install/diff_control:/home/future/Documents/VIW-FUSION/install/vins:/home/future/Documents/VIW-FUSION/install/loop_fusion:/home/future/Documents/VIW-FUSION/install/global_fusion:/home/future/Documents/VIW-FUSION/install/camera_models:/home/future/Documents/people_tracker/install/people_msgs:/home/future/Documents/people_tracker/install/leg_tracker_ros2:/home/future/Documents/Navigation/interface_ws/install/nav_interfaces:/opt/ros/humble LD_LIBRARY_PATH=/home/future/Documents/pengyh/RobotAD_ws/install/robot_hardware/lib:/home/future/Documents/pengyh/RobotAD_ws/install/pointcloud_to_laserscan/lib:/home/future/Documents/pengyh/RobotAD_ws/install/rslidar_msg/lib:/home/future/Documents/pengyh/RobotAD_ws/install/diff_control/lib:/home/future/Documents/VIW-FUSION/install/camera_models/lib:/home/future/Documents/people_tracker/install/people_msgs/lib:/home/future/Documents/people_tracker/install/leg_tracker_ros2/lib:/home/future/Documents/Navigation/interface_ws/install/nav_interfaces/lib:/usr/lib/x86_64-linux-gnu/gazebo-11/plugins:/opt/ros/humble/opt/rviz_ogre_vendor/lib:/opt/ros/humble/lib/x86_64-linux-gnu:/opt/ros/humble/lib:/usr/local/lib:/usr/local/lib /usr/bin/cmake --build /home/future/Documents/pengyh/RobotAD_ws/build/keyboard_control -- -j24 -l24
[0.861s] [ 50%] [32mBuilding CXX object CMakeFiles/keyboard_control_node.dir/src/keyboard_control_node.cpp.o[0m
[3.390s] [100%] [32m[1mLinking CXX executable keyboard_control_node[0m
[3.495s] [100%] Built target keyboard_control_node
[3.507s] Invoked command in '/home/future/Documents/pengyh/RobotAD_ws/build/keyboard_control' returned '0': CMAKE_PREFIX_PATH=/home/future/Documents/pengyh/RobotAD_ws/install/robot_hardware:/home/future/Documents/pengyh/RobotAD_ws/install/pointcloud_to_laserscan:/home/future/Documents/pengyh/RobotAD_ws/install/usb_camera:/home/future/Documents/pengyh/RobotAD_ws/install/serial_comm:/home/future/Documents/pengyh/RobotAD_ws/install/rslidar_sdk:/home/future/Documents/pengyh/RobotAD_ws/install/rslidar_msg:/home/future/Documents/pengyh/RobotAD_ws/install/robot_locate:/home/future/Documents/pengyh/RobotAD_ws/install/miiboo_imu:/home/future/Documents/pengyh/RobotAD_ws/install/keyboard_control:/home/future/Documents/pengyh/RobotAD_ws/install/diff_control:/home/future/Documents/VIW-FUSION/install/vins:/home/future/Documents/VIW-FUSION/install/loop_fusion:/home/future/Documents/VIW-FUSION/install/global_fusion:/home/future/Documents/VIW-FUSION/install/camera_models:/home/future/Documents/people_tracker/install/people_msgs:/home/future/Documents/people_tracker/install/leg_tracker_ros2:/home/future/Documents/Navigation/interface_ws/install/nav_interfaces:/opt/ros/humble LD_LIBRARY_PATH=/home/future/Documents/pengyh/RobotAD_ws/install/robot_hardware/lib:/home/future/Documents/pengyh/RobotAD_ws/install/pointcloud_to_laserscan/lib:/home/future/Documents/pengyh/RobotAD_ws/install/rslidar_msg/lib:/home/future/Documents/pengyh/RobotAD_ws/install/diff_control/lib:/home/future/Documents/VIW-FUSION/install/camera_models/lib:/home/future/Documents/people_tracker/install/people_msgs/lib:/home/future/Documents/people_tracker/install/leg_tracker_ros2/lib:/home/future/Documents/Navigation/interface_ws/install/nav_interfaces/lib:/usr/lib/x86_64-linux-gnu/gazebo-11/plugins:/opt/ros/humble/opt/rviz_ogre_vendor/lib:/opt/ros/humble/lib/x86_64-linux-gnu:/opt/ros/humble/lib:/usr/local/lib:/usr/local/lib /usr/bin/cmake --build /home/future/Documents/pengyh/RobotAD_ws/build/keyboard_control -- -j24 -l24
[3.508s] Invoking command in '/home/future/Documents/pengyh/RobotAD_ws/build/keyboard_control': CMAKE_PREFIX_PATH=/home/future/Documents/pengyh/RobotAD_ws/install/robot_hardware:/home/future/Documents/pengyh/RobotAD_ws/install/pointcloud_to_laserscan:/home/future/Documents/pengyh/RobotAD_ws/install/usb_camera:/home/future/Documents/pengyh/RobotAD_ws/install/serial_comm:/home/future/Documents/pengyh/RobotAD_ws/install/rslidar_sdk:/home/future/Documents/pengyh/RobotAD_ws/install/rslidar_msg:/home/future/Documents/pengyh/RobotAD_ws/install/robot_locate:/home/future/Documents/pengyh/RobotAD_ws/install/miiboo_imu:/home/future/Documents/pengyh/RobotAD_ws/install/keyboard_control:/home/future/Documents/pengyh/RobotAD_ws/install/diff_control:/home/future/Documents/VIW-FUSION/install/vins:/home/future/Documents/VIW-FUSION/install/loop_fusion:/home/future/Documents/VIW-FUSION/install/global_fusion:/home/future/Documents/VIW-FUSION/install/camera_models:/home/future/Documents/people_tracker/install/people_msgs:/home/future/Documents/people_tracker/install/leg_tracker_ros2:/home/future/Documents/Navigation/interface_ws/install/nav_interfaces:/opt/ros/humble LD_LIBRARY_PATH=/home/future/Documents/pengyh/RobotAD_ws/install/robot_hardware/lib:/home/future/Documents/pengyh/RobotAD_ws/install/pointcloud_to_laserscan/lib:/home/future/Documents/pengyh/RobotAD_ws/install/rslidar_msg/lib:/home/future/Documents/pengyh/RobotAD_ws/install/diff_control/lib:/home/future/Documents/VIW-FUSION/install/camera_models/lib:/home/future/Documents/people_tracker/install/people_msgs/lib:/home/future/Documents/people_tracker/install/leg_tracker_ros2/lib:/home/future/Documents/Navigation/interface_ws/install/nav_interfaces/lib:/usr/lib/x86_64-linux-gnu/gazebo-11/plugins:/opt/ros/humble/opt/rviz_ogre_vendor/lib:/opt/ros/humble/lib/x86_64-linux-gnu:/opt/ros/humble/lib:/usr/local/lib:/usr/local/lib /usr/bin/cmake --install /home/future/Documents/pengyh/RobotAD_ws/build/keyboard_control
[3.512s] -- Install configuration: ""
[3.512s] -- Installing: /home/future/Documents/pengyh/RobotAD_ws/install/keyboard_control/lib/keyboard_control/keyboard_control_node
[3.513s] -- Set runtime path of "/home/future/Documents/pengyh/RobotAD_ws/install/keyboard_control/lib/keyboard_control/keyboard_control_node" to ""
[3.513s] -- Installing: /home/future/Documents/pengyh/RobotAD_ws/install/keyboard_control/share/ament_index/resource_index/package_run_dependencies/keyboard_control
[3.513s] -- Installing: /home/future/Documents/pengyh/RobotAD_ws/install/keyboard_control/share/ament_index/resource_index/parent_prefix_path/keyboard_control
[3.513s] -- Installing: /home/future/Documents/pengyh/RobotAD_ws/install/keyboard_control/share/keyboard_control/environment/ament_prefix_path.sh
[3.513s] -- Installing: /home/future/Documents/pengyh/RobotAD_ws/install/keyboard_control/share/keyboard_control/environment/ament_prefix_path.dsv
[3.513s] -- Installing: /home/future/Documents/pengyh/RobotAD_ws/install/keyboard_control/share/keyboard_control/environment/path.sh
[3.513s] -- Installing: /home/future/Documents/pengyh/RobotAD_ws/install/keyboard_control/share/keyboard_control/environment/path.dsv
[3.513s] -- Installing: /home/future/Documents/pengyh/RobotAD_ws/install/keyboard_control/share/keyboard_control/local_setup.bash
[3.513s] -- Installing: /home/future/Documents/pengyh/RobotAD_ws/install/keyboard_control/share/keyboard_control/local_setup.sh
[3.513s] -- Installing: /home/future/Documents/pengyh/RobotAD_ws/install/keyboard_control/share/keyboard_control/local_setup.zsh
[3.513s] -- Installing: /home/future/Documents/pengyh/RobotAD_ws/install/keyboard_control/share/keyboard_control/local_setup.dsv
[3.513s] -- Installing: /home/future/Documents/pengyh/RobotAD_ws/install/keyboard_control/share/keyboard_control/package.dsv
[3.513s] -- Installing: /home/future/Documents/pengyh/RobotAD_ws/install/keyboard_control/share/ament_index/resource_index/packages/keyboard_control
[3.513s] -- Installing: /home/future/Documents/pengyh/RobotAD_ws/install/keyboard_control/share/keyboard_control/cmake/keyboard_controlConfig.cmake
[3.513s] -- Installing: /home/future/Documents/pengyh/RobotAD_ws/install/keyboard_control/share/keyboard_control/cmake/keyboard_controlConfig-version.cmake
[3.513s] -- Installing: /home/future/Documents/pengyh/RobotAD_ws/install/keyboard_control/share/keyboard_control/package.xml
[3.515s] Invoked command in '/home/future/Documents/pengyh/RobotAD_ws/build/keyboard_control' returned '0': CMAKE_PREFIX_PATH=/home/future/Documents/pengyh/RobotAD_ws/install/robot_hardware:/home/future/Documents/pengyh/RobotAD_ws/install/pointcloud_to_laserscan:/home/future/Documents/pengyh/RobotAD_ws/install/usb_camera:/home/future/Documents/pengyh/RobotAD_ws/install/serial_comm:/home/future/Documents/pengyh/RobotAD_ws/install/rslidar_sdk:/home/future/Documents/pengyh/RobotAD_ws/install/rslidar_msg:/home/future/Documents/pengyh/RobotAD_ws/install/robot_locate:/home/future/Documents/pengyh/RobotAD_ws/install/miiboo_imu:/home/future/Documents/pengyh/RobotAD_ws/install/keyboard_control:/home/future/Documents/pengyh/RobotAD_ws/install/diff_control:/home/future/Documents/VIW-FUSION/install/vins:/home/future/Documents/VIW-FUSION/install/loop_fusion:/home/future/Documents/VIW-FUSION/install/global_fusion:/home/future/Documents/VIW-FUSION/install/camera_models:/home/future/Documents/people_tracker/install/people_msgs:/home/future/Documents/people_tracker/install/leg_tracker_ros2:/home/future/Documents/Navigation/interface_ws/install/nav_interfaces:/opt/ros/humble LD_LIBRARY_PATH=/home/future/Documents/pengyh/RobotAD_ws/install/robot_hardware/lib:/home/future/Documents/pengyh/RobotAD_ws/install/pointcloud_to_laserscan/lib:/home/future/Documents/pengyh/RobotAD_ws/install/rslidar_msg/lib:/home/future/Documents/pengyh/RobotAD_ws/install/diff_control/lib:/home/future/Documents/VIW-FUSION/install/camera_models/lib:/home/future/Documents/people_tracker/install/people_msgs/lib:/home/future/Documents/people_tracker/install/leg_tracker_ros2/lib:/home/future/Documents/Navigation/interface_ws/install/nav_interfaces/lib:/usr/lib/x86_64-linux-gnu/gazebo-11/plugins:/opt/ros/humble/opt/rviz_ogre_vendor/lib:/opt/ros/humble/lib/x86_64-linux-gnu:/opt/ros/humble/lib:/usr/local/lib:/usr/local/lib /usr/bin/cmake --install /home/future/Documents/pengyh/RobotAD_ws/build/keyboard_control
