[0.029s] Invoking command in '/home/future/Documents/pengyh/RobotAD_ws/build/robot_hardware': CMAKE_PREFIX_PATH=${CMAKE_PREFIX_PATH}:/opt/ros/humble /usr/bin/cmake --build /home/future/Documents/pengyh/RobotAD_ws/build/robot_hardware -- -j24 -l24
[0.066s] [  2%] Built target robot_hardware__cpp
[0.068s] [ 12%] Built target robot_hardware__rosidl_generator_c
[0.071s] [ 12%] Built target ament_cmake_python_copy_robot_hardware
[0.084s] [ 21%] Built target robot_hardware__rosidl_typesupport_cpp
[0.085s] [ 31%] Built target robot_hardware__rosidl_typesupport_fastrtps_cpp
[0.089s] [ 41%] Built target robot_hardware__rosidl_typesupport_c
[0.094s] [ 51%] Built target robot_hardware__rosidl_typesupport_fastrtps_c
[0.094s] [ 60%] Built target robot_hardware__rosidl_typesupport_introspection_c
[0.095s] [ 70%] Built target robot_hardware__rosidl_typesupport_introspection_cpp
[0.103s] [ 75%] Built target hardware_manager
[0.105s] [ 75%] Built target robot_hardware
[0.121s] [ 78%] Built target robot_hardware__py
[0.139s] [ 85%] Built target robot_hardware__rosidl_generator_py
[0.154s] [ 95%] Built target robot_hardware__rosidl_typesupport_c__pyext
[0.154s] [ 95%] Built target robot_hardware__rosidl_typesupport_fastrtps_c__pyext
[0.157s] [100%] Built target robot_hardware__rosidl_typesupport_introspection_c__pyext
[0.279s] running egg_info
[0.279s] writing robot_hardware.egg-info/PKG-INFO
[0.280s] writing dependency_links to robot_hardware.egg-info/dependency_links.txt
[0.280s] writing top-level names to robot_hardware.egg-info/top_level.txt
[0.282s] reading manifest file 'robot_hardware.egg-info/SOURCES.txt'
[0.282s] writing manifest file 'robot_hardware.egg-info/SOURCES.txt'
[0.300s] [100%] Built target ament_cmake_python_build_robot_hardware_egg
