[0.026s] Invoking command in '/home/future/Documents/pengyh/RobotAD_ws/build/pointcloud_to_laserscan': CMAKE_PREFIX_PATH=${CMAKE_PREFIX_PATH}:/opt/ros/humble /usr/bin/cmake --build /home/future/Documents/pengyh/RobotAD_ws/build/pointcloud_to_laserscan -- -j24 -l24
[0.072s] [ 16%] Built target pointcloud_to_laserscan_node
[0.073s] [ 33%] Built target laserscan_to_pointcloud_node
[0.075s] [ 50%] Built target laserscan_to_pointcloud
[0.092s] [35m[1mConsolidate compiler generated dependencies of target pointcloud_to_laserscan[0m
[0.119s] [ 58%] [32mBuilding CXX object CMakeFiles/pointcloud_to_laserscan.dir/src/pointcloud_to_laserscan_node.cpp.o[0m
[10.900s] [ 66%] [32m[1mLinking CXX shared library libpointcloud_to_laserscan.so[0m
[11.414s] [ 66%] Built target pointcloud_to_laserscan
[11.440s] [ 75%] [32m[1mLinking CXX executable sub_laser_node[0m
[11.442s] [ 83%] [32m[1mLinking CXX executable dummy_pointcloud_publisher[0m
[11.677s] [ 91%] Built target dummy_pointcloud_publisher
[11.885s] [100%] Built target sub_laser_node
[11.897s] Invoked command in '/home/future/Documents/pengyh/RobotAD_ws/build/pointcloud_to_laserscan' returned '0': CMAKE_PREFIX_PATH=${CMAKE_PREFIX_PATH}:/opt/ros/humble /usr/bin/cmake --build /home/future/Documents/pengyh/RobotAD_ws/build/pointcloud_to_laserscan -- -j24 -l24
[11.899s] Invoking command in '/home/future/Documents/pengyh/RobotAD_ws/build/pointcloud_to_laserscan': CMAKE_PREFIX_PATH=${CMAKE_PREFIX_PATH}:/opt/ros/humble /usr/bin/cmake --install /home/future/Documents/pengyh/RobotAD_ws/build/pointcloud_to_laserscan
[11.906s] -- Install configuration: ""
[11.906s] -- Up-to-date: /home/future/Documents/pengyh/RobotAD_ws/install/pointcloud_to_laserscan/lib/pointcloud_to_laserscan/laserscan_to_pointcloud_node
[11.906s] -- Up-to-date: /home/future/Documents/pengyh/RobotAD_ws/install/pointcloud_to_laserscan/lib/pointcloud_to_laserscan/pointcloud_to_laserscan_node
[11.907s] -- Up-to-date: /home/future/Documents/pengyh/RobotAD_ws/install/pointcloud_to_laserscan/include
[11.907s] -- Up-to-date: /home/future/Documents/pengyh/RobotAD_ws/install/pointcloud_to_laserscan/include/pointcloud_to_laserscan
[11.907s] -- Up-to-date: /home/future/Documents/pengyh/RobotAD_ws/install/pointcloud_to_laserscan/include/pointcloud_to_laserscan/pointcloud_to_laserscan_node.hpp
[11.907s] -- Up-to-date: /home/future/Documents/pengyh/RobotAD_ws/install/pointcloud_to_laserscan/include/pointcloud_to_laserscan/laserscan_to_pointcloud_node.hpp
[11.907s] -- Up-to-date: /home/future/Documents/pengyh/RobotAD_ws/install/pointcloud_to_laserscan/include/pointcloud_to_laserscan/visibility_control.h
[11.907s] -- Up-to-date: /home/future/Documents/pengyh/RobotAD_ws/install/pointcloud_to_laserscan/share/pointcloud_to_laserscan/environment/library_path.sh
[11.907s] -- Up-to-date: /home/future/Documents/pengyh/RobotAD_ws/install/pointcloud_to_laserscan/share/pointcloud_to_laserscan/environment/library_path.dsv
[11.907s] -- Up-to-date: /home/future/Documents/pengyh/RobotAD_ws/install/pointcloud_to_laserscan/lib/liblaserscan_to_pointcloud.so
[11.908s] -- Installing: /home/future/Documents/pengyh/RobotAD_ws/install/pointcloud_to_laserscan/lib/libpointcloud_to_laserscan.so
[11.914s] -- Set runtime path of "/home/future/Documents/pengyh/RobotAD_ws/install/pointcloud_to_laserscan/lib/libpointcloud_to_laserscan.so" to ""
[11.914s] -- Installing: /home/future/Documents/pengyh/RobotAD_ws/install/pointcloud_to_laserscan/lib/pointcloud_to_laserscan/dummy_pointcloud_publisher
[11.915s] -- Set runtime path of "/home/future/Documents/pengyh/RobotAD_ws/install/pointcloud_to_laserscan/lib/pointcloud_to_laserscan/dummy_pointcloud_publisher" to ""
[11.915s] -- Installing: /home/future/Documents/pengyh/RobotAD_ws/install/pointcloud_to_laserscan/lib/pointcloud_to_laserscan/sub_laser_node
[11.918s] -- Set runtime path of "/home/future/Documents/pengyh/RobotAD_ws/install/pointcloud_to_laserscan/lib/pointcloud_to_laserscan/sub_laser_node" to ""
[11.918s] -- Up-to-date: /home/future/Documents/pengyh/RobotAD_ws/install/pointcloud_to_laserscan/share/pointcloud_to_laserscan/launch
[11.918s] -- Installing: /home/future/Documents/pengyh/RobotAD_ws/install/pointcloud_to_laserscan/share/pointcloud_to_laserscan/launch/sample_pointcloud_to_laserscan_launch.py
[11.918s] -- Up-to-date: /home/future/Documents/pengyh/RobotAD_ws/install/pointcloud_to_laserscan/share/pointcloud_to_laserscan/launch/sample_laserscan_to_pointcloud_launch.py
[11.918s] -- Up-to-date: /home/future/Documents/pengyh/RobotAD_ws/install/pointcloud_to_laserscan/share/ament_index/resource_index/package_run_dependencies/pointcloud_to_laserscan
[11.918s] -- Up-to-date: /home/future/Documents/pengyh/RobotAD_ws/install/pointcloud_to_laserscan/share/ament_index/resource_index/parent_prefix_path/pointcloud_to_laserscan
[11.918s] -- Up-to-date: /home/future/Documents/pengyh/RobotAD_ws/install/pointcloud_to_laserscan/share/pointcloud_to_laserscan/environment/ament_prefix_path.sh
[11.919s] -- Up-to-date: /home/future/Documents/pengyh/RobotAD_ws/install/pointcloud_to_laserscan/share/pointcloud_to_laserscan/environment/ament_prefix_path.dsv
[11.919s] -- Up-to-date: /home/future/Documents/pengyh/RobotAD_ws/install/pointcloud_to_laserscan/share/pointcloud_to_laserscan/environment/path.sh
[11.919s] -- Up-to-date: /home/future/Documents/pengyh/RobotAD_ws/install/pointcloud_to_laserscan/share/pointcloud_to_laserscan/environment/path.dsv
[11.919s] -- Up-to-date: /home/future/Documents/pengyh/RobotAD_ws/install/pointcloud_to_laserscan/share/pointcloud_to_laserscan/local_setup.bash
[11.919s] -- Up-to-date: /home/future/Documents/pengyh/RobotAD_ws/install/pointcloud_to_laserscan/share/pointcloud_to_laserscan/local_setup.sh
[11.919s] -- Up-to-date: /home/future/Documents/pengyh/RobotAD_ws/install/pointcloud_to_laserscan/share/pointcloud_to_laserscan/local_setup.zsh
[11.919s] -- Up-to-date: /home/future/Documents/pengyh/RobotAD_ws/install/pointcloud_to_laserscan/share/pointcloud_to_laserscan/local_setup.dsv
[11.919s] -- Installing: /home/future/Documents/pengyh/RobotAD_ws/install/pointcloud_to_laserscan/share/pointcloud_to_laserscan/package.dsv
[11.919s] -- Up-to-date: /home/future/Documents/pengyh/RobotAD_ws/install/pointcloud_to_laserscan/share/ament_index/resource_index/packages/pointcloud_to_laserscan
[11.919s] -- Up-to-date: /home/future/Documents/pengyh/RobotAD_ws/install/pointcloud_to_laserscan/share/ament_index/resource_index/rclcpp_components/pointcloud_to_laserscan
[11.919s] -- Up-to-date: /home/future/Documents/pengyh/RobotAD_ws/install/pointcloud_to_laserscan/share/pointcloud_to_laserscan/cmake/ament_cmake_export_dependencies-extras.cmake
[11.920s] -- Up-to-date: /home/future/Documents/pengyh/RobotAD_ws/install/pointcloud_to_laserscan/share/pointcloud_to_laserscan/cmake/ament_cmake_export_include_directories-extras.cmake
[11.920s] -- Up-to-date: /home/future/Documents/pengyh/RobotAD_ws/install/pointcloud_to_laserscan/share/pointcloud_to_laserscan/cmake/ament_cmake_export_libraries-extras.cmake
[11.920s] -- Up-to-date: /home/future/Documents/pengyh/RobotAD_ws/install/pointcloud_to_laserscan/share/pointcloud_to_laserscan/cmake/pointcloud_to_laserscanConfig.cmake
[11.920s] -- Up-to-date: /home/future/Documents/pengyh/RobotAD_ws/install/pointcloud_to_laserscan/share/pointcloud_to_laserscan/cmake/pointcloud_to_laserscanConfig-version.cmake
[11.920s] -- Up-to-date: /home/future/Documents/pengyh/RobotAD_ws/install/pointcloud_to_laserscan/share/pointcloud_to_laserscan/package.xml
[11.923s] Invoked command in '/home/future/Documents/pengyh/RobotAD_ws/build/pointcloud_to_laserscan' returned '0': CMAKE_PREFIX_PATH=${CMAKE_PREFIX_PATH}:/opt/ros/humble /usr/bin/cmake --install /home/future/Documents/pengyh/RobotAD_ws/build/pointcloud_to_laserscan
