[0.046s] Invoking command in '/home/future/Documents/pengyh/RobotAD_ws/build/rslidar_msg': CMAKE_PREFIX_PATH=${CMAKE_PREFIX_PATH}:/opt/ros/humble /usr/bin/cmake --build /home/future/Documents/pengyh/RobotAD_ws/build/rslidar_msg -- -j24 -l24
[0.107s] [  3%] Built target rslidar_msg__cpp
[0.113s] [ 12%] Built target rslidar_msg__rosidl_generator_c
[0.130s] [ 12%] Built target ament_cmake_python_copy_rslidar_msg
[0.140s] [ 22%] Built target rslidar_msg__rosidl_typesupport_introspection_cpp
[0.143s] [ 32%] Built target rslidar_msg__rosidl_typesupport_fastrtps_cpp
[0.146s] [ 41%] Built target rslidar_msg__rosidl_typesupport_fastrtps_c
[0.149s] [ 51%] Built target rslidar_msg__rosidl_typesupport_cpp
[0.149s] [ 61%] Built target rslidar_msg__rosidl_typesupport_introspection_c
[0.150s] [ 70%] Built target rslidar_msg__rosidl_typesupport_c
[0.175s] [ 70%] Built target rslidar_msg
[0.200s] [ 74%] Built target rslidar_msg__py
[0.223s] [ 80%] Built target rslidar_msg__rosidl_generator_py
[0.253s] [ 87%] Built target rslidar_msg__rosidl_typesupport_fastrtps_c__pyext
[0.256s] [ 93%] Built target rslidar_msg__rosidl_typesupport_c__pyext
[0.256s] [100%] Built target rslidar_msg__rosidl_typesupport_introspection_c__pyext
[0.482s] running egg_info
[0.483s] writing rslidar_msg.egg-info/PKG-INFO
[0.484s] writing dependency_links to rslidar_msg.egg-info/dependency_links.txt
[0.484s] writing top-level names to rslidar_msg.egg-info/top_level.txt
[0.492s] reading manifest file 'rslidar_msg.egg-info/SOURCES.txt'
[0.493s] writing manifest file 'rslidar_msg.egg-info/SOURCES.txt'
[0.526s] [100%] Built target ament_cmake_python_build_rslidar_msg_egg
[0.538s] Invoked command in '/home/future/Documents/pengyh/RobotAD_ws/build/rslidar_msg' returned '0': CMAKE_PREFIX_PATH=${CMAKE_PREFIX_PATH}:/opt/ros/humble /usr/bin/cmake --build /home/future/Documents/pengyh/RobotAD_ws/build/rslidar_msg -- -j24 -l24
[0.541s] Invoking command in '/home/future/Documents/pengyh/RobotAD_ws/build/rslidar_msg': CMAKE_PREFIX_PATH=${CMAKE_PREFIX_PATH}:/opt/ros/humble /usr/bin/cmake --install /home/future/Documents/pengyh/RobotAD_ws/build/rslidar_msg
[0.550s] -- Install configuration: ""
[0.550s] -- Up-to-date: /home/future/Documents/pengyh/RobotAD_ws/install/rslidar_msg/share/ament_index/resource_index/rosidl_interfaces/rslidar_msg
[0.551s] -- Up-to-date: /home/future/Documents/pengyh/RobotAD_ws/install/rslidar_msg/include/rslidar_msg/rslidar_msg
[0.551s] -- Up-to-date: /home/future/Documents/pengyh/RobotAD_ws/install/rslidar_msg/include/rslidar_msg/rslidar_msg/msg
[0.551s] -- Up-to-date: /home/future/Documents/pengyh/RobotAD_ws/install/rslidar_msg/include/rslidar_msg/rslidar_msg/msg/rosidl_generator_c__visibility_control.h
[0.551s] -- Up-to-date: /home/future/Documents/pengyh/RobotAD_ws/install/rslidar_msg/include/rslidar_msg/rslidar_msg/msg/rslidar_packet.h
[0.552s] -- Up-to-date: /home/future/Documents/pengyh/RobotAD_ws/install/rslidar_msg/include/rslidar_msg/rslidar_msg/msg/detail
[0.552s] -- Up-to-date: /home/future/Documents/pengyh/RobotAD_ws/install/rslidar_msg/include/rslidar_msg/rslidar_msg/msg/detail/rslidar_packet__struct.h
[0.552s] -- Up-to-date: /home/future/Documents/pengyh/RobotAD_ws/install/rslidar_msg/include/rslidar_msg/rslidar_msg/msg/detail/rslidar_packet__functions.h
[0.552s] -- Up-to-date: /home/future/Documents/pengyh/RobotAD_ws/install/rslidar_msg/include/rslidar_msg/rslidar_msg/msg/detail/rslidar_packet__functions.c
[0.553s] -- Up-to-date: /home/future/Documents/pengyh/RobotAD_ws/install/rslidar_msg/include/rslidar_msg/rslidar_msg/msg/detail/rslidar_packet__type_support.h
[0.553s] -- Up-to-date: /home/future/Documents/pengyh/RobotAD_ws/install/rslidar_msg/share/rslidar_msg/environment/library_path.sh
[0.553s] -- Up-to-date: /home/future/Documents/pengyh/RobotAD_ws/install/rslidar_msg/share/rslidar_msg/environment/library_path.dsv
[0.553s] -- Up-to-date: /home/future/Documents/pengyh/RobotAD_ws/install/rslidar_msg/lib/librslidar_msg__rosidl_generator_c.so
[0.553s] -- Up-to-date: /home/future/Documents/pengyh/RobotAD_ws/install/rslidar_msg/include/rslidar_msg/rslidar_msg
[0.554s] -- Up-to-date: /home/future/Documents/pengyh/RobotAD_ws/install/rslidar_msg/include/rslidar_msg/rslidar_msg/msg
[0.554s] -- Up-to-date: /home/future/Documents/pengyh/RobotAD_ws/install/rslidar_msg/include/rslidar_msg/rslidar_msg/msg/rosidl_typesupport_fastrtps_c__visibility_control.h
[0.554s] -- Up-to-date: /home/future/Documents/pengyh/RobotAD_ws/install/rslidar_msg/include/rslidar_msg/rslidar_msg/msg/detail
[0.554s] -- Up-to-date: /home/future/Documents/pengyh/RobotAD_ws/install/rslidar_msg/include/rslidar_msg/rslidar_msg/msg/detail/rslidar_packet__rosidl_typesupport_fastrtps_c.h
[0.554s] -- Up-to-date: /home/future/Documents/pengyh/RobotAD_ws/install/rslidar_msg/lib/librslidar_msg__rosidl_typesupport_fastrtps_c.so
[0.554s] -- Up-to-date: /home/future/Documents/pengyh/RobotAD_ws/install/rslidar_msg/include/rslidar_msg/rslidar_msg
[0.555s] -- Up-to-date: /home/future/Documents/pengyh/RobotAD_ws/install/rslidar_msg/include/rslidar_msg/rslidar_msg/msg
[0.555s] -- Up-to-date: /home/future/Documents/pengyh/RobotAD_ws/install/rslidar_msg/include/rslidar_msg/rslidar_msg/msg/detail
[0.555s] -- Up-to-date: /home/future/Documents/pengyh/RobotAD_ws/install/rslidar_msg/include/rslidar_msg/rslidar_msg/msg/detail/rslidar_packet__builder.hpp
[0.555s] -- Up-to-date: /home/future/Documents/pengyh/RobotAD_ws/install/rslidar_msg/include/rslidar_msg/rslidar_msg/msg/detail/rslidar_packet__struct.hpp
[0.555s] -- Up-to-date: /home/future/Documents/pengyh/RobotAD_ws/install/rslidar_msg/include/rslidar_msg/rslidar_msg/msg/detail/rslidar_packet__traits.hpp
[0.556s] -- Up-to-date: /home/future/Documents/pengyh/RobotAD_ws/install/rslidar_msg/include/rslidar_msg/rslidar_msg/msg/rslidar_packet.hpp
[0.556s] -- Up-to-date: /home/future/Documents/pengyh/RobotAD_ws/install/rslidar_msg/include/rslidar_msg/rslidar_msg
[0.556s] -- Up-to-date: /home/future/Documents/pengyh/RobotAD_ws/install/rslidar_msg/include/rslidar_msg/rslidar_msg/msg
[0.556s] -- Up-to-date: /home/future/Documents/pengyh/RobotAD_ws/install/rslidar_msg/include/rslidar_msg/rslidar_msg/msg/rosidl_typesupport_fastrtps_cpp__visibility_control.h
[0.556s] -- Up-to-date: /home/future/Documents/pengyh/RobotAD_ws/install/rslidar_msg/include/rslidar_msg/rslidar_msg/msg/detail
[0.556s] -- Up-to-date: /home/future/Documents/pengyh/RobotAD_ws/install/rslidar_msg/include/rslidar_msg/rslidar_msg/msg/detail/dds_fastrtps
[0.557s] -- Up-to-date: /home/future/Documents/pengyh/RobotAD_ws/install/rslidar_msg/include/rslidar_msg/rslidar_msg/msg/detail/rslidar_packet__rosidl_typesupport_fastrtps_cpp.hpp
[0.557s] -- Up-to-date: /home/future/Documents/pengyh/RobotAD_ws/install/rslidar_msg/lib/librslidar_msg__rosidl_typesupport_fastrtps_cpp.so
[0.557s] -- Up-to-date: /home/future/Documents/pengyh/RobotAD_ws/install/rslidar_msg/include/rslidar_msg/rslidar_msg
[0.557s] -- Up-to-date: /home/future/Documents/pengyh/RobotAD_ws/install/rslidar_msg/include/rslidar_msg/rslidar_msg/msg
[0.557s] -- Up-to-date: /home/future/Documents/pengyh/RobotAD_ws/install/rslidar_msg/include/rslidar_msg/rslidar_msg/msg/detail
[0.557s] -- Up-to-date: /home/future/Documents/pengyh/RobotAD_ws/install/rslidar_msg/include/rslidar_msg/rslidar_msg/msg/detail/rslidar_packet__type_support.c
[0.558s] -- Up-to-date: /home/future/Documents/pengyh/RobotAD_ws/install/rslidar_msg/include/rslidar_msg/rslidar_msg/msg/detail/rslidar_packet__rosidl_typesupport_introspection_c.h
[0.558s] -- Up-to-date: /home/future/Documents/pengyh/RobotAD_ws/install/rslidar_msg/include/rslidar_msg/rslidar_msg/msg/rosidl_typesupport_introspection_c__visibility_control.h
[0.558s] -- Up-to-date: /home/future/Documents/pengyh/RobotAD_ws/install/rslidar_msg/lib/librslidar_msg__rosidl_typesupport_introspection_c.so
[0.558s] -- Up-to-date: /home/future/Documents/pengyh/RobotAD_ws/install/rslidar_msg/lib/librslidar_msg__rosidl_typesupport_c.so
[0.558s] -- Up-to-date: /home/future/Documents/pengyh/RobotAD_ws/install/rslidar_msg/include/rslidar_msg/rslidar_msg
[0.558s] -- Up-to-date: /home/future/Documents/pengyh/RobotAD_ws/install/rslidar_msg/include/rslidar_msg/rslidar_msg/msg
[0.559s] -- Up-to-date: /home/future/Documents/pengyh/RobotAD_ws/install/rslidar_msg/include/rslidar_msg/rslidar_msg/msg/detail
[0.559s] -- Up-to-date: /home/future/Documents/pengyh/RobotAD_ws/install/rslidar_msg/include/rslidar_msg/rslidar_msg/msg/detail/rslidar_packet__type_support.cpp
[0.559s] -- Up-to-date: /home/future/Documents/pengyh/RobotAD_ws/install/rslidar_msg/include/rslidar_msg/rslidar_msg/msg/detail/rslidar_packet__rosidl_typesupport_introspection_cpp.hpp
[0.559s] -- Up-to-date: /home/future/Documents/pengyh/RobotAD_ws/install/rslidar_msg/lib/librslidar_msg__rosidl_typesupport_introspection_cpp.so
[0.559s] -- Up-to-date: /home/future/Documents/pengyh/RobotAD_ws/install/rslidar_msg/lib/librslidar_msg__rosidl_typesupport_cpp.so
[0.559s] -- Up-to-date: /home/future/Documents/pengyh/RobotAD_ws/install/rslidar_msg/share/rslidar_msg/environment/pythonpath.sh
[0.560s] -- Up-to-date: /home/future/Documents/pengyh/RobotAD_ws/install/rslidar_msg/share/rslidar_msg/environment/pythonpath.dsv
[0.560s] -- Up-to-date: /home/future/Documents/pengyh/RobotAD_ws/install/rslidar_msg/local/lib/python3.10/dist-packages/rslidar_msg-0.0.0-py3.10.egg-info
[0.560s] -- Installing: /home/future/Documents/pengyh/RobotAD_ws/install/rslidar_msg/local/lib/python3.10/dist-packages/rslidar_msg-0.0.0-py3.10.egg-info/top_level.txt
[0.560s] -- Installing: /home/future/Documents/pengyh/RobotAD_ws/install/rslidar_msg/local/lib/python3.10/dist-packages/rslidar_msg-0.0.0-py3.10.egg-info/PKG-INFO
[0.560s] -- Installing: /home/future/Documents/pengyh/RobotAD_ws/install/rslidar_msg/local/lib/python3.10/dist-packages/rslidar_msg-0.0.0-py3.10.egg-info/dependency_links.txt
[0.560s] -- Installing: /home/future/Documents/pengyh/RobotAD_ws/install/rslidar_msg/local/lib/python3.10/dist-packages/rslidar_msg-0.0.0-py3.10.egg-info/SOURCES.txt
[0.561s] -- Up-to-date: /home/future/Documents/pengyh/RobotAD_ws/install/rslidar_msg/local/lib/python3.10/dist-packages/rslidar_msg
[0.561s] -- Up-to-date: /home/future/Documents/pengyh/RobotAD_ws/install/rslidar_msg/local/lib/python3.10/dist-packages/rslidar_msg/rslidar_msg_s__rosidl_typesupport_c.cpython-310-x86_64-linux-gnu.so
[0.561s] -- Up-to-date: /home/future/Documents/pengyh/RobotAD_ws/install/rslidar_msg/local/lib/python3.10/dist-packages/rslidar_msg/rslidar_msg_s__rosidl_typesupport_fastrtps_c.cpython-310-x86_64-linux-gnu.so
[0.561s] -- Up-to-date: /home/future/Documents/pengyh/RobotAD_ws/install/rslidar_msg/local/lib/python3.10/dist-packages/rslidar_msg/rslidar_msg_s__rosidl_typesupport_introspection_c.cpython-310-x86_64-linux-gnu.so
[0.561s] -- Up-to-date: /home/future/Documents/pengyh/RobotAD_ws/install/rslidar_msg/local/lib/python3.10/dist-packages/rslidar_msg/msg
[0.562s] -- Up-to-date: /home/future/Documents/pengyh/RobotAD_ws/install/rslidar_msg/local/lib/python3.10/dist-packages/rslidar_msg/msg/_rslidar_packet_s.c
[0.562s] -- Up-to-date: /home/future/Documents/pengyh/RobotAD_ws/install/rslidar_msg/local/lib/python3.10/dist-packages/rslidar_msg/msg/_rslidar_packet.py
[0.562s] -- Up-to-date: /home/future/Documents/pengyh/RobotAD_ws/install/rslidar_msg/local/lib/python3.10/dist-packages/rslidar_msg/msg/__init__.py
[0.562s] -- Up-to-date: /home/future/Documents/pengyh/RobotAD_ws/install/rslidar_msg/local/lib/python3.10/dist-packages/rslidar_msg/_rslidar_msg_s.ep.rosidl_typesupport_fastrtps_c.c
[0.562s] -- Up-to-date: /home/future/Documents/pengyh/RobotAD_ws/install/rslidar_msg/local/lib/python3.10/dist-packages/rslidar_msg/__init__.py
[0.562s] -- Up-to-date: /home/future/Documents/pengyh/RobotAD_ws/install/rslidar_msg/local/lib/python3.10/dist-packages/rslidar_msg/librslidar_msg__rosidl_generator_py.so
[0.562s] -- Up-to-date: /home/future/Documents/pengyh/RobotAD_ws/install/rslidar_msg/local/lib/python3.10/dist-packages/rslidar_msg/_rslidar_msg_s.ep.rosidl_typesupport_c.c
[0.562s] -- Up-to-date: /home/future/Documents/pengyh/RobotAD_ws/install/rslidar_msg/local/lib/python3.10/dist-packages/rslidar_msg/_rslidar_msg_s.ep.rosidl_typesupport_introspection_c.c
[0.592s] Listing '/home/future/Documents/pengyh/RobotAD_ws/install/rslidar_msg/local/lib/python3.10/dist-packages/rslidar_msg'...
[0.592s] Listing '/home/future/Documents/pengyh/RobotAD_ws/install/rslidar_msg/local/lib/python3.10/dist-packages/rslidar_msg/msg'...
[0.598s] -- Up-to-date: /home/future/Documents/pengyh/RobotAD_ws/install/rslidar_msg/local/lib/python3.10/dist-packages/rslidar_msg/rslidar_msg_s__rosidl_typesupport_fastrtps_c.cpython-310-x86_64-linux-gnu.so
[0.598s] -- Up-to-date: /home/future/Documents/pengyh/RobotAD_ws/install/rslidar_msg/local/lib/python3.10/dist-packages/rslidar_msg/rslidar_msg_s__rosidl_typesupport_introspection_c.cpython-310-x86_64-linux-gnu.so
[0.599s] -- Up-to-date: /home/future/Documents/pengyh/RobotAD_ws/install/rslidar_msg/local/lib/python3.10/dist-packages/rslidar_msg/rslidar_msg_s__rosidl_typesupport_c.cpython-310-x86_64-linux-gnu.so
[0.599s] -- Up-to-date: /home/future/Documents/pengyh/RobotAD_ws/install/rslidar_msg/lib/librslidar_msg__rosidl_generator_py.so
[0.600s] -- Up-to-date: /home/future/Documents/pengyh/RobotAD_ws/install/rslidar_msg/share/rslidar_msg/msg/RslidarPacket.idl
[0.600s] -- Up-to-date: /home/future/Documents/pengyh/RobotAD_ws/install/rslidar_msg/share/rslidar_msg/msg/RslidarPacket.msg
[0.602s] -- Up-to-date: /home/future/Documents/pengyh/RobotAD_ws/install/rslidar_msg/share/ament_index/resource_index/package_run_dependencies/rslidar_msg
[0.602s] -- Up-to-date: /home/future/Documents/pengyh/RobotAD_ws/install/rslidar_msg/share/ament_index/resource_index/parent_prefix_path/rslidar_msg
[0.602s] -- Up-to-date: /home/future/Documents/pengyh/RobotAD_ws/install/rslidar_msg/share/rslidar_msg/environment/ament_prefix_path.sh
[0.602s] -- Up-to-date: /home/future/Documents/pengyh/RobotAD_ws/install/rslidar_msg/share/rslidar_msg/environment/ament_prefix_path.dsv
[0.603s] -- Up-to-date: /home/future/Documents/pengyh/RobotAD_ws/install/rslidar_msg/share/rslidar_msg/environment/path.sh
[0.603s] -- Up-to-date: /home/future/Documents/pengyh/RobotAD_ws/install/rslidar_msg/share/rslidar_msg/environment/path.dsv
[0.603s] -- Up-to-date: /home/future/Documents/pengyh/RobotAD_ws/install/rslidar_msg/share/rslidar_msg/local_setup.bash
[0.603s] -- Up-to-date: /home/future/Documents/pengyh/RobotAD_ws/install/rslidar_msg/share/rslidar_msg/local_setup.sh
[0.603s] -- Up-to-date: /home/future/Documents/pengyh/RobotAD_ws/install/rslidar_msg/share/rslidar_msg/local_setup.zsh
[0.603s] -- Up-to-date: /home/future/Documents/pengyh/RobotAD_ws/install/rslidar_msg/share/rslidar_msg/local_setup.dsv
[0.604s] -- Installing: /home/future/Documents/pengyh/RobotAD_ws/install/rslidar_msg/share/rslidar_msg/package.dsv
[0.604s] -- Up-to-date: /home/future/Documents/pengyh/RobotAD_ws/install/rslidar_msg/share/ament_index/resource_index/packages/rslidar_msg
[0.605s] -- Up-to-date: /home/future/Documents/pengyh/RobotAD_ws/install/rslidar_msg/share/rslidar_msg/cmake/export_rslidar_msg__rosidl_generator_cExport.cmake
[0.605s] -- Up-to-date: /home/future/Documents/pengyh/RobotAD_ws/install/rslidar_msg/share/rslidar_msg/cmake/export_rslidar_msg__rosidl_generator_cExport-noconfig.cmake
[0.605s] -- Up-to-date: /home/future/Documents/pengyh/RobotAD_ws/install/rslidar_msg/share/rslidar_msg/cmake/export_rslidar_msg__rosidl_typesupport_fastrtps_cExport.cmake
[0.605s] -- Up-to-date: /home/future/Documents/pengyh/RobotAD_ws/install/rslidar_msg/share/rslidar_msg/cmake/export_rslidar_msg__rosidl_typesupport_fastrtps_cExport-noconfig.cmake
[0.605s] -- Up-to-date: /home/future/Documents/pengyh/RobotAD_ws/install/rslidar_msg/share/rslidar_msg/cmake/export_rslidar_msg__rosidl_generator_cppExport.cmake
[0.606s] -- Up-to-date: /home/future/Documents/pengyh/RobotAD_ws/install/rslidar_msg/share/rslidar_msg/cmake/export_rslidar_msg__rosidl_typesupport_fastrtps_cppExport.cmake
[0.606s] -- Up-to-date: /home/future/Documents/pengyh/RobotAD_ws/install/rslidar_msg/share/rslidar_msg/cmake/export_rslidar_msg__rosidl_typesupport_fastrtps_cppExport-noconfig.cmake
[0.606s] -- Up-to-date: /home/future/Documents/pengyh/RobotAD_ws/install/rslidar_msg/share/rslidar_msg/cmake/rslidar_msg__rosidl_typesupport_introspection_cExport.cmake
[0.606s] -- Up-to-date: /home/future/Documents/pengyh/RobotAD_ws/install/rslidar_msg/share/rslidar_msg/cmake/rslidar_msg__rosidl_typesupport_introspection_cExport-noconfig.cmake
[0.606s] -- Up-to-date: /home/future/Documents/pengyh/RobotAD_ws/install/rslidar_msg/share/rslidar_msg/cmake/rslidar_msg__rosidl_typesupport_cExport.cmake
[0.606s] -- Up-to-date: /home/future/Documents/pengyh/RobotAD_ws/install/rslidar_msg/share/rslidar_msg/cmake/rslidar_msg__rosidl_typesupport_cExport-noconfig.cmake
[0.606s] -- Up-to-date: /home/future/Documents/pengyh/RobotAD_ws/install/rslidar_msg/share/rslidar_msg/cmake/rslidar_msg__rosidl_typesupport_introspection_cppExport.cmake
[0.606s] -- Up-to-date: /home/future/Documents/pengyh/RobotAD_ws/install/rslidar_msg/share/rslidar_msg/cmake/rslidar_msg__rosidl_typesupport_introspection_cppExport-noconfig.cmake
[0.606s] -- Up-to-date: /home/future/Documents/pengyh/RobotAD_ws/install/rslidar_msg/share/rslidar_msg/cmake/rslidar_msg__rosidl_typesupport_cppExport.cmake
[0.606s] -- Up-to-date: /home/future/Documents/pengyh/RobotAD_ws/install/rslidar_msg/share/rslidar_msg/cmake/rslidar_msg__rosidl_typesupport_cppExport-noconfig.cmake
[0.606s] -- Up-to-date: /home/future/Documents/pengyh/RobotAD_ws/install/rslidar_msg/share/rslidar_msg/cmake/export_rslidar_msg__rosidl_generator_pyExport.cmake
[0.606s] -- Up-to-date: /home/future/Documents/pengyh/RobotAD_ws/install/rslidar_msg/share/rslidar_msg/cmake/export_rslidar_msg__rosidl_generator_pyExport-noconfig.cmake
[0.606s] -- Up-to-date: /home/future/Documents/pengyh/RobotAD_ws/install/rslidar_msg/share/rslidar_msg/cmake/rosidl_cmake-extras.cmake
[0.606s] -- Up-to-date: /home/future/Documents/pengyh/RobotAD_ws/install/rslidar_msg/share/rslidar_msg/cmake/ament_cmake_export_dependencies-extras.cmake
[0.606s] -- Up-to-date: /home/future/Documents/pengyh/RobotAD_ws/install/rslidar_msg/share/rslidar_msg/cmake/ament_cmake_export_include_directories-extras.cmake
[0.606s] -- Up-to-date: /home/future/Documents/pengyh/RobotAD_ws/install/rslidar_msg/share/rslidar_msg/cmake/ament_cmake_export_libraries-extras.cmake
[0.606s] -- Up-to-date: /home/future/Documents/pengyh/RobotAD_ws/install/rslidar_msg/share/rslidar_msg/cmake/ament_cmake_export_targets-extras.cmake
[0.606s] -- Up-to-date: /home/future/Documents/pengyh/RobotAD_ws/install/rslidar_msg/share/rslidar_msg/cmake/rosidl_cmake_export_typesupport_targets-extras.cmake
[0.607s] -- Up-to-date: /home/future/Documents/pengyh/RobotAD_ws/install/rslidar_msg/share/rslidar_msg/cmake/rosidl_cmake_export_typesupport_libraries-extras.cmake
[0.607s] -- Up-to-date: /home/future/Documents/pengyh/RobotAD_ws/install/rslidar_msg/share/rslidar_msg/cmake/rslidar_msgConfig.cmake
[0.607s] -- Up-to-date: /home/future/Documents/pengyh/RobotAD_ws/install/rslidar_msg/share/rslidar_msg/cmake/rslidar_msgConfig-version.cmake
[0.607s] -- Up-to-date: /home/future/Documents/pengyh/RobotAD_ws/install/rslidar_msg/share/rslidar_msg/package.xml
[0.638s] Invoked command in '/home/future/Documents/pengyh/RobotAD_ws/build/rslidar_msg' returned '0': CMAKE_PREFIX_PATH=${CMAKE_PREFIX_PATH}:/opt/ros/humble /usr/bin/cmake --install /home/future/Documents/pengyh/RobotAD_ws/build/rslidar_msg
