-- Found ament_cmake: 1.3.10 (/opt/ros/humble/share/ament_cmake/cmake)
-- Found rclcpp: 16.0.10 (/opt/ros/humble/share/rclcpp/cmake)
-- Found rosidl_generator_c: 3.1.5 (/opt/ros/humble/share/rosidl_generator_c/cmake)
-- Found rosidl_adapter: 3.1.5 (/opt/ros/humble/share/rosidl_adapter/cmake)
-- Found rosidl_generator_cpp: 3.1.5 (/opt/ros/humble/share/rosidl_generator_cpp/cmake)
-- Using all available rosidl_typesupport_c: rosidl_typesupport_fastrtps_c;rosidl_typesupport_introspection_c
-- Using all available rosidl_typesupport_cpp: rosidl_typesupport_fastrtps_cpp;rosidl_typesupport_introspection_cpp
-- Found rmw_implementation_cmake: 6.1.2 (/opt/ros/humble/share/rmw_implementation_cmake/cmake)
-- Found rmw_fastrtps_cpp: 6.2.7 (/opt/ros/humble/share/rmw_fastrtps_cpp/cmake)
-- Using RMW implementation 'rmw_fastrtps_cpp' as default
-- Found ament_lint_auto: 0.12.11 (/opt/ros/humble/share/ament_lint_auto/cmake)
-- Added test 'cppcheck' to perform static code analysis on C / C++ code
-- Configured cppcheck include dirs: 
-- Configured cppcheck exclude dirs and/or files: 
-- Added test 'lint_cmake' to check CMake code style
-- Added test 'uncrustify' to check C / C++ code style
-- Configured uncrustify additional arguments: 
-- Added test 'xmllint' to check XML markup files
-- Configuring done
-- Generating done
-- Build files have been written to: /home/future/Documents/pengyh/RobotAD_ws/build/keyboard_control
-- Install configuration: ""
-- Up-to-date: /home/future/Documents/pengyh/RobotAD_ws/install/keyboard_control/share/ament_index/resource_index/package_run_dependencies/keyboard_control
-- Up-to-date: /home/future/Documents/pengyh/RobotAD_ws/install/keyboard_control/share/ament_index/resource_index/parent_prefix_path/keyboard_control
-- Up-to-date: /home/future/Documents/pengyh/RobotAD_ws/install/keyboard_control/share/keyboard_control/environment/ament_prefix_path.sh
-- Installing: /home/future/Documents/pengyh/RobotAD_ws/install/keyboard_control/share/keyboard_control/environment/ament_prefix_path.dsv
-- Up-to-date: /home/future/Documents/pengyh/RobotAD_ws/install/keyboard_control/share/keyboard_control/environment/path.sh
-- Installing: /home/future/Documents/pengyh/RobotAD_ws/install/keyboard_control/share/keyboard_control/environment/path.dsv
-- Up-to-date: /home/future/Documents/pengyh/RobotAD_ws/install/keyboard_control/share/keyboard_control/local_setup.bash
-- Up-to-date: /home/future/Documents/pengyh/RobotAD_ws/install/keyboard_control/share/keyboard_control/local_setup.sh
-- Up-to-date: /home/future/Documents/pengyh/RobotAD_ws/install/keyboard_control/share/keyboard_control/local_setup.zsh
-- Installing: /home/future/Documents/pengyh/RobotAD_ws/install/keyboard_control/share/keyboard_control/local_setup.dsv
-- Installing: /home/future/Documents/pengyh/RobotAD_ws/install/keyboard_control/share/keyboard_control/package.dsv
-- Up-to-date: /home/future/Documents/pengyh/RobotAD_ws/install/keyboard_control/share/ament_index/resource_index/packages/keyboard_control
-- Up-to-date: /home/future/Documents/pengyh/RobotAD_ws/install/keyboard_control/share/keyboard_control/cmake/keyboard_controlConfig.cmake
-- Up-to-date: /home/future/Documents/pengyh/RobotAD_ws/install/keyboard_control/share/keyboard_control/cmake/keyboard_controlConfig-version.cmake
-- Up-to-date: /home/future/Documents/pengyh/RobotAD_ws/install/keyboard_control/share/keyboard_control/package.xml
