[0.025s] Invoking command in '/home/future/Documents/pengyh/RobotAD_ws/build/diff_control': CMAKE_PREFIX_PATH=${CMAKE_PREFIX_PATH}:/opt/ros/humble /usr/bin/cmake /home/future/Documents/pengyh/RobotAD_ws/src/diff_control -DCMAKE_INSTALL_PREFIX=/home/future/Documents/pengyh/RobotAD_ws/install/diff_control
[0.078s] -- The CXX compiler identification is GNU 12.3.0
[0.084s] -- Detecting CXX compiler ABI info
[0.168s] -- Detecting CXX compiler ABI info - done
[0.176s] -- Check for working CXX compiler: /usr/bin/c++ - skipped
[0.176s] -- Detecting CXX compile features
[0.176s] -- Detecting CXX compile features - done
[0.179s] -- Found ament_cmake: 1.3.10 (/opt/ros/humble/share/ament_cmake/cmake)
[0.375s] -- Found Python3: /usr/bin/python3 (found version "3.10.12") found components: Interpreter 
[0.493s] -- Found hardware_interface: 2.43.1 (/opt/ros/humble/share/hardware_interface/cmake)
[0.548s] -- Found rosidl_generator_c: 3.1.5 (/opt/ros/humble/share/rosidl_generator_c/cmake)
[0.557s] -- Found rosidl_adapter: 3.1.5 (/opt/ros/humble/share/rosidl_adapter/cmake)
[0.570s] -- Found rosidl_generator_cpp: 3.1.5 (/opt/ros/humble/share/rosidl_generator_cpp/cmake)
[0.586s] -- Using all available rosidl_typesupport_c: rosidl_typesupport_fastrtps_c;rosidl_typesupport_introspection_c
[0.609s] -- Using all available rosidl_typesupport_cpp: rosidl_typesupport_fastrtps_cpp;rosidl_typesupport_introspection_cpp
[0.866s] -- Found rmw_implementation_cmake: 6.1.2 (/opt/ros/humble/share/rmw_implementation_cmake/cmake)
[0.870s] -- Found rmw_fastrtps_cpp: 6.2.7 (/opt/ros/humble/share/rmw_fastrtps_cpp/cmake)
[0.905s] -- Found TinyXML2 via Config file: TinyXML2_DIR-NOTFOUND
[0.996s] -- Found OpenSSL: /usr/lib/x86_64-linux-gnu/libcrypto.so (found version "3.0.2")  
[1.004s] -- Found TinyXML2 via Config file: TinyXML2_DIR-NOTFOUND
[1.028s] -- Found FastRTPS: /opt/ros/humble/include  
[1.031s] -- Found TinyXML2 via Config file: TinyXML2_DIR-NOTFOUND
[1.041s] -- Found TinyXML2 via Config file: TinyXML2_DIR-NOTFOUND
[1.055s] -- Using RMW implementation 'rmw_fastrtps_cpp' as default
[1.070s] -- Looking for C++ include pthread.h
[1.196s] -- Looking for C++ include pthread.h - found
[1.197s] -- Performing Test CMAKE_HAVE_LIBC_PTHREAD
[1.316s] -- Performing Test CMAKE_HAVE_LIBC_PTHREAD - Success
[1.318s] -- Found Threads: TRUE  
[1.378s] -- Found nav_interfaces: 0.0.0 (/home/future/Documents/Navigation/interface_ws/install/nav_interfaces/share/nav_interfaces/cmake)
[1.390s] -- Found rclcpp_components: 16.0.10 (/opt/ros/humble/share/rclcpp_components/cmake)
[1.419s] -- Found serial: 1.2.1 (/usr/local/share/serial/cmake)
[1.432s] [31mCMake Error at CMakeLists.txt:23 (find_package):
[1.433s]   By not providing "Findrobot_hardware.cmake" in CMAKE_MODULE_PATH this
[1.433s]   project has asked CMake to find a package configuration file provided by
[1.433s]   "robot_hardware", but CMake did not find one.
[1.434s] 
[1.434s]   Could not find a package configuration file provided by "robot_hardware"
[1.434s]   with any of the following names:
[1.435s] 
[1.435s]     robot_hardwareConfig.cmake
[1.435s]     robot_hardware-config.cmake
[1.435s] 
[1.436s]   Add the installation prefix of "robot_hardware" to CMAKE_PREFIX_PATH or set
[1.436s]   "robot_hardware_DIR" to a directory containing one of the above files.  If
[1.436s]   "robot_hardware" provides a separate development package or SDK, be sure it
[1.436s]   has been installed.
[1.437s] 
[1.437s] [0m
[1.437s] -- Configuring incomplete, errors occurred!
[1.437s] See also "/home/future/Documents/pengyh/RobotAD_ws/build/diff_control/CMakeFiles/CMakeOutput.log".
[1.445s] Invoked command in '/home/future/Documents/pengyh/RobotAD_ws/build/diff_control' returned '1': CMAKE_PREFIX_PATH=${CMAKE_PREFIX_PATH}:/opt/ros/humble /usr/bin/cmake /home/future/Documents/pengyh/RobotAD_ws/src/diff_control -DCMAKE_INSTALL_PREFIX=/home/future/Documents/pengyh/RobotAD_ws/install/diff_control
