[0.007s] Invoking command in '/home/pengyh/documents/ros2_ws/RobotAD/build/rslidar_sdk': AMENT_PREFIX_PATH=/home/pengyh/documents/ros2_ws/RobotAD/install/rslidar_msg:${AMENT_PREFIX_PATH} CMAKE_PREFIX_PATH=/home/pengyh/documents/ros2_ws/RobotAD/install/rslidar_msg:/home/pengyh/documents/ros2_ws/RobotAD/install/usb_camera:/home/pengyh/documents/ros2_ws/RobotAD/install/robot_locate:/home/pengyh/documents/ros2_ws/RobotAD/install/robot_hardware:/opt/ros/humble LD_LIBRARY_PATH=/home/pengyh/documents/ros2_ws/RobotAD/install/rslidar_msg/lib:${LD_LIBRARY_PATH} PYTHONPATH=/home/pengyh/documents/ros2_ws/RobotAD/install/rslidar_msg/local/lib/python3.10/dist-packages:${PYTHONPATH} /usr/bin/cmake --build /home/pengyh/documents/ros2_ws/RobotAD/build/rslidar_sdk -- -j24 -l24
[0.046s] [100%] Built target rslidar_sdk_node
[0.052s] Invoked command in '/home/pengyh/documents/ros2_ws/RobotAD/build/rslidar_sdk' returned '0': AMENT_PREFIX_PATH=/home/pengyh/documents/ros2_ws/RobotAD/install/rslidar_msg:${AMENT_PREFIX_PATH} CMAKE_PREFIX_PATH=/home/pengyh/documents/ros2_ws/RobotAD/install/rslidar_msg:/home/pengyh/documents/ros2_ws/RobotAD/install/usb_camera:/home/pengyh/documents/ros2_ws/RobotAD/install/robot_locate:/home/pengyh/documents/ros2_ws/RobotAD/install/robot_hardware:/opt/ros/humble LD_LIBRARY_PATH=/home/pengyh/documents/ros2_ws/RobotAD/install/rslidar_msg/lib:${LD_LIBRARY_PATH} PYTHONPATH=/home/pengyh/documents/ros2_ws/RobotAD/install/rslidar_msg/local/lib/python3.10/dist-packages:${PYTHONPATH} /usr/bin/cmake --build /home/pengyh/documents/ros2_ws/RobotAD/build/rslidar_sdk -- -j24 -l24
[0.053s] Invoking command in '/home/pengyh/documents/ros2_ws/RobotAD/build/rslidar_sdk': AMENT_PREFIX_PATH=/home/pengyh/documents/ros2_ws/RobotAD/install/rslidar_msg:${AMENT_PREFIX_PATH} CMAKE_PREFIX_PATH=/home/pengyh/documents/ros2_ws/RobotAD/install/rslidar_msg:/home/pengyh/documents/ros2_ws/RobotAD/install/usb_camera:/home/pengyh/documents/ros2_ws/RobotAD/install/robot_locate:/home/pengyh/documents/ros2_ws/RobotAD/install/robot_hardware:/opt/ros/humble LD_LIBRARY_PATH=/home/pengyh/documents/ros2_ws/RobotAD/install/rslidar_msg/lib:${LD_LIBRARY_PATH} PYTHONPATH=/home/pengyh/documents/ros2_ws/RobotAD/install/rslidar_msg/local/lib/python3.10/dist-packages:${PYTHONPATH} /usr/bin/cmake --install /home/pengyh/documents/ros2_ws/RobotAD/build/rslidar_sdk
[0.058s] -- Install configuration: "Release"
[0.058s] -- Execute custom install script
[0.058s] -- Up-to-date symlink: /home/pengyh/documents/ros2_ws/RobotAD/install/rslidar_sdk/lib/rslidar_sdk/rslidar_sdk_node
[0.058s] -- Up-to-date symlink: /home/pengyh/documents/ros2_ws/RobotAD/install/rslidar_sdk/share/rslidar_sdk/launch/elequent_start.py
[0.058s] -- Up-to-date symlink: /home/pengyh/documents/ros2_ws/RobotAD/install/rslidar_sdk/share/rslidar_sdk/launch/start.launch
[0.058s] -- Up-to-date symlink: /home/pengyh/documents/ros2_ws/RobotAD/install/rslidar_sdk/share/rslidar_sdk/launch/start.py
[0.059s] -- Up-to-date symlink: /home/pengyh/documents/ros2_ws/RobotAD/install/rslidar_sdk/share/rslidar_sdk/rviz/rviz.rviz
[0.059s] -- Up-to-date symlink: /home/pengyh/documents/ros2_ws/RobotAD/install/rslidar_sdk/share/rslidar_sdk/rviz/rviz2.rviz
[0.059s] -- Up-to-date symlink: /home/pengyh/documents/ros2_ws/RobotAD/install/rslidar_sdk/share/ament_index/resource_index/package_run_dependencies/rslidar_sdk
[0.059s] -- Up-to-date symlink: /home/pengyh/documents/ros2_ws/RobotAD/install/rslidar_sdk/share/ament_index/resource_index/parent_prefix_path/rslidar_sdk
[0.059s] -- Up-to-date symlink: /home/pengyh/documents/ros2_ws/RobotAD/install/rslidar_sdk/share/rslidar_sdk/environment/ament_prefix_path.sh
[0.059s] -- Up-to-date symlink: /home/pengyh/documents/ros2_ws/RobotAD/install/rslidar_sdk/share/rslidar_sdk/environment/ament_prefix_path.dsv
[0.059s] -- Up-to-date symlink: /home/pengyh/documents/ros2_ws/RobotAD/install/rslidar_sdk/share/rslidar_sdk/environment/path.sh
[0.059s] -- Up-to-date symlink: /home/pengyh/documents/ros2_ws/RobotAD/install/rslidar_sdk/share/rslidar_sdk/environment/path.dsv
[0.059s] -- Up-to-date symlink: /home/pengyh/documents/ros2_ws/RobotAD/install/rslidar_sdk/share/rslidar_sdk/local_setup.bash
[0.059s] -- Up-to-date symlink: /home/pengyh/documents/ros2_ws/RobotAD/install/rslidar_sdk/share/rslidar_sdk/local_setup.sh
[0.059s] -- Up-to-date symlink: /home/pengyh/documents/ros2_ws/RobotAD/install/rslidar_sdk/share/rslidar_sdk/local_setup.zsh
[0.060s] -- Up-to-date symlink: /home/pengyh/documents/ros2_ws/RobotAD/install/rslidar_sdk/share/rslidar_sdk/local_setup.dsv
[0.060s] -- Symlinking: /home/pengyh/documents/ros2_ws/RobotAD/install/rslidar_sdk/share/rslidar_sdk/package.dsv
[0.064s] -- Up-to-date symlink: /home/pengyh/documents/ros2_ws/RobotAD/install/rslidar_sdk/share/ament_index/resource_index/packages/rslidar_sdk
[0.064s] -- Up-to-date symlink: /home/pengyh/documents/ros2_ws/RobotAD/install/rslidar_sdk/share/rslidar_sdk/cmake/rslidar_sdkConfig.cmake
[0.064s] -- Up-to-date symlink: /home/pengyh/documents/ros2_ws/RobotAD/install/rslidar_sdk/share/rslidar_sdk/cmake/rslidar_sdkConfig-version.cmake
[0.064s] -- Up-to-date symlink: /home/pengyh/documents/ros2_ws/RobotAD/install/rslidar_sdk/share/rslidar_sdk/package.xml
[0.079s] Invoked command in '/home/pengyh/documents/ros2_ws/RobotAD/build/rslidar_sdk' returned '0': AMENT_PREFIX_PATH=/home/pengyh/documents/ros2_ws/RobotAD/install/rslidar_msg:${AMENT_PREFIX_PATH} CMAKE_PREFIX_PATH=/home/pengyh/documents/ros2_ws/RobotAD/install/rslidar_msg:/home/pengyh/documents/ros2_ws/RobotAD/install/usb_camera:/home/pengyh/documents/ros2_ws/RobotAD/install/robot_locate:/home/pengyh/documents/ros2_ws/RobotAD/install/robot_hardware:/opt/ros/humble LD_LIBRARY_PATH=/home/pengyh/documents/ros2_ws/RobotAD/install/rslidar_msg/lib:${LD_LIBRARY_PATH} PYTHONPATH=/home/pengyh/documents/ros2_ws/RobotAD/install/rslidar_msg/local/lib/python3.10/dist-packages:${PYTHONPATH} /usr/bin/cmake --install /home/pengyh/documents/ros2_ws/RobotAD/build/rslidar_sdk
