[0.012s] Invoking command in '/home/future/Documents/pengyh/RobotAD_ws/build/robot_hardware': CMAKE_PREFIX_PATH=${CMAKE_PREFIX_PATH}:/home/future/Documents/Robot/nav_ws/install/show_urdf:/home/future/Documents/Robot/nav_ws/install/serial_bridge:/home/future/Documents/Robot/nav_ws/install/ros_tcp_endpoint:/home/future/Documents/Robot/nav_ws/install/remove_obstacle:/home/future/Documents/Robot/nav_ws/install/keyboard_control:/opt/ros/humble CONDA_PROMPT_MODIFIER=(base) /usr/bin/cmake --build /home/future/Documents/pengyh/RobotAD_ws/build/robot_hardware -- -j24 -l24
[0.051s] [  3%] Built target robot_hardware__cpp
[0.052s] [ 12%] Built target robot_hardware__rosidl_generator_c
[0.058s] [ 12%] Built target ament_cmake_python_symlink_robot_hardware
[0.066s] [ 21%] Built target robot_hardware__rosidl_typesupport_introspection_c
[0.067s] [ 30%] Built target robot_hardware__rosidl_typesupport_c
[0.068s] [ 39%] Built target robot_hardware__rosidl_typesupport_fastrtps_cpp
[0.068s] [ 48%] Built target robot_hardware__rosidl_typesupport_cpp
[0.068s] [ 57%] Built target robot_hardware__rosidl_typesupport_fastrtps_c
[0.071s] [ 66%] Built target robot_hardware__rosidl_typesupport_introspection_cpp
[0.076s] [35m[1mConsolidate compiler generated dependencies of target hardware_manager[0m
[0.084s] [ 66%] Built target robot_hardware
[0.089s] [ 69%] [32mBuilding CXX object CMakeFiles/hardware_manager.dir/src/hardware_manager.cpp.o[0m
[0.100s] [ 72%] Built target robot_hardware__py
[0.119s] [ 78%] Built target robot_hardware__rosidl_generator_py
[0.139s] [ 84%] Built target robot_hardware__rosidl_typesupport_introspection_c__pyext
[0.139s] [ 90%] Built target robot_hardware__rosidl_typesupport_c__pyext
[0.140s] [ 96%] Built target robot_hardware__rosidl_typesupport_fastrtps_c__pyext
[0.221s] [01m[K/home/future/Documents/pengyh/RobotAD_ws/src/robot_hardware/src/hardware_manager.cpp:106:10:[m[K [01;31m[Kfatal error: [m[Khardware_interface/system_interface.hpp: No such file or directory
[0.222s]   106 | #include [01;31m[K<hardware_interface/system_interface.hpp>[m[K
[0.222s]       |          [01;31m[K^~~~~~~~~~~~~~~~~~~~~~~~~~~~~~~~~~~~~~~~~[m[K
[0.222s] compilation terminated.
[0.225s] gmake[2]: *** [CMakeFiles/hardware_manager.dir/build.make:76: CMakeFiles/hardware_manager.dir/src/hardware_manager.cpp.o] Error 1
[0.225s] gmake[1]: *** [CMakeFiles/Makefile2:593: CMakeFiles/hardware_manager.dir/all] Error 2
[0.225s] gmake[1]: *** Waiting for unfinished jobs....
[0.288s] running egg_info
[0.289s] writing robot_hardware.egg-info/PKG-INFO
[0.289s] writing dependency_links to robot_hardware.egg-info/dependency_links.txt
[0.289s] writing top-level names to robot_hardware.egg-info/top_level.txt
[0.292s] reading manifest file 'robot_hardware.egg-info/SOURCES.txt'
[0.292s] writing manifest file 'robot_hardware.egg-info/SOURCES.txt'
[0.314s] [ 96%] Built target ament_cmake_python_build_robot_hardware_egg
[0.314s] gmake: *** [Makefile:146: all] Error 2
[0.317s] Invoked command in '/home/future/Documents/pengyh/RobotAD_ws/build/robot_hardware' returned '2': CMAKE_PREFIX_PATH=${CMAKE_PREFIX_PATH}:/home/future/Documents/Robot/nav_ws/install/show_urdf:/home/future/Documents/Robot/nav_ws/install/serial_bridge:/home/future/Documents/Robot/nav_ws/install/ros_tcp_endpoint:/home/future/Documents/Robot/nav_ws/install/remove_obstacle:/home/future/Documents/Robot/nav_ws/install/keyboard_control:/opt/ros/humble CONDA_PROMPT_MODIFIER=(base) /usr/bin/cmake --build /home/future/Documents/pengyh/RobotAD_ws/build/robot_hardware -- -j24 -l24
