[0.054s] Invoking command in '/home/future/Documents/pengyh/RobotAD_ws/build/rslidar_sdk': CMAKE_PREFIX_PATH=/home/future/Documents/pengyh/RobotAD_ws/install/rslidar_msg:/home/future/Documents/pengyh/RobotAD_ws/install/usb_camera:/home/future/Documents/pengyh/RobotAD_ws/install/serial_comm:/home/future/Documents/pengyh/RobotAD_ws/install/rslidar_sdk:/home/future/Documents/pengyh/RobotAD_ws/install/robot_locate:/home/future/Documents/pengyh/RobotAD_ws/install/robot_hardware:/home/future/Documents/pengyh/RobotAD_ws/install/pointcloud_to_laserscan:/home/future/Documents/pengyh/RobotAD_ws/install/miiboo_imu:/home/future/Documents/pengyh/RobotAD_ws/install/keyboard_control:/home/future/Documents/pengyh/RobotAD_ws/install/diff_control:/home/future/Documents/VIW-FUSION/install/vins:/home/future/Documents/VIW-FUSION/install/loop_fusion:/home/future/Documents/VIW-FUSION/install/global_fusion:/home/future/Documents/VIW-FUSION/install/camera_models:/home/future/Documents/people_tracker/install/people_msgs:/home/future/Documents/people_tracker/install/leg_tracker_ros2:/home/future/Documents/Navigation/interface_ws/install/nav_interfaces:/opt/ros/humble /usr/bin/cmake --build /home/future/Documents/pengyh/RobotAD_ws/build/rslidar_sdk -- -j24 -l24
[0.141s] [100%] Built target rslidar_sdk_node
[0.153s] Invoked command in '/home/future/Documents/pengyh/RobotAD_ws/build/rslidar_sdk' returned '0': CMAKE_PREFIX_PATH=/home/future/Documents/pengyh/RobotAD_ws/install/rslidar_msg:/home/future/Documents/pengyh/RobotAD_ws/install/usb_camera:/home/future/Documents/pengyh/RobotAD_ws/install/serial_comm:/home/future/Documents/pengyh/RobotAD_ws/install/rslidar_sdk:/home/future/Documents/pengyh/RobotAD_ws/install/robot_locate:/home/future/Documents/pengyh/RobotAD_ws/install/robot_hardware:/home/future/Documents/pengyh/RobotAD_ws/install/pointcloud_to_laserscan:/home/future/Documents/pengyh/RobotAD_ws/install/miiboo_imu:/home/future/Documents/pengyh/RobotAD_ws/install/keyboard_control:/home/future/Documents/pengyh/RobotAD_ws/install/diff_control:/home/future/Documents/VIW-FUSION/install/vins:/home/future/Documents/VIW-FUSION/install/loop_fusion:/home/future/Documents/VIW-FUSION/install/global_fusion:/home/future/Documents/VIW-FUSION/install/camera_models:/home/future/Documents/people_tracker/install/people_msgs:/home/future/Documents/people_tracker/install/leg_tracker_ros2:/home/future/Documents/Navigation/interface_ws/install/nav_interfaces:/opt/ros/humble /usr/bin/cmake --build /home/future/Documents/pengyh/RobotAD_ws/build/rslidar_sdk -- -j24 -l24
[0.157s] Invoking command in '/home/future/Documents/pengyh/RobotAD_ws/build/rslidar_sdk': CMAKE_PREFIX_PATH=/home/future/Documents/pengyh/RobotAD_ws/install/rslidar_msg:/home/future/Documents/pengyh/RobotAD_ws/install/usb_camera:/home/future/Documents/pengyh/RobotAD_ws/install/serial_comm:/home/future/Documents/pengyh/RobotAD_ws/install/rslidar_sdk:/home/future/Documents/pengyh/RobotAD_ws/install/robot_locate:/home/future/Documents/pengyh/RobotAD_ws/install/robot_hardware:/home/future/Documents/pengyh/RobotAD_ws/install/pointcloud_to_laserscan:/home/future/Documents/pengyh/RobotAD_ws/install/miiboo_imu:/home/future/Documents/pengyh/RobotAD_ws/install/keyboard_control:/home/future/Documents/pengyh/RobotAD_ws/install/diff_control:/home/future/Documents/VIW-FUSION/install/vins:/home/future/Documents/VIW-FUSION/install/loop_fusion:/home/future/Documents/VIW-FUSION/install/global_fusion:/home/future/Documents/VIW-FUSION/install/camera_models:/home/future/Documents/people_tracker/install/people_msgs:/home/future/Documents/people_tracker/install/leg_tracker_ros2:/home/future/Documents/Navigation/interface_ws/install/nav_interfaces:/opt/ros/humble /usr/bin/cmake --install /home/future/Documents/pengyh/RobotAD_ws/build/rslidar_sdk
[0.169s] -- Install configuration: "Release"
[0.169s] -- Up-to-date: /home/future/Documents/pengyh/RobotAD_ws/install/rslidar_sdk/lib/rslidar_sdk/rslidar_sdk_node
[0.169s] -- Up-to-date: /home/future/Documents/pengyh/RobotAD_ws/install/rslidar_sdk/share/rslidar_sdk/launch
[0.172s] -- Up-to-date: /home/future/Documents/pengyh/RobotAD_ws/install/rslidar_sdk/share/rslidar_sdk/launch/elequent_start.py
[0.173s] -- Up-to-date: /home/future/Documents/pengyh/RobotAD_ws/install/rslidar_sdk/share/rslidar_sdk/launch/start.launch
[0.174s] -- Up-to-date: /home/future/Documents/pengyh/RobotAD_ws/install/rslidar_sdk/share/rslidar_sdk/launch/start.py
[0.175s] -- Up-to-date: /home/future/Documents/pengyh/RobotAD_ws/install/rslidar_sdk/share/rslidar_sdk/rviz
[0.176s] -- Up-to-date: /home/future/Documents/pengyh/RobotAD_ws/install/rslidar_sdk/share/rslidar_sdk/rviz/rviz.rviz
[0.176s] -- Up-to-date: /home/future/Documents/pengyh/RobotAD_ws/install/rslidar_sdk/share/rslidar_sdk/rviz/rviz2.rviz
[0.177s] -- Up-to-date: /home/future/Documents/pengyh/RobotAD_ws/install/rslidar_sdk/share/ament_index/resource_index/package_run_dependencies/rslidar_sdk
[0.177s] -- Up-to-date: /home/future/Documents/pengyh/RobotAD_ws/install/rslidar_sdk/share/ament_index/resource_index/parent_prefix_path/rslidar_sdk
[0.178s] -- Up-to-date: /home/future/Documents/pengyh/RobotAD_ws/install/rslidar_sdk/share/rslidar_sdk/environment/ament_prefix_path.sh
[0.178s] -- Up-to-date: /home/future/Documents/pengyh/RobotAD_ws/install/rslidar_sdk/share/rslidar_sdk/environment/ament_prefix_path.dsv
[0.180s] -- Up-to-date: /home/future/Documents/pengyh/RobotAD_ws/install/rslidar_sdk/share/rslidar_sdk/environment/path.sh
[0.180s] -- Up-to-date: /home/future/Documents/pengyh/RobotAD_ws/install/rslidar_sdk/share/rslidar_sdk/environment/path.dsv
[0.181s] -- Up-to-date: /home/future/Documents/pengyh/RobotAD_ws/install/rslidar_sdk/share/rslidar_sdk/local_setup.bash
[0.181s] -- Up-to-date: /home/future/Documents/pengyh/RobotAD_ws/install/rslidar_sdk/share/rslidar_sdk/local_setup.sh
[0.181s] -- Up-to-date: /home/future/Documents/pengyh/RobotAD_ws/install/rslidar_sdk/share/rslidar_sdk/local_setup.zsh
[0.182s] -- Up-to-date: /home/future/Documents/pengyh/RobotAD_ws/install/rslidar_sdk/share/rslidar_sdk/local_setup.dsv
[0.183s] -- Installing: /home/future/Documents/pengyh/RobotAD_ws/install/rslidar_sdk/share/rslidar_sdk/package.dsv
[0.183s] -- Up-to-date: /home/future/Documents/pengyh/RobotAD_ws/install/rslidar_sdk/share/ament_index/resource_index/packages/rslidar_sdk
[0.184s] -- Up-to-date: /home/future/Documents/pengyh/RobotAD_ws/install/rslidar_sdk/share/rslidar_sdk/cmake/rslidar_sdkConfig.cmake
[0.184s] -- Up-to-date: /home/future/Documents/pengyh/RobotAD_ws/install/rslidar_sdk/share/rslidar_sdk/cmake/rslidar_sdkConfig-version.cmake
[0.185s] -- Up-to-date: /home/future/Documents/pengyh/RobotAD_ws/install/rslidar_sdk/share/rslidar_sdk/package.xml
[0.194s] Invoked command in '/home/future/Documents/pengyh/RobotAD_ws/build/rslidar_sdk' returned '0': CMAKE_PREFIX_PATH=/home/future/Documents/pengyh/RobotAD_ws/install/rslidar_msg:/home/future/Documents/pengyh/RobotAD_ws/install/usb_camera:/home/future/Documents/pengyh/RobotAD_ws/install/serial_comm:/home/future/Documents/pengyh/RobotAD_ws/install/rslidar_sdk:/home/future/Documents/pengyh/RobotAD_ws/install/robot_locate:/home/future/Documents/pengyh/RobotAD_ws/install/robot_hardware:/home/future/Documents/pengyh/RobotAD_ws/install/pointcloud_to_laserscan:/home/future/Documents/pengyh/RobotAD_ws/install/miiboo_imu:/home/future/Documents/pengyh/RobotAD_ws/install/keyboard_control:/home/future/Documents/pengyh/RobotAD_ws/install/diff_control:/home/future/Documents/VIW-FUSION/install/vins:/home/future/Documents/VIW-FUSION/install/loop_fusion:/home/future/Documents/VIW-FUSION/install/global_fusion:/home/future/Documents/VIW-FUSION/install/camera_models:/home/future/Documents/people_tracker/install/people_msgs:/home/future/Documents/people_tracker/install/leg_tracker_ros2:/home/future/Documents/Navigation/interface_ws/install/nav_interfaces:/opt/ros/humble /usr/bin/cmake --install /home/future/Documents/pengyh/RobotAD_ws/build/rslidar_sdk
