[0.019s] Invoking command in '/home/pengyh/documents/ros2_ws/RobotAD/build/rslidar_msg': CMAKE_PREFIX_PATH=${CMAKE_PREFIX_PATH}:/opt/ros/humble CONDA_PROMPT_MODIFIER=(base) /usr/bin/cmake /home/pengyh/documents/ros2_ws/RobotAD/src/rslidar_msg -DAMENT_CMAKE_SYMLINK_INSTALL=1 -DCMAKE_INSTALL_PREFIX=/home/pengyh/documents/ros2_ws/RobotAD/install/rslidar_msg
[0.064s] -- The C compiler identification is GNU 11.4.0
[0.102s] -- The CXX compiler identification is GNU 11.4.0
[0.106s] -- Detecting C compiler ABI info
[0.147s] -- Detecting C compiler ABI info - done
[0.151s] -- Check for working C compiler: /usr/bin/cc - skipped
[0.151s] -- Detecting C compile features
[0.151s] -- Detecting C compile features - done
[0.153s] -- Detecting CXX compiler ABI info
[0.201s] -- Detecting CXX compiler ABI info - done
[0.206s] -- Check for working CXX compiler: /usr/bin/c++ - skipped
[0.207s] -- Detecting CXX compile features
[0.207s] -- Detecting CXX compile features - done
[0.208s] -- Found ament_cmake: 1.3.11 (/opt/ros/humble/share/ament_cmake/cmake)
[0.460s] -- Found Python3: /home/pengyh/softwares/anaconda3/bin/python3 (found version "3.12.2") found components: Interpreter 
[0.512s] -- Override CMake install command with custom implementation using symlinks instead of copying resources
[0.524s] -- Found std_msgs: 4.2.4 (/opt/ros/humble/share/std_msgs/cmake)
[0.544s] -- Found rosidl_generator_c: 3.1.6 (/opt/ros/humble/share/rosidl_generator_c/cmake)
[0.546s] -- Found rosidl_adapter: 3.1.6 (/opt/ros/humble/share/rosidl_adapter/cmake)
[0.551s] -- Found rosidl_generator_cpp: 3.1.6 (/opt/ros/humble/share/rosidl_generator_cpp/cmake)
[0.557s] -- Using all available rosidl_typesupport_c: rosidl_typesupport_fastrtps_c;rosidl_typesupport_introspection_c
[0.566s] -- Using all available rosidl_typesupport_cpp: rosidl_typesupport_fastrtps_cpp;rosidl_typesupport_introspection_cpp
[0.580s] -- Found rclcpp: 16.0.11 (/opt/ros/humble/share/rclcpp/cmake)
[0.599s] -- Found rmw_implementation_cmake: 6.1.2 (/opt/ros/humble/share/rmw_implementation_cmake/cmake)
[0.601s] -- Found rmw_fastrtps_cpp: 6.2.7 (/opt/ros/humble/share/rmw_fastrtps_cpp/cmake)
[0.648s] -- Found OpenSSL: /usr/lib/x86_64-linux-gnu/libcrypto.so (found version "3.0.2")  
[0.666s] -- Found FastRTPS: /opt/ros/humble/include  
[0.692s] -- Using RMW implementation 'rmw_fastrtps_cpp' as default
[0.697s] -- Looking for pthread.h
[0.745s] -- Looking for pthread.h - found
[0.745s] -- Performing Test CMAKE_HAVE_LIBC_PTHREAD
[0.785s] -- Performing Test CMAKE_HAVE_LIBC_PTHREAD - Success
[0.786s] -- Found Threads: TRUE  
[0.808s] -- Found rosidl_default_generators: 1.2.0 (/opt/ros/humble/share/rosidl_default_generators/cmake)
[1.005s] -- Found ament_cmake_ros: 0.10.0 (/opt/ros/humble/share/ament_cmake_ros/cmake)
[1.225s] -- Using all available rosidl_typesupport_c: rosidl_typesupport_fastrtps_c;rosidl_typesupport_introspection_c
[1.307s] -- Using all available rosidl_typesupport_cpp: rosidl_typesupport_fastrtps_cpp;rosidl_typesupport_introspection_cpp
[1.325s] -- Found PythonInterp: /home/pengyh/softwares/anaconda3/bin/python3 (found suitable version "3.12.2", minimum required is "3.6") 
[1.326s] -- Found python_cmake_module: 0.10.0 (/opt/ros/humble/share/python_cmake_module/cmake)
[1.341s] -- Found PythonLibs: /home/pengyh/softwares/anaconda3/lib/libpython3.12.so (found suitable version "3.12.2", minimum required is "3.5") 
[1.341s] -- Using PYTHON_EXECUTABLE: /home/pengyh/softwares/anaconda3/bin/python3
[1.341s] -- Using PYTHON_INCLUDE_DIRS: /home/pengyh/softwares/anaconda3/include/python3.12
[1.341s] -- Using PYTHON_LIBRARIES: /home/pengyh/softwares/anaconda3/lib/libpython3.12.so
[1.358s] -- Found PythonExtra: .so  
[1.461s] -- Using numpy include directory: /home/pengyh/softwares/anaconda3/lib/python3.12/site-packages/numpy/core/include
[1.469s] -- Found ament_lint_auto: 0.12.11 (/opt/ros/humble/share/ament_lint_auto/cmake)
[1.478s] -- Added test 'copyright' to check source files copyright and LICENSE
[1.479s] -- Added test 'lint_cmake' to check CMake code style
[1.480s] -- Added test 'xmllint' to check XML markup files
[1.481s] -- Configuring done
[1.499s] -- Generating done
[1.505s] -- Build files have been written to: /home/pengyh/documents/ros2_ws/RobotAD/build/rslidar_msg
