[0.015s] Invoking command in '/home/pengyh/documents/ros2_ws/RobotAD/build/nuscenes_data_collector': CMAKE_PREFIX_PATH=${CMAKE_PREFIX_PATH}:/opt/ros/humble /usr/bin/cmake /home/pengyh/documents/ros2_ws/RobotAD/src/nuscenes_data_collector -DAMENT_CMAKE_SYMLINK_INSTALL=1 -DCMAKE_INSTALL_PREFIX=/home/pengyh/documents/ros2_ws/RobotAD/install/nuscenes_data_collector
[0.076s] -- The C compiler identification is GNU 11.4.0
[0.112s] -- The CXX compiler identification is GNU 11.4.0
[0.118s] -- Detecting C compiler ABI info
[0.162s] -- Detecting C compiler ABI info - done
[0.167s] -- Check for working C compiler: /usr/bin/cc - skipped
[0.167s] -- Detecting C compile features
[0.167s] -- Detecting C compile features - done
[0.169s] -- Detecting CXX compiler ABI info
[0.217s] -- Detecting CXX compiler ABI info - done
[0.222s] -- Check for working CXX compiler: /usr/bin/c++ - skipped
[0.223s] -- Detecting CXX compile features
[0.223s] -- Detecting CXX compile features - done
[0.224s] -- Found ament_cmake: 1.3.11 (/opt/ros/humble/share/ament_cmake/cmake)
[0.326s] -- Found Python3: /usr/bin/python3 (found version "3.10.12") found components: Interpreter 
[0.363s] -- Override CMake install command with custom implementation using symlinks instead of copying resources
[0.380s] -- Found rclcpp: 16.0.11 (/opt/ros/humble/share/rclcpp/cmake)
[0.402s] -- Found rosidl_generator_c: 3.1.6 (/opt/ros/humble/share/rosidl_generator_c/cmake)
[0.404s] -- Found rosidl_adapter: 3.1.6 (/opt/ros/humble/share/rosidl_adapter/cmake)
[0.409s] -- Found rosidl_generator_cpp: 3.1.6 (/opt/ros/humble/share/rosidl_generator_cpp/cmake)
[0.415s] -- Using all available rosidl_typesupport_c: rosidl_typesupport_fastrtps_c;rosidl_typesupport_introspection_c
[0.424s] -- Using all available rosidl_typesupport_cpp: rosidl_typesupport_fastrtps_cpp;rosidl_typesupport_introspection_cpp
[0.458s] -- Found rmw_implementation_cmake: 6.1.2 (/opt/ros/humble/share/rmw_implementation_cmake/cmake)
[0.461s] -- Found rmw_fastrtps_cpp: 6.2.7 (/opt/ros/humble/share/rmw_fastrtps_cpp/cmake)
[0.527s] -- Found OpenSSL: /usr/lib/x86_64-linux-gnu/libcrypto.so (found version "3.0.2")  
[0.544s] -- Found FastRTPS: /opt/ros/humble/include  
[0.567s] -- Using RMW implementation 'rmw_fastrtps_cpp' as default
[0.571s] -- Looking for pthread.h
[0.612s] -- Looking for pthread.h - found
[0.612s] -- Performing Test CMAKE_HAVE_LIBC_PTHREAD
[0.655s] -- Performing Test CMAKE_HAVE_LIBC_PTHREAD - Success
[0.656s] -- Found Threads: TRUE  
[0.688s] -- Found sensor_msgs: 4.2.4 (/opt/ros/humble/share/sensor_msgs/cmake)
[0.705s] -- Found pcl_conversions: 2.4.5 (/opt/ros/humble/share/pcl_conversions/cmake)
[0.733s] -- Checking for module 'eigen3'
[0.743s] --   Found eigen3, version 3.4.0
[0.767s] -- Found Eigen: /usr/include/eigen3 (Required is at least version "3.1") 
[0.767s] -- Eigen found (include: /usr/include/eigen3, version: 3.4.0)
[0.795s] -- Checking for module 'flann'
[0.806s] --   Found flann, version 1.9.1
[0.833s] -- Found FLANN: /usr/lib/x86_64-linux-gnu/libflann_cpp.so  
[0.833s] -- FLANN found (include: /usr/include, lib: /usr/lib/x86_64-linux-gnu/libflann_cpp.so)
[1.477s] -- Checking for module 'libusb-1.0'
[1.488s] --   Found libusb-1.0, version 1.0.25
[1.513s] -- Found libusb: /usr/lib/x86_64-linux-gnu/libusb-1.0.so  
[1.514s] -- OpenNI found (version: 1.5.4.0, include: /usr/include/ni, lib: /usr/lib/libOpenNI.so;libusb::libusb)
[1.555s] -- OpenNI2 found (version: 2.2.0.33, include: /usr/include/openni2, lib: /usr/lib/x86_64-linux-gnu/libOpenNI2.so;libusb::libusb)
[1.655s] -- Eigen found (include: /usr/include/eigen3, version: 3.4.0)
[1.659s] -- OpenNI found (version: 1.5.4.0, include: /usr/include/ni, lib: /usr/lib/libOpenNI.so;libusb::libusb)
[1.663s] -- OpenNI2 found (version: 2.2.0.33, include: /usr/include/openni2, lib: /usr/lib/x86_64-linux-gnu/libOpenNI2.so;libusb::libusb)
[1.766s] -- Found Qhull version 8.0.2
[1.859s] -- OpenNI found (version: 1.5.4.0, include: /usr/include/ni, lib: /usr/lib/libOpenNI.so;libusb::libusb)
[1.951s] -- Found PCL_COMMON: /usr/lib/x86_64-linux-gnu/libpcl_common.so  
[1.951s] -- Found PCL_KDTREE: /usr/lib/x86_64-linux-gnu/libpcl_kdtree.so  
[1.952s] -- Found PCL_OCTREE: /usr/lib/x86_64-linux-gnu/libpcl_octree.so  
[1.952s] -- Found PCL_SEARCH: /usr/lib/x86_64-linux-gnu/libpcl_search.so  
[1.953s] -- Found PCL_SAMPLE_CONSENSUS: /usr/lib/x86_64-linux-gnu/libpcl_sample_consensus.so  
[1.953s] -- Found PCL_FILTERS: /usr/lib/x86_64-linux-gnu/libpcl_filters.so  
[1.953s] -- Found PCL_2D: /usr/include/pcl-1.12  
[1.953s] -- Found PCL_GEOMETRY: /usr/include/pcl-1.12  
[1.954s] -- Found PCL_IO: /usr/lib/x86_64-linux-gnu/libpcl_io.so  
[1.954s] -- Found PCL_FEATURES: /usr/lib/x86_64-linux-gnu/libpcl_features.so  
[1.955s] -- Found PCL_ML: /usr/lib/x86_64-linux-gnu/libpcl_ml.so  
[1.955s] -- Found PCL_SEGMENTATION: /usr/lib/x86_64-linux-gnu/libpcl_segmentation.so  
[1.956s] -- Found PCL_VISUALIZATION: /usr/lib/x86_64-linux-gnu/libpcl_visualization.so  
[1.957s] -- Found PCL_SURFACE: /usr/lib/x86_64-linux-gnu/libpcl_surface.so  
[1.957s] -- Found PCL_REGISTRATION: /usr/lib/x86_64-linux-gnu/libpcl_registration.so  
[1.958s] -- Found PCL_KEYPOINTS: /usr/lib/x86_64-linux-gnu/libpcl_keypoints.so  
[1.958s] -- Found PCL_TRACKING: /usr/lib/x86_64-linux-gnu/libpcl_tracking.so  
[1.959s] -- Found PCL_RECOGNITION: /usr/lib/x86_64-linux-gnu/libpcl_recognition.so  
[1.959s] -- Found PCL_STEREO: /usr/lib/x86_64-linux-gnu/libpcl_stereo.so  
[1.960s] -- Found PCL_APPS: /usr/lib/x86_64-linux-gnu/libpcl_apps.so  
[1.960s] -- Found PCL_IN_HAND_SCANNER: /usr/include/pcl-1.12  
[1.960s] -- Found PCL_MODELER: /usr/include/pcl-1.12  
[1.970s] -- Found PCL_POINT_CLOUD_EDITOR: /usr/include/pcl-1.12  
[1.971s] -- Found PCL_OUTOFCORE: /usr/lib/x86_64-linux-gnu/libpcl_outofcore.so  
[1.971s] -- Found PCL_PEOPLE: /usr/lib/x86_64-linux-gnu/libpcl_people.so  
[1.979s] -- Found nlohmann_json: /usr/lib/cmake/nlohmann_json/nlohmann_jsonConfig.cmake (found version "3.10.5") 
[1.981s] -- Found nav_msgs: 4.2.4 (/opt/ros/humble/share/nav_msgs/cmake)
[1.997s] -- Found vision_msgs: 4.1.1 (/opt/ros/humble/share/vision_msgs/cmake)
[2.013s] -- Found OpenCV: /usr (found version "4.5.4") 
[2.013s] -- Found cv_bridge: 3.2.1 (/opt/ros/humble/share/cv_bridge/cmake)
[2.078s] -- Configuring done
[2.128s] -- Generating done
[2.137s] -- Build files have been written to: /home/pengyh/documents/ros2_ws/RobotAD/build/nuscenes_data_collector
