[0.065s] DEBUG:colcon:Command line arguments: ['/usr/bin/colcon', 'build']
[0.066s] DEBUG:colcon:Parsed command line arguments: Namespace(log_base=None, log_level=None, verb_name='build', build_base='build', install_base='install', merge_install=False, symlink_install=False, test_result_base=None, continue_on_error=False, executor='parallel', parallel_workers=24, event_handlers=None, ignore_user_meta=False, metas=['./colcon.meta'], base_paths=['.'], packages_ignore=None, packages_ignore_regex=None, paths=None, packages_up_to=None, packages_up_to_regex=None, packages_above=None, packages_above_and_dependencies=None, packages_above_depth=None, packages_select_by_dep=None, packages_skip_by_dep=None, packages_skip_up_to=None, packages_select_build_failed=False, packages_skip_build_finished=False, packages_select_test_failures=False, packages_skip_test_passed=False, packages_select=None, packages_skip=None, packages_select_regex=None, packages_skip_regex=None, packages_start=None, packages_end=None, allow_overriding=[], cmake_args=None, cmake_target=None, cmake_target_skip_unavailable=False, cmake_clean_cache=False, cmake_clean_first=False, cmake_force_configure=False, ament_cmake_args=None, catkin_cmake_args=None, catkin_skip_building_tests=False, mixin_files=None, mixin=None, verb_parser=<colcon_mixin.mixin.mixin_argument.MixinArgumentDecorator object at 0x78e1bc604c70>, verb_extension=<colcon_core.verb.build.BuildVerb object at 0x78e1bc604250>, main=<bound method BuildVerb.main of <colcon_core.verb.build.BuildVerb object at 0x78e1bc604250>>, mixin_verb=('build',))
[0.270s] Level 1:colcon.colcon_core.package_discovery:discover_packages(colcon_meta) check parameters
[0.270s] Level 1:colcon.colcon_core.package_discovery:discover_packages(recursive) check parameters
[0.270s] Level 1:colcon.colcon_core.package_discovery:discover_packages(ignore) check parameters
[0.270s] Level 1:colcon.colcon_core.package_discovery:discover_packages(path) check parameters
[0.270s] Level 1:colcon.colcon_core.package_discovery:discover_packages(colcon_meta) discover
[0.270s] Level 1:colcon.colcon_core.package_discovery:discover_packages(recursive) discover
[0.270s] INFO:colcon.colcon_core.package_discovery:Crawling recursively for packages in '/home/future/Documents/pengyh/RobotAD_ws'
[0.270s] Level 1:colcon.colcon_core.package_identification:_identify(.) by extensions ['ignore', 'ignore_ament_install']
[0.270s] Level 1:colcon.colcon_core.package_identification:_identify(.) by extension 'ignore'
[0.270s] Level 1:colcon.colcon_core.package_identification:_identify(.) by extension 'ignore_ament_install'
[0.270s] Level 1:colcon.colcon_core.package_identification:_identify(.) by extensions ['colcon_pkg']
[0.270s] Level 1:colcon.colcon_core.package_identification:_identify(.) by extension 'colcon_pkg'
[0.270s] Level 1:colcon.colcon_core.package_identification:_identify(.) by extensions ['colcon_meta']
[0.270s] Level 1:colcon.colcon_core.package_identification:_identify(.) by extension 'colcon_meta'
[0.270s] Level 1:colcon.colcon_core.package_identification:_identify(.) by extensions ['ros']
[0.270s] Level 1:colcon.colcon_core.package_identification:_identify(.) by extension 'ros'
[0.278s] Level 1:colcon.colcon_core.package_identification:_identify(.) by extensions ['cmake', 'python']
[0.278s] Level 1:colcon.colcon_core.package_identification:_identify(.) by extension 'cmake'
[0.278s] Level 1:colcon.colcon_core.package_identification:_identify(.) by extension 'python'
[0.278s] Level 1:colcon.colcon_core.package_identification:_identify(.) by extensions ['python_setup_py']
[0.278s] Level 1:colcon.colcon_core.package_identification:_identify(.) by extension 'python_setup_py'
[0.279s] Level 1:colcon.colcon_core.package_identification:_identify(build) by extensions ['ignore', 'ignore_ament_install']
[0.279s] Level 1:colcon.colcon_core.package_identification:_identify(build) by extension 'ignore'
[0.279s] Level 1:colcon.colcon_core.package_identification:_identify(build) ignored
[0.279s] Level 1:colcon.colcon_core.package_identification:_identify(install) by extensions ['ignore', 'ignore_ament_install']
[0.279s] Level 1:colcon.colcon_core.package_identification:_identify(install) by extension 'ignore'
[0.279s] Level 1:colcon.colcon_core.package_identification:_identify(install) ignored
[0.279s] Level 1:colcon.colcon_core.package_identification:_identify(launch) by extensions ['ignore', 'ignore_ament_install']
[0.279s] Level 1:colcon.colcon_core.package_identification:_identify(launch) by extension 'ignore'
[0.279s] Level 1:colcon.colcon_core.package_identification:_identify(launch) by extension 'ignore_ament_install'
[0.279s] Level 1:colcon.colcon_core.package_identification:_identify(launch) by extensions ['colcon_pkg']
[0.279s] Level 1:colcon.colcon_core.package_identification:_identify(launch) by extension 'colcon_pkg'
[0.279s] Level 1:colcon.colcon_core.package_identification:_identify(launch) by extensions ['colcon_meta']
[0.279s] Level 1:colcon.colcon_core.package_identification:_identify(launch) by extension 'colcon_meta'
[0.279s] Level 1:colcon.colcon_core.package_identification:_identify(launch) by extensions ['ros']
[0.279s] Level 1:colcon.colcon_core.package_identification:_identify(launch) by extension 'ros'
[0.279s] Level 1:colcon.colcon_core.package_identification:_identify(launch) by extensions ['cmake', 'python']
[0.279s] Level 1:colcon.colcon_core.package_identification:_identify(launch) by extension 'cmake'
[0.279s] Level 1:colcon.colcon_core.package_identification:_identify(launch) by extension 'python'
[0.279s] Level 1:colcon.colcon_core.package_identification:_identify(launch) by extensions ['python_setup_py']
[0.279s] Level 1:colcon.colcon_core.package_identification:_identify(launch) by extension 'python_setup_py'
[0.279s] Level 1:colcon.colcon_core.package_identification:_identify(launch/__pycache__) by extensions ['ignore', 'ignore_ament_install']
[0.279s] Level 1:colcon.colcon_core.package_identification:_identify(launch/__pycache__) by extension 'ignore'
[0.279s] Level 1:colcon.colcon_core.package_identification:_identify(launch/__pycache__) by extension 'ignore_ament_install'
[0.279s] Level 1:colcon.colcon_core.package_identification:_identify(launch/__pycache__) by extensions ['colcon_pkg']
[0.279s] Level 1:colcon.colcon_core.package_identification:_identify(launch/__pycache__) by extension 'colcon_pkg'
[0.279s] Level 1:colcon.colcon_core.package_identification:_identify(launch/__pycache__) by extensions ['colcon_meta']
[0.279s] Level 1:colcon.colcon_core.package_identification:_identify(launch/__pycache__) by extension 'colcon_meta'
[0.279s] Level 1:colcon.colcon_core.package_identification:_identify(launch/__pycache__) by extensions ['ros']
[0.279s] Level 1:colcon.colcon_core.package_identification:_identify(launch/__pycache__) by extension 'ros'
[0.279s] Level 1:colcon.colcon_core.package_identification:_identify(launch/__pycache__) by extensions ['cmake', 'python']
[0.279s] Level 1:colcon.colcon_core.package_identification:_identify(launch/__pycache__) by extension 'cmake'
[0.279s] Level 1:colcon.colcon_core.package_identification:_identify(launch/__pycache__) by extension 'python'
[0.279s] Level 1:colcon.colcon_core.package_identification:_identify(launch/__pycache__) by extensions ['python_setup_py']
[0.279s] Level 1:colcon.colcon_core.package_identification:_identify(launch/__pycache__) by extension 'python_setup_py'
[0.280s] Level 1:colcon.colcon_core.package_identification:_identify(log) by extensions ['ignore', 'ignore_ament_install']
[0.280s] Level 1:colcon.colcon_core.package_identification:_identify(log) by extension 'ignore'
[0.280s] Level 1:colcon.colcon_core.package_identification:_identify(log) ignored
[0.280s] Level 1:colcon.colcon_core.package_identification:_identify(src) by extensions ['ignore', 'ignore_ament_install']
[0.280s] Level 1:colcon.colcon_core.package_identification:_identify(src) by extension 'ignore'
[0.280s] Level 1:colcon.colcon_core.package_identification:_identify(src) by extension 'ignore_ament_install'
[0.280s] Level 1:colcon.colcon_core.package_identification:_identify(src) by extensions ['colcon_pkg']
[0.280s] Level 1:colcon.colcon_core.package_identification:_identify(src) by extension 'colcon_pkg'
[0.280s] Level 1:colcon.colcon_core.package_identification:_identify(src) by extensions ['colcon_meta']
[0.280s] Level 1:colcon.colcon_core.package_identification:_identify(src) by extension 'colcon_meta'
[0.280s] Level 1:colcon.colcon_core.package_identification:_identify(src) by extensions ['ros']
[0.280s] Level 1:colcon.colcon_core.package_identification:_identify(src) by extension 'ros'
[0.280s] Level 1:colcon.colcon_core.package_identification:_identify(src) by extensions ['cmake', 'python']
[0.280s] Level 1:colcon.colcon_core.package_identification:_identify(src) by extension 'cmake'
[0.280s] Level 1:colcon.colcon_core.package_identification:_identify(src) by extension 'python'
[0.280s] Level 1:colcon.colcon_core.package_identification:_identify(src) by extensions ['python_setup_py']
[0.280s] Level 1:colcon.colcon_core.package_identification:_identify(src) by extension 'python_setup_py'
[0.280s] Level 1:colcon.colcon_core.package_identification:_identify(src/keyboard_control) by extensions ['ignore', 'ignore_ament_install']
[0.280s] Level 1:colcon.colcon_core.package_identification:_identify(src/keyboard_control) by extension 'ignore'
[0.280s] Level 1:colcon.colcon_core.package_identification:_identify(src/keyboard_control) by extension 'ignore_ament_install'
[0.280s] Level 1:colcon.colcon_core.package_identification:_identify(src/keyboard_control) by extensions ['colcon_pkg']
[0.280s] Level 1:colcon.colcon_core.package_identification:_identify(src/keyboard_control) by extension 'colcon_pkg'
[0.280s] Level 1:colcon.colcon_core.package_identification:_identify(src/keyboard_control) by extensions ['colcon_meta']
[0.280s] Level 1:colcon.colcon_core.package_identification:_identify(src/keyboard_control) by extension 'colcon_meta'
[0.280s] Level 1:colcon.colcon_core.package_identification:_identify(src/keyboard_control) by extensions ['ros']
[0.280s] Level 1:colcon.colcon_core.package_identification:_identify(src/keyboard_control) by extension 'ros'
[0.282s] DEBUG:colcon.colcon_core.package_identification:Package 'src/keyboard_control' with type 'ros.ament_cmake' and name 'keyboard_control'
[0.282s] Level 1:colcon.colcon_core.package_identification:_identify(src/robot_hardware) by extensions ['ignore', 'ignore_ament_install']
[0.282s] Level 1:colcon.colcon_core.package_identification:_identify(src/robot_hardware) by extension 'ignore'
[0.282s] Level 1:colcon.colcon_core.package_identification:_identify(src/robot_hardware) by extension 'ignore_ament_install'
[0.282s] Level 1:colcon.colcon_core.package_identification:_identify(src/robot_hardware) by extensions ['colcon_pkg']
[0.282s] Level 1:colcon.colcon_core.package_identification:_identify(src/robot_hardware) by extension 'colcon_pkg'
[0.282s] Level 1:colcon.colcon_core.package_identification:_identify(src/robot_hardware) by extensions ['colcon_meta']
[0.282s] Level 1:colcon.colcon_core.package_identification:_identify(src/robot_hardware) by extension 'colcon_meta'
[0.282s] Level 1:colcon.colcon_core.package_identification:_identify(src/robot_hardware) by extensions ['ros']
[0.282s] Level 1:colcon.colcon_core.package_identification:_identify(src/robot_hardware) by extension 'ros'
[0.283s] DEBUG:colcon.colcon_core.package_identification:Package 'src/robot_hardware' with type 'ros.ament_cmake' and name 'robot_hardware'
[0.283s] Level 1:colcon.colcon_core.package_identification:_identify(src/serial_comm) by extensions ['ignore', 'ignore_ament_install']
[0.283s] Level 1:colcon.colcon_core.package_identification:_identify(src/serial_comm) by extension 'ignore'
[0.283s] Level 1:colcon.colcon_core.package_identification:_identify(src/serial_comm) by extension 'ignore_ament_install'
[0.283s] Level 1:colcon.colcon_core.package_identification:_identify(src/serial_comm) by extensions ['colcon_pkg']
[0.283s] Level 1:colcon.colcon_core.package_identification:_identify(src/serial_comm) by extension 'colcon_pkg'
[0.283s] Level 1:colcon.colcon_core.package_identification:_identify(src/serial_comm) by extensions ['colcon_meta']
[0.283s] Level 1:colcon.colcon_core.package_identification:_identify(src/serial_comm) by extension 'colcon_meta'
[0.283s] Level 1:colcon.colcon_core.package_identification:_identify(src/serial_comm) by extensions ['ros']
[0.283s] Level 1:colcon.colcon_core.package_identification:_identify(src/serial_comm) by extension 'ros'
[0.284s] DEBUG:colcon.colcon_core.package_identification:Package 'src/serial_comm' with type 'ros.ament_cmake' and name 'serial_comm'
[0.284s] Level 1:colcon.colcon_core.package_identification:_identify(src/usb_camera) by extensions ['ignore', 'ignore_ament_install']
[0.284s] Level 1:colcon.colcon_core.package_identification:_identify(src/usb_camera) by extension 'ignore'
[0.284s] Level 1:colcon.colcon_core.package_identification:_identify(src/usb_camera) by extension 'ignore_ament_install'
[0.284s] Level 1:colcon.colcon_core.package_identification:_identify(src/usb_camera) by extensions ['colcon_pkg']
[0.284s] Level 1:colcon.colcon_core.package_identification:_identify(src/usb_camera) by extension 'colcon_pkg'
[0.284s] Level 1:colcon.colcon_core.package_identification:_identify(src/usb_camera) by extensions ['colcon_meta']
[0.284s] Level 1:colcon.colcon_core.package_identification:_identify(src/usb_camera) by extension 'colcon_meta'
[0.284s] Level 1:colcon.colcon_core.package_identification:_identify(src/usb_camera) by extensions ['ros']
[0.284s] Level 1:colcon.colcon_core.package_identification:_identify(src/usb_camera) by extension 'ros'
[0.284s] DEBUG:colcon.colcon_core.package_identification:Package 'src/usb_camera' with type 'ros.ament_cmake' and name 'usb_camera'
[0.284s] Level 1:colcon.colcon_core.package_discovery:discover_packages(recursive) using defaults
[0.284s] Level 1:colcon.colcon_core.package_discovery:discover_packages(ignore) discover
[0.284s] Level 1:colcon.colcon_core.package_discovery:discover_packages(ignore) using defaults
[0.284s] Level 1:colcon.colcon_core.package_discovery:discover_packages(path) discover
[0.284s] Level 1:colcon.colcon_core.package_discovery:discover_packages(path) using defaults
[0.316s] Level 1:colcon.colcon_core.package_discovery:discover_packages(prefix_path) check parameters
[0.316s] Level 1:colcon.colcon_core.package_discovery:discover_packages(prefix_path) discover
[0.318s] DEBUG:colcon.colcon_installed_package_information.package_discovery:Found 12 installed packages in /home/future/Documents/Robot/nav_ws/install
[0.318s] DEBUG:colcon.colcon_installed_package_information.package_discovery:Found 4 installed packages in /home/future/Documents/VIW-FUSION/install
[0.318s] DEBUG:colcon.colcon_installed_package_information.package_discovery:Found 2 installed packages in /home/future/Documents/people_tracker/install
[0.319s] DEBUG:colcon.colcon_installed_package_information.package_discovery:Found 1 installed packages in /home/future/Documents/Navigation/interface_ws/install
[0.320s] DEBUG:colcon.colcon_installed_package_information.package_discovery:Found 478 installed packages in /opt/ros/humble
[0.322s] Level 1:colcon.colcon_core.package_discovery:discover_packages(prefix_path) using defaults
[0.366s] Level 5:colcon.colcon_core.verb:set package 'robot_hardware' build argument 'cmake_args' from command line to 'None'
[0.366s] Level 5:colcon.colcon_core.verb:set package 'robot_hardware' build argument 'cmake_target' from command line to 'None'
[0.366s] Level 5:colcon.colcon_core.verb:set package 'robot_hardware' build argument 'cmake_target_skip_unavailable' from command line to 'False'
[0.366s] Level 5:colcon.colcon_core.verb:set package 'robot_hardware' build argument 'cmake_clean_cache' from command line to 'False'
[0.366s] Level 5:colcon.colcon_core.verb:set package 'robot_hardware' build argument 'cmake_clean_first' from command line to 'False'
[0.366s] Level 5:colcon.colcon_core.verb:set package 'robot_hardware' build argument 'cmake_force_configure' from command line to 'False'
[0.366s] Level 5:colcon.colcon_core.verb:set package 'robot_hardware' build argument 'ament_cmake_args' from command line to 'None'
[0.366s] Level 5:colcon.colcon_core.verb:set package 'robot_hardware' build argument 'catkin_cmake_args' from command line to 'None'
[0.366s] Level 5:colcon.colcon_core.verb:set package 'robot_hardware' build argument 'catkin_skip_building_tests' from command line to 'False'
[0.366s] DEBUG:colcon.colcon_core.verb:Building package 'robot_hardware' with the following arguments: {'ament_cmake_args': None, 'build_base': '/home/future/Documents/pengyh/RobotAD_ws/build/robot_hardware', 'catkin_cmake_args': None, 'catkin_skip_building_tests': False, 'cmake_args': None, 'cmake_clean_cache': False, 'cmake_clean_first': False, 'cmake_force_configure': False, 'cmake_target': None, 'cmake_target_skip_unavailable': False, 'install_base': '/home/future/Documents/pengyh/RobotAD_ws/install/robot_hardware', 'merge_install': False, 'path': '/home/future/Documents/pengyh/RobotAD_ws/src/robot_hardware', 'symlink_install': False, 'test_result_base': None}
[0.367s] Level 5:colcon.colcon_core.verb:set package 'usb_camera' build argument 'cmake_args' from command line to 'None'
[0.367s] Level 5:colcon.colcon_core.verb:set package 'usb_camera' build argument 'cmake_target' from command line to 'None'
[0.367s] Level 5:colcon.colcon_core.verb:set package 'usb_camera' build argument 'cmake_target_skip_unavailable' from command line to 'False'
[0.367s] Level 5:colcon.colcon_core.verb:set package 'usb_camera' build argument 'cmake_clean_cache' from command line to 'False'
[0.367s] Level 5:colcon.colcon_core.verb:set package 'usb_camera' build argument 'cmake_clean_first' from command line to 'False'
[0.367s] Level 5:colcon.colcon_core.verb:set package 'usb_camera' build argument 'cmake_force_configure' from command line to 'False'
[0.367s] Level 5:colcon.colcon_core.verb:set package 'usb_camera' build argument 'ament_cmake_args' from command line to 'None'
[0.367s] Level 5:colcon.colcon_core.verb:set package 'usb_camera' build argument 'catkin_cmake_args' from command line to 'None'
[0.367s] Level 5:colcon.colcon_core.verb:set package 'usb_camera' build argument 'catkin_skip_building_tests' from command line to 'False'
[0.368s] DEBUG:colcon.colcon_core.verb:Building package 'usb_camera' with the following arguments: {'ament_cmake_args': None, 'build_base': '/home/future/Documents/pengyh/RobotAD_ws/build/usb_camera', 'catkin_cmake_args': None, 'catkin_skip_building_tests': False, 'cmake_args': None, 'cmake_clean_cache': False, 'cmake_clean_first': False, 'cmake_force_configure': False, 'cmake_target': None, 'cmake_target_skip_unavailable': False, 'install_base': '/home/future/Documents/pengyh/RobotAD_ws/install/usb_camera', 'merge_install': False, 'path': '/home/future/Documents/pengyh/RobotAD_ws/src/usb_camera', 'symlink_install': False, 'test_result_base': None}
[0.368s] Level 5:colcon.colcon_core.verb:set package 'keyboard_control' build argument 'cmake_args' from command line to 'None'
[0.368s] Level 5:colcon.colcon_core.verb:set package 'keyboard_control' build argument 'cmake_target' from command line to 'None'
[0.368s] Level 5:colcon.colcon_core.verb:set package 'keyboard_control' build argument 'cmake_target_skip_unavailable' from command line to 'False'
[0.368s] Level 5:colcon.colcon_core.verb:set package 'keyboard_control' build argument 'cmake_clean_cache' from command line to 'False'
[0.368s] Level 5:colcon.colcon_core.verb:set package 'keyboard_control' build argument 'cmake_clean_first' from command line to 'False'
[0.369s] Level 5:colcon.colcon_core.verb:set package 'keyboard_control' build argument 'cmake_force_configure' from command line to 'False'
[0.369s] Level 5:colcon.colcon_core.verb:set package 'keyboard_control' build argument 'ament_cmake_args' from command line to 'None'
[0.369s] Level 5:colcon.colcon_core.verb:set package 'keyboard_control' build argument 'catkin_cmake_args' from command line to 'None'
[0.369s] Level 5:colcon.colcon_core.verb:set package 'keyboard_control' build argument 'catkin_skip_building_tests' from command line to 'False'
[0.369s] DEBUG:colcon.colcon_core.verb:Building package 'keyboard_control' with the following arguments: {'ament_cmake_args': None, 'build_base': '/home/future/Documents/pengyh/RobotAD_ws/build/keyboard_control', 'catkin_cmake_args': None, 'catkin_skip_building_tests': False, 'cmake_args': None, 'cmake_clean_cache': False, 'cmake_clean_first': False, 'cmake_force_configure': False, 'cmake_target': None, 'cmake_target_skip_unavailable': False, 'install_base': '/home/future/Documents/pengyh/RobotAD_ws/install/keyboard_control', 'merge_install': False, 'path': '/home/future/Documents/pengyh/RobotAD_ws/src/keyboard_control', 'symlink_install': False, 'test_result_base': None}
[0.370s] Level 5:colcon.colcon_core.verb:set package 'serial_comm' build argument 'cmake_args' from command line to 'None'
[0.370s] Level 5:colcon.colcon_core.verb:set package 'serial_comm' build argument 'cmake_target' from command line to 'None'
[0.370s] Level 5:colcon.colcon_core.verb:set package 'serial_comm' build argument 'cmake_target_skip_unavailable' from command line to 'False'
[0.370s] Level 5:colcon.colcon_core.verb:set package 'serial_comm' build argument 'cmake_clean_cache' from command line to 'False'
[0.370s] Level 5:colcon.colcon_core.verb:set package 'serial_comm' build argument 'cmake_clean_first' from command line to 'False'
[0.370s] Level 5:colcon.colcon_core.verb:set package 'serial_comm' build argument 'cmake_force_configure' from command line to 'False'
[0.370s] Level 5:colcon.colcon_core.verb:set package 'serial_comm' build argument 'ament_cmake_args' from command line to 'None'
[0.370s] Level 5:colcon.colcon_core.verb:set package 'serial_comm' build argument 'catkin_cmake_args' from command line to 'None'
[0.370s] Level 5:colcon.colcon_core.verb:set package 'serial_comm' build argument 'catkin_skip_building_tests' from command line to 'False'
[0.370s] DEBUG:colcon.colcon_core.verb:Building package 'serial_comm' with the following arguments: {'ament_cmake_args': None, 'build_base': '/home/future/Documents/pengyh/RobotAD_ws/build/serial_comm', 'catkin_cmake_args': None, 'catkin_skip_building_tests': False, 'cmake_args': None, 'cmake_clean_cache': False, 'cmake_clean_first': False, 'cmake_force_configure': False, 'cmake_target': None, 'cmake_target_skip_unavailable': False, 'install_base': '/home/future/Documents/pengyh/RobotAD_ws/install/serial_comm', 'merge_install': False, 'path': '/home/future/Documents/pengyh/RobotAD_ws/src/serial_comm', 'symlink_install': False, 'test_result_base': None}
[0.370s] INFO:colcon.colcon_core.executor:Executing jobs using 'parallel' executor
[0.372s] DEBUG:colcon.colcon_parallel_executor.executor.parallel:run_until_complete
[0.373s] INFO:colcon.colcon_ros.task.ament_cmake.build:Building ROS package in '/home/future/Documents/pengyh/RobotAD_ws/src/robot_hardware' with build type 'ament_cmake'
[0.373s] INFO:colcon.colcon_cmake.task.cmake.build:Building CMake package in '/home/future/Documents/pengyh/RobotAD_ws/src/robot_hardware'
[0.379s] INFO:colcon.colcon_core.plugin_system:Skipping extension 'colcon_core.shell.bat': Not used on non-Windows systems
[0.380s] INFO:colcon.colcon_core.shell:Skip shell extension 'powershell' for command environment: Not usable outside of PowerShell
[0.380s] DEBUG:colcon.colcon_core.shell:Skip shell extension 'dsv' for command environment
[0.392s] INFO:colcon.colcon_ros.task.ament_cmake.build:Building ROS package in '/home/future/Documents/pengyh/RobotAD_ws/src/usb_camera' with build type 'ament_cmake'
[0.392s] INFO:colcon.colcon_cmake.task.cmake.build:Building CMake package in '/home/future/Documents/pengyh/RobotAD_ws/src/usb_camera'
[0.393s] INFO:colcon.colcon_core.shell:Skip shell extension 'powershell' for command environment: Not usable outside of PowerShell
[0.393s] DEBUG:colcon.colcon_core.shell:Skip shell extension 'dsv' for command environment
[0.414s] DEBUG:colcon.colcon_core.event_handler.log_command:Invoking command in '/home/future/Documents/pengyh/RobotAD_ws/build/robot_hardware': CMAKE_PREFIX_PATH=${CMAKE_PREFIX_PATH}:/home/future/Documents/Robot/nav_ws/install/show_urdf:/home/future/Documents/Robot/nav_ws/install/serial_bridge:/home/future/Documents/Robot/nav_ws/install/ros_tcp_endpoint:/home/future/Documents/Robot/nav_ws/install/remove_obstacle:/home/future/Documents/Robot/nav_ws/install/keyboard_control:/opt/ros/humble CONDA_PROMPT_MODIFIER=(base) /usr/bin/cmake --build /home/future/Documents/pengyh/RobotAD_ws/build/robot_hardware -- -j24 -l24
[0.426s] DEBUG:colcon.colcon_core.event_handler.log_command:Invoking command in '/home/future/Documents/pengyh/RobotAD_ws/build/usb_camera': CMAKE_PREFIX_PATH=${CMAKE_PREFIX_PATH}:/home/future/Documents/Robot/nav_ws/install/show_urdf:/home/future/Documents/Robot/nav_ws/install/serial_bridge:/home/future/Documents/Robot/nav_ws/install/ros_tcp_endpoint:/home/future/Documents/Robot/nav_ws/install/remove_obstacle:/home/future/Documents/Robot/nav_ws/install/keyboard_control:/opt/ros/humble CONDA_PROMPT_MODIFIER=(base) /usr/bin/cmake --build /home/future/Documents/pengyh/RobotAD_ws/build/usb_camera -- -j24 -l24
[0.614s] DEBUG:colcon.colcon_core.event_handler.log_command:Invoked command in '/home/future/Documents/pengyh/RobotAD_ws/build/usb_camera' returned '0': CMAKE_PREFIX_PATH=${CMAKE_PREFIX_PATH}:/home/future/Documents/Robot/nav_ws/install/show_urdf:/home/future/Documents/Robot/nav_ws/install/serial_bridge:/home/future/Documents/Robot/nav_ws/install/ros_tcp_endpoint:/home/future/Documents/Robot/nav_ws/install/remove_obstacle:/home/future/Documents/Robot/nav_ws/install/keyboard_control:/opt/ros/humble CONDA_PROMPT_MODIFIER=(base) /usr/bin/cmake --build /home/future/Documents/pengyh/RobotAD_ws/build/usb_camera -- -j24 -l24
[0.663s] DEBUG:colcon.colcon_core.event_handler.log_command:Invoking command in '/home/future/Documents/pengyh/RobotAD_ws/build/usb_camera': CMAKE_PREFIX_PATH=${CMAKE_PREFIX_PATH}:/home/future/Documents/Robot/nav_ws/install/show_urdf:/home/future/Documents/Robot/nav_ws/install/serial_bridge:/home/future/Documents/Robot/nav_ws/install/ros_tcp_endpoint:/home/future/Documents/Robot/nav_ws/install/remove_obstacle:/home/future/Documents/Robot/nav_ws/install/keyboard_control:/opt/ros/humble CONDA_PROMPT_MODIFIER=(base) /usr/bin/cmake --install /home/future/Documents/pengyh/RobotAD_ws/build/usb_camera
[0.682s] Level 1:colcon.colcon_core.environment:create_environment_scripts_only(usb_camera)
[0.683s] DEBUG:colcon.colcon_core.event_handler.log_command:Invoked command in '/home/future/Documents/pengyh/RobotAD_ws/build/usb_camera' returned '0': CMAKE_PREFIX_PATH=${CMAKE_PREFIX_PATH}:/home/future/Documents/Robot/nav_ws/install/show_urdf:/home/future/Documents/Robot/nav_ws/install/serial_bridge:/home/future/Documents/Robot/nav_ws/install/ros_tcp_endpoint:/home/future/Documents/Robot/nav_ws/install/remove_obstacle:/home/future/Documents/Robot/nav_ws/install/keyboard_control:/opt/ros/humble CONDA_PROMPT_MODIFIER=(base) /usr/bin/cmake --install /home/future/Documents/pengyh/RobotAD_ws/build/usb_camera
[0.684s] Level 1:colcon.colcon_core.environment:checking '/home/future/Documents/pengyh/RobotAD_ws/install/usb_camera' for CMake module files
[0.685s] Level 1:colcon.colcon_core.environment:checking '/home/future/Documents/pengyh/RobotAD_ws/install/usb_camera' for CMake config files
[0.685s] Level 1:colcon.colcon_core.shell:create_environment_hook('usb_camera', 'cmake_prefix_path')
[0.685s] INFO:colcon.colcon_core.shell:Creating environment hook '/home/future/Documents/pengyh/RobotAD_ws/install/usb_camera/share/usb_camera/hook/cmake_prefix_path.ps1'
[0.685s] INFO:colcon.colcon_core.shell:Creating environment descriptor '/home/future/Documents/pengyh/RobotAD_ws/install/usb_camera/share/usb_camera/hook/cmake_prefix_path.dsv'
[0.686s] INFO:colcon.colcon_core.shell:Creating environment hook '/home/future/Documents/pengyh/RobotAD_ws/install/usb_camera/share/usb_camera/hook/cmake_prefix_path.sh'
[0.686s] Level 1:colcon.colcon_core.environment:checking '/home/future/Documents/pengyh/RobotAD_ws/install/usb_camera/lib'
[0.686s] Level 1:colcon.colcon_core.environment:checking '/home/future/Documents/pengyh/RobotAD_ws/install/usb_camera/bin'
[0.686s] Level 1:colcon.colcon_core.environment:checking '/home/future/Documents/pengyh/RobotAD_ws/install/usb_camera/lib/pkgconfig/usb_camera.pc'
[0.687s] Level 1:colcon.colcon_core.environment:checking '/home/future/Documents/pengyh/RobotAD_ws/install/usb_camera/lib/python3.10/site-packages'
[0.687s] Level 1:colcon.colcon_core.environment:checking '/home/future/Documents/pengyh/RobotAD_ws/install/usb_camera/bin'
[0.687s] INFO:colcon.colcon_core.shell:Creating package script '/home/future/Documents/pengyh/RobotAD_ws/install/usb_camera/share/usb_camera/package.ps1'
[0.688s] INFO:colcon.colcon_core.shell:Creating package descriptor '/home/future/Documents/pengyh/RobotAD_ws/install/usb_camera/share/usb_camera/package.dsv'
[0.688s] INFO:colcon.colcon_core.shell:Creating package script '/home/future/Documents/pengyh/RobotAD_ws/install/usb_camera/share/usb_camera/package.sh'
[0.688s] INFO:colcon.colcon_core.shell:Creating package script '/home/future/Documents/pengyh/RobotAD_ws/install/usb_camera/share/usb_camera/package.bash'
[0.689s] INFO:colcon.colcon_core.shell:Creating package script '/home/future/Documents/pengyh/RobotAD_ws/install/usb_camera/share/usb_camera/package.zsh'
[0.689s] Level 1:colcon.colcon_core.environment:create_file_with_runtime_dependencies(/home/future/Documents/pengyh/RobotAD_ws/install/usb_camera/share/colcon-core/packages/usb_camera)
[0.722s] Level 1:colcon.colcon_core.environment:create_environment_scripts_only(usb_camera)
[0.723s] Level 1:colcon.colcon_core.environment:checking '/home/future/Documents/pengyh/RobotAD_ws/install/usb_camera' for CMake module files
[0.723s] Level 1:colcon.colcon_core.environment:checking '/home/future/Documents/pengyh/RobotAD_ws/install/usb_camera' for CMake config files
[0.724s] Level 1:colcon.colcon_core.shell:create_environment_hook('usb_camera', 'cmake_prefix_path')
[0.724s] INFO:colcon.colcon_core.shell:Creating environment hook '/home/future/Documents/pengyh/RobotAD_ws/install/usb_camera/share/usb_camera/hook/cmake_prefix_path.ps1'
[0.725s] INFO:colcon.colcon_core.shell:Creating environment descriptor '/home/future/Documents/pengyh/RobotAD_ws/install/usb_camera/share/usb_camera/hook/cmake_prefix_path.dsv'
[0.725s] INFO:colcon.colcon_core.shell:Creating environment hook '/home/future/Documents/pengyh/RobotAD_ws/install/usb_camera/share/usb_camera/hook/cmake_prefix_path.sh'
[0.726s] Level 1:colcon.colcon_core.environment:checking '/home/future/Documents/pengyh/RobotAD_ws/install/usb_camera/lib'
[0.726s] Level 1:colcon.colcon_core.environment:checking '/home/future/Documents/pengyh/RobotAD_ws/install/usb_camera/bin'
[0.727s] Level 1:colcon.colcon_core.environment:checking '/home/future/Documents/pengyh/RobotAD_ws/install/usb_camera/lib/pkgconfig/usb_camera.pc'
[0.727s] Level 1:colcon.colcon_core.environment:checking '/home/future/Documents/pengyh/RobotAD_ws/install/usb_camera/lib/python3.10/site-packages'
[0.727s] Level 1:colcon.colcon_core.environment:checking '/home/future/Documents/pengyh/RobotAD_ws/install/usb_camera/bin'
[0.728s] INFO:colcon.colcon_core.shell:Creating package script '/home/future/Documents/pengyh/RobotAD_ws/install/usb_camera/share/usb_camera/package.ps1'
[0.729s] INFO:colcon.colcon_core.shell:Creating package descriptor '/home/future/Documents/pengyh/RobotAD_ws/install/usb_camera/share/usb_camera/package.dsv'
[0.729s] INFO:colcon.colcon_core.shell:Creating package script '/home/future/Documents/pengyh/RobotAD_ws/install/usb_camera/share/usb_camera/package.sh'
[0.730s] INFO:colcon.colcon_core.shell:Creating package script '/home/future/Documents/pengyh/RobotAD_ws/install/usb_camera/share/usb_camera/package.bash'
[0.731s] INFO:colcon.colcon_core.shell:Creating package script '/home/future/Documents/pengyh/RobotAD_ws/install/usb_camera/share/usb_camera/package.zsh'
[0.731s] Level 1:colcon.colcon_core.environment:create_file_with_runtime_dependencies(/home/future/Documents/pengyh/RobotAD_ws/install/usb_camera/share/colcon-core/packages/usb_camera)
[0.956s] DEBUG:colcon.colcon_core.event_handler.log_command:Invoked command in '/home/future/Documents/pengyh/RobotAD_ws/build/robot_hardware' returned '0': CMAKE_PREFIX_PATH=${CMAKE_PREFIX_PATH}:/home/future/Documents/Robot/nav_ws/install/show_urdf:/home/future/Documents/Robot/nav_ws/install/serial_bridge:/home/future/Documents/Robot/nav_ws/install/ros_tcp_endpoint:/home/future/Documents/Robot/nav_ws/install/remove_obstacle:/home/future/Documents/Robot/nav_ws/install/keyboard_control:/opt/ros/humble CONDA_PROMPT_MODIFIER=(base) /usr/bin/cmake --build /home/future/Documents/pengyh/RobotAD_ws/build/robot_hardware -- -j24 -l24
[1.153s] DEBUG:colcon.colcon_core.event_handler.log_command:Invoking command in '/home/future/Documents/pengyh/RobotAD_ws/build/robot_hardware': CMAKE_PREFIX_PATH=${CMAKE_PREFIX_PATH}:/home/future/Documents/Robot/nav_ws/install/show_urdf:/home/future/Documents/Robot/nav_ws/install/serial_bridge:/home/future/Documents/Robot/nav_ws/install/ros_tcp_endpoint:/home/future/Documents/Robot/nav_ws/install/remove_obstacle:/home/future/Documents/Robot/nav_ws/install/keyboard_control:/opt/ros/humble CONDA_PROMPT_MODIFIER=(base) /usr/bin/cmake --install /home/future/Documents/pengyh/RobotAD_ws/build/robot_hardware
[1.344s] Level 1:colcon.colcon_core.environment:create_environment_scripts_only(robot_hardware)
[1.345s] DEBUG:colcon.colcon_core.event_handler.log_command:Invoked command in '/home/future/Documents/pengyh/RobotAD_ws/build/robot_hardware' returned '0': CMAKE_PREFIX_PATH=${CMAKE_PREFIX_PATH}:/home/future/Documents/Robot/nav_ws/install/show_urdf:/home/future/Documents/Robot/nav_ws/install/serial_bridge:/home/future/Documents/Robot/nav_ws/install/ros_tcp_endpoint:/home/future/Documents/Robot/nav_ws/install/remove_obstacle:/home/future/Documents/Robot/nav_ws/install/keyboard_control:/opt/ros/humble CONDA_PROMPT_MODIFIER=(base) /usr/bin/cmake --install /home/future/Documents/pengyh/RobotAD_ws/build/robot_hardware
[1.345s] Level 1:colcon.colcon_core.environment:checking '/home/future/Documents/pengyh/RobotAD_ws/install/robot_hardware' for CMake module files
[1.346s] Level 1:colcon.colcon_core.environment:checking '/home/future/Documents/pengyh/RobotAD_ws/install/robot_hardware' for CMake config files
[1.347s] Level 1:colcon.colcon_core.shell:create_environment_hook('robot_hardware', 'cmake_prefix_path')
[1.347s] INFO:colcon.colcon_core.shell:Creating environment hook '/home/future/Documents/pengyh/RobotAD_ws/install/robot_hardware/share/robot_hardware/hook/cmake_prefix_path.ps1'
[1.348s] INFO:colcon.colcon_core.shell:Creating environment descriptor '/home/future/Documents/pengyh/RobotAD_ws/install/robot_hardware/share/robot_hardware/hook/cmake_prefix_path.dsv'
[1.349s] INFO:colcon.colcon_core.shell:Creating environment hook '/home/future/Documents/pengyh/RobotAD_ws/install/robot_hardware/share/robot_hardware/hook/cmake_prefix_path.sh'
[1.350s] Level 1:colcon.colcon_core.environment:checking '/home/future/Documents/pengyh/RobotAD_ws/install/robot_hardware/lib'
[1.350s] Level 1:colcon.colcon_core.shell:create_environment_hook('robot_hardware', 'ld_library_path_lib')
[1.351s] INFO:colcon.colcon_core.shell:Creating environment hook '/home/future/Documents/pengyh/RobotAD_ws/install/robot_hardware/share/robot_hardware/hook/ld_library_path_lib.ps1'
[1.352s] INFO:colcon.colcon_core.shell:Creating environment descriptor '/home/future/Documents/pengyh/RobotAD_ws/install/robot_hardware/share/robot_hardware/hook/ld_library_path_lib.dsv'
[1.352s] INFO:colcon.colcon_core.shell:Creating environment hook '/home/future/Documents/pengyh/RobotAD_ws/install/robot_hardware/share/robot_hardware/hook/ld_library_path_lib.sh'
[1.353s] Level 1:colcon.colcon_core.environment:checking '/home/future/Documents/pengyh/RobotAD_ws/install/robot_hardware/bin'
[1.353s] Level 1:colcon.colcon_core.environment:checking '/home/future/Documents/pengyh/RobotAD_ws/install/robot_hardware/lib/pkgconfig/robot_hardware.pc'
[1.354s] Level 1:colcon.colcon_core.environment:checking '/home/future/Documents/pengyh/RobotAD_ws/install/robot_hardware/lib/python3.10/site-packages'
[1.354s] Level 1:colcon.colcon_core.environment:checking '/home/future/Documents/pengyh/RobotAD_ws/install/robot_hardware/bin'
[1.355s] INFO:colcon.colcon_core.shell:Creating package script '/home/future/Documents/pengyh/RobotAD_ws/install/robot_hardware/share/robot_hardware/package.ps1'
[1.356s] INFO:colcon.colcon_core.shell:Creating package descriptor '/home/future/Documents/pengyh/RobotAD_ws/install/robot_hardware/share/robot_hardware/package.dsv'
[1.357s] INFO:colcon.colcon_core.shell:Creating package script '/home/future/Documents/pengyh/RobotAD_ws/install/robot_hardware/share/robot_hardware/package.sh'
[1.358s] INFO:colcon.colcon_core.shell:Creating package script '/home/future/Documents/pengyh/RobotAD_ws/install/robot_hardware/share/robot_hardware/package.bash'
[1.358s] INFO:colcon.colcon_core.shell:Creating package script '/home/future/Documents/pengyh/RobotAD_ws/install/robot_hardware/share/robot_hardware/package.zsh'
[1.359s] Level 1:colcon.colcon_core.environment:create_file_with_runtime_dependencies(/home/future/Documents/pengyh/RobotAD_ws/install/robot_hardware/share/colcon-core/packages/robot_hardware)
[1.514s] Level 1:colcon.colcon_core.environment:create_environment_scripts_only(robot_hardware)
[1.515s] Level 1:colcon.colcon_core.environment:checking '/home/future/Documents/pengyh/RobotAD_ws/install/robot_hardware' for CMake module files
[1.517s] Level 1:colcon.colcon_core.environment:checking '/home/future/Documents/pengyh/RobotAD_ws/install/robot_hardware' for CMake config files
[1.520s] Level 1:colcon.colcon_core.shell:create_environment_hook('robot_hardware', 'cmake_prefix_path')
[1.521s] INFO:colcon.colcon_core.shell:Creating environment hook '/home/future/Documents/pengyh/RobotAD_ws/install/robot_hardware/share/robot_hardware/hook/cmake_prefix_path.ps1'
[1.522s] INFO:colcon.colcon_core.shell:Creating environment descriptor '/home/future/Documents/pengyh/RobotAD_ws/install/robot_hardware/share/robot_hardware/hook/cmake_prefix_path.dsv'
[1.524s] INFO:colcon.colcon_core.shell:Creating environment hook '/home/future/Documents/pengyh/RobotAD_ws/install/robot_hardware/share/robot_hardware/hook/cmake_prefix_path.sh'
[1.526s] Level 1:colcon.colcon_core.environment:checking '/home/future/Documents/pengyh/RobotAD_ws/install/robot_hardware/lib'
[1.526s] Level 1:colcon.colcon_core.shell:create_environment_hook('robot_hardware', 'ld_library_path_lib')
[1.527s] INFO:colcon.colcon_core.shell:Creating environment hook '/home/future/Documents/pengyh/RobotAD_ws/install/robot_hardware/share/robot_hardware/hook/ld_library_path_lib.ps1'
[1.529s] INFO:colcon.colcon_core.shell:Creating environment descriptor '/home/future/Documents/pengyh/RobotAD_ws/install/robot_hardware/share/robot_hardware/hook/ld_library_path_lib.dsv'
[1.530s] INFO:colcon.colcon_core.shell:Creating environment hook '/home/future/Documents/pengyh/RobotAD_ws/install/robot_hardware/share/robot_hardware/hook/ld_library_path_lib.sh'
[1.532s] Level 1:colcon.colcon_core.environment:checking '/home/future/Documents/pengyh/RobotAD_ws/install/robot_hardware/bin'
[1.533s] Level 1:colcon.colcon_core.environment:checking '/home/future/Documents/pengyh/RobotAD_ws/install/robot_hardware/lib/pkgconfig/robot_hardware.pc'
[1.533s] Level 1:colcon.colcon_core.environment:checking '/home/future/Documents/pengyh/RobotAD_ws/install/robot_hardware/lib/python3.10/site-packages'
[1.534s] Level 1:colcon.colcon_core.environment:checking '/home/future/Documents/pengyh/RobotAD_ws/install/robot_hardware/bin'
[1.535s] INFO:colcon.colcon_core.shell:Creating package script '/home/future/Documents/pengyh/RobotAD_ws/install/robot_hardware/share/robot_hardware/package.ps1'
[1.537s] INFO:colcon.colcon_core.shell:Creating package descriptor '/home/future/Documents/pengyh/RobotAD_ws/install/robot_hardware/share/robot_hardware/package.dsv'
[1.538s] INFO:colcon.colcon_core.shell:Creating package script '/home/future/Documents/pengyh/RobotAD_ws/install/robot_hardware/share/robot_hardware/package.sh'
[1.539s] INFO:colcon.colcon_core.shell:Creating package script '/home/future/Documents/pengyh/RobotAD_ws/install/robot_hardware/share/robot_hardware/package.bash'
[1.541s] INFO:colcon.colcon_core.shell:Creating package script '/home/future/Documents/pengyh/RobotAD_ws/install/robot_hardware/share/robot_hardware/package.zsh'
[1.542s] Level 1:colcon.colcon_core.environment:create_file_with_runtime_dependencies(/home/future/Documents/pengyh/RobotAD_ws/install/robot_hardware/share/colcon-core/packages/robot_hardware)
[1.542s] INFO:colcon.colcon_ros.task.ament_cmake.build:Building ROS package in '/home/future/Documents/pengyh/RobotAD_ws/src/keyboard_control' with build type 'ament_cmake'
[1.543s] INFO:colcon.colcon_cmake.task.cmake.build:Building CMake package in '/home/future/Documents/pengyh/RobotAD_ws/src/keyboard_control'
[1.543s] INFO:colcon.colcon_core.shell:Skip shell extension 'powershell' for command environment: Not usable outside of PowerShell
[1.544s] DEBUG:colcon.colcon_core.shell:Skip shell extension 'dsv' for command environment
[1.559s] INFO:colcon.colcon_ros.task.ament_cmake.build:Building ROS package in '/home/future/Documents/pengyh/RobotAD_ws/src/serial_comm' with build type 'ament_cmake'
[1.559s] INFO:colcon.colcon_cmake.task.cmake.build:Building CMake package in '/home/future/Documents/pengyh/RobotAD_ws/src/serial_comm'
[1.560s] INFO:colcon.colcon_core.shell:Skip shell extension 'powershell' for command environment: Not usable outside of PowerShell
[1.560s] DEBUG:colcon.colcon_core.shell:Skip shell extension 'dsv' for command environment
[1.578s] DEBUG:colcon.colcon_core.event_handler.log_command:Invoking command in '/home/future/Documents/pengyh/RobotAD_ws/build/keyboard_control': AMENT_PREFIX_PATH=/home/future/Documents/pengyh/RobotAD_ws/install/robot_hardware:${AMENT_PREFIX_PATH} CMAKE_PREFIX_PATH=/home/future/Documents/pengyh/RobotAD_ws/install/robot_hardware:/home/future/Documents/Robot/nav_ws/install/rslidar_sdk:/home/future/Documents/Robot/nav_ws/install/rslidar_msg:/home/future/Documents/Robot/nav_ws/install/robot_locate:/home/future/Documents/Robot/nav_ws/install/pointcloud_to_laserscan:/home/future/Documents/Robot/nav_ws/install/nav2_social_costmap_plugin:/home/future/Documents/Robot/nav_ws/install/miiboo_imu:/home/future/Documents/Robot/nav_ws/install/diff_control:/home/future/Documents/VIW-FUSION/install/vins:/home/future/Documents/VIW-FUSION/install/loop_fusion:/home/future/Documents/VIW-FUSION/install/global_fusion:/home/future/Documents/VIW-FUSION/install/camera_models:/home/future/Documents/people_tracker/install/people_msgs:/home/future/Documents/people_tracker/install/leg_tracker_ros2:/home/future/Documents/Navigation/interface_ws/install/nav_interfaces:/home/future/Documents/Robot/nav_ws/install/show_urdf:/home/future/Documents/Robot/nav_ws/install/serial_bridge:/home/future/Documents/Robot/nav_ws/install/ros_tcp_endpoint:/home/future/Documents/Robot/nav_ws/install/remove_obstacle:/home/future/Documents/Robot/nav_ws/install/keyboard_control:/opt/ros/humble CONDA_PROMPT_MODIFIER=(base) LD_LIBRARY_PATH=/home/future/Documents/pengyh/RobotAD_ws/install/robot_hardware/lib:${LD_LIBRARY_PATH} PYTHONPATH=/home/future/Documents/pengyh/RobotAD_ws/install/robot_hardware/local/lib/python3.10/dist-packages:${PYTHONPATH} /usr/bin/cmake --build /home/future/Documents/pengyh/RobotAD_ws/build/keyboard_control -- -j24 -l24
[1.585s] DEBUG:colcon.colcon_core.event_handler.log_command:Invoking command in '/home/future/Documents/pengyh/RobotAD_ws/build/serial_comm': AMENT_PREFIX_PATH=/home/future/Documents/pengyh/RobotAD_ws/install/robot_hardware:${AMENT_PREFIX_PATH} CMAKE_PREFIX_PATH=/home/future/Documents/pengyh/RobotAD_ws/install/robot_hardware:/home/future/Documents/Robot/nav_ws/install/rslidar_sdk:/home/future/Documents/Robot/nav_ws/install/rslidar_msg:/home/future/Documents/Robot/nav_ws/install/robot_locate:/home/future/Documents/Robot/nav_ws/install/pointcloud_to_laserscan:/home/future/Documents/Robot/nav_ws/install/nav2_social_costmap_plugin:/home/future/Documents/Robot/nav_ws/install/miiboo_imu:/home/future/Documents/Robot/nav_ws/install/diff_control:/home/future/Documents/VIW-FUSION/install/vins:/home/future/Documents/VIW-FUSION/install/loop_fusion:/home/future/Documents/VIW-FUSION/install/global_fusion:/home/future/Documents/VIW-FUSION/install/camera_models:/home/future/Documents/people_tracker/install/people_msgs:/home/future/Documents/people_tracker/install/leg_tracker_ros2:/home/future/Documents/Navigation/interface_ws/install/nav_interfaces:/home/future/Documents/Robot/nav_ws/install/show_urdf:/home/future/Documents/Robot/nav_ws/install/serial_bridge:/home/future/Documents/Robot/nav_ws/install/ros_tcp_endpoint:/home/future/Documents/Robot/nav_ws/install/remove_obstacle:/home/future/Documents/Robot/nav_ws/install/keyboard_control:/opt/ros/humble CONDA_PROMPT_MODIFIER=(base) LD_LIBRARY_PATH=/home/future/Documents/pengyh/RobotAD_ws/install/robot_hardware/lib:${LD_LIBRARY_PATH} PYTHONPATH=/home/future/Documents/pengyh/RobotAD_ws/install/robot_hardware/local/lib/python3.10/dist-packages:${PYTHONPATH} /usr/bin/cmake --build /home/future/Documents/pengyh/RobotAD_ws/build/serial_comm -- -j24 -l24
[1.699s] DEBUG:colcon.colcon_core.event_handler.log_command:Invoked command in '/home/future/Documents/pengyh/RobotAD_ws/build/keyboard_control' returned '0': AMENT_PREFIX_PATH=/home/future/Documents/pengyh/RobotAD_ws/install/robot_hardware:${AMENT_PREFIX_PATH} CMAKE_PREFIX_PATH=/home/future/Documents/pengyh/RobotAD_ws/install/robot_hardware:/home/future/Documents/Robot/nav_ws/install/rslidar_sdk:/home/future/Documents/Robot/nav_ws/install/rslidar_msg:/home/future/Documents/Robot/nav_ws/install/robot_locate:/home/future/Documents/Robot/nav_ws/install/pointcloud_to_laserscan:/home/future/Documents/Robot/nav_ws/install/nav2_social_costmap_plugin:/home/future/Documents/Robot/nav_ws/install/miiboo_imu:/home/future/Documents/Robot/nav_ws/install/diff_control:/home/future/Documents/VIW-FUSION/install/vins:/home/future/Documents/VIW-FUSION/install/loop_fusion:/home/future/Documents/VIW-FUSION/install/global_fusion:/home/future/Documents/VIW-FUSION/install/camera_models:/home/future/Documents/people_tracker/install/people_msgs:/home/future/Documents/people_tracker/install/leg_tracker_ros2:/home/future/Documents/Navigation/interface_ws/install/nav_interfaces:/home/future/Documents/Robot/nav_ws/install/show_urdf:/home/future/Documents/Robot/nav_ws/install/serial_bridge:/home/future/Documents/Robot/nav_ws/install/ros_tcp_endpoint:/home/future/Documents/Robot/nav_ws/install/remove_obstacle:/home/future/Documents/Robot/nav_ws/install/keyboard_control:/opt/ros/humble CONDA_PROMPT_MODIFIER=(base) LD_LIBRARY_PATH=/home/future/Documents/pengyh/RobotAD_ws/install/robot_hardware/lib:${LD_LIBRARY_PATH} PYTHONPATH=/home/future/Documents/pengyh/RobotAD_ws/install/robot_hardware/local/lib/python3.10/dist-packages:${PYTHONPATH} /usr/bin/cmake --build /home/future/Documents/pengyh/RobotAD_ws/build/keyboard_control -- -j24 -l24
[1.701s] DEBUG:colcon.colcon_core.event_handler.log_command:Invoked command in '/home/future/Documents/pengyh/RobotAD_ws/build/serial_comm' returned '0': AMENT_PREFIX_PATH=/home/future/Documents/pengyh/RobotAD_ws/install/robot_hardware:${AMENT_PREFIX_PATH} CMAKE_PREFIX_PATH=/home/future/Documents/pengyh/RobotAD_ws/install/robot_hardware:/home/future/Documents/Robot/nav_ws/install/rslidar_sdk:/home/future/Documents/Robot/nav_ws/install/rslidar_msg:/home/future/Documents/Robot/nav_ws/install/robot_locate:/home/future/Documents/Robot/nav_ws/install/pointcloud_to_laserscan:/home/future/Documents/Robot/nav_ws/install/nav2_social_costmap_plugin:/home/future/Documents/Robot/nav_ws/install/miiboo_imu:/home/future/Documents/Robot/nav_ws/install/diff_control:/home/future/Documents/VIW-FUSION/install/vins:/home/future/Documents/VIW-FUSION/install/loop_fusion:/home/future/Documents/VIW-FUSION/install/global_fusion:/home/future/Documents/VIW-FUSION/install/camera_models:/home/future/Documents/people_tracker/install/people_msgs:/home/future/Documents/people_tracker/install/leg_tracker_ros2:/home/future/Documents/Navigation/interface_ws/install/nav_interfaces:/home/future/Documents/Robot/nav_ws/install/show_urdf:/home/future/Documents/Robot/nav_ws/install/serial_bridge:/home/future/Documents/Robot/nav_ws/install/ros_tcp_endpoint:/home/future/Documents/Robot/nav_ws/install/remove_obstacle:/home/future/Documents/Robot/nav_ws/install/keyboard_control:/opt/ros/humble CONDA_PROMPT_MODIFIER=(base) LD_LIBRARY_PATH=/home/future/Documents/pengyh/RobotAD_ws/install/robot_hardware/lib:${LD_LIBRARY_PATH} PYTHONPATH=/home/future/Documents/pengyh/RobotAD_ws/install/robot_hardware/local/lib/python3.10/dist-packages:${PYTHONPATH} /usr/bin/cmake --build /home/future/Documents/pengyh/RobotAD_ws/build/serial_comm -- -j24 -l24
[1.781s] DEBUG:colcon.colcon_core.event_handler.log_command:Invoking command in '/home/future/Documents/pengyh/RobotAD_ws/build/keyboard_control': AMENT_PREFIX_PATH=/home/future/Documents/pengyh/RobotAD_ws/install/robot_hardware:${AMENT_PREFIX_PATH} CMAKE_PREFIX_PATH=/home/future/Documents/pengyh/RobotAD_ws/install/robot_hardware:/home/future/Documents/Robot/nav_ws/install/rslidar_sdk:/home/future/Documents/Robot/nav_ws/install/rslidar_msg:/home/future/Documents/Robot/nav_ws/install/robot_locate:/home/future/Documents/Robot/nav_ws/install/pointcloud_to_laserscan:/home/future/Documents/Robot/nav_ws/install/nav2_social_costmap_plugin:/home/future/Documents/Robot/nav_ws/install/miiboo_imu:/home/future/Documents/Robot/nav_ws/install/diff_control:/home/future/Documents/VIW-FUSION/install/vins:/home/future/Documents/VIW-FUSION/install/loop_fusion:/home/future/Documents/VIW-FUSION/install/global_fusion:/home/future/Documents/VIW-FUSION/install/camera_models:/home/future/Documents/people_tracker/install/people_msgs:/home/future/Documents/people_tracker/install/leg_tracker_ros2:/home/future/Documents/Navigation/interface_ws/install/nav_interfaces:/home/future/Documents/Robot/nav_ws/install/show_urdf:/home/future/Documents/Robot/nav_ws/install/serial_bridge:/home/future/Documents/Robot/nav_ws/install/ros_tcp_endpoint:/home/future/Documents/Robot/nav_ws/install/remove_obstacle:/home/future/Documents/Robot/nav_ws/install/keyboard_control:/opt/ros/humble CONDA_PROMPT_MODIFIER=(base) LD_LIBRARY_PATH=/home/future/Documents/pengyh/RobotAD_ws/install/robot_hardware/lib:${LD_LIBRARY_PATH} PYTHONPATH=/home/future/Documents/pengyh/RobotAD_ws/install/robot_hardware/local/lib/python3.10/dist-packages:${PYTHONPATH} /usr/bin/cmake --install /home/future/Documents/pengyh/RobotAD_ws/build/keyboard_control
[1.787s] DEBUG:colcon.colcon_core.event_handler.log_command:Invoking command in '/home/future/Documents/pengyh/RobotAD_ws/build/serial_comm': AMENT_PREFIX_PATH=/home/future/Documents/pengyh/RobotAD_ws/install/robot_hardware:${AMENT_PREFIX_PATH} CMAKE_PREFIX_PATH=/home/future/Documents/pengyh/RobotAD_ws/install/robot_hardware:/home/future/Documents/Robot/nav_ws/install/rslidar_sdk:/home/future/Documents/Robot/nav_ws/install/rslidar_msg:/home/future/Documents/Robot/nav_ws/install/robot_locate:/home/future/Documents/Robot/nav_ws/install/pointcloud_to_laserscan:/home/future/Documents/Robot/nav_ws/install/nav2_social_costmap_plugin:/home/future/Documents/Robot/nav_ws/install/miiboo_imu:/home/future/Documents/Robot/nav_ws/install/diff_control:/home/future/Documents/VIW-FUSION/install/vins:/home/future/Documents/VIW-FUSION/install/loop_fusion:/home/future/Documents/VIW-FUSION/install/global_fusion:/home/future/Documents/VIW-FUSION/install/camera_models:/home/future/Documents/people_tracker/install/people_msgs:/home/future/Documents/people_tracker/install/leg_tracker_ros2:/home/future/Documents/Navigation/interface_ws/install/nav_interfaces:/home/future/Documents/Robot/nav_ws/install/show_urdf:/home/future/Documents/Robot/nav_ws/install/serial_bridge:/home/future/Documents/Robot/nav_ws/install/ros_tcp_endpoint:/home/future/Documents/Robot/nav_ws/install/remove_obstacle:/home/future/Documents/Robot/nav_ws/install/keyboard_control:/opt/ros/humble CONDA_PROMPT_MODIFIER=(base) LD_LIBRARY_PATH=/home/future/Documents/pengyh/RobotAD_ws/install/robot_hardware/lib:${LD_LIBRARY_PATH} PYTHONPATH=/home/future/Documents/pengyh/RobotAD_ws/install/robot_hardware/local/lib/python3.10/dist-packages:${PYTHONPATH} /usr/bin/cmake --install /home/future/Documents/pengyh/RobotAD_ws/build/serial_comm
[1.814s] Level 1:colcon.colcon_core.environment:create_environment_scripts_only(keyboard_control)
[1.815s] Level 1:colcon.colcon_core.environment:checking '/home/future/Documents/pengyh/RobotAD_ws/install/keyboard_control' for CMake module files
[1.817s] DEBUG:colcon.colcon_core.event_handler.log_command:Invoked command in '/home/future/Documents/pengyh/RobotAD_ws/build/keyboard_control' returned '0': AMENT_PREFIX_PATH=/home/future/Documents/pengyh/RobotAD_ws/install/robot_hardware:${AMENT_PREFIX_PATH} CMAKE_PREFIX_PATH=/home/future/Documents/pengyh/RobotAD_ws/install/robot_hardware:/home/future/Documents/Robot/nav_ws/install/rslidar_sdk:/home/future/Documents/Robot/nav_ws/install/rslidar_msg:/home/future/Documents/Robot/nav_ws/install/robot_locate:/home/future/Documents/Robot/nav_ws/install/pointcloud_to_laserscan:/home/future/Documents/Robot/nav_ws/install/nav2_social_costmap_plugin:/home/future/Documents/Robot/nav_ws/install/miiboo_imu:/home/future/Documents/Robot/nav_ws/install/diff_control:/home/future/Documents/VIW-FUSION/install/vins:/home/future/Documents/VIW-FUSION/install/loop_fusion:/home/future/Documents/VIW-FUSION/install/global_fusion:/home/future/Documents/VIW-FUSION/install/camera_models:/home/future/Documents/people_tracker/install/people_msgs:/home/future/Documents/people_tracker/install/leg_tracker_ros2:/home/future/Documents/Navigation/interface_ws/install/nav_interfaces:/home/future/Documents/Robot/nav_ws/install/show_urdf:/home/future/Documents/Robot/nav_ws/install/serial_bridge:/home/future/Documents/Robot/nav_ws/install/ros_tcp_endpoint:/home/future/Documents/Robot/nav_ws/install/remove_obstacle:/home/future/Documents/Robot/nav_ws/install/keyboard_control:/opt/ros/humble CONDA_PROMPT_MODIFIER=(base) LD_LIBRARY_PATH=/home/future/Documents/pengyh/RobotAD_ws/install/robot_hardware/lib:${LD_LIBRARY_PATH} PYTHONPATH=/home/future/Documents/pengyh/RobotAD_ws/install/robot_hardware/local/lib/python3.10/dist-packages:${PYTHONPATH} /usr/bin/cmake --install /home/future/Documents/pengyh/RobotAD_ws/build/keyboard_control
[1.818s] Level 1:colcon.colcon_core.environment:checking '/home/future/Documents/pengyh/RobotAD_ws/install/keyboard_control' for CMake config files
[1.819s] Level 1:colcon.colcon_core.shell:create_environment_hook('keyboard_control', 'cmake_prefix_path')
[1.819s] INFO:colcon.colcon_core.shell:Creating environment hook '/home/future/Documents/pengyh/RobotAD_ws/install/keyboard_control/share/keyboard_control/hook/cmake_prefix_path.ps1'
[1.821s] INFO:colcon.colcon_core.shell:Creating environment descriptor '/home/future/Documents/pengyh/RobotAD_ws/install/keyboard_control/share/keyboard_control/hook/cmake_prefix_path.dsv'
[1.822s] INFO:colcon.colcon_core.shell:Creating environment hook '/home/future/Documents/pengyh/RobotAD_ws/install/keyboard_control/share/keyboard_control/hook/cmake_prefix_path.sh'
[1.823s] Level 1:colcon.colcon_core.environment:checking '/home/future/Documents/pengyh/RobotAD_ws/install/keyboard_control/lib'
[1.823s] Level 1:colcon.colcon_core.environment:checking '/home/future/Documents/pengyh/RobotAD_ws/install/keyboard_control/bin'
[1.823s] Level 1:colcon.colcon_core.environment:checking '/home/future/Documents/pengyh/RobotAD_ws/install/keyboard_control/lib/pkgconfig/keyboard_control.pc'
[1.823s] Level 1:colcon.colcon_core.environment:checking '/home/future/Documents/pengyh/RobotAD_ws/install/keyboard_control/lib/python3.10/site-packages'
[1.824s] Level 1:colcon.colcon_core.environment:checking '/home/future/Documents/pengyh/RobotAD_ws/install/keyboard_control/bin'
[1.824s] INFO:colcon.colcon_core.shell:Creating package script '/home/future/Documents/pengyh/RobotAD_ws/install/keyboard_control/share/keyboard_control/package.ps1'
[1.825s] INFO:colcon.colcon_core.shell:Creating package descriptor '/home/future/Documents/pengyh/RobotAD_ws/install/keyboard_control/share/keyboard_control/package.dsv'
[1.825s] INFO:colcon.colcon_core.shell:Creating package script '/home/future/Documents/pengyh/RobotAD_ws/install/keyboard_control/share/keyboard_control/package.sh'
[1.826s] INFO:colcon.colcon_core.shell:Creating package script '/home/future/Documents/pengyh/RobotAD_ws/install/keyboard_control/share/keyboard_control/package.bash'
[1.826s] INFO:colcon.colcon_core.shell:Creating package script '/home/future/Documents/pengyh/RobotAD_ws/install/keyboard_control/share/keyboard_control/package.zsh'
[1.827s] Level 1:colcon.colcon_core.environment:create_file_with_runtime_dependencies(/home/future/Documents/pengyh/RobotAD_ws/install/keyboard_control/share/colcon-core/packages/keyboard_control)
[1.828s] Level 1:colcon.colcon_core.environment:create_environment_scripts_only(serial_comm)
[1.829s] Level 1:colcon.colcon_core.environment:checking '/home/future/Documents/pengyh/RobotAD_ws/install/serial_comm' for CMake module files
[1.830s] DEBUG:colcon.colcon_core.event_handler.log_command:Invoked command in '/home/future/Documents/pengyh/RobotAD_ws/build/serial_comm' returned '0': AMENT_PREFIX_PATH=/home/future/Documents/pengyh/RobotAD_ws/install/robot_hardware:${AMENT_PREFIX_PATH} CMAKE_PREFIX_PATH=/home/future/Documents/pengyh/RobotAD_ws/install/robot_hardware:/home/future/Documents/Robot/nav_ws/install/rslidar_sdk:/home/future/Documents/Robot/nav_ws/install/rslidar_msg:/home/future/Documents/Robot/nav_ws/install/robot_locate:/home/future/Documents/Robot/nav_ws/install/pointcloud_to_laserscan:/home/future/Documents/Robot/nav_ws/install/nav2_social_costmap_plugin:/home/future/Documents/Robot/nav_ws/install/miiboo_imu:/home/future/Documents/Robot/nav_ws/install/diff_control:/home/future/Documents/VIW-FUSION/install/vins:/home/future/Documents/VIW-FUSION/install/loop_fusion:/home/future/Documents/VIW-FUSION/install/global_fusion:/home/future/Documents/VIW-FUSION/install/camera_models:/home/future/Documents/people_tracker/install/people_msgs:/home/future/Documents/people_tracker/install/leg_tracker_ros2:/home/future/Documents/Navigation/interface_ws/install/nav_interfaces:/home/future/Documents/Robot/nav_ws/install/show_urdf:/home/future/Documents/Robot/nav_ws/install/serial_bridge:/home/future/Documents/Robot/nav_ws/install/ros_tcp_endpoint:/home/future/Documents/Robot/nav_ws/install/remove_obstacle:/home/future/Documents/Robot/nav_ws/install/keyboard_control:/opt/ros/humble CONDA_PROMPT_MODIFIER=(base) LD_LIBRARY_PATH=/home/future/Documents/pengyh/RobotAD_ws/install/robot_hardware/lib:${LD_LIBRARY_PATH} PYTHONPATH=/home/future/Documents/pengyh/RobotAD_ws/install/robot_hardware/local/lib/python3.10/dist-packages:${PYTHONPATH} /usr/bin/cmake --install /home/future/Documents/pengyh/RobotAD_ws/build/serial_comm
[1.830s] Level 1:colcon.colcon_core.environment:checking '/home/future/Documents/pengyh/RobotAD_ws/install/serial_comm' for CMake config files
[1.830s] Level 1:colcon.colcon_core.shell:create_environment_hook('serial_comm', 'cmake_prefix_path')
[1.831s] INFO:colcon.colcon_core.shell:Creating environment hook '/home/future/Documents/pengyh/RobotAD_ws/install/serial_comm/share/serial_comm/hook/cmake_prefix_path.ps1'
[1.831s] INFO:colcon.colcon_core.shell:Creating environment descriptor '/home/future/Documents/pengyh/RobotAD_ws/install/serial_comm/share/serial_comm/hook/cmake_prefix_path.dsv'
[1.832s] INFO:colcon.colcon_core.shell:Creating environment hook '/home/future/Documents/pengyh/RobotAD_ws/install/serial_comm/share/serial_comm/hook/cmake_prefix_path.sh'
[1.832s] Level 1:colcon.colcon_core.environment:checking '/home/future/Documents/pengyh/RobotAD_ws/install/serial_comm/lib'
[1.833s] Level 1:colcon.colcon_core.environment:checking '/home/future/Documents/pengyh/RobotAD_ws/install/serial_comm/bin'
[1.833s] Level 1:colcon.colcon_core.environment:checking '/home/future/Documents/pengyh/RobotAD_ws/install/serial_comm/lib/pkgconfig/serial_comm.pc'
[1.833s] Level 1:colcon.colcon_core.environment:checking '/home/future/Documents/pengyh/RobotAD_ws/install/serial_comm/lib/python3.10/site-packages'
[1.833s] Level 1:colcon.colcon_core.environment:checking '/home/future/Documents/pengyh/RobotAD_ws/install/serial_comm/bin'
[1.833s] INFO:colcon.colcon_core.shell:Creating package script '/home/future/Documents/pengyh/RobotAD_ws/install/serial_comm/share/serial_comm/package.ps1'
[1.834s] INFO:colcon.colcon_core.shell:Creating package descriptor '/home/future/Documents/pengyh/RobotAD_ws/install/serial_comm/share/serial_comm/package.dsv'
[1.834s] INFO:colcon.colcon_core.shell:Creating package script '/home/future/Documents/pengyh/RobotAD_ws/install/serial_comm/share/serial_comm/package.sh'
[1.835s] INFO:colcon.colcon_core.shell:Creating package script '/home/future/Documents/pengyh/RobotAD_ws/install/serial_comm/share/serial_comm/package.bash'
[1.835s] INFO:colcon.colcon_core.shell:Creating package script '/home/future/Documents/pengyh/RobotAD_ws/install/serial_comm/share/serial_comm/package.zsh'
[1.835s] Level 1:colcon.colcon_core.environment:create_file_with_runtime_dependencies(/home/future/Documents/pengyh/RobotAD_ws/install/serial_comm/share/colcon-core/packages/serial_comm)
[1.858s] Level 1:colcon.colcon_core.environment:create_environment_scripts_only(keyboard_control)
[1.858s] Level 1:colcon.colcon_core.environment:checking '/home/future/Documents/pengyh/RobotAD_ws/install/keyboard_control' for CMake module files
[1.859s] Level 1:colcon.colcon_core.environment:checking '/home/future/Documents/pengyh/RobotAD_ws/install/keyboard_control' for CMake config files
[1.859s] Level 1:colcon.colcon_core.shell:create_environment_hook('keyboard_control', 'cmake_prefix_path')
[1.859s] INFO:colcon.colcon_core.shell:Creating environment hook '/home/future/Documents/pengyh/RobotAD_ws/install/keyboard_control/share/keyboard_control/hook/cmake_prefix_path.ps1'
[1.859s] INFO:colcon.colcon_core.shell:Creating environment descriptor '/home/future/Documents/pengyh/RobotAD_ws/install/keyboard_control/share/keyboard_control/hook/cmake_prefix_path.dsv'
[1.860s] INFO:colcon.colcon_core.shell:Creating environment hook '/home/future/Documents/pengyh/RobotAD_ws/install/keyboard_control/share/keyboard_control/hook/cmake_prefix_path.sh'
[1.860s] Level 1:colcon.colcon_core.environment:checking '/home/future/Documents/pengyh/RobotAD_ws/install/keyboard_control/lib'
[1.860s] Level 1:colcon.colcon_core.environment:checking '/home/future/Documents/pengyh/RobotAD_ws/install/keyboard_control/bin'
[1.860s] Level 1:colcon.colcon_core.environment:checking '/home/future/Documents/pengyh/RobotAD_ws/install/keyboard_control/lib/pkgconfig/keyboard_control.pc'
[1.860s] Level 1:colcon.colcon_core.environment:checking '/home/future/Documents/pengyh/RobotAD_ws/install/keyboard_control/lib/python3.10/site-packages'
[1.860s] Level 1:colcon.colcon_core.environment:checking '/home/future/Documents/pengyh/RobotAD_ws/install/keyboard_control/bin'
[1.861s] INFO:colcon.colcon_core.shell:Creating package script '/home/future/Documents/pengyh/RobotAD_ws/install/keyboard_control/share/keyboard_control/package.ps1'
[1.861s] INFO:colcon.colcon_core.shell:Creating package descriptor '/home/future/Documents/pengyh/RobotAD_ws/install/keyboard_control/share/keyboard_control/package.dsv'
[1.861s] INFO:colcon.colcon_core.shell:Creating package script '/home/future/Documents/pengyh/RobotAD_ws/install/keyboard_control/share/keyboard_control/package.sh'
[1.862s] INFO:colcon.colcon_core.shell:Creating package script '/home/future/Documents/pengyh/RobotAD_ws/install/keyboard_control/share/keyboard_control/package.bash'
[1.862s] INFO:colcon.colcon_core.shell:Creating package script '/home/future/Documents/pengyh/RobotAD_ws/install/keyboard_control/share/keyboard_control/package.zsh'
[1.863s] Level 1:colcon.colcon_core.environment:create_file_with_runtime_dependencies(/home/future/Documents/pengyh/RobotAD_ws/install/keyboard_control/share/colcon-core/packages/keyboard_control)
[1.863s] Level 1:colcon.colcon_core.environment:create_environment_scripts_only(serial_comm)
[1.864s] Level 1:colcon.colcon_core.environment:checking '/home/future/Documents/pengyh/RobotAD_ws/install/serial_comm' for CMake module files
[1.865s] Level 1:colcon.colcon_core.environment:checking '/home/future/Documents/pengyh/RobotAD_ws/install/serial_comm' for CMake config files
[1.865s] Level 1:colcon.colcon_core.shell:create_environment_hook('serial_comm', 'cmake_prefix_path')
[1.865s] INFO:colcon.colcon_core.shell:Creating environment hook '/home/future/Documents/pengyh/RobotAD_ws/install/serial_comm/share/serial_comm/hook/cmake_prefix_path.ps1'
[1.866s] INFO:colcon.colcon_core.shell:Creating environment descriptor '/home/future/Documents/pengyh/RobotAD_ws/install/serial_comm/share/serial_comm/hook/cmake_prefix_path.dsv'
[1.866s] INFO:colcon.colcon_core.shell:Creating environment hook '/home/future/Documents/pengyh/RobotAD_ws/install/serial_comm/share/serial_comm/hook/cmake_prefix_path.sh'
[1.867s] Level 1:colcon.colcon_core.environment:checking '/home/future/Documents/pengyh/RobotAD_ws/install/serial_comm/lib'
[1.867s] Level 1:colcon.colcon_core.environment:checking '/home/future/Documents/pengyh/RobotAD_ws/install/serial_comm/bin'
[1.867s] Level 1:colcon.colcon_core.environment:checking '/home/future/Documents/pengyh/RobotAD_ws/install/serial_comm/lib/pkgconfig/serial_comm.pc'
[1.868s] Level 1:colcon.colcon_core.environment:checking '/home/future/Documents/pengyh/RobotAD_ws/install/serial_comm/lib/python3.10/site-packages'
[1.868s] Level 1:colcon.colcon_core.environment:checking '/home/future/Documents/pengyh/RobotAD_ws/install/serial_comm/bin'
[1.869s] INFO:colcon.colcon_core.shell:Creating package script '/home/future/Documents/pengyh/RobotAD_ws/install/serial_comm/share/serial_comm/package.ps1'
[1.870s] INFO:colcon.colcon_core.shell:Creating package descriptor '/home/future/Documents/pengyh/RobotAD_ws/install/serial_comm/share/serial_comm/package.dsv'
[1.871s] INFO:colcon.colcon_core.shell:Creating package script '/home/future/Documents/pengyh/RobotAD_ws/install/serial_comm/share/serial_comm/package.sh'
[1.872s] INFO:colcon.colcon_core.shell:Creating package script '/home/future/Documents/pengyh/RobotAD_ws/install/serial_comm/share/serial_comm/package.bash'
[1.873s] INFO:colcon.colcon_core.shell:Creating package script '/home/future/Documents/pengyh/RobotAD_ws/install/serial_comm/share/serial_comm/package.zsh'
[1.874s] Level 1:colcon.colcon_core.environment:create_file_with_runtime_dependencies(/home/future/Documents/pengyh/RobotAD_ws/install/serial_comm/share/colcon-core/packages/serial_comm)
[1.874s] DEBUG:colcon.colcon_parallel_executor.executor.parallel:closing loop
[1.875s] DEBUG:colcon.colcon_parallel_executor.executor.parallel:loop closed
[1.875s] DEBUG:colcon.colcon_parallel_executor.executor.parallel:run_until_complete finished with '0'
[1.875s] DEBUG:colcon.colcon_core.event_reactor:joining thread
[1.886s] INFO:colcon.colcon_core.plugin_system:Skipping extension 'colcon_notification.desktop_notification.terminal_notifier': Not used on non-Darwin systems
[1.886s] INFO:colcon.colcon_core.plugin_system:Skipping extension 'colcon_notification.desktop_notification.win32': Not used on non-Windows systems
[1.886s] INFO:colcon.colcon_notification.desktop_notification:Sending desktop notification using 'notify2'
[1.941s] DEBUG:colcon.colcon_core.event_reactor:joined thread
[1.942s] INFO:colcon.colcon_core.shell:Creating prefix script '/home/future/Documents/pengyh/RobotAD_ws/install/local_setup.ps1'
[1.945s] INFO:colcon.colcon_core.shell:Creating prefix util module '/home/future/Documents/pengyh/RobotAD_ws/install/_local_setup_util_ps1.py'
[1.948s] INFO:colcon.colcon_core.shell:Creating prefix chain script '/home/future/Documents/pengyh/RobotAD_ws/install/setup.ps1'
[1.952s] INFO:colcon.colcon_core.shell:Creating prefix script '/home/future/Documents/pengyh/RobotAD_ws/install/local_setup.sh'
[1.954s] INFO:colcon.colcon_core.shell:Creating prefix util module '/home/future/Documents/pengyh/RobotAD_ws/install/_local_setup_util_sh.py'
[1.955s] INFO:colcon.colcon_core.shell:Creating prefix chain script '/home/future/Documents/pengyh/RobotAD_ws/install/setup.sh'
[1.959s] INFO:colcon.colcon_core.shell:Creating prefix script '/home/future/Documents/pengyh/RobotAD_ws/install/local_setup.bash'
[1.961s] INFO:colcon.colcon_core.shell:Creating prefix chain script '/home/future/Documents/pengyh/RobotAD_ws/install/setup.bash'
[1.964s] INFO:colcon.colcon_core.shell:Creating prefix script '/home/future/Documents/pengyh/RobotAD_ws/install/local_setup.zsh'
[1.966s] INFO:colcon.colcon_core.shell:Creating prefix chain script '/home/future/Documents/pengyh/RobotAD_ws/install/setup.zsh'
