[0.020s] Invoking command in '/home/future/Documents/pengyh/RobotAD_ws/build/diff_control': CMAKE_PREFIX_PATH=${CMAKE_PREFIX_PATH}:/opt/ros/humble /usr/bin/cmake /home/future/Documents/pengyh/RobotAD_ws/src/diff_control -DCMAKE_INSTALL_PREFIX=/home/future/Documents/pengyh/RobotAD_ws/install/diff_control
[0.070s] -- The CXX compiler identification is GNU 12.3.0
[0.075s] -- Detecting CXX compiler ABI info
[0.129s] -- Detecting CXX compiler ABI info - done
[0.133s] -- Check for working CXX compiler: /usr/bin/c++ - skipped
[0.133s] -- Detecting CXX compile features
[0.134s] -- Detecting CXX compile features - done
[0.136s] -- Found ament_cmake: 1.3.10 (/opt/ros/humble/share/ament_cmake/cmake)
[0.236s] -- Found Python3: /usr/bin/python3 (found version "3.10.12") found components: Interpreter 
[0.297s] -- Found hardware_interface: 2.43.1 (/opt/ros/humble/share/hardware_interface/cmake)
[0.328s] -- Found rosidl_generator_c: 3.1.5 (/opt/ros/humble/share/rosidl_generator_c/cmake)
[0.331s] -- Found rosidl_adapter: 3.1.5 (/opt/ros/humble/share/rosidl_adapter/cmake)
[0.337s] -- Found rosidl_generator_cpp: 3.1.5 (/opt/ros/humble/share/rosidl_generator_cpp/cmake)
[0.345s] -- Using all available rosidl_typesupport_c: rosidl_typesupport_fastrtps_c;rosidl_typesupport_introspection_c
[0.357s] -- Using all available rosidl_typesupport_cpp: rosidl_typesupport_fastrtps_cpp;rosidl_typesupport_introspection_cpp
[0.513s] -- Found rmw_implementation_cmake: 6.1.2 (/opt/ros/humble/share/rmw_implementation_cmake/cmake)
[0.515s] -- Found rmw_fastrtps_cpp: 6.2.7 (/opt/ros/humble/share/rmw_fastrtps_cpp/cmake)
[0.532s] -- Found TinyXML2 via Config file: TinyXML2_DIR-NOTFOUND
[0.563s] -- Found OpenSSL: /usr/lib/x86_64-linux-gnu/libcrypto.so (found version "3.0.2")  
[0.565s] -- Found TinyXML2 via Config file: TinyXML2_DIR-NOTFOUND
[0.575s] -- Found FastRTPS: /opt/ros/humble/include  
[0.577s] -- Found TinyXML2 via Config file: TinyXML2_DIR-NOTFOUND
[0.583s] -- Found TinyXML2 via Config file: TinyXML2_DIR-NOTFOUND
[0.591s] -- Using RMW implementation 'rmw_fastrtps_cpp' as default
[0.607s] -- Looking for C++ include pthread.h
[0.664s] -- Looking for C++ include pthread.h - found
[0.664s] -- Performing Test CMAKE_HAVE_LIBC_PTHREAD
[0.726s] -- Performing Test CMAKE_HAVE_LIBC_PTHREAD - Success
[0.727s] -- Found Threads: TRUE  
[0.757s] -- Found nav_interfaces: 0.0.0 (/home/future/Documents/Navigation/interface_ws/install/nav_interfaces/share/nav_interfaces/cmake)
[0.765s] -- Found rclcpp_components: 16.0.10 (/opt/ros/humble/share/rclcpp_components/cmake)
[0.777s] -- Found serial: 1.2.1 (/usr/local/share/serial/cmake)
[0.785s] [31mCMake Error at CMakeLists.txt:23 (find_package):
[0.785s]   By not providing "Findrobot_hardware.cmake" in CMAKE_MODULE_PATH this
[0.786s]   project has asked CMake to find a package configuration file provided by
[0.786s]   "robot_hardware", but CMake did not find one.
[0.786s] 
[0.786s]   Could not find a package configuration file provided by "robot_hardware"
[0.786s]   with any of the following names:
[0.786s] 
[0.786s]     robot_hardwareConfig.cmake
[0.786s]     robot_hardware-config.cmake
[0.786s] 
[0.786s]   Add the installation prefix of "robot_hardware" to CMAKE_PREFIX_PATH or set
[0.786s]   "robot_hardware_DIR" to a directory containing one of the above files.  If
[0.786s]   "robot_hardware" provides a separate development package or SDK, be sure it
[0.786s]   has been installed.
[0.786s] 
[0.786s] -- Configuring incomplete, errors occurred!
[0.786s] See also "/home/future/Documents/pengyh/RobotAD_ws/build/diff_control/CMakeFiles/CMakeOutput.log".
[0.786s] [0m
[0.791s] Invoked command in '/home/future/Documents/pengyh/RobotAD_ws/build/diff_control' returned '1': CMAKE_PREFIX_PATH=${CMAKE_PREFIX_PATH}:/opt/ros/humble /usr/bin/cmake /home/future/Documents/pengyh/RobotAD_ws/src/diff_control -DCMAKE_INSTALL_PREFIX=/home/future/Documents/pengyh/RobotAD_ws/install/diff_control
