[0.027s] Invoking command in '/home/pengyh/documents/ros2_ws/RobotAD/build/robot_locate': CMAKE_PREFIX_PATH=${CMAKE_PREFIX_PATH}:/opt/ros/humble /usr/bin/cmake --build /home/pengyh/documents/ros2_ws/RobotAD/build/robot_locate -- -j24 -l24
[0.052s] -- Found ament_cmake: 1.3.11 (/opt/ros/humble/share/ament_cmake/cmake)
[0.195s] -- Override CMake install command with custom implementation using symlinks instead of copying resources
[0.218s] -- Found geometry_msgs: 4.2.4 (/opt/ros/humble/share/geometry_msgs/cmake)
[0.262s] -- Found rosidl_generator_c: 3.1.6 (/opt/ros/humble/share/rosidl_generator_c/cmake)
[0.266s] -- Found rosidl_adapter: 3.1.6 (/opt/ros/humble/share/rosidl_adapter/cmake)
[0.275s] -- Found rosidl_generator_cpp: 3.1.6 (/opt/ros/humble/share/rosidl_generator_cpp/cmake)
[0.289s] -- Using all available rosidl_typesupport_c: rosidl_typesupport_fastrtps_c;rosidl_typesupport_introspection_c
[0.308s] -- Using all available rosidl_typesupport_cpp: rosidl_typesupport_fastrtps_cpp;rosidl_typesupport_introspection_cpp
[0.356s] -- Found rclcpp: 16.0.11 (/opt/ros/humble/share/rclcpp/cmake)
[0.387s] -- Found rmw_implementation_cmake: 6.1.2 (/opt/ros/humble/share/rmw_implementation_cmake/cmake)
[0.389s] -- Found rmw_cyclonedds_cpp: 1.3.4 (/opt/ros/humble/share/rmw_cyclonedds_cpp/cmake)
[0.408s] -- Using RMW implementation 'rmw_cyclonedds_cpp' as default
[0.456s] -- Found tf2: 0.25.9 (/opt/ros/humble/share/tf2/cmake)
[0.460s] -- Found tf2_ros: 0.25.9 (/opt/ros/humble/share/tf2_ros/cmake)
[0.583s] [31mCMake Error at CMakeLists.txt:14 (find_package):
[0.583s]   By not providing "Findturtlesim.cmake" in CMAKE_MODULE_PATH this project
[0.583s]   has asked CMake to find a package configuration file provided by
[0.583s]   "turtlesim", but CMake did not find one.
[0.583s] 
[0.583s]   Could not find a package configuration file provided by "turtlesim" with
[0.584s]   any of the following names:
[0.584s] 
[0.584s]     turtlesimConfig.cmake
[0.584s]     turtlesim-config.cmake
[0.584s] 
[0.584s]   Add the installation prefix of "turtlesim" to CMAKE_PREFIX_PATH or set
[0.584s]   "turtlesim_DIR" to a directory containing one of the above files.  If
[0.584s]   "turtlesim" provides a separate development package or SDK, be sure it has
[0.584s]   been installed.
[0.584s] 
[0.584s] [0m
[0.584s] -- Configuring incomplete, errors occurred!
[0.584s] See also "/home/pengyh/documents/ros2_ws/RobotAD/build/robot_locate/CMakeFiles/CMakeOutput.log".
[0.589s] gmake: *** [Makefile:226: cmake_check_build_system] Error 1
[0.593s] Invoked command in '/home/pengyh/documents/ros2_ws/RobotAD/build/robot_locate' returned '2': CMAKE_PREFIX_PATH=${CMAKE_PREFIX_PATH}:/opt/ros/humble /usr/bin/cmake --build /home/pengyh/documents/ros2_ws/RobotAD/build/robot_locate -- -j24 -l24
