[0.017s] Invoking command in '/home/pengyh/documents/ros2_ws/RobotAD/build/rslidar_msg': CMAKE_PREFIX_PATH=${CMAKE_PREFIX_PATH}:/opt/ros/humble CONDA_PROMPT_MODIFIER=(base) /usr/bin/cmake --build /home/pengyh/documents/ros2_ws/RobotAD/build/rslidar_msg -- -j24 -l24
[0.042s] [  9%] Built target rslidar_msg__rosidl_generator_c
[0.047s] [ 12%] Built target rslidar_msg__cpp
[0.048s] [ 12%] Built target ament_cmake_python_symlink_rslidar_msg
[0.058s] [ 22%] Built target rslidar_msg__rosidl_typesupport_c
[0.058s] [ 32%] Built target rslidar_msg__rosidl_typesupport_fastrtps_c
[0.060s] [ 41%] Built target rslidar_msg__rosidl_typesupport_introspection_c
[0.063s] [ 51%] Built target rslidar_msg__rosidl_typesupport_cpp
[0.063s] [ 61%] Built target rslidar_msg__rosidl_typesupport_introspection_cpp
[0.064s] [ 70%] Built target rslidar_msg__rosidl_typesupport_fastrtps_cpp
[0.077s] [ 70%] Built target rslidar_msg
[0.089s] [ 74%] Built target rslidar_msg__py
[0.102s] [ 80%] Built target rslidar_msg__rosidl_generator_py
[0.115s] [ 93%] Built target rslidar_msg__rosidl_typesupport_introspection_c__pyext
[0.116s] [ 93%] Built target rslidar_msg__rosidl_typesupport_c__pyext
[0.118s] [100%] Built target rslidar_msg__rosidl_typesupport_fastrtps_c__pyext
[0.226s] running egg_info
[0.241s] writing rslidar_msg.egg-info/PKG-INFO
[0.241s] writing dependency_links to rslidar_msg.egg-info/dependency_links.txt
[0.241s] writing top-level names to rslidar_msg.egg-info/top_level.txt
[0.283s] reading manifest file 'rslidar_msg.egg-info/SOURCES.txt'
[0.283s] writing manifest file 'rslidar_msg.egg-info/SOURCES.txt'
[0.308s] [100%] Built target ament_cmake_python_build_rslidar_msg_egg
[0.314s] Invoked command in '/home/pengyh/documents/ros2_ws/RobotAD/build/rslidar_msg' returned '0': CMAKE_PREFIX_PATH=${CMAKE_PREFIX_PATH}:/opt/ros/humble CONDA_PROMPT_MODIFIER=(base) /usr/bin/cmake --build /home/pengyh/documents/ros2_ws/RobotAD/build/rslidar_msg -- -j24 -l24
[0.316s] Invoking command in '/home/pengyh/documents/ros2_ws/RobotAD/build/rslidar_msg': CMAKE_PREFIX_PATH=${CMAKE_PREFIX_PATH}:/opt/ros/humble CONDA_PROMPT_MODIFIER=(base) /usr/bin/cmake --install /home/pengyh/documents/ros2_ws/RobotAD/build/rslidar_msg
[0.319s] -- Install configuration: ""
[0.320s] -- Execute custom install script
[0.320s] -- Up-to-date symlink: /home/pengyh/documents/ros2_ws/RobotAD/install/rslidar_msg/share/ament_index/resource_index/rosidl_interfaces/rslidar_msg
[0.320s] -- Up-to-date symlink: /home/pengyh/documents/ros2_ws/RobotAD/install/rslidar_msg/include/rslidar_msg/rslidar_msg/msg/detail/rslidar_packet__functions.h
[0.320s] -- Up-to-date symlink: /home/pengyh/documents/ros2_ws/RobotAD/install/rslidar_msg/include/rslidar_msg/rslidar_msg/msg/detail/rslidar_packet__struct.h
[0.320s] -- Up-to-date symlink: /home/pengyh/documents/ros2_ws/RobotAD/install/rslidar_msg/include/rslidar_msg/rslidar_msg/msg/detail/rslidar_packet__type_support.h
[0.320s] -- Up-to-date symlink: /home/pengyh/documents/ros2_ws/RobotAD/install/rslidar_msg/include/rslidar_msg/rslidar_msg/msg/rosidl_generator_c__visibility_control.h
[0.320s] -- Up-to-date symlink: /home/pengyh/documents/ros2_ws/RobotAD/install/rslidar_msg/include/rslidar_msg/rslidar_msg/msg/rslidar_packet.h
[0.321s] -- Up-to-date symlink: /home/pengyh/documents/ros2_ws/RobotAD/install/rslidar_msg/share/rslidar_msg/environment/library_path.sh
[0.321s] -- Up-to-date symlink: /home/pengyh/documents/ros2_ws/RobotAD/install/rslidar_msg/share/rslidar_msg/environment/library_path.dsv
[0.321s] -- Up-to-date symlink: /home/pengyh/documents/ros2_ws/RobotAD/install/rslidar_msg/include/rslidar_msg/rslidar_msg/msg/detail/rslidar_packet__rosidl_typesupport_fastrtps_c.h
[0.321s] -- Up-to-date symlink: /home/pengyh/documents/ros2_ws/RobotAD/install/rslidar_msg/include/rslidar_msg/rslidar_msg/msg/rosidl_typesupport_fastrtps_c__visibility_control.h
[0.321s] -- Up-to-date symlink: /home/pengyh/documents/ros2_ws/RobotAD/install/rslidar_msg/include/rslidar_msg/rslidar_msg/msg/detail/rslidar_packet__builder.hpp
[0.321s] -- Up-to-date symlink: /home/pengyh/documents/ros2_ws/RobotAD/install/rslidar_msg/include/rslidar_msg/rslidar_msg/msg/detail/rslidar_packet__struct.hpp
[0.321s] -- Up-to-date symlink: /home/pengyh/documents/ros2_ws/RobotAD/install/rslidar_msg/include/rslidar_msg/rslidar_msg/msg/detail/rslidar_packet__traits.hpp
[0.321s] -- Up-to-date symlink: /home/pengyh/documents/ros2_ws/RobotAD/install/rslidar_msg/include/rslidar_msg/rslidar_msg/msg/detail/rslidar_packet__type_support.hpp
[0.321s] -- Up-to-date symlink: /home/pengyh/documents/ros2_ws/RobotAD/install/rslidar_msg/include/rslidar_msg/rslidar_msg/msg/rosidl_generator_cpp__visibility_control.hpp
[0.321s] -- Up-to-date symlink: /home/pengyh/documents/ros2_ws/RobotAD/install/rslidar_msg/include/rslidar_msg/rslidar_msg/msg/rslidar_packet.hpp
[0.321s] -- Up-to-date symlink: /home/pengyh/documents/ros2_ws/RobotAD/install/rslidar_msg/include/rslidar_msg/rslidar_msg/msg/detail/rslidar_packet__rosidl_typesupport_fastrtps_cpp.hpp
[0.321s] -- Up-to-date symlink: /home/pengyh/documents/ros2_ws/RobotAD/install/rslidar_msg/include/rslidar_msg/rslidar_msg/msg/rosidl_typesupport_fastrtps_cpp__visibility_control.h
[0.322s] -- Up-to-date symlink: /home/pengyh/documents/ros2_ws/RobotAD/install/rslidar_msg/include/rslidar_msg/rslidar_msg/msg/detail/rslidar_packet__rosidl_typesupport_introspection_c.h
[0.322s] -- Up-to-date symlink: /home/pengyh/documents/ros2_ws/RobotAD/install/rslidar_msg/include/rslidar_msg/rslidar_msg/msg/rosidl_typesupport_introspection_c__visibility_control.h
[0.322s] -- Up-to-date symlink: /home/pengyh/documents/ros2_ws/RobotAD/install/rslidar_msg/include/rslidar_msg/rslidar_msg/msg/detail/rslidar_packet__rosidl_typesupport_introspection_cpp.hpp
[0.322s] -- Up-to-date symlink: /home/pengyh/documents/ros2_ws/RobotAD/install/rslidar_msg/share/rslidar_msg/environment/pythonpath.sh
[0.322s] -- Up-to-date symlink: /home/pengyh/documents/ros2_ws/RobotAD/install/rslidar_msg/share/rslidar_msg/environment/pythonpath.dsv
[0.322s] -- Up-to-date symlink: /home/pengyh/documents/ros2_ws/RobotAD/install/rslidar_msg/lib/python3.12/site-packages/rslidar_msg-0.0.0-py3.12.egg-info/PKG-INFO
[0.322s] -- Up-to-date symlink: /home/pengyh/documents/ros2_ws/RobotAD/install/rslidar_msg/lib/python3.12/site-packages/rslidar_msg-0.0.0-py3.12.egg-info/SOURCES.txt
[0.322s] -- Up-to-date symlink: /home/pengyh/documents/ros2_ws/RobotAD/install/rslidar_msg/lib/python3.12/site-packages/rslidar_msg-0.0.0-py3.12.egg-info/dependency_links.txt
[0.322s] -- Up-to-date symlink: /home/pengyh/documents/ros2_ws/RobotAD/install/rslidar_msg/lib/python3.12/site-packages/rslidar_msg-0.0.0-py3.12.egg-info/top_level.txt
[0.322s] -- Up-to-date symlink: /home/pengyh/documents/ros2_ws/RobotAD/install/rslidar_msg/lib/python3.12/site-packages/rslidar_msg/__init__.py
[0.323s] -- Up-to-date symlink: /home/pengyh/documents/ros2_ws/RobotAD/install/rslidar_msg/lib/python3.12/site-packages/rslidar_msg/_rslidar_msg_s.ep.rosidl_typesupport_c.c
[0.323s] -- Up-to-date symlink: /home/pengyh/documents/ros2_ws/RobotAD/install/rslidar_msg/lib/python3.12/site-packages/rslidar_msg/_rslidar_msg_s.ep.rosidl_typesupport_fastrtps_c.c
[0.323s] -- Up-to-date symlink: /home/pengyh/documents/ros2_ws/RobotAD/install/rslidar_msg/lib/python3.12/site-packages/rslidar_msg/_rslidar_msg_s.ep.rosidl_typesupport_introspection_c.c
[0.323s] -- Up-to-date symlink: /home/pengyh/documents/ros2_ws/RobotAD/install/rslidar_msg/lib/python3.12/site-packages/rslidar_msg/librslidar_msg__rosidl_generator_py.so
[0.323s] -- Up-to-date symlink: /home/pengyh/documents/ros2_ws/RobotAD/install/rslidar_msg/lib/python3.12/site-packages/rslidar_msg/msg/__init__.py
[0.323s] -- Up-to-date symlink: /home/pengyh/documents/ros2_ws/RobotAD/install/rslidar_msg/lib/python3.12/site-packages/rslidar_msg/msg/_rslidar_packet.py
[0.323s] -- Up-to-date symlink: /home/pengyh/documents/ros2_ws/RobotAD/install/rslidar_msg/lib/python3.12/site-packages/rslidar_msg/msg/_rslidar_packet_s.c
[0.323s] -- Up-to-date symlink: /home/pengyh/documents/ros2_ws/RobotAD/install/rslidar_msg/lib/python3.12/site-packages/rslidar_msg/rslidar_msg_s__rosidl_typesupport_c.cpython-312-x86_64-linux-gnu.so
[0.323s] -- Up-to-date symlink: /home/pengyh/documents/ros2_ws/RobotAD/install/rslidar_msg/lib/python3.12/site-packages/rslidar_msg/rslidar_msg_s__rosidl_typesupport_fastrtps_c.cpython-312-x86_64-linux-gnu.so
[0.323s] -- Up-to-date symlink: /home/pengyh/documents/ros2_ws/RobotAD/install/rslidar_msg/lib/python3.12/site-packages/rslidar_msg/rslidar_msg_s__rosidl_typesupport_introspection_c.cpython-312-x86_64-linux-gnu.so
[0.323s] -- Up-to-date symlink: /home/pengyh/documents/ros2_ws/RobotAD/install/rslidar_msg/lib/python3.12/site-packages/rslidar_msg/rslidar_msg_s__rosidl_typesupport_fastrtps_c.cpython-312-x86_64-linux-gnu.so
[0.323s] -- Up-to-date symlink: /home/pengyh/documents/ros2_ws/RobotAD/install/rslidar_msg/lib/python3.12/site-packages/rslidar_msg/rslidar_msg_s__rosidl_typesupport_introspection_c.cpython-312-x86_64-linux-gnu.so
[0.323s] -- Up-to-date symlink: /home/pengyh/documents/ros2_ws/RobotAD/install/rslidar_msg/lib/python3.12/site-packages/rslidar_msg/rslidar_msg_s__rosidl_typesupport_c.cpython-312-x86_64-linux-gnu.so
[0.323s] -- Up-to-date symlink: /home/pengyh/documents/ros2_ws/RobotAD/install/rslidar_msg/share/rslidar_msg/msg/RslidarPacket.idl
[0.323s] -- Up-to-date symlink: /home/pengyh/documents/ros2_ws/RobotAD/install/rslidar_msg/share/rslidar_msg/msg/RslidarPacket.msg
[0.324s] -- Up-to-date symlink: /home/pengyh/documents/ros2_ws/RobotAD/install/rslidar_msg/share/ament_index/resource_index/package_run_dependencies/rslidar_msg
[0.324s] -- Up-to-date symlink: /home/pengyh/documents/ros2_ws/RobotAD/install/rslidar_msg/share/ament_index/resource_index/parent_prefix_path/rslidar_msg
[0.324s] -- Up-to-date symlink: /home/pengyh/documents/ros2_ws/RobotAD/install/rslidar_msg/share/rslidar_msg/environment/ament_prefix_path.sh
[0.324s] -- Up-to-date symlink: /home/pengyh/documents/ros2_ws/RobotAD/install/rslidar_msg/share/rslidar_msg/environment/ament_prefix_path.dsv
[0.324s] -- Up-to-date symlink: /home/pengyh/documents/ros2_ws/RobotAD/install/rslidar_msg/share/rslidar_msg/environment/path.sh
[0.324s] -- Up-to-date symlink: /home/pengyh/documents/ros2_ws/RobotAD/install/rslidar_msg/share/rslidar_msg/environment/path.dsv
[0.324s] -- Up-to-date symlink: /home/pengyh/documents/ros2_ws/RobotAD/install/rslidar_msg/share/rslidar_msg/local_setup.bash
[0.324s] -- Up-to-date symlink: /home/pengyh/documents/ros2_ws/RobotAD/install/rslidar_msg/share/rslidar_msg/local_setup.sh
[0.324s] -- Up-to-date symlink: /home/pengyh/documents/ros2_ws/RobotAD/install/rslidar_msg/share/rslidar_msg/local_setup.zsh
[0.324s] -- Up-to-date symlink: /home/pengyh/documents/ros2_ws/RobotAD/install/rslidar_msg/share/rslidar_msg/local_setup.dsv
[0.324s] -- Symlinking: /home/pengyh/documents/ros2_ws/RobotAD/install/rslidar_msg/share/rslidar_msg/package.dsv
[0.329s] -- Up-to-date symlink: /home/pengyh/documents/ros2_ws/RobotAD/install/rslidar_msg/share/ament_index/resource_index/packages/rslidar_msg
[0.329s] -- Up-to-date symlink: /home/pengyh/documents/ros2_ws/RobotAD/install/rslidar_msg/share/rslidar_msg/cmake/rosidl_cmake-extras.cmake
[0.329s] -- Up-to-date symlink: /home/pengyh/documents/ros2_ws/RobotAD/install/rslidar_msg/share/rslidar_msg/cmake/ament_cmake_export_dependencies-extras.cmake
[0.329s] -- Up-to-date symlink: /home/pengyh/documents/ros2_ws/RobotAD/install/rslidar_msg/share/rslidar_msg/cmake/ament_cmake_export_include_directories-extras.cmake
[0.329s] -- Up-to-date symlink: /home/pengyh/documents/ros2_ws/RobotAD/install/rslidar_msg/share/rslidar_msg/cmake/ament_cmake_export_libraries-extras.cmake
[0.329s] -- Up-to-date symlink: /home/pengyh/documents/ros2_ws/RobotAD/install/rslidar_msg/share/rslidar_msg/cmake/ament_cmake_export_targets-extras.cmake
[0.329s] -- Up-to-date symlink: /home/pengyh/documents/ros2_ws/RobotAD/install/rslidar_msg/share/rslidar_msg/cmake/rosidl_cmake_export_typesupport_targets-extras.cmake
[0.329s] -- Up-to-date symlink: /home/pengyh/documents/ros2_ws/RobotAD/install/rslidar_msg/share/rslidar_msg/cmake/rosidl_cmake_export_typesupport_libraries-extras.cmake
[0.329s] -- Up-to-date symlink: /home/pengyh/documents/ros2_ws/RobotAD/install/rslidar_msg/share/rslidar_msg/cmake/rslidar_msgConfig.cmake
[0.329s] -- Up-to-date symlink: /home/pengyh/documents/ros2_ws/RobotAD/install/rslidar_msg/share/rslidar_msg/cmake/rslidar_msgConfig-version.cmake
[0.329s] -- Up-to-date symlink: /home/pengyh/documents/ros2_ws/RobotAD/install/rslidar_msg/share/rslidar_msg/package.xml
[0.330s] -- Up-to-date: /home/pengyh/documents/ros2_ws/RobotAD/install/rslidar_msg/lib/librslidar_msg__rosidl_generator_c.so
[0.330s] -- Up-to-date: /home/pengyh/documents/ros2_ws/RobotAD/install/rslidar_msg/lib/librslidar_msg__rosidl_typesupport_fastrtps_c.so
[0.330s] -- Up-to-date: /home/pengyh/documents/ros2_ws/RobotAD/install/rslidar_msg/lib/librslidar_msg__rosidl_typesupport_fastrtps_cpp.so
[0.330s] -- Up-to-date: /home/pengyh/documents/ros2_ws/RobotAD/install/rslidar_msg/lib/librslidar_msg__rosidl_typesupport_introspection_c.so
[0.330s] -- Up-to-date: /home/pengyh/documents/ros2_ws/RobotAD/install/rslidar_msg/lib/librslidar_msg__rosidl_typesupport_c.so
[0.330s] -- Up-to-date: /home/pengyh/documents/ros2_ws/RobotAD/install/rslidar_msg/lib/librslidar_msg__rosidl_typesupport_introspection_cpp.so
[0.330s] -- Up-to-date: /home/pengyh/documents/ros2_ws/RobotAD/install/rslidar_msg/lib/librslidar_msg__rosidl_typesupport_cpp.so
[0.354s] Listing '/home/pengyh/documents/ros2_ws/RobotAD/install/rslidar_msg/lib/python3.12/site-packages/rslidar_msg'...
[0.354s] Listing '/home/pengyh/documents/ros2_ws/RobotAD/install/rslidar_msg/lib/python3.12/site-packages/rslidar_msg/msg'...
[0.357s] -- Up-to-date: /home/pengyh/documents/ros2_ws/RobotAD/install/rslidar_msg/lib/librslidar_msg__rosidl_generator_py.so
[0.357s] -- Up-to-date: /home/pengyh/documents/ros2_ws/RobotAD/install/rslidar_msg/share/rslidar_msg/cmake/export_rslidar_msg__rosidl_generator_cExport.cmake
[0.358s] -- Up-to-date: /home/pengyh/documents/ros2_ws/RobotAD/install/rslidar_msg/share/rslidar_msg/cmake/export_rslidar_msg__rosidl_generator_cExport-noconfig.cmake
[0.358s] -- Up-to-date: /home/pengyh/documents/ros2_ws/RobotAD/install/rslidar_msg/share/rslidar_msg/cmake/export_rslidar_msg__rosidl_typesupport_fastrtps_cExport.cmake
[0.358s] -- Up-to-date: /home/pengyh/documents/ros2_ws/RobotAD/install/rslidar_msg/share/rslidar_msg/cmake/export_rslidar_msg__rosidl_typesupport_fastrtps_cExport-noconfig.cmake
[0.358s] -- Up-to-date: /home/pengyh/documents/ros2_ws/RobotAD/install/rslidar_msg/share/rslidar_msg/cmake/export_rslidar_msg__rosidl_generator_cppExport.cmake
[0.358s] -- Up-to-date: /home/pengyh/documents/ros2_ws/RobotAD/install/rslidar_msg/share/rslidar_msg/cmake/export_rslidar_msg__rosidl_typesupport_fastrtps_cppExport.cmake
[0.358s] -- Up-to-date: /home/pengyh/documents/ros2_ws/RobotAD/install/rslidar_msg/share/rslidar_msg/cmake/export_rslidar_msg__rosidl_typesupport_fastrtps_cppExport-noconfig.cmake
[0.358s] -- Up-to-date: /home/pengyh/documents/ros2_ws/RobotAD/install/rslidar_msg/share/rslidar_msg/cmake/rslidar_msg__rosidl_typesupport_introspection_cExport.cmake
[0.358s] -- Up-to-date: /home/pengyh/documents/ros2_ws/RobotAD/install/rslidar_msg/share/rslidar_msg/cmake/rslidar_msg__rosidl_typesupport_introspection_cExport-noconfig.cmake
[0.358s] -- Up-to-date: /home/pengyh/documents/ros2_ws/RobotAD/install/rslidar_msg/share/rslidar_msg/cmake/rslidar_msg__rosidl_typesupport_cExport.cmake
[0.358s] -- Up-to-date: /home/pengyh/documents/ros2_ws/RobotAD/install/rslidar_msg/share/rslidar_msg/cmake/rslidar_msg__rosidl_typesupport_cExport-noconfig.cmake
[0.358s] -- Up-to-date: /home/pengyh/documents/ros2_ws/RobotAD/install/rslidar_msg/share/rslidar_msg/cmake/rslidar_msg__rosidl_typesupport_introspection_cppExport.cmake
[0.358s] -- Up-to-date: /home/pengyh/documents/ros2_ws/RobotAD/install/rslidar_msg/share/rslidar_msg/cmake/rslidar_msg__rosidl_typesupport_introspection_cppExport-noconfig.cmake
[0.358s] -- Up-to-date: /home/pengyh/documents/ros2_ws/RobotAD/install/rslidar_msg/share/rslidar_msg/cmake/rslidar_msg__rosidl_typesupport_cppExport.cmake
[0.358s] -- Up-to-date: /home/pengyh/documents/ros2_ws/RobotAD/install/rslidar_msg/share/rslidar_msg/cmake/rslidar_msg__rosidl_typesupport_cppExport-noconfig.cmake
[0.358s] -- Up-to-date: /home/pengyh/documents/ros2_ws/RobotAD/install/rslidar_msg/share/rslidar_msg/cmake/export_rslidar_msg__rosidl_generator_pyExport.cmake
[0.358s] -- Up-to-date: /home/pengyh/documents/ros2_ws/RobotAD/install/rslidar_msg/share/rslidar_msg/cmake/export_rslidar_msg__rosidl_generator_pyExport-noconfig.cmake
