[0.021s] Invoking command in '/home/pengyh/documents/ros2_ws/RobotAD/build/usb_camera': /usr/bin/cmake /home/pengyh/documents/ros2_ws/RobotAD/src/usb_camera -DCMAKE_INSTALL_PREFIX=/home/pengyh/documents/ros2_ws/RobotAD/install/usb_camera
[0.027s] -- Found ament_cmake: 1.3.11 (/opt/ros/humble/share/ament_cmake/cmake)
[0.102s] -- Override CMake install command with custom implementation using symlinks instead of copying resources
[0.106s] -- Found rclcpp: 16.0.11 (/opt/ros/humble/share/rclcpp/cmake)
[0.123s] -- Found rosidl_generator_c: 3.1.6 (/opt/ros/humble/share/rosidl_generator_c/cmake)
[0.125s] -- Found rosidl_adapter: 3.1.6 (/opt/ros/humble/share/rosidl_adapter/cmake)
[0.129s] -- Found rosidl_generator_cpp: 3.1.6 (/opt/ros/humble/share/rosidl_generator_cpp/cmake)
[0.135s] -- Using all available rosidl_typesupport_c: rosidl_typesupport_fastrtps_c;rosidl_typesupport_introspection_c
[0.143s] -- Using all available rosidl_typesupport_cpp: rosidl_typesupport_fastrtps_cpp;rosidl_typesupport_introspection_cpp
[0.163s] -- Found rmw_implementation_cmake: 6.1.2 (/opt/ros/humble/share/rmw_implementation_cmake/cmake)
[0.164s] -- Found rmw_fastrtps_cpp: 6.2.7 (/opt/ros/humble/share/rmw_fastrtps_cpp/cmake)
[0.232s] -- Using RMW implementation 'rmw_fastrtps_cpp' as default
[0.272s] -- Found sensor_msgs: 4.2.4 (/opt/ros/humble/share/sensor_msgs/cmake)
[0.290s] -- Found cv_bridge: 3.2.1 (/opt/ros/humble/share/cv_bridge/cmake)
[0.343s] -- Configuring done
[0.352s] -- Generating done
[0.354s] -- Build files have been written to: /home/pengyh/documents/ros2_ws/RobotAD/build/usb_camera
[0.359s] Invoked command in '/home/pengyh/documents/ros2_ws/RobotAD/build/usb_camera' returned '0': /usr/bin/cmake /home/pengyh/documents/ros2_ws/RobotAD/src/usb_camera -DCMAKE_INSTALL_PREFIX=/home/pengyh/documents/ros2_ws/RobotAD/install/usb_camera
[0.361s] Invoking command in '/home/pengyh/documents/ros2_ws/RobotAD/build/usb_camera': /usr/bin/cmake --build /home/pengyh/documents/ros2_ws/RobotAD/build/usb_camera -- -j24 -l24
[0.393s] [35m[1mConsolidate compiler generated dependencies of target usb_camera_node[0m
[0.406s] [100%] Built target usb_camera_node
[0.413s] Invoked command in '/home/pengyh/documents/ros2_ws/RobotAD/build/usb_camera' returned '0': /usr/bin/cmake --build /home/pengyh/documents/ros2_ws/RobotAD/build/usb_camera -- -j24 -l24
[0.421s] Invoking command in '/home/pengyh/documents/ros2_ws/RobotAD/build/usb_camera': /usr/bin/cmake --install /home/pengyh/documents/ros2_ws/RobotAD/build/usb_camera
[0.427s] -- Install configuration: ""
[0.427s] -- Execute custom install script
[0.428s] -- Up-to-date symlink: /home/pengyh/documents/ros2_ws/RobotAD/install/usb_camera/share/usb_camera/config/camera_params.yaml
[0.428s] -- Up-to-date symlink: /home/pengyh/documents/ros2_ws/RobotAD/install/usb_camera/lib/usb_camera/usb_camera_node
[0.428s] -- Up-to-date symlink: /home/pengyh/documents/ros2_ws/RobotAD/install/usb_camera/share/ament_index/resource_index/package_run_dependencies/usb_camera
[0.429s] -- Up-to-date symlink: /home/pengyh/documents/ros2_ws/RobotAD/install/usb_camera/share/ament_index/resource_index/parent_prefix_path/usb_camera
[0.429s] -- Up-to-date symlink: /home/pengyh/documents/ros2_ws/RobotAD/install/usb_camera/share/usb_camera/environment/ament_prefix_path.sh
[0.429s] -- Up-to-date symlink: /home/pengyh/documents/ros2_ws/RobotAD/install/usb_camera/share/usb_camera/environment/ament_prefix_path.dsv
[0.429s] -- Up-to-date symlink: /home/pengyh/documents/ros2_ws/RobotAD/install/usb_camera/share/usb_camera/environment/path.sh
[0.429s] -- Up-to-date symlink: /home/pengyh/documents/ros2_ws/RobotAD/install/usb_camera/share/usb_camera/environment/path.dsv
[0.429s] -- Up-to-date symlink: /home/pengyh/documents/ros2_ws/RobotAD/install/usb_camera/share/usb_camera/local_setup.bash
[0.430s] -- Up-to-date symlink: /home/pengyh/documents/ros2_ws/RobotAD/install/usb_camera/share/usb_camera/local_setup.sh
[0.431s] -- Up-to-date symlink: /home/pengyh/documents/ros2_ws/RobotAD/install/usb_camera/share/usb_camera/local_setup.zsh
[0.433s] -- Up-to-date symlink: /home/pengyh/documents/ros2_ws/RobotAD/install/usb_camera/share/usb_camera/local_setup.dsv
[0.433s] -- Symlinking: /home/pengyh/documents/ros2_ws/RobotAD/install/usb_camera/share/usb_camera/package.dsv
[0.436s] -- Up-to-date symlink: /home/pengyh/documents/ros2_ws/RobotAD/install/usb_camera/share/ament_index/resource_index/packages/usb_camera
[0.436s] -- Up-to-date symlink: /home/pengyh/documents/ros2_ws/RobotAD/install/usb_camera/share/usb_camera/cmake/usb_cameraConfig.cmake
[0.436s] -- Up-to-date symlink: /home/pengyh/documents/ros2_ws/RobotAD/install/usb_camera/share/usb_camera/cmake/usb_cameraConfig-version.cmake
[0.436s] -- Up-to-date symlink: /home/pengyh/documents/ros2_ws/RobotAD/install/usb_camera/share/usb_camera/package.xml
[0.439s] Invoked command in '/home/pengyh/documents/ros2_ws/RobotAD/build/usb_camera' returned '0': /usr/bin/cmake --install /home/pengyh/documents/ros2_ws/RobotAD/build/usb_camera
