[0.033s] Invoking command in '/home/pengyh/documents/ros2_ws/RobotAD/build/diff_control': CMAKE_PREFIX_PATH=${CMAKE_PREFIX_PATH}:/opt/ros/humble /usr/bin/cmake --build /home/pengyh/documents/ros2_ws/RobotAD/build/diff_control -- -j24 -l24
[0.088s] [35m[1mConsolidate compiler generated dependencies of target diff_control[0m
[0.120s] [100%] Built target diff_control
[0.145s] Invoked command in '/home/pengyh/documents/ros2_ws/RobotAD/build/diff_control' returned '0': CMAKE_PREFIX_PATH=${CMAKE_PREFIX_PATH}:/opt/ros/humble /usr/bin/cmake --build /home/pengyh/documents/ros2_ws/RobotAD/build/diff_control -- -j24 -l24
[0.148s] Invoking command in '/home/pengyh/documents/ros2_ws/RobotAD/build/diff_control': CMAKE_PREFIX_PATH=${CMAKE_PREFIX_PATH}:/opt/ros/humble /usr/bin/cmake --install /home/pengyh/documents/ros2_ws/RobotAD/build/diff_control
[0.159s] -- Install configuration: ""
[0.161s] -- Execute custom install script
[0.161s] -- Up-to-date symlink: /home/pengyh/documents/ros2_ws/RobotAD/install/diff_control/share/diff_control//diff_control.xml
[0.164s] -- Up-to-date symlink: /home/pengyh/documents/ros2_ws/RobotAD/install/diff_control/share/diff_control/world/obstacles.world
[0.164s] -- Up-to-date symlink: /home/pengyh/documents/ros2_ws/RobotAD/install/diff_control/share/diff_control/world/sim_world.sdf
[0.164s] -- Up-to-date symlink: /home/pengyh/documents/ros2_ws/RobotAD/install/diff_control/share/diff_control/world/sim_world2.sdf
[0.164s] -- Up-to-date symlink: /home/pengyh/documents/ros2_ws/RobotAD/install/diff_control/share/diff_control/world/sim_world_2.sdf
[0.165s] -- Up-to-date symlink: /home/pengyh/documents/ros2_ws/RobotAD/install/diff_control/include/diff_control/diff_control/diffbot_system.hpp
[0.165s] -- Up-to-date symlink: /home/pengyh/documents/ros2_ws/RobotAD/install/diff_control/include/diff_control/diff_control/serial_bridge.hpp
[0.165s] -- Up-to-date symlink: /home/pengyh/documents/ros2_ws/RobotAD/install/diff_control/include/diff_control/diff_control/visibility_control.h
[0.165s] -- Up-to-date symlink: /home/pengyh/documents/ros2_ws/RobotAD/install/diff_control/include/diff_control/diff_control/wheel.hpp
[0.166s] -- Up-to-date symlink: /home/pengyh/documents/ros2_ws/RobotAD/install/diff_control/share/diff_control/launch/view_robot.launch.py
[0.166s] -- Up-to-date symlink: /home/pengyh/documents/ros2_ws/RobotAD/install/diff_control/share/diff_control/ros2_control/diffbot.materials.xacro
[0.166s] -- Up-to-date symlink: /home/pengyh/documents/ros2_ws/RobotAD/install/diff_control/share/diff_control/ros2_control/diffbot.ros2_control.xacro
[0.166s] -- Up-to-date symlink: /home/pengyh/documents/ros2_ws/RobotAD/install/diff_control/share/diff_control/ros2_control/diffbot_model_our.urdf.xacro
[0.166s] -- Up-to-date symlink: /home/pengyh/documents/ros2_ws/RobotAD/install/diff_control/share/diff_control/ros2_control/inertial_macros.xacro
[0.166s] -- Up-to-date symlink: /home/pengyh/documents/ros2_ws/RobotAD/install/diff_control/share/diff_control/ros2_control/lidar.xacro
[0.166s] -- Up-to-date symlink: /home/pengyh/documents/ros2_ws/RobotAD/install/diff_control/share/diff_control/ros2_control/old/diffbot2_model.urdf.xacro
[0.166s] -- Up-to-date symlink: /home/pengyh/documents/ros2_ws/RobotAD/install/diff_control/share/diff_control/ros2_control/old/diffbot_model.urdf.xacro
[0.166s] -- Up-to-date symlink: /home/pengyh/documents/ros2_ws/RobotAD/install/diff_control/share/diff_control/urdf/diffbot.urdf.xacro
[0.166s] -- Up-to-date symlink: /home/pengyh/documents/ros2_ws/RobotAD/install/diff_control/share/diff_control/launch/diffbot.launch.py
[0.166s] -- Up-to-date symlink: /home/pengyh/documents/ros2_ws/RobotAD/install/diff_control/share/diff_control/launch/diffbot_sim.launch.py
[0.166s] -- Up-to-date symlink: /home/pengyh/documents/ros2_ws/RobotAD/install/diff_control/share/diff_control/config/diffbot_controllers.yaml
[0.167s] -- Up-to-date symlink: /home/pengyh/documents/ros2_ws/RobotAD/install/diff_control/share/diff_control/config/gazebo_params.yaml
[0.167s] -- Up-to-date symlink: /home/pengyh/documents/ros2_ws/RobotAD/install/diff_control/share/diff_control/config/gazebo_use_sim_control.yaml
[0.167s] -- Up-to-date symlink: /home/pengyh/documents/ros2_ws/RobotAD/install/diff_control/share/diff_control/config/mapper_params_online_async.yaml
[0.168s] -- Up-to-date symlink: /home/pengyh/documents/ros2_ws/RobotAD/install/diff_control/share/diff_control/config/urdf.rviz
[0.168s] -- Up-to-date symlink: /home/pengyh/documents/ros2_ws/RobotAD/install/diff_control/share/diff_control/config/urdf.rviz.old
[0.169s] -- Up-to-date symlink: /home/pengyh/documents/ros2_ws/RobotAD/install/diff_control/share/diff_control/environment/library_path.sh
[0.169s] -- Up-to-date symlink: /home/pengyh/documents/ros2_ws/RobotAD/install/diff_control/share/diff_control/environment/library_path.dsv
[0.169s] -- Up-to-date symlink: /home/pengyh/documents/ros2_ws/RobotAD/install/diff_control/share/ament_index/resource_index/package_run_dependencies/diff_control
[0.170s] -- Up-to-date symlink: /home/pengyh/documents/ros2_ws/RobotAD/install/diff_control/share/ament_index/resource_index/parent_prefix_path/diff_control
[0.170s] -- Up-to-date symlink: /home/pengyh/documents/ros2_ws/RobotAD/install/diff_control/share/diff_control/environment/ament_prefix_path.sh
[0.170s] -- Up-to-date symlink: /home/pengyh/documents/ros2_ws/RobotAD/install/diff_control/share/diff_control/environment/ament_prefix_path.dsv
[0.170s] -- Up-to-date symlink: /home/pengyh/documents/ros2_ws/RobotAD/install/diff_control/share/diff_control/environment/path.sh
[0.170s] -- Up-to-date symlink: /home/pengyh/documents/ros2_ws/RobotAD/install/diff_control/share/diff_control/environment/path.dsv
[0.170s] -- Up-to-date symlink: /home/pengyh/documents/ros2_ws/RobotAD/install/diff_control/share/diff_control/local_setup.bash
[0.170s] -- Up-to-date symlink: /home/pengyh/documents/ros2_ws/RobotAD/install/diff_control/share/diff_control/local_setup.sh
[0.171s] -- Up-to-date symlink: /home/pengyh/documents/ros2_ws/RobotAD/install/diff_control/share/diff_control/local_setup.zsh
[0.171s] -- Up-to-date symlink: /home/pengyh/documents/ros2_ws/RobotAD/install/diff_control/share/diff_control/local_setup.dsv
[0.171s] -- Symlinking: /home/pengyh/documents/ros2_ws/RobotAD/install/diff_control/share/diff_control/package.dsv
[0.177s] -- Up-to-date symlink: /home/pengyh/documents/ros2_ws/RobotAD/install/diff_control/share/ament_index/resource_index/packages/diff_control
[0.177s] -- Up-to-date symlink: /home/pengyh/documents/ros2_ws/RobotAD/install/diff_control/share/ament_index/resource_index/hardware_interface__pluginlib__plugin/diff_control
[0.177s] -- Up-to-date symlink: /home/pengyh/documents/ros2_ws/RobotAD/install/diff_control/share/diff_control/cmake/ament_cmake_export_targets-extras.cmake
[0.177s] -- Up-to-date symlink: /home/pengyh/documents/ros2_ws/RobotAD/install/diff_control/share/diff_control/cmake/ament_cmake_export_dependencies-extras.cmake
[0.177s] -- Up-to-date symlink: /home/pengyh/documents/ros2_ws/RobotAD/install/diff_control/share/diff_control/cmake/diff_controlConfig.cmake
[0.177s] -- Up-to-date symlink: /home/pengyh/documents/ros2_ws/RobotAD/install/diff_control/share/diff_control/cmake/diff_controlConfig-version.cmake
[0.177s] -- Up-to-date symlink: /home/pengyh/documents/ros2_ws/RobotAD/install/diff_control/share/diff_control/package.xml
[0.177s] -- Up-to-date: /home/pengyh/documents/ros2_ws/RobotAD/install/diff_control/lib/libdiff_control.so
[0.177s] -- Up-to-date: /home/pengyh/documents/ros2_ws/RobotAD/install/diff_control/share/diff_control/cmake/export_diff_controlExport.cmake
[0.177s] -- Up-to-date: /home/pengyh/documents/ros2_ws/RobotAD/install/diff_control/share/diff_control/cmake/export_diff_controlExport-noconfig.cmake
[0.261s] Invoked command in '/home/pengyh/documents/ros2_ws/RobotAD/build/diff_control' returned '0': CMAKE_PREFIX_PATH=${CMAKE_PREFIX_PATH}:/opt/ros/humble /usr/bin/cmake --install /home/pengyh/documents/ros2_ws/RobotAD/build/diff_control
