[0.033s] Invoking command in '/home/pengyh/documents/ros2_ws/RobotAD/build/robot_hardware': CMAKE_PREFIX_PATH=${CMAKE_PREFIX_PATH}:/opt/ros/humble /usr/bin/cmake /home/pengyh/documents/ros2_ws/RobotAD/src/robot_hardware -DCMAKE_INSTALL_PREFIX=/home/pengyh/documents/ros2_ws/RobotAD/install/robot_hardware
[0.052s] -- Found ament_cmake: 1.3.11 (/opt/ros/humble/share/ament_cmake/cmake)
[0.191s] -- Override CMake install command with custom implementation using symlinks instead of copying resources
[0.198s] -- Found rclcpp: 16.0.11 (/opt/ros/humble/share/rclcpp/cmake)
[0.231s] -- Found rosidl_generator_c: 3.1.6 (/opt/ros/humble/share/rosidl_generator_c/cmake)
[0.233s] -- Found rosidl_adapter: 3.1.6 (/opt/ros/humble/share/rosidl_adapter/cmake)
[0.240s] -- Found rosidl_generator_cpp: 3.1.6 (/opt/ros/humble/share/rosidl_generator_cpp/cmake)
[0.252s] -- Using all available rosidl_typesupport_c: rosidl_typesupport_fastrtps_c;rosidl_typesupport_introspection_c
[0.265s] -- Using all available rosidl_typesupport_cpp: rosidl_typesupport_fastrtps_cpp;rosidl_typesupport_introspection_cpp
[0.303s] -- Found rmw_implementation_cmake: 6.1.2 (/opt/ros/humble/share/rmw_implementation_cmake/cmake)
[0.304s] -- Found rmw_cyclonedds_cpp: 1.3.4 (/opt/ros/humble/share/rmw_cyclonedds_cpp/cmake)
[0.326s] -- Using RMW implementation 'rmw_cyclonedds_cpp' as default
[0.382s] -- Found sensor_msgs: 4.2.4 (/opt/ros/humble/share/sensor_msgs/cmake)
[0.414s] -- Found cv_bridge: 3.2.1 (/opt/ros/humble/share/cv_bridge/cmake)
[0.428s] -- Found rosidl_default_generators: 1.2.0 (/opt/ros/humble/share/rosidl_default_generators/cmake)
[0.772s] -- Found ament_cmake_ros: 0.10.0 (/opt/ros/humble/share/ament_cmake_ros/cmake)
[1.310s] -- Using all available rosidl_typesupport_c: rosidl_typesupport_fastrtps_c;rosidl_typesupport_introspection_c
[1.483s] -- Using all available rosidl_typesupport_cpp: rosidl_typesupport_fastrtps_cpp;rosidl_typesupport_introspection_cpp
[1.513s] -- Found python_cmake_module: 0.10.0 (/opt/ros/humble/share/python_cmake_module/cmake)
[1.542s] -- Using PYTHON_EXECUTABLE: /usr/bin/python3
[1.542s] -- Using PYTHON_INCLUDE_DIRS: /usr/include/python3.10
[1.543s] -- Using PYTHON_LIBRARIES: /usr/lib/x86_64-linux-gnu/libpython3.10.so
[1.589s] -- Configuring done
[1.636s] -- Generating done
[1.651s] -- Build files have been written to: /home/pengyh/documents/ros2_ws/RobotAD/build/robot_hardware
[1.660s] Invoked command in '/home/pengyh/documents/ros2_ws/RobotAD/build/robot_hardware' returned '0': CMAKE_PREFIX_PATH=${CMAKE_PREFIX_PATH}:/opt/ros/humble /usr/bin/cmake /home/pengyh/documents/ros2_ws/RobotAD/src/robot_hardware -DCMAKE_INSTALL_PREFIX=/home/pengyh/documents/ros2_ws/RobotAD/install/robot_hardware
[1.662s] Invoking command in '/home/pengyh/documents/ros2_ws/RobotAD/build/robot_hardware': CMAKE_PREFIX_PATH=${CMAKE_PREFIX_PATH}:/opt/ros/humble /usr/bin/cmake --build /home/pengyh/documents/ros2_ws/RobotAD/build/robot_hardware -- -j24 -l24
[1.716s] [35m[1mConsolidate compiler generated dependencies of target robot_hardware__rosidl_generator_c[0m
[1.727s] [  9%] Built target robot_hardware__rosidl_generator_c
[1.747s] [  9%] Built target ament_cmake_python_symlink_robot_hardware
[1.748s] [35m[1mConsolidate compiler generated dependencies of target robot_hardware__rosidl_typesupport_c[0m
[1.750s] [ 12%] Built target robot_hardware__cpp
[1.753s] [35m[1mConsolidate compiler generated dependencies of target robot_hardware__rosidl_typesupport_fastrtps_c[0m
[1.755s] [ 21%] Built target robot_hardware__rosidl_typesupport_c
[1.762s] [35m[1mConsolidate compiler generated dependencies of target robot_hardware__rosidl_typesupport_introspection_c[0m
[1.763s] [35m[1mConsolidate compiler generated dependencies of target robot_hardware__rosidl_typesupport_introspection_cpp[0m
[1.763s] [35m[1mConsolidate compiler generated dependencies of target robot_hardware__rosidl_typesupport_fastrtps_cpp[0m
[1.765s] [35m[1mConsolidate compiler generated dependencies of target robot_hardware__rosidl_typesupport_cpp[0m
[1.778s] [ 31%] Built target robot_hardware__rosidl_typesupport_fastrtps_c
[1.779s] [ 41%] Built target robot_hardware__rosidl_typesupport_introspection_cpp
[1.780s] [ 51%] Built target robot_hardware__rosidl_typesupport_cpp
[1.783s] [ 60%] Built target robot_hardware__rosidl_typesupport_introspection_c
[1.790s] [ 70%] Built target robot_hardware__rosidl_typesupport_fastrtps_cpp
[1.794s] [35m[1mConsolidate compiler generated dependencies of target hardware_manager[0m
[1.816s] [ 75%] Built target hardware_manager
[1.819s] [ 75%] Built target robot_hardware
[1.843s] [ 78%] Built target robot_hardware__py
[1.855s] [35m[1mConsolidate compiler generated dependencies of target robot_hardware__rosidl_generator_py[0m
[1.872s] [ 85%] Built target robot_hardware__rosidl_generator_py
[1.884s] [35m[1mConsolidate compiler generated dependencies of target robot_hardware__rosidl_typesupport_c__pyext[0m
[1.887s] [35m[1mConsolidate compiler generated dependencies of target robot_hardware__rosidl_typesupport_fastrtps_c__pyext[0m
[1.889s] [35m[1mConsolidate compiler generated dependencies of target robot_hardware__rosidl_typesupport_introspection_c__pyext[0m
[1.903s] [ 95%] Built target robot_hardware__rosidl_typesupport_c__pyext
[1.903s] [ 95%] Built target robot_hardware__rosidl_typesupport_fastrtps_c__pyext
[1.915s] [100%] Built target robot_hardware__rosidl_typesupport_introspection_c__pyext
[2.063s] running egg_info
[2.064s] writing robot_hardware.egg-info/PKG-INFO
[2.064s] writing dependency_links to robot_hardware.egg-info/dependency_links.txt
[2.064s] writing top-level names to robot_hardware.egg-info/top_level.txt
[2.068s] reading manifest file 'robot_hardware.egg-info/SOURCES.txt'
[2.069s] writing manifest file 'robot_hardware.egg-info/SOURCES.txt'
[2.102s] [100%] Built target ament_cmake_python_build_robot_hardware_egg
[2.115s] Invoked command in '/home/pengyh/documents/ros2_ws/RobotAD/build/robot_hardware' returned '0': CMAKE_PREFIX_PATH=${CMAKE_PREFIX_PATH}:/opt/ros/humble /usr/bin/cmake --build /home/pengyh/documents/ros2_ws/RobotAD/build/robot_hardware -- -j24 -l24
[2.117s] Invoking command in '/home/pengyh/documents/ros2_ws/RobotAD/build/robot_hardware': CMAKE_PREFIX_PATH=${CMAKE_PREFIX_PATH}:/opt/ros/humble /usr/bin/cmake --install /home/pengyh/documents/ros2_ws/RobotAD/build/robot_hardware
[2.130s] -- Install configuration: ""
[2.131s] -- Execute custom install script
[2.131s] -- Up-to-date symlink: /home/pengyh/documents/ros2_ws/RobotAD/install/robot_hardware/share/ament_index/resource_index/rosidl_interfaces/robot_hardware
[2.132s] -- Up-to-date symlink: /home/pengyh/documents/ros2_ws/RobotAD/install/robot_hardware/include/robot_hardware/robot_hardware/msg/detail/hardware_data__functions.h
[2.132s] -- Up-to-date symlink: /home/pengyh/documents/ros2_ws/RobotAD/install/robot_hardware/include/robot_hardware/robot_hardware/msg/detail/hardware_data__struct.h
[2.132s] -- Up-to-date symlink: /home/pengyh/documents/ros2_ws/RobotAD/install/robot_hardware/include/robot_hardware/robot_hardware/msg/detail/hardware_data__type_support.h
[2.132s] -- Up-to-date symlink: /home/pengyh/documents/ros2_ws/RobotAD/install/robot_hardware/include/robot_hardware/robot_hardware/msg/detail/motor_data__functions.h
[2.132s] -- Up-to-date symlink: /home/pengyh/documents/ros2_ws/RobotAD/install/robot_hardware/include/robot_hardware/robot_hardware/msg/detail/motor_data__struct.h
[2.133s] -- Up-to-date symlink: /home/pengyh/documents/ros2_ws/RobotAD/install/robot_hardware/include/robot_hardware/robot_hardware/msg/detail/motor_data__type_support.h
[2.133s] -- Up-to-date symlink: /home/pengyh/documents/ros2_ws/RobotAD/install/robot_hardware/include/robot_hardware/robot_hardware/msg/hardware_data.h
[2.133s] -- Up-to-date symlink: /home/pengyh/documents/ros2_ws/RobotAD/install/robot_hardware/include/robot_hardware/robot_hardware/msg/motor_data.h
[2.133s] -- Up-to-date symlink: /home/pengyh/documents/ros2_ws/RobotAD/install/robot_hardware/include/robot_hardware/robot_hardware/msg/rosidl_generator_c__visibility_control.h
[2.133s] -- Up-to-date symlink: /home/pengyh/documents/ros2_ws/RobotAD/install/robot_hardware/share/robot_hardware/environment/library_path.sh
[2.133s] -- Up-to-date symlink: /home/pengyh/documents/ros2_ws/RobotAD/install/robot_hardware/share/robot_hardware/environment/library_path.dsv
[2.135s] -- Up-to-date symlink: /home/pengyh/documents/ros2_ws/RobotAD/install/robot_hardware/include/robot_hardware/robot_hardware/msg/detail/hardware_data__rosidl_typesupport_fastrtps_c.h
[2.135s] -- Up-to-date symlink: /home/pengyh/documents/ros2_ws/RobotAD/install/robot_hardware/include/robot_hardware/robot_hardware/msg/detail/motor_data__rosidl_typesupport_fastrtps_c.h
[2.135s] -- Up-to-date symlink: /home/pengyh/documents/ros2_ws/RobotAD/install/robot_hardware/include/robot_hardware/robot_hardware/msg/rosidl_typesupport_fastrtps_c__visibility_control.h
[2.138s] -- Up-to-date symlink: /home/pengyh/documents/ros2_ws/RobotAD/install/robot_hardware/include/robot_hardware/robot_hardware/msg/detail/hardware_data__builder.hpp
[2.139s] -- Up-to-date symlink: /home/pengyh/documents/ros2_ws/RobotAD/install/robot_hardware/include/robot_hardware/robot_hardware/msg/detail/hardware_data__struct.hpp
[2.141s] -- Up-to-date symlink: /home/pengyh/documents/ros2_ws/RobotAD/install/robot_hardware/include/robot_hardware/robot_hardware/msg/detail/hardware_data__traits.hpp
[2.141s] -- Up-to-date symlink: /home/pengyh/documents/ros2_ws/RobotAD/install/robot_hardware/include/robot_hardware/robot_hardware/msg/detail/hardware_data__type_support.hpp
[2.142s] -- Up-to-date symlink: /home/pengyh/documents/ros2_ws/RobotAD/install/robot_hardware/include/robot_hardware/robot_hardware/msg/detail/motor_data__builder.hpp
[2.145s] -- Up-to-date symlink: /home/pengyh/documents/ros2_ws/RobotAD/install/robot_hardware/include/robot_hardware/robot_hardware/msg/detail/motor_data__struct.hpp
[2.146s] -- Up-to-date symlink: /home/pengyh/documents/ros2_ws/RobotAD/install/robot_hardware/include/robot_hardware/robot_hardware/msg/detail/motor_data__traits.hpp
[2.146s] -- Up-to-date symlink: /home/pengyh/documents/ros2_ws/RobotAD/install/robot_hardware/include/robot_hardware/robot_hardware/msg/detail/motor_data__type_support.hpp
[2.147s] -- Up-to-date symlink: /home/pengyh/documents/ros2_ws/RobotAD/install/robot_hardware/include/robot_hardware/robot_hardware/msg/hardware_data.hpp
[2.147s] -- Up-to-date symlink: /home/pengyh/documents/ros2_ws/RobotAD/install/robot_hardware/include/robot_hardware/robot_hardware/msg/motor_data.hpp
[2.147s] -- Up-to-date symlink: /home/pengyh/documents/ros2_ws/RobotAD/install/robot_hardware/include/robot_hardware/robot_hardware/msg/rosidl_generator_cpp__visibility_control.hpp
[2.148s] -- Up-to-date symlink: /home/pengyh/documents/ros2_ws/RobotAD/install/robot_hardware/include/robot_hardware/robot_hardware/msg/detail/hardware_data__rosidl_typesupport_fastrtps_cpp.hpp
[2.148s] -- Up-to-date symlink: /home/pengyh/documents/ros2_ws/RobotAD/install/robot_hardware/include/robot_hardware/robot_hardware/msg/detail/motor_data__rosidl_typesupport_fastrtps_cpp.hpp
[2.148s] -- Up-to-date symlink: /home/pengyh/documents/ros2_ws/RobotAD/install/robot_hardware/include/robot_hardware/robot_hardware/msg/rosidl_typesupport_fastrtps_cpp__visibility_control.h
[2.149s] -- Up-to-date symlink: /home/pengyh/documents/ros2_ws/RobotAD/install/robot_hardware/include/robot_hardware/robot_hardware/msg/detail/hardware_data__rosidl_typesupport_introspection_c.h
[2.149s] -- Up-to-date symlink: /home/pengyh/documents/ros2_ws/RobotAD/install/robot_hardware/include/robot_hardware/robot_hardware/msg/detail/motor_data__rosidl_typesupport_introspection_c.h
[2.149s] -- Up-to-date symlink: /home/pengyh/documents/ros2_ws/RobotAD/install/robot_hardware/include/robot_hardware/robot_hardware/msg/rosidl_typesupport_introspection_c__visibility_control.h
[2.149s] -- Up-to-date symlink: /home/pengyh/documents/ros2_ws/RobotAD/install/robot_hardware/include/robot_hardware/robot_hardware/msg/detail/hardware_data__rosidl_typesupport_introspection_cpp.hpp
[2.150s] -- Up-to-date symlink: /home/pengyh/documents/ros2_ws/RobotAD/install/robot_hardware/include/robot_hardware/robot_hardware/msg/detail/motor_data__rosidl_typesupport_introspection_cpp.hpp
[2.150s] -- Up-to-date symlink: /home/pengyh/documents/ros2_ws/RobotAD/install/robot_hardware/share/robot_hardware/environment/pythonpath.sh
[2.151s] -- Up-to-date symlink: /home/pengyh/documents/ros2_ws/RobotAD/install/robot_hardware/share/robot_hardware/environment/pythonpath.dsv
[2.151s] -- Up-to-date symlink: /home/pengyh/documents/ros2_ws/RobotAD/install/robot_hardware/local/lib/python3.10/dist-packages/robot_hardware-0.0.1-py3.10.egg-info/PKG-INFO
[2.151s] -- Up-to-date symlink: /home/pengyh/documents/ros2_ws/RobotAD/install/robot_hardware/local/lib/python3.10/dist-packages/robot_hardware-0.0.1-py3.10.egg-info/SOURCES.txt
[2.152s] -- Up-to-date symlink: /home/pengyh/documents/ros2_ws/RobotAD/install/robot_hardware/local/lib/python3.10/dist-packages/robot_hardware-0.0.1-py3.10.egg-info/dependency_links.txt
[2.152s] -- Up-to-date symlink: /home/pengyh/documents/ros2_ws/RobotAD/install/robot_hardware/local/lib/python3.10/dist-packages/robot_hardware-0.0.1-py3.10.egg-info/top_level.txt
[2.152s] -- Up-to-date symlink: /home/pengyh/documents/ros2_ws/RobotAD/install/robot_hardware/local/lib/python3.10/dist-packages/robot_hardware/__init__.py
[2.152s] -- Up-to-date symlink: /home/pengyh/documents/ros2_ws/RobotAD/install/robot_hardware/local/lib/python3.10/dist-packages/robot_hardware/_robot_hardware_s.ep.rosidl_typesupport_c.c
[2.152s] -- Up-to-date symlink: /home/pengyh/documents/ros2_ws/RobotAD/install/robot_hardware/local/lib/python3.10/dist-packages/robot_hardware/_robot_hardware_s.ep.rosidl_typesupport_fastrtps_c.c
[2.152s] -- Up-to-date symlink: /home/pengyh/documents/ros2_ws/RobotAD/install/robot_hardware/local/lib/python3.10/dist-packages/robot_hardware/_robot_hardware_s.ep.rosidl_typesupport_introspection_c.c
[2.152s] -- Up-to-date symlink: /home/pengyh/documents/ros2_ws/RobotAD/install/robot_hardware/local/lib/python3.10/dist-packages/robot_hardware/librobot_hardware__rosidl_generator_py.so
[2.152s] -- Up-to-date symlink: /home/pengyh/documents/ros2_ws/RobotAD/install/robot_hardware/local/lib/python3.10/dist-packages/robot_hardware/msg/__init__.py
[2.152s] -- Up-to-date symlink: /home/pengyh/documents/ros2_ws/RobotAD/install/robot_hardware/local/lib/python3.10/dist-packages/robot_hardware/msg/_hardware_data.py
[2.152s] -- Up-to-date symlink: /home/pengyh/documents/ros2_ws/RobotAD/install/robot_hardware/local/lib/python3.10/dist-packages/robot_hardware/msg/_hardware_data_s.c
[2.152s] -- Up-to-date symlink: /home/pengyh/documents/ros2_ws/RobotAD/install/robot_hardware/local/lib/python3.10/dist-packages/robot_hardware/msg/_motor_data.py
[2.152s] -- Up-to-date symlink: /home/pengyh/documents/ros2_ws/RobotAD/install/robot_hardware/local/lib/python3.10/dist-packages/robot_hardware/msg/_motor_data_s.c
[2.152s] -- Up-to-date symlink: /home/pengyh/documents/ros2_ws/RobotAD/install/robot_hardware/local/lib/python3.10/dist-packages/robot_hardware/robot_hardware_s__rosidl_typesupport_c.cpython-310-x86_64-linux-gnu.so
[2.152s] -- Up-to-date symlink: /home/pengyh/documents/ros2_ws/RobotAD/install/robot_hardware/local/lib/python3.10/dist-packages/robot_hardware/robot_hardware_s__rosidl_typesupport_fastrtps_c.cpython-310-x86_64-linux-gnu.so
[2.153s] -- Up-to-date symlink: /home/pengyh/documents/ros2_ws/RobotAD/install/robot_hardware/local/lib/python3.10/dist-packages/robot_hardware/robot_hardware_s__rosidl_typesupport_introspection_c.cpython-310-x86_64-linux-gnu.so
[2.153s] -- Up-to-date symlink: /home/pengyh/documents/ros2_ws/RobotAD/install/robot_hardware/local/lib/python3.10/dist-packages/robot_hardware/robot_hardware_s__rosidl_typesupport_fastrtps_c.cpython-310-x86_64-linux-gnu.so
[2.153s] -- Up-to-date symlink: /home/pengyh/documents/ros2_ws/RobotAD/install/robot_hardware/local/lib/python3.10/dist-packages/robot_hardware/robot_hardware_s__rosidl_typesupport_introspection_c.cpython-310-x86_64-linux-gnu.so
[2.153s] -- Up-to-date symlink: /home/pengyh/documents/ros2_ws/RobotAD/install/robot_hardware/local/lib/python3.10/dist-packages/robot_hardware/robot_hardware_s__rosidl_typesupport_c.cpython-310-x86_64-linux-gnu.so
[2.153s] -- Up-to-date symlink: /home/pengyh/documents/ros2_ws/RobotAD/install/robot_hardware/share/robot_hardware/msg/HardwareData.idl
[2.153s] -- Up-to-date symlink: /home/pengyh/documents/ros2_ws/RobotAD/install/robot_hardware/share/robot_hardware/msg/MotorData.idl
[2.153s] -- Up-to-date symlink: /home/pengyh/documents/ros2_ws/RobotAD/install/robot_hardware/share/robot_hardware/msg/HardwareData.msg
[2.153s] -- Up-to-date symlink: /home/pengyh/documents/ros2_ws/RobotAD/install/robot_hardware/share/robot_hardware/msg/MotorData.msg
[2.153s] -- Up-to-date symlink: /home/pengyh/documents/ros2_ws/RobotAD/install/robot_hardware/lib/robot_hardware/hardware_manager
[2.153s] -- Up-to-date symlink: /home/pengyh/documents/ros2_ws/RobotAD/install/robot_hardware/include/hardware_bridge_interface.hpp
[2.153s] -- Up-to-date symlink: /home/pengyh/documents/ros2_ws/RobotAD/install/robot_hardware/include/hardware_manager.hpp
[2.154s] -- Up-to-date symlink: /home/pengyh/documents/ros2_ws/RobotAD/install/robot_hardware/include/wheel.hpp
[2.154s] -- Up-to-date symlink: /home/pengyh/documents/ros2_ws/RobotAD/install/robot_hardware/share/robot_hardware/msg/msg/HardwareData.msg
[2.154s] -- Up-to-date symlink: /home/pengyh/documents/ros2_ws/RobotAD/install/robot_hardware/share/robot_hardware/msg/msg/MotorData.msg
[2.154s] -- Up-to-date symlink: /home/pengyh/documents/ros2_ws/RobotAD/install/robot_hardware/share/ament_index/resource_index/package_run_dependencies/robot_hardware
[2.154s] -- Up-to-date symlink: /home/pengyh/documents/ros2_ws/RobotAD/install/robot_hardware/share/ament_index/resource_index/parent_prefix_path/robot_hardware
[2.154s] -- Up-to-date symlink: /home/pengyh/documents/ros2_ws/RobotAD/install/robot_hardware/share/robot_hardware/environment/ament_prefix_path.sh
[2.154s] -- Up-to-date symlink: /home/pengyh/documents/ros2_ws/RobotAD/install/robot_hardware/share/robot_hardware/environment/ament_prefix_path.dsv
[2.154s] -- Up-to-date symlink: /home/pengyh/documents/ros2_ws/RobotAD/install/robot_hardware/share/robot_hardware/environment/path.sh
[2.154s] -- Up-to-date symlink: /home/pengyh/documents/ros2_ws/RobotAD/install/robot_hardware/share/robot_hardware/environment/path.dsv
[2.154s] -- Up-to-date symlink: /home/pengyh/documents/ros2_ws/RobotAD/install/robot_hardware/share/robot_hardware/local_setup.bash
[2.154s] -- Up-to-date symlink: /home/pengyh/documents/ros2_ws/RobotAD/install/robot_hardware/share/robot_hardware/local_setup.sh
[2.154s] -- Up-to-date symlink: /home/pengyh/documents/ros2_ws/RobotAD/install/robot_hardware/share/robot_hardware/local_setup.zsh
[2.154s] -- Up-to-date symlink: /home/pengyh/documents/ros2_ws/RobotAD/install/robot_hardware/share/robot_hardware/local_setup.dsv
[2.154s] -- Symlinking: /home/pengyh/documents/ros2_ws/RobotAD/install/robot_hardware/share/robot_hardware/package.dsv
[2.159s] -- Up-to-date symlink: /home/pengyh/documents/ros2_ws/RobotAD/install/robot_hardware/share/ament_index/resource_index/packages/robot_hardware
[2.160s] -- Up-to-date symlink: /home/pengyh/documents/ros2_ws/RobotAD/install/robot_hardware/share/robot_hardware/cmake/rosidl_cmake-extras.cmake
[2.161s] -- Up-to-date symlink: /home/pengyh/documents/ros2_ws/RobotAD/install/robot_hardware/share/robot_hardware/cmake/ament_cmake_export_dependencies-extras.cmake
[2.162s] -- Up-to-date symlink: /home/pengyh/documents/ros2_ws/RobotAD/install/robot_hardware/share/robot_hardware/cmake/ament_cmake_export_include_directories-extras.cmake
[2.163s] -- Up-to-date symlink: /home/pengyh/documents/ros2_ws/RobotAD/install/robot_hardware/share/robot_hardware/cmake/ament_cmake_export_libraries-extras.cmake
[2.163s] -- Up-to-date symlink: /home/pengyh/documents/ros2_ws/RobotAD/install/robot_hardware/share/robot_hardware/cmake/ament_cmake_export_targets-extras.cmake
[2.167s] -- Up-to-date symlink: /home/pengyh/documents/ros2_ws/RobotAD/install/robot_hardware/share/robot_hardware/cmake/rosidl_cmake_export_typesupport_targets-extras.cmake
[2.167s] -- Up-to-date symlink: /home/pengyh/documents/ros2_ws/RobotAD/install/robot_hardware/share/robot_hardware/cmake/rosidl_cmake_export_typesupport_libraries-extras.cmake
[2.168s] -- Up-to-date symlink: /home/pengyh/documents/ros2_ws/RobotAD/install/robot_hardware/share/robot_hardware/cmake/robot_hardwareConfig.cmake
[2.168s] -- Up-to-date symlink: /home/pengyh/documents/ros2_ws/RobotAD/install/robot_hardware/share/robot_hardware/cmake/robot_hardwareConfig-version.cmake
[2.168s] -- Up-to-date symlink: /home/pengyh/documents/ros2_ws/RobotAD/install/robot_hardware/share/robot_hardware/package.xml
[2.168s] -- Up-to-date: /home/pengyh/documents/ros2_ws/RobotAD/install/robot_hardware/lib/librobot_hardware__rosidl_generator_c.so
[2.170s] -- Up-to-date: /home/pengyh/documents/ros2_ws/RobotAD/install/robot_hardware/lib/librobot_hardware__rosidl_typesupport_fastrtps_c.so
[2.170s] -- Up-to-date: /home/pengyh/documents/ros2_ws/RobotAD/install/robot_hardware/lib/librobot_hardware__rosidl_typesupport_fastrtps_cpp.so
[2.170s] -- Up-to-date: /home/pengyh/documents/ros2_ws/RobotAD/install/robot_hardware/lib/librobot_hardware__rosidl_typesupport_introspection_c.so
[2.170s] -- Up-to-date: /home/pengyh/documents/ros2_ws/RobotAD/install/robot_hardware/lib/librobot_hardware__rosidl_typesupport_c.so
[2.170s] -- Up-to-date: /home/pengyh/documents/ros2_ws/RobotAD/install/robot_hardware/lib/librobot_hardware__rosidl_typesupport_introspection_cpp.so
[2.170s] -- Up-to-date: /home/pengyh/documents/ros2_ws/RobotAD/install/robot_hardware/lib/librobot_hardware__rosidl_typesupport_cpp.so
[2.212s] Listing '/home/pengyh/documents/ros2_ws/RobotAD/install/robot_hardware/local/lib/python3.10/dist-packages/robot_hardware'...
[2.212s] Compiling '/home/pengyh/documents/ros2_ws/RobotAD/install/robot_hardware/local/lib/python3.10/dist-packages/robot_hardware/__init__.py'...
[2.212s] Listing '/home/pengyh/documents/ros2_ws/RobotAD/install/robot_hardware/local/lib/python3.10/dist-packages/robot_hardware/msg'...
[2.218s] -- Up-to-date: /home/pengyh/documents/ros2_ws/RobotAD/install/robot_hardware/lib/librobot_hardware__rosidl_generator_py.so
[2.218s] -- Up-to-date: /home/pengyh/documents/ros2_ws/RobotAD/install/robot_hardware/share/robot_hardware/cmake/export_robot_hardware__rosidl_generator_cExport.cmake
[2.219s] -- Up-to-date: /home/pengyh/documents/ros2_ws/RobotAD/install/robot_hardware/share/robot_hardware/cmake/export_robot_hardware__rosidl_generator_cExport-noconfig.cmake
[2.219s] -- Up-to-date: /home/pengyh/documents/ros2_ws/RobotAD/install/robot_hardware/share/robot_hardware/cmake/export_robot_hardware__rosidl_typesupport_fastrtps_cExport.cmake
[2.219s] -- Up-to-date: /home/pengyh/documents/ros2_ws/RobotAD/install/robot_hardware/share/robot_hardware/cmake/export_robot_hardware__rosidl_typesupport_fastrtps_cExport-noconfig.cmake
[2.220s] -- Up-to-date: /home/pengyh/documents/ros2_ws/RobotAD/install/robot_hardware/share/robot_hardware/cmake/export_robot_hardware__rosidl_generator_cppExport.cmake
[2.220s] -- Up-to-date: /home/pengyh/documents/ros2_ws/RobotAD/install/robot_hardware/share/robot_hardware/cmake/export_robot_hardware__rosidl_typesupport_fastrtps_cppExport.cmake
[2.222s] -- Up-to-date: /home/pengyh/documents/ros2_ws/RobotAD/install/robot_hardware/share/robot_hardware/cmake/export_robot_hardware__rosidl_typesupport_fastrtps_cppExport-noconfig.cmake
[2.223s] -- Up-to-date: /home/pengyh/documents/ros2_ws/RobotAD/install/robot_hardware/share/robot_hardware/cmake/robot_hardware__rosidl_typesupport_introspection_cExport.cmake
[2.224s] -- Up-to-date: /home/pengyh/documents/ros2_ws/RobotAD/install/robot_hardware/share/robot_hardware/cmake/robot_hardware__rosidl_typesupport_introspection_cExport-noconfig.cmake
[2.224s] -- Up-to-date: /home/pengyh/documents/ros2_ws/RobotAD/install/robot_hardware/share/robot_hardware/cmake/robot_hardware__rosidl_typesupport_cExport.cmake
[2.224s] -- Up-to-date: /home/pengyh/documents/ros2_ws/RobotAD/install/robot_hardware/share/robot_hardware/cmake/robot_hardware__rosidl_typesupport_cExport-noconfig.cmake
[2.224s] -- Up-to-date: /home/pengyh/documents/ros2_ws/RobotAD/install/robot_hardware/share/robot_hardware/cmake/robot_hardware__rosidl_typesupport_introspection_cppExport.cmake
[2.224s] -- Up-to-date: /home/pengyh/documents/ros2_ws/RobotAD/install/robot_hardware/share/robot_hardware/cmake/robot_hardware__rosidl_typesupport_introspection_cppExport-noconfig.cmake
[2.224s] -- Up-to-date: /home/pengyh/documents/ros2_ws/RobotAD/install/robot_hardware/share/robot_hardware/cmake/robot_hardware__rosidl_typesupport_cppExport.cmake
[2.224s] -- Up-to-date: /home/pengyh/documents/ros2_ws/RobotAD/install/robot_hardware/share/robot_hardware/cmake/robot_hardware__rosidl_typesupport_cppExport-noconfig.cmake
[2.225s] -- Up-to-date: /home/pengyh/documents/ros2_ws/RobotAD/install/robot_hardware/share/robot_hardware/cmake/export_robot_hardware__rosidl_generator_pyExport.cmake
[2.225s] -- Up-to-date: /home/pengyh/documents/ros2_ws/RobotAD/install/robot_hardware/share/robot_hardware/cmake/export_robot_hardware__rosidl_generator_pyExport-noconfig.cmake
[2.226s] Invoked command in '/home/pengyh/documents/ros2_ws/RobotAD/build/robot_hardware' returned '0': CMAKE_PREFIX_PATH=${CMAKE_PREFIX_PATH}:/opt/ros/humble /usr/bin/cmake --install /home/pengyh/documents/ros2_ws/RobotAD/build/robot_hardware
