[0.019s] Invoking command in '/home/pengyh/documents/ros2_ws/RobotAD/build/robot_hardware': CMAKE_PREFIX_PATH=${CMAKE_PREFIX_PATH}:/opt/ros/humble CONDA_PROMPT_MODIFIER=(base) /usr/bin/cmake --build /home/pengyh/documents/ros2_ws/RobotAD/build/robot_hardware -- -j24 -l24
[0.048s] [  2%] Built target robot_hardware__cpp
[0.050s] [ 12%] Built target robot_hardware__rosidl_generator_c
[0.052s] [ 12%] Built target ament_cmake_python_symlink_robot_hardware
[0.061s] [ 21%] Built target robot_hardware__rosidl_typesupport_cpp
[0.065s] [ 31%] Built target robot_hardware__rosidl_typesupport_fastrtps_cpp
[0.065s] [ 41%] Built target robot_hardware__rosidl_typesupport_c
[0.066s] [ 51%] Built target robot_hardware__rosidl_typesupport_introspection_cpp
[0.066s] [ 60%] Built target robot_hardware__rosidl_typesupport_introspection_c
[0.066s] [ 70%] Built target robot_hardware__rosidl_typesupport_fastrtps_c
[0.078s] [ 70%] Built target robot_hardware
[0.078s] [ 75%] Built target hardware_manager
[0.087s] [ 78%] Built target robot_hardware__py
[0.099s] [ 85%] Built target robot_hardware__rosidl_generator_py
[0.112s] [ 90%] Built target robot_hardware__rosidl_typesupport_fastrtps_c__pyext
[0.115s] [100%] Built target robot_hardware__rosidl_typesupport_c__pyext
[0.115s] [100%] Built target robot_hardware__rosidl_typesupport_introspection_c__pyext
[0.230s] running egg_info
[0.245s] writing robot_hardware.egg-info/PKG-INFO
[0.245s] writing dependency_links to robot_hardware.egg-info/dependency_links.txt
[0.245s] writing top-level names to robot_hardware.egg-info/top_level.txt
[0.289s] reading manifest file 'robot_hardware.egg-info/SOURCES.txt'
[0.289s] writing manifest file 'robot_hardware.egg-info/SOURCES.txt'
[0.309s] [100%] Built target ament_cmake_python_build_robot_hardware_egg
