[0.015s] Invoking command in '/home/pengyh/documents/ros2_ws/RobotAD/build/diff_control': CMAKE_PREFIX_PATH=${CMAKE_PREFIX_PATH}:/opt/ros/humble /usr/bin/cmake /home/pengyh/documents/ros2_ws/RobotAD/src/diff_control -DAMENT_CMAKE_SYMLINK_INSTALL=1 -DCMAKE_INSTALL_PREFIX=/home/pengyh/documents/ros2_ws/RobotAD/install/diff_control
[0.093s] -- The CXX compiler identification is GNU 11.4.0
[0.101s] -- Detecting CXX compiler ABI info
[0.154s] -- Detecting CXX compiler ABI info - done
[0.163s] -- Check for working CXX compiler: /usr/bin/c++ - skipped
[0.163s] -- Detecting CXX compile features
[0.164s] -- Detecting CXX compile features - done
[0.167s] -- Found ament_cmake: 1.3.11 (/opt/ros/humble/share/ament_cmake/cmake)
[0.276s] -- Found Python3: /usr/bin/python3 (found version "3.10.12") found components: Interpreter 
[0.319s] -- Override CMake install command with custom implementation using symlinks instead of copying resources
[0.342s] -- Found hardware_interface: 2.46.0 (/opt/ros/humble/share/hardware_interface/cmake)
[0.374s] -- Found rosidl_generator_c: 3.1.6 (/opt/ros/humble/share/rosidl_generator_c/cmake)
[0.377s] -- Found rosidl_adapter: 3.1.6 (/opt/ros/humble/share/rosidl_adapter/cmake)
[0.386s] -- Found rosidl_generator_cpp: 3.1.6 (/opt/ros/humble/share/rosidl_generator_cpp/cmake)
[0.400s] -- Using all available rosidl_typesupport_c: rosidl_typesupport_fastrtps_c;rosidl_typesupport_introspection_c
[0.413s] -- Using all available rosidl_typesupport_cpp: rosidl_typesupport_fastrtps_cpp;rosidl_typesupport_introspection_cpp
[0.592s] -- Found rmw_implementation_cmake: 6.1.2 (/opt/ros/humble/share/rmw_implementation_cmake/cmake)
[0.595s] -- Found rmw_fastrtps_cpp: 6.2.7 (/opt/ros/humble/share/rmw_fastrtps_cpp/cmake)
[0.615s] -- Found TinyXML2 via Config file: TinyXML2_DIR-NOTFOUND
[0.649s] -- Found OpenSSL: /usr/lib/x86_64-linux-gnu/libcrypto.so (found version "3.0.2")  
[0.652s] -- Found TinyXML2 via Config file: TinyXML2_DIR-NOTFOUND
[0.662s] -- Found FastRTPS: /opt/ros/humble/include  
[0.664s] -- Found TinyXML2 via Config file: TinyXML2_DIR-NOTFOUND
[0.670s] -- Found TinyXML2 via Config file: TinyXML2_DIR-NOTFOUND
[0.677s] -- Using RMW implementation 'rmw_fastrtps_cpp' as default
[0.681s] -- Looking for C++ include pthread.h
[0.739s] -- Looking for C++ include pthread.h - found
[0.739s] -- Performing Test CMAKE_HAVE_LIBC_PTHREAD
[0.794s] -- Performing Test CMAKE_HAVE_LIBC_PTHREAD - Success
[0.795s] -- Found Threads: TRUE  
[0.832s] -- Found rclcpp_components: 16.0.11 (/opt/ros/humble/share/rclcpp_components/cmake)
[0.845s] -- Found serial: 1.2.1 (/usr/local/share/serial/cmake)
[0.850s] [31mCMake Error at CMakeLists.txt:22 (find_package):
[0.850s]   By not providing "Findrobot_hardware.cmake" in CMAKE_MODULE_PATH this
[0.850s]   project has asked CMake to find a package configuration file provided by
[0.850s]   "robot_hardware", but CMake did not find one.
[0.851s] 
[0.851s]   Could not find a package configuration file provided by "robot_hardware"
[0.851s]   with any of the following names:
[0.851s] 
[0.851s]     robot_hardwareConfig.cmake
[0.852s]     robot_hardware-config.cmake
[0.852s] 
[0.852s]   Add the installation prefix of "robot_hardware" to CMAKE_PREFIX_PATH or set
[0.852s]   "robot_hardware_DIR" to a directory containing one of the above files.  If
[0.852s]   "robot_hardware" provides a separate development package or SDK, be sure it
[0.852s]   has been installed.
[0.852s] 
[0.852s] [0m
[0.852s] -- Configuring incomplete, errors occurred!
[0.852s] See also "/home/pengyh/documents/ros2_ws/RobotAD/build/diff_control/CMakeFiles/CMakeOutput.log".
[0.858s] Invoked command in '/home/pengyh/documents/ros2_ws/RobotAD/build/diff_control' returned '1': CMAKE_PREFIX_PATH=${CMAKE_PREFIX_PATH}:/opt/ros/humble /usr/bin/cmake /home/pengyh/documents/ros2_ws/RobotAD/src/diff_control -DAMENT_CMAKE_SYMLINK_INSTALL=1 -DCMAKE_INSTALL_PREFIX=/home/pengyh/documents/ros2_ws/RobotAD/install/diff_control
