[0.036s] Invoking command in '/home/future/Documents/pengyh/RobotAD_ws/build/rslidar_msg': CMAKE_PREFIX_PATH=${CMAKE_PREFIX_PATH}:/opt/ros/humble /usr/bin/cmake --build /home/future/Documents/pengyh/RobotAD_ws/build/rslidar_msg -- -j24 -l24
[0.092s] [  3%] Built target rslidar_msg__cpp
[0.092s] [  3%] Built target ament_cmake_python_copy_rslidar_msg
[0.093s] [ 12%] Built target rslidar_msg__rosidl_generator_c
[0.125s] [ 32%] Built target rslidar_msg__rosidl_typesupport_cpp
[0.125s] [ 32%] Built target rslidar_msg__rosidl_typesupport_fastrtps_cpp
[0.126s] [ 41%] Built target rslidar_msg__rosidl_typesupport_introspection_cpp
[0.149s] [ 51%] Built target rslidar_msg__rosidl_typesupport_c
[0.149s] [ 61%] Built target rslidar_msg__rosidl_typesupport_introspection_c
[0.155s] [ 70%] Built target rslidar_msg__rosidl_typesupport_fastrtps_c
[0.177s] [ 70%] Built target rslidar_msg
[0.201s] [ 74%] Built target rslidar_msg__py
[0.230s] [ 80%] Built target rslidar_msg__rosidl_generator_py
[0.254s] [ 87%] Built target rslidar_msg__rosidl_typesupport_introspection_c__pyext
[0.255s] [ 93%] Built target rslidar_msg__rosidl_typesupport_c__pyext
[0.255s] [100%] Built target rslidar_msg__rosidl_typesupport_fastrtps_c__pyext
[0.501s] running egg_info
[0.502s] writing rslidar_msg.egg-info/PKG-INFO
[0.502s] writing dependency_links to rslidar_msg.egg-info/dependency_links.txt
[0.503s] writing top-level names to rslidar_msg.egg-info/top_level.txt
[0.508s] reading manifest file 'rslidar_msg.egg-info/SOURCES.txt'
[0.509s] writing manifest file 'rslidar_msg.egg-info/SOURCES.txt'
[0.538s] [100%] Built target ament_cmake_python_build_rslidar_msg_egg
[0.552s] Invoked command in '/home/future/Documents/pengyh/RobotAD_ws/build/rslidar_msg' returned '0': CMAKE_PREFIX_PATH=${CMAKE_PREFIX_PATH}:/opt/ros/humble /usr/bin/cmake --build /home/future/Documents/pengyh/RobotAD_ws/build/rslidar_msg -- -j24 -l24
[0.555s] Invoking command in '/home/future/Documents/pengyh/RobotAD_ws/build/rslidar_msg': CMAKE_PREFIX_PATH=${CMAKE_PREFIX_PATH}:/opt/ros/humble /usr/bin/cmake --install /home/future/Documents/pengyh/RobotAD_ws/build/rslidar_msg
[0.573s] -- Install configuration: ""
[0.573s] -- Up-to-date: /home/future/Documents/pengyh/RobotAD_ws/install/rslidar_msg/share/ament_index/resource_index/rosidl_interfaces/rslidar_msg
[0.573s] -- Up-to-date: /home/future/Documents/pengyh/RobotAD_ws/install/rslidar_msg/include/rslidar_msg/rslidar_msg
[0.573s] -- Up-to-date: /home/future/Documents/pengyh/RobotAD_ws/install/rslidar_msg/include/rslidar_msg/rslidar_msg/msg
[0.573s] -- Up-to-date: /home/future/Documents/pengyh/RobotAD_ws/install/rslidar_msg/include/rslidar_msg/rslidar_msg/msg/rosidl_generator_c__visibility_control.h
[0.573s] -- Up-to-date: /home/future/Documents/pengyh/RobotAD_ws/install/rslidar_msg/include/rslidar_msg/rslidar_msg/msg/rslidar_packet.h
[0.573s] -- Up-to-date: /home/future/Documents/pengyh/RobotAD_ws/install/rslidar_msg/include/rslidar_msg/rslidar_msg/msg/detail
[0.573s] -- Up-to-date: /home/future/Documents/pengyh/RobotAD_ws/install/rslidar_msg/include/rslidar_msg/rslidar_msg/msg/detail/rslidar_packet__struct.h
[0.573s] -- Up-to-date: /home/future/Documents/pengyh/RobotAD_ws/install/rslidar_msg/include/rslidar_msg/rslidar_msg/msg/detail/rslidar_packet__functions.h
[0.573s] -- Up-to-date: /home/future/Documents/pengyh/RobotAD_ws/install/rslidar_msg/include/rslidar_msg/rslidar_msg/msg/detail/rslidar_packet__functions.c
[0.573s] -- Up-to-date: /home/future/Documents/pengyh/RobotAD_ws/install/rslidar_msg/include/rslidar_msg/rslidar_msg/msg/detail/rslidar_packet__type_support.h
[0.573s] -- Up-to-date: /home/future/Documents/pengyh/RobotAD_ws/install/rslidar_msg/share/rslidar_msg/environment/library_path.sh
[0.573s] -- Up-to-date: /home/future/Documents/pengyh/RobotAD_ws/install/rslidar_msg/share/rslidar_msg/environment/library_path.dsv
[0.574s] -- Up-to-date: /home/future/Documents/pengyh/RobotAD_ws/install/rslidar_msg/lib/librslidar_msg__rosidl_generator_c.so
[0.574s] -- Up-to-date: /home/future/Documents/pengyh/RobotAD_ws/install/rslidar_msg/include/rslidar_msg/rslidar_msg
[0.574s] -- Up-to-date: /home/future/Documents/pengyh/RobotAD_ws/install/rslidar_msg/include/rslidar_msg/rslidar_msg/msg
[0.574s] -- Up-to-date: /home/future/Documents/pengyh/RobotAD_ws/install/rslidar_msg/include/rslidar_msg/rslidar_msg/msg/rosidl_typesupport_fastrtps_c__visibility_control.h
[0.574s] -- Up-to-date: /home/future/Documents/pengyh/RobotAD_ws/install/rslidar_msg/include/rslidar_msg/rslidar_msg/msg/detail
[0.574s] -- Up-to-date: /home/future/Documents/pengyh/RobotAD_ws/install/rslidar_msg/include/rslidar_msg/rslidar_msg/msg/detail/rslidar_packet__rosidl_typesupport_fastrtps_c.h
[0.574s] -- Up-to-date: /home/future/Documents/pengyh/RobotAD_ws/install/rslidar_msg/lib/librslidar_msg__rosidl_typesupport_fastrtps_c.so
[0.574s] -- Up-to-date: /home/future/Documents/pengyh/RobotAD_ws/install/rslidar_msg/include/rslidar_msg/rslidar_msg
[0.574s] -- Up-to-date: /home/future/Documents/pengyh/RobotAD_ws/install/rslidar_msg/include/rslidar_msg/rslidar_msg/msg
[0.574s] -- Up-to-date: /home/future/Documents/pengyh/RobotAD_ws/install/rslidar_msg/include/rslidar_msg/rslidar_msg/msg/detail
[0.574s] -- Up-to-date: /home/future/Documents/pengyh/RobotAD_ws/install/rslidar_msg/include/rslidar_msg/rslidar_msg/msg/detail/rslidar_packet__builder.hpp
[0.574s] -- Up-to-date: /home/future/Documents/pengyh/RobotAD_ws/install/rslidar_msg/include/rslidar_msg/rslidar_msg/msg/detail/rslidar_packet__struct.hpp
[0.574s] -- Up-to-date: /home/future/Documents/pengyh/RobotAD_ws/install/rslidar_msg/include/rslidar_msg/rslidar_msg/msg/detail/rslidar_packet__traits.hpp
[0.574s] -- Up-to-date: /home/future/Documents/pengyh/RobotAD_ws/install/rslidar_msg/include/rslidar_msg/rslidar_msg/msg/rslidar_packet.hpp
[0.574s] -- Up-to-date: /home/future/Documents/pengyh/RobotAD_ws/install/rslidar_msg/include/rslidar_msg/rslidar_msg
[0.574s] -- Up-to-date: /home/future/Documents/pengyh/RobotAD_ws/install/rslidar_msg/include/rslidar_msg/rslidar_msg/msg
[0.574s] -- Up-to-date: /home/future/Documents/pengyh/RobotAD_ws/install/rslidar_msg/include/rslidar_msg/rslidar_msg/msg/rosidl_typesupport_fastrtps_cpp__visibility_control.h
[0.574s] -- Up-to-date: /home/future/Documents/pengyh/RobotAD_ws/install/rslidar_msg/include/rslidar_msg/rslidar_msg/msg/detail
[0.574s] -- Up-to-date: /home/future/Documents/pengyh/RobotAD_ws/install/rslidar_msg/include/rslidar_msg/rslidar_msg/msg/detail/dds_fastrtps
[0.575s] -- Up-to-date: /home/future/Documents/pengyh/RobotAD_ws/install/rslidar_msg/include/rslidar_msg/rslidar_msg/msg/detail/rslidar_packet__rosidl_typesupport_fastrtps_cpp.hpp
[0.575s] -- Up-to-date: /home/future/Documents/pengyh/RobotAD_ws/install/rslidar_msg/lib/librslidar_msg__rosidl_typesupport_fastrtps_cpp.so
[0.575s] -- Up-to-date: /home/future/Documents/pengyh/RobotAD_ws/install/rslidar_msg/include/rslidar_msg/rslidar_msg
[0.575s] -- Up-to-date: /home/future/Documents/pengyh/RobotAD_ws/install/rslidar_msg/include/rslidar_msg/rslidar_msg/msg
[0.575s] -- Up-to-date: /home/future/Documents/pengyh/RobotAD_ws/install/rslidar_msg/include/rslidar_msg/rslidar_msg/msg/detail
[0.575s] -- Up-to-date: /home/future/Documents/pengyh/RobotAD_ws/install/rslidar_msg/include/rslidar_msg/rslidar_msg/msg/detail/rslidar_packet__type_support.c
[0.575s] -- Up-to-date: /home/future/Documents/pengyh/RobotAD_ws/install/rslidar_msg/include/rslidar_msg/rslidar_msg/msg/detail/rslidar_packet__rosidl_typesupport_introspection_c.h
[0.575s] -- Up-to-date: /home/future/Documents/pengyh/RobotAD_ws/install/rslidar_msg/include/rslidar_msg/rslidar_msg/msg/rosidl_typesupport_introspection_c__visibility_control.h
[0.575s] -- Up-to-date: /home/future/Documents/pengyh/RobotAD_ws/install/rslidar_msg/lib/librslidar_msg__rosidl_typesupport_introspection_c.so
[0.575s] -- Up-to-date: /home/future/Documents/pengyh/RobotAD_ws/install/rslidar_msg/lib/librslidar_msg__rosidl_typesupport_c.so
[0.575s] -- Up-to-date: /home/future/Documents/pengyh/RobotAD_ws/install/rslidar_msg/include/rslidar_msg/rslidar_msg
[0.575s] -- Up-to-date: /home/future/Documents/pengyh/RobotAD_ws/install/rslidar_msg/include/rslidar_msg/rslidar_msg/msg
[0.575s] -- Up-to-date: /home/future/Documents/pengyh/RobotAD_ws/install/rslidar_msg/include/rslidar_msg/rslidar_msg/msg/detail
[0.575s] -- Up-to-date: /home/future/Documents/pengyh/RobotAD_ws/install/rslidar_msg/include/rslidar_msg/rslidar_msg/msg/detail/rslidar_packet__type_support.cpp
[0.576s] -- Up-to-date: /home/future/Documents/pengyh/RobotAD_ws/install/rslidar_msg/include/rslidar_msg/rslidar_msg/msg/detail/rslidar_packet__rosidl_typesupport_introspection_cpp.hpp
[0.576s] -- Up-to-date: /home/future/Documents/pengyh/RobotAD_ws/install/rslidar_msg/lib/librslidar_msg__rosidl_typesupport_introspection_cpp.so
[0.576s] -- Up-to-date: /home/future/Documents/pengyh/RobotAD_ws/install/rslidar_msg/lib/librslidar_msg__rosidl_typesupport_cpp.so
[0.576s] -- Up-to-date: /home/future/Documents/pengyh/RobotAD_ws/install/rslidar_msg/share/rslidar_msg/environment/pythonpath.sh
[0.576s] -- Up-to-date: /home/future/Documents/pengyh/RobotAD_ws/install/rslidar_msg/share/rslidar_msg/environment/pythonpath.dsv
[0.576s] -- Up-to-date: /home/future/Documents/pengyh/RobotAD_ws/install/rslidar_msg/local/lib/python3.10/dist-packages/rslidar_msg-0.0.0-py3.10.egg-info
[0.576s] -- Installing: /home/future/Documents/pengyh/RobotAD_ws/install/rslidar_msg/local/lib/python3.10/dist-packages/rslidar_msg-0.0.0-py3.10.egg-info/top_level.txt
[0.576s] -- Installing: /home/future/Documents/pengyh/RobotAD_ws/install/rslidar_msg/local/lib/python3.10/dist-packages/rslidar_msg-0.0.0-py3.10.egg-info/PKG-INFO
[0.576s] -- Installing: /home/future/Documents/pengyh/RobotAD_ws/install/rslidar_msg/local/lib/python3.10/dist-packages/rslidar_msg-0.0.0-py3.10.egg-info/dependency_links.txt
[0.576s] -- Installing: /home/future/Documents/pengyh/RobotAD_ws/install/rslidar_msg/local/lib/python3.10/dist-packages/rslidar_msg-0.0.0-py3.10.egg-info/SOURCES.txt
[0.576s] -- Up-to-date: /home/future/Documents/pengyh/RobotAD_ws/install/rslidar_msg/local/lib/python3.10/dist-packages/rslidar_msg
[0.576s] -- Up-to-date: /home/future/Documents/pengyh/RobotAD_ws/install/rslidar_msg/local/lib/python3.10/dist-packages/rslidar_msg/rslidar_msg_s__rosidl_typesupport_c.cpython-310-x86_64-linux-gnu.so
[0.577s] -- Up-to-date: /home/future/Documents/pengyh/RobotAD_ws/install/rslidar_msg/local/lib/python3.10/dist-packages/rslidar_msg/rslidar_msg_s__rosidl_typesupport_fastrtps_c.cpython-310-x86_64-linux-gnu.so
[0.577s] -- Up-to-date: /home/future/Documents/pengyh/RobotAD_ws/install/rslidar_msg/local/lib/python3.10/dist-packages/rslidar_msg/rslidar_msg_s__rosidl_typesupport_introspection_c.cpython-310-x86_64-linux-gnu.so
[0.577s] -- Up-to-date: /home/future/Documents/pengyh/RobotAD_ws/install/rslidar_msg/local/lib/python3.10/dist-packages/rslidar_msg/msg
[0.577s] -- Up-to-date: /home/future/Documents/pengyh/RobotAD_ws/install/rslidar_msg/local/lib/python3.10/dist-packages/rslidar_msg/msg/_rslidar_packet_s.c
[0.577s] -- Up-to-date: /home/future/Documents/pengyh/RobotAD_ws/install/rslidar_msg/local/lib/python3.10/dist-packages/rslidar_msg/msg/_rslidar_packet.py
[0.577s] -- Up-to-date: /home/future/Documents/pengyh/RobotAD_ws/install/rslidar_msg/local/lib/python3.10/dist-packages/rslidar_msg/msg/__init__.py
[0.577s] -- Up-to-date: /home/future/Documents/pengyh/RobotAD_ws/install/rslidar_msg/local/lib/python3.10/dist-packages/rslidar_msg/_rslidar_msg_s.ep.rosidl_typesupport_fastrtps_c.c
[0.577s] -- Up-to-date: /home/future/Documents/pengyh/RobotAD_ws/install/rslidar_msg/local/lib/python3.10/dist-packages/rslidar_msg/__init__.py
[0.577s] -- Up-to-date: /home/future/Documents/pengyh/RobotAD_ws/install/rslidar_msg/local/lib/python3.10/dist-packages/rslidar_msg/librslidar_msg__rosidl_generator_py.so
[0.577s] -- Up-to-date: /home/future/Documents/pengyh/RobotAD_ws/install/rslidar_msg/local/lib/python3.10/dist-packages/rslidar_msg/_rslidar_msg_s.ep.rosidl_typesupport_c.c
[0.577s] -- Up-to-date: /home/future/Documents/pengyh/RobotAD_ws/install/rslidar_msg/local/lib/python3.10/dist-packages/rslidar_msg/_rslidar_msg_s.ep.rosidl_typesupport_introspection_c.c
[0.610s] Listing '/home/future/Documents/pengyh/RobotAD_ws/install/rslidar_msg/local/lib/python3.10/dist-packages/rslidar_msg'...
[0.611s] Listing '/home/future/Documents/pengyh/RobotAD_ws/install/rslidar_msg/local/lib/python3.10/dist-packages/rslidar_msg/msg'...
[0.615s] -- Up-to-date: /home/future/Documents/pengyh/RobotAD_ws/install/rslidar_msg/local/lib/python3.10/dist-packages/rslidar_msg/rslidar_msg_s__rosidl_typesupport_fastrtps_c.cpython-310-x86_64-linux-gnu.so
[0.616s] -- Up-to-date: /home/future/Documents/pengyh/RobotAD_ws/install/rslidar_msg/local/lib/python3.10/dist-packages/rslidar_msg/rslidar_msg_s__rosidl_typesupport_introspection_c.cpython-310-x86_64-linux-gnu.so
[0.616s] -- Up-to-date: /home/future/Documents/pengyh/RobotAD_ws/install/rslidar_msg/local/lib/python3.10/dist-packages/rslidar_msg/rslidar_msg_s__rosidl_typesupport_c.cpython-310-x86_64-linux-gnu.so
[0.617s] -- Up-to-date: /home/future/Documents/pengyh/RobotAD_ws/install/rslidar_msg/lib/librslidar_msg__rosidl_generator_py.so
[0.617s] -- Up-to-date: /home/future/Documents/pengyh/RobotAD_ws/install/rslidar_msg/share/rslidar_msg/msg/RslidarPacket.idl
[0.617s] -- Up-to-date: /home/future/Documents/pengyh/RobotAD_ws/install/rslidar_msg/share/rslidar_msg/msg/RslidarPacket.msg
[0.617s] -- Up-to-date: /home/future/Documents/pengyh/RobotAD_ws/install/rslidar_msg/share/ament_index/resource_index/package_run_dependencies/rslidar_msg
[0.617s] -- Up-to-date: /home/future/Documents/pengyh/RobotAD_ws/install/rslidar_msg/share/ament_index/resource_index/parent_prefix_path/rslidar_msg
[0.618s] -- Up-to-date: /home/future/Documents/pengyh/RobotAD_ws/install/rslidar_msg/share/rslidar_msg/environment/ament_prefix_path.sh
[0.619s] -- Up-to-date: /home/future/Documents/pengyh/RobotAD_ws/install/rslidar_msg/share/rslidar_msg/environment/ament_prefix_path.dsv
[0.619s] -- Up-to-date: /home/future/Documents/pengyh/RobotAD_ws/install/rslidar_msg/share/rslidar_msg/environment/path.sh
[0.619s] -- Up-to-date: /home/future/Documents/pengyh/RobotAD_ws/install/rslidar_msg/share/rslidar_msg/environment/path.dsv
[0.620s] -- Up-to-date: /home/future/Documents/pengyh/RobotAD_ws/install/rslidar_msg/share/rslidar_msg/local_setup.bash
[0.621s] -- Up-to-date: /home/future/Documents/pengyh/RobotAD_ws/install/rslidar_msg/share/rslidar_msg/local_setup.sh
[0.621s] -- Up-to-date: /home/future/Documents/pengyh/RobotAD_ws/install/rslidar_msg/share/rslidar_msg/local_setup.zsh
[0.621s] -- Up-to-date: /home/future/Documents/pengyh/RobotAD_ws/install/rslidar_msg/share/rslidar_msg/local_setup.dsv
[0.621s] -- Installing: /home/future/Documents/pengyh/RobotAD_ws/install/rslidar_msg/share/rslidar_msg/package.dsv
[0.621s] -- Up-to-date: /home/future/Documents/pengyh/RobotAD_ws/install/rslidar_msg/share/ament_index/resource_index/packages/rslidar_msg
[0.621s] -- Up-to-date: /home/future/Documents/pengyh/RobotAD_ws/install/rslidar_msg/share/rslidar_msg/cmake/export_rslidar_msg__rosidl_generator_cExport.cmake
[0.621s] -- Up-to-date: /home/future/Documents/pengyh/RobotAD_ws/install/rslidar_msg/share/rslidar_msg/cmake/export_rslidar_msg__rosidl_generator_cExport-noconfig.cmake
[0.624s] -- Up-to-date: /home/future/Documents/pengyh/RobotAD_ws/install/rslidar_msg/share/rslidar_msg/cmake/export_rslidar_msg__rosidl_typesupport_fastrtps_cExport.cmake
[0.624s] -- Up-to-date: /home/future/Documents/pengyh/RobotAD_ws/install/rslidar_msg/share/rslidar_msg/cmake/export_rslidar_msg__rosidl_typesupport_fastrtps_cExport-noconfig.cmake
[0.624s] -- Up-to-date: /home/future/Documents/pengyh/RobotAD_ws/install/rslidar_msg/share/rslidar_msg/cmake/export_rslidar_msg__rosidl_generator_cppExport.cmake
[0.624s] -- Up-to-date: /home/future/Documents/pengyh/RobotAD_ws/install/rslidar_msg/share/rslidar_msg/cmake/export_rslidar_msg__rosidl_typesupport_fastrtps_cppExport.cmake
[0.624s] -- Up-to-date: /home/future/Documents/pengyh/RobotAD_ws/install/rslidar_msg/share/rslidar_msg/cmake/export_rslidar_msg__rosidl_typesupport_fastrtps_cppExport-noconfig.cmake
[0.624s] -- Up-to-date: /home/future/Documents/pengyh/RobotAD_ws/install/rslidar_msg/share/rslidar_msg/cmake/rslidar_msg__rosidl_typesupport_introspection_cExport.cmake
[0.624s] -- Up-to-date: /home/future/Documents/pengyh/RobotAD_ws/install/rslidar_msg/share/rslidar_msg/cmake/rslidar_msg__rosidl_typesupport_introspection_cExport-noconfig.cmake
[0.624s] -- Up-to-date: /home/future/Documents/pengyh/RobotAD_ws/install/rslidar_msg/share/rslidar_msg/cmake/rslidar_msg__rosidl_typesupport_cExport.cmake
[0.625s] -- Up-to-date: /home/future/Documents/pengyh/RobotAD_ws/install/rslidar_msg/share/rslidar_msg/cmake/rslidar_msg__rosidl_typesupport_cExport-noconfig.cmake
[0.625s] -- Up-to-date: /home/future/Documents/pengyh/RobotAD_ws/install/rslidar_msg/share/rslidar_msg/cmake/rslidar_msg__rosidl_typesupport_introspection_cppExport.cmake
[0.625s] -- Up-to-date: /home/future/Documents/pengyh/RobotAD_ws/install/rslidar_msg/share/rslidar_msg/cmake/rslidar_msg__rosidl_typesupport_introspection_cppExport-noconfig.cmake
[0.625s] -- Up-to-date: /home/future/Documents/pengyh/RobotAD_ws/install/rslidar_msg/share/rslidar_msg/cmake/rslidar_msg__rosidl_typesupport_cppExport.cmake
[0.625s] -- Up-to-date: /home/future/Documents/pengyh/RobotAD_ws/install/rslidar_msg/share/rslidar_msg/cmake/rslidar_msg__rosidl_typesupport_cppExport-noconfig.cmake
[0.625s] -- Up-to-date: /home/future/Documents/pengyh/RobotAD_ws/install/rslidar_msg/share/rslidar_msg/cmake/export_rslidar_msg__rosidl_generator_pyExport.cmake
[0.625s] -- Up-to-date: /home/future/Documents/pengyh/RobotAD_ws/install/rslidar_msg/share/rslidar_msg/cmake/export_rslidar_msg__rosidl_generator_pyExport-noconfig.cmake
[0.625s] -- Up-to-date: /home/future/Documents/pengyh/RobotAD_ws/install/rslidar_msg/share/rslidar_msg/cmake/rosidl_cmake-extras.cmake
[0.625s] -- Up-to-date: /home/future/Documents/pengyh/RobotAD_ws/install/rslidar_msg/share/rslidar_msg/cmake/ament_cmake_export_dependencies-extras.cmake
[0.625s] -- Up-to-date: /home/future/Documents/pengyh/RobotAD_ws/install/rslidar_msg/share/rslidar_msg/cmake/ament_cmake_export_include_directories-extras.cmake
[0.625s] -- Up-to-date: /home/future/Documents/pengyh/RobotAD_ws/install/rslidar_msg/share/rslidar_msg/cmake/ament_cmake_export_libraries-extras.cmake
[0.625s] -- Up-to-date: /home/future/Documents/pengyh/RobotAD_ws/install/rslidar_msg/share/rslidar_msg/cmake/ament_cmake_export_targets-extras.cmake
[0.625s] -- Up-to-date: /home/future/Documents/pengyh/RobotAD_ws/install/rslidar_msg/share/rslidar_msg/cmake/rosidl_cmake_export_typesupport_targets-extras.cmake
[0.625s] -- Up-to-date: /home/future/Documents/pengyh/RobotAD_ws/install/rslidar_msg/share/rslidar_msg/cmake/rosidl_cmake_export_typesupport_libraries-extras.cmake
[0.625s] -- Up-to-date: /home/future/Documents/pengyh/RobotAD_ws/install/rslidar_msg/share/rslidar_msg/cmake/rslidar_msgConfig.cmake
[0.625s] -- Up-to-date: /home/future/Documents/pengyh/RobotAD_ws/install/rslidar_msg/share/rslidar_msg/cmake/rslidar_msgConfig-version.cmake
[0.625s] -- Up-to-date: /home/future/Documents/pengyh/RobotAD_ws/install/rslidar_msg/share/rslidar_msg/package.xml
[0.629s] Invoked command in '/home/future/Documents/pengyh/RobotAD_ws/build/rslidar_msg' returned '0': CMAKE_PREFIX_PATH=${CMAKE_PREFIX_PATH}:/opt/ros/humble /usr/bin/cmake --install /home/future/Documents/pengyh/RobotAD_ws/build/rslidar_msg
