[0.026s] Invoking command in '/home/future/Documents/pengyh/RobotAD_ws/build/rslidar_msg': CMAKE_PREFIX_PATH=${CMAKE_PREFIX_PATH}:/opt/ros/humble /usr/bin/cmake --build /home/future/Documents/pengyh/RobotAD_ws/build/rslidar_msg -- -j24 -l24
[0.061s] [  9%] Built target rslidar_msg__rosidl_generator_c
[0.067s] [  9%] Built target ament_cmake_python_copy_rslidar_msg
[0.067s] [ 12%] Built target rslidar_msg__cpp
[0.079s] [ 22%] Built target rslidar_msg__rosidl_typesupport_fastrtps_c
[0.089s] [ 32%] Built target rslidar_msg__rosidl_typesupport_introspection_c
[0.090s] [ 41%] Built target rslidar_msg__rosidl_typesupport_c
[0.090s] [ 51%] Built target rslidar_msg__rosidl_typesupport_cpp
[0.090s] [ 61%] Built target rslidar_msg__rosidl_typesupport_fastrtps_cpp
[0.091s] [ 70%] Built target rslidar_msg__rosidl_typesupport_introspection_cpp
[0.103s] [ 70%] Built target rslidar_msg
[0.118s] [ 74%] Built target rslidar_msg__py
[0.134s] [ 80%] Built target rslidar_msg__rosidl_generator_py
[0.150s] [ 87%] Built target rslidar_msg__rosidl_typesupport_introspection_c__pyext
[0.155s] [ 93%] Built target rslidar_msg__rosidl_typesupport_c__pyext
[0.156s] [100%] Built target rslidar_msg__rosidl_typesupport_fastrtps_c__pyext
[0.254s] running egg_info
[0.254s] writing rslidar_msg.egg-info/PKG-INFO
[0.254s] writing dependency_links to rslidar_msg.egg-info/dependency_links.txt
[0.254s] writing top-level names to rslidar_msg.egg-info/top_level.txt
[0.256s] reading manifest file 'rslidar_msg.egg-info/SOURCES.txt'
[0.257s] writing manifest file 'rslidar_msg.egg-info/SOURCES.txt'
[0.275s] [100%] Built target ament_cmake_python_build_rslidar_msg_egg
