[35m[1mConsolidate compiler generated dependencies of target nuscenes_data_collector_node[0m
[ 50%] Built target nuscenes_data_collector_issac_node
[ 75%] [32mBuilding CXX object CMakeFiles/nuscenes_data_collector_node.dir/src/nuscenes_data_collector.cpp.o[0m
In file included from [01m[K/home/pengyh/documents/ros2_ws/RobotAD/src/nuscenes_data_collector/include/nuscenes_data_collector/nuscenes_data_collector.hpp:36[m[K,
                 from [01m[K/home/pengyh/documents/ros2_ws/RobotAD/src/nuscenes_data_collector/src/nuscenes_data_collector.cpp:1[m[K:
/opt/ros/humble/include/message_filters/message_filters/synchronizer.h: In instantiation of ‘[01m[Kvoid message_filters::Synchronizer<Policy>::connectInput(F0&, F1&, F2&, F3&, F4&, F5&, F6&, F7&, F8&) [with F0 = std::shared_ptr<message_filters::Subscriber<sensor_msgs::msg::Image_<std::allocator<void> > > >; F1 = std::shared_ptr<message_filters::Subscriber<sensor_msgs::msg::Image_<std::allocator<void> > > >; F2 = std::shared_ptr<message_filters::Subscriber<sensor_msgs::msg::Image_<std::allocator<void> > > >; F3 = std::shared_ptr<message_filters::Subscriber<sensor_msgs::msg::Image_<std::allocator<void> > > >; F4 = std::shared_ptr<message_filters::Subscriber<sensor_msgs::msg::Image_<std::allocator<void> > > >; F5 = std::shared_ptr<message_filters::Subscriber<sensor_msgs::msg::Image_<std::allocator<void> > > >; F6 = message_filters::NullFilter<message_filters::NullType>; F7 = message_filters::NullFilter<message_filters::NullType>; F8 = message_filters::NullFilter<message_filters::NullType>; Policy = message_filters::sync_policies::ApproximateTime<sensor_msgs::msg::Image_<std::allocator<void> >, sensor_msgs::msg::Image_<std::allocator<void> >, sensor_msgs::msg::Image_<std::allocator<void> >, sensor_msgs::msg::Image_<std::allocator<void> >, sensor_msgs::msg::Image_<std::allocator<void> >, sensor_msgs::msg::Image_<std::allocator<void> > >][m[K’:
[01m[K/opt/ros/humble/include/message_filters/message_filters/synchronizer.h:270:17:[m[K   required from ‘[01m[Kvoid message_filters::Synchronizer<Policy>::connectInput(F0&, F1&, F2&, F3&, F4&, F5&, F6&, F7&) [with F0 = std::shared_ptr<message_filters::Subscriber<sensor_msgs::msg::Image_<std::allocator<void> > > >; F1 = std::shared_ptr<message_filters::Subscriber<sensor_msgs::msg::Image_<std::allocator<void> > > >; F2 = std::shared_ptr<message_filters::Subscriber<sensor_msgs::msg::Image_<std::allocator<void> > > >; F3 = std::shared_ptr<message_filters::Subscriber<sensor_msgs::msg::Image_<std::allocator<void> > > >; F4 = std::shared_ptr<message_filters::Subscriber<sensor_msgs::msg::Image_<std::allocator<void> > > >; F5 = std::shared_ptr<message_filters::Subscriber<sensor_msgs::msg::Image_<std::allocator<void> > > >; F6 = message_filters::NullFilter<message_filters::NullType>; F7 = message_filters::NullFilter<message_filters::NullType>; Policy = message_filters::sync_policies::ApproximateTime<sensor_msgs::msg::Image_<std::allocator<void> >, sensor_msgs::msg::Image_<std::allocator<void> >, sensor_msgs::msg::Image_<std::allocator<void> >, sensor_msgs::msg::Image_<std::allocator<void> >, sensor_msgs::msg::Image_<std::allocator<void> >, sensor_msgs::msg::Image_<std::allocator<void> > >][m[K’
[01m[K/opt/ros/humble/include/message_filters/message_filters/synchronizer.h:263:17:[m[K   required from ‘[01m[Kvoid message_filters::Synchronizer<Policy>::connectInput(F0&, F1&, F2&, F3&, F4&, F5&, F6&) [with F0 = std::shared_ptr<message_filters::Subscriber<sensor_msgs::msg::Image_<std::allocator<void> > > >; F1 = std::shared_ptr<message_filters::Subscriber<sensor_msgs::msg::Image_<std::allocator<void> > > >; F2 = std::shared_ptr<message_filters::Subscriber<sensor_msgs::msg::Image_<std::allocator<void> > > >; F3 = std::shared_ptr<message_filters::Subscriber<sensor_msgs::msg::Image_<std::allocator<void> > > >; F4 = std::shared_ptr<message_filters::Subscriber<sensor_msgs::msg::Image_<std::allocator<void> > > >; F5 = std::shared_ptr<message_filters::Subscriber<sensor_msgs::msg::Image_<std::allocator<void> > > >; F6 = message_filters::NullFilter<message_filters::NullType>; Policy = message_filters::sync_policies::ApproximateTime<sensor_msgs::msg::Image_<std::allocator<void> >, sensor_msgs::msg::Image_<std::allocator<void> >, sensor_msgs::msg::Image_<std::allocator<void> >, sensor_msgs::msg::Image_<std::allocator<void> >, sensor_msgs::msg::Image_<std::allocator<void> >, sensor_msgs::msg::Image_<std::allocator<void> > >][m[K’
[01m[K/opt/ros/humble/include/message_filters/message_filters/synchronizer.h:256:17:[m[K   required from ‘[01m[Kvoid message_filters::Synchronizer<Policy>::connectInput(F0&, F1&, F2&, F3&, F4&, F5&) [with F0 = std::shared_ptr<message_filters::Subscriber<sensor_msgs::msg::Image_<std::allocator<void> > > >; F1 = std::shared_ptr<message_filters::Subscriber<sensor_msgs::msg::Image_<std::allocator<void> > > >; F2 = std::shared_ptr<message_filters::Subscriber<sensor_msgs::msg::Image_<std::allocator<void> > > >; F3 = std::shared_ptr<message_filters::Subscriber<sensor_msgs::msg::Image_<std::allocator<void> > > >; F4 = std::shared_ptr<message_filters::Subscriber<sensor_msgs::msg::Image_<std::allocator<void> > > >; F5 = std::shared_ptr<message_filters::Subscriber<sensor_msgs::msg::Image_<std::allocator<void> > > >; Policy = message_filters::sync_policies::ApproximateTime<sensor_msgs::msg::Image_<std::allocator<void> >, sensor_msgs::msg::Image_<std::allocator<void> >, sensor_msgs::msg::Image_<std::allocator<void> >, sensor_msgs::msg::Image_<std::allocator<void> >, sensor_msgs::msg::Image_<std::allocator<void> >, sensor_msgs::msg::Image_<std::allocator<void> > >][m[K’
[01m[K/home/pengyh/documents/ros2_ws/RobotAD/src/nuscenes_data_collector/include/nuscenes_data_collector/nuscenes_data_collector.hpp:309:27:[m[K   required from here
[01m[K/opt/ros/humble/include/message_filters/message_filters/synchronizer.h:278:32:[m[K [01;31m[Kerror: [m[K‘[01m[Kclass std::shared_ptr<message_filters::Subscriber<sensor_msgs::msg::Image_<std::allocator<void> > > >[m[K’ has no member named ‘[01m[KregisterCallback[m[K’
  278 | ections_[0] = [01;31m[Kf0.registerCallback[m[K(std::function<void(const M0Event&)>(std::bind(&Synchronizer::template cb<0>, this, std::placeholders::_1)));
      |               [01;31m[K~~~^~~~~~~~~~~~~~~~[m[K

In file included from [01m[K/home/pengyh/documents/ros2_ws/RobotAD/src/nuscenes_data_collector/include/nuscenes_data_collector/nuscenes_data_collector.hpp:36[m[K,
                 from [01m[K/home/pengyh/documents/ros2_ws/RobotAD/src/nuscenes_data_collector/src/nuscenes_data_collector.cpp:1[m[K:
[01m[K/opt/ros/humble/include/message_filters/message_filters/synchronizer.h:279:32:[m[K [01;31m[Kerror: [m[K‘[01m[Kclass std::shared_ptr<message_filters::Subscriber<sensor_msgs::msg::Image_<std::allocator<void> > > >[m[K’ has no member named ‘[01m[KregisterCallback[m[K’
  279 | ections_[1] = [01;31m[Kf1.registerCallback[m[K(std::function<void(const M1Event&)>(std::bind(&Synchronizer::template cb<1>, this, std::placeholders::_1)));
      |               [01;31m[K~~~^~~~~~~~~~~~~~~~[m[K

[01m[K/opt/ros/humble/include/message_filters/message_filters/synchronizer.h:280:32:[m[K [01;31m[Kerror: [m[K‘[01m[Kclass std::shared_ptr<message_filters::Subscriber<sensor_msgs::msg::Image_<std::allocator<void> > > >[m[K’ has no member named ‘[01m[KregisterCallback[m[K’
  280 | ections_[2] = [01;31m[Kf2.registerCallback[m[K(std::function<void(const M2Event&)>(std::bind(&Synchronizer::template cb<2>, this, std::placeholders::_1)));
      |               [01;31m[K~~~^~~~~~~~~~~~~~~~[m[K

[01m[K/opt/ros/humble/include/message_filters/message_filters/synchronizer.h:281:32:[m[K [01;31m[Kerror: [m[K‘[01m[Kclass std::shared_ptr<message_filters::Subscriber<sensor_msgs::msg::Image_<std::allocator<void> > > >[m[K’ has no member named ‘[01m[KregisterCallback[m[K’
  281 | ections_[3] = [01;31m[Kf3.registerCallback[m[K(std::function<void(const M3Event&)>(std::bind(&Synchronizer::template cb<3>, this, std::placeholders::_1)));
      |               [01;31m[K~~~^~~~~~~~~~~~~~~~[m[K

[01m[K/opt/ros/humble/include/message_filters/message_filters/synchronizer.h:282:32:[m[K [01;31m[Kerror: [m[K‘[01m[Kclass std::shared_ptr<message_filters::Subscriber<sensor_msgs::msg::Image_<std::allocator<void> > > >[m[K’ has no member named ‘[01m[KregisterCallback[m[K’
  282 | ections_[4] = [01;31m[Kf4.registerCallback[m[K(std::function<void(const M4Event&)>(std::bind(&Synchronizer::template cb<4>, this, std::placeholders::_1)));
      |               [01;31m[K~~~^~~~~~~~~~~~~~~~[m[K

[01m[K/opt/ros/humble/include/message_filters/message_filters/synchronizer.h:283:32:[m[K [01;31m[Kerror: [m[K‘[01m[Kclass std::shared_ptr<message_filters::Subscriber<sensor_msgs::msg::Image_<std::allocator<void> > > >[m[K’ has no member named ‘[01m[KregisterCallback[m[K’
  283 | ections_[5] = [01;31m[Kf5.registerCallback[m[K(std::function<void(const M5Event&)>(std::bind(&Synchronizer::template cb<5>, this, std::placeholders::_1)));
      |               [01;31m[K~~~^~~~~~~~~~~~~~~~[m[K

gmake[2]: *** [CMakeFiles/nuscenes_data_collector_node.dir/build.make:76: CMakeFiles/nuscenes_data_collector_node.dir/src/nuscenes_data_collector.cpp.o] Error 1
gmake[1]: *** [CMakeFiles/Makefile2:139: CMakeFiles/nuscenes_data_collector_node.dir/all] Error 2
gmake: *** [Makefile:146: all] Error 2
