[0.031s] Invoking command in '/home/future/Documents/pengyh/RobotAD_ws/build/usb_camera': CMAKE_PREFIX_PATH=${CMAKE_PREFIX_PATH}:/opt/ros/humble /usr/bin/cmake --build /home/future/Documents/pengyh/RobotAD_ws/build/usb_camera -- -j24 -l24
[0.107s] [100%] Built target usb_camera_node
[0.164s] Invoked command in '/home/future/Documents/pengyh/RobotAD_ws/build/usb_camera' returned '0': CMAKE_PREFIX_PATH=${CMAKE_PREFIX_PATH}:/opt/ros/humble /usr/bin/cmake --build /home/future/Documents/pengyh/RobotAD_ws/build/usb_camera -- -j24 -l24
[0.165s] Invoking command in '/home/future/Documents/pengyh/RobotAD_ws/build/usb_camera': CMAKE_PREFIX_PATH=${CMAKE_PREFIX_PATH}:/opt/ros/humble /usr/bin/cmake --install /home/future/Documents/pengyh/RobotAD_ws/build/usb_camera
[0.174s] -- Install configuration: ""
[0.174s] -- Up-to-date: /home/future/Documents/pengyh/RobotAD_ws/install/usb_camera/lib/usb_camera/usb_camera_node
[0.175s] -- Up-to-date: /home/future/Documents/pengyh/RobotAD_ws/install/usb_camera/share/ament_index/resource_index/package_run_dependencies/usb_camera
[0.175s] -- Up-to-date: /home/future/Documents/pengyh/RobotAD_ws/install/usb_camera/share/ament_index/resource_index/parent_prefix_path/usb_camera
[0.176s] -- Up-to-date: /home/future/Documents/pengyh/RobotAD_ws/install/usb_camera/share/usb_camera/environment/ament_prefix_path.sh
[0.176s] -- Up-to-date: /home/future/Documents/pengyh/RobotAD_ws/install/usb_camera/share/usb_camera/environment/ament_prefix_path.dsv
[0.177s] -- Up-to-date: /home/future/Documents/pengyh/RobotAD_ws/install/usb_camera/share/usb_camera/environment/path.sh
[0.177s] -- Up-to-date: /home/future/Documents/pengyh/RobotAD_ws/install/usb_camera/share/usb_camera/environment/path.dsv
[0.178s] -- Up-to-date: /home/future/Documents/pengyh/RobotAD_ws/install/usb_camera/share/usb_camera/local_setup.bash
[0.178s] -- Up-to-date: /home/future/Documents/pengyh/RobotAD_ws/install/usb_camera/share/usb_camera/local_setup.sh
[0.180s] -- Up-to-date: /home/future/Documents/pengyh/RobotAD_ws/install/usb_camera/share/usb_camera/local_setup.zsh
[0.180s] -- Up-to-date: /home/future/Documents/pengyh/RobotAD_ws/install/usb_camera/share/usb_camera/local_setup.dsv
[0.181s] -- Installing: /home/future/Documents/pengyh/RobotAD_ws/install/usb_camera/share/usb_camera/package.dsv
[0.181s] -- Up-to-date: /home/future/Documents/pengyh/RobotAD_ws/install/usb_camera/share/ament_index/resource_index/packages/usb_camera
[0.181s] -- Up-to-date: /home/future/Documents/pengyh/RobotAD_ws/install/usb_camera/share/usb_camera/cmake/usb_cameraConfig.cmake
[0.182s] -- Up-to-date: /home/future/Documents/pengyh/RobotAD_ws/install/usb_camera/share/usb_camera/cmake/usb_cameraConfig-version.cmake
[0.182s] -- Up-to-date: /home/future/Documents/pengyh/RobotAD_ws/install/usb_camera/share/usb_camera/package.xml
[0.204s] Invoked command in '/home/future/Documents/pengyh/RobotAD_ws/build/usb_camera' returned '0': CMAKE_PREFIX_PATH=${CMAKE_PREFIX_PATH}:/opt/ros/humble /usr/bin/cmake --install /home/future/Documents/pengyh/RobotAD_ws/build/usb_camera
