[0.024s] Invoking command in '/home/future/Documents/pengyh/RobotAD_ws/build/rslidar_msg': CMAKE_PREFIX_PATH=${CMAKE_PREFIX_PATH}:/opt/ros/humble /usr/bin/cmake --build /home/future/Documents/pengyh/RobotAD_ws/build/rslidar_msg -- -j24 -l24
[0.055s] [  9%] Built target rslidar_msg__rosidl_generator_c
[0.055s] [ 12%] Built target rslidar_msg__cpp
[0.066s] [ 12%] Built target ament_cmake_python_copy_rslidar_msg
[0.076s] [ 22%] Built target rslidar_msg__rosidl_typesupport_introspection_c
[0.076s] [ 38%] Built target rslidar_msg__rosidl_typesupport_introspection_cpp
[0.076s] [ 41%] Built target rslidar_msg__rosidl_typesupport_fastrtps_cpp
[0.076s] [ 51%] Built target rslidar_msg__rosidl_typesupport_fastrtps_c
[0.076s] [ 61%] Built target rslidar_msg__rosidl_typesupport_cpp
[0.077s] [ 70%] Built target rslidar_msg__rosidl_typesupport_c
[0.096s] [ 70%] Built target rslidar_msg
[0.107s] [ 74%] Built target rslidar_msg__py
[0.122s] [ 80%] Built target rslidar_msg__rosidl_generator_py
[0.137s] [ 87%] Built target rslidar_msg__rosidl_typesupport_fastrtps_c__pyext
[0.137s] [ 93%] Built target rslidar_msg__rosidl_typesupport_c__pyext
[0.138s] [100%] Built target rslidar_msg__rosidl_typesupport_introspection_c__pyext
[0.255s] running egg_info
[0.255s] writing rslidar_msg.egg-info/PKG-INFO
[0.255s] writing dependency_links to rslidar_msg.egg-info/dependency_links.txt
[0.255s] writing top-level names to rslidar_msg.egg-info/top_level.txt
[0.257s] reading manifest file 'rslidar_msg.egg-info/SOURCES.txt'
[0.258s] writing manifest file 'rslidar_msg.egg-info/SOURCES.txt'
[0.275s] [100%] Built target ament_cmake_python_build_rslidar_msg_egg
