[0.030s] Invoking command in '/home/pengyh/documents/ros2_ws/RobotAD/build/rslidar_msg': CMAKE_PREFIX_PATH=${CMAKE_PREFIX_PATH}:/opt/ros/humble /usr/bin/cmake --build /home/pengyh/documents/ros2_ws/RobotAD/build/rslidar_msg -- -j24 -l24
[0.071s] [  9%] Built target rslidar_msg__rosidl_generator_c
[0.076s] [ 12%] Built target rslidar_msg__cpp
[0.091s] [ 12%] Built target ament_cmake_python_symlink_rslidar_msg
[0.098s] [ 22%] Built target rslidar_msg__rosidl_typesupport_c
[0.100s] [ 32%] Built target rslidar_msg__rosidl_typesupport_introspection_c
[0.110s] [ 41%] Built target rslidar_msg__rosidl_typesupport_introspection_cpp
[0.111s] [ 51%] Built target rslidar_msg__rosidl_typesupport_fastrtps_c
[0.111s] [ 70%] Built target rslidar_msg__rosidl_typesupport_cpp
[0.111s] [ 70%] Built target rslidar_msg__rosidl_typesupport_fastrtps_cpp
[0.138s] [ 70%] Built target rslidar_msg
[0.163s] [ 74%] Built target rslidar_msg__py
[0.187s] [ 80%] Built target rslidar_msg__rosidl_generator_py
[0.209s] [ 93%] Built target rslidar_msg__rosidl_typesupport_fastrtps_c__pyext
[0.210s] [ 93%] Built target rslidar_msg__rosidl_typesupport_c__pyext
[0.212s] [100%] Built target rslidar_msg__rosidl_typesupport_introspection_c__pyext
[0.389s] running egg_info
[0.390s] writing rslidar_msg.egg-info/PKG-INFO
[0.391s] writing dependency_links to rslidar_msg.egg-info/dependency_links.txt
[0.391s] writing top-level names to rslidar_msg.egg-info/top_level.txt
[0.393s] reading manifest file 'rslidar_msg.egg-info/SOURCES.txt'
[0.394s] writing manifest file 'rslidar_msg.egg-info/SOURCES.txt'
[0.424s] [100%] Built target ament_cmake_python_build_rslidar_msg_egg
[0.437s] Invoked command in '/home/pengyh/documents/ros2_ws/RobotAD/build/rslidar_msg' returned '0': CMAKE_PREFIX_PATH=${CMAKE_PREFIX_PATH}:/opt/ros/humble /usr/bin/cmake --build /home/pengyh/documents/ros2_ws/RobotAD/build/rslidar_msg -- -j24 -l24
[0.440s] Invoking command in '/home/pengyh/documents/ros2_ws/RobotAD/build/rslidar_msg': CMAKE_PREFIX_PATH=${CMAKE_PREFIX_PATH}:/opt/ros/humble /usr/bin/cmake --install /home/pengyh/documents/ros2_ws/RobotAD/build/rslidar_msg
[0.450s] -- Install configuration: ""
[0.451s] -- Execute custom install script
[0.451s] -- Up-to-date symlink: /home/pengyh/documents/ros2_ws/RobotAD/install/rslidar_msg/share/ament_index/resource_index/rosidl_interfaces/rslidar_msg
[0.451s] -- Up-to-date symlink: /home/pengyh/documents/ros2_ws/RobotAD/install/rslidar_msg/include/rslidar_msg/rslidar_msg/msg/detail/rslidar_packet__functions.h
[0.451s] -- Up-to-date symlink: /home/pengyh/documents/ros2_ws/RobotAD/install/rslidar_msg/include/rslidar_msg/rslidar_msg/msg/detail/rslidar_packet__struct.h
[0.452s] -- Up-to-date symlink: /home/pengyh/documents/ros2_ws/RobotAD/install/rslidar_msg/include/rslidar_msg/rslidar_msg/msg/detail/rslidar_packet__type_support.h
[0.452s] -- Up-to-date symlink: /home/pengyh/documents/ros2_ws/RobotAD/install/rslidar_msg/include/rslidar_msg/rslidar_msg/msg/rosidl_generator_c__visibility_control.h
[0.452s] -- Up-to-date symlink: /home/pengyh/documents/ros2_ws/RobotAD/install/rslidar_msg/include/rslidar_msg/rslidar_msg/msg/rslidar_packet.h
[0.452s] -- Up-to-date symlink: /home/pengyh/documents/ros2_ws/RobotAD/install/rslidar_msg/share/rslidar_msg/environment/library_path.sh
[0.452s] -- Up-to-date symlink: /home/pengyh/documents/ros2_ws/RobotAD/install/rslidar_msg/share/rslidar_msg/environment/library_path.dsv
[0.453s] -- Up-to-date symlink: /home/pengyh/documents/ros2_ws/RobotAD/install/rslidar_msg/include/rslidar_msg/rslidar_msg/msg/detail/rslidar_packet__rosidl_typesupport_fastrtps_c.h
[0.453s] -- Up-to-date symlink: /home/pengyh/documents/ros2_ws/RobotAD/install/rslidar_msg/include/rslidar_msg/rslidar_msg/msg/rosidl_typesupport_fastrtps_c__visibility_control.h
[0.453s] -- Up-to-date symlink: /home/pengyh/documents/ros2_ws/RobotAD/install/rslidar_msg/include/rslidar_msg/rslidar_msg/msg/detail/rslidar_packet__builder.hpp
[0.453s] -- Up-to-date symlink: /home/pengyh/documents/ros2_ws/RobotAD/install/rslidar_msg/include/rslidar_msg/rslidar_msg/msg/detail/rslidar_packet__struct.hpp
[0.453s] -- Up-to-date symlink: /home/pengyh/documents/ros2_ws/RobotAD/install/rslidar_msg/include/rslidar_msg/rslidar_msg/msg/detail/rslidar_packet__traits.hpp
[0.453s] -- Up-to-date symlink: /home/pengyh/documents/ros2_ws/RobotAD/install/rslidar_msg/include/rslidar_msg/rslidar_msg/msg/detail/rslidar_packet__type_support.hpp
[0.453s] -- Up-to-date symlink: /home/pengyh/documents/ros2_ws/RobotAD/install/rslidar_msg/include/rslidar_msg/rslidar_msg/msg/rosidl_generator_cpp__visibility_control.hpp
[0.453s] -- Up-to-date symlink: /home/pengyh/documents/ros2_ws/RobotAD/install/rslidar_msg/include/rslidar_msg/rslidar_msg/msg/rslidar_packet.hpp
[0.454s] -- Up-to-date symlink: /home/pengyh/documents/ros2_ws/RobotAD/install/rslidar_msg/include/rslidar_msg/rslidar_msg/msg/detail/rslidar_packet__rosidl_typesupport_fastrtps_cpp.hpp
[0.454s] -- Up-to-date symlink: /home/pengyh/documents/ros2_ws/RobotAD/install/rslidar_msg/include/rslidar_msg/rslidar_msg/msg/rosidl_typesupport_fastrtps_cpp__visibility_control.h
[0.454s] -- Up-to-date symlink: /home/pengyh/documents/ros2_ws/RobotAD/install/rslidar_msg/include/rslidar_msg/rslidar_msg/msg/detail/rslidar_packet__rosidl_typesupport_introspection_c.h
[0.454s] -- Up-to-date symlink: /home/pengyh/documents/ros2_ws/RobotAD/install/rslidar_msg/include/rslidar_msg/rslidar_msg/msg/rosidl_typesupport_introspection_c__visibility_control.h
[0.454s] -- Up-to-date symlink: /home/pengyh/documents/ros2_ws/RobotAD/install/rslidar_msg/include/rslidar_msg/rslidar_msg/msg/detail/rslidar_packet__rosidl_typesupport_introspection_cpp.hpp
[0.454s] -- Up-to-date symlink: /home/pengyh/documents/ros2_ws/RobotAD/install/rslidar_msg/share/rslidar_msg/environment/pythonpath.sh
[0.454s] -- Up-to-date symlink: /home/pengyh/documents/ros2_ws/RobotAD/install/rslidar_msg/share/rslidar_msg/environment/pythonpath.dsv
[0.455s] -- Up-to-date symlink: /home/pengyh/documents/ros2_ws/RobotAD/install/rslidar_msg/local/lib/python3.10/dist-packages/rslidar_msg-0.0.0-py3.10.egg-info/PKG-INFO
[0.455s] -- Up-to-date symlink: /home/pengyh/documents/ros2_ws/RobotAD/install/rslidar_msg/local/lib/python3.10/dist-packages/rslidar_msg-0.0.0-py3.10.egg-info/SOURCES.txt
[0.455s] -- Up-to-date symlink: /home/pengyh/documents/ros2_ws/RobotAD/install/rslidar_msg/local/lib/python3.10/dist-packages/rslidar_msg-0.0.0-py3.10.egg-info/dependency_links.txt
[0.455s] -- Up-to-date symlink: /home/pengyh/documents/ros2_ws/RobotAD/install/rslidar_msg/local/lib/python3.10/dist-packages/rslidar_msg-0.0.0-py3.10.egg-info/top_level.txt
[0.455s] -- Up-to-date symlink: /home/pengyh/documents/ros2_ws/RobotAD/install/rslidar_msg/local/lib/python3.10/dist-packages/rslidar_msg/__init__.py
[0.456s] -- Up-to-date symlink: /home/pengyh/documents/ros2_ws/RobotAD/install/rslidar_msg/local/lib/python3.10/dist-packages/rslidar_msg/_rslidar_msg_s.ep.rosidl_typesupport_c.c
[0.456s] -- Up-to-date symlink: /home/pengyh/documents/ros2_ws/RobotAD/install/rslidar_msg/local/lib/python3.10/dist-packages/rslidar_msg/_rslidar_msg_s.ep.rosidl_typesupport_fastrtps_c.c
[0.456s] -- Up-to-date symlink: /home/pengyh/documents/ros2_ws/RobotAD/install/rslidar_msg/local/lib/python3.10/dist-packages/rslidar_msg/_rslidar_msg_s.ep.rosidl_typesupport_introspection_c.c
[0.456s] -- Up-to-date symlink: /home/pengyh/documents/ros2_ws/RobotAD/install/rslidar_msg/local/lib/python3.10/dist-packages/rslidar_msg/librslidar_msg__rosidl_generator_py.so
[0.456s] -- Up-to-date symlink: /home/pengyh/documents/ros2_ws/RobotAD/install/rslidar_msg/local/lib/python3.10/dist-packages/rslidar_msg/msg/__init__.py
[0.456s] -- Up-to-date symlink: /home/pengyh/documents/ros2_ws/RobotAD/install/rslidar_msg/local/lib/python3.10/dist-packages/rslidar_msg/msg/_rslidar_packet.py
[0.456s] -- Up-to-date symlink: /home/pengyh/documents/ros2_ws/RobotAD/install/rslidar_msg/local/lib/python3.10/dist-packages/rslidar_msg/msg/_rslidar_packet_s.c
[0.457s] -- Up-to-date symlink: /home/pengyh/documents/ros2_ws/RobotAD/install/rslidar_msg/local/lib/python3.10/dist-packages/rslidar_msg/rslidar_msg_s__rosidl_typesupport_c.cpython-310-x86_64-linux-gnu.so
[0.457s] -- Up-to-date symlink: /home/pengyh/documents/ros2_ws/RobotAD/install/rslidar_msg/local/lib/python3.10/dist-packages/rslidar_msg/rslidar_msg_s__rosidl_typesupport_fastrtps_c.cpython-310-x86_64-linux-gnu.so
[0.457s] -- Up-to-date symlink: /home/pengyh/documents/ros2_ws/RobotAD/install/rslidar_msg/local/lib/python3.10/dist-packages/rslidar_msg/rslidar_msg_s__rosidl_typesupport_introspection_c.cpython-310-x86_64-linux-gnu.so
[0.457s] -- Up-to-date symlink: /home/pengyh/documents/ros2_ws/RobotAD/install/rslidar_msg/local/lib/python3.10/dist-packages/rslidar_msg/rslidar_msg_s__rosidl_typesupport_fastrtps_c.cpython-310-x86_64-linux-gnu.so
[0.457s] -- Up-to-date symlink: /home/pengyh/documents/ros2_ws/RobotAD/install/rslidar_msg/local/lib/python3.10/dist-packages/rslidar_msg/rslidar_msg_s__rosidl_typesupport_introspection_c.cpython-310-x86_64-linux-gnu.so
[0.457s] -- Up-to-date symlink: /home/pengyh/documents/ros2_ws/RobotAD/install/rslidar_msg/local/lib/python3.10/dist-packages/rslidar_msg/rslidar_msg_s__rosidl_typesupport_c.cpython-310-x86_64-linux-gnu.so
[0.457s] -- Up-to-date symlink: /home/pengyh/documents/ros2_ws/RobotAD/install/rslidar_msg/share/rslidar_msg/msg/RslidarPacket.idl
[0.457s] -- Up-to-date symlink: /home/pengyh/documents/ros2_ws/RobotAD/install/rslidar_msg/share/rslidar_msg/msg/RslidarPacket.msg
[0.458s] -- Up-to-date symlink: /home/pengyh/documents/ros2_ws/RobotAD/install/rslidar_msg/share/ament_index/resource_index/package_run_dependencies/rslidar_msg
[0.458s] -- Up-to-date symlink: /home/pengyh/documents/ros2_ws/RobotAD/install/rslidar_msg/share/ament_index/resource_index/parent_prefix_path/rslidar_msg
[0.458s] -- Up-to-date symlink: /home/pengyh/documents/ros2_ws/RobotAD/install/rslidar_msg/share/rslidar_msg/environment/ament_prefix_path.sh
[0.458s] -- Up-to-date symlink: /home/pengyh/documents/ros2_ws/RobotAD/install/rslidar_msg/share/rslidar_msg/environment/ament_prefix_path.dsv
[0.458s] -- Up-to-date symlink: /home/pengyh/documents/ros2_ws/RobotAD/install/rslidar_msg/share/rslidar_msg/environment/path.sh
[0.458s] -- Up-to-date symlink: /home/pengyh/documents/ros2_ws/RobotAD/install/rslidar_msg/share/rslidar_msg/environment/path.dsv
[0.458s] -- Up-to-date symlink: /home/pengyh/documents/ros2_ws/RobotAD/install/rslidar_msg/share/rslidar_msg/local_setup.bash
[0.458s] -- Up-to-date symlink: /home/pengyh/documents/ros2_ws/RobotAD/install/rslidar_msg/share/rslidar_msg/local_setup.sh
[0.458s] -- Up-to-date symlink: /home/pengyh/documents/ros2_ws/RobotAD/install/rslidar_msg/share/rslidar_msg/local_setup.zsh
[0.459s] -- Up-to-date symlink: /home/pengyh/documents/ros2_ws/RobotAD/install/rslidar_msg/share/rslidar_msg/local_setup.dsv
[0.459s] -- Symlinking: /home/pengyh/documents/ros2_ws/RobotAD/install/rslidar_msg/share/rslidar_msg/package.dsv
[0.469s] -- Up-to-date symlink: /home/pengyh/documents/ros2_ws/RobotAD/install/rslidar_msg/share/ament_index/resource_index/packages/rslidar_msg
[0.469s] -- Up-to-date symlink: /home/pengyh/documents/ros2_ws/RobotAD/install/rslidar_msg/share/rslidar_msg/cmake/rosidl_cmake-extras.cmake
[0.469s] -- Up-to-date symlink: /home/pengyh/documents/ros2_ws/RobotAD/install/rslidar_msg/share/rslidar_msg/cmake/ament_cmake_export_dependencies-extras.cmake
[0.470s] -- Up-to-date symlink: /home/pengyh/documents/ros2_ws/RobotAD/install/rslidar_msg/share/rslidar_msg/cmake/ament_cmake_export_include_directories-extras.cmake
[0.470s] -- Up-to-date symlink: /home/pengyh/documents/ros2_ws/RobotAD/install/rslidar_msg/share/rslidar_msg/cmake/ament_cmake_export_libraries-extras.cmake
[0.470s] -- Up-to-date symlink: /home/pengyh/documents/ros2_ws/RobotAD/install/rslidar_msg/share/rslidar_msg/cmake/ament_cmake_export_targets-extras.cmake
[0.470s] -- Up-to-date symlink: /home/pengyh/documents/ros2_ws/RobotAD/install/rslidar_msg/share/rslidar_msg/cmake/rosidl_cmake_export_typesupport_targets-extras.cmake
[0.470s] -- Up-to-date symlink: /home/pengyh/documents/ros2_ws/RobotAD/install/rslidar_msg/share/rslidar_msg/cmake/rosidl_cmake_export_typesupport_libraries-extras.cmake
[0.471s] -- Up-to-date symlink: /home/pengyh/documents/ros2_ws/RobotAD/install/rslidar_msg/share/rslidar_msg/cmake/rslidar_msgConfig.cmake
[0.471s] -- Up-to-date symlink: /home/pengyh/documents/ros2_ws/RobotAD/install/rslidar_msg/share/rslidar_msg/cmake/rslidar_msgConfig-version.cmake
[0.471s] -- Up-to-date symlink: /home/pengyh/documents/ros2_ws/RobotAD/install/rslidar_msg/share/rslidar_msg/package.xml
[0.471s] -- Up-to-date: /home/pengyh/documents/ros2_ws/RobotAD/install/rslidar_msg/lib/librslidar_msg__rosidl_generator_c.so
[0.471s] -- Up-to-date: /home/pengyh/documents/ros2_ws/RobotAD/install/rslidar_msg/lib/librslidar_msg__rosidl_typesupport_fastrtps_c.so
[0.472s] -- Up-to-date: /home/pengyh/documents/ros2_ws/RobotAD/install/rslidar_msg/lib/librslidar_msg__rosidl_typesupport_fastrtps_cpp.so
[0.472s] -- Up-to-date: /home/pengyh/documents/ros2_ws/RobotAD/install/rslidar_msg/lib/librslidar_msg__rosidl_typesupport_introspection_c.so
[0.472s] -- Up-to-date: /home/pengyh/documents/ros2_ws/RobotAD/install/rslidar_msg/lib/librslidar_msg__rosidl_typesupport_c.so
[0.472s] -- Up-to-date: /home/pengyh/documents/ros2_ws/RobotAD/install/rslidar_msg/lib/librslidar_msg__rosidl_typesupport_introspection_cpp.so
[0.473s] -- Up-to-date: /home/pengyh/documents/ros2_ws/RobotAD/install/rslidar_msg/lib/librslidar_msg__rosidl_typesupport_cpp.so
[0.511s] Listing '/home/pengyh/documents/ros2_ws/RobotAD/install/rslidar_msg/local/lib/python3.10/dist-packages/rslidar_msg'...
[0.511s] Listing '/home/pengyh/documents/ros2_ws/RobotAD/install/rslidar_msg/local/lib/python3.10/dist-packages/rslidar_msg/msg'...
[0.516s] -- Up-to-date: /home/pengyh/documents/ros2_ws/RobotAD/install/rslidar_msg/lib/librslidar_msg__rosidl_generator_py.so
[0.517s] -- Up-to-date: /home/pengyh/documents/ros2_ws/RobotAD/install/rslidar_msg/share/rslidar_msg/cmake/export_rslidar_msg__rosidl_generator_cExport.cmake
[0.517s] -- Up-to-date: /home/pengyh/documents/ros2_ws/RobotAD/install/rslidar_msg/share/rslidar_msg/cmake/export_rslidar_msg__rosidl_generator_cExport-noconfig.cmake
[0.517s] -- Up-to-date: /home/pengyh/documents/ros2_ws/RobotAD/install/rslidar_msg/share/rslidar_msg/cmake/export_rslidar_msg__rosidl_typesupport_fastrtps_cExport.cmake
[0.517s] -- Up-to-date: /home/pengyh/documents/ros2_ws/RobotAD/install/rslidar_msg/share/rslidar_msg/cmake/export_rslidar_msg__rosidl_typesupport_fastrtps_cExport-noconfig.cmake
[0.517s] -- Up-to-date: /home/pengyh/documents/ros2_ws/RobotAD/install/rslidar_msg/share/rslidar_msg/cmake/export_rslidar_msg__rosidl_generator_cppExport.cmake
[0.517s] -- Up-to-date: /home/pengyh/documents/ros2_ws/RobotAD/install/rslidar_msg/share/rslidar_msg/cmake/export_rslidar_msg__rosidl_typesupport_fastrtps_cppExport.cmake
[0.518s] -- Up-to-date: /home/pengyh/documents/ros2_ws/RobotAD/install/rslidar_msg/share/rslidar_msg/cmake/export_rslidar_msg__rosidl_typesupport_fastrtps_cppExport-noconfig.cmake
[0.518s] -- Up-to-date: /home/pengyh/documents/ros2_ws/RobotAD/install/rslidar_msg/share/rslidar_msg/cmake/rslidar_msg__rosidl_typesupport_introspection_cExport.cmake
[0.518s] -- Up-to-date: /home/pengyh/documents/ros2_ws/RobotAD/install/rslidar_msg/share/rslidar_msg/cmake/rslidar_msg__rosidl_typesupport_introspection_cExport-noconfig.cmake
[0.518s] -- Up-to-date: /home/pengyh/documents/ros2_ws/RobotAD/install/rslidar_msg/share/rslidar_msg/cmake/rslidar_msg__rosidl_typesupport_cExport.cmake
[0.518s] -- Up-to-date: /home/pengyh/documents/ros2_ws/RobotAD/install/rslidar_msg/share/rslidar_msg/cmake/rslidar_msg__rosidl_typesupport_cExport-noconfig.cmake
[0.518s] -- Up-to-date: /home/pengyh/documents/ros2_ws/RobotAD/install/rslidar_msg/share/rslidar_msg/cmake/rslidar_msg__rosidl_typesupport_introspection_cppExport.cmake
[0.518s] -- Up-to-date: /home/pengyh/documents/ros2_ws/RobotAD/install/rslidar_msg/share/rslidar_msg/cmake/rslidar_msg__rosidl_typesupport_introspection_cppExport-noconfig.cmake
[0.518s] -- Up-to-date: /home/pengyh/documents/ros2_ws/RobotAD/install/rslidar_msg/share/rslidar_msg/cmake/rslidar_msg__rosidl_typesupport_cppExport.cmake
[0.518s] -- Up-to-date: /home/pengyh/documents/ros2_ws/RobotAD/install/rslidar_msg/share/rslidar_msg/cmake/rslidar_msg__rosidl_typesupport_cppExport-noconfig.cmake
[0.518s] -- Up-to-date: /home/pengyh/documents/ros2_ws/RobotAD/install/rslidar_msg/share/rslidar_msg/cmake/export_rslidar_msg__rosidl_generator_pyExport.cmake
[0.518s] -- Up-to-date: /home/pengyh/documents/ros2_ws/RobotAD/install/rslidar_msg/share/rslidar_msg/cmake/export_rslidar_msg__rosidl_generator_pyExport-noconfig.cmake
[0.549s] Invoked command in '/home/pengyh/documents/ros2_ws/RobotAD/build/rslidar_msg' returned '0': CMAKE_PREFIX_PATH=${CMAKE_PREFIX_PATH}:/opt/ros/humble /usr/bin/cmake --install /home/pengyh/documents/ros2_ws/RobotAD/build/rslidar_msg
