[0.025s] Invoking command in '/home/future/Documents/pengyh/RobotAD_ws/build/robot_hardware': CMAKE_PREFIX_PATH=${CMAKE_PREFIX_PATH}:/opt/ros/humble /usr/bin/cmake --build /home/future/Documents/pengyh/RobotAD_ws/build/robot_hardware -- -j24 -l24
[0.061s] [  9%] Built target robot_hardware__rosidl_generator_c
[0.063s] [ 12%] Built target robot_hardware__cpp
[0.074s] [ 12%] Built target ament_cmake_python_copy_robot_hardware
[0.082s] [ 21%] Built target robot_hardware__rosidl_typesupport_c
[0.082s] [ 31%] Built target robot_hardware__rosidl_typesupport_fastrtps_c
[0.083s] [ 41%] Built target robot_hardware__rosidl_typesupport_introspection_c
[0.084s] [ 51%] Built target robot_hardware__rosidl_typesupport_cpp
[0.085s] [ 60%] Built target robot_hardware__rosidl_typesupport_fastrtps_cpp
[0.085s] [ 70%] Built target robot_hardware__rosidl_typesupport_introspection_cpp
[0.100s] [ 70%] Built target robot_hardware
[0.105s] [ 75%] Built target hardware_manager
[0.113s] [ 78%] Built target robot_hardware__py
[0.128s] [ 85%] Built target robot_hardware__rosidl_generator_py
[0.145s] [ 90%] Built target robot_hardware__rosidl_typesupport_fastrtps_c__pyext
[0.145s] [ 95%] Built target robot_hardware__rosidl_typesupport_c__pyext
[0.145s] [100%] Built target robot_hardware__rosidl_typesupport_introspection_c__pyext
[0.254s] running egg_info
[0.254s] writing robot_hardware.egg-info/PKG-INFO
[0.254s] writing dependency_links to robot_hardware.egg-info/dependency_links.txt
[0.254s] writing top-level names to robot_hardware.egg-info/top_level.txt
[0.256s] reading manifest file 'robot_hardware.egg-info/SOURCES.txt'
[0.257s] writing manifest file 'robot_hardware.egg-info/SOURCES.txt'
[0.275s] [100%] Built target ament_cmake_python_build_robot_hardware_egg
