[0.029s] Invoking command in '/home/future/Documents/pengyh/RobotAD_ws/build/keyboard_control': CMAKE_PREFIX_PATH=/home/future/Documents/pengyh/RobotAD_ws/install/robot_hardware:/home/future/Documents/pengyh/RobotAD_ws/install/usb_camera:/home/future/Documents/pengyh/RobotAD_ws/install/serial_comm:/home/future/Documents/pengyh/RobotAD_ws/install/rslidar_sdk:/home/future/Documents/pengyh/RobotAD_ws/install/rslidar_msg:/home/future/Documents/pengyh/RobotAD_ws/install/robot_locate:/home/future/Documents/pengyh/RobotAD_ws/install/pointcloud_to_laserscan:/home/future/Documents/pengyh/RobotAD_ws/install/miiboo_imu:/home/future/Documents/pengyh/RobotAD_ws/install/keyboard_control:/home/future/Documents/pengyh/RobotAD_ws/install/diff_control:/home/future/Documents/VIW-FUSION/install/vins:/home/future/Documents/VIW-FUSION/install/loop_fusion:/home/future/Documents/VIW-FUSION/install/global_fusion:/home/future/Documents/VIW-FUSION/install/camera_models:/home/future/Documents/people_tracker/install/people_msgs:/home/future/Documents/people_tracker/install/leg_tracker_ros2:/home/future/Documents/Navigation/interface_ws/install/nav_interfaces:/opt/ros/humble LD_LIBRARY_PATH=/home/future/Documents/pengyh/RobotAD_ws/install/robot_hardware/lib:/home/future/Documents/pengyh/RobotAD_ws/install/rslidar_msg/lib:/home/future/Documents/pengyh/RobotAD_ws/install/pointcloud_to_laserscan/lib:/home/future/Documents/pengyh/RobotAD_ws/install/diff_control/lib:/home/future/Documents/VIW-FUSION/install/camera_models/lib:/home/future/Documents/people_tracker/install/people_msgs/lib:/home/future/Documents/people_tracker/install/leg_tracker_ros2/lib:/home/future/Documents/Navigation/interface_ws/install/nav_interfaces/lib:/usr/lib/x86_64-linux-gnu/gazebo-11/plugins:/opt/ros/humble/opt/rviz_ogre_vendor/lib:/opt/ros/humble/lib/x86_64-linux-gnu:/opt/ros/humble/lib:/usr/local/lib:/usr/local/lib /usr/bin/cmake /home/future/Documents/pengyh/RobotAD_ws/src/keyboard_control -DCMAKE_INSTALL_PREFIX=/home/future/Documents/pengyh/RobotAD_ws/install/keyboard_control
[0.116s] -- The C compiler identification is GNU 12.3.0
[0.190s] -- The CXX compiler identification is GNU 12.3.0
[0.219s] -- Detecting C compiler ABI info
[0.339s] -- Detecting C compiler ABI info - done
[0.351s] -- Check for working C compiler: /usr/bin/cc - skipped
[0.351s] -- Detecting C compile features
[0.352s] -- Detecting C compile features - done
[0.355s] -- Detecting CXX compiler ABI info
[0.479s] -- Detecting CXX compiler ABI info - done
[0.489s] -- Check for working CXX compiler: /usr/bin/c++ - skipped
[0.489s] -- Detecting CXX compile features
[0.490s] -- Detecting CXX compile features - done
[0.494s] -- Found ament_cmake: 1.3.10 (/opt/ros/humble/share/ament_cmake/cmake)
[0.711s] -- Found Python3: /usr/bin/python3 (found version "3.10.12") found components: Interpreter 
[0.840s] -- Found rclcpp: 16.0.10 (/opt/ros/humble/share/rclcpp/cmake)
[0.901s] -- Found rosidl_generator_c: 3.1.5 (/opt/ros/humble/share/rosidl_generator_c/cmake)
[0.909s] -- Found rosidl_adapter: 3.1.5 (/opt/ros/humble/share/rosidl_adapter/cmake)
[0.921s] -- Found rosidl_generator_cpp: 3.1.5 (/opt/ros/humble/share/rosidl_generator_cpp/cmake)
[0.937s] -- Using all available rosidl_typesupport_c: rosidl_typesupport_fastrtps_c;rosidl_typesupport_introspection_c
[0.960s] -- Using all available rosidl_typesupport_cpp: rosidl_typesupport_fastrtps_cpp;rosidl_typesupport_introspection_cpp
[1.045s] -- Found rmw_implementation_cmake: 6.1.2 (/opt/ros/humble/share/rmw_implementation_cmake/cmake)
[1.052s] -- Found rmw_fastrtps_cpp: 6.2.7 (/opt/ros/humble/share/rmw_fastrtps_cpp/cmake)
[1.224s] -- Found OpenSSL: /usr/lib/x86_64-linux-gnu/libcrypto.so (found version "3.0.2")  
[1.257s] -- Found FastRTPS: /opt/ros/humble/include  
[1.311s] -- Using RMW implementation 'rmw_fastrtps_cpp' as default
[1.324s] -- Looking for pthread.h
[1.444s] -- Looking for pthread.h - found
[1.445s] -- Performing Test CMAKE_HAVE_LIBC_PTHREAD
[1.555s] -- Performing Test CMAKE_HAVE_LIBC_PTHREAD - Success
[1.559s] -- Found Threads: TRUE  
[1.694s] -- Found robot_hardware: 0.0.1 (/home/future/Documents/pengyh/RobotAD_ws/install/robot_hardware/share/robot_hardware/cmake)
[1.710s] -- Found geometry_msgs: 4.2.4 (/opt/ros/humble/share/geometry_msgs/cmake)
[1.730s] -- Found ament_lint_auto: 0.12.11 (/opt/ros/humble/share/ament_lint_auto/cmake)
[1.828s] -- Added test 'cppcheck' to perform static code analysis on C / C++ code
[1.829s] -- Configured cppcheck include dirs: 
[1.829s] -- Configured cppcheck exclude dirs and/or files: 
[1.829s] -- Added test 'flake8' to check Python code syntax and style conventions
[1.830s] -- Added test 'lint_cmake' to check CMake code style
[1.830s] -- Added test 'pep257' to check Python code against some of the docstring style conventions in PEP 257
[1.831s] -- Added test 'uncrustify' to check C / C++ code style
[1.832s] -- Configured uncrustify additional arguments: 
[1.832s] -- Added test 'xmllint' to check XML markup files
[1.834s] -- Configuring done
[1.843s] -- Generating done
[1.847s] -- Build files have been written to: /home/future/Documents/pengyh/RobotAD_ws/build/keyboard_control
[1.857s] Invoked command in '/home/future/Documents/pengyh/RobotAD_ws/build/keyboard_control' returned '0': CMAKE_PREFIX_PATH=/home/future/Documents/pengyh/RobotAD_ws/install/robot_hardware:/home/future/Documents/pengyh/RobotAD_ws/install/usb_camera:/home/future/Documents/pengyh/RobotAD_ws/install/serial_comm:/home/future/Documents/pengyh/RobotAD_ws/install/rslidar_sdk:/home/future/Documents/pengyh/RobotAD_ws/install/rslidar_msg:/home/future/Documents/pengyh/RobotAD_ws/install/robot_locate:/home/future/Documents/pengyh/RobotAD_ws/install/pointcloud_to_laserscan:/home/future/Documents/pengyh/RobotAD_ws/install/miiboo_imu:/home/future/Documents/pengyh/RobotAD_ws/install/keyboard_control:/home/future/Documents/pengyh/RobotAD_ws/install/diff_control:/home/future/Documents/VIW-FUSION/install/vins:/home/future/Documents/VIW-FUSION/install/loop_fusion:/home/future/Documents/VIW-FUSION/install/global_fusion:/home/future/Documents/VIW-FUSION/install/camera_models:/home/future/Documents/people_tracker/install/people_msgs:/home/future/Documents/people_tracker/install/leg_tracker_ros2:/home/future/Documents/Navigation/interface_ws/install/nav_interfaces:/opt/ros/humble LD_LIBRARY_PATH=/home/future/Documents/pengyh/RobotAD_ws/install/robot_hardware/lib:/home/future/Documents/pengyh/RobotAD_ws/install/rslidar_msg/lib:/home/future/Documents/pengyh/RobotAD_ws/install/pointcloud_to_laserscan/lib:/home/future/Documents/pengyh/RobotAD_ws/install/diff_control/lib:/home/future/Documents/VIW-FUSION/install/camera_models/lib:/home/future/Documents/people_tracker/install/people_msgs/lib:/home/future/Documents/people_tracker/install/leg_tracker_ros2/lib:/home/future/Documents/Navigation/interface_ws/install/nav_interfaces/lib:/usr/lib/x86_64-linux-gnu/gazebo-11/plugins:/opt/ros/humble/opt/rviz_ogre_vendor/lib:/opt/ros/humble/lib/x86_64-linux-gnu:/opt/ros/humble/lib:/usr/local/lib:/usr/local/lib /usr/bin/cmake /home/future/Documents/pengyh/RobotAD_ws/src/keyboard_control -DCMAKE_INSTALL_PREFIX=/home/future/Documents/pengyh/RobotAD_ws/install/keyboard_control
[1.862s] Invoking command in '/home/future/Documents/pengyh/RobotAD_ws/build/keyboard_control': CMAKE_PREFIX_PATH=/home/future/Documents/pengyh/RobotAD_ws/install/robot_hardware:/home/future/Documents/pengyh/RobotAD_ws/install/usb_camera:/home/future/Documents/pengyh/RobotAD_ws/install/serial_comm:/home/future/Documents/pengyh/RobotAD_ws/install/rslidar_sdk:/home/future/Documents/pengyh/RobotAD_ws/install/rslidar_msg:/home/future/Documents/pengyh/RobotAD_ws/install/robot_locate:/home/future/Documents/pengyh/RobotAD_ws/install/pointcloud_to_laserscan:/home/future/Documents/pengyh/RobotAD_ws/install/miiboo_imu:/home/future/Documents/pengyh/RobotAD_ws/install/keyboard_control:/home/future/Documents/pengyh/RobotAD_ws/install/diff_control:/home/future/Documents/VIW-FUSION/install/vins:/home/future/Documents/VIW-FUSION/install/loop_fusion:/home/future/Documents/VIW-FUSION/install/global_fusion:/home/future/Documents/VIW-FUSION/install/camera_models:/home/future/Documents/people_tracker/install/people_msgs:/home/future/Documents/people_tracker/install/leg_tracker_ros2:/home/future/Documents/Navigation/interface_ws/install/nav_interfaces:/opt/ros/humble LD_LIBRARY_PATH=/home/future/Documents/pengyh/RobotAD_ws/install/robot_hardware/lib:/home/future/Documents/pengyh/RobotAD_ws/install/rslidar_msg/lib:/home/future/Documents/pengyh/RobotAD_ws/install/pointcloud_to_laserscan/lib:/home/future/Documents/pengyh/RobotAD_ws/install/diff_control/lib:/home/future/Documents/VIW-FUSION/install/camera_models/lib:/home/future/Documents/people_tracker/install/people_msgs/lib:/home/future/Documents/people_tracker/install/leg_tracker_ros2/lib:/home/future/Documents/Navigation/interface_ws/install/nav_interfaces/lib:/usr/lib/x86_64-linux-gnu/gazebo-11/plugins:/opt/ros/humble/opt/rviz_ogre_vendor/lib:/opt/ros/humble/lib/x86_64-linux-gnu:/opt/ros/humble/lib:/usr/local/lib:/usr/local/lib /usr/bin/cmake --build /home/future/Documents/pengyh/RobotAD_ws/build/keyboard_control -- -j24 -l24
[1.976s] [ 50%] [32mBuilding CXX object CMakeFiles/keyboard_control_node.dir/src/keyboard_control_node.cpp.o[0m
[7.442s] [100%] [32m[1mLinking CXX executable keyboard_control_node[0m
[7.682s] [100%] Built target keyboard_control_node
[7.696s] Invoked command in '/home/future/Documents/pengyh/RobotAD_ws/build/keyboard_control' returned '0': CMAKE_PREFIX_PATH=/home/future/Documents/pengyh/RobotAD_ws/install/robot_hardware:/home/future/Documents/pengyh/RobotAD_ws/install/usb_camera:/home/future/Documents/pengyh/RobotAD_ws/install/serial_comm:/home/future/Documents/pengyh/RobotAD_ws/install/rslidar_sdk:/home/future/Documents/pengyh/RobotAD_ws/install/rslidar_msg:/home/future/Documents/pengyh/RobotAD_ws/install/robot_locate:/home/future/Documents/pengyh/RobotAD_ws/install/pointcloud_to_laserscan:/home/future/Documents/pengyh/RobotAD_ws/install/miiboo_imu:/home/future/Documents/pengyh/RobotAD_ws/install/keyboard_control:/home/future/Documents/pengyh/RobotAD_ws/install/diff_control:/home/future/Documents/VIW-FUSION/install/vins:/home/future/Documents/VIW-FUSION/install/loop_fusion:/home/future/Documents/VIW-FUSION/install/global_fusion:/home/future/Documents/VIW-FUSION/install/camera_models:/home/future/Documents/people_tracker/install/people_msgs:/home/future/Documents/people_tracker/install/leg_tracker_ros2:/home/future/Documents/Navigation/interface_ws/install/nav_interfaces:/opt/ros/humble LD_LIBRARY_PATH=/home/future/Documents/pengyh/RobotAD_ws/install/robot_hardware/lib:/home/future/Documents/pengyh/RobotAD_ws/install/rslidar_msg/lib:/home/future/Documents/pengyh/RobotAD_ws/install/pointcloud_to_laserscan/lib:/home/future/Documents/pengyh/RobotAD_ws/install/diff_control/lib:/home/future/Documents/VIW-FUSION/install/camera_models/lib:/home/future/Documents/people_tracker/install/people_msgs/lib:/home/future/Documents/people_tracker/install/leg_tracker_ros2/lib:/home/future/Documents/Navigation/interface_ws/install/nav_interfaces/lib:/usr/lib/x86_64-linux-gnu/gazebo-11/plugins:/opt/ros/humble/opt/rviz_ogre_vendor/lib:/opt/ros/humble/lib/x86_64-linux-gnu:/opt/ros/humble/lib:/usr/local/lib:/usr/local/lib /usr/bin/cmake --build /home/future/Documents/pengyh/RobotAD_ws/build/keyboard_control -- -j24 -l24
[7.701s] Invoking command in '/home/future/Documents/pengyh/RobotAD_ws/build/keyboard_control': CMAKE_PREFIX_PATH=/home/future/Documents/pengyh/RobotAD_ws/install/robot_hardware:/home/future/Documents/pengyh/RobotAD_ws/install/usb_camera:/home/future/Documents/pengyh/RobotAD_ws/install/serial_comm:/home/future/Documents/pengyh/RobotAD_ws/install/rslidar_sdk:/home/future/Documents/pengyh/RobotAD_ws/install/rslidar_msg:/home/future/Documents/pengyh/RobotAD_ws/install/robot_locate:/home/future/Documents/pengyh/RobotAD_ws/install/pointcloud_to_laserscan:/home/future/Documents/pengyh/RobotAD_ws/install/miiboo_imu:/home/future/Documents/pengyh/RobotAD_ws/install/keyboard_control:/home/future/Documents/pengyh/RobotAD_ws/install/diff_control:/home/future/Documents/VIW-FUSION/install/vins:/home/future/Documents/VIW-FUSION/install/loop_fusion:/home/future/Documents/VIW-FUSION/install/global_fusion:/home/future/Documents/VIW-FUSION/install/camera_models:/home/future/Documents/people_tracker/install/people_msgs:/home/future/Documents/people_tracker/install/leg_tracker_ros2:/home/future/Documents/Navigation/interface_ws/install/nav_interfaces:/opt/ros/humble LD_LIBRARY_PATH=/home/future/Documents/pengyh/RobotAD_ws/install/robot_hardware/lib:/home/future/Documents/pengyh/RobotAD_ws/install/rslidar_msg/lib:/home/future/Documents/pengyh/RobotAD_ws/install/pointcloud_to_laserscan/lib:/home/future/Documents/pengyh/RobotAD_ws/install/diff_control/lib:/home/future/Documents/VIW-FUSION/install/camera_models/lib:/home/future/Documents/people_tracker/install/people_msgs/lib:/home/future/Documents/people_tracker/install/leg_tracker_ros2/lib:/home/future/Documents/Navigation/interface_ws/install/nav_interfaces/lib:/usr/lib/x86_64-linux-gnu/gazebo-11/plugins:/opt/ros/humble/opt/rviz_ogre_vendor/lib:/opt/ros/humble/lib/x86_64-linux-gnu:/opt/ros/humble/lib:/usr/local/lib:/usr/local/lib /usr/bin/cmake --install /home/future/Documents/pengyh/RobotAD_ws/build/keyboard_control
[7.726s] -- Install configuration: ""
[7.726s] -- Installing: /home/future/Documents/pengyh/RobotAD_ws/install/keyboard_control/lib/keyboard_control/keyboard_control_node
[7.727s] -- Set runtime path of "/home/future/Documents/pengyh/RobotAD_ws/install/keyboard_control/lib/keyboard_control/keyboard_control_node" to ""
[7.727s] -- Installing: /home/future/Documents/pengyh/RobotAD_ws/install/keyboard_control/share/ament_index/resource_index/package_run_dependencies/keyboard_control
[7.727s] -- Installing: /home/future/Documents/pengyh/RobotAD_ws/install/keyboard_control/share/ament_index/resource_index/parent_prefix_path/keyboard_control
[7.728s] -- Installing: /home/future/Documents/pengyh/RobotAD_ws/install/keyboard_control/share/keyboard_control/environment/ament_prefix_path.sh
[7.728s] -- Installing: /home/future/Documents/pengyh/RobotAD_ws/install/keyboard_control/share/keyboard_control/environment/ament_prefix_path.dsv
[7.729s] -- Installing: /home/future/Documents/pengyh/RobotAD_ws/install/keyboard_control/share/keyboard_control/environment/path.sh
[7.729s] -- Installing: /home/future/Documents/pengyh/RobotAD_ws/install/keyboard_control/share/keyboard_control/environment/path.dsv
[7.729s] -- Installing: /home/future/Documents/pengyh/RobotAD_ws/install/keyboard_control/share/keyboard_control/local_setup.bash
[7.730s] -- Installing: /home/future/Documents/pengyh/RobotAD_ws/install/keyboard_control/share/keyboard_control/local_setup.sh
[7.732s] -- Installing: /home/future/Documents/pengyh/RobotAD_ws/install/keyboard_control/share/keyboard_control/local_setup.zsh
[7.735s] -- Installing: /home/future/Documents/pengyh/RobotAD_ws/install/keyboard_control/share/keyboard_control/local_setup.dsv
[7.735s] -- Installing: /home/future/Documents/pengyh/RobotAD_ws/install/keyboard_control/share/keyboard_control/package.dsv
[7.735s] -- Installing: /home/future/Documents/pengyh/RobotAD_ws/install/keyboard_control/share/ament_index/resource_index/packages/keyboard_control
[7.735s] -- Installing: /home/future/Documents/pengyh/RobotAD_ws/install/keyboard_control/share/keyboard_control/cmake/keyboard_controlConfig.cmake
[7.735s] -- Installing: /home/future/Documents/pengyh/RobotAD_ws/install/keyboard_control/share/keyboard_control/cmake/keyboard_controlConfig-version.cmake
[7.736s] -- Installing: /home/future/Documents/pengyh/RobotAD_ws/install/keyboard_control/share/keyboard_control/package.xml
[7.736s] Invoked command in '/home/future/Documents/pengyh/RobotAD_ws/build/keyboard_control' returned '0': CMAKE_PREFIX_PATH=/home/future/Documents/pengyh/RobotAD_ws/install/robot_hardware:/home/future/Documents/pengyh/RobotAD_ws/install/usb_camera:/home/future/Documents/pengyh/RobotAD_ws/install/serial_comm:/home/future/Documents/pengyh/RobotAD_ws/install/rslidar_sdk:/home/future/Documents/pengyh/RobotAD_ws/install/rslidar_msg:/home/future/Documents/pengyh/RobotAD_ws/install/robot_locate:/home/future/Documents/pengyh/RobotAD_ws/install/pointcloud_to_laserscan:/home/future/Documents/pengyh/RobotAD_ws/install/miiboo_imu:/home/future/Documents/pengyh/RobotAD_ws/install/keyboard_control:/home/future/Documents/pengyh/RobotAD_ws/install/diff_control:/home/future/Documents/VIW-FUSION/install/vins:/home/future/Documents/VIW-FUSION/install/loop_fusion:/home/future/Documents/VIW-FUSION/install/global_fusion:/home/future/Documents/VIW-FUSION/install/camera_models:/home/future/Documents/people_tracker/install/people_msgs:/home/future/Documents/people_tracker/install/leg_tracker_ros2:/home/future/Documents/Navigation/interface_ws/install/nav_interfaces:/opt/ros/humble LD_LIBRARY_PATH=/home/future/Documents/pengyh/RobotAD_ws/install/robot_hardware/lib:/home/future/Documents/pengyh/RobotAD_ws/install/rslidar_msg/lib:/home/future/Documents/pengyh/RobotAD_ws/install/pointcloud_to_laserscan/lib:/home/future/Documents/pengyh/RobotAD_ws/install/diff_control/lib:/home/future/Documents/VIW-FUSION/install/camera_models/lib:/home/future/Documents/people_tracker/install/people_msgs/lib:/home/future/Documents/people_tracker/install/leg_tracker_ros2/lib:/home/future/Documents/Navigation/interface_ws/install/nav_interfaces/lib:/usr/lib/x86_64-linux-gnu/gazebo-11/plugins:/opt/ros/humble/opt/rviz_ogre_vendor/lib:/opt/ros/humble/lib/x86_64-linux-gnu:/opt/ros/humble/lib:/usr/local/lib:/usr/local/lib /usr/bin/cmake --install /home/future/Documents/pengyh/RobotAD_ws/build/keyboard_control
