[0.018s] Invoking command in '/home/pengyh/documents/ros2_ws/RobotAD/build/robot_hardware': CMAKE_PREFIX_PATH=${CMAKE_PREFIX_PATH}:/opt/ros/humble CONDA_PROMPT_MODIFIER=(base) /usr/bin/cmake --build /home/pengyh/documents/ros2_ws/RobotAD/build/robot_hardware -- -j24 -l24
[0.048s] [  9%] Built target robot_hardware__rosidl_generator_c
[0.052s] [ 12%] Built target robot_hardware__cpp
[0.053s] [ 12%] Built target ament_cmake_python_symlink_robot_hardware
[0.064s] [ 21%] Built target robot_hardware__rosidl_typesupport_introspection_c
[0.065s] [ 31%] Built target robot_hardware__rosidl_typesupport_c
[0.065s] [ 41%] Built target robot_hardware__rosidl_typesupport_fastrtps_c
[0.069s] [ 51%] Built target robot_hardware__rosidl_typesupport_fastrtps_cpp
[0.069s] [ 60%] Built target robot_hardware__rosidl_typesupport_introspection_cpp
[0.069s] [ 70%] Built target robot_hardware__rosidl_typesupport_cpp
[0.081s] [ 70%] Built target robot_hardware
[0.088s] [ 75%] Built target hardware_manager
[0.094s] [ 78%] Built target robot_hardware__py
[0.110s] [ 85%] Built target robot_hardware__rosidl_generator_py
[0.121s] [ 90%] Built target robot_hardware__rosidl_typesupport_c__pyext
[0.122s] [ 95%] Built target robot_hardware__rosidl_typesupport_fastrtps_c__pyext
[0.124s] [100%] Built target robot_hardware__rosidl_typesupport_introspection_c__pyext
[0.226s] running egg_info
[0.240s] writing robot_hardware.egg-info/PKG-INFO
[0.240s] writing dependency_links to robot_hardware.egg-info/dependency_links.txt
[0.240s] writing top-level names to robot_hardware.egg-info/top_level.txt
[0.282s] reading manifest file 'robot_hardware.egg-info/SOURCES.txt'
[0.282s] writing manifest file 'robot_hardware.egg-info/SOURCES.txt'
[0.302s] [100%] Built target ament_cmake_python_build_robot_hardware_egg
