[  8%] [32mBuilding CXX object CMakeFiles/laserscan_to_pointcloud.dir/src/laserscan_to_pointcloud_node.cpp.o[0m
[ 16%] [32mBuilding CXX object CMakeFiles/laserscan_to_pointcloud_node.dir/rclcpp_components/node_main_laserscan_to_pointcloud_node.cpp.o[0m
[ 25%] [32mBuilding CXX object CMakeFiles/pointcloud_to_laserscan_node.dir/rclcpp_components/node_main_pointcloud_to_laserscan_node.cpp.o[0m
[ 33%] [32m[1mLinking CXX executable pointcloud_to_laserscan_node[0m
[ 33%] Built target pointcloud_to_laserscan_node
[ 41%] [32m[1mLinking CXX executable laserscan_to_pointcloud_node[0m
[ 41%] Built target laserscan_to_pointcloud_node
[ 50%] [32m[1mLinking CXX shared library liblaserscan_to_pointcloud.so[0m
[ 50%] Built target laserscan_to_pointcloud
[ 58%] [32mBuilding CXX object CMakeFiles/pointcloud_to_laserscan.dir/src/pointcloud_to_laserscan_node.cpp.o[0m
[ 66%] [32m[1mLinking CXX shared library libpointcloud_to_laserscan.so[0m
[ 66%] Built target pointcloud_to_laserscan
[ 75%] [32mBuilding CXX object CMakeFiles/dummy_pointcloud_publisher.dir/src/dummy_pointcloud_publisher.cpp.o[0m
[ 83%] [32mBuilding CXX object CMakeFiles/sub_laser_node.dir/src/sub_laser_node.cpp.o[0m
[ 91%] [32m[1mLinking CXX executable dummy_pointcloud_publisher[0m
[ 91%] Built target dummy_pointcloud_publisher
[100%] [32m[1mLinking CXX executable sub_laser_node[0m
[100%] Built target sub_laser_node
-- Install configuration: ""
-- Installing: /home/future/Documents/pengyh/RobotAD_ws/install/pointcloud_to_laserscan/lib/pointcloud_to_laserscan/laserscan_to_pointcloud_node
-- Set runtime path of "/home/future/Documents/pengyh/RobotAD_ws/install/pointcloud_to_laserscan/lib/pointcloud_to_laserscan/laserscan_to_pointcloud_node" to ""
-- Installing: /home/future/Documents/pengyh/RobotAD_ws/install/pointcloud_to_laserscan/lib/pointcloud_to_laserscan/pointcloud_to_laserscan_node
-- Set runtime path of "/home/future/Documents/pengyh/RobotAD_ws/install/pointcloud_to_laserscan/lib/pointcloud_to_laserscan/pointcloud_to_laserscan_node" to ""
-- Installing: /home/future/Documents/pengyh/RobotAD_ws/install/pointcloud_to_laserscan/include
-- Installing: /home/future/Documents/pengyh/RobotAD_ws/install/pointcloud_to_laserscan/include/pointcloud_to_laserscan
-- Installing: /home/future/Documents/pengyh/RobotAD_ws/install/pointcloud_to_laserscan/include/pointcloud_to_laserscan/pointcloud_to_laserscan_node.hpp
-- Installing: /home/future/Documents/pengyh/RobotAD_ws/install/pointcloud_to_laserscan/include/pointcloud_to_laserscan/laserscan_to_pointcloud_node.hpp
-- Installing: /home/future/Documents/pengyh/RobotAD_ws/install/pointcloud_to_laserscan/include/pointcloud_to_laserscan/visibility_control.h
-- Installing: /home/future/Documents/pengyh/RobotAD_ws/install/pointcloud_to_laserscan/share/pointcloud_to_laserscan/environment/library_path.sh
-- Installing: /home/future/Documents/pengyh/RobotAD_ws/install/pointcloud_to_laserscan/share/pointcloud_to_laserscan/environment/library_path.dsv
-- Installing: /home/future/Documents/pengyh/RobotAD_ws/install/pointcloud_to_laserscan/lib/liblaserscan_to_pointcloud.so
-- Set runtime path of "/home/future/Documents/pengyh/RobotAD_ws/install/pointcloud_to_laserscan/lib/liblaserscan_to_pointcloud.so" to ""
-- Installing: /home/future/Documents/pengyh/RobotAD_ws/install/pointcloud_to_laserscan/lib/libpointcloud_to_laserscan.so
-- Set runtime path of "/home/future/Documents/pengyh/RobotAD_ws/install/pointcloud_to_laserscan/lib/libpointcloud_to_laserscan.so" to ""
-- Installing: /home/future/Documents/pengyh/RobotAD_ws/install/pointcloud_to_laserscan/lib/pointcloud_to_laserscan/dummy_pointcloud_publisher
-- Set runtime path of "/home/future/Documents/pengyh/RobotAD_ws/install/pointcloud_to_laserscan/lib/pointcloud_to_laserscan/dummy_pointcloud_publisher" to ""
-- Installing: /home/future/Documents/pengyh/RobotAD_ws/install/pointcloud_to_laserscan/lib/pointcloud_to_laserscan/sub_laser_node
-- Set runtime path of "/home/future/Documents/pengyh/RobotAD_ws/install/pointcloud_to_laserscan/lib/pointcloud_to_laserscan/sub_laser_node" to ""
-- Installing: /home/future/Documents/pengyh/RobotAD_ws/install/pointcloud_to_laserscan/share/pointcloud_to_laserscan/launch
-- Installing: /home/future/Documents/pengyh/RobotAD_ws/install/pointcloud_to_laserscan/share/pointcloud_to_laserscan/launch/sample_pointcloud_to_laserscan_launch.py
-- Installing: /home/future/Documents/pengyh/RobotAD_ws/install/pointcloud_to_laserscan/share/pointcloud_to_laserscan/launch/sample_laserscan_to_pointcloud_launch.py
-- Installing: /home/future/Documents/pengyh/RobotAD_ws/install/pointcloud_to_laserscan/share/ament_index/resource_index/package_run_dependencies/pointcloud_to_laserscan
-- Installing: /home/future/Documents/pengyh/RobotAD_ws/install/pointcloud_to_laserscan/share/ament_index/resource_index/parent_prefix_path/pointcloud_to_laserscan
-- Installing: /home/future/Documents/pengyh/RobotAD_ws/install/pointcloud_to_laserscan/share/pointcloud_to_laserscan/environment/ament_prefix_path.sh
-- Installing: /home/future/Documents/pengyh/RobotAD_ws/install/pointcloud_to_laserscan/share/pointcloud_to_laserscan/environment/ament_prefix_path.dsv
-- Installing: /home/future/Documents/pengyh/RobotAD_ws/install/pointcloud_to_laserscan/share/pointcloud_to_laserscan/environment/path.sh
-- Installing: /home/future/Documents/pengyh/RobotAD_ws/install/pointcloud_to_laserscan/share/pointcloud_to_laserscan/environment/path.dsv
-- Installing: /home/future/Documents/pengyh/RobotAD_ws/install/pointcloud_to_laserscan/share/pointcloud_to_laserscan/local_setup.bash
-- Installing: /home/future/Documents/pengyh/RobotAD_ws/install/pointcloud_to_laserscan/share/pointcloud_to_laserscan/local_setup.sh
-- Installing: /home/future/Documents/pengyh/RobotAD_ws/install/pointcloud_to_laserscan/share/pointcloud_to_laserscan/local_setup.zsh
-- Installing: /home/future/Documents/pengyh/RobotAD_ws/install/pointcloud_to_laserscan/share/pointcloud_to_laserscan/local_setup.dsv
-- Installing: /home/future/Documents/pengyh/RobotAD_ws/install/pointcloud_to_laserscan/share/pointcloud_to_laserscan/package.dsv
-- Installing: /home/future/Documents/pengyh/RobotAD_ws/install/pointcloud_to_laserscan/share/ament_index/resource_index/packages/pointcloud_to_laserscan
-- Installing: /home/future/Documents/pengyh/RobotAD_ws/install/pointcloud_to_laserscan/share/ament_index/resource_index/rclcpp_components/pointcloud_to_laserscan
-- Installing: /home/future/Documents/pengyh/RobotAD_ws/install/pointcloud_to_laserscan/share/pointcloud_to_laserscan/cmake/ament_cmake_export_dependencies-extras.cmake
-- Installing: /home/future/Documents/pengyh/RobotAD_ws/install/pointcloud_to_laserscan/share/pointcloud_to_laserscan/cmake/ament_cmake_export_include_directories-extras.cmake
-- Installing: /home/future/Documents/pengyh/RobotAD_ws/install/pointcloud_to_laserscan/share/pointcloud_to_laserscan/cmake/ament_cmake_export_libraries-extras.cmake
-- Installing: /home/future/Documents/pengyh/RobotAD_ws/install/pointcloud_to_laserscan/share/pointcloud_to_laserscan/cmake/pointcloud_to_laserscanConfig.cmake
-- Installing: /home/future/Documents/pengyh/RobotAD_ws/install/pointcloud_to_laserscan/share/pointcloud_to_laserscan/cmake/pointcloud_to_laserscanConfig-version.cmake
-- Installing: /home/future/Documents/pengyh/RobotAD_ws/install/pointcloud_to_laserscan/share/pointcloud_to_laserscan/package.xml
