[0.026s] Invoking command in '/home/future/Documents/pengyh/RobotAD_ws/build/diff_control': CMAKE_PREFIX_PATH=${CMAKE_PREFIX_PATH}:/opt/ros/humble /usr/bin/cmake /home/future/Documents/pengyh/RobotAD_ws/src/diff_control -DCMAKE_INSTALL_PREFIX=/home/future/Documents/pengyh/RobotAD_ws/install/diff_control
[0.036s] -- Found ament_cmake: 1.3.10 (/opt/ros/humble/share/ament_cmake/cmake)
[0.188s] -- Found hardware_interface: 2.43.1 (/opt/ros/humble/share/hardware_interface/cmake)
[0.243s] -- Found rosidl_generator_c: 3.1.5 (/opt/ros/humble/share/rosidl_generator_c/cmake)
[0.247s] -- Found rosidl_adapter: 3.1.5 (/opt/ros/humble/share/rosidl_adapter/cmake)
[0.259s] -- Found rosidl_generator_cpp: 3.1.5 (/opt/ros/humble/share/rosidl_generator_cpp/cmake)
[0.283s] -- Using all available rosidl_typesupport_c: rosidl_typesupport_fastrtps_c;rosidl_typesupport_introspection_c
[0.313s] -- Using all available rosidl_typesupport_cpp: rosidl_typesupport_fastrtps_cpp;rosidl_typesupport_introspection_cpp
[0.724s] -- Found rmw_implementation_cmake: 6.1.2 (/opt/ros/humble/share/rmw_implementation_cmake/cmake)
[0.726s] -- Found rmw_fastrtps_cpp: 6.2.7 (/opt/ros/humble/share/rmw_fastrtps_cpp/cmake)
[0.748s] -- Found TinyXML2 via Config file: TinyXML2_DIR-NOTFOUND
[0.762s] -- Found TinyXML2 via Config file: TinyXML2_DIR-NOTFOUND
[0.782s] -- Found TinyXML2 via Config file: TinyXML2_DIR-NOTFOUND
[0.793s] -- Found TinyXML2 via Config file: TinyXML2_DIR-NOTFOUND
[0.807s] -- Using RMW implementation 'rmw_fastrtps_cpp' as default
[0.870s] -- Found nav_interfaces: 0.0.0 (/home/future/Documents/Navigation/interface_ws/install/nav_interfaces/share/nav_interfaces/cmake)
[0.879s] -- Found rclcpp_components: 16.0.10 (/opt/ros/humble/share/rclcpp_components/cmake)
[0.901s] -- Found serial: 1.2.1 (/usr/local/share/serial/cmake)
[0.902s] -- Found robot_hardware: 0.0.1 (/home/future/Documents/pengyh/RobotAD_ws/install/robot_hardware/share/robot_hardware/cmake)
[0.929s] -- Found ament_cmake_pytest: 1.3.10 (/opt/ros/humble/share/ament_cmake_pytest/cmake)
[2.474s] -- Configuring done
[2.503s] -- Generating done
[2.508s] -- Build files have been written to: /home/future/Documents/pengyh/RobotAD_ws/build/diff_control
[2.520s] Invoked command in '/home/future/Documents/pengyh/RobotAD_ws/build/diff_control' returned '0': CMAKE_PREFIX_PATH=${CMAKE_PREFIX_PATH}:/opt/ros/humble /usr/bin/cmake /home/future/Documents/pengyh/RobotAD_ws/src/diff_control -DCMAKE_INSTALL_PREFIX=/home/future/Documents/pengyh/RobotAD_ws/install/diff_control
[2.523s] Invoking command in '/home/future/Documents/pengyh/RobotAD_ws/build/diff_control': CMAKE_PREFIX_PATH=${CMAKE_PREFIX_PATH}:/opt/ros/humble /usr/bin/cmake --build /home/future/Documents/pengyh/RobotAD_ws/build/diff_control -- -j24 -l24
[2.604s] [ 50%] [32mBuilding CXX object CMakeFiles/diff_control.dir/hardware/diffbot_system.cpp.o[0m
[6.905s] [100%] [32m[1mLinking CXX shared library libdiff_control.so[0m
[7.121s] [100%] Built target diff_control
[7.138s] Invoked command in '/home/future/Documents/pengyh/RobotAD_ws/build/diff_control' returned '0': CMAKE_PREFIX_PATH=${CMAKE_PREFIX_PATH}:/opt/ros/humble /usr/bin/cmake --build /home/future/Documents/pengyh/RobotAD_ws/build/diff_control -- -j24 -l24
[7.142s] Invoking command in '/home/future/Documents/pengyh/RobotAD_ws/build/diff_control': CMAKE_PREFIX_PATH=${CMAKE_PREFIX_PATH}:/opt/ros/humble /usr/bin/cmake --install /home/future/Documents/pengyh/RobotAD_ws/build/diff_control
[7.152s] -- Install configuration: ""
[7.153s] -- Installing: /home/future/Documents/pengyh/RobotAD_ws/install/diff_control/share/diff_control/diff_control.xml
[7.154s] -- Installing: /home/future/Documents/pengyh/RobotAD_ws/install/diff_control/share/diff_control/world
[7.154s] -- Installing: /home/future/Documents/pengyh/RobotAD_ws/install/diff_control/share/diff_control/world/sim_world.sdf
[7.154s] -- Installing: /home/future/Documents/pengyh/RobotAD_ws/install/diff_control/share/diff_control/world/sim_world_2.sdf
[7.154s] -- Installing: /home/future/Documents/pengyh/RobotAD_ws/install/diff_control/share/diff_control/world/sim_world2.sdf
[7.154s] -- Installing: /home/future/Documents/pengyh/RobotAD_ws/install/diff_control/share/diff_control/world/obstacles.world
[7.154s] -- Installing: /home/future/Documents/pengyh/RobotAD_ws/install/diff_control/include/diff_control
[7.154s] -- Installing: /home/future/Documents/pengyh/RobotAD_ws/install/diff_control/include/diff_control/diff_control
[7.154s] -- Installing: /home/future/Documents/pengyh/RobotAD_ws/install/diff_control/include/diff_control/diff_control/wheel.hpp
[7.154s] -- Installing: /home/future/Documents/pengyh/RobotAD_ws/install/diff_control/include/diff_control/diff_control/serial_bridge.hpp
[7.154s] -- Installing: /home/future/Documents/pengyh/RobotAD_ws/install/diff_control/include/diff_control/diff_control/diffbot_system.hpp
[7.154s] -- Installing: /home/future/Documents/pengyh/RobotAD_ws/install/diff_control/include/diff_control/diff_control/visibility_control.h
[7.154s] -- Installing: /home/future/Documents/pengyh/RobotAD_ws/install/diff_control/share/diff_control/launch
[7.154s] -- Installing: /home/future/Documents/pengyh/RobotAD_ws/install/diff_control/share/diff_control/launch/view_robot.launch.py
[7.154s] -- Installing: /home/future/Documents/pengyh/RobotAD_ws/install/diff_control/share/diff_control/ros2_control
[7.155s] -- Installing: /home/future/Documents/pengyh/RobotAD_ws/install/diff_control/share/diff_control/ros2_control/old
[7.155s] -- Installing: /home/future/Documents/pengyh/RobotAD_ws/install/diff_control/share/diff_control/ros2_control/old/diffbot_model.urdf.xacro
[7.155s] -- Installing: /home/future/Documents/pengyh/RobotAD_ws/install/diff_control/share/diff_control/ros2_control/old/diffbot2_model.urdf.xacro
[7.155s] -- Installing: /home/future/Documents/pengyh/RobotAD_ws/install/diff_control/share/diff_control/ros2_control/diffbot.materials.xacro
[7.155s] -- Installing: /home/future/Documents/pengyh/RobotAD_ws/install/diff_control/share/diff_control/ros2_control/diffbot_model_our.urdf.xacro
[7.155s] -- Installing: /home/future/Documents/pengyh/RobotAD_ws/install/diff_control/share/diff_control/ros2_control/inertial_macros.xacro
[7.155s] -- Installing: /home/future/Documents/pengyh/RobotAD_ws/install/diff_control/share/diff_control/ros2_control/diffbot.ros2_control.xacro
[7.156s] -- Installing: /home/future/Documents/pengyh/RobotAD_ws/install/diff_control/share/diff_control/ros2_control/lidar.xacro
[7.156s] -- Installing: /home/future/Documents/pengyh/RobotAD_ws/install/diff_control/share/diff_control/urdf
[7.156s] -- Installing: /home/future/Documents/pengyh/RobotAD_ws/install/diff_control/share/diff_control/urdf/diffbot.urdf.xacro
[7.156s] -- Up-to-date: /home/future/Documents/pengyh/RobotAD_ws/install/diff_control/share/diff_control/launch
[7.156s] -- Installing: /home/future/Documents/pengyh/RobotAD_ws/install/diff_control/share/diff_control/launch/diffbot_sim.launch.py
[7.156s] -- Installing: /home/future/Documents/pengyh/RobotAD_ws/install/diff_control/share/diff_control/launch/diffbot.launch.py
[7.156s] -- Installing: /home/future/Documents/pengyh/RobotAD_ws/install/diff_control/share/diff_control/config
[7.156s] -- Installing: /home/future/Documents/pengyh/RobotAD_ws/install/diff_control/share/diff_control/config/gazebo_params.yaml
[7.156s] -- Installing: /home/future/Documents/pengyh/RobotAD_ws/install/diff_control/share/diff_control/config/mapper_params_online_async.yaml
[7.156s] -- Installing: /home/future/Documents/pengyh/RobotAD_ws/install/diff_control/share/diff_control/config/diffbot_controllers.yaml
[7.156s] -- Installing: /home/future/Documents/pengyh/RobotAD_ws/install/diff_control/share/diff_control/config/urdf.rviz
[7.156s] -- Installing: /home/future/Documents/pengyh/RobotAD_ws/install/diff_control/share/diff_control/config/gazebo_use_sim_control.yaml
[7.156s] -- Installing: /home/future/Documents/pengyh/RobotAD_ws/install/diff_control/share/diff_control/config/urdf.rviz.old
[7.156s] -- Installing: /home/future/Documents/pengyh/RobotAD_ws/install/diff_control/lib/libdiff_control.so
[7.156s] -- Set runtime path of "/home/future/Documents/pengyh/RobotAD_ws/install/diff_control/lib/libdiff_control.so" to ""
[7.157s] -- Installing: /home/future/Documents/pengyh/RobotAD_ws/install/diff_control/share/diff_control/environment/library_path.sh
[7.157s] -- Installing: /home/future/Documents/pengyh/RobotAD_ws/install/diff_control/share/diff_control/environment/library_path.dsv
[7.157s] -- Installing: /home/future/Documents/pengyh/RobotAD_ws/install/diff_control/share/ament_index/resource_index/package_run_dependencies/diff_control
[7.157s] -- Installing: /home/future/Documents/pengyh/RobotAD_ws/install/diff_control/share/ament_index/resource_index/parent_prefix_path/diff_control
[7.157s] -- Installing: /home/future/Documents/pengyh/RobotAD_ws/install/diff_control/share/diff_control/environment/ament_prefix_path.sh
[7.157s] -- Installing: /home/future/Documents/pengyh/RobotAD_ws/install/diff_control/share/diff_control/environment/ament_prefix_path.dsv
[7.157s] -- Installing: /home/future/Documents/pengyh/RobotAD_ws/install/diff_control/share/diff_control/environment/path.sh
[7.157s] -- Installing: /home/future/Documents/pengyh/RobotAD_ws/install/diff_control/share/diff_control/environment/path.dsv
[7.157s] -- Installing: /home/future/Documents/pengyh/RobotAD_ws/install/diff_control/share/diff_control/local_setup.bash
[7.157s] -- Installing: /home/future/Documents/pengyh/RobotAD_ws/install/diff_control/share/diff_control/local_setup.sh
[7.157s] -- Installing: /home/future/Documents/pengyh/RobotAD_ws/install/diff_control/share/diff_control/local_setup.zsh
[7.157s] -- Installing: /home/future/Documents/pengyh/RobotAD_ws/install/diff_control/share/diff_control/local_setup.dsv
[7.157s] -- Installing: /home/future/Documents/pengyh/RobotAD_ws/install/diff_control/share/diff_control/package.dsv
[7.157s] -- Installing: /home/future/Documents/pengyh/RobotAD_ws/install/diff_control/share/ament_index/resource_index/packages/diff_control
[7.157s] -- Installing: /home/future/Documents/pengyh/RobotAD_ws/install/diff_control/share/ament_index/resource_index/hardware_interface__pluginlib__plugin/diff_control
[7.157s] -- Installing: /home/future/Documents/pengyh/RobotAD_ws/install/diff_control/share/diff_control/cmake/export_diff_controlExport.cmake
[7.157s] -- Installing: /home/future/Documents/pengyh/RobotAD_ws/install/diff_control/share/diff_control/cmake/export_diff_controlExport-noconfig.cmake
[7.157s] -- Installing: /home/future/Documents/pengyh/RobotAD_ws/install/diff_control/share/diff_control/cmake/ament_cmake_export_targets-extras.cmake
[7.158s] -- Installing: /home/future/Documents/pengyh/RobotAD_ws/install/diff_control/share/diff_control/cmake/ament_cmake_export_dependencies-extras.cmake
[7.158s] -- Installing: /home/future/Documents/pengyh/RobotAD_ws/install/diff_control/share/diff_control/cmake/diff_controlConfig.cmake
[7.158s] -- Installing: /home/future/Documents/pengyh/RobotAD_ws/install/diff_control/share/diff_control/cmake/diff_controlConfig-version.cmake
[7.158s] -- Installing: /home/future/Documents/pengyh/RobotAD_ws/install/diff_control/share/diff_control/package.xml
[7.160s] Invoked command in '/home/future/Documents/pengyh/RobotAD_ws/build/diff_control' returned '0': CMAKE_PREFIX_PATH=${CMAKE_PREFIX_PATH}:/opt/ros/humble /usr/bin/cmake --install /home/future/Documents/pengyh/RobotAD_ws/build/diff_control
