[0.026s] Invoking command in '/home/future/Documents/pengyh/RobotAD_ws/build/keyboard_control': CMAKE_PREFIX_PATH=/home/future/Documents/pengyh/RobotAD_ws/install/robot_hardware:/home/future/Documents/pengyh/RobotAD_ws/install/pointcloud_to_laserscan:/home/future/Documents/pengyh/RobotAD_ws/install/usb_camera:/home/future/Documents/pengyh/RobotAD_ws/install/serial_comm:/home/future/Documents/pengyh/RobotAD_ws/install/rslidar_sdk:/home/future/Documents/pengyh/RobotAD_ws/install/rslidar_msg:/home/future/Documents/pengyh/RobotAD_ws/install/robot_locate:/home/future/Documents/pengyh/RobotAD_ws/install/miiboo_imu:/home/future/Documents/pengyh/RobotAD_ws/install/keyboard_control:/home/future/Documents/pengyh/RobotAD_ws/install/diff_control:/home/future/Documents/VIW-FUSION/install/vins:/home/future/Documents/VIW-FUSION/install/loop_fusion:/home/future/Documents/VIW-FUSION/install/global_fusion:/home/future/Documents/VIW-FUSION/install/camera_models:/home/future/Documents/people_tracker/install/people_msgs:/home/future/Documents/people_tracker/install/leg_tracker_ros2:/home/future/Documents/Navigation/interface_ws/install/nav_interfaces:/opt/ros/humble LD_LIBRARY_PATH=/home/future/Documents/pengyh/RobotAD_ws/install/robot_hardware/lib:/home/future/Documents/pengyh/RobotAD_ws/install/pointcloud_to_laserscan/lib:/home/future/Documents/pengyh/RobotAD_ws/install/rslidar_msg/lib:/home/future/Documents/pengyh/RobotAD_ws/install/diff_control/lib:/home/future/Documents/VIW-FUSION/install/camera_models/lib:/home/future/Documents/people_tracker/install/people_msgs/lib:/home/future/Documents/people_tracker/install/leg_tracker_ros2/lib:/home/future/Documents/Navigation/interface_ws/install/nav_interfaces/lib:/usr/lib/x86_64-linux-gnu/gazebo-11/plugins:/opt/ros/humble/opt/rviz_ogre_vendor/lib:/opt/ros/humble/lib/x86_64-linux-gnu:/opt/ros/humble/lib:/usr/local/lib:/usr/local/lib /usr/bin/cmake --build /home/future/Documents/pengyh/RobotAD_ws/build/keyboard_control -- -j24 -l24
[0.078s] [35m[1mConsolidate compiler generated dependencies of target keyboard_control_node[0m
[0.096s] [ 50%] [32mBuilding CXX object CMakeFiles/keyboard_control_node.dir/src/keyboard_control_node.cpp.o[0m
[0.107s] [01m[K/home/future/Documents/pengyh/RobotAD_ws/src/keyboard_control/src/keyboard_control_node.cpp:8:26:[m[K [01;35m[Kwarning: [m[Kcharacter constant too long for its type
[0.107s]     8 |         super().__init__([01;35m[K'keyboard_control'[m[K)
[0.107s]       |                          [01;35m[K^~~~~~~~~~~~~~~~~~[m[K
[0.107s] [01m[K/home/future/Documents/pengyh/RobotAD_ws/src/keyboard_control/src/keyboard_control_node.cpp:9:56:[m[K [01;35m[Kwarning: [m[Kcharacter constant too long for its type
[0.109s]     9 |         self.publisher_ = self.create_publisher(Twist, [01;35m[K'/diffbot_base_controller/cmd_vel_unstamped'[m[K, 10)
[0.110s]       |                                                        [01;35m[K^~~~~~~~~~~~~~~~~~~~~~~~~~~~~~~~~~~~~~~~~~~~[m[K
[0.112s] [01m[K/home/future/Documents/pengyh/RobotAD_ws/src/keyboard_control/src/keyboard_control_node.cpp:14:11:[m[K [01;31m[Kerror: [m[Kinvalid preprocessing directive #\U000083b7\U000053d6\U0000952e\U000076d8\U00008f93\U00005165\U00005e76\U00008bbe\U00007f6e\U0000901f\U00005ea6
[0.112s]    14 |         # [01;31m[K获取键盘输入并设置速度[m[K
[0.112s]       |           [01;31m[K^~~~~~~~~~~~~~~~~~~~~~[m[K
[0.113s] [01m[K/home/future/Documents/pengyh/RobotAD_ws/src/keyboard_control/src/keyboard_control_node.cpp:16:44:[m[K [01;31m[Kerror: [m[Kstray ‘[01m[K#[m[K’ in program
[0.113s]    16 |             self.twist_msg.linear.x = 0.5  [01;31m[K#[m[K 向前移动
[0.113s]       |                                            [01;31m[K^[m[K
[0.113s] [01m[K/home/future/Documents/pengyh/RobotAD_ws/src/keyboard_control/src/keyboard_control_node.cpp:18:45:[m[K [01;31m[Kerror: [m[Kstray ‘[01m[K#[m[K’ in program
[0.113s]    18 |             self.twist_msg.linear.x = -0.5  [01;31m[K#[m[K 向后移动
[0.113s]       |                                             [01;31m[K^[m[K
[0.114s] [01m[K/home/future/Documents/pengyh/RobotAD_ws/src/keyboard_control/src/keyboard_control_node.cpp:20:44:[m[K [01;31m[Kerror: [m[Kstray ‘[01m[K#[m[K’ in program
[0.114s]    20 |             self.twist_msg.linear.x = 0.0  [01;31m[K#[m[K 停止
[0.114s]       |                                            [01;31m[K^[m[K
[0.114s] [01m[K/home/future/Documents/pengyh/RobotAD_ws/src/keyboard_control/src/keyboard_control_node.cpp:23:45:[m[K [01;31m[Kerror: [m[Kstray ‘[01m[K#[m[K’ in program
[0.114s]    23 |             self.twist_msg.angular.z = 0.5  [01;31m[K#[m[K 向左转
[0.114s]       |                                             [01;31m[K^[m[K
[0.115s] [01m[K/home/future/Documents/pengyh/RobotAD_ws/src/keyboard_control/src/keyboard_control_node.cpp:25:46:[m[K [01;31m[Kerror: [m[Kstray ‘[01m[K#[m[K’ in program
[0.115s]    25 |             self.twist_msg.angular.z = -0.5  [01;31m[K#[m[K 向右转
[0.115s]       |                                              [01;31m[K^[m[K
[0.116s] [01m[K/home/future/Documents/pengyh/RobotAD_ws/src/keyboard_control/src/keyboard_control_node.cpp:27:45:[m[K [01;31m[Kerror: [m[Kstray ‘[01m[K#[m[K’ in program
[0.117s]    27 |             self.twist_msg.angular.z = 0.0  [01;31m[K#[m[K 停止旋转
[0.117s]       |                                             [01;31m[K^[m[K
[0.117s] [01m[K/home/future/Documents/pengyh/RobotAD_ws/src/keyboard_control/src/keyboard_control_node.cpp:29:11:[m[K [01;31m[Kerror: [m[Kinvalid preprocessing directive #\U000053d1\U00005e03\U0000901f\U00005ea6\U0000547d\U00004ee4
[0.117s]    29 |         # [01;31m[K发布速度命令[m[K
[0.117s]       |           [01;31m[K^~~~~~~~~~~~[m[K
[0.118s] [01m[K/home/future/Documents/pengyh/RobotAD_ws/src/keyboard_control/src/keyboard_control_node.cpp:38:16:[m[K [01;35m[Kwarning: [m[Kcharacter constant too long for its type
[0.118s]    38 | if __name__ == [01;35m[K'__main__'[m[K:
[0.118s]       |                [01;35m[K^~~~~~~~~~[m[K
[0.118s] [01m[K/home/future/Documents/pengyh/RobotAD_ws/src/keyboard_control/src/keyboard_control_node.cpp:1:1:[m[K [01;31m[Kerror: [m[K‘[01m[Kimport[m[K’ does not name a type
[0.118s]     1 | [01;31m[Kimport[m[K rclpy
[0.118s]       | [01;31m[K^~~~~~[m[K
[0.118s] [01m[K/home/future/Documents/pengyh/RobotAD_ws/src/keyboard_control/src/keyboard_control_node.cpp:1:1:[m[K [01;36m[Knote: [m[KC++20 ‘[01m[Kimport[m[K’ only available with ‘[01m[K-fmodules-ts[m[K’
[0.118s] gmake[2]: *** [CMakeFiles/keyboard_control_node.dir/build.make:76: CMakeFiles/keyboard_control_node.dir/src/keyboard_control_node.cpp.o] Error 1
[0.118s] gmake[1]: *** [CMakeFiles/Makefile2:137: CMakeFiles/keyboard_control_node.dir/all] Error 2
[0.118s] gmake: *** [Makefile:146: all] Error 2
[0.119s] Invoked command in '/home/future/Documents/pengyh/RobotAD_ws/build/keyboard_control' returned '2': CMAKE_PREFIX_PATH=/home/future/Documents/pengyh/RobotAD_ws/install/robot_hardware:/home/future/Documents/pengyh/RobotAD_ws/install/pointcloud_to_laserscan:/home/future/Documents/pengyh/RobotAD_ws/install/usb_camera:/home/future/Documents/pengyh/RobotAD_ws/install/serial_comm:/home/future/Documents/pengyh/RobotAD_ws/install/rslidar_sdk:/home/future/Documents/pengyh/RobotAD_ws/install/rslidar_msg:/home/future/Documents/pengyh/RobotAD_ws/install/robot_locate:/home/future/Documents/pengyh/RobotAD_ws/install/miiboo_imu:/home/future/Documents/pengyh/RobotAD_ws/install/keyboard_control:/home/future/Documents/pengyh/RobotAD_ws/install/diff_control:/home/future/Documents/VIW-FUSION/install/vins:/home/future/Documents/VIW-FUSION/install/loop_fusion:/home/future/Documents/VIW-FUSION/install/global_fusion:/home/future/Documents/VIW-FUSION/install/camera_models:/home/future/Documents/people_tracker/install/people_msgs:/home/future/Documents/people_tracker/install/leg_tracker_ros2:/home/future/Documents/Navigation/interface_ws/install/nav_interfaces:/opt/ros/humble LD_LIBRARY_PATH=/home/future/Documents/pengyh/RobotAD_ws/install/robot_hardware/lib:/home/future/Documents/pengyh/RobotAD_ws/install/pointcloud_to_laserscan/lib:/home/future/Documents/pengyh/RobotAD_ws/install/rslidar_msg/lib:/home/future/Documents/pengyh/RobotAD_ws/install/diff_control/lib:/home/future/Documents/VIW-FUSION/install/camera_models/lib:/home/future/Documents/people_tracker/install/people_msgs/lib:/home/future/Documents/people_tracker/install/leg_tracker_ros2/lib:/home/future/Documents/Navigation/interface_ws/install/nav_interfaces/lib:/usr/lib/x86_64-linux-gnu/gazebo-11/plugins:/opt/ros/humble/opt/rviz_ogre_vendor/lib:/opt/ros/humble/lib/x86_64-linux-gnu:/opt/ros/humble/lib:/usr/local/lib:/usr/local/lib /usr/bin/cmake --build /home/future/Documents/pengyh/RobotAD_ws/build/keyboard_control -- -j24 -l24
