[0.023s] Invoking command in '/home/pengyh/documents/ros2_ws/RobotAD/build/nuscenes_data_collector': CMAKE_PREFIX_PATH=${CMAKE_PREFIX_PATH}:/opt/ros/humble /usr/bin/cmake --build /home/pengyh/documents/ros2_ws/RobotAD/build/nuscenes_data_collector -- -j24 -l24
[0.056s] [35m[1mConsolidate compiler generated dependencies of target nuscenes_data_collector_node[0m
[0.080s] [ 50%] Built target nuscenes_data_collector_issac_node
[0.085s] [ 75%] [32mBuilding CXX object CMakeFiles/nuscenes_data_collector_node.dir/src/nuscenes_data_collector.cpp.o[0m
[12.736s] [100%] [32m[1mLinking CXX executable nuscenes_data_collector_node[0m
[13.845s] [100%] Built target nuscenes_data_collector_node
[13.856s] Invoked command in '/home/pengyh/documents/ros2_ws/RobotAD/build/nuscenes_data_collector' returned '0': CMAKE_PREFIX_PATH=${CMAKE_PREFIX_PATH}:/opt/ros/humble /usr/bin/cmake --build /home/pengyh/documents/ros2_ws/RobotAD/build/nuscenes_data_collector -- -j24 -l24
[13.857s] Invoking command in '/home/pengyh/documents/ros2_ws/RobotAD/build/nuscenes_data_collector': CMAKE_PREFIX_PATH=${CMAKE_PREFIX_PATH}:/opt/ros/humble /usr/bin/cmake --install /home/pengyh/documents/ros2_ws/RobotAD/build/nuscenes_data_collector
[13.862s] -- Install configuration: ""
[13.863s] -- Execute custom install script
[13.863s] -- Up-to-date symlink: /home/pengyh/documents/ros2_ws/RobotAD/install/nuscenes_data_collector/share/nuscenes_data_collector/config/nuscenes_data_collector_params.yaml
[13.863s] -- Up-to-date symlink: /home/pengyh/documents/ros2_ws/RobotAD/install/nuscenes_data_collector/share/nuscenes_data_collector/config/rviz_config.rviz
[13.863s] -- Up-to-date symlink: /home/pengyh/documents/ros2_ws/RobotAD/install/nuscenes_data_collector/share/nuscenes_data_collector/config/rviz_config_backup_six_cam.rviz
[13.863s] -- Up-to-date symlink: /home/pengyh/documents/ros2_ws/RobotAD/install/nuscenes_data_collector/lib/nuscenes_data_collector/nuscenes_data_collector_node
[13.863s] -- Up-to-date symlink: /home/pengyh/documents/ros2_ws/RobotAD/install/nuscenes_data_collector/lib/nuscenes_data_collector/nuscenes_data_collector_issac_node
[13.863s] -- Up-to-date symlink: /home/pengyh/documents/ros2_ws/RobotAD/install/nuscenes_data_collector/share/ament_index/resource_index/package_run_dependencies/nuscenes_data_collector
[13.863s] -- Up-to-date symlink: /home/pengyh/documents/ros2_ws/RobotAD/install/nuscenes_data_collector/share/ament_index/resource_index/parent_prefix_path/nuscenes_data_collector
[13.863s] -- Up-to-date symlink: /home/pengyh/documents/ros2_ws/RobotAD/install/nuscenes_data_collector/share/nuscenes_data_collector/environment/ament_prefix_path.sh
[13.863s] -- Up-to-date symlink: /home/pengyh/documents/ros2_ws/RobotAD/install/nuscenes_data_collector/share/nuscenes_data_collector/environment/ament_prefix_path.dsv
[13.864s] -- Up-to-date symlink: /home/pengyh/documents/ros2_ws/RobotAD/install/nuscenes_data_collector/share/nuscenes_data_collector/environment/path.sh
[13.864s] -- Up-to-date symlink: /home/pengyh/documents/ros2_ws/RobotAD/install/nuscenes_data_collector/share/nuscenes_data_collector/environment/path.dsv
[13.864s] -- Up-to-date symlink: /home/pengyh/documents/ros2_ws/RobotAD/install/nuscenes_data_collector/share/nuscenes_data_collector/local_setup.bash
[13.864s] -- Up-to-date symlink: /home/pengyh/documents/ros2_ws/RobotAD/install/nuscenes_data_collector/share/nuscenes_data_collector/local_setup.sh
[13.864s] -- Up-to-date symlink: /home/pengyh/documents/ros2_ws/RobotAD/install/nuscenes_data_collector/share/nuscenes_data_collector/local_setup.zsh
[13.864s] -- Up-to-date symlink: /home/pengyh/documents/ros2_ws/RobotAD/install/nuscenes_data_collector/share/nuscenes_data_collector/local_setup.dsv
[13.864s] -- Symlinking: /home/pengyh/documents/ros2_ws/RobotAD/install/nuscenes_data_collector/share/nuscenes_data_collector/package.dsv
[13.869s] -- Up-to-date symlink: /home/pengyh/documents/ros2_ws/RobotAD/install/nuscenes_data_collector/share/ament_index/resource_index/packages/nuscenes_data_collector
[13.870s] -- Up-to-date symlink: /home/pengyh/documents/ros2_ws/RobotAD/install/nuscenes_data_collector/share/nuscenes_data_collector/cmake/nuscenes_data_collectorConfig.cmake
[13.870s] -- Up-to-date symlink: /home/pengyh/documents/ros2_ws/RobotAD/install/nuscenes_data_collector/share/nuscenes_data_collector/cmake/nuscenes_data_collectorConfig-version.cmake
[13.870s] -- Up-to-date symlink: /home/pengyh/documents/ros2_ws/RobotAD/install/nuscenes_data_collector/share/nuscenes_data_collector/package.xml
[13.871s] Invoked command in '/home/pengyh/documents/ros2_ws/RobotAD/build/nuscenes_data_collector' returned '0': CMAKE_PREFIX_PATH=${CMAKE_PREFIX_PATH}:/opt/ros/humble /usr/bin/cmake --install /home/pengyh/documents/ros2_ws/RobotAD/build/nuscenes_data_collector
