[0.020s] Invoking command in '/home/pengyh/documents/ros2_ws/RobotAD/build/serial_comm': CMAKE_PREFIX_PATH=/home/pengyh/documents/ros2_ws/RobotAD/install/robot_hardware:/usr/local/lib:/home/pengyh/documents/ros2_ws/RobotAD/install/serial_comm:/home/pengyh/documents/ros2_ws/RobotAD/install/rslidar_sdk:/home/pengyh/documents/ros2_ws/RobotAD/install/rslidar_msg:/home/pengyh/documents/ros2_ws/RobotAD/install/robot_locate:/home/pengyh/documents/ros2_ws/RobotAD/install/pointcloud_to_laserscan:/home/pengyh/documents/ros2_ws/RobotAD/install/miiboo_imu:/home/pengyh/documents/ros2_ws/RobotAD/install/keyboard_control:/home/pengyh/documents/ros2_ws/RobotAD/install/diff_control:/opt/ros/humble CONDA_PROMPT_MODIFIER=(base) LD_LIBRARY_PATH=/home/pengyh/documents/ros2_ws/RobotAD/install/robot_hardware/lib:/usr/lib/x86_64-linux-gnu /usr/bin/cmake --build /home/pengyh/documents/ros2_ws/RobotAD/build/serial_comm -- -j24 -l24
[0.054s] [100%] Built target serial_node
[0.060s] Invoked command in '/home/pengyh/documents/ros2_ws/RobotAD/build/serial_comm' returned '0': CMAKE_PREFIX_PATH=/home/pengyh/documents/ros2_ws/RobotAD/install/robot_hardware:/usr/local/lib:/home/pengyh/documents/ros2_ws/RobotAD/install/serial_comm:/home/pengyh/documents/ros2_ws/RobotAD/install/rslidar_sdk:/home/pengyh/documents/ros2_ws/RobotAD/install/rslidar_msg:/home/pengyh/documents/ros2_ws/RobotAD/install/robot_locate:/home/pengyh/documents/ros2_ws/RobotAD/install/pointcloud_to_laserscan:/home/pengyh/documents/ros2_ws/RobotAD/install/miiboo_imu:/home/pengyh/documents/ros2_ws/RobotAD/install/keyboard_control:/home/pengyh/documents/ros2_ws/RobotAD/install/diff_control:/opt/ros/humble CONDA_PROMPT_MODIFIER=(base) LD_LIBRARY_PATH=/home/pengyh/documents/ros2_ws/RobotAD/install/robot_hardware/lib:/usr/lib/x86_64-linux-gnu /usr/bin/cmake --build /home/pengyh/documents/ros2_ws/RobotAD/build/serial_comm -- -j24 -l24
[0.061s] Invoking command in '/home/pengyh/documents/ros2_ws/RobotAD/build/serial_comm': CMAKE_PREFIX_PATH=/home/pengyh/documents/ros2_ws/RobotAD/install/robot_hardware:/usr/local/lib:/home/pengyh/documents/ros2_ws/RobotAD/install/serial_comm:/home/pengyh/documents/ros2_ws/RobotAD/install/rslidar_sdk:/home/pengyh/documents/ros2_ws/RobotAD/install/rslidar_msg:/home/pengyh/documents/ros2_ws/RobotAD/install/robot_locate:/home/pengyh/documents/ros2_ws/RobotAD/install/pointcloud_to_laserscan:/home/pengyh/documents/ros2_ws/RobotAD/install/miiboo_imu:/home/pengyh/documents/ros2_ws/RobotAD/install/keyboard_control:/home/pengyh/documents/ros2_ws/RobotAD/install/diff_control:/opt/ros/humble CONDA_PROMPT_MODIFIER=(base) LD_LIBRARY_PATH=/home/pengyh/documents/ros2_ws/RobotAD/install/robot_hardware/lib:/usr/lib/x86_64-linux-gnu /usr/bin/cmake --install /home/pengyh/documents/ros2_ws/RobotAD/build/serial_comm
[0.065s] -- Install configuration: ""
[0.065s] -- Execute custom install script
[0.065s] -- Up-to-date symlink: /home/pengyh/documents/ros2_ws/RobotAD/install/serial_comm/lib/serial_comm/serial_node
[0.065s] -- Up-to-date symlink: /home/pengyh/documents/ros2_ws/RobotAD/install/serial_comm/share/serial_comm/launch/serial_comm.launch.py
[0.066s] -- Up-to-date symlink: /home/pengyh/documents/ros2_ws/RobotAD/install/serial_comm/share/ament_index/resource_index/package_run_dependencies/serial_comm
[0.066s] -- Up-to-date symlink: /home/pengyh/documents/ros2_ws/RobotAD/install/serial_comm/share/ament_index/resource_index/parent_prefix_path/serial_comm
[0.066s] -- Up-to-date symlink: /home/pengyh/documents/ros2_ws/RobotAD/install/serial_comm/share/serial_comm/environment/ament_prefix_path.sh
[0.066s] -- Up-to-date symlink: /home/pengyh/documents/ros2_ws/RobotAD/install/serial_comm/share/serial_comm/environment/ament_prefix_path.dsv
[0.066s] -- Up-to-date symlink: /home/pengyh/documents/ros2_ws/RobotAD/install/serial_comm/share/serial_comm/environment/path.sh
[0.066s] -- Up-to-date symlink: /home/pengyh/documents/ros2_ws/RobotAD/install/serial_comm/share/serial_comm/environment/path.dsv
[0.066s] -- Up-to-date symlink: /home/pengyh/documents/ros2_ws/RobotAD/install/serial_comm/share/serial_comm/local_setup.bash
[0.066s] -- Up-to-date symlink: /home/pengyh/documents/ros2_ws/RobotAD/install/serial_comm/share/serial_comm/local_setup.sh
[0.066s] -- Up-to-date symlink: /home/pengyh/documents/ros2_ws/RobotAD/install/serial_comm/share/serial_comm/local_setup.zsh
[0.066s] -- Up-to-date symlink: /home/pengyh/documents/ros2_ws/RobotAD/install/serial_comm/share/serial_comm/local_setup.dsv
[0.067s] -- Symlinking: /home/pengyh/documents/ros2_ws/RobotAD/install/serial_comm/share/serial_comm/package.dsv
[0.070s] -- Up-to-date symlink: /home/pengyh/documents/ros2_ws/RobotAD/install/serial_comm/share/ament_index/resource_index/packages/serial_comm
[0.071s] -- Up-to-date symlink: /home/pengyh/documents/ros2_ws/RobotAD/install/serial_comm/share/serial_comm/cmake/serial_commConfig.cmake
[0.071s] -- Up-to-date symlink: /home/pengyh/documents/ros2_ws/RobotAD/install/serial_comm/share/serial_comm/cmake/serial_commConfig-version.cmake
[0.071s] -- Up-to-date symlink: /home/pengyh/documents/ros2_ws/RobotAD/install/serial_comm/share/serial_comm/package.xml
[0.073s] Invoked command in '/home/pengyh/documents/ros2_ws/RobotAD/build/serial_comm' returned '0': CMAKE_PREFIX_PATH=/home/pengyh/documents/ros2_ws/RobotAD/install/robot_hardware:/usr/local/lib:/home/pengyh/documents/ros2_ws/RobotAD/install/serial_comm:/home/pengyh/documents/ros2_ws/RobotAD/install/rslidar_sdk:/home/pengyh/documents/ros2_ws/RobotAD/install/rslidar_msg:/home/pengyh/documents/ros2_ws/RobotAD/install/robot_locate:/home/pengyh/documents/ros2_ws/RobotAD/install/pointcloud_to_laserscan:/home/pengyh/documents/ros2_ws/RobotAD/install/miiboo_imu:/home/pengyh/documents/ros2_ws/RobotAD/install/keyboard_control:/home/pengyh/documents/ros2_ws/RobotAD/install/diff_control:/opt/ros/humble CONDA_PROMPT_MODIFIER=(base) LD_LIBRARY_PATH=/home/pengyh/documents/ros2_ws/RobotAD/install/robot_hardware/lib:/usr/lib/x86_64-linux-gnu /usr/bin/cmake --install /home/pengyh/documents/ros2_ws/RobotAD/build/serial_comm
