[0.059s] DEBUG:colcon:Command line arguments: ['/usr/bin/colcon', 'build', '--packages-select', 'robot_hardware', '--symlink-install']
[0.059s] DEBUG:colcon:Parsed command line arguments: Namespace(log_base=None, log_level=None, verb_name='build', build_base='build', install_base='install', merge_install=False, symlink_install=True, test_result_base=None, continue_on_error=False, executor='parallel', parallel_workers=24, event_handlers=None, ignore_user_meta=False, metas=['./colcon.meta'], base_paths=['.'], packages_ignore=None, packages_ignore_regex=None, paths=None, packages_up_to=None, packages_up_to_regex=None, packages_above=None, packages_above_and_dependencies=None, packages_above_depth=None, packages_select_by_dep=None, packages_skip_by_dep=None, packages_skip_up_to=None, packages_select_build_failed=False, packages_skip_build_finished=False, packages_select_test_failures=False, packages_skip_test_passed=False, packages_select=['robot_hardware'], packages_skip=None, packages_select_regex=None, packages_skip_regex=None, packages_start=None, packages_end=None, allow_overriding=[], cmake_args=None, cmake_target=None, cmake_target_skip_unavailable=False, cmake_clean_cache=False, cmake_clean_first=False, cmake_force_configure=False, ament_cmake_args=None, catkin_cmake_args=None, catkin_skip_building_tests=False, mixin_files=None, mixin=None, verb_parser=<colcon_mixin.mixin.mixin_argument.MixinArgumentDecorator object at 0x7be79f82eaa0>, verb_extension=<colcon_core.verb.build.BuildVerb object at 0x7be79f9affa0>, main=<bound method BuildVerb.main of <colcon_core.verb.build.BuildVerb object at 0x7be79f9affa0>>, mixin_verb=('build',))
[0.145s] Level 1:colcon.colcon_core.package_discovery:discover_packages(colcon_meta) check parameters
[0.145s] Level 1:colcon.colcon_core.package_discovery:discover_packages(recursive) check parameters
[0.145s] Level 1:colcon.colcon_core.package_discovery:discover_packages(ignore) check parameters
[0.145s] Level 1:colcon.colcon_core.package_discovery:discover_packages(path) check parameters
[0.145s] Level 1:colcon.colcon_core.package_discovery:discover_packages(colcon_meta) discover
[0.145s] Level 1:colcon.colcon_core.package_discovery:discover_packages(recursive) discover
[0.145s] INFO:colcon.colcon_core.package_discovery:Crawling recursively for packages in '/home/pengyh/documents/ros2_ws/RobotAD'
[0.145s] Level 1:colcon.colcon_core.package_identification:_identify(.) by extensions ['ignore', 'ignore_ament_install']
[0.145s] Level 1:colcon.colcon_core.package_identification:_identify(.) by extension 'ignore'
[0.145s] Level 1:colcon.colcon_core.package_identification:_identify(.) by extension 'ignore_ament_install'
[0.145s] Level 1:colcon.colcon_core.package_identification:_identify(.) by extensions ['colcon_pkg']
[0.145s] Level 1:colcon.colcon_core.package_identification:_identify(.) by extension 'colcon_pkg'
[0.145s] Level 1:colcon.colcon_core.package_identification:_identify(.) by extensions ['colcon_meta']
[0.145s] Level 1:colcon.colcon_core.package_identification:_identify(.) by extension 'colcon_meta'
[0.145s] Level 1:colcon.colcon_core.package_identification:_identify(.) by extensions ['ros']
[0.145s] Level 1:colcon.colcon_core.package_identification:_identify(.) by extension 'ros'
[0.151s] Level 1:colcon.colcon_core.package_identification:_identify(.) by extensions ['cmake', 'python']
[0.151s] Level 1:colcon.colcon_core.package_identification:_identify(.) by extension 'cmake'
[0.151s] Level 1:colcon.colcon_core.package_identification:_identify(.) by extension 'python'
[0.151s] Level 1:colcon.colcon_core.package_identification:_identify(.) by extensions ['python_setup_py']
[0.151s] Level 1:colcon.colcon_core.package_identification:_identify(.) by extension 'python_setup_py'
[0.151s] Level 1:colcon.colcon_core.package_identification:_identify(build) by extensions ['ignore', 'ignore_ament_install']
[0.151s] Level 1:colcon.colcon_core.package_identification:_identify(build) by extension 'ignore'
[0.151s] Level 1:colcon.colcon_core.package_identification:_identify(build) ignored
[0.151s] Level 1:colcon.colcon_core.package_identification:_identify(install) by extensions ['ignore', 'ignore_ament_install']
[0.151s] Level 1:colcon.colcon_core.package_identification:_identify(install) by extension 'ignore'
[0.151s] Level 1:colcon.colcon_core.package_identification:_identify(install) ignored
[0.151s] Level 1:colcon.colcon_core.package_identification:_identify(launch) by extensions ['ignore', 'ignore_ament_install']
[0.151s] Level 1:colcon.colcon_core.package_identification:_identify(launch) by extension 'ignore'
[0.151s] Level 1:colcon.colcon_core.package_identification:_identify(launch) by extension 'ignore_ament_install'
[0.152s] Level 1:colcon.colcon_core.package_identification:_identify(launch) by extensions ['colcon_pkg']
[0.152s] Level 1:colcon.colcon_core.package_identification:_identify(launch) by extension 'colcon_pkg'
[0.152s] Level 1:colcon.colcon_core.package_identification:_identify(launch) by extensions ['colcon_meta']
[0.152s] Level 1:colcon.colcon_core.package_identification:_identify(launch) by extension 'colcon_meta'
[0.152s] Level 1:colcon.colcon_core.package_identification:_identify(launch) by extensions ['ros']
[0.152s] Level 1:colcon.colcon_core.package_identification:_identify(launch) by extension 'ros'
[0.152s] Level 1:colcon.colcon_core.package_identification:_identify(launch) by extensions ['cmake', 'python']
[0.152s] Level 1:colcon.colcon_core.package_identification:_identify(launch) by extension 'cmake'
[0.152s] Level 1:colcon.colcon_core.package_identification:_identify(launch) by extension 'python'
[0.152s] Level 1:colcon.colcon_core.package_identification:_identify(launch) by extensions ['python_setup_py']
[0.152s] Level 1:colcon.colcon_core.package_identification:_identify(launch) by extension 'python_setup_py'
[0.152s] Level 1:colcon.colcon_core.package_identification:_identify(launch/__pycache__) by extensions ['ignore', 'ignore_ament_install']
[0.152s] Level 1:colcon.colcon_core.package_identification:_identify(launch/__pycache__) by extension 'ignore'
[0.152s] Level 1:colcon.colcon_core.package_identification:_identify(launch/__pycache__) by extension 'ignore_ament_install'
[0.152s] Level 1:colcon.colcon_core.package_identification:_identify(launch/__pycache__) by extensions ['colcon_pkg']
[0.152s] Level 1:colcon.colcon_core.package_identification:_identify(launch/__pycache__) by extension 'colcon_pkg'
[0.152s] Level 1:colcon.colcon_core.package_identification:_identify(launch/__pycache__) by extensions ['colcon_meta']
[0.152s] Level 1:colcon.colcon_core.package_identification:_identify(launch/__pycache__) by extension 'colcon_meta'
[0.152s] Level 1:colcon.colcon_core.package_identification:_identify(launch/__pycache__) by extensions ['ros']
[0.152s] Level 1:colcon.colcon_core.package_identification:_identify(launch/__pycache__) by extension 'ros'
[0.152s] Level 1:colcon.colcon_core.package_identification:_identify(launch/__pycache__) by extensions ['cmake', 'python']
[0.152s] Level 1:colcon.colcon_core.package_identification:_identify(launch/__pycache__) by extension 'cmake'
[0.152s] Level 1:colcon.colcon_core.package_identification:_identify(launch/__pycache__) by extension 'python'
[0.152s] Level 1:colcon.colcon_core.package_identification:_identify(launch/__pycache__) by extensions ['python_setup_py']
[0.152s] Level 1:colcon.colcon_core.package_identification:_identify(launch/__pycache__) by extension 'python_setup_py'
[0.152s] Level 1:colcon.colcon_core.package_identification:_identify(log) by extensions ['ignore', 'ignore_ament_install']
[0.152s] Level 1:colcon.colcon_core.package_identification:_identify(log) by extension 'ignore'
[0.152s] Level 1:colcon.colcon_core.package_identification:_identify(log) ignored
[0.152s] Level 1:colcon.colcon_core.package_identification:_identify(src) by extensions ['ignore', 'ignore_ament_install']
[0.152s] Level 1:colcon.colcon_core.package_identification:_identify(src) by extension 'ignore'
[0.152s] Level 1:colcon.colcon_core.package_identification:_identify(src) by extension 'ignore_ament_install'
[0.152s] Level 1:colcon.colcon_core.package_identification:_identify(src) by extensions ['colcon_pkg']
[0.152s] Level 1:colcon.colcon_core.package_identification:_identify(src) by extension 'colcon_pkg'
[0.152s] Level 1:colcon.colcon_core.package_identification:_identify(src) by extensions ['colcon_meta']
[0.152s] Level 1:colcon.colcon_core.package_identification:_identify(src) by extension 'colcon_meta'
[0.152s] Level 1:colcon.colcon_core.package_identification:_identify(src) by extensions ['ros']
[0.152s] Level 1:colcon.colcon_core.package_identification:_identify(src) by extension 'ros'
[0.152s] Level 1:colcon.colcon_core.package_identification:_identify(src) by extensions ['cmake', 'python']
[0.152s] Level 1:colcon.colcon_core.package_identification:_identify(src) by extension 'cmake'
[0.152s] Level 1:colcon.colcon_core.package_identification:_identify(src) by extension 'python'
[0.152s] Level 1:colcon.colcon_core.package_identification:_identify(src) by extensions ['python_setup_py']
[0.152s] Level 1:colcon.colcon_core.package_identification:_identify(src) by extension 'python_setup_py'
[0.152s] Level 1:colcon.colcon_core.package_identification:_identify(src/diff_control) by extensions ['ignore', 'ignore_ament_install']
[0.152s] Level 1:colcon.colcon_core.package_identification:_identify(src/diff_control) by extension 'ignore'
[0.152s] Level 1:colcon.colcon_core.package_identification:_identify(src/diff_control) by extension 'ignore_ament_install'
[0.152s] Level 1:colcon.colcon_core.package_identification:_identify(src/diff_control) by extensions ['colcon_pkg']
[0.152s] Level 1:colcon.colcon_core.package_identification:_identify(src/diff_control) by extension 'colcon_pkg'
[0.153s] Level 1:colcon.colcon_core.package_identification:_identify(src/diff_control) by extensions ['colcon_meta']
[0.153s] Level 1:colcon.colcon_core.package_identification:_identify(src/diff_control) by extension 'colcon_meta'
[0.153s] Level 1:colcon.colcon_core.package_identification:_identify(src/diff_control) by extensions ['ros']
[0.153s] Level 1:colcon.colcon_core.package_identification:_identify(src/diff_control) by extension 'ros'
[0.154s] DEBUG:colcon.colcon_core.package_identification:Package 'src/diff_control' with type 'ros.ament_cmake' and name 'diff_control'
[0.154s] Level 1:colcon.colcon_core.package_identification:_identify(src/keyboard_control) by extensions ['ignore', 'ignore_ament_install']
[0.154s] Level 1:colcon.colcon_core.package_identification:_identify(src/keyboard_control) by extension 'ignore'
[0.154s] Level 1:colcon.colcon_core.package_identification:_identify(src/keyboard_control) by extension 'ignore_ament_install'
[0.154s] Level 1:colcon.colcon_core.package_identification:_identify(src/keyboard_control) by extensions ['colcon_pkg']
[0.154s] Level 1:colcon.colcon_core.package_identification:_identify(src/keyboard_control) by extension 'colcon_pkg'
[0.154s] Level 1:colcon.colcon_core.package_identification:_identify(src/keyboard_control) by extensions ['colcon_meta']
[0.154s] Level 1:colcon.colcon_core.package_identification:_identify(src/keyboard_control) by extension 'colcon_meta'
[0.154s] Level 1:colcon.colcon_core.package_identification:_identify(src/keyboard_control) by extensions ['ros']
[0.154s] Level 1:colcon.colcon_core.package_identification:_identify(src/keyboard_control) by extension 'ros'
[0.155s] DEBUG:colcon.colcon_core.package_identification:Package 'src/keyboard_control' with type 'ros.ament_cmake' and name 'keyboard_control'
[0.155s] Level 1:colcon.colcon_core.package_identification:_identify(src/miiboo_imu) by extensions ['ignore', 'ignore_ament_install']
[0.155s] Level 1:colcon.colcon_core.package_identification:_identify(src/miiboo_imu) by extension 'ignore'
[0.155s] Level 1:colcon.colcon_core.package_identification:_identify(src/miiboo_imu) by extension 'ignore_ament_install'
[0.155s] Level 1:colcon.colcon_core.package_identification:_identify(src/miiboo_imu) by extensions ['colcon_pkg']
[0.155s] Level 1:colcon.colcon_core.package_identification:_identify(src/miiboo_imu) by extension 'colcon_pkg'
[0.155s] Level 1:colcon.colcon_core.package_identification:_identify(src/miiboo_imu) by extensions ['colcon_meta']
[0.155s] Level 1:colcon.colcon_core.package_identification:_identify(src/miiboo_imu) by extension 'colcon_meta'
[0.155s] Level 1:colcon.colcon_core.package_identification:_identify(src/miiboo_imu) by extensions ['ros']
[0.155s] Level 1:colcon.colcon_core.package_identification:_identify(src/miiboo_imu) by extension 'ros'
[0.155s] DEBUG:colcon.colcon_core.package_identification:Package 'src/miiboo_imu' with type 'ros.ament_cmake' and name 'miiboo_imu'
[0.155s] Level 1:colcon.colcon_core.package_identification:_identify(src/nuscenes_data_collector) by extensions ['ignore', 'ignore_ament_install']
[0.156s] Level 1:colcon.colcon_core.package_identification:_identify(src/nuscenes_data_collector) by extension 'ignore'
[0.156s] Level 1:colcon.colcon_core.package_identification:_identify(src/nuscenes_data_collector) by extension 'ignore_ament_install'
[0.156s] Level 1:colcon.colcon_core.package_identification:_identify(src/nuscenes_data_collector) by extensions ['colcon_pkg']
[0.156s] Level 1:colcon.colcon_core.package_identification:_identify(src/nuscenes_data_collector) by extension 'colcon_pkg'
[0.156s] Level 1:colcon.colcon_core.package_identification:_identify(src/nuscenes_data_collector) by extensions ['colcon_meta']
[0.156s] Level 1:colcon.colcon_core.package_identification:_identify(src/nuscenes_data_collector) by extension 'colcon_meta'
[0.156s] Level 1:colcon.colcon_core.package_identification:_identify(src/nuscenes_data_collector) by extensions ['ros']
[0.156s] Level 1:colcon.colcon_core.package_identification:_identify(src/nuscenes_data_collector) by extension 'ros'
[0.156s] DEBUG:colcon.colcon_core.package_identification:Package 'src/nuscenes_data_collector' with type 'ros.ament_cmake' and name 'nuscenes_data_collector'
[0.156s] Level 1:colcon.colcon_core.package_identification:_identify(src/pointcloud_to_laserscan) by extensions ['ignore', 'ignore_ament_install']
[0.156s] Level 1:colcon.colcon_core.package_identification:_identify(src/pointcloud_to_laserscan) by extension 'ignore'
[0.156s] Level 1:colcon.colcon_core.package_identification:_identify(src/pointcloud_to_laserscan) by extension 'ignore_ament_install'
[0.156s] Level 1:colcon.colcon_core.package_identification:_identify(src/pointcloud_to_laserscan) by extensions ['colcon_pkg']
[0.156s] Level 1:colcon.colcon_core.package_identification:_identify(src/pointcloud_to_laserscan) by extension 'colcon_pkg'
[0.156s] Level 1:colcon.colcon_core.package_identification:_identify(src/pointcloud_to_laserscan) by extensions ['colcon_meta']
[0.156s] Level 1:colcon.colcon_core.package_identification:_identify(src/pointcloud_to_laserscan) by extension 'colcon_meta'
[0.156s] Level 1:colcon.colcon_core.package_identification:_identify(src/pointcloud_to_laserscan) by extensions ['ros']
[0.156s] Level 1:colcon.colcon_core.package_identification:_identify(src/pointcloud_to_laserscan) by extension 'ros'
[0.157s] DEBUG:colcon.colcon_core.package_identification:Package 'src/pointcloud_to_laserscan' with type 'ros.ament_cmake' and name 'pointcloud_to_laserscan'
[0.157s] Level 1:colcon.colcon_core.package_identification:_identify(src/robot_hardware) by extensions ['ignore', 'ignore_ament_install']
[0.157s] Level 1:colcon.colcon_core.package_identification:_identify(src/robot_hardware) by extension 'ignore'
[0.157s] Level 1:colcon.colcon_core.package_identification:_identify(src/robot_hardware) by extension 'ignore_ament_install'
[0.157s] Level 1:colcon.colcon_core.package_identification:_identify(src/robot_hardware) by extensions ['colcon_pkg']
[0.157s] Level 1:colcon.colcon_core.package_identification:_identify(src/robot_hardware) by extension 'colcon_pkg'
[0.157s] Level 1:colcon.colcon_core.package_identification:_identify(src/robot_hardware) by extensions ['colcon_meta']
[0.157s] Level 1:colcon.colcon_core.package_identification:_identify(src/robot_hardware) by extension 'colcon_meta'
[0.157s] Level 1:colcon.colcon_core.package_identification:_identify(src/robot_hardware) by extensions ['ros']
[0.157s] Level 1:colcon.colcon_core.package_identification:_identify(src/robot_hardware) by extension 'ros'
[0.158s] DEBUG:colcon.colcon_core.package_identification:Package 'src/robot_hardware' with type 'ros.ament_cmake' and name 'robot_hardware'
[0.158s] Level 1:colcon.colcon_core.package_identification:_identify(src/robot_locate) by extensions ['ignore', 'ignore_ament_install']
[0.158s] Level 1:colcon.colcon_core.package_identification:_identify(src/robot_locate) by extension 'ignore'
[0.158s] Level 1:colcon.colcon_core.package_identification:_identify(src/robot_locate) by extension 'ignore_ament_install'
[0.158s] Level 1:colcon.colcon_core.package_identification:_identify(src/robot_locate) by extensions ['colcon_pkg']
[0.158s] Level 1:colcon.colcon_core.package_identification:_identify(src/robot_locate) by extension 'colcon_pkg'
[0.158s] Level 1:colcon.colcon_core.package_identification:_identify(src/robot_locate) by extensions ['colcon_meta']
[0.158s] Level 1:colcon.colcon_core.package_identification:_identify(src/robot_locate) by extension 'colcon_meta'
[0.158s] Level 1:colcon.colcon_core.package_identification:_identify(src/robot_locate) by extensions ['ros']
[0.158s] Level 1:colcon.colcon_core.package_identification:_identify(src/robot_locate) by extension 'ros'
[0.158s] DEBUG:colcon.colcon_core.package_identification:Package 'src/robot_locate' with type 'ros.ament_cmake' and name 'robot_locate'
[0.158s] Level 1:colcon.colcon_core.package_identification:_identify(src/rslidar_msg) by extensions ['ignore', 'ignore_ament_install']
[0.158s] Level 1:colcon.colcon_core.package_identification:_identify(src/rslidar_msg) by extension 'ignore'
[0.158s] Level 1:colcon.colcon_core.package_identification:_identify(src/rslidar_msg) by extension 'ignore_ament_install'
[0.158s] Level 1:colcon.colcon_core.package_identification:_identify(src/rslidar_msg) by extensions ['colcon_pkg']
[0.158s] Level 1:colcon.colcon_core.package_identification:_identify(src/rslidar_msg) by extension 'colcon_pkg'
[0.158s] Level 1:colcon.colcon_core.package_identification:_identify(src/rslidar_msg) by extensions ['colcon_meta']
[0.159s] Level 1:colcon.colcon_core.package_identification:_identify(src/rslidar_msg) by extension 'colcon_meta'
[0.159s] Level 1:colcon.colcon_core.package_identification:_identify(src/rslidar_msg) by extensions ['ros']
[0.159s] Level 1:colcon.colcon_core.package_identification:_identify(src/rslidar_msg) by extension 'ros'
[0.159s] DEBUG:colcon.colcon_core.package_identification:Package 'src/rslidar_msg' with type 'ros.ament_cmake' and name 'rslidar_msg'
[0.159s] Level 1:colcon.colcon_core.package_identification:_identify(src/rslidar_sdk) by extensions ['ignore', 'ignore_ament_install']
[0.159s] Level 1:colcon.colcon_core.package_identification:_identify(src/rslidar_sdk) by extension 'ignore'
[0.159s] Level 1:colcon.colcon_core.package_identification:_identify(src/rslidar_sdk) by extension 'ignore_ament_install'
[0.159s] Level 1:colcon.colcon_core.package_identification:_identify(src/rslidar_sdk) by extensions ['colcon_pkg']
[0.159s] Level 1:colcon.colcon_core.package_identification:_identify(src/rslidar_sdk) by extension 'colcon_pkg'
[0.159s] Level 1:colcon.colcon_core.package_identification:_identify(src/rslidar_sdk) by extensions ['colcon_meta']
[0.159s] Level 1:colcon.colcon_core.package_identification:_identify(src/rslidar_sdk) by extension 'colcon_meta'
[0.159s] Level 1:colcon.colcon_core.package_identification:_identify(src/rslidar_sdk) by extensions ['ros']
[0.159s] Level 1:colcon.colcon_core.package_identification:_identify(src/rslidar_sdk) by extension 'ros'
[0.159s] DEBUG:colcon.colcon_core.package_identification:Package 'src/rslidar_sdk' with type 'ros.ament_cmake' and name 'rslidar_sdk'
[0.159s] Level 1:colcon.colcon_core.package_identification:_identify(src/serial_comm) by extensions ['ignore', 'ignore_ament_install']
[0.160s] Level 1:colcon.colcon_core.package_identification:_identify(src/serial_comm) by extension 'ignore'
[0.160s] Level 1:colcon.colcon_core.package_identification:_identify(src/serial_comm) by extension 'ignore_ament_install'
[0.160s] Level 1:colcon.colcon_core.package_identification:_identify(src/serial_comm) by extensions ['colcon_pkg']
[0.160s] Level 1:colcon.colcon_core.package_identification:_identify(src/serial_comm) by extension 'colcon_pkg'
[0.160s] Level 1:colcon.colcon_core.package_identification:_identify(src/serial_comm) by extensions ['colcon_meta']
[0.160s] Level 1:colcon.colcon_core.package_identification:_identify(src/serial_comm) by extension 'colcon_meta'
[0.160s] Level 1:colcon.colcon_core.package_identification:_identify(src/serial_comm) by extensions ['ros']
[0.160s] Level 1:colcon.colcon_core.package_identification:_identify(src/serial_comm) by extension 'ros'
[0.160s] DEBUG:colcon.colcon_core.package_identification:Package 'src/serial_comm' with type 'ros.ament_cmake' and name 'serial_comm'
[0.160s] Level 1:colcon.colcon_core.package_identification:_identify(src/usb_camera) by extensions ['ignore', 'ignore_ament_install']
[0.160s] Level 1:colcon.colcon_core.package_identification:_identify(src/usb_camera) by extension 'ignore'
[0.160s] Level 1:colcon.colcon_core.package_identification:_identify(src/usb_camera) by extension 'ignore_ament_install'
[0.160s] Level 1:colcon.colcon_core.package_identification:_identify(src/usb_camera) by extensions ['colcon_pkg']
[0.160s] Level 1:colcon.colcon_core.package_identification:_identify(src/usb_camera) by extension 'colcon_pkg'
[0.160s] Level 1:colcon.colcon_core.package_identification:_identify(src/usb_camera) by extensions ['colcon_meta']
[0.160s] Level 1:colcon.colcon_core.package_identification:_identify(src/usb_camera) by extension 'colcon_meta'
[0.160s] Level 1:colcon.colcon_core.package_identification:_identify(src/usb_camera) by extensions ['ros']
[0.160s] Level 1:colcon.colcon_core.package_identification:_identify(src/usb_camera) by extension 'ros'
[0.160s] DEBUG:colcon.colcon_core.package_identification:Package 'src/usb_camera' with type 'ros.ament_cmake' and name 'usb_camera'
[0.161s] Level 1:colcon.colcon_core.package_identification:_identify(tools) by extensions ['ignore', 'ignore_ament_install']
[0.161s] Level 1:colcon.colcon_core.package_identification:_identify(tools) by extension 'ignore'
[0.161s] Level 1:colcon.colcon_core.package_identification:_identify(tools) by extension 'ignore_ament_install'
[0.161s] Level 1:colcon.colcon_core.package_identification:_identify(tools) by extensions ['colcon_pkg']
[0.161s] Level 1:colcon.colcon_core.package_identification:_identify(tools) by extension 'colcon_pkg'
[0.161s] Level 1:colcon.colcon_core.package_identification:_identify(tools) by extensions ['colcon_meta']
[0.161s] Level 1:colcon.colcon_core.package_identification:_identify(tools) by extension 'colcon_meta'
[0.161s] Level 1:colcon.colcon_core.package_identification:_identify(tools) by extensions ['ros']
[0.161s] Level 1:colcon.colcon_core.package_identification:_identify(tools) by extension 'ros'
[0.161s] Level 1:colcon.colcon_core.package_identification:_identify(tools) by extensions ['cmake', 'python']
[0.161s] Level 1:colcon.colcon_core.package_identification:_identify(tools) by extension 'cmake'
[0.161s] Level 1:colcon.colcon_core.package_identification:_identify(tools) by extension 'python'
[0.161s] Level 1:colcon.colcon_core.package_identification:_identify(tools) by extensions ['python_setup_py']
[0.161s] Level 1:colcon.colcon_core.package_identification:_identify(tools) by extension 'python_setup_py'
[0.161s] Level 1:colcon.colcon_core.package_discovery:discover_packages(recursive) using defaults
[0.161s] Level 1:colcon.colcon_core.package_discovery:discover_packages(ignore) discover
[0.161s] Level 1:colcon.colcon_core.package_discovery:discover_packages(ignore) using defaults
[0.161s] Level 1:colcon.colcon_core.package_discovery:discover_packages(path) discover
[0.161s] Level 1:colcon.colcon_core.package_discovery:discover_packages(path) using defaults
[0.179s] INFO:colcon.colcon_core.package_selection:Skipping not selected package 'diff_control' in 'src/diff_control'
[0.179s] INFO:colcon.colcon_core.package_selection:Skipping not selected package 'miiboo_imu' in 'src/miiboo_imu'
[0.179s] INFO:colcon.colcon_core.package_selection:Skipping not selected package 'nuscenes_data_collector' in 'src/nuscenes_data_collector'
[0.179s] INFO:colcon.colcon_core.package_selection:Skipping not selected package 'pointcloud_to_laserscan' in 'src/pointcloud_to_laserscan'
[0.179s] INFO:colcon.colcon_core.package_selection:Skipping not selected package 'robot_locate' in 'src/robot_locate'
[0.179s] INFO:colcon.colcon_core.package_selection:Skipping not selected package 'rslidar_msg' in 'src/rslidar_msg'
[0.179s] INFO:colcon.colcon_core.package_selection:Skipping not selected package 'usb_camera' in 'src/usb_camera'
[0.179s] INFO:colcon.colcon_core.package_selection:Skipping not selected package 'keyboard_control' in 'src/keyboard_control'
[0.179s] INFO:colcon.colcon_core.package_selection:Skipping not selected package 'rslidar_sdk' in 'src/rslidar_sdk'
[0.179s] INFO:colcon.colcon_core.package_selection:Skipping not selected package 'serial_comm' in 'src/serial_comm'
[0.179s] Level 1:colcon.colcon_core.package_discovery:discover_packages(prefix_path) check parameters
[0.179s] Level 1:colcon.colcon_core.package_discovery:discover_packages(prefix_path) discover
[0.180s] DEBUG:colcon.colcon_installed_package_information.package_discovery:Found 3 installed packages in /home/pengyh/documents/ros2_ws/RobotAD/install
[0.181s] DEBUG:colcon.colcon_installed_package_information.package_discovery:Found 319 installed packages in /opt/ros/humble
[0.182s] Level 1:colcon.colcon_core.package_discovery:discover_packages(prefix_path) using defaults
[0.202s] Level 5:colcon.colcon_core.verb:set package 'robot_hardware' build argument 'cmake_args' from command line to 'None'
[0.202s] Level 5:colcon.colcon_core.verb:set package 'robot_hardware' build argument 'cmake_target' from command line to 'None'
[0.202s] Level 5:colcon.colcon_core.verb:set package 'robot_hardware' build argument 'cmake_target_skip_unavailable' from command line to 'False'
[0.202s] Level 5:colcon.colcon_core.verb:set package 'robot_hardware' build argument 'cmake_clean_cache' from command line to 'False'
[0.202s] Level 5:colcon.colcon_core.verb:set package 'robot_hardware' build argument 'cmake_clean_first' from command line to 'False'
[0.202s] Level 5:colcon.colcon_core.verb:set package 'robot_hardware' build argument 'cmake_force_configure' from command line to 'False'
[0.202s] Level 5:colcon.colcon_core.verb:set package 'robot_hardware' build argument 'ament_cmake_args' from command line to 'None'
[0.202s] Level 5:colcon.colcon_core.verb:set package 'robot_hardware' build argument 'catkin_cmake_args' from command line to 'None'
[0.202s] Level 5:colcon.colcon_core.verb:set package 'robot_hardware' build argument 'catkin_skip_building_tests' from command line to 'False'
[0.202s] DEBUG:colcon.colcon_core.verb:Building package 'robot_hardware' with the following arguments: {'ament_cmake_args': None, 'build_base': '/home/pengyh/documents/ros2_ws/RobotAD/build/robot_hardware', 'catkin_cmake_args': None, 'catkin_skip_building_tests': False, 'cmake_args': None, 'cmake_clean_cache': False, 'cmake_clean_first': False, 'cmake_force_configure': False, 'cmake_target': None, 'cmake_target_skip_unavailable': False, 'install_base': '/home/pengyh/documents/ros2_ws/RobotAD/install/robot_hardware', 'merge_install': False, 'path': '/home/pengyh/documents/ros2_ws/RobotAD/src/robot_hardware', 'symlink_install': True, 'test_result_base': None}
[0.202s] INFO:colcon.colcon_core.executor:Executing jobs using 'parallel' executor
[0.203s] DEBUG:colcon.colcon_parallel_executor.executor.parallel:run_until_complete
[0.203s] INFO:colcon.colcon_ros.task.ament_cmake.build:Building ROS package in '/home/pengyh/documents/ros2_ws/RobotAD/src/robot_hardware' with build type 'ament_cmake'
[0.203s] INFO:colcon.colcon_cmake.task.cmake.build:Building CMake package in '/home/pengyh/documents/ros2_ws/RobotAD/src/robot_hardware'
[0.204s] INFO:colcon.colcon_core.plugin_system:Skipping extension 'colcon_core.shell.bat': Not used on non-Windows systems
[0.205s] INFO:colcon.colcon_core.shell:Skip shell extension 'powershell' for command environment: Not usable outside of PowerShell
[0.205s] DEBUG:colcon.colcon_core.shell:Skip shell extension 'dsv' for command environment
[0.210s] DEBUG:colcon.colcon_core.event_handler.log_command:Invoking command in '/home/pengyh/documents/ros2_ws/RobotAD/build/robot_hardware': /usr/bin/cmake --build /home/pengyh/documents/ros2_ws/RobotAD/build/robot_hardware -- -j24 -l24
[9.217s] DEBUG:colcon.colcon_core.event_handler.log_command:Invoked command in '/home/pengyh/documents/ros2_ws/RobotAD/build/robot_hardware' returned '0': /usr/bin/cmake --build /home/pengyh/documents/ros2_ws/RobotAD/build/robot_hardware -- -j24 -l24
[9.224s] DEBUG:colcon.colcon_core.event_handler.log_command:Invoking command in '/home/pengyh/documents/ros2_ws/RobotAD/build/robot_hardware': /usr/bin/cmake --install /home/pengyh/documents/ros2_ws/RobotAD/build/robot_hardware
[9.678s] Level 1:colcon.colcon_core.environment:create_environment_scripts_only(robot_hardware)
[9.678s] DEBUG:colcon.colcon_core.event_handler.log_command:Invoked command in '/home/pengyh/documents/ros2_ws/RobotAD/build/robot_hardware' returned '0': /usr/bin/cmake --install /home/pengyh/documents/ros2_ws/RobotAD/build/robot_hardware
[9.680s] Level 1:colcon.colcon_core.environment:checking '/home/pengyh/documents/ros2_ws/RobotAD/install/robot_hardware' for CMake module files
[9.680s] Level 1:colcon.colcon_core.environment:checking '/home/pengyh/documents/ros2_ws/RobotAD/install/robot_hardware' for CMake config files
[9.681s] Level 1:colcon.colcon_core.shell:create_environment_hook('robot_hardware', 'cmake_prefix_path')
[9.681s] INFO:colcon.colcon_core.shell:Creating environment hook '/home/pengyh/documents/ros2_ws/RobotAD/install/robot_hardware/share/robot_hardware/hook/cmake_prefix_path.ps1'
[9.682s] INFO:colcon.colcon_core.shell:Creating environment descriptor '/home/pengyh/documents/ros2_ws/RobotAD/install/robot_hardware/share/robot_hardware/hook/cmake_prefix_path.dsv'
[9.682s] INFO:colcon.colcon_core.shell:Creating environment hook '/home/pengyh/documents/ros2_ws/RobotAD/install/robot_hardware/share/robot_hardware/hook/cmake_prefix_path.sh'
[9.682s] Level 1:colcon.colcon_core.environment:checking '/home/pengyh/documents/ros2_ws/RobotAD/install/robot_hardware/lib'
[9.682s] Level 1:colcon.colcon_core.shell:create_environment_hook('robot_hardware', 'ld_library_path_lib')
[9.682s] INFO:colcon.colcon_core.shell:Creating environment hook '/home/pengyh/documents/ros2_ws/RobotAD/install/robot_hardware/share/robot_hardware/hook/ld_library_path_lib.ps1'
[9.683s] INFO:colcon.colcon_core.shell:Creating environment descriptor '/home/pengyh/documents/ros2_ws/RobotAD/install/robot_hardware/share/robot_hardware/hook/ld_library_path_lib.dsv'
[9.683s] INFO:colcon.colcon_core.shell:Creating environment hook '/home/pengyh/documents/ros2_ws/RobotAD/install/robot_hardware/share/robot_hardware/hook/ld_library_path_lib.sh'
[9.683s] Level 1:colcon.colcon_core.environment:checking '/home/pengyh/documents/ros2_ws/RobotAD/install/robot_hardware/bin'
[9.683s] Level 1:colcon.colcon_core.environment:checking '/home/pengyh/documents/ros2_ws/RobotAD/install/robot_hardware/lib/pkgconfig/robot_hardware.pc'
[9.683s] Level 1:colcon.colcon_core.environment:checking '/home/pengyh/documents/ros2_ws/RobotAD/install/robot_hardware/lib/python3.10/site-packages'
[9.683s] Level 1:colcon.colcon_core.environment:checking '/home/pengyh/documents/ros2_ws/RobotAD/install/robot_hardware/bin'
[9.683s] INFO:colcon.colcon_core.shell:Creating package script '/home/pengyh/documents/ros2_ws/RobotAD/install/robot_hardware/share/robot_hardware/package.ps1'
[9.684s] INFO:colcon.colcon_core.shell:Creating package descriptor '/home/pengyh/documents/ros2_ws/RobotAD/install/robot_hardware/share/robot_hardware/package.dsv'
[9.684s] INFO:colcon.colcon_core.shell:Creating package script '/home/pengyh/documents/ros2_ws/RobotAD/install/robot_hardware/share/robot_hardware/package.sh'
[9.684s] INFO:colcon.colcon_core.shell:Creating package script '/home/pengyh/documents/ros2_ws/RobotAD/install/robot_hardware/share/robot_hardware/package.bash'
[9.685s] INFO:colcon.colcon_core.shell:Creating package script '/home/pengyh/documents/ros2_ws/RobotAD/install/robot_hardware/share/robot_hardware/package.zsh'
[9.685s] Level 1:colcon.colcon_core.environment:create_file_with_runtime_dependencies(/home/pengyh/documents/ros2_ws/RobotAD/install/robot_hardware/share/colcon-core/packages/robot_hardware)
[9.686s] Level 1:colcon.colcon_core.environment:create_environment_scripts_only(robot_hardware)
[9.686s] Level 1:colcon.colcon_core.environment:checking '/home/pengyh/documents/ros2_ws/RobotAD/install/robot_hardware' for CMake module files
[9.686s] Level 1:colcon.colcon_core.environment:checking '/home/pengyh/documents/ros2_ws/RobotAD/install/robot_hardware' for CMake config files
[9.686s] Level 1:colcon.colcon_core.shell:create_environment_hook('robot_hardware', 'cmake_prefix_path')
[9.687s] INFO:colcon.colcon_core.shell:Creating environment hook '/home/pengyh/documents/ros2_ws/RobotAD/install/robot_hardware/share/robot_hardware/hook/cmake_prefix_path.ps1'
[9.687s] INFO:colcon.colcon_core.shell:Creating environment descriptor '/home/pengyh/documents/ros2_ws/RobotAD/install/robot_hardware/share/robot_hardware/hook/cmake_prefix_path.dsv'
[9.687s] INFO:colcon.colcon_core.shell:Creating environment hook '/home/pengyh/documents/ros2_ws/RobotAD/install/robot_hardware/share/robot_hardware/hook/cmake_prefix_path.sh'
[9.687s] Level 1:colcon.colcon_core.environment:checking '/home/pengyh/documents/ros2_ws/RobotAD/install/robot_hardware/lib'
[9.687s] Level 1:colcon.colcon_core.shell:create_environment_hook('robot_hardware', 'ld_library_path_lib')
[9.687s] INFO:colcon.colcon_core.shell:Creating environment hook '/home/pengyh/documents/ros2_ws/RobotAD/install/robot_hardware/share/robot_hardware/hook/ld_library_path_lib.ps1'
[9.687s] INFO:colcon.colcon_core.shell:Creating environment descriptor '/home/pengyh/documents/ros2_ws/RobotAD/install/robot_hardware/share/robot_hardware/hook/ld_library_path_lib.dsv'
[9.688s] INFO:colcon.colcon_core.shell:Creating environment hook '/home/pengyh/documents/ros2_ws/RobotAD/install/robot_hardware/share/robot_hardware/hook/ld_library_path_lib.sh'
[9.688s] Level 1:colcon.colcon_core.environment:checking '/home/pengyh/documents/ros2_ws/RobotAD/install/robot_hardware/bin'
[9.688s] Level 1:colcon.colcon_core.environment:checking '/home/pengyh/documents/ros2_ws/RobotAD/install/robot_hardware/lib/pkgconfig/robot_hardware.pc'
[9.688s] Level 1:colcon.colcon_core.environment:checking '/home/pengyh/documents/ros2_ws/RobotAD/install/robot_hardware/lib/python3.10/site-packages'
[9.688s] Level 1:colcon.colcon_core.environment:checking '/home/pengyh/documents/ros2_ws/RobotAD/install/robot_hardware/bin'
[9.688s] INFO:colcon.colcon_core.shell:Creating package script '/home/pengyh/documents/ros2_ws/RobotAD/install/robot_hardware/share/robot_hardware/package.ps1'
[9.689s] INFO:colcon.colcon_core.shell:Creating package descriptor '/home/pengyh/documents/ros2_ws/RobotAD/install/robot_hardware/share/robot_hardware/package.dsv'
[9.689s] INFO:colcon.colcon_core.shell:Creating package script '/home/pengyh/documents/ros2_ws/RobotAD/install/robot_hardware/share/robot_hardware/package.sh'
[9.689s] INFO:colcon.colcon_core.shell:Creating package script '/home/pengyh/documents/ros2_ws/RobotAD/install/robot_hardware/share/robot_hardware/package.bash'
[9.689s] INFO:colcon.colcon_core.shell:Creating package script '/home/pengyh/documents/ros2_ws/RobotAD/install/robot_hardware/share/robot_hardware/package.zsh'
[9.689s] Level 1:colcon.colcon_core.environment:create_file_with_runtime_dependencies(/home/pengyh/documents/ros2_ws/RobotAD/install/robot_hardware/share/colcon-core/packages/robot_hardware)
[9.689s] DEBUG:colcon.colcon_parallel_executor.executor.parallel:closing loop
[9.690s] DEBUG:colcon.colcon_parallel_executor.executor.parallel:loop closed
[9.690s] DEBUG:colcon.colcon_parallel_executor.executor.parallel:run_until_complete finished with '0'
[9.690s] DEBUG:colcon.colcon_core.event_reactor:joining thread
[9.692s] INFO:colcon.colcon_core.plugin_system:Skipping extension 'colcon_notification.desktop_notification.terminal_notifier': Not used on non-Darwin systems
[9.692s] INFO:colcon.colcon_core.plugin_system:Skipping extension 'colcon_notification.desktop_notification.win32': Not used on non-Windows systems
[9.692s] INFO:colcon.colcon_notification.desktop_notification:Sending desktop notification using 'notify2'
[9.699s] DEBUG:colcon.colcon_core.event_reactor:joined thread
[9.699s] INFO:colcon.colcon_core.shell:Creating prefix script '/home/pengyh/documents/ros2_ws/RobotAD/install/local_setup.ps1'
[9.700s] INFO:colcon.colcon_core.shell:Creating prefix util module '/home/pengyh/documents/ros2_ws/RobotAD/install/_local_setup_util_ps1.py'
[9.701s] INFO:colcon.colcon_core.shell:Creating prefix chain script '/home/pengyh/documents/ros2_ws/RobotAD/install/setup.ps1'
[9.702s] INFO:colcon.colcon_core.shell:Creating prefix script '/home/pengyh/documents/ros2_ws/RobotAD/install/local_setup.sh'
[9.702s] INFO:colcon.colcon_core.shell:Creating prefix util module '/home/pengyh/documents/ros2_ws/RobotAD/install/_local_setup_util_sh.py'
[9.703s] INFO:colcon.colcon_core.shell:Creating prefix chain script '/home/pengyh/documents/ros2_ws/RobotAD/install/setup.sh'
[9.703s] INFO:colcon.colcon_core.shell:Creating prefix script '/home/pengyh/documents/ros2_ws/RobotAD/install/local_setup.bash'
[9.703s] INFO:colcon.colcon_core.shell:Creating prefix chain script '/home/pengyh/documents/ros2_ws/RobotAD/install/setup.bash'
[9.704s] INFO:colcon.colcon_core.shell:Creating prefix script '/home/pengyh/documents/ros2_ws/RobotAD/install/local_setup.zsh'
[9.704s] INFO:colcon.colcon_core.shell:Creating prefix chain script '/home/pengyh/documents/ros2_ws/RobotAD/install/setup.zsh'
