[01m[K/home/future/Documents/pengyh/RobotAD_ws/src/robot_hardware/src/hardware_manager.cpp:43:65:[m[K [01;31m[Kerror: [m[K‘[01m[KHardwareData[m[K’ in namespace ‘[01m[Kstd_msgs::msg[m[K’ does not name a type
   43 |     void receive_keyboard_command_callback(const std_msgs::msg::[01;31m[KHardwareData[m[K::SharedPtr msg) {
      |                                                                 [01;31m[K^~~~~~~~~~~~[m[K
[01m[K/home/future/Documents/pengyh/RobotAD_ws/src/robot_hardware/src/hardware_manager.cpp:43:89:[m[K [01;31m[Kerror: [m[Kexpected unqualified-id before ‘[01m[Kmsg[m[K’
   43 |     void receive_keyboard_command_callback(const std_msgs::msg::HardwareData::SharedPtr [01;31m[Kmsg[m[K) {
      |                                                                                         [01;31m[K^~~[m[K
[01m[K/home/future/Documents/pengyh/RobotAD_ws/src/robot_hardware/src/hardware_manager.cpp:43:88:[m[K [01;31m[Kerror: [m[Kexpected ‘[01m[K)[m[K’ before ‘[01m[Kmsg[m[K’
   43 |     void receive_keyboard_command_callback[34m[K([m[Kconst std_msgs::msg::HardwareData::SharedPtr[01;31m[K [m[K[32m[Kmsg[m[K) {
      |                                           [34m[K~[m[K                                            [01;31m[K^[m[K[32m[K~~~[m[K
      |                                                                                        [32m[K)[m[K
[01m[K/home/future/Documents/pengyh/RobotAD_ws/src/robot_hardware/src/hardware_manager.cpp:43:79:[m[K [01;31m[Kerror: [m[Kexpected ‘[01m[K;[m[K’ at end of member declaration
   43 |     void receive_keyboard_command_callback(const std_msgs::msg::HardwareData::[01;31m[KSharedPtr[m[K msg) {
      |                                                                               [01;31m[K^~~~~~~~~[m[K
      |                                                                                        [32m[K;[m[K
[01m[K/home/future/Documents/pengyh/RobotAD_ws/src/robot_hardware/src/hardware_manager.cpp:43:89:[m[K [01;31m[Kerror: [m[K‘[01m[Kmsg[m[K’ does not name a type
   43 |     void receive_keyboard_command_callback(const std_msgs::msg::HardwareData::SharedPtr [01;31m[Kmsg[m[K) {
      |                                                                                         [01;31m[K^~~[m[K
[01m[K/home/future/Documents/pengyh/RobotAD_ws/src/robot_hardware/src/hardware_manager.cpp:[m[K In constructor ‘[01m[KHardwareManager::HardwareManager()[m[K’:
[01m[K/home/future/Documents/pengyh/RobotAD_ws/src/robot_hardware/src/hardware_manager.cpp:15:70:[m[K [01;31m[Kerror: [m[K‘[01m[KHardwareData[m[K’ is not a member of ‘[01m[Kstd_msgs::msg[m[K’; did you mean ‘[01m[Krobot_hardware::msg::HardwareData[m[K’?
   15 |         keyboard_cmd_sub_ = this->create_subscription<std_msgs::msg::[01;31m[KHardwareData[m[K>(
      |                                                                      [01;31m[K^~~~~~~~~~~~[m[K
In file included from [01m[K/home/future/Documents/pengyh/RobotAD_ws/build/robot_hardware/rosidl_generator_cpp/robot_hardware/msg/hardware_data.hpp:7[m[K,
                 from [01m[K/home/future/Documents/pengyh/RobotAD_ws/src/robot_hardware/src/hardware_manager.cpp:3[m[K:
[01m[K/home/future/Documents/pengyh/RobotAD_ws/build/robot_hardware/rosidl_generator_cpp/robot_hardware/msg/detail/hardware_data__struct.hpp:220:7:[m[K [01;36m[Knote: [m[K‘[01m[Krobot_hardware::msg::HardwareData[m[K’ declared here
  220 | using [01;36m[KHardwareData[m[K =
      |       [01;36m[K^~~~~~~~~~~~[m[K
[01m[K/home/future/Documents/pengyh/RobotAD_ws/src/robot_hardware/src/hardware_manager.cpp:15:83:[m[K [01;31m[Kerror: [m[Kno matching function for call to ‘[01m[KHardwareManager::create_subscription<<expression error> >(const char [13], int, std::_Bind_helper<false, void (HardwareManager::*)(...), HardwareManager*, const std::_Placeholder<1>&>::type)[m[K’
   15 |         keyboard_cmd_sub_ = [01;31m[Kthis->create_subscription<std_msgs::msg::HardwareData>([m[K
      |                             [01;31m[K~~~~~~~~~~~~~~~~~~~~~~~~~~~~~~~~~~~~~~~~~~~~~~~~~~~~~~^[m[K
   16 | [01;31m[K            "keyboard_cmd", 10, std::bind(&HardwareManager::receive_keyboard_command_callback, this, std::placeholders::_1))[m[K;
      |             [01;31m[K~~~~~~~~~~~~~~~~~~~~~~~~~~~~~~~~~~~~~~~~~~~~~~~~~~~~~~~~~~~~~~~~~~~~~~~~~~~~~~~~~~~~~~~~~~~~~~~~~~~~~~~~~~~~~~~~[m[K
In file included from [01m[K/opt/ros/humble/include/rclcpp/rclcpp/node.hpp:1321[m[K,
                 from [01m[K/opt/ros/humble/include/rclcpp/rclcpp/executors/single_threaded_executor.hpp:28[m[K,
                 from [01m[K/opt/ros/humble/include/rclcpp/rclcpp/executors.hpp:22[m[K,
                 from [01m[K/opt/ros/humble/include/rclcpp/rclcpp/rclcpp.hpp:155[m[K,
                 from [01m[K/home/future/Documents/pengyh/RobotAD_ws/src/robot_hardware/src/hardware_manager.cpp:1[m[K:
[01m[K/opt/ros/humble/include/rclcpp/rclcpp/node_impl.hpp:92:1:[m[K [01;36m[Knote: [m[Kcandidate: ‘[01m[Ktemplate<class MessageT, class CallbackT, class AllocatorT, class SubscriptionT, class MessageMemoryStrategyT> std::shared_ptr<ROSMessageT> rclcpp::Node::create_subscription(const string&, const rclcpp::QoS&, CallbackT&&, const rclcpp::SubscriptionOptionsWithAllocator<AllocatorT>&, typename MessageMemoryStrategyT::SharedPtr)[m[K’
   92 | [01;36m[KNode[m[K::create_subscription(
      | [01;36m[K^~~~[m[K
[01m[K/opt/ros/humble/include/rclcpp/rclcpp/node_impl.hpp:92:1:[m[K [01;36m[Knote: [m[K  template argument deduction/substitution failed:
[01m[K/home/future/Documents/pengyh/RobotAD_ws/src/robot_hardware/src/hardware_manager.cpp:15:83:[m[K [01;31m[Kerror: [m[Ktemplate argument 1 is invalid
   15 |         keyboard_cmd_sub_ = [01;31m[Kthis->create_subscription<std_msgs::msg::HardwareData>([m[K
      |                             [01;31m[K~~~~~~~~~~~~~~~~~~~~~~~~~~~~~~~~~~~~~~~~~~~~~~~~~~~~~~^[m[K
   16 | [01;31m[K            "keyboard_cmd", 10, std::bind(&HardwareManager::receive_keyboard_command_callback, this, std::placeholders::_1))[m[K;
      |             [01;31m[K~~~~~~~~~~~~~~~~~~~~~~~~~~~~~~~~~~~~~~~~~~~~~~~~~~~~~~~~~~~~~~~~~~~~~~~~~~~~~~~~~~~~~~~~~~~~~~~~~~~~~~~~~~~~~~~~[m[K
gmake[2]: *** [CMakeFiles/hardware_manager.dir/build.make:76: CMakeFiles/hardware_manager.dir/src/hardware_manager.cpp.o] Error 1
gmake[1]: *** [CMakeFiles/Makefile2:594: CMakeFiles/hardware_manager.dir/all] Error 2
gmake: *** [Makefile:146: all] Error 2
