[0.032s] Invoking command in '/home/future/Documents/pengyh/RobotAD_ws/build/robot_hardware': CMAKE_PREFIX_PATH=${CMAKE_PREFIX_PATH}:/home/future/Documents/Robot/nav_ws/install/show_urdf:/home/future/Documents/Robot/nav_ws/install/serial_bridge:/home/future/Documents/Robot/nav_ws/install/ros_tcp_endpoint:/home/future/Documents/Robot/nav_ws/install/remove_obstacle:/home/future/Documents/Robot/nav_ws/install/keyboard_control:/opt/ros/humble /usr/bin/cmake --build /home/future/Documents/pengyh/RobotAD_ws/build/robot_hardware -- -j24 -l24
[0.163s] [ 12%] Built target robot_hardware__cpp
[0.164s] [ 12%] Built target robot_hardware__rosidl_generator_c
[0.190s] [ 12%] Built target ament_cmake_python_copy_robot_hardware
[0.223s] [ 21%] Built target robot_hardware__rosidl_typesupport_c
[0.223s] [ 30%] Built target robot_hardware__rosidl_typesupport_introspection_c
[0.228s] [ 48%] Built target robot_hardware__rosidl_typesupport_fastrtps_c
[0.229s] [ 48%] Built target robot_hardware__rosidl_typesupport_introspection_cpp
[0.254s] [ 57%] Built target robot_hardware__rosidl_typesupport_cpp
[0.255s] [ 66%] Built target robot_hardware__rosidl_typesupport_fastrtps_cpp
[0.282s] [ 66%] Built target robot_hardware
[0.300s] [35m[1mConsolidate compiler generated dependencies of target hardware_manager[0m
[0.307s] [ 69%] Built target robot_hardware__py
[0.316s] [ 72%] [32mBuilding CXX object CMakeFiles/hardware_manager.dir/src/hardware_manager.cpp.o[0m
[0.326s] [ 78%] Built target robot_hardware__rosidl_generator_py
[0.354s] [ 84%] Built target robot_hardware__rosidl_typesupport_fastrtps_c__pyext
[0.355s] [ 90%] Built target robot_hardware__rosidl_typesupport_c__pyext
[0.355s] [ 96%] Built target robot_hardware__rosidl_typesupport_introspection_c__pyext
[0.480s] running egg_info
[0.480s] writing robot_hardware.egg-info/PKG-INFO
[0.481s] writing dependency_links to robot_hardware.egg-info/dependency_links.txt
[0.481s] writing top-level names to robot_hardware.egg-info/top_level.txt
[0.483s] reading manifest file 'robot_hardware.egg-info/SOURCES.txt'
[0.483s] writing manifest file 'robot_hardware.egg-info/SOURCES.txt'
[0.505s] [ 96%] Built target ament_cmake_python_build_robot_hardware_egg
[1.845s] [01m[K/home/future/Documents/pengyh/RobotAD_ws/src/robot_hardware/src/hardware_manager.cpp:43:65:[m[K [01;31m[Kerror: [m[K‘[01m[KHardwareData[m[K’ in namespace ‘[01m[Kstd_msgs::msg[m[K’ does not name a type
[1.845s]    43 |     void receive_keyboard_command_callback(const std_msgs::msg::[01;31m[KHardwareData[m[K::SharedPtr msg) {
[1.845s]       |                                                                 [01;31m[K^~~~~~~~~~~~[m[K
[1.845s] [01m[K/home/future/Documents/pengyh/RobotAD_ws/src/robot_hardware/src/hardware_manager.cpp:43:89:[m[K [01;31m[Kerror: [m[Kexpected unqualified-id before ‘[01m[Kmsg[m[K’
[1.845s]    43 |     void receive_keyboard_command_callback(const std_msgs::msg::HardwareData::SharedPtr [01;31m[Kmsg[m[K) {
[1.845s]       |                                                                                         [01;31m[K^~~[m[K
[1.846s] [01m[K/home/future/Documents/pengyh/RobotAD_ws/src/robot_hardware/src/hardware_manager.cpp:43:88:[m[K [01;31m[Kerror: [m[Kexpected ‘[01m[K)[m[K’ before ‘[01m[Kmsg[m[K’
[1.846s]    43 |     void receive_keyboard_command_callback[34m[K([m[Kconst std_msgs::msg::HardwareData::SharedPtr[01;31m[K [m[K[32m[Kmsg[m[K) {
[1.846s]       |                                           [34m[K~[m[K                                            [01;31m[K^[m[K[32m[K~~~[m[K
[1.846s]       |                                                                                        [32m[K)[m[K
[1.846s] [01m[K/home/future/Documents/pengyh/RobotAD_ws/src/robot_hardware/src/hardware_manager.cpp:43:79:[m[K [01;31m[Kerror: [m[Kexpected ‘[01m[K;[m[K’ at end of member declaration
[1.846s]    43 |     void receive_keyboard_command_callback(const std_msgs::msg::HardwareData::[01;31m[KSharedPtr[m[K msg) {
[1.846s]       |                                                                               [01;31m[K^~~~~~~~~[m[K
[1.846s]       |                                                                                        [32m[K;[m[K
[1.846s] [01m[K/home/future/Documents/pengyh/RobotAD_ws/src/robot_hardware/src/hardware_manager.cpp:43:89:[m[K [01;31m[Kerror: [m[K‘[01m[Kmsg[m[K’ does not name a type
[1.846s]    43 |     void receive_keyboard_command_callback(const std_msgs::msg::HardwareData::SharedPtr [01;31m[Kmsg[m[K) {
[1.846s]       |                                                                                         [01;31m[K^~~[m[K
[1.853s] [01m[K/home/future/Documents/pengyh/RobotAD_ws/src/robot_hardware/src/hardware_manager.cpp:[m[K In constructor ‘[01m[KHardwareManager::HardwareManager()[m[K’:
[1.853s] [01m[K/home/future/Documents/pengyh/RobotAD_ws/src/robot_hardware/src/hardware_manager.cpp:15:70:[m[K [01;31m[Kerror: [m[K‘[01m[KHardwareData[m[K’ is not a member of ‘[01m[Kstd_msgs::msg[m[K’; did you mean ‘[01m[Krobot_hardware::msg::HardwareData[m[K’?
[1.853s]    15 |         keyboard_cmd_sub_ = this->create_subscription<std_msgs::msg::[01;31m[KHardwareData[m[K>(
[1.853s]       |                                                                      [01;31m[K^~~~~~~~~~~~[m[K
[1.853s] In file included from [01m[K/home/future/Documents/pengyh/RobotAD_ws/build/robot_hardware/rosidl_generator_cpp/robot_hardware/msg/hardware_data.hpp:7[m[K,
[1.853s]                  from [01m[K/home/future/Documents/pengyh/RobotAD_ws/src/robot_hardware/src/hardware_manager.cpp:3[m[K:
[1.853s] [01m[K/home/future/Documents/pengyh/RobotAD_ws/build/robot_hardware/rosidl_generator_cpp/robot_hardware/msg/detail/hardware_data__struct.hpp:220:7:[m[K [01;36m[Knote: [m[K‘[01m[Krobot_hardware::msg::HardwareData[m[K’ declared here
[1.853s]   220 | using [01;36m[KHardwareData[m[K =
[1.853s]       |       [01;36m[K^~~~~~~~~~~~[m[K
[1.854s] [01m[K/home/future/Documents/pengyh/RobotAD_ws/src/robot_hardware/src/hardware_manager.cpp:15:83:[m[K [01;31m[Kerror: [m[Kno matching function for call to ‘[01m[KHardwareManager::create_subscription<<expression error> >(const char [13], int, std::_Bind_helper<false, void (HardwareManager::*)(...), HardwareManager*, const std::_Placeholder<1>&>::type)[m[K’
[1.854s]    15 |         keyboard_cmd_sub_ = [01;31m[Kthis->create_subscription<std_msgs::msg::HardwareData>([m[K
[1.854s]       |                             [01;31m[K~~~~~~~~~~~~~~~~~~~~~~~~~~~~~~~~~~~~~~~~~~~~~~~~~~~~~~^[m[K
[1.854s]    16 | [01;31m[K            "keyboard_cmd", 10, std::bind(&HardwareManager::receive_keyboard_command_callback, this, std::placeholders::_1))[m[K;
[1.854s]       |             [01;31m[K~~~~~~~~~~~~~~~~~~~~~~~~~~~~~~~~~~~~~~~~~~~~~~~~~~~~~~~~~~~~~~~~~~~~~~~~~~~~~~~~~~~~~~~~~~~~~~~~~~~~~~~~~~~~~~~~[m[K
[1.854s] In file included from [01m[K/opt/ros/humble/include/rclcpp/rclcpp/node.hpp:1321[m[K,
[1.854s]                  from [01m[K/opt/ros/humble/include/rclcpp/rclcpp/executors/single_threaded_executor.hpp:28[m[K,
[1.854s]                  from [01m[K/opt/ros/humble/include/rclcpp/rclcpp/executors.hpp:22[m[K,
[1.855s]                  from [01m[K/opt/ros/humble/include/rclcpp/rclcpp/rclcpp.hpp:155[m[K,
[1.855s]                  from [01m[K/home/future/Documents/pengyh/RobotAD_ws/src/robot_hardware/src/hardware_manager.cpp:1[m[K:
[1.855s] [01m[K/opt/ros/humble/include/rclcpp/rclcpp/node_impl.hpp:92:1:[m[K [01;36m[Knote: [m[Kcandidate: ‘[01m[Ktemplate<class MessageT, class CallbackT, class AllocatorT, class SubscriptionT, class MessageMemoryStrategyT> std::shared_ptr<ROSMessageT> rclcpp::Node::create_subscription(const string&, const rclcpp::QoS&, CallbackT&&, const rclcpp::SubscriptionOptionsWithAllocator<AllocatorT>&, typename MessageMemoryStrategyT::SharedPtr)[m[K’
[1.855s]    92 | [01;36m[KNode[m[K::create_subscription(
[1.855s]       | [01;36m[K^~~~[m[K
[1.855s] [01m[K/opt/ros/humble/include/rclcpp/rclcpp/node_impl.hpp:92:1:[m[K [01;36m[Knote: [m[K  template argument deduction/substitution failed:
[1.855s] [01m[K/home/future/Documents/pengyh/RobotAD_ws/src/robot_hardware/src/hardware_manager.cpp:15:83:[m[K [01;31m[Kerror: [m[Ktemplate argument 1 is invalid
[1.855s]    15 |         keyboard_cmd_sub_ = [01;31m[Kthis->create_subscription<std_msgs::msg::HardwareData>([m[K
[1.855s]       |                             [01;31m[K~~~~~~~~~~~~~~~~~~~~~~~~~~~~~~~~~~~~~~~~~~~~~~~~~~~~~~^[m[K
[1.855s]    16 | [01;31m[K            "keyboard_cmd", 10, std::bind(&HardwareManager::receive_keyboard_command_callback, this, std::placeholders::_1))[m[K;
[1.855s]       |             [01;31m[K~~~~~~~~~~~~~~~~~~~~~~~~~~~~~~~~~~~~~~~~~~~~~~~~~~~~~~~~~~~~~~~~~~~~~~~~~~~~~~~~~~~~~~~~~~~~~~~~~~~~~~~~~~~~~~~~[m[K
[3.506s] gmake[2]: *** [CMakeFiles/hardware_manager.dir/build.make:76: CMakeFiles/hardware_manager.dir/src/hardware_manager.cpp.o] Error 1
[3.506s] gmake[1]: *** [CMakeFiles/Makefile2:594: CMakeFiles/hardware_manager.dir/all] Error 2
[3.506s] gmake: *** [Makefile:146: all] Error 2
[3.508s] Invoked command in '/home/future/Documents/pengyh/RobotAD_ws/build/robot_hardware' returned '2': CMAKE_PREFIX_PATH=${CMAKE_PREFIX_PATH}:/home/future/Documents/Robot/nav_ws/install/show_urdf:/home/future/Documents/Robot/nav_ws/install/serial_bridge:/home/future/Documents/Robot/nav_ws/install/ros_tcp_endpoint:/home/future/Documents/Robot/nav_ws/install/remove_obstacle:/home/future/Documents/Robot/nav_ws/install/keyboard_control:/opt/ros/humble /usr/bin/cmake --build /home/future/Documents/pengyh/RobotAD_ws/build/robot_hardware -- -j24 -l24
