[0.035s] Invoking command in '/home/pengyh/documents/ros2_ws/RobotAD/build/nuscenes_data_collector': CMAKE_PREFIX_PATH=${CMAKE_PREFIX_PATH}:/opt/ros/humble /usr/bin/cmake /home/pengyh/documents/ros2_ws/RobotAD/src/nuscenes_data_collector -DCMAKE_INSTALL_PREFIX=/home/pengyh/documents/ros2_ws/RobotAD/install/nuscenes_data_collector
[0.048s] -- Found ament_cmake: 1.3.11 (/opt/ros/humble/share/ament_cmake/cmake)
[0.180s] -- Override CMake install command with custom implementation using symlinks instead of copying resources
[0.187s] -- Found rclcpp: 16.0.11 (/opt/ros/humble/share/rclcpp/cmake)
[0.230s] -- Found rosidl_generator_c: 3.1.6 (/opt/ros/humble/share/rosidl_generator_c/cmake)
[0.232s] -- Found rosidl_adapter: 3.1.6 (/opt/ros/humble/share/rosidl_adapter/cmake)
[0.239s] -- Found rosidl_generator_cpp: 3.1.6 (/opt/ros/humble/share/rosidl_generator_cpp/cmake)
[0.250s] -- Using all available rosidl_typesupport_c: rosidl_typesupport_fastrtps_c;rosidl_typesupport_introspection_c
[0.264s] -- Using all available rosidl_typesupport_cpp: rosidl_typesupport_fastrtps_cpp;rosidl_typesupport_introspection_cpp
[0.310s] -- Found rmw_implementation_cmake: 6.1.2 (/opt/ros/humble/share/rmw_implementation_cmake/cmake)
[0.313s] -- Found rmw_cyclonedds_cpp: 1.3.4 (/opt/ros/humble/share/rmw_cyclonedds_cpp/cmake)
[0.343s] -- Using RMW implementation 'rmw_cyclonedds_cpp' as default
[0.404s] -- Found sensor_msgs: 4.2.4 (/opt/ros/humble/share/sensor_msgs/cmake)
[0.435s] -- Found pcl_conversions: 2.4.5 (/opt/ros/humble/share/pcl_conversions/cmake)
[0.492s] -- Eigen found (include: /usr/include/eigen3, version: 3.4.0)
[0.544s] -- FLANN found (include: /usr/include, lib: /usr/lib/x86_64-linux-gnu/libflann_cpp.so)
[1.012s] -- OpenNI found (version: 1.5.4.0, include: /usr/include/ni, lib: /usr/lib/libOpenNI.so;libusb::libusb)
[1.020s] -- OpenNI2 found (version: 2.2.0.33, include: /usr/include/openni2, lib: /usr/lib/x86_64-linux-gnu/libOpenNI2.so;libusb::libusb)
[1.215s] -- Eigen found (include: /usr/include/eigen3, version: 3.4.0)
[1.222s] -- OpenNI found (version: 1.5.4.0, include: /usr/include/ni, lib: /usr/lib/libOpenNI.so;libusb::libusb)
[1.231s] -- OpenNI2 found (version: 2.2.0.33, include: /usr/include/openni2, lib: /usr/lib/x86_64-linux-gnu/libOpenNI2.so;libusb::libusb)
[1.417s] -- Found Qhull version 8.0.2
[1.602s] -- OpenNI found (version: 1.5.4.0, include: /usr/include/ni, lib: /usr/lib/libOpenNI.so;libusb::libusb)
[1.840s] -- Found nav_msgs: 4.2.4 (/opt/ros/humble/share/nav_msgs/cmake)
[1.871s] -- Found vision_msgs: 4.1.1 (/opt/ros/humble/share/vision_msgs/cmake)
[1.921s] -- Found cv_bridge: 3.2.1 (/opt/ros/humble/share/cv_bridge/cmake)
[2.052s] -- Configuring done
[2.111s] -- Generating done
[2.135s] -- Build files have been written to: /home/pengyh/documents/ros2_ws/RobotAD/build/nuscenes_data_collector
[2.181s] Invoked command in '/home/pengyh/documents/ros2_ws/RobotAD/build/nuscenes_data_collector' returned '0': CMAKE_PREFIX_PATH=${CMAKE_PREFIX_PATH}:/opt/ros/humble /usr/bin/cmake /home/pengyh/documents/ros2_ws/RobotAD/src/nuscenes_data_collector -DCMAKE_INSTALL_PREFIX=/home/pengyh/documents/ros2_ws/RobotAD/install/nuscenes_data_collector
[2.184s] Invoking command in '/home/pengyh/documents/ros2_ws/RobotAD/build/nuscenes_data_collector': CMAKE_PREFIX_PATH=${CMAKE_PREFIX_PATH}:/opt/ros/humble /usr/bin/cmake --build /home/pengyh/documents/ros2_ws/RobotAD/build/nuscenes_data_collector -- -j24 -l24
[2.236s] [35m[1mConsolidate compiler generated dependencies of target nuscenes_data_collector_node[0m
[2.236s] [35m[1mConsolidate compiler generated dependencies of target nuscenes_data_collector_issac_node[0m
[2.274s] [ 50%] Built target nuscenes_data_collector_issac_node
[2.300s] [100%] Built target nuscenes_data_collector_node
[2.315s] Invoked command in '/home/pengyh/documents/ros2_ws/RobotAD/build/nuscenes_data_collector' returned '0': CMAKE_PREFIX_PATH=${CMAKE_PREFIX_PATH}:/opt/ros/humble /usr/bin/cmake --build /home/pengyh/documents/ros2_ws/RobotAD/build/nuscenes_data_collector -- -j24 -l24
[2.320s] Invoking command in '/home/pengyh/documents/ros2_ws/RobotAD/build/nuscenes_data_collector': CMAKE_PREFIX_PATH=${CMAKE_PREFIX_PATH}:/opt/ros/humble /usr/bin/cmake --install /home/pengyh/documents/ros2_ws/RobotAD/build/nuscenes_data_collector
[2.327s] -- Install configuration: ""
[2.328s] -- Execute custom install script
[2.329s] -- Up-to-date symlink: /home/pengyh/documents/ros2_ws/RobotAD/install/nuscenes_data_collector/share/nuscenes_data_collector/config/nuscenes_data_collector_params.yaml
[2.329s] -- Up-to-date symlink: /home/pengyh/documents/ros2_ws/RobotAD/install/nuscenes_data_collector/share/nuscenes_data_collector/config/rviz_config.rviz
[2.330s] -- Up-to-date symlink: /home/pengyh/documents/ros2_ws/RobotAD/install/nuscenes_data_collector/share/nuscenes_data_collector/config/rviz_config_backup_six_cam.rviz
[2.331s] -- Up-to-date symlink: /home/pengyh/documents/ros2_ws/RobotAD/install/nuscenes_data_collector/lib/nuscenes_data_collector/nuscenes_data_collector_node
[2.331s] -- Up-to-date symlink: /home/pengyh/documents/ros2_ws/RobotAD/install/nuscenes_data_collector/lib/nuscenes_data_collector/nuscenes_data_collector_issac_node
[2.332s] -- Up-to-date symlink: /home/pengyh/documents/ros2_ws/RobotAD/install/nuscenes_data_collector/share/ament_index/resource_index/package_run_dependencies/nuscenes_data_collector
[2.332s] -- Up-to-date symlink: /home/pengyh/documents/ros2_ws/RobotAD/install/nuscenes_data_collector/share/ament_index/resource_index/parent_prefix_path/nuscenes_data_collector
[2.332s] -- Up-to-date symlink: /home/pengyh/documents/ros2_ws/RobotAD/install/nuscenes_data_collector/share/nuscenes_data_collector/environment/ament_prefix_path.sh
[2.333s] -- Up-to-date symlink: /home/pengyh/documents/ros2_ws/RobotAD/install/nuscenes_data_collector/share/nuscenes_data_collector/environment/ament_prefix_path.dsv
[2.333s] -- Up-to-date symlink: /home/pengyh/documents/ros2_ws/RobotAD/install/nuscenes_data_collector/share/nuscenes_data_collector/environment/path.sh
[2.333s] -- Up-to-date symlink: /home/pengyh/documents/ros2_ws/RobotAD/install/nuscenes_data_collector/share/nuscenes_data_collector/environment/path.dsv
[2.333s] -- Up-to-date symlink: /home/pengyh/documents/ros2_ws/RobotAD/install/nuscenes_data_collector/share/nuscenes_data_collector/local_setup.bash
[2.333s] -- Up-to-date symlink: /home/pengyh/documents/ros2_ws/RobotAD/install/nuscenes_data_collector/share/nuscenes_data_collector/local_setup.sh
[2.333s] -- Up-to-date symlink: /home/pengyh/documents/ros2_ws/RobotAD/install/nuscenes_data_collector/share/nuscenes_data_collector/local_setup.zsh
[2.333s] -- Up-to-date symlink: /home/pengyh/documents/ros2_ws/RobotAD/install/nuscenes_data_collector/share/nuscenes_data_collector/local_setup.dsv
[2.334s] -- Symlinking: /home/pengyh/documents/ros2_ws/RobotAD/install/nuscenes_data_collector/share/nuscenes_data_collector/package.dsv
[2.342s] -- Up-to-date symlink: /home/pengyh/documents/ros2_ws/RobotAD/install/nuscenes_data_collector/share/ament_index/resource_index/packages/nuscenes_data_collector
[2.343s] -- Up-to-date symlink: /home/pengyh/documents/ros2_ws/RobotAD/install/nuscenes_data_collector/share/nuscenes_data_collector/cmake/nuscenes_data_collectorConfig.cmake
[2.343s] -- Up-to-date symlink: /home/pengyh/documents/ros2_ws/RobotAD/install/nuscenes_data_collector/share/nuscenes_data_collector/cmake/nuscenes_data_collectorConfig-version.cmake
[2.344s] -- Up-to-date symlink: /home/pengyh/documents/ros2_ws/RobotAD/install/nuscenes_data_collector/share/nuscenes_data_collector/package.xml
[2.350s] Invoked command in '/home/pengyh/documents/ros2_ws/RobotAD/build/nuscenes_data_collector' returned '0': CMAKE_PREFIX_PATH=${CMAKE_PREFIX_PATH}:/opt/ros/humble /usr/bin/cmake --install /home/pengyh/documents/ros2_ws/RobotAD/build/nuscenes_data_collector
