[35m[1mConsolidate compiler generated dependencies of target robot_hardware_interface[0m
[  8%] Built target robot_hardware__rosidl_generator_c
[ 11%] Built target robot_hardware__cpp
[ 14%] [32mBuilding CXX object CMakeFiles/robot_hardware_interface.dir/src/robot_hardware_interface.cpp.o[0m
[ 14%] Built target ament_cmake_python_symlink_robot_hardware
[ 22%] Built target robot_hardware__rosidl_typesupport_cpp
[ 31%] Built target robot_hardware__rosidl_typesupport_introspection_c
[ 40%] Built target robot_hardware__rosidl_typesupport_introspection_cpp
[ 48%] Built target robot_hardware__rosidl_typesupport_fastrtps_c
[ 57%] Built target robot_hardware__rosidl_typesupport_fastrtps_cpp
[ 65%] Built target robot_hardware__rosidl_typesupport_c
[ 65%] Built target robot_hardware
[ 68%] Built target robot_hardware__py
[ 74%] Built target robot_hardware__rosidl_generator_py
[ 91%] Built target robot_hardware__rosidl_typesupport_introspection_c__pyext
[ 91%] Built target robot_hardware__rosidl_typesupport_c__pyext
[ 91%] Built target robot_hardware__rosidl_typesupport_fastrtps_c__pyext
running egg_info
writing robot_hardware.egg-info/PKG-INFO
writing dependency_links to robot_hardware.egg-info/dependency_links.txt
writing top-level names to robot_hardware.egg-info/top_level.txt
reading manifest file 'robot_hardware.egg-info/SOURCES.txt'
writing manifest file 'robot_hardware.egg-info/SOURCES.txt'
[ 91%] Built target ament_cmake_python_build_robot_hardware_egg
[01m[K/home/future/Documents/pengyh/RobotAD_ws/src/robot_hardware/src/robot_hardware_interface.cpp:[m[K In member function ‘[01m[Kvirtual rclcpp_lifecycle::node_interfaces::LifecycleNodeInterface::CallbackReturn RobotHardwareInterface::on_init(const hardware_interface::HardwareInfo&)[m[K’:
[01m[K/home/future/Documents/pengyh/RobotAD_ws/src/robot_hardware/src/robot_hardware_interface.cpp:11:68:[m[K [01;35m[Kwarning: [m[Kunused parameter ‘[01m[Kinfo[m[K’ [[01;35m[K]8;;https://gcc.gnu.org/onlinedocs/gcc/Warning-Options.html#index-Wunused-parameter-Wunused-parameter]8;;[m[K]
   11 |     CallbackReturn on_init([01;35m[Kconst hardware_interface::HardwareInfo &info[m[K) override {
      |                            [01;35m[K~~~~~~~~~~~~~~~~~~~~~~~~~~~~~~~~~~~~~~~~^~~~[m[K
[ 94%] [32m[1mLinking CXX shared library librobot_hardware_interface.so[0m
[ 94%] Built target robot_hardware_interface
[35m[1mConsolidate compiler generated dependencies of target hardware_manager[0m
[ 97%] [32mBuilding CXX object CMakeFiles/hardware_manager.dir/src/hardware_manager.cpp.o[0m
[100%] [32m[1mLinking CXX executable hardware_manager[0m
/usr/bin/ld: /usr/lib/gcc/x86_64-linux-gnu/12/../../../x86_64-linux-gnu/Scrt1.o: in function `_start':
(.text+0x1b): undefined reference to `main'
collect2: error: ld returned 1 exit status
gmake[2]: *** [CMakeFiles/hardware_manager.dir/build.make:345: hardware_manager] Error 1
gmake[1]: *** [CMakeFiles/Makefile2:622: CMakeFiles/hardware_manager.dir/all] Error 2
gmake: *** [Makefile:146: all] Error 2
