[0.010s] Invoking command in '/home/future/Documents/pengyh/RobotAD_ws/build/robot_hardware': CMAKE_PREFIX_PATH=${CMAKE_PREFIX_PATH}:/home/future/Documents/Robot/nav_ws/install/show_urdf:/home/future/Documents/Robot/nav_ws/install/serial_bridge:/home/future/Documents/Robot/nav_ws/install/ros_tcp_endpoint:/home/future/Documents/Robot/nav_ws/install/remove_obstacle:/home/future/Documents/Robot/nav_ws/install/keyboard_control:/opt/ros/humble CONDA_PROMPT_MODIFIER=(base) /usr/bin/cmake --build /home/future/Documents/pengyh/RobotAD_ws/build/robot_hardware -- -j24 -l24
[0.049s] [35m[1mConsolidate compiler generated dependencies of target robot_hardware_interface[0m
[0.055s] [  8%] Built target robot_hardware__rosidl_generator_c
[0.057s] [ 11%] Built target robot_hardware__cpp
[0.061s] [ 14%] [32mBuilding CXX object CMakeFiles/robot_hardware_interface.dir/src/robot_hardware_interface.cpp.o[0m
[0.062s] [ 14%] Built target ament_cmake_python_symlink_robot_hardware
[0.072s] [ 22%] Built target robot_hardware__rosidl_typesupport_cpp
[0.073s] [ 31%] Built target robot_hardware__rosidl_typesupport_introspection_c
[0.073s] [ 40%] Built target robot_hardware__rosidl_typesupport_introspection_cpp
[0.074s] [ 48%] Built target robot_hardware__rosidl_typesupport_fastrtps_c
[0.075s] [ 57%] Built target robot_hardware__rosidl_typesupport_fastrtps_cpp
[0.076s] [ 65%] Built target robot_hardware__rosidl_typesupport_c
[0.094s] [ 65%] Built target robot_hardware
[0.110s] [ 68%] Built target robot_hardware__py
[0.131s] [ 74%] Built target robot_hardware__rosidl_generator_py
[0.151s] [ 91%] Built target robot_hardware__rosidl_typesupport_introspection_c__pyext
[0.151s] [ 91%] Built target robot_hardware__rosidl_typesupport_c__pyext
[0.151s] [ 91%] Built target robot_hardware__rosidl_typesupport_fastrtps_c__pyext
[0.274s] running egg_info
[0.274s] writing robot_hardware.egg-info/PKG-INFO
[0.275s] writing dependency_links to robot_hardware.egg-info/dependency_links.txt
[0.275s] writing top-level names to robot_hardware.egg-info/top_level.txt
[0.277s] reading manifest file 'robot_hardware.egg-info/SOURCES.txt'
[0.278s] writing manifest file 'robot_hardware.egg-info/SOURCES.txt'
[0.301s] [ 91%] Built target ament_cmake_python_build_robot_hardware_egg
[1.633s] [01m[K/home/future/Documents/pengyh/RobotAD_ws/src/robot_hardware/src/robot_hardware_interface.cpp:[m[K In member function ‘[01m[Kvirtual rclcpp_lifecycle::node_interfaces::LifecycleNodeInterface::CallbackReturn RobotHardwareInterface::on_init(const hardware_interface::HardwareInfo&)[m[K’:
[1.633s] [01m[K/home/future/Documents/pengyh/RobotAD_ws/src/robot_hardware/src/robot_hardware_interface.cpp:11:68:[m[K [01;35m[Kwarning: [m[Kunused parameter ‘[01m[Kinfo[m[K’ [[01;35m[K]8;;https://gcc.gnu.org/onlinedocs/gcc/Warning-Options.html#index-Wunused-parameter-Wunused-parameter]8;;[m[K]
[1.633s]    11 |     CallbackReturn on_init([01;35m[Kconst hardware_interface::HardwareInfo &info[m[K) override {
[1.633s]       |                            [01;35m[K~~~~~~~~~~~~~~~~~~~~~~~~~~~~~~~~~~~~~~~~^~~~[m[K
[2.371s] [ 94%] [32m[1mLinking CXX shared library librobot_hardware_interface.so[0m
[2.590s] [ 94%] Built target robot_hardware_interface
[2.625s] [35m[1mConsolidate compiler generated dependencies of target hardware_manager[0m
[2.678s] [ 97%] [32mBuilding CXX object CMakeFiles/hardware_manager.dir/src/hardware_manager.cpp.o[0m
[2.737s] [100%] [32m[1mLinking CXX executable hardware_manager[0m
[3.766s] /usr/bin/ld: /usr/lib/gcc/x86_64-linux-gnu/12/../../../x86_64-linux-gnu/Scrt1.o: in function `_start':
[3.766s] (.text+0x1b): undefined reference to `main'
[3.768s] collect2: error: ld returned 1 exit status
[3.769s] gmake[2]: *** [CMakeFiles/hardware_manager.dir/build.make:345: hardware_manager] Error 1
[3.769s] gmake[1]: *** [CMakeFiles/Makefile2:622: CMakeFiles/hardware_manager.dir/all] Error 2
[3.769s] gmake: *** [Makefile:146: all] Error 2
[3.771s] Invoked command in '/home/future/Documents/pengyh/RobotAD_ws/build/robot_hardware' returned '2': CMAKE_PREFIX_PATH=${CMAKE_PREFIX_PATH}:/home/future/Documents/Robot/nav_ws/install/show_urdf:/home/future/Documents/Robot/nav_ws/install/serial_bridge:/home/future/Documents/Robot/nav_ws/install/ros_tcp_endpoint:/home/future/Documents/Robot/nav_ws/install/remove_obstacle:/home/future/Documents/Robot/nav_ws/install/keyboard_control:/opt/ros/humble CONDA_PROMPT_MODIFIER=(base) /usr/bin/cmake --build /home/future/Documents/pengyh/RobotAD_ws/build/robot_hardware -- -j24 -l24
