[0.007s] Invoking command in '/home/pengyh/documents/ros2_ws/RobotAD/build/serial_comm': CMAKE_PREFIX_PATH=/home/pengyh/documents/ros2_ws/RobotAD/install/robot_hardware:/home/pengyh/documents/ros2_ws/RobotAD/install/usb_camera:/home/pengyh/documents/ros2_ws/RobotAD/install/robot_locate:/opt/ros/humble /usr/bin/cmake --build /home/pengyh/documents/ros2_ws/RobotAD/build/serial_comm -- -j24 -l24
[0.031s] [35m[1mConsolidate compiler generated dependencies of target serial_node[0m
[0.042s] [100%] Built target serial_node
[0.051s] Invoked command in '/home/pengyh/documents/ros2_ws/RobotAD/build/serial_comm' returned '0': CMAKE_PREFIX_PATH=/home/pengyh/documents/ros2_ws/RobotAD/install/robot_hardware:/home/pengyh/documents/ros2_ws/RobotAD/install/usb_camera:/home/pengyh/documents/ros2_ws/RobotAD/install/robot_locate:/opt/ros/humble /usr/bin/cmake --build /home/pengyh/documents/ros2_ws/RobotAD/build/serial_comm -- -j24 -l24
[0.052s] Invoking command in '/home/pengyh/documents/ros2_ws/RobotAD/build/serial_comm': CMAKE_PREFIX_PATH=/home/pengyh/documents/ros2_ws/RobotAD/install/robot_hardware:/home/pengyh/documents/ros2_ws/RobotAD/install/usb_camera:/home/pengyh/documents/ros2_ws/RobotAD/install/robot_locate:/opt/ros/humble /usr/bin/cmake --install /home/pengyh/documents/ros2_ws/RobotAD/build/serial_comm
[0.056s] -- Install configuration: ""
[0.056s] -- Execute custom install script
[0.056s] -- Up-to-date symlink: /home/pengyh/documents/ros2_ws/RobotAD/install/serial_comm/lib/serial_comm/serial_node
[0.056s] -- Up-to-date symlink: /home/pengyh/documents/ros2_ws/RobotAD/install/serial_comm/share/serial_comm/launch/serial_comm.launch.py
[0.056s] -- Up-to-date symlink: /home/pengyh/documents/ros2_ws/RobotAD/install/serial_comm/share/ament_index/resource_index/package_run_dependencies/serial_comm
[0.056s] -- Up-to-date symlink: /home/pengyh/documents/ros2_ws/RobotAD/install/serial_comm/share/ament_index/resource_index/parent_prefix_path/serial_comm
[0.057s] -- Up-to-date symlink: /home/pengyh/documents/ros2_ws/RobotAD/install/serial_comm/share/serial_comm/environment/ament_prefix_path.sh
[0.057s] -- Up-to-date symlink: /home/pengyh/documents/ros2_ws/RobotAD/install/serial_comm/share/serial_comm/environment/ament_prefix_path.dsv
[0.057s] -- Up-to-date symlink: /home/pengyh/documents/ros2_ws/RobotAD/install/serial_comm/share/serial_comm/environment/path.sh
[0.057s] -- Up-to-date symlink: /home/pengyh/documents/ros2_ws/RobotAD/install/serial_comm/share/serial_comm/environment/path.dsv
[0.057s] -- Up-to-date symlink: /home/pengyh/documents/ros2_ws/RobotAD/install/serial_comm/share/serial_comm/local_setup.bash
[0.057s] -- Up-to-date symlink: /home/pengyh/documents/ros2_ws/RobotAD/install/serial_comm/share/serial_comm/local_setup.sh
[0.057s] -- Up-to-date symlink: /home/pengyh/documents/ros2_ws/RobotAD/install/serial_comm/share/serial_comm/local_setup.zsh
[0.057s] -- Up-to-date symlink: /home/pengyh/documents/ros2_ws/RobotAD/install/serial_comm/share/serial_comm/local_setup.dsv
[0.057s] -- Symlinking: /home/pengyh/documents/ros2_ws/RobotAD/install/serial_comm/share/serial_comm/package.dsv
[0.062s] -- Up-to-date symlink: /home/pengyh/documents/ros2_ws/RobotAD/install/serial_comm/share/ament_index/resource_index/packages/serial_comm
[0.062s] -- Up-to-date symlink: /home/pengyh/documents/ros2_ws/RobotAD/install/serial_comm/share/serial_comm/cmake/serial_commConfig.cmake
[0.062s] -- Up-to-date symlink: /home/pengyh/documents/ros2_ws/RobotAD/install/serial_comm/share/serial_comm/cmake/serial_commConfig-version.cmake
[0.062s] -- Up-to-date symlink: /home/pengyh/documents/ros2_ws/RobotAD/install/serial_comm/share/serial_comm/package.xml
[0.077s] Invoked command in '/home/pengyh/documents/ros2_ws/RobotAD/build/serial_comm' returned '0': CMAKE_PREFIX_PATH=/home/pengyh/documents/ros2_ws/RobotAD/install/robot_hardware:/home/pengyh/documents/ros2_ws/RobotAD/install/usb_camera:/home/pengyh/documents/ros2_ws/RobotAD/install/robot_locate:/opt/ros/humble /usr/bin/cmake --install /home/pengyh/documents/ros2_ws/RobotAD/build/serial_comm
