[0.027s] Invoking command in '/home/future/Documents/pengyh/RobotAD_ws/build/rslidar_msg': CMAKE_PREFIX_PATH=${CMAKE_PREFIX_PATH}:/opt/ros/humble /usr/bin/cmake --build /home/future/Documents/pengyh/RobotAD_ws/build/rslidar_msg -- -j24 -l24
[0.058s] [35m[1mConsolidate compiler generated dependencies of target rslidar_msg__rosidl_generator_c[0m
[0.068s] [  9%] Built target rslidar_msg__rosidl_generator_c
[0.074s] [  9%] Built target ament_cmake_python_copy_rslidar_msg
[0.075s] [ 12%] Built target rslidar_msg__cpp
[0.076s] [35m[1mConsolidate compiler generated dependencies of target rslidar_msg__rosidl_typesupport_c[0m
[0.076s] [35m[1mConsolidate compiler generated dependencies of target rslidar_msg__rosidl_typesupport_fastrtps_c[0m
[0.084s] [35m[1mConsolidate compiler generated dependencies of target rslidar_msg__rosidl_typesupport_introspection_c[0m
[0.086s] [35m[1mConsolidate compiler generated dependencies of target rslidar_msg__rosidl_typesupport_introspection_cpp[0m
[0.086s] [35m[1mConsolidate compiler generated dependencies of target rslidar_msg__rosidl_typesupport_cpp[0m
[0.087s] [35m[1mConsolidate compiler generated dependencies of target rslidar_msg__rosidl_typesupport_fastrtps_cpp[0m
[0.090s] [ 22%] Built target rslidar_msg__rosidl_typesupport_c
[0.090s] [ 32%] Built target rslidar_msg__rosidl_typesupport_fastrtps_c
[0.091s] [ 41%] Built target rslidar_msg__rosidl_typesupport_introspection_c
[0.103s] [ 51%] Built target rslidar_msg__rosidl_typesupport_introspection_cpp
[0.104s] [ 61%] Built target rslidar_msg__rosidl_typesupport_fastrtps_cpp
[0.106s] [ 70%] Built target rslidar_msg__rosidl_typesupport_cpp
[0.125s] [ 70%] Built target rslidar_msg
[0.151s] [ 74%] Built target rslidar_msg__py
[0.163s] [35m[1mConsolidate compiler generated dependencies of target rslidar_msg__rosidl_generator_py[0m
[0.177s] [ 80%] Built target rslidar_msg__rosidl_generator_py
[0.198s] [ 83%] [32mBuilding C object CMakeFiles/rslidar_msg__rosidl_typesupport_fastrtps_c__pyext.dir/rosidl_generator_py/rslidar_msg/_rslidar_msg_s.ep.rosidl_typesupport_fastrtps_c.c.o[0m
[0.199s] [ 87%] [32mBuilding C object CMakeFiles/rslidar_msg__rosidl_typesupport_introspection_c__pyext.dir/rosidl_generator_py/rslidar_msg/_rslidar_msg_s.ep.rosidl_typesupport_introspection_c.c.o[0m
[0.205s] [ 90%] [32mBuilding C object CMakeFiles/rslidar_msg__rosidl_typesupport_c__pyext.dir/rosidl_generator_py/rslidar_msg/_rslidar_msg_s.ep.rosidl_typesupport_c.c.o[0m
[0.318s] [ 93%] [32m[1mLinking C shared library rosidl_generator_py/rslidar_msg/rslidar_msg_s__rosidl_typesupport_fastrtps_c.cpython-310-x86_64-linux-gnu.so[0m
[0.323s] [ 96%] [32m[1mLinking C shared library rosidl_generator_py/rslidar_msg/rslidar_msg_s__rosidl_typesupport_c.cpython-310-x86_64-linux-gnu.so[0m
[0.325s] [100%] [32m[1mLinking C shared library rosidl_generator_py/rslidar_msg/rslidar_msg_s__rosidl_typesupport_introspection_c.cpython-310-x86_64-linux-gnu.so[0m
[0.364s] [100%] Built target rslidar_msg__rosidl_typesupport_c__pyext
[0.365s] [100%] Built target rslidar_msg__rosidl_typesupport_fastrtps_c__pyext
[0.372s] [100%] Built target rslidar_msg__rosidl_typesupport_introspection_c__pyext
[0.422s] running egg_info
[0.422s] writing rslidar_msg.egg-info/PKG-INFO
[0.423s] writing dependency_links to rslidar_msg.egg-info/dependency_links.txt
[0.423s] writing top-level names to rslidar_msg.egg-info/top_level.txt
[0.427s] reading manifest file 'rslidar_msg.egg-info/SOURCES.txt'
[0.427s] writing manifest file 'rslidar_msg.egg-info/SOURCES.txt'
[0.458s] [100%] Built target ament_cmake_python_build_rslidar_msg_egg
[0.475s] Invoked command in '/home/future/Documents/pengyh/RobotAD_ws/build/rslidar_msg' returned '0': CMAKE_PREFIX_PATH=${CMAKE_PREFIX_PATH}:/opt/ros/humble /usr/bin/cmake --build /home/future/Documents/pengyh/RobotAD_ws/build/rslidar_msg -- -j24 -l24
[0.479s] Invoking command in '/home/future/Documents/pengyh/RobotAD_ws/build/rslidar_msg': CMAKE_PREFIX_PATH=${CMAKE_PREFIX_PATH}:/opt/ros/humble /usr/bin/cmake --install /home/future/Documents/pengyh/RobotAD_ws/build/rslidar_msg
[0.489s] -- Install configuration: ""
[0.489s] -- Installing: /home/future/Documents/pengyh/RobotAD_ws/install/rslidar_msg/share/ament_index/resource_index/rosidl_interfaces/rslidar_msg
[0.490s] -- Installing: /home/future/Documents/pengyh/RobotAD_ws/install/rslidar_msg/include/rslidar_msg/rslidar_msg
[0.490s] -- Installing: /home/future/Documents/pengyh/RobotAD_ws/install/rslidar_msg/include/rslidar_msg/rslidar_msg/msg
[0.490s] -- Installing: /home/future/Documents/pengyh/RobotAD_ws/install/rslidar_msg/include/rslidar_msg/rslidar_msg/msg/rosidl_generator_c__visibility_control.h
[0.491s] -- Installing: /home/future/Documents/pengyh/RobotAD_ws/install/rslidar_msg/include/rslidar_msg/rslidar_msg/msg/rslidar_packet.h
[0.491s] -- Installing: /home/future/Documents/pengyh/RobotAD_ws/install/rslidar_msg/include/rslidar_msg/rslidar_msg/msg/detail
[0.491s] -- Installing: /home/future/Documents/pengyh/RobotAD_ws/install/rslidar_msg/include/rslidar_msg/rslidar_msg/msg/detail/rslidar_packet__struct.h
[0.492s] -- Installing: /home/future/Documents/pengyh/RobotAD_ws/install/rslidar_msg/include/rslidar_msg/rslidar_msg/msg/detail/rslidar_packet__functions.h
[0.492s] -- Installing: /home/future/Documents/pengyh/RobotAD_ws/install/rslidar_msg/include/rslidar_msg/rslidar_msg/msg/detail/rslidar_packet__functions.c
[0.493s] -- Installing: /home/future/Documents/pengyh/RobotAD_ws/install/rslidar_msg/include/rslidar_msg/rslidar_msg/msg/detail/rslidar_packet__type_support.h
[0.493s] -- Installing: /home/future/Documents/pengyh/RobotAD_ws/install/rslidar_msg/share/rslidar_msg/environment/library_path.sh
[0.494s] -- Installing: /home/future/Documents/pengyh/RobotAD_ws/install/rslidar_msg/share/rslidar_msg/environment/library_path.dsv
[0.495s] -- Installing: /home/future/Documents/pengyh/RobotAD_ws/install/rslidar_msg/lib/librslidar_msg__rosidl_generator_c.so
[0.496s] -- Set runtime path of "/home/future/Documents/pengyh/RobotAD_ws/install/rslidar_msg/lib/librslidar_msg__rosidl_generator_c.so" to ""
[0.496s] -- Up-to-date: /home/future/Documents/pengyh/RobotAD_ws/install/rslidar_msg/include/rslidar_msg/rslidar_msg
[0.496s] -- Up-to-date: /home/future/Documents/pengyh/RobotAD_ws/install/rslidar_msg/include/rslidar_msg/rslidar_msg/msg
[0.496s] -- Installing: /home/future/Documents/pengyh/RobotAD_ws/install/rslidar_msg/include/rslidar_msg/rslidar_msg/msg/rosidl_typesupport_fastrtps_c__visibility_control.h
[0.497s] -- Up-to-date: /home/future/Documents/pengyh/RobotAD_ws/install/rslidar_msg/include/rslidar_msg/rslidar_msg/msg/detail
[0.498s] -- Installing: /home/future/Documents/pengyh/RobotAD_ws/install/rslidar_msg/include/rslidar_msg/rslidar_msg/msg/detail/rslidar_packet__rosidl_typesupport_fastrtps_c.h
[0.498s] -- Installing: /home/future/Documents/pengyh/RobotAD_ws/install/rslidar_msg/lib/librslidar_msg__rosidl_typesupport_fastrtps_c.so
[0.499s] -- Set runtime path of "/home/future/Documents/pengyh/RobotAD_ws/install/rslidar_msg/lib/librslidar_msg__rosidl_typesupport_fastrtps_c.so" to ""
[0.500s] -- Up-to-date: /home/future/Documents/pengyh/RobotAD_ws/install/rslidar_msg/include/rslidar_msg/rslidar_msg
[0.500s] -- Up-to-date: /home/future/Documents/pengyh/RobotAD_ws/install/rslidar_msg/include/rslidar_msg/rslidar_msg/msg
[0.500s] -- Up-to-date: /home/future/Documents/pengyh/RobotAD_ws/install/rslidar_msg/include/rslidar_msg/rslidar_msg/msg/detail
[0.501s] -- Installing: /home/future/Documents/pengyh/RobotAD_ws/install/rslidar_msg/include/rslidar_msg/rslidar_msg/msg/detail/rslidar_packet__builder.hpp
[0.501s] -- Installing: /home/future/Documents/pengyh/RobotAD_ws/install/rslidar_msg/include/rslidar_msg/rslidar_msg/msg/detail/rslidar_packet__struct.hpp
[0.501s] -- Installing: /home/future/Documents/pengyh/RobotAD_ws/install/rslidar_msg/include/rslidar_msg/rslidar_msg/msg/detail/rslidar_packet__traits.hpp
[0.501s] -- Installing: /home/future/Documents/pengyh/RobotAD_ws/install/rslidar_msg/include/rslidar_msg/rslidar_msg/msg/rslidar_packet.hpp
[0.501s] -- Up-to-date: /home/future/Documents/pengyh/RobotAD_ws/install/rslidar_msg/include/rslidar_msg/rslidar_msg
[0.501s] -- Up-to-date: /home/future/Documents/pengyh/RobotAD_ws/install/rslidar_msg/include/rslidar_msg/rslidar_msg/msg
[0.501s] -- Installing: /home/future/Documents/pengyh/RobotAD_ws/install/rslidar_msg/include/rslidar_msg/rslidar_msg/msg/rosidl_typesupport_fastrtps_cpp__visibility_control.h
[0.501s] -- Up-to-date: /home/future/Documents/pengyh/RobotAD_ws/install/rslidar_msg/include/rslidar_msg/rslidar_msg/msg/detail
[0.501s] -- Installing: /home/future/Documents/pengyh/RobotAD_ws/install/rslidar_msg/include/rslidar_msg/rslidar_msg/msg/detail/dds_fastrtps
[0.501s] -- Installing: /home/future/Documents/pengyh/RobotAD_ws/install/rslidar_msg/include/rslidar_msg/rslidar_msg/msg/detail/rslidar_packet__rosidl_typesupport_fastrtps_cpp.hpp
[0.501s] -- Installing: /home/future/Documents/pengyh/RobotAD_ws/install/rslidar_msg/lib/librslidar_msg__rosidl_typesupport_fastrtps_cpp.so
[0.501s] -- Set runtime path of "/home/future/Documents/pengyh/RobotAD_ws/install/rslidar_msg/lib/librslidar_msg__rosidl_typesupport_fastrtps_cpp.so" to ""
[0.502s] -- Up-to-date: /home/future/Documents/pengyh/RobotAD_ws/install/rslidar_msg/include/rslidar_msg/rslidar_msg
[0.502s] -- Up-to-date: /home/future/Documents/pengyh/RobotAD_ws/install/rslidar_msg/include/rslidar_msg/rslidar_msg/msg
[0.502s] -- Up-to-date: /home/future/Documents/pengyh/RobotAD_ws/install/rslidar_msg/include/rslidar_msg/rslidar_msg/msg/detail
[0.502s] -- Installing: /home/future/Documents/pengyh/RobotAD_ws/install/rslidar_msg/include/rslidar_msg/rslidar_msg/msg/detail/rslidar_packet__type_support.c
[0.502s] -- Installing: /home/future/Documents/pengyh/RobotAD_ws/install/rslidar_msg/include/rslidar_msg/rslidar_msg/msg/detail/rslidar_packet__rosidl_typesupport_introspection_c.h
[0.502s] -- Installing: /home/future/Documents/pengyh/RobotAD_ws/install/rslidar_msg/include/rslidar_msg/rslidar_msg/msg/rosidl_typesupport_introspection_c__visibility_control.h
[0.502s] -- Installing: /home/future/Documents/pengyh/RobotAD_ws/install/rslidar_msg/lib/librslidar_msg__rosidl_typesupport_introspection_c.so
[0.502s] -- Set runtime path of "/home/future/Documents/pengyh/RobotAD_ws/install/rslidar_msg/lib/librslidar_msg__rosidl_typesupport_introspection_c.so" to ""
[0.502s] -- Installing: /home/future/Documents/pengyh/RobotAD_ws/install/rslidar_msg/lib/librslidar_msg__rosidl_typesupport_c.so
[0.502s] -- Set runtime path of "/home/future/Documents/pengyh/RobotAD_ws/install/rslidar_msg/lib/librslidar_msg__rosidl_typesupport_c.so" to ""
[0.502s] -- Up-to-date: /home/future/Documents/pengyh/RobotAD_ws/install/rslidar_msg/include/rslidar_msg/rslidar_msg
[0.502s] -- Up-to-date: /home/future/Documents/pengyh/RobotAD_ws/install/rslidar_msg/include/rslidar_msg/rslidar_msg/msg
[0.502s] -- Up-to-date: /home/future/Documents/pengyh/RobotAD_ws/install/rslidar_msg/include/rslidar_msg/rslidar_msg/msg/detail
[0.503s] -- Installing: /home/future/Documents/pengyh/RobotAD_ws/install/rslidar_msg/include/rslidar_msg/rslidar_msg/msg/detail/rslidar_packet__type_support.cpp
[0.503s] -- Installing: /home/future/Documents/pengyh/RobotAD_ws/install/rslidar_msg/include/rslidar_msg/rslidar_msg/msg/detail/rslidar_packet__rosidl_typesupport_introspection_cpp.hpp
[0.503s] -- Installing: /home/future/Documents/pengyh/RobotAD_ws/install/rslidar_msg/lib/librslidar_msg__rosidl_typesupport_introspection_cpp.so
[0.504s] -- Set runtime path of "/home/future/Documents/pengyh/RobotAD_ws/install/rslidar_msg/lib/librslidar_msg__rosidl_typesupport_introspection_cpp.so" to ""
[0.504s] -- Installing: /home/future/Documents/pengyh/RobotAD_ws/install/rslidar_msg/lib/librslidar_msg__rosidl_typesupport_cpp.so
[0.504s] -- Set runtime path of "/home/future/Documents/pengyh/RobotAD_ws/install/rslidar_msg/lib/librslidar_msg__rosidl_typesupport_cpp.so" to ""
[0.505s] -- Installing: /home/future/Documents/pengyh/RobotAD_ws/install/rslidar_msg/share/rslidar_msg/environment/pythonpath.sh
[0.505s] -- Installing: /home/future/Documents/pengyh/RobotAD_ws/install/rslidar_msg/share/rslidar_msg/environment/pythonpath.dsv
[0.506s] -- Installing: /home/future/Documents/pengyh/RobotAD_ws/install/rslidar_msg/local/lib/python3.10/dist-packages/rslidar_msg-0.0.0-py3.10.egg-info
[0.506s] -- Installing: /home/future/Documents/pengyh/RobotAD_ws/install/rslidar_msg/local/lib/python3.10/dist-packages/rslidar_msg-0.0.0-py3.10.egg-info/top_level.txt
[0.506s] -- Installing: /home/future/Documents/pengyh/RobotAD_ws/install/rslidar_msg/local/lib/python3.10/dist-packages/rslidar_msg-0.0.0-py3.10.egg-info/PKG-INFO
[0.507s] -- Installing: /home/future/Documents/pengyh/RobotAD_ws/install/rslidar_msg/local/lib/python3.10/dist-packages/rslidar_msg-0.0.0-py3.10.egg-info/dependency_links.txt
[0.507s] -- Installing: /home/future/Documents/pengyh/RobotAD_ws/install/rslidar_msg/local/lib/python3.10/dist-packages/rslidar_msg-0.0.0-py3.10.egg-info/SOURCES.txt
[0.507s] -- Installing: /home/future/Documents/pengyh/RobotAD_ws/install/rslidar_msg/local/lib/python3.10/dist-packages/rslidar_msg
[0.507s] -- Installing: /home/future/Documents/pengyh/RobotAD_ws/install/rslidar_msg/local/lib/python3.10/dist-packages/rslidar_msg/rslidar_msg_s__rosidl_typesupport_c.cpython-310-x86_64-linux-gnu.so
[0.507s] -- Installing: /home/future/Documents/pengyh/RobotAD_ws/install/rslidar_msg/local/lib/python3.10/dist-packages/rslidar_msg/rslidar_msg_s__rosidl_typesupport_fastrtps_c.cpython-310-x86_64-linux-gnu.so
[0.507s] -- Installing: /home/future/Documents/pengyh/RobotAD_ws/install/rslidar_msg/local/lib/python3.10/dist-packages/rslidar_msg/rslidar_msg_s__rosidl_typesupport_introspection_c.cpython-310-x86_64-linux-gnu.so
[0.507s] -- Installing: /home/future/Documents/pengyh/RobotAD_ws/install/rslidar_msg/local/lib/python3.10/dist-packages/rslidar_msg/msg
[0.507s] -- Installing: /home/future/Documents/pengyh/RobotAD_ws/install/rslidar_msg/local/lib/python3.10/dist-packages/rslidar_msg/msg/_rslidar_packet_s.c
[0.507s] -- Installing: /home/future/Documents/pengyh/RobotAD_ws/install/rslidar_msg/local/lib/python3.10/dist-packages/rslidar_msg/msg/_rslidar_packet.py
[0.507s] -- Installing: /home/future/Documents/pengyh/RobotAD_ws/install/rslidar_msg/local/lib/python3.10/dist-packages/rslidar_msg/msg/__init__.py
[0.507s] -- Installing: /home/future/Documents/pengyh/RobotAD_ws/install/rslidar_msg/local/lib/python3.10/dist-packages/rslidar_msg/_rslidar_msg_s.ep.rosidl_typesupport_fastrtps_c.c
[0.507s] -- Installing: /home/future/Documents/pengyh/RobotAD_ws/install/rslidar_msg/local/lib/python3.10/dist-packages/rslidar_msg/__init__.py
[0.507s] -- Installing: /home/future/Documents/pengyh/RobotAD_ws/install/rslidar_msg/local/lib/python3.10/dist-packages/rslidar_msg/librslidar_msg__rosidl_generator_py.so
[0.507s] -- Installing: /home/future/Documents/pengyh/RobotAD_ws/install/rslidar_msg/local/lib/python3.10/dist-packages/rslidar_msg/_rslidar_msg_s.ep.rosidl_typesupport_c.c
[0.507s] -- Installing: /home/future/Documents/pengyh/RobotAD_ws/install/rslidar_msg/local/lib/python3.10/dist-packages/rslidar_msg/_rslidar_msg_s.ep.rosidl_typesupport_introspection_c.c
[0.549s] Listing '/home/future/Documents/pengyh/RobotAD_ws/install/rslidar_msg/local/lib/python3.10/dist-packages/rslidar_msg'...
[0.549s] Compiling '/home/future/Documents/pengyh/RobotAD_ws/install/rslidar_msg/local/lib/python3.10/dist-packages/rslidar_msg/__init__.py'...
[0.550s] Listing '/home/future/Documents/pengyh/RobotAD_ws/install/rslidar_msg/local/lib/python3.10/dist-packages/rslidar_msg/msg'...
[0.550s] Compiling '/home/future/Documents/pengyh/RobotAD_ws/install/rslidar_msg/local/lib/python3.10/dist-packages/rslidar_msg/msg/__init__.py'...
[0.550s] Compiling '/home/future/Documents/pengyh/RobotAD_ws/install/rslidar_msg/local/lib/python3.10/dist-packages/rslidar_msg/msg/_rslidar_packet.py'...
[0.555s] -- Installing: /home/future/Documents/pengyh/RobotAD_ws/install/rslidar_msg/local/lib/python3.10/dist-packages/rslidar_msg/rslidar_msg_s__rosidl_typesupport_fastrtps_c.cpython-310-x86_64-linux-gnu.so
[0.555s] -- Set runtime path of "/home/future/Documents/pengyh/RobotAD_ws/install/rslidar_msg/local/lib/python3.10/dist-packages/rslidar_msg/rslidar_msg_s__rosidl_typesupport_fastrtps_c.cpython-310-x86_64-linux-gnu.so" to ""
[0.555s] -- Installing: /home/future/Documents/pengyh/RobotAD_ws/install/rslidar_msg/local/lib/python3.10/dist-packages/rslidar_msg/rslidar_msg_s__rosidl_typesupport_introspection_c.cpython-310-x86_64-linux-gnu.so
[0.555s] -- Set runtime path of "/home/future/Documents/pengyh/RobotAD_ws/install/rslidar_msg/local/lib/python3.10/dist-packages/rslidar_msg/rslidar_msg_s__rosidl_typesupport_introspection_c.cpython-310-x86_64-linux-gnu.so" to ""
[0.556s] -- Installing: /home/future/Documents/pengyh/RobotAD_ws/install/rslidar_msg/local/lib/python3.10/dist-packages/rslidar_msg/rslidar_msg_s__rosidl_typesupport_c.cpython-310-x86_64-linux-gnu.so
[0.556s] -- Set runtime path of "/home/future/Documents/pengyh/RobotAD_ws/install/rslidar_msg/local/lib/python3.10/dist-packages/rslidar_msg/rslidar_msg_s__rosidl_typesupport_c.cpython-310-x86_64-linux-gnu.so" to ""
[0.556s] -- Installing: /home/future/Documents/pengyh/RobotAD_ws/install/rslidar_msg/lib/librslidar_msg__rosidl_generator_py.so
[0.557s] -- Set runtime path of "/home/future/Documents/pengyh/RobotAD_ws/install/rslidar_msg/lib/librslidar_msg__rosidl_generator_py.so" to ""
[0.557s] -- Installing: /home/future/Documents/pengyh/RobotAD_ws/install/rslidar_msg/share/rslidar_msg/msg/RslidarPacket.idl
[0.557s] -- Installing: /home/future/Documents/pengyh/RobotAD_ws/install/rslidar_msg/share/rslidar_msg/msg/RslidarPacket.msg
[0.557s] -- Installing: /home/future/Documents/pengyh/RobotAD_ws/install/rslidar_msg/share/ament_index/resource_index/package_run_dependencies/rslidar_msg
[0.557s] -- Installing: /home/future/Documents/pengyh/RobotAD_ws/install/rslidar_msg/share/ament_index/resource_index/parent_prefix_path/rslidar_msg
[0.557s] -- Installing: /home/future/Documents/pengyh/RobotAD_ws/install/rslidar_msg/share/rslidar_msg/environment/ament_prefix_path.sh
[0.557s] -- Installing: /home/future/Documents/pengyh/RobotAD_ws/install/rslidar_msg/share/rslidar_msg/environment/ament_prefix_path.dsv
[0.557s] -- Installing: /home/future/Documents/pengyh/RobotAD_ws/install/rslidar_msg/share/rslidar_msg/environment/path.sh
[0.558s] -- Installing: /home/future/Documents/pengyh/RobotAD_ws/install/rslidar_msg/share/rslidar_msg/environment/path.dsv
[0.558s] -- Installing: /home/future/Documents/pengyh/RobotAD_ws/install/rslidar_msg/share/rslidar_msg/local_setup.bash
[0.558s] -- Installing: /home/future/Documents/pengyh/RobotAD_ws/install/rslidar_msg/share/rslidar_msg/local_setup.sh
[0.558s] -- Installing: /home/future/Documents/pengyh/RobotAD_ws/install/rslidar_msg/share/rslidar_msg/local_setup.zsh
[0.559s] -- Installing: /home/future/Documents/pengyh/RobotAD_ws/install/rslidar_msg/share/rslidar_msg/local_setup.dsv
[0.559s] -- Installing: /home/future/Documents/pengyh/RobotAD_ws/install/rslidar_msg/share/rslidar_msg/package.dsv
[0.560s] -- Installing: /home/future/Documents/pengyh/RobotAD_ws/install/rslidar_msg/share/ament_index/resource_index/packages/rslidar_msg
[0.560s] -- Installing: /home/future/Documents/pengyh/RobotAD_ws/install/rslidar_msg/share/rslidar_msg/cmake/export_rslidar_msg__rosidl_generator_cExport.cmake
[0.561s] -- Installing: /home/future/Documents/pengyh/RobotAD_ws/install/rslidar_msg/share/rslidar_msg/cmake/export_rslidar_msg__rosidl_generator_cExport-noconfig.cmake
[0.561s] -- Installing: /home/future/Documents/pengyh/RobotAD_ws/install/rslidar_msg/share/rslidar_msg/cmake/export_rslidar_msg__rosidl_typesupport_fastrtps_cExport.cmake
[0.561s] -- Installing: /home/future/Documents/pengyh/RobotAD_ws/install/rslidar_msg/share/rslidar_msg/cmake/export_rslidar_msg__rosidl_typesupport_fastrtps_cExport-noconfig.cmake
[0.562s] -- Installing: /home/future/Documents/pengyh/RobotAD_ws/install/rslidar_msg/share/rslidar_msg/cmake/export_rslidar_msg__rosidl_generator_cppExport.cmake
[0.562s] -- Installing: /home/future/Documents/pengyh/RobotAD_ws/install/rslidar_msg/share/rslidar_msg/cmake/export_rslidar_msg__rosidl_typesupport_fastrtps_cppExport.cmake
[0.563s] -- Installing: /home/future/Documents/pengyh/RobotAD_ws/install/rslidar_msg/share/rslidar_msg/cmake/export_rslidar_msg__rosidl_typesupport_fastrtps_cppExport-noconfig.cmake
[0.563s] -- Installing: /home/future/Documents/pengyh/RobotAD_ws/install/rslidar_msg/share/rslidar_msg/cmake/rslidar_msg__rosidl_typesupport_introspection_cExport.cmake
[0.563s] -- Installing: /home/future/Documents/pengyh/RobotAD_ws/install/rslidar_msg/share/rslidar_msg/cmake/rslidar_msg__rosidl_typesupport_introspection_cExport-noconfig.cmake
[0.564s] -- Installing: /home/future/Documents/pengyh/RobotAD_ws/install/rslidar_msg/share/rslidar_msg/cmake/rslidar_msg__rosidl_typesupport_cExport.cmake
[0.564s] -- Installing: /home/future/Documents/pengyh/RobotAD_ws/install/rslidar_msg/share/rslidar_msg/cmake/rslidar_msg__rosidl_typesupport_cExport-noconfig.cmake
[0.564s] -- Installing: /home/future/Documents/pengyh/RobotAD_ws/install/rslidar_msg/share/rslidar_msg/cmake/rslidar_msg__rosidl_typesupport_introspection_cppExport.cmake
[0.564s] -- Installing: /home/future/Documents/pengyh/RobotAD_ws/install/rslidar_msg/share/rslidar_msg/cmake/rslidar_msg__rosidl_typesupport_introspection_cppExport-noconfig.cmake
[0.565s] -- Installing: /home/future/Documents/pengyh/RobotAD_ws/install/rslidar_msg/share/rslidar_msg/cmake/rslidar_msg__rosidl_typesupport_cppExport.cmake
[0.565s] -- Installing: /home/future/Documents/pengyh/RobotAD_ws/install/rslidar_msg/share/rslidar_msg/cmake/rslidar_msg__rosidl_typesupport_cppExport-noconfig.cmake
[0.565s] -- Installing: /home/future/Documents/pengyh/RobotAD_ws/install/rslidar_msg/share/rslidar_msg/cmake/export_rslidar_msg__rosidl_generator_pyExport.cmake
[0.566s] -- Installing: /home/future/Documents/pengyh/RobotAD_ws/install/rslidar_msg/share/rslidar_msg/cmake/export_rslidar_msg__rosidl_generator_pyExport-noconfig.cmake
[0.566s] -- Installing: /home/future/Documents/pengyh/RobotAD_ws/install/rslidar_msg/share/rslidar_msg/cmake/rosidl_cmake-extras.cmake
[0.566s] -- Installing: /home/future/Documents/pengyh/RobotAD_ws/install/rslidar_msg/share/rslidar_msg/cmake/ament_cmake_export_dependencies-extras.cmake
[0.566s] -- Installing: /home/future/Documents/pengyh/RobotAD_ws/install/rslidar_msg/share/rslidar_msg/cmake/ament_cmake_export_include_directories-extras.cmake
[0.567s] -- Installing: /home/future/Documents/pengyh/RobotAD_ws/install/rslidar_msg/share/rslidar_msg/cmake/ament_cmake_export_libraries-extras.cmake
[0.567s] -- Installing: /home/future/Documents/pengyh/RobotAD_ws/install/rslidar_msg/share/rslidar_msg/cmake/ament_cmake_export_targets-extras.cmake
[0.567s] -- Installing: /home/future/Documents/pengyh/RobotAD_ws/install/rslidar_msg/share/rslidar_msg/cmake/rosidl_cmake_export_typesupport_targets-extras.cmake
[0.568s] -- Installing: /home/future/Documents/pengyh/RobotAD_ws/install/rslidar_msg/share/rslidar_msg/cmake/rosidl_cmake_export_typesupport_libraries-extras.cmake
[0.568s] -- Installing: /home/future/Documents/pengyh/RobotAD_ws/install/rslidar_msg/share/rslidar_msg/cmake/rslidar_msgConfig.cmake
[0.568s] -- Installing: /home/future/Documents/pengyh/RobotAD_ws/install/rslidar_msg/share/rslidar_msg/cmake/rslidar_msgConfig-version.cmake
[0.568s] -- Installing: /home/future/Documents/pengyh/RobotAD_ws/install/rslidar_msg/share/rslidar_msg/package.xml
[0.570s] Invoked command in '/home/future/Documents/pengyh/RobotAD_ws/build/rslidar_msg' returned '0': CMAKE_PREFIX_PATH=${CMAKE_PREFIX_PATH}:/opt/ros/humble /usr/bin/cmake --install /home/future/Documents/pengyh/RobotAD_ws/build/rslidar_msg
