[0.022s] Invoking command in '/home/future/Documents/pengyh/RobotAD_ws/build/diff_control': CMAKE_PREFIX_PATH=${CMAKE_PREFIX_PATH}:/opt/ros/humble /usr/bin/cmake --build /home/future/Documents/pengyh/RobotAD_ws/build/diff_control -- -j24 -l24
[0.040s] -- Found ament_cmake: 1.3.10 (/opt/ros/humble/share/ament_cmake/cmake)
[0.132s] -- Found hardware_interface: 2.43.1 (/opt/ros/humble/share/hardware_interface/cmake)
[0.154s] -- Found rosidl_generator_c: 3.1.5 (/opt/ros/humble/share/rosidl_generator_c/cmake)
[0.155s] -- Found rosidl_adapter: 3.1.5 (/opt/ros/humble/share/rosidl_adapter/cmake)
[0.159s] -- Found rosidl_generator_cpp: 3.1.5 (/opt/ros/humble/share/rosidl_generator_cpp/cmake)
[0.165s] -- Using all available rosidl_typesupport_c: rosidl_typesupport_fastrtps_c;rosidl_typesupport_introspection_c
[0.173s] -- Using all available rosidl_typesupport_cpp: rosidl_typesupport_fastrtps_cpp;rosidl_typesupport_introspection_cpp
[0.273s] -- Found rmw_implementation_cmake: 6.1.2 (/opt/ros/humble/share/rmw_implementation_cmake/cmake)
[0.274s] -- Found rmw_fastrtps_cpp: 6.2.7 (/opt/ros/humble/share/rmw_fastrtps_cpp/cmake)
[0.285s] -- Found TinyXML2 via Config file: TinyXML2_DIR-NOTFOUND
[0.291s] -- Found TinyXML2 via Config file: TinyXML2_DIR-NOTFOUND
[0.304s] -- Found TinyXML2 via Config file: TinyXML2_DIR-NOTFOUND
[0.309s] -- Found TinyXML2 via Config file: TinyXML2_DIR-NOTFOUND
[0.316s] -- Using RMW implementation 'rmw_fastrtps_cpp' as default
[0.343s] -- Found rclcpp_components: 16.0.10 (/opt/ros/humble/share/rclcpp_components/cmake)
[0.353s] -- Found robot_hardware: 0.0.1 (/home/future/Documents/pengyh/RobotAD_ws/install/robot_hardware/share/robot_hardware/cmake)
[0.369s] -- Found ament_cmake_pytest: 1.3.10 (/opt/ros/humble/share/ament_cmake_pytest/cmake)
[0.790s] -- Configuring done
[0.811s] -- Generating done
[0.815s] -- Build files have been written to: /home/future/Documents/pengyh/RobotAD_ws/build/diff_control
[0.834s] [35m[1mConsolidate compiler generated dependencies of target serial_bridge_node[0m
[0.834s] [35m[1mConsolidate compiler generated dependencies of target diff_control[0m
[0.844s] [ 50%] Built target diff_control
[0.844s] [ 75%] [32mBuilding CXX object CMakeFiles/serial_bridge_node.dir/hardware/serial_bridge_node.cpp.o[0m
[3.561s] [100%] [32m[1mLinking CXX executable serial_bridge_node[0m
[3.660s] [100%] Built target serial_bridge_node
[3.672s] Invoked command in '/home/future/Documents/pengyh/RobotAD_ws/build/diff_control' returned '0': CMAKE_PREFIX_PATH=${CMAKE_PREFIX_PATH}:/opt/ros/humble /usr/bin/cmake --build /home/future/Documents/pengyh/RobotAD_ws/build/diff_control -- -j24 -l24
[3.673s] Invoking command in '/home/future/Documents/pengyh/RobotAD_ws/build/diff_control': CMAKE_PREFIX_PATH=${CMAKE_PREFIX_PATH}:/opt/ros/humble /usr/bin/cmake --install /home/future/Documents/pengyh/RobotAD_ws/build/diff_control
[3.677s] -- Install configuration: ""
[3.677s] -- Up-to-date: /home/future/Documents/pengyh/RobotAD_ws/install/diff_control/share/diff_control/diff_control.xml
[3.677s] -- Up-to-date: /home/future/Documents/pengyh/RobotAD_ws/install/diff_control/share/diff_control/world
[3.678s] -- Up-to-date: /home/future/Documents/pengyh/RobotAD_ws/install/diff_control/share/diff_control/world/sim_world.sdf
[3.678s] -- Up-to-date: /home/future/Documents/pengyh/RobotAD_ws/install/diff_control/share/diff_control/world/sim_world_2.sdf
[3.678s] -- Up-to-date: /home/future/Documents/pengyh/RobotAD_ws/install/diff_control/share/diff_control/world/sim_world2.sdf
[3.678s] -- Up-to-date: /home/future/Documents/pengyh/RobotAD_ws/install/diff_control/share/diff_control/world/obstacles.world
[3.678s] -- Up-to-date: /home/future/Documents/pengyh/RobotAD_ws/install/diff_control/include/diff_control
[3.678s] -- Up-to-date: /home/future/Documents/pengyh/RobotAD_ws/install/diff_control/include/diff_control/diff_control
[3.678s] -- Up-to-date: /home/future/Documents/pengyh/RobotAD_ws/install/diff_control/include/diff_control/diff_control/wheel.hpp
[3.678s] -- Up-to-date: /home/future/Documents/pengyh/RobotAD_ws/install/diff_control/include/diff_control/diff_control/serial_bridge.hpp
[3.678s] -- Up-to-date: /home/future/Documents/pengyh/RobotAD_ws/install/diff_control/include/diff_control/diff_control/diffbot_system.hpp
[3.678s] -- Up-to-date: /home/future/Documents/pengyh/RobotAD_ws/install/diff_control/include/diff_control/diff_control/visibility_control.h
[3.678s] -- Up-to-date: /home/future/Documents/pengyh/RobotAD_ws/install/diff_control/share/diff_control/launch
[3.678s] -- Up-to-date: /home/future/Documents/pengyh/RobotAD_ws/install/diff_control/share/diff_control/launch/view_robot.launch.py
[3.678s] -- Up-to-date: /home/future/Documents/pengyh/RobotAD_ws/install/diff_control/share/diff_control/ros2_control
[3.678s] -- Up-to-date: /home/future/Documents/pengyh/RobotAD_ws/install/diff_control/share/diff_control/ros2_control/diffbot.materials.xacro
[3.678s] -- Up-to-date: /home/future/Documents/pengyh/RobotAD_ws/install/diff_control/share/diff_control/ros2_control/diffbot_model_our.urdf.xacro
[3.678s] -- Up-to-date: /home/future/Documents/pengyh/RobotAD_ws/install/diff_control/share/diff_control/ros2_control/inertial_macros.xacro
[3.678s] -- Up-to-date: /home/future/Documents/pengyh/RobotAD_ws/install/diff_control/share/diff_control/ros2_control/diffbot.ros2_control.xacro
[3.679s] -- Up-to-date: /home/future/Documents/pengyh/RobotAD_ws/install/diff_control/share/diff_control/ros2_control/lidar.xacro
[3.679s] -- Up-to-date: /home/future/Documents/pengyh/RobotAD_ws/install/diff_control/share/diff_control/urdf
[3.679s] -- Up-to-date: /home/future/Documents/pengyh/RobotAD_ws/install/diff_control/share/diff_control/urdf/diffbot.urdf.xacro
[3.679s] -- Up-to-date: /home/future/Documents/pengyh/RobotAD_ws/install/diff_control/share/diff_control/launch
[3.679s] -- Up-to-date: /home/future/Documents/pengyh/RobotAD_ws/install/diff_control/share/diff_control/launch/diffbot_sim.launch.py
[3.679s] -- Up-to-date: /home/future/Documents/pengyh/RobotAD_ws/install/diff_control/share/diff_control/launch/diffbot.launch.py
[3.679s] -- Up-to-date: /home/future/Documents/pengyh/RobotAD_ws/install/diff_control/share/diff_control/launch/__pycache__
[3.679s] -- Up-to-date: /home/future/Documents/pengyh/RobotAD_ws/install/diff_control/share/diff_control/launch/__pycache__/diffbot.launch.cpython-310.pyc
[3.679s] -- Up-to-date: /home/future/Documents/pengyh/RobotAD_ws/install/diff_control/share/diff_control/config
[3.679s] -- Up-to-date: /home/future/Documents/pengyh/RobotAD_ws/install/diff_control/share/diff_control/config/gazebo_params.yaml
[3.679s] -- Up-to-date: /home/future/Documents/pengyh/RobotAD_ws/install/diff_control/share/diff_control/config/diffbot_controllers.yaml
[3.679s] -- Up-to-date: /home/future/Documents/pengyh/RobotAD_ws/install/diff_control/share/diff_control/config/urdf.rviz
[3.679s] -- Up-to-date: /home/future/Documents/pengyh/RobotAD_ws/install/diff_control/share/diff_control/config/gazebo_use_sim_control.yaml
[3.680s] -- Up-to-date: /home/future/Documents/pengyh/RobotAD_ws/install/diff_control/share/diff_control/config/urdf.rviz.old
[3.680s] -- Up-to-date: /home/future/Documents/pengyh/RobotAD_ws/install/diff_control/lib/libdiff_control.so
[3.680s] -- Installing: /home/future/Documents/pengyh/RobotAD_ws/install/diff_control/lib/diff_control/serial_bridge_node
[3.680s] -- Set runtime path of "/home/future/Documents/pengyh/RobotAD_ws/install/diff_control/lib/diff_control/serial_bridge_node" to ""
[3.680s] -- Up-to-date: /home/future/Documents/pengyh/RobotAD_ws/install/diff_control/lib/diff_control/serial_bridge_node
[3.680s] -- Up-to-date: /home/future/Documents/pengyh/RobotAD_ws/install/diff_control/share/diff_control/environment/library_path.sh
[3.680s] -- Installing: /home/future/Documents/pengyh/RobotAD_ws/install/diff_control/share/diff_control/environment/library_path.dsv
[3.680s] -- Up-to-date: /home/future/Documents/pengyh/RobotAD_ws/install/diff_control/share/ament_index/resource_index/package_run_dependencies/diff_control
[3.680s] -- Up-to-date: /home/future/Documents/pengyh/RobotAD_ws/install/diff_control/share/ament_index/resource_index/parent_prefix_path/diff_control
[3.681s] -- Up-to-date: /home/future/Documents/pengyh/RobotAD_ws/install/diff_control/share/diff_control/environment/ament_prefix_path.sh
[3.681s] -- Installing: /home/future/Documents/pengyh/RobotAD_ws/install/diff_control/share/diff_control/environment/ament_prefix_path.dsv
[3.681s] -- Up-to-date: /home/future/Documents/pengyh/RobotAD_ws/install/diff_control/share/diff_control/environment/path.sh
[3.681s] -- Installing: /home/future/Documents/pengyh/RobotAD_ws/install/diff_control/share/diff_control/environment/path.dsv
[3.681s] -- Up-to-date: /home/future/Documents/pengyh/RobotAD_ws/install/diff_control/share/diff_control/local_setup.bash
[3.681s] -- Up-to-date: /home/future/Documents/pengyh/RobotAD_ws/install/diff_control/share/diff_control/local_setup.sh
[3.681s] -- Up-to-date: /home/future/Documents/pengyh/RobotAD_ws/install/diff_control/share/diff_control/local_setup.zsh
[3.681s] -- Installing: /home/future/Documents/pengyh/RobotAD_ws/install/diff_control/share/diff_control/local_setup.dsv
[3.681s] -- Installing: /home/future/Documents/pengyh/RobotAD_ws/install/diff_control/share/diff_control/package.dsv
[3.681s] -- Up-to-date: /home/future/Documents/pengyh/RobotAD_ws/install/diff_control/share/ament_index/resource_index/packages/diff_control
[3.681s] -- Up-to-date: /home/future/Documents/pengyh/RobotAD_ws/install/diff_control/share/ament_index/resource_index/hardware_interface__pluginlib__plugin/diff_control
[3.681s] -- Up-to-date: /home/future/Documents/pengyh/RobotAD_ws/install/diff_control/share/diff_control/cmake/export_diff_controlExport.cmake
[3.681s] -- Up-to-date: /home/future/Documents/pengyh/RobotAD_ws/install/diff_control/share/diff_control/cmake/export_diff_controlExport-noconfig.cmake
[3.681s] -- Up-to-date: /home/future/Documents/pengyh/RobotAD_ws/install/diff_control/share/diff_control/cmake/ament_cmake_export_targets-extras.cmake
[3.681s] -- Up-to-date: /home/future/Documents/pengyh/RobotAD_ws/install/diff_control/share/diff_control/cmake/ament_cmake_export_dependencies-extras.cmake
[3.681s] -- Up-to-date: /home/future/Documents/pengyh/RobotAD_ws/install/diff_control/share/diff_control/cmake/diff_controlConfig.cmake
[3.681s] -- Up-to-date: /home/future/Documents/pengyh/RobotAD_ws/install/diff_control/share/diff_control/cmake/diff_controlConfig-version.cmake
[3.681s] -- Up-to-date: /home/future/Documents/pengyh/RobotAD_ws/install/diff_control/share/diff_control/package.xml
[3.682s] Invoked command in '/home/future/Documents/pengyh/RobotAD_ws/build/diff_control' returned '0': CMAKE_PREFIX_PATH=${CMAKE_PREFIX_PATH}:/opt/ros/humble /usr/bin/cmake --install /home/future/Documents/pengyh/RobotAD_ws/build/diff_control
