[0.051s] Invoking command in '/home/pengyh/documents/ros2_ws/RobotAD/build/serial_comm': CMAKE_PREFIX_PATH=/home/pengyh/documents/ros2_ws/RobotAD/install/robot_hardware:/home/pengyh/documents/ros2_ws/RobotAD/install/usb_camera:/home/pengyh/documents/ros2_ws/RobotAD/install/serial_comm:/home/pengyh/documents/ros2_ws/RobotAD/install/rslidar_sdk:/home/pengyh/documents/ros2_ws/RobotAD/install/rslidar_msg:/home/pengyh/documents/ros2_ws/RobotAD/install/robot_locate:/home/pengyh/documents/ros2_ws/RobotAD/install/pointcloud_to_laserscan:/home/pengyh/documents/ros2_ws/RobotAD/install/nuscenes_data_collector:/home/pengyh/documents/ros2_ws/RobotAD/install/miiboo_imu:/home/pengyh/documents/ros2_ws/RobotAD/install/keyboard_control:/home/pengyh/documents/ros2_ws/RobotAD/install/diff_control:/opt/ros/humble LD_LIBRARY_PATH=/home/pengyh/documents/ros2_ws/RobotAD/install/robot_hardware/lib:/home/pengyh/documents/ros2_ws/RobotAD/install/rslidar_msg/lib:/home/pengyh/documents/ros2_ws/RobotAD/install/pointcloud_to_laserscan/lib:/home/pengyh/documents/ros2_ws/RobotAD/install/diff_control/lib:/opt/ros/humble/opt/rviz_ogre_vendor/lib:/opt/ros/humble/lib/x86_64-linux-gnu:/opt/ros/humble/lib /usr/bin/cmake /home/pengyh/documents/ros2_ws/RobotAD/src/serial_comm -DCMAKE_INSTALL_PREFIX=/home/pengyh/documents/ros2_ws/RobotAD/install/serial_comm
[0.059s] -- Found ament_cmake: 1.3.11 (/opt/ros/humble/share/ament_cmake/cmake)
[0.215s] -- Override CMake install command with custom implementation using symlinks instead of copying resources
[0.223s] -- Found rclcpp: 16.0.11 (/opt/ros/humble/share/rclcpp/cmake)
[0.261s] -- Found rosidl_generator_c: 3.1.6 (/opt/ros/humble/share/rosidl_generator_c/cmake)
[0.264s] -- Found rosidl_adapter: 3.1.6 (/opt/ros/humble/share/rosidl_adapter/cmake)
[0.271s] -- Found rosidl_generator_cpp: 3.1.6 (/opt/ros/humble/share/rosidl_generator_cpp/cmake)
[0.283s] -- Using all available rosidl_typesupport_c: rosidl_typesupport_fastrtps_c;rosidl_typesupport_introspection_c
[0.297s] -- Using all available rosidl_typesupport_cpp: rosidl_typesupport_fastrtps_cpp;rosidl_typesupport_introspection_cpp
[0.335s] -- Found rmw_implementation_cmake: 6.1.2 (/opt/ros/humble/share/rmw_implementation_cmake/cmake)
[0.337s] -- Found rmw_cyclonedds_cpp: 1.3.4 (/opt/ros/humble/share/rmw_cyclonedds_cpp/cmake)
[0.358s] -- Using RMW implementation 'rmw_cyclonedds_cpp' as default
[0.439s] -- Found serial: 1.2.1 (/usr/local/share/serial/cmake)
[0.440s] -- Found robot_hardware: 0.0.1 (/home/pengyh/documents/ros2_ws/RobotAD/install/robot_hardware/share/robot_hardware/cmake)
[0.569s] -- Configuring done
[0.581s] -- Generating done
[0.585s] -- Build files have been written to: /home/pengyh/documents/ros2_ws/RobotAD/build/serial_comm
[0.592s] Invoked command in '/home/pengyh/documents/ros2_ws/RobotAD/build/serial_comm' returned '0': CMAKE_PREFIX_PATH=/home/pengyh/documents/ros2_ws/RobotAD/install/robot_hardware:/home/pengyh/documents/ros2_ws/RobotAD/install/usb_camera:/home/pengyh/documents/ros2_ws/RobotAD/install/serial_comm:/home/pengyh/documents/ros2_ws/RobotAD/install/rslidar_sdk:/home/pengyh/documents/ros2_ws/RobotAD/install/rslidar_msg:/home/pengyh/documents/ros2_ws/RobotAD/install/robot_locate:/home/pengyh/documents/ros2_ws/RobotAD/install/pointcloud_to_laserscan:/home/pengyh/documents/ros2_ws/RobotAD/install/nuscenes_data_collector:/home/pengyh/documents/ros2_ws/RobotAD/install/miiboo_imu:/home/pengyh/documents/ros2_ws/RobotAD/install/keyboard_control:/home/pengyh/documents/ros2_ws/RobotAD/install/diff_control:/opt/ros/humble LD_LIBRARY_PATH=/home/pengyh/documents/ros2_ws/RobotAD/install/robot_hardware/lib:/home/pengyh/documents/ros2_ws/RobotAD/install/rslidar_msg/lib:/home/pengyh/documents/ros2_ws/RobotAD/install/pointcloud_to_laserscan/lib:/home/pengyh/documents/ros2_ws/RobotAD/install/diff_control/lib:/opt/ros/humble/opt/rviz_ogre_vendor/lib:/opt/ros/humble/lib/x86_64-linux-gnu:/opt/ros/humble/lib /usr/bin/cmake /home/pengyh/documents/ros2_ws/RobotAD/src/serial_comm -DCMAKE_INSTALL_PREFIX=/home/pengyh/documents/ros2_ws/RobotAD/install/serial_comm
[0.593s] Invoking command in '/home/pengyh/documents/ros2_ws/RobotAD/build/serial_comm': CMAKE_PREFIX_PATH=/home/pengyh/documents/ros2_ws/RobotAD/install/robot_hardware:/home/pengyh/documents/ros2_ws/RobotAD/install/usb_camera:/home/pengyh/documents/ros2_ws/RobotAD/install/serial_comm:/home/pengyh/documents/ros2_ws/RobotAD/install/rslidar_sdk:/home/pengyh/documents/ros2_ws/RobotAD/install/rslidar_msg:/home/pengyh/documents/ros2_ws/RobotAD/install/robot_locate:/home/pengyh/documents/ros2_ws/RobotAD/install/pointcloud_to_laserscan:/home/pengyh/documents/ros2_ws/RobotAD/install/nuscenes_data_collector:/home/pengyh/documents/ros2_ws/RobotAD/install/miiboo_imu:/home/pengyh/documents/ros2_ws/RobotAD/install/keyboard_control:/home/pengyh/documents/ros2_ws/RobotAD/install/diff_control:/opt/ros/humble LD_LIBRARY_PATH=/home/pengyh/documents/ros2_ws/RobotAD/install/robot_hardware/lib:/home/pengyh/documents/ros2_ws/RobotAD/install/rslidar_msg/lib:/home/pengyh/documents/ros2_ws/RobotAD/install/pointcloud_to_laserscan/lib:/home/pengyh/documents/ros2_ws/RobotAD/install/diff_control/lib:/opt/ros/humble/opt/rviz_ogre_vendor/lib:/opt/ros/humble/lib/x86_64-linux-gnu:/opt/ros/humble/lib /usr/bin/cmake --build /home/pengyh/documents/ros2_ws/RobotAD/build/serial_comm -- -j24 -l24
[0.659s] [35m[1mConsolidate compiler generated dependencies of target serial_node[0m
[0.681s] [100%] Built target serial_node
[0.694s] Invoked command in '/home/pengyh/documents/ros2_ws/RobotAD/build/serial_comm' returned '0': CMAKE_PREFIX_PATH=/home/pengyh/documents/ros2_ws/RobotAD/install/robot_hardware:/home/pengyh/documents/ros2_ws/RobotAD/install/usb_camera:/home/pengyh/documents/ros2_ws/RobotAD/install/serial_comm:/home/pengyh/documents/ros2_ws/RobotAD/install/rslidar_sdk:/home/pengyh/documents/ros2_ws/RobotAD/install/rslidar_msg:/home/pengyh/documents/ros2_ws/RobotAD/install/robot_locate:/home/pengyh/documents/ros2_ws/RobotAD/install/pointcloud_to_laserscan:/home/pengyh/documents/ros2_ws/RobotAD/install/nuscenes_data_collector:/home/pengyh/documents/ros2_ws/RobotAD/install/miiboo_imu:/home/pengyh/documents/ros2_ws/RobotAD/install/keyboard_control:/home/pengyh/documents/ros2_ws/RobotAD/install/diff_control:/opt/ros/humble LD_LIBRARY_PATH=/home/pengyh/documents/ros2_ws/RobotAD/install/robot_hardware/lib:/home/pengyh/documents/ros2_ws/RobotAD/install/rslidar_msg/lib:/home/pengyh/documents/ros2_ws/RobotAD/install/pointcloud_to_laserscan/lib:/home/pengyh/documents/ros2_ws/RobotAD/install/diff_control/lib:/opt/ros/humble/opt/rviz_ogre_vendor/lib:/opt/ros/humble/lib/x86_64-linux-gnu:/opt/ros/humble/lib /usr/bin/cmake --build /home/pengyh/documents/ros2_ws/RobotAD/build/serial_comm -- -j24 -l24
[0.695s] Invoking command in '/home/pengyh/documents/ros2_ws/RobotAD/build/serial_comm': CMAKE_PREFIX_PATH=/home/pengyh/documents/ros2_ws/RobotAD/install/robot_hardware:/home/pengyh/documents/ros2_ws/RobotAD/install/usb_camera:/home/pengyh/documents/ros2_ws/RobotAD/install/serial_comm:/home/pengyh/documents/ros2_ws/RobotAD/install/rslidar_sdk:/home/pengyh/documents/ros2_ws/RobotAD/install/rslidar_msg:/home/pengyh/documents/ros2_ws/RobotAD/install/robot_locate:/home/pengyh/documents/ros2_ws/RobotAD/install/pointcloud_to_laserscan:/home/pengyh/documents/ros2_ws/RobotAD/install/nuscenes_data_collector:/home/pengyh/documents/ros2_ws/RobotAD/install/miiboo_imu:/home/pengyh/documents/ros2_ws/RobotAD/install/keyboard_control:/home/pengyh/documents/ros2_ws/RobotAD/install/diff_control:/opt/ros/humble LD_LIBRARY_PATH=/home/pengyh/documents/ros2_ws/RobotAD/install/robot_hardware/lib:/home/pengyh/documents/ros2_ws/RobotAD/install/rslidar_msg/lib:/home/pengyh/documents/ros2_ws/RobotAD/install/pointcloud_to_laserscan/lib:/home/pengyh/documents/ros2_ws/RobotAD/install/diff_control/lib:/opt/ros/humble/opt/rviz_ogre_vendor/lib:/opt/ros/humble/lib/x86_64-linux-gnu:/opt/ros/humble/lib /usr/bin/cmake --install /home/pengyh/documents/ros2_ws/RobotAD/build/serial_comm
[0.713s] -- Install configuration: ""
[0.713s] -- Execute custom install script
[0.713s] -- Up-to-date symlink: /home/pengyh/documents/ros2_ws/RobotAD/install/serial_comm/lib/serial_comm/serial_node
[0.714s] -- Up-to-date symlink: /home/pengyh/documents/ros2_ws/RobotAD/install/serial_comm/share/serial_comm/launch/serial_comm.launch.py
[0.714s] -- Up-to-date symlink: /home/pengyh/documents/ros2_ws/RobotAD/install/serial_comm/share/ament_index/resource_index/package_run_dependencies/serial_comm
[0.714s] -- Up-to-date symlink: /home/pengyh/documents/ros2_ws/RobotAD/install/serial_comm/share/ament_index/resource_index/parent_prefix_path/serial_comm
[0.715s] -- Up-to-date symlink: /home/pengyh/documents/ros2_ws/RobotAD/install/serial_comm/share/serial_comm/environment/ament_prefix_path.sh
[0.715s] -- Up-to-date symlink: /home/pengyh/documents/ros2_ws/RobotAD/install/serial_comm/share/serial_comm/environment/ament_prefix_path.dsv
[0.715s] -- Up-to-date symlink: /home/pengyh/documents/ros2_ws/RobotAD/install/serial_comm/share/serial_comm/environment/path.sh
[0.715s] -- Up-to-date symlink: /home/pengyh/documents/ros2_ws/RobotAD/install/serial_comm/share/serial_comm/environment/path.dsv
[0.715s] -- Up-to-date symlink: /home/pengyh/documents/ros2_ws/RobotAD/install/serial_comm/share/serial_comm/local_setup.bash
[0.715s] -- Up-to-date symlink: /home/pengyh/documents/ros2_ws/RobotAD/install/serial_comm/share/serial_comm/local_setup.sh
[0.715s] -- Up-to-date symlink: /home/pengyh/documents/ros2_ws/RobotAD/install/serial_comm/share/serial_comm/local_setup.zsh
[0.715s] -- Up-to-date symlink: /home/pengyh/documents/ros2_ws/RobotAD/install/serial_comm/share/serial_comm/local_setup.dsv
[0.715s] -- Symlinking: /home/pengyh/documents/ros2_ws/RobotAD/install/serial_comm/share/serial_comm/package.dsv
[0.720s] -- Up-to-date symlink: /home/pengyh/documents/ros2_ws/RobotAD/install/serial_comm/share/ament_index/resource_index/packages/serial_comm
[0.720s] -- Up-to-date symlink: /home/pengyh/documents/ros2_ws/RobotAD/install/serial_comm/share/serial_comm/cmake/serial_commConfig.cmake
[0.721s] -- Up-to-date symlink: /home/pengyh/documents/ros2_ws/RobotAD/install/serial_comm/share/serial_comm/cmake/serial_commConfig-version.cmake
[0.721s] -- Up-to-date symlink: /home/pengyh/documents/ros2_ws/RobotAD/install/serial_comm/share/serial_comm/package.xml
[0.748s] Invoked command in '/home/pengyh/documents/ros2_ws/RobotAD/build/serial_comm' returned '0': CMAKE_PREFIX_PATH=/home/pengyh/documents/ros2_ws/RobotAD/install/robot_hardware:/home/pengyh/documents/ros2_ws/RobotAD/install/usb_camera:/home/pengyh/documents/ros2_ws/RobotAD/install/serial_comm:/home/pengyh/documents/ros2_ws/RobotAD/install/rslidar_sdk:/home/pengyh/documents/ros2_ws/RobotAD/install/rslidar_msg:/home/pengyh/documents/ros2_ws/RobotAD/install/robot_locate:/home/pengyh/documents/ros2_ws/RobotAD/install/pointcloud_to_laserscan:/home/pengyh/documents/ros2_ws/RobotAD/install/nuscenes_data_collector:/home/pengyh/documents/ros2_ws/RobotAD/install/miiboo_imu:/home/pengyh/documents/ros2_ws/RobotAD/install/keyboard_control:/home/pengyh/documents/ros2_ws/RobotAD/install/diff_control:/opt/ros/humble LD_LIBRARY_PATH=/home/pengyh/documents/ros2_ws/RobotAD/install/robot_hardware/lib:/home/pengyh/documents/ros2_ws/RobotAD/install/rslidar_msg/lib:/home/pengyh/documents/ros2_ws/RobotAD/install/pointcloud_to_laserscan/lib:/home/pengyh/documents/ros2_ws/RobotAD/install/diff_control/lib:/opt/ros/humble/opt/rviz_ogre_vendor/lib:/opt/ros/humble/lib/x86_64-linux-gnu:/opt/ros/humble/lib /usr/bin/cmake --install /home/pengyh/documents/ros2_ws/RobotAD/build/serial_comm
