[0.112s] DEBUG:colcon:Command line arguments: ['/usr/bin/colcon', 'build']
[0.112s] DEBUG:colcon:Parsed command line arguments: Namespace(log_base=None, log_level=None, verb_name='build', build_base='build', install_base='install', merge_install=False, symlink_install=False, test_result_base=None, continue_on_error=False, executor='parallel', parallel_workers=24, event_handlers=None, ignore_user_meta=False, metas=['./colcon.meta'], base_paths=['.'], packages_ignore=None, packages_ignore_regex=None, paths=None, packages_up_to=None, packages_up_to_regex=None, packages_above=None, packages_above_and_dependencies=None, packages_above_depth=None, packages_select_by_dep=None, packages_skip_by_dep=None, packages_skip_up_to=None, packages_select_build_failed=False, packages_skip_build_finished=False, packages_select_test_failures=False, packages_skip_test_passed=False, packages_select=None, packages_skip=None, packages_select_regex=None, packages_skip_regex=None, packages_start=None, packages_end=None, allow_overriding=[], cmake_args=None, cmake_target=None, cmake_target_skip_unavailable=False, cmake_clean_cache=False, cmake_clean_first=False, cmake_force_configure=False, ament_cmake_args=None, catkin_cmake_args=None, catkin_skip_building_tests=False, mixin_files=None, mixin=None, verb_parser=<colcon_mixin.mixin.mixin_argument.MixinArgumentDecorator object at 0x71c23b044d90>, verb_extension=<colcon_core.verb.build.BuildVerb object at 0x71c23b044370>, main=<bound method BuildVerb.main of <colcon_core.verb.build.BuildVerb object at 0x71c23b044370>>, mixin_verb=('build',))
[0.340s] Level 1:colcon.colcon_core.package_discovery:discover_packages(colcon_meta) check parameters
[0.340s] Level 1:colcon.colcon_core.package_discovery:discover_packages(recursive) check parameters
[0.340s] Level 1:colcon.colcon_core.package_discovery:discover_packages(ignore) check parameters
[0.340s] Level 1:colcon.colcon_core.package_discovery:discover_packages(path) check parameters
[0.340s] Level 1:colcon.colcon_core.package_discovery:discover_packages(colcon_meta) discover
[0.340s] Level 1:colcon.colcon_core.package_discovery:discover_packages(recursive) discover
[0.340s] INFO:colcon.colcon_core.package_discovery:Crawling recursively for packages in '/home/future/Documents/pengyh/RobotAD_ws'
[0.340s] Level 1:colcon.colcon_core.package_identification:_identify(.) by extensions ['ignore', 'ignore_ament_install']
[0.340s] Level 1:colcon.colcon_core.package_identification:_identify(.) by extension 'ignore'
[0.341s] Level 1:colcon.colcon_core.package_identification:_identify(.) by extension 'ignore_ament_install'
[0.341s] Level 1:colcon.colcon_core.package_identification:_identify(.) by extensions ['colcon_pkg']
[0.341s] Level 1:colcon.colcon_core.package_identification:_identify(.) by extension 'colcon_pkg'
[0.341s] Level 1:colcon.colcon_core.package_identification:_identify(.) by extensions ['colcon_meta']
[0.341s] Level 1:colcon.colcon_core.package_identification:_identify(.) by extension 'colcon_meta'
[0.341s] Level 1:colcon.colcon_core.package_identification:_identify(.) by extensions ['ros']
[0.341s] Level 1:colcon.colcon_core.package_identification:_identify(.) by extension 'ros'
[0.353s] Level 1:colcon.colcon_core.package_identification:_identify(.) by extensions ['cmake', 'python']
[0.353s] Level 1:colcon.colcon_core.package_identification:_identify(.) by extension 'cmake'
[0.353s] Level 1:colcon.colcon_core.package_identification:_identify(.) by extension 'python'
[0.353s] Level 1:colcon.colcon_core.package_identification:_identify(.) by extensions ['python_setup_py']
[0.353s] Level 1:colcon.colcon_core.package_identification:_identify(.) by extension 'python_setup_py'
[0.353s] Level 1:colcon.colcon_core.package_identification:_identify(build) by extensions ['ignore', 'ignore_ament_install']
[0.354s] Level 1:colcon.colcon_core.package_identification:_identify(build) by extension 'ignore'
[0.354s] Level 1:colcon.colcon_core.package_identification:_identify(build) ignored
[0.354s] Level 1:colcon.colcon_core.package_identification:_identify(install) by extensions ['ignore', 'ignore_ament_install']
[0.354s] Level 1:colcon.colcon_core.package_identification:_identify(install) by extension 'ignore'
[0.354s] Level 1:colcon.colcon_core.package_identification:_identify(install) ignored
[0.354s] Level 1:colcon.colcon_core.package_identification:_identify(launch) by extensions ['ignore', 'ignore_ament_install']
[0.354s] Level 1:colcon.colcon_core.package_identification:_identify(launch) by extension 'ignore'
[0.354s] Level 1:colcon.colcon_core.package_identification:_identify(launch) by extension 'ignore_ament_install'
[0.354s] Level 1:colcon.colcon_core.package_identification:_identify(launch) by extensions ['colcon_pkg']
[0.354s] Level 1:colcon.colcon_core.package_identification:_identify(launch) by extension 'colcon_pkg'
[0.354s] Level 1:colcon.colcon_core.package_identification:_identify(launch) by extensions ['colcon_meta']
[0.354s] Level 1:colcon.colcon_core.package_identification:_identify(launch) by extension 'colcon_meta'
[0.354s] Level 1:colcon.colcon_core.package_identification:_identify(launch) by extensions ['ros']
[0.354s] Level 1:colcon.colcon_core.package_identification:_identify(launch) by extension 'ros'
[0.354s] Level 1:colcon.colcon_core.package_identification:_identify(launch) by extensions ['cmake', 'python']
[0.354s] Level 1:colcon.colcon_core.package_identification:_identify(launch) by extension 'cmake'
[0.354s] Level 1:colcon.colcon_core.package_identification:_identify(launch) by extension 'python'
[0.354s] Level 1:colcon.colcon_core.package_identification:_identify(launch) by extensions ['python_setup_py']
[0.355s] Level 1:colcon.colcon_core.package_identification:_identify(launch) by extension 'python_setup_py'
[0.355s] Level 1:colcon.colcon_core.package_identification:_identify(launch/__pycache__) by extensions ['ignore', 'ignore_ament_install']
[0.355s] Level 1:colcon.colcon_core.package_identification:_identify(launch/__pycache__) by extension 'ignore'
[0.355s] Level 1:colcon.colcon_core.package_identification:_identify(launch/__pycache__) by extension 'ignore_ament_install'
[0.355s] Level 1:colcon.colcon_core.package_identification:_identify(launch/__pycache__) by extensions ['colcon_pkg']
[0.355s] Level 1:colcon.colcon_core.package_identification:_identify(launch/__pycache__) by extension 'colcon_pkg'
[0.355s] Level 1:colcon.colcon_core.package_identification:_identify(launch/__pycache__) by extensions ['colcon_meta']
[0.355s] Level 1:colcon.colcon_core.package_identification:_identify(launch/__pycache__) by extension 'colcon_meta'
[0.355s] Level 1:colcon.colcon_core.package_identification:_identify(launch/__pycache__) by extensions ['ros']
[0.355s] Level 1:colcon.colcon_core.package_identification:_identify(launch/__pycache__) by extension 'ros'
[0.355s] Level 1:colcon.colcon_core.package_identification:_identify(launch/__pycache__) by extensions ['cmake', 'python']
[0.355s] Level 1:colcon.colcon_core.package_identification:_identify(launch/__pycache__) by extension 'cmake'
[0.355s] Level 1:colcon.colcon_core.package_identification:_identify(launch/__pycache__) by extension 'python'
[0.355s] Level 1:colcon.colcon_core.package_identification:_identify(launch/__pycache__) by extensions ['python_setup_py']
[0.355s] Level 1:colcon.colcon_core.package_identification:_identify(launch/__pycache__) by extension 'python_setup_py'
[0.355s] Level 1:colcon.colcon_core.package_identification:_identify(log) by extensions ['ignore', 'ignore_ament_install']
[0.355s] Level 1:colcon.colcon_core.package_identification:_identify(log) by extension 'ignore'
[0.355s] Level 1:colcon.colcon_core.package_identification:_identify(log) ignored
[0.355s] Level 1:colcon.colcon_core.package_identification:_identify(src) by extensions ['ignore', 'ignore_ament_install']
[0.355s] Level 1:colcon.colcon_core.package_identification:_identify(src) by extension 'ignore'
[0.356s] Level 1:colcon.colcon_core.package_identification:_identify(src) by extension 'ignore_ament_install'
[0.356s] Level 1:colcon.colcon_core.package_identification:_identify(src) by extensions ['colcon_pkg']
[0.356s] Level 1:colcon.colcon_core.package_identification:_identify(src) by extension 'colcon_pkg'
[0.356s] Level 1:colcon.colcon_core.package_identification:_identify(src) by extensions ['colcon_meta']
[0.356s] Level 1:colcon.colcon_core.package_identification:_identify(src) by extension 'colcon_meta'
[0.356s] Level 1:colcon.colcon_core.package_identification:_identify(src) by extensions ['ros']
[0.356s] Level 1:colcon.colcon_core.package_identification:_identify(src) by extension 'ros'
[0.356s] Level 1:colcon.colcon_core.package_identification:_identify(src) by extensions ['cmake', 'python']
[0.356s] Level 1:colcon.colcon_core.package_identification:_identify(src) by extension 'cmake'
[0.356s] Level 1:colcon.colcon_core.package_identification:_identify(src) by extension 'python'
[0.356s] Level 1:colcon.colcon_core.package_identification:_identify(src) by extensions ['python_setup_py']
[0.356s] Level 1:colcon.colcon_core.package_identification:_identify(src) by extension 'python_setup_py'
[0.356s] Level 1:colcon.colcon_core.package_identification:_identify(src/keyboard_control) by extensions ['ignore', 'ignore_ament_install']
[0.356s] Level 1:colcon.colcon_core.package_identification:_identify(src/keyboard_control) by extension 'ignore'
[0.356s] Level 1:colcon.colcon_core.package_identification:_identify(src/keyboard_control) by extension 'ignore_ament_install'
[0.356s] Level 1:colcon.colcon_core.package_identification:_identify(src/keyboard_control) by extensions ['colcon_pkg']
[0.356s] Level 1:colcon.colcon_core.package_identification:_identify(src/keyboard_control) by extension 'colcon_pkg'
[0.356s] Level 1:colcon.colcon_core.package_identification:_identify(src/keyboard_control) by extensions ['colcon_meta']
[0.356s] Level 1:colcon.colcon_core.package_identification:_identify(src/keyboard_control) by extension 'colcon_meta'
[0.356s] Level 1:colcon.colcon_core.package_identification:_identify(src/keyboard_control) by extensions ['ros']
[0.356s] Level 1:colcon.colcon_core.package_identification:_identify(src/keyboard_control) by extension 'ros'
[0.359s] DEBUG:colcon.colcon_core.package_identification:Package 'src/keyboard_control' with type 'ros.ament_cmake' and name 'keyboard_control'
[0.359s] Level 1:colcon.colcon_core.package_identification:_identify(src/robot_hardware) by extensions ['ignore', 'ignore_ament_install']
[0.360s] Level 1:colcon.colcon_core.package_identification:_identify(src/robot_hardware) by extension 'ignore'
[0.360s] Level 1:colcon.colcon_core.package_identification:_identify(src/robot_hardware) by extension 'ignore_ament_install'
[0.360s] Level 1:colcon.colcon_core.package_identification:_identify(src/robot_hardware) by extensions ['colcon_pkg']
[0.360s] Level 1:colcon.colcon_core.package_identification:_identify(src/robot_hardware) by extension 'colcon_pkg'
[0.360s] Level 1:colcon.colcon_core.package_identification:_identify(src/robot_hardware) by extensions ['colcon_meta']
[0.360s] Level 1:colcon.colcon_core.package_identification:_identify(src/robot_hardware) by extension 'colcon_meta'
[0.360s] Level 1:colcon.colcon_core.package_identification:_identify(src/robot_hardware) by extensions ['ros']
[0.360s] Level 1:colcon.colcon_core.package_identification:_identify(src/robot_hardware) by extension 'ros'
[0.362s] DEBUG:colcon.colcon_core.package_identification:Package 'src/robot_hardware' with type 'ros.ament_cmake' and name 'robot_hardware'
[0.362s] Level 1:colcon.colcon_core.package_identification:_identify(src/serial_comm) by extensions ['ignore', 'ignore_ament_install']
[0.362s] Level 1:colcon.colcon_core.package_identification:_identify(src/serial_comm) by extension 'ignore'
[0.362s] Level 1:colcon.colcon_core.package_identification:_identify(src/serial_comm) by extension 'ignore_ament_install'
[0.362s] Level 1:colcon.colcon_core.package_identification:_identify(src/serial_comm) by extensions ['colcon_pkg']
[0.362s] Level 1:colcon.colcon_core.package_identification:_identify(src/serial_comm) by extension 'colcon_pkg'
[0.362s] Level 1:colcon.colcon_core.package_identification:_identify(src/serial_comm) by extensions ['colcon_meta']
[0.362s] Level 1:colcon.colcon_core.package_identification:_identify(src/serial_comm) by extension 'colcon_meta'
[0.362s] Level 1:colcon.colcon_core.package_identification:_identify(src/serial_comm) by extensions ['ros']
[0.362s] Level 1:colcon.colcon_core.package_identification:_identify(src/serial_comm) by extension 'ros'
[0.363s] DEBUG:colcon.colcon_core.package_identification:Package 'src/serial_comm' with type 'ros.ament_cmake' and name 'serial_comm'
[0.363s] Level 1:colcon.colcon_core.package_discovery:discover_packages(recursive) using defaults
[0.363s] Level 1:colcon.colcon_core.package_discovery:discover_packages(ignore) discover
[0.363s] Level 1:colcon.colcon_core.package_discovery:discover_packages(ignore) using defaults
[0.363s] Level 1:colcon.colcon_core.package_discovery:discover_packages(path) discover
[0.363s] Level 1:colcon.colcon_core.package_discovery:discover_packages(path) using defaults
[0.395s] Level 1:colcon.colcon_core.package_discovery:discover_packages(prefix_path) check parameters
[0.395s] Level 1:colcon.colcon_core.package_discovery:discover_packages(prefix_path) discover
[0.397s] DEBUG:colcon.colcon_installed_package_information.package_discovery:Found 3 installed packages in /home/future/Documents/pengyh/RobotAD_ws/install
[0.398s] DEBUG:colcon.colcon_installed_package_information.package_discovery:Found 12 installed packages in /home/future/Documents/Robot/nav_ws/install
[0.399s] DEBUG:colcon.colcon_installed_package_information.package_discovery:Found 4 installed packages in /home/future/Documents/VIW-FUSION/install
[0.399s] DEBUG:colcon.colcon_installed_package_information.package_discovery:Found 2 installed packages in /home/future/Documents/people_tracker/install
[0.399s] DEBUG:colcon.colcon_installed_package_information.package_discovery:Found 1 installed packages in /home/future/Documents/Navigation/interface_ws/install
[0.401s] DEBUG:colcon.colcon_installed_package_information.package_discovery:Found 477 installed packages in /opt/ros/humble
[0.403s] Level 1:colcon.colcon_core.package_discovery:discover_packages(prefix_path) using defaults
[0.461s] Level 5:colcon.colcon_core.verb:set package 'robot_hardware' build argument 'cmake_args' from command line to 'None'
[0.461s] Level 5:colcon.colcon_core.verb:set package 'robot_hardware' build argument 'cmake_target' from command line to 'None'
[0.461s] Level 5:colcon.colcon_core.verb:set package 'robot_hardware' build argument 'cmake_target_skip_unavailable' from command line to 'False'
[0.461s] Level 5:colcon.colcon_core.verb:set package 'robot_hardware' build argument 'cmake_clean_cache' from command line to 'False'
[0.461s] Level 5:colcon.colcon_core.verb:set package 'robot_hardware' build argument 'cmake_clean_first' from command line to 'False'
[0.461s] Level 5:colcon.colcon_core.verb:set package 'robot_hardware' build argument 'cmake_force_configure' from command line to 'False'
[0.461s] Level 5:colcon.colcon_core.verb:set package 'robot_hardware' build argument 'ament_cmake_args' from command line to 'None'
[0.461s] Level 5:colcon.colcon_core.verb:set package 'robot_hardware' build argument 'catkin_cmake_args' from command line to 'None'
[0.461s] Level 5:colcon.colcon_core.verb:set package 'robot_hardware' build argument 'catkin_skip_building_tests' from command line to 'False'
[0.461s] DEBUG:colcon.colcon_core.verb:Building package 'robot_hardware' with the following arguments: {'ament_cmake_args': None, 'build_base': '/home/future/Documents/pengyh/RobotAD_ws/build/robot_hardware', 'catkin_cmake_args': None, 'catkin_skip_building_tests': False, 'cmake_args': None, 'cmake_clean_cache': False, 'cmake_clean_first': False, 'cmake_force_configure': False, 'cmake_target': None, 'cmake_target_skip_unavailable': False, 'install_base': '/home/future/Documents/pengyh/RobotAD_ws/install/robot_hardware', 'merge_install': False, 'path': '/home/future/Documents/pengyh/RobotAD_ws/src/robot_hardware', 'symlink_install': False, 'test_result_base': None}
[0.461s] Level 5:colcon.colcon_core.verb:set package 'keyboard_control' build argument 'cmake_args' from command line to 'None'
[0.461s] Level 5:colcon.colcon_core.verb:set package 'keyboard_control' build argument 'cmake_target' from command line to 'None'
[0.461s] Level 5:colcon.colcon_core.verb:set package 'keyboard_control' build argument 'cmake_target_skip_unavailable' from command line to 'False'
[0.461s] Level 5:colcon.colcon_core.verb:set package 'keyboard_control' build argument 'cmake_clean_cache' from command line to 'False'
[0.461s] Level 5:colcon.colcon_core.verb:set package 'keyboard_control' build argument 'cmake_clean_first' from command line to 'False'
[0.461s] Level 5:colcon.colcon_core.verb:set package 'keyboard_control' build argument 'cmake_force_configure' from command line to 'False'
[0.462s] Level 5:colcon.colcon_core.verb:set package 'keyboard_control' build argument 'ament_cmake_args' from command line to 'None'
[0.462s] Level 5:colcon.colcon_core.verb:set package 'keyboard_control' build argument 'catkin_cmake_args' from command line to 'None'
[0.462s] Level 5:colcon.colcon_core.verb:set package 'keyboard_control' build argument 'catkin_skip_building_tests' from command line to 'False'
[0.462s] DEBUG:colcon.colcon_core.verb:Building package 'keyboard_control' with the following arguments: {'ament_cmake_args': None, 'build_base': '/home/future/Documents/pengyh/RobotAD_ws/build/keyboard_control', 'catkin_cmake_args': None, 'catkin_skip_building_tests': False, 'cmake_args': None, 'cmake_clean_cache': False, 'cmake_clean_first': False, 'cmake_force_configure': False, 'cmake_target': None, 'cmake_target_skip_unavailable': False, 'install_base': '/home/future/Documents/pengyh/RobotAD_ws/install/keyboard_control', 'merge_install': False, 'path': '/home/future/Documents/pengyh/RobotAD_ws/src/keyboard_control', 'symlink_install': False, 'test_result_base': None}
[0.462s] Level 5:colcon.colcon_core.verb:set package 'serial_comm' build argument 'cmake_args' from command line to 'None'
[0.462s] Level 5:colcon.colcon_core.verb:set package 'serial_comm' build argument 'cmake_target' from command line to 'None'
[0.462s] Level 5:colcon.colcon_core.verb:set package 'serial_comm' build argument 'cmake_target_skip_unavailable' from command line to 'False'
[0.462s] Level 5:colcon.colcon_core.verb:set package 'serial_comm' build argument 'cmake_clean_cache' from command line to 'False'
[0.462s] Level 5:colcon.colcon_core.verb:set package 'serial_comm' build argument 'cmake_clean_first' from command line to 'False'
[0.462s] Level 5:colcon.colcon_core.verb:set package 'serial_comm' build argument 'cmake_force_configure' from command line to 'False'
[0.462s] Level 5:colcon.colcon_core.verb:set package 'serial_comm' build argument 'ament_cmake_args' from command line to 'None'
[0.462s] Level 5:colcon.colcon_core.verb:set package 'serial_comm' build argument 'catkin_cmake_args' from command line to 'None'
[0.462s] Level 5:colcon.colcon_core.verb:set package 'serial_comm' build argument 'catkin_skip_building_tests' from command line to 'False'
[0.462s] DEBUG:colcon.colcon_core.verb:Building package 'serial_comm' with the following arguments: {'ament_cmake_args': None, 'build_base': '/home/future/Documents/pengyh/RobotAD_ws/build/serial_comm', 'catkin_cmake_args': None, 'catkin_skip_building_tests': False, 'cmake_args': None, 'cmake_clean_cache': False, 'cmake_clean_first': False, 'cmake_force_configure': False, 'cmake_target': None, 'cmake_target_skip_unavailable': False, 'install_base': '/home/future/Documents/pengyh/RobotAD_ws/install/serial_comm', 'merge_install': False, 'path': '/home/future/Documents/pengyh/RobotAD_ws/src/serial_comm', 'symlink_install': False, 'test_result_base': None}
[0.462s] INFO:colcon.colcon_core.executor:Executing jobs using 'parallel' executor
[0.463s] DEBUG:colcon.colcon_parallel_executor.executor.parallel:run_until_complete
[0.464s] INFO:colcon.colcon_ros.task.ament_cmake.build:Building ROS package in '/home/future/Documents/pengyh/RobotAD_ws/src/robot_hardware' with build type 'ament_cmake'
[0.464s] INFO:colcon.colcon_cmake.task.cmake.build:Building CMake package in '/home/future/Documents/pengyh/RobotAD_ws/src/robot_hardware'
[0.466s] INFO:colcon.colcon_core.plugin_system:Skipping extension 'colcon_core.shell.bat': Not used on non-Windows systems
[0.466s] INFO:colcon.colcon_core.shell:Skip shell extension 'powershell' for command environment: Not usable outside of PowerShell
[0.466s] DEBUG:colcon.colcon_core.shell:Skip shell extension 'dsv' for command environment
[0.481s] DEBUG:colcon.colcon_core.event_handler.log_command:Invoking command in '/home/future/Documents/pengyh/RobotAD_ws/build/robot_hardware': CMAKE_PREFIX_PATH=${CMAKE_PREFIX_PATH}:/home/future/Documents/Robot/nav_ws/install/show_urdf:/home/future/Documents/Robot/nav_ws/install/serial_bridge:/home/future/Documents/Robot/nav_ws/install/ros_tcp_endpoint:/home/future/Documents/Robot/nav_ws/install/remove_obstacle:/home/future/Documents/Robot/nav_ws/install/keyboard_control:/opt/ros/humble /usr/bin/cmake --build /home/future/Documents/pengyh/RobotAD_ws/build/robot_hardware -- -j24 -l24
[1.092s] DEBUG:colcon.colcon_core.event_handler.log_command:Invoked command in '/home/future/Documents/pengyh/RobotAD_ws/build/robot_hardware' returned '0': CMAKE_PREFIX_PATH=${CMAKE_PREFIX_PATH}:/home/future/Documents/Robot/nav_ws/install/show_urdf:/home/future/Documents/Robot/nav_ws/install/serial_bridge:/home/future/Documents/Robot/nav_ws/install/ros_tcp_endpoint:/home/future/Documents/Robot/nav_ws/install/remove_obstacle:/home/future/Documents/Robot/nav_ws/install/keyboard_control:/opt/ros/humble /usr/bin/cmake --build /home/future/Documents/pengyh/RobotAD_ws/build/robot_hardware -- -j24 -l24
[1.255s] DEBUG:colcon.colcon_core.event_handler.log_command:Invoking command in '/home/future/Documents/pengyh/RobotAD_ws/build/robot_hardware': CMAKE_PREFIX_PATH=${CMAKE_PREFIX_PATH}:/home/future/Documents/Robot/nav_ws/install/show_urdf:/home/future/Documents/Robot/nav_ws/install/serial_bridge:/home/future/Documents/Robot/nav_ws/install/ros_tcp_endpoint:/home/future/Documents/Robot/nav_ws/install/remove_obstacle:/home/future/Documents/Robot/nav_ws/install/keyboard_control:/opt/ros/humble /usr/bin/cmake --install /home/future/Documents/pengyh/RobotAD_ws/build/robot_hardware
[1.345s] Level 1:colcon.colcon_core.environment:create_environment_scripts_only(robot_hardware)
[1.356s] DEBUG:colcon.colcon_core.event_handler.log_command:Invoked command in '/home/future/Documents/pengyh/RobotAD_ws/build/robot_hardware' returned '0': CMAKE_PREFIX_PATH=${CMAKE_PREFIX_PATH}:/home/future/Documents/Robot/nav_ws/install/show_urdf:/home/future/Documents/Robot/nav_ws/install/serial_bridge:/home/future/Documents/Robot/nav_ws/install/ros_tcp_endpoint:/home/future/Documents/Robot/nav_ws/install/remove_obstacle:/home/future/Documents/Robot/nav_ws/install/keyboard_control:/opt/ros/humble /usr/bin/cmake --install /home/future/Documents/pengyh/RobotAD_ws/build/robot_hardware
[1.358s] Level 1:colcon.colcon_core.environment:checking '/home/future/Documents/pengyh/RobotAD_ws/install/robot_hardware' for CMake module files
[1.360s] Level 1:colcon.colcon_core.environment:checking '/home/future/Documents/pengyh/RobotAD_ws/install/robot_hardware' for CMake config files
[1.362s] Level 1:colcon.colcon_core.shell:create_environment_hook('robot_hardware', 'cmake_prefix_path')
[1.362s] INFO:colcon.colcon_core.shell:Creating environment hook '/home/future/Documents/pengyh/RobotAD_ws/install/robot_hardware/share/robot_hardware/hook/cmake_prefix_path.ps1'
[1.363s] INFO:colcon.colcon_core.shell:Creating environment descriptor '/home/future/Documents/pengyh/RobotAD_ws/install/robot_hardware/share/robot_hardware/hook/cmake_prefix_path.dsv'
[1.364s] INFO:colcon.colcon_core.shell:Creating environment hook '/home/future/Documents/pengyh/RobotAD_ws/install/robot_hardware/share/robot_hardware/hook/cmake_prefix_path.sh'
[1.365s] Level 1:colcon.colcon_core.environment:checking '/home/future/Documents/pengyh/RobotAD_ws/install/robot_hardware/lib'
[1.366s] Level 1:colcon.colcon_core.shell:create_environment_hook('robot_hardware', 'ld_library_path_lib')
[1.366s] INFO:colcon.colcon_core.shell:Creating environment hook '/home/future/Documents/pengyh/RobotAD_ws/install/robot_hardware/share/robot_hardware/hook/ld_library_path_lib.ps1'
[1.367s] INFO:colcon.colcon_core.shell:Creating environment descriptor '/home/future/Documents/pengyh/RobotAD_ws/install/robot_hardware/share/robot_hardware/hook/ld_library_path_lib.dsv'
[1.367s] INFO:colcon.colcon_core.shell:Creating environment hook '/home/future/Documents/pengyh/RobotAD_ws/install/robot_hardware/share/robot_hardware/hook/ld_library_path_lib.sh'
[1.367s] Level 1:colcon.colcon_core.environment:checking '/home/future/Documents/pengyh/RobotAD_ws/install/robot_hardware/bin'
[1.368s] Level 1:colcon.colcon_core.environment:checking '/home/future/Documents/pengyh/RobotAD_ws/install/robot_hardware/lib/pkgconfig/robot_hardware.pc'
[1.368s] Level 1:colcon.colcon_core.environment:checking '/home/future/Documents/pengyh/RobotAD_ws/install/robot_hardware/lib/python3.10/site-packages'
[1.368s] Level 1:colcon.colcon_core.environment:checking '/home/future/Documents/pengyh/RobotAD_ws/install/robot_hardware/bin'
[1.369s] INFO:colcon.colcon_core.shell:Creating package script '/home/future/Documents/pengyh/RobotAD_ws/install/robot_hardware/share/robot_hardware/package.ps1'
[1.369s] INFO:colcon.colcon_core.shell:Creating package descriptor '/home/future/Documents/pengyh/RobotAD_ws/install/robot_hardware/share/robot_hardware/package.dsv'
[1.370s] INFO:colcon.colcon_core.shell:Creating package script '/home/future/Documents/pengyh/RobotAD_ws/install/robot_hardware/share/robot_hardware/package.sh'
[1.371s] INFO:colcon.colcon_core.shell:Creating package script '/home/future/Documents/pengyh/RobotAD_ws/install/robot_hardware/share/robot_hardware/package.bash'
[1.372s] INFO:colcon.colcon_core.shell:Creating package script '/home/future/Documents/pengyh/RobotAD_ws/install/robot_hardware/share/robot_hardware/package.zsh'
[1.372s] Level 1:colcon.colcon_core.environment:create_file_with_runtime_dependencies(/home/future/Documents/pengyh/RobotAD_ws/install/robot_hardware/share/colcon-core/packages/robot_hardware)
[1.497s] Level 1:colcon.colcon_core.environment:create_environment_scripts_only(robot_hardware)
[1.497s] Level 1:colcon.colcon_core.environment:checking '/home/future/Documents/pengyh/RobotAD_ws/install/robot_hardware' for CMake module files
[1.498s] Level 1:colcon.colcon_core.environment:checking '/home/future/Documents/pengyh/RobotAD_ws/install/robot_hardware' for CMake config files
[1.498s] Level 1:colcon.colcon_core.shell:create_environment_hook('robot_hardware', 'cmake_prefix_path')
[1.498s] INFO:colcon.colcon_core.shell:Creating environment hook '/home/future/Documents/pengyh/RobotAD_ws/install/robot_hardware/share/robot_hardware/hook/cmake_prefix_path.ps1'
[1.499s] INFO:colcon.colcon_core.shell:Creating environment descriptor '/home/future/Documents/pengyh/RobotAD_ws/install/robot_hardware/share/robot_hardware/hook/cmake_prefix_path.dsv'
[1.499s] INFO:colcon.colcon_core.shell:Creating environment hook '/home/future/Documents/pengyh/RobotAD_ws/install/robot_hardware/share/robot_hardware/hook/cmake_prefix_path.sh'
[1.500s] Level 1:colcon.colcon_core.environment:checking '/home/future/Documents/pengyh/RobotAD_ws/install/robot_hardware/lib'
[1.500s] Level 1:colcon.colcon_core.shell:create_environment_hook('robot_hardware', 'ld_library_path_lib')
[1.500s] INFO:colcon.colcon_core.shell:Creating environment hook '/home/future/Documents/pengyh/RobotAD_ws/install/robot_hardware/share/robot_hardware/hook/ld_library_path_lib.ps1'
[1.501s] INFO:colcon.colcon_core.shell:Creating environment descriptor '/home/future/Documents/pengyh/RobotAD_ws/install/robot_hardware/share/robot_hardware/hook/ld_library_path_lib.dsv'
[1.501s] INFO:colcon.colcon_core.shell:Creating environment hook '/home/future/Documents/pengyh/RobotAD_ws/install/robot_hardware/share/robot_hardware/hook/ld_library_path_lib.sh'
[1.502s] Level 1:colcon.colcon_core.environment:checking '/home/future/Documents/pengyh/RobotAD_ws/install/robot_hardware/bin'
[1.502s] Level 1:colcon.colcon_core.environment:checking '/home/future/Documents/pengyh/RobotAD_ws/install/robot_hardware/lib/pkgconfig/robot_hardware.pc'
[1.502s] Level 1:colcon.colcon_core.environment:checking '/home/future/Documents/pengyh/RobotAD_ws/install/robot_hardware/lib/python3.10/site-packages'
[1.502s] Level 1:colcon.colcon_core.environment:checking '/home/future/Documents/pengyh/RobotAD_ws/install/robot_hardware/bin'
[1.503s] INFO:colcon.colcon_core.shell:Creating package script '/home/future/Documents/pengyh/RobotAD_ws/install/robot_hardware/share/robot_hardware/package.ps1'
[1.503s] INFO:colcon.colcon_core.shell:Creating package descriptor '/home/future/Documents/pengyh/RobotAD_ws/install/robot_hardware/share/robot_hardware/package.dsv'
[1.504s] INFO:colcon.colcon_core.shell:Creating package script '/home/future/Documents/pengyh/RobotAD_ws/install/robot_hardware/share/robot_hardware/package.sh'
[1.504s] INFO:colcon.colcon_core.shell:Creating package script '/home/future/Documents/pengyh/RobotAD_ws/install/robot_hardware/share/robot_hardware/package.bash'
[1.505s] INFO:colcon.colcon_core.shell:Creating package script '/home/future/Documents/pengyh/RobotAD_ws/install/robot_hardware/share/robot_hardware/package.zsh'
[1.505s] Level 1:colcon.colcon_core.environment:create_file_with_runtime_dependencies(/home/future/Documents/pengyh/RobotAD_ws/install/robot_hardware/share/colcon-core/packages/robot_hardware)
[1.511s] INFO:colcon.colcon_ros.task.ament_cmake.build:Building ROS package in '/home/future/Documents/pengyh/RobotAD_ws/src/keyboard_control' with build type 'ament_cmake'
[1.511s] INFO:colcon.colcon_cmake.task.cmake.build:Building CMake package in '/home/future/Documents/pengyh/RobotAD_ws/src/keyboard_control'
[1.511s] INFO:colcon.colcon_core.shell:Skip shell extension 'powershell' for command environment: Not usable outside of PowerShell
[1.512s] DEBUG:colcon.colcon_core.shell:Skip shell extension 'dsv' for command environment
[1.520s] INFO:colcon.colcon_ros.task.ament_cmake.build:Building ROS package in '/home/future/Documents/pengyh/RobotAD_ws/src/serial_comm' with build type 'ament_cmake'
[1.520s] INFO:colcon.colcon_cmake.task.cmake.build:Building CMake package in '/home/future/Documents/pengyh/RobotAD_ws/src/serial_comm'
[1.521s] INFO:colcon.colcon_core.shell:Skip shell extension 'powershell' for command environment: Not usable outside of PowerShell
[1.521s] DEBUG:colcon.colcon_core.shell:Skip shell extension 'dsv' for command environment
[1.542s] DEBUG:colcon.colcon_core.event_handler.log_command:Invoking command in '/home/future/Documents/pengyh/RobotAD_ws/build/keyboard_control': CMAKE_PREFIX_PATH=/home/future/Documents/pengyh/RobotAD_ws/install/robot_hardware:/home/future/Documents/pengyh/RobotAD_ws/install/serial_comm:/home/future/Documents/pengyh/RobotAD_ws/install/keyboard_control:/home/future/Documents/Robot/nav_ws/install/rslidar_sdk:/home/future/Documents/Robot/nav_ws/install/rslidar_msg:/home/future/Documents/Robot/nav_ws/install/robot_locate:/home/future/Documents/Robot/nav_ws/install/pointcloud_to_laserscan:/home/future/Documents/Robot/nav_ws/install/nav2_social_costmap_plugin:/home/future/Documents/Robot/nav_ws/install/miiboo_imu:/home/future/Documents/Robot/nav_ws/install/diff_control:/home/future/Documents/VIW-FUSION/install/vins:/home/future/Documents/VIW-FUSION/install/loop_fusion:/home/future/Documents/VIW-FUSION/install/global_fusion:/home/future/Documents/VIW-FUSION/install/camera_models:/home/future/Documents/people_tracker/install/people_msgs:/home/future/Documents/people_tracker/install/leg_tracker_ros2:/home/future/Documents/Navigation/interface_ws/install/nav_interfaces:/home/future/Documents/Robot/nav_ws/install/show_urdf:/home/future/Documents/Robot/nav_ws/install/serial_bridge:/home/future/Documents/Robot/nav_ws/install/ros_tcp_endpoint:/home/future/Documents/Robot/nav_ws/install/remove_obstacle:/home/future/Documents/Robot/nav_ws/install/keyboard_control:/opt/ros/humble /usr/bin/cmake --build /home/future/Documents/pengyh/RobotAD_ws/build/keyboard_control -- -j24 -l24
[1.550s] DEBUG:colcon.colcon_core.event_handler.log_command:Invoking command in '/home/future/Documents/pengyh/RobotAD_ws/build/serial_comm': CMAKE_PREFIX_PATH=/home/future/Documents/pengyh/RobotAD_ws/install/robot_hardware:/home/future/Documents/pengyh/RobotAD_ws/install/serial_comm:/home/future/Documents/pengyh/RobotAD_ws/install/keyboard_control:/home/future/Documents/Robot/nav_ws/install/rslidar_sdk:/home/future/Documents/Robot/nav_ws/install/rslidar_msg:/home/future/Documents/Robot/nav_ws/install/robot_locate:/home/future/Documents/Robot/nav_ws/install/pointcloud_to_laserscan:/home/future/Documents/Robot/nav_ws/install/nav2_social_costmap_plugin:/home/future/Documents/Robot/nav_ws/install/miiboo_imu:/home/future/Documents/Robot/nav_ws/install/diff_control:/home/future/Documents/VIW-FUSION/install/vins:/home/future/Documents/VIW-FUSION/install/loop_fusion:/home/future/Documents/VIW-FUSION/install/global_fusion:/home/future/Documents/VIW-FUSION/install/camera_models:/home/future/Documents/people_tracker/install/people_msgs:/home/future/Documents/people_tracker/install/leg_tracker_ros2:/home/future/Documents/Navigation/interface_ws/install/nav_interfaces:/home/future/Documents/Robot/nav_ws/install/show_urdf:/home/future/Documents/Robot/nav_ws/install/serial_bridge:/home/future/Documents/Robot/nav_ws/install/ros_tcp_endpoint:/home/future/Documents/Robot/nav_ws/install/remove_obstacle:/home/future/Documents/Robot/nav_ws/install/keyboard_control:/opt/ros/humble /usr/bin/cmake --build /home/future/Documents/pengyh/RobotAD_ws/build/serial_comm -- -j24 -l24
[1.646s] DEBUG:colcon.colcon_core.event_handler.log_command:Invoked command in '/home/future/Documents/pengyh/RobotAD_ws/build/serial_comm' returned '0': CMAKE_PREFIX_PATH=/home/future/Documents/pengyh/RobotAD_ws/install/robot_hardware:/home/future/Documents/pengyh/RobotAD_ws/install/serial_comm:/home/future/Documents/pengyh/RobotAD_ws/install/keyboard_control:/home/future/Documents/Robot/nav_ws/install/rslidar_sdk:/home/future/Documents/Robot/nav_ws/install/rslidar_msg:/home/future/Documents/Robot/nav_ws/install/robot_locate:/home/future/Documents/Robot/nav_ws/install/pointcloud_to_laserscan:/home/future/Documents/Robot/nav_ws/install/nav2_social_costmap_plugin:/home/future/Documents/Robot/nav_ws/install/miiboo_imu:/home/future/Documents/Robot/nav_ws/install/diff_control:/home/future/Documents/VIW-FUSION/install/vins:/home/future/Documents/VIW-FUSION/install/loop_fusion:/home/future/Documents/VIW-FUSION/install/global_fusion:/home/future/Documents/VIW-FUSION/install/camera_models:/home/future/Documents/people_tracker/install/people_msgs:/home/future/Documents/people_tracker/install/leg_tracker_ros2:/home/future/Documents/Navigation/interface_ws/install/nav_interfaces:/home/future/Documents/Robot/nav_ws/install/show_urdf:/home/future/Documents/Robot/nav_ws/install/serial_bridge:/home/future/Documents/Robot/nav_ws/install/ros_tcp_endpoint:/home/future/Documents/Robot/nav_ws/install/remove_obstacle:/home/future/Documents/Robot/nav_ws/install/keyboard_control:/opt/ros/humble /usr/bin/cmake --build /home/future/Documents/pengyh/RobotAD_ws/build/serial_comm -- -j24 -l24
[1.685s] DEBUG:colcon.colcon_core.event_handler.log_command:Invoking command in '/home/future/Documents/pengyh/RobotAD_ws/build/serial_comm': CMAKE_PREFIX_PATH=/home/future/Documents/pengyh/RobotAD_ws/install/robot_hardware:/home/future/Documents/pengyh/RobotAD_ws/install/serial_comm:/home/future/Documents/pengyh/RobotAD_ws/install/keyboard_control:/home/future/Documents/Robot/nav_ws/install/rslidar_sdk:/home/future/Documents/Robot/nav_ws/install/rslidar_msg:/home/future/Documents/Robot/nav_ws/install/robot_locate:/home/future/Documents/Robot/nav_ws/install/pointcloud_to_laserscan:/home/future/Documents/Robot/nav_ws/install/nav2_social_costmap_plugin:/home/future/Documents/Robot/nav_ws/install/miiboo_imu:/home/future/Documents/Robot/nav_ws/install/diff_control:/home/future/Documents/VIW-FUSION/install/vins:/home/future/Documents/VIW-FUSION/install/loop_fusion:/home/future/Documents/VIW-FUSION/install/global_fusion:/home/future/Documents/VIW-FUSION/install/camera_models:/home/future/Documents/people_tracker/install/people_msgs:/home/future/Documents/people_tracker/install/leg_tracker_ros2:/home/future/Documents/Navigation/interface_ws/install/nav_interfaces:/home/future/Documents/Robot/nav_ws/install/show_urdf:/home/future/Documents/Robot/nav_ws/install/serial_bridge:/home/future/Documents/Robot/nav_ws/install/ros_tcp_endpoint:/home/future/Documents/Robot/nav_ws/install/remove_obstacle:/home/future/Documents/Robot/nav_ws/install/keyboard_control:/opt/ros/humble /usr/bin/cmake --install /home/future/Documents/pengyh/RobotAD_ws/build/serial_comm
[1.699s] Level 1:colcon.colcon_core.environment:create_environment_scripts_only(serial_comm)
[1.700s] Level 1:colcon.colcon_core.environment:checking '/home/future/Documents/pengyh/RobotAD_ws/install/serial_comm' for CMake module files
[1.700s] DEBUG:colcon.colcon_core.event_handler.log_command:Invoked command in '/home/future/Documents/pengyh/RobotAD_ws/build/serial_comm' returned '0': CMAKE_PREFIX_PATH=/home/future/Documents/pengyh/RobotAD_ws/install/robot_hardware:/home/future/Documents/pengyh/RobotAD_ws/install/serial_comm:/home/future/Documents/pengyh/RobotAD_ws/install/keyboard_control:/home/future/Documents/Robot/nav_ws/install/rslidar_sdk:/home/future/Documents/Robot/nav_ws/install/rslidar_msg:/home/future/Documents/Robot/nav_ws/install/robot_locate:/home/future/Documents/Robot/nav_ws/install/pointcloud_to_laserscan:/home/future/Documents/Robot/nav_ws/install/nav2_social_costmap_plugin:/home/future/Documents/Robot/nav_ws/install/miiboo_imu:/home/future/Documents/Robot/nav_ws/install/diff_control:/home/future/Documents/VIW-FUSION/install/vins:/home/future/Documents/VIW-FUSION/install/loop_fusion:/home/future/Documents/VIW-FUSION/install/global_fusion:/home/future/Documents/VIW-FUSION/install/camera_models:/home/future/Documents/people_tracker/install/people_msgs:/home/future/Documents/people_tracker/install/leg_tracker_ros2:/home/future/Documents/Navigation/interface_ws/install/nav_interfaces:/home/future/Documents/Robot/nav_ws/install/show_urdf:/home/future/Documents/Robot/nav_ws/install/serial_bridge:/home/future/Documents/Robot/nav_ws/install/ros_tcp_endpoint:/home/future/Documents/Robot/nav_ws/install/remove_obstacle:/home/future/Documents/Robot/nav_ws/install/keyboard_control:/opt/ros/humble /usr/bin/cmake --install /home/future/Documents/pengyh/RobotAD_ws/build/serial_comm
[1.701s] Level 1:colcon.colcon_core.environment:checking '/home/future/Documents/pengyh/RobotAD_ws/install/serial_comm' for CMake config files
[1.701s] Level 1:colcon.colcon_core.shell:create_environment_hook('serial_comm', 'cmake_prefix_path')
[1.701s] INFO:colcon.colcon_core.shell:Creating environment hook '/home/future/Documents/pengyh/RobotAD_ws/install/serial_comm/share/serial_comm/hook/cmake_prefix_path.ps1'
[1.701s] INFO:colcon.colcon_core.shell:Creating environment descriptor '/home/future/Documents/pengyh/RobotAD_ws/install/serial_comm/share/serial_comm/hook/cmake_prefix_path.dsv'
[1.702s] INFO:colcon.colcon_core.shell:Creating environment hook '/home/future/Documents/pengyh/RobotAD_ws/install/serial_comm/share/serial_comm/hook/cmake_prefix_path.sh'
[1.702s] Level 1:colcon.colcon_core.environment:checking '/home/future/Documents/pengyh/RobotAD_ws/install/serial_comm/lib'
[1.702s] Level 1:colcon.colcon_core.environment:checking '/home/future/Documents/pengyh/RobotAD_ws/install/serial_comm/bin'
[1.703s] Level 1:colcon.colcon_core.environment:checking '/home/future/Documents/pengyh/RobotAD_ws/install/serial_comm/lib/pkgconfig/serial_comm.pc'
[1.703s] Level 1:colcon.colcon_core.environment:checking '/home/future/Documents/pengyh/RobotAD_ws/install/serial_comm/lib/python3.10/site-packages'
[1.703s] Level 1:colcon.colcon_core.environment:checking '/home/future/Documents/pengyh/RobotAD_ws/install/serial_comm/bin'
[1.703s] INFO:colcon.colcon_core.shell:Creating package script '/home/future/Documents/pengyh/RobotAD_ws/install/serial_comm/share/serial_comm/package.ps1'
[1.704s] INFO:colcon.colcon_core.shell:Creating package descriptor '/home/future/Documents/pengyh/RobotAD_ws/install/serial_comm/share/serial_comm/package.dsv'
[1.704s] INFO:colcon.colcon_core.shell:Creating package script '/home/future/Documents/pengyh/RobotAD_ws/install/serial_comm/share/serial_comm/package.sh'
[1.704s] INFO:colcon.colcon_core.shell:Creating package script '/home/future/Documents/pengyh/RobotAD_ws/install/serial_comm/share/serial_comm/package.bash'
[1.705s] INFO:colcon.colcon_core.shell:Creating package script '/home/future/Documents/pengyh/RobotAD_ws/install/serial_comm/share/serial_comm/package.zsh'
[1.705s] Level 1:colcon.colcon_core.environment:create_file_with_runtime_dependencies(/home/future/Documents/pengyh/RobotAD_ws/install/serial_comm/share/colcon-core/packages/serial_comm)
[1.741s] Level 1:colcon.colcon_core.environment:create_environment_scripts_only(serial_comm)
[1.742s] Level 1:colcon.colcon_core.environment:checking '/home/future/Documents/pengyh/RobotAD_ws/install/serial_comm' for CMake module files
[1.742s] Level 1:colcon.colcon_core.environment:checking '/home/future/Documents/pengyh/RobotAD_ws/install/serial_comm' for CMake config files
[1.742s] Level 1:colcon.colcon_core.shell:create_environment_hook('serial_comm', 'cmake_prefix_path')
[1.743s] INFO:colcon.colcon_core.shell:Creating environment hook '/home/future/Documents/pengyh/RobotAD_ws/install/serial_comm/share/serial_comm/hook/cmake_prefix_path.ps1'
[1.743s] INFO:colcon.colcon_core.shell:Creating environment descriptor '/home/future/Documents/pengyh/RobotAD_ws/install/serial_comm/share/serial_comm/hook/cmake_prefix_path.dsv'
[1.744s] INFO:colcon.colcon_core.shell:Creating environment hook '/home/future/Documents/pengyh/RobotAD_ws/install/serial_comm/share/serial_comm/hook/cmake_prefix_path.sh'
[1.744s] Level 1:colcon.colcon_core.environment:checking '/home/future/Documents/pengyh/RobotAD_ws/install/serial_comm/lib'
[1.744s] Level 1:colcon.colcon_core.environment:checking '/home/future/Documents/pengyh/RobotAD_ws/install/serial_comm/bin'
[1.744s] Level 1:colcon.colcon_core.environment:checking '/home/future/Documents/pengyh/RobotAD_ws/install/serial_comm/lib/pkgconfig/serial_comm.pc'
[1.745s] Level 1:colcon.colcon_core.environment:checking '/home/future/Documents/pengyh/RobotAD_ws/install/serial_comm/lib/python3.10/site-packages'
[1.745s] Level 1:colcon.colcon_core.environment:checking '/home/future/Documents/pengyh/RobotAD_ws/install/serial_comm/bin'
[1.745s] INFO:colcon.colcon_core.shell:Creating package script '/home/future/Documents/pengyh/RobotAD_ws/install/serial_comm/share/serial_comm/package.ps1'
[1.746s] INFO:colcon.colcon_core.shell:Creating package descriptor '/home/future/Documents/pengyh/RobotAD_ws/install/serial_comm/share/serial_comm/package.dsv'
[1.746s] INFO:colcon.colcon_core.shell:Creating package script '/home/future/Documents/pengyh/RobotAD_ws/install/serial_comm/share/serial_comm/package.sh'
[1.747s] INFO:colcon.colcon_core.shell:Creating package script '/home/future/Documents/pengyh/RobotAD_ws/install/serial_comm/share/serial_comm/package.bash'
[1.747s] INFO:colcon.colcon_core.shell:Creating package script '/home/future/Documents/pengyh/RobotAD_ws/install/serial_comm/share/serial_comm/package.zsh'
[1.747s] Level 1:colcon.colcon_core.environment:create_file_with_runtime_dependencies(/home/future/Documents/pengyh/RobotAD_ws/install/serial_comm/share/colcon-core/packages/serial_comm)
[6.489s] DEBUG:colcon.colcon_core.event_handler.log_command:Invoked command in '/home/future/Documents/pengyh/RobotAD_ws/build/keyboard_control' returned '0': CMAKE_PREFIX_PATH=/home/future/Documents/pengyh/RobotAD_ws/install/robot_hardware:/home/future/Documents/pengyh/RobotAD_ws/install/serial_comm:/home/future/Documents/pengyh/RobotAD_ws/install/keyboard_control:/home/future/Documents/Robot/nav_ws/install/rslidar_sdk:/home/future/Documents/Robot/nav_ws/install/rslidar_msg:/home/future/Documents/Robot/nav_ws/install/robot_locate:/home/future/Documents/Robot/nav_ws/install/pointcloud_to_laserscan:/home/future/Documents/Robot/nav_ws/install/nav2_social_costmap_plugin:/home/future/Documents/Robot/nav_ws/install/miiboo_imu:/home/future/Documents/Robot/nav_ws/install/diff_control:/home/future/Documents/VIW-FUSION/install/vins:/home/future/Documents/VIW-FUSION/install/loop_fusion:/home/future/Documents/VIW-FUSION/install/global_fusion:/home/future/Documents/VIW-FUSION/install/camera_models:/home/future/Documents/people_tracker/install/people_msgs:/home/future/Documents/people_tracker/install/leg_tracker_ros2:/home/future/Documents/Navigation/interface_ws/install/nav_interfaces:/home/future/Documents/Robot/nav_ws/install/show_urdf:/home/future/Documents/Robot/nav_ws/install/serial_bridge:/home/future/Documents/Robot/nav_ws/install/ros_tcp_endpoint:/home/future/Documents/Robot/nav_ws/install/remove_obstacle:/home/future/Documents/Robot/nav_ws/install/keyboard_control:/opt/ros/humble /usr/bin/cmake --build /home/future/Documents/pengyh/RobotAD_ws/build/keyboard_control -- -j24 -l24
[6.526s] DEBUG:colcon.colcon_core.event_handler.log_command:Invoking command in '/home/future/Documents/pengyh/RobotAD_ws/build/keyboard_control': CMAKE_PREFIX_PATH=/home/future/Documents/pengyh/RobotAD_ws/install/robot_hardware:/home/future/Documents/pengyh/RobotAD_ws/install/serial_comm:/home/future/Documents/pengyh/RobotAD_ws/install/keyboard_control:/home/future/Documents/Robot/nav_ws/install/rslidar_sdk:/home/future/Documents/Robot/nav_ws/install/rslidar_msg:/home/future/Documents/Robot/nav_ws/install/robot_locate:/home/future/Documents/Robot/nav_ws/install/pointcloud_to_laserscan:/home/future/Documents/Robot/nav_ws/install/nav2_social_costmap_plugin:/home/future/Documents/Robot/nav_ws/install/miiboo_imu:/home/future/Documents/Robot/nav_ws/install/diff_control:/home/future/Documents/VIW-FUSION/install/vins:/home/future/Documents/VIW-FUSION/install/loop_fusion:/home/future/Documents/VIW-FUSION/install/global_fusion:/home/future/Documents/VIW-FUSION/install/camera_models:/home/future/Documents/people_tracker/install/people_msgs:/home/future/Documents/people_tracker/install/leg_tracker_ros2:/home/future/Documents/Navigation/interface_ws/install/nav_interfaces:/home/future/Documents/Robot/nav_ws/install/show_urdf:/home/future/Documents/Robot/nav_ws/install/serial_bridge:/home/future/Documents/Robot/nav_ws/install/ros_tcp_endpoint:/home/future/Documents/Robot/nav_ws/install/remove_obstacle:/home/future/Documents/Robot/nav_ws/install/keyboard_control:/opt/ros/humble /usr/bin/cmake --install /home/future/Documents/pengyh/RobotAD_ws/build/keyboard_control
[6.539s] Level 1:colcon.colcon_core.environment:create_environment_scripts_only(keyboard_control)
[6.539s] Level 1:colcon.colcon_core.environment:checking '/home/future/Documents/pengyh/RobotAD_ws/install/keyboard_control' for CMake module files
[6.540s] DEBUG:colcon.colcon_core.event_handler.log_command:Invoked command in '/home/future/Documents/pengyh/RobotAD_ws/build/keyboard_control' returned '0': CMAKE_PREFIX_PATH=/home/future/Documents/pengyh/RobotAD_ws/install/robot_hardware:/home/future/Documents/pengyh/RobotAD_ws/install/serial_comm:/home/future/Documents/pengyh/RobotAD_ws/install/keyboard_control:/home/future/Documents/Robot/nav_ws/install/rslidar_sdk:/home/future/Documents/Robot/nav_ws/install/rslidar_msg:/home/future/Documents/Robot/nav_ws/install/robot_locate:/home/future/Documents/Robot/nav_ws/install/pointcloud_to_laserscan:/home/future/Documents/Robot/nav_ws/install/nav2_social_costmap_plugin:/home/future/Documents/Robot/nav_ws/install/miiboo_imu:/home/future/Documents/Robot/nav_ws/install/diff_control:/home/future/Documents/VIW-FUSION/install/vins:/home/future/Documents/VIW-FUSION/install/loop_fusion:/home/future/Documents/VIW-FUSION/install/global_fusion:/home/future/Documents/VIW-FUSION/install/camera_models:/home/future/Documents/people_tracker/install/people_msgs:/home/future/Documents/people_tracker/install/leg_tracker_ros2:/home/future/Documents/Navigation/interface_ws/install/nav_interfaces:/home/future/Documents/Robot/nav_ws/install/show_urdf:/home/future/Documents/Robot/nav_ws/install/serial_bridge:/home/future/Documents/Robot/nav_ws/install/ros_tcp_endpoint:/home/future/Documents/Robot/nav_ws/install/remove_obstacle:/home/future/Documents/Robot/nav_ws/install/keyboard_control:/opt/ros/humble /usr/bin/cmake --install /home/future/Documents/pengyh/RobotAD_ws/build/keyboard_control
[6.540s] Level 1:colcon.colcon_core.environment:checking '/home/future/Documents/pengyh/RobotAD_ws/install/keyboard_control' for CMake config files
[6.540s] Level 1:colcon.colcon_core.shell:create_environment_hook('keyboard_control', 'cmake_prefix_path')
[6.540s] INFO:colcon.colcon_core.shell:Creating environment hook '/home/future/Documents/pengyh/RobotAD_ws/install/keyboard_control/share/keyboard_control/hook/cmake_prefix_path.ps1'
[6.541s] INFO:colcon.colcon_core.shell:Creating environment descriptor '/home/future/Documents/pengyh/RobotAD_ws/install/keyboard_control/share/keyboard_control/hook/cmake_prefix_path.dsv'
[6.541s] INFO:colcon.colcon_core.shell:Creating environment hook '/home/future/Documents/pengyh/RobotAD_ws/install/keyboard_control/share/keyboard_control/hook/cmake_prefix_path.sh'
[6.542s] Level 1:colcon.colcon_core.environment:checking '/home/future/Documents/pengyh/RobotAD_ws/install/keyboard_control/lib'
[6.542s] Level 1:colcon.colcon_core.environment:checking '/home/future/Documents/pengyh/RobotAD_ws/install/keyboard_control/bin'
[6.542s] Level 1:colcon.colcon_core.environment:checking '/home/future/Documents/pengyh/RobotAD_ws/install/keyboard_control/lib/pkgconfig/keyboard_control.pc'
[6.542s] Level 1:colcon.colcon_core.environment:checking '/home/future/Documents/pengyh/RobotAD_ws/install/keyboard_control/lib/python3.10/site-packages'
[6.543s] Level 1:colcon.colcon_core.environment:checking '/home/future/Documents/pengyh/RobotAD_ws/install/keyboard_control/bin'
[6.543s] INFO:colcon.colcon_core.shell:Creating package script '/home/future/Documents/pengyh/RobotAD_ws/install/keyboard_control/share/keyboard_control/package.ps1'
[6.543s] INFO:colcon.colcon_core.shell:Creating package descriptor '/home/future/Documents/pengyh/RobotAD_ws/install/keyboard_control/share/keyboard_control/package.dsv'
[6.544s] INFO:colcon.colcon_core.shell:Creating package script '/home/future/Documents/pengyh/RobotAD_ws/install/keyboard_control/share/keyboard_control/package.sh'
[6.544s] INFO:colcon.colcon_core.shell:Creating package script '/home/future/Documents/pengyh/RobotAD_ws/install/keyboard_control/share/keyboard_control/package.bash'
[6.545s] INFO:colcon.colcon_core.shell:Creating package script '/home/future/Documents/pengyh/RobotAD_ws/install/keyboard_control/share/keyboard_control/package.zsh'
[6.545s] Level 1:colcon.colcon_core.environment:create_file_with_runtime_dependencies(/home/future/Documents/pengyh/RobotAD_ws/install/keyboard_control/share/colcon-core/packages/keyboard_control)
[6.582s] Level 1:colcon.colcon_core.environment:create_environment_scripts_only(keyboard_control)
[6.582s] Level 1:colcon.colcon_core.environment:checking '/home/future/Documents/pengyh/RobotAD_ws/install/keyboard_control' for CMake module files
[6.583s] Level 1:colcon.colcon_core.environment:checking '/home/future/Documents/pengyh/RobotAD_ws/install/keyboard_control' for CMake config files
[6.583s] Level 1:colcon.colcon_core.shell:create_environment_hook('keyboard_control', 'cmake_prefix_path')
[6.583s] INFO:colcon.colcon_core.shell:Creating environment hook '/home/future/Documents/pengyh/RobotAD_ws/install/keyboard_control/share/keyboard_control/hook/cmake_prefix_path.ps1'
[6.584s] INFO:colcon.colcon_core.shell:Creating environment descriptor '/home/future/Documents/pengyh/RobotAD_ws/install/keyboard_control/share/keyboard_control/hook/cmake_prefix_path.dsv'
[6.584s] INFO:colcon.colcon_core.shell:Creating environment hook '/home/future/Documents/pengyh/RobotAD_ws/install/keyboard_control/share/keyboard_control/hook/cmake_prefix_path.sh'
[6.585s] Level 1:colcon.colcon_core.environment:checking '/home/future/Documents/pengyh/RobotAD_ws/install/keyboard_control/lib'
[6.585s] Level 1:colcon.colcon_core.environment:checking '/home/future/Documents/pengyh/RobotAD_ws/install/keyboard_control/bin'
[6.585s] Level 1:colcon.colcon_core.environment:checking '/home/future/Documents/pengyh/RobotAD_ws/install/keyboard_control/lib/pkgconfig/keyboard_control.pc'
[6.585s] Level 1:colcon.colcon_core.environment:checking '/home/future/Documents/pengyh/RobotAD_ws/install/keyboard_control/lib/python3.10/site-packages'
[6.585s] Level 1:colcon.colcon_core.environment:checking '/home/future/Documents/pengyh/RobotAD_ws/install/keyboard_control/bin'
[6.586s] INFO:colcon.colcon_core.shell:Creating package script '/home/future/Documents/pengyh/RobotAD_ws/install/keyboard_control/share/keyboard_control/package.ps1'
[6.586s] INFO:colcon.colcon_core.shell:Creating package descriptor '/home/future/Documents/pengyh/RobotAD_ws/install/keyboard_control/share/keyboard_control/package.dsv'
[6.587s] INFO:colcon.colcon_core.shell:Creating package script '/home/future/Documents/pengyh/RobotAD_ws/install/keyboard_control/share/keyboard_control/package.sh'
[6.587s] INFO:colcon.colcon_core.shell:Creating package script '/home/future/Documents/pengyh/RobotAD_ws/install/keyboard_control/share/keyboard_control/package.bash'
[6.588s] INFO:colcon.colcon_core.shell:Creating package script '/home/future/Documents/pengyh/RobotAD_ws/install/keyboard_control/share/keyboard_control/package.zsh'
[6.588s] Level 1:colcon.colcon_core.environment:create_file_with_runtime_dependencies(/home/future/Documents/pengyh/RobotAD_ws/install/keyboard_control/share/colcon-core/packages/keyboard_control)
[6.588s] DEBUG:colcon.colcon_parallel_executor.executor.parallel:closing loop
[6.589s] DEBUG:colcon.colcon_parallel_executor.executor.parallel:loop closed
[6.589s] DEBUG:colcon.colcon_parallel_executor.executor.parallel:run_until_complete finished with '0'
[6.589s] DEBUG:colcon.colcon_core.event_reactor:joining thread
[6.594s] INFO:colcon.colcon_core.plugin_system:Skipping extension 'colcon_notification.desktop_notification.terminal_notifier': Not used on non-Darwin systems
[6.594s] INFO:colcon.colcon_core.plugin_system:Skipping extension 'colcon_notification.desktop_notification.win32': Not used on non-Windows systems
[6.594s] INFO:colcon.colcon_notification.desktop_notification:Sending desktop notification using 'notify2'
[6.608s] DEBUG:colcon.colcon_core.event_reactor:joined thread
[6.609s] INFO:colcon.colcon_core.shell:Creating prefix script '/home/future/Documents/pengyh/RobotAD_ws/install/local_setup.ps1'
[6.611s] INFO:colcon.colcon_core.shell:Creating prefix util module '/home/future/Documents/pengyh/RobotAD_ws/install/_local_setup_util_ps1.py'
[6.614s] INFO:colcon.colcon_core.shell:Creating prefix chain script '/home/future/Documents/pengyh/RobotAD_ws/install/setup.ps1'
[6.617s] INFO:colcon.colcon_core.shell:Creating prefix script '/home/future/Documents/pengyh/RobotAD_ws/install/local_setup.sh'
[6.618s] INFO:colcon.colcon_core.shell:Creating prefix util module '/home/future/Documents/pengyh/RobotAD_ws/install/_local_setup_util_sh.py'
[6.619s] INFO:colcon.colcon_core.shell:Creating prefix chain script '/home/future/Documents/pengyh/RobotAD_ws/install/setup.sh'
[6.622s] INFO:colcon.colcon_core.shell:Creating prefix script '/home/future/Documents/pengyh/RobotAD_ws/install/local_setup.bash'
[6.623s] INFO:colcon.colcon_core.shell:Creating prefix chain script '/home/future/Documents/pengyh/RobotAD_ws/install/setup.bash'
[6.625s] INFO:colcon.colcon_core.shell:Creating prefix script '/home/future/Documents/pengyh/RobotAD_ws/install/local_setup.zsh'
[6.626s] INFO:colcon.colcon_core.shell:Creating prefix chain script '/home/future/Documents/pengyh/RobotAD_ws/install/setup.zsh'
