[0.024s] Invoking command in '/home/future/Documents/pengyh/RobotAD_ws/build/robot_hardware': CMAKE_PREFIX_PATH=${CMAKE_PREFIX_PATH}:/opt/ros/humble /usr/bin/cmake --build /home/future/Documents/pengyh/RobotAD_ws/build/robot_hardware -- -j24 -l24
[0.057s] [  9%] Built target robot_hardware__rosidl_generator_c
[0.062s] [ 12%] Built target robot_hardware__cpp
[0.070s] [ 12%] Built target ament_cmake_python_copy_robot_hardware
[0.071s] [ 21%] Built target robot_hardware__rosidl_typesupport_fastrtps_c
[0.075s] [ 33%] Built target robot_hardware__rosidl_typesupport_introspection_c
[0.075s] [ 39%] Built target robot_hardware__rosidl_typesupport_c
[0.080s] [ 48%] Built target robot_hardware__rosidl_typesupport_cpp
[0.081s] [ 57%] Built target robot_hardware__rosidl_typesupport_fastrtps_cpp
[0.081s] [ 66%] Built target robot_hardware__rosidl_typesupport_introspection_cpp
[0.094s] [ 66%] Built target robot_hardware
[0.099s] [ 72%] Built target hardware_manager
[0.106s] [ 75%] Built target robot_hardware__py
[0.122s] [ 81%] Built target robot_hardware__rosidl_generator_py
[0.137s] [ 87%] Built target robot_hardware__rosidl_typesupport_fastrtps_c__pyext
[0.137s] [ 93%] Built target robot_hardware__rosidl_typesupport_introspection_c__pyext
[0.137s] [100%] Built target robot_hardware__rosidl_typesupport_c__pyext
[0.244s] running egg_info
[0.244s] writing robot_hardware.egg-info/PKG-INFO
[0.245s] writing dependency_links to robot_hardware.egg-info/dependency_links.txt
[0.245s] writing top-level names to robot_hardware.egg-info/top_level.txt
[0.247s] reading manifest file 'robot_hardware.egg-info/SOURCES.txt'
[0.247s] writing manifest file 'robot_hardware.egg-info/SOURCES.txt'
[0.263s] [100%] Built target ament_cmake_python_build_robot_hardware_egg
