[0.012s] Invoking command in '/home/future/Documents/pengyh/RobotAD_ws/build/robot_hardware': CMAKE_PREFIX_PATH=${CMAKE_PREFIX_PATH}:/home/future/Documents/Robot/nav_ws/install/show_urdf:/home/future/Documents/Robot/nav_ws/install/serial_bridge:/home/future/Documents/Robot/nav_ws/install/ros_tcp_endpoint:/home/future/Documents/Robot/nav_ws/install/remove_obstacle:/home/future/Documents/Robot/nav_ws/install/keyboard_control:/opt/ros/humble /usr/bin/cmake --build /home/future/Documents/pengyh/RobotAD_ws/build/robot_hardware -- -j24 -l24
[0.077s] [  3%] [34m[1mGenerating C code for ROS interfaces[0m
[0.102s] [  6%] [34m[1mGenerating C++ code for ROS interfaces[0m
[0.122s] [  6%] Built target ament_cmake_python_symlink_robot_hardware
[0.373s] [  6%] Built target robot_hardware__cpp
[0.383s] [  9%] [34m[1mGenerating C++ type support dispatch for ROS interfaces[0m
[0.384s] [ 12%] [34m[1mGenerating C++ type support for eProsima Fast-RTPS[0m
[0.384s] [ 15%] [34m[1mGenerating C++ introspection for ROS interfaces[0m
[0.388s] [ 18%] [32mBuilding C object CMakeFiles/robot_hardware__rosidl_generator_c.dir/rosidl_generator_c/robot_hardware/msg/detail/hardware_data__functions.c.o[0m
[0.394s] running egg_info
[0.395s] creating robot_hardware.egg-info
[0.395s] writing robot_hardware.egg-info/PKG-INFO
[0.395s] writing dependency_links to robot_hardware.egg-info/dependency_links.txt
[0.395s] writing top-level names to robot_hardware.egg-info/top_level.txt
[0.395s] writing manifest file 'robot_hardware.egg-info/SOURCES.txt'
[0.399s] reading manifest file 'robot_hardware.egg-info/SOURCES.txt'
[0.399s] writing manifest file 'robot_hardware.egg-info/SOURCES.txt'
[0.431s] [ 18%] Built target ament_cmake_python_build_robot_hardware_egg
[0.433s] [ 21%] [32m[1mLinking C shared library librobot_hardware__rosidl_generator_c.so[0m
[0.461s] [ 21%] Built target robot_hardware__rosidl_generator_c
[0.470s] [ 24%] [34m[1mGenerating C introspection for ROS interfaces[0m
[0.473s] [ 30%] [34m[1mGenerating C type support for eProsima Fast-RTPS[0m
[0.473s] [ 30%] [34m[1mGenerating C type support dispatch for ROS interfaces[0m
[0.591s] [ 33%] [32mBuilding CXX object CMakeFiles/robot_hardware__rosidl_typesupport_cpp.dir/rosidl_typesupport_cpp/robot_hardware/msg/hardware_data__type_support.cpp.o[0m
[0.609s] [ 36%] [32mBuilding CXX object CMakeFiles/robot_hardware__rosidl_typesupport_fastrtps_cpp.dir/rosidl_typesupport_fastrtps_cpp/robot_hardware/msg/detail/dds_fastrtps/hardware_data__type_support.cpp.o[0m
[0.613s] [ 39%] [32mBuilding CXX object CMakeFiles/robot_hardware__rosidl_typesupport_introspection_cpp.dir/rosidl_typesupport_introspection_cpp/robot_hardware/msg/detail/hardware_data__type_support.cpp.o[0m
[0.678s] [ 42%] [32mBuilding CXX object CMakeFiles/robot_hardware__rosidl_typesupport_c.dir/rosidl_typesupport_c/robot_hardware/msg/hardware_data__type_support.cpp.o[0m
[0.687s] [ 45%] [32mBuilding C object CMakeFiles/robot_hardware__rosidl_typesupport_introspection_c.dir/rosidl_typesupport_introspection_c/robot_hardware/msg/detail/hardware_data__type_support.c.o[0m
[0.707s] [ 48%] [32m[1mLinking CXX shared library librobot_hardware__rosidl_typesupport_c.so[0m
[0.716s] [ 51%] [32mBuilding CXX object CMakeFiles/robot_hardware__rosidl_typesupport_fastrtps_c.dir/rosidl_typesupport_fastrtps_c/robot_hardware/msg/detail/hardware_data__type_support_c.cpp.o[0m
[0.722s] [ 54%] [32m[1mLinking C shared library librobot_hardware__rosidl_typesupport_introspection_c.so[0m
[0.738s] [ 54%] Built target robot_hardware__rosidl_typesupport_c
[0.752s] [ 54%] Built target robot_hardware__rosidl_typesupport_introspection_c
[0.789s] [ 57%] [32m[1mLinking CXX shared library librobot_hardware__rosidl_typesupport_cpp.so[0m
[0.823s] [ 60%] [32m[1mLinking CXX shared library librobot_hardware__rosidl_typesupport_introspection_cpp.so[0m
[0.823s] [ 60%] Built target robot_hardware__rosidl_typesupport_cpp
[0.838s] [ 63%] [32mBuilding CXX object CMakeFiles/hardware_manager.dir/src/hardware_manager.cpp.o[0m
[0.852s] [ 63%] Built target robot_hardware__rosidl_typesupport_introspection_cpp
[0.886s] [ 66%] [32m[1mLinking CXX shared library librobot_hardware__rosidl_typesupport_fastrtps_cpp.so[0m
[0.939s] [ 66%] Built target robot_hardware__rosidl_typesupport_fastrtps_cpp
[0.942s] [ 69%] [32m[1mLinking CXX shared library librobot_hardware__rosidl_typesupport_fastrtps_c.so[0m
[0.994s] [ 69%] Built target robot_hardware__rosidl_typesupport_fastrtps_c
[1.015s] [ 69%] Built target robot_hardware
[1.034s] [ 72%] [34m[1mGenerating Python code for ROS interfaces[0m
[1.304s] [ 72%] Built target robot_hardware__py
[1.322s] [ 75%] [32mBuilding C object CMakeFiles/robot_hardware__rosidl_generator_py.dir/rosidl_generator_py/robot_hardware/msg/_hardware_data_s.c.o[0m
[1.398s] [ 78%] [32m[1mLinking C shared library rosidl_generator_py/robot_hardware/librobot_hardware__rosidl_generator_py.so[0m
[1.428s] [ 78%] Built target robot_hardware__rosidl_generator_py
[1.446s] [ 81%] [32mBuilding C object CMakeFiles/robot_hardware__rosidl_typesupport_fastrtps_c__pyext.dir/rosidl_generator_py/robot_hardware/_robot_hardware_s.ep.rosidl_typesupport_fastrtps_c.c.o[0m
[1.447s] [ 84%] [32mBuilding C object CMakeFiles/robot_hardware__rosidl_typesupport_c__pyext.dir/rosidl_generator_py/robot_hardware/_robot_hardware_s.ep.rosidl_typesupport_c.c.o[0m
[1.449s] [ 87%] [32mBuilding C object CMakeFiles/robot_hardware__rosidl_typesupport_introspection_c__pyext.dir/rosidl_generator_py/robot_hardware/_robot_hardware_s.ep.rosidl_typesupport_introspection_c.c.o[0m
[1.512s] [ 90%] [32m[1mLinking C shared library rosidl_generator_py/robot_hardware/robot_hardware_s__rosidl_typesupport_fastrtps_c.cpython-310-x86_64-linux-gnu.so[0m
[1.513s] [ 93%] [32m[1mLinking C shared library rosidl_generator_py/robot_hardware/robot_hardware_s__rosidl_typesupport_c.cpython-310-x86_64-linux-gnu.so[0m
[1.513s] [ 96%] [32m[1mLinking C shared library rosidl_generator_py/robot_hardware/robot_hardware_s__rosidl_typesupport_introspection_c.cpython-310-x86_64-linux-gnu.so[0m
[1.542s] [ 96%] Built target robot_hardware__rosidl_typesupport_fastrtps_c__pyext
[1.545s] [ 96%] Built target robot_hardware__rosidl_typesupport_c__pyext
[1.547s] [ 96%] Built target robot_hardware__rosidl_typesupport_introspection_c__pyext
[7.225s] [100%] [32m[1mLinking CXX executable hardware_manager[0m
[7.563s] [100%] Built target hardware_manager
