[0.035s] Invoking command in '/home/pengyh/documents/ros2_ws/RobotAD/build/nuscenes_data_collector': CMAKE_PREFIX_PATH=${CMAKE_PREFIX_PATH}:/opt/ros/humble /usr/bin/cmake --build /home/pengyh/documents/ros2_ws/RobotAD/build/nuscenes_data_collector -- -j24 -l24
[0.088s] [35m[1mConsolidate compiler generated dependencies of target nuscenes_data_collector_node[0m
[0.123s] [ 25%] [32mBuilding CXX object CMakeFiles/nuscenes_data_collector_issac_node.dir/src/nuscenes_data_collector_issac.cpp.o[0m
[0.143s] [ 50%] [32mBuilding CXX object CMakeFiles/nuscenes_data_collector_node.dir/src/nuscenes_data_collector.cpp.o[0m
[20.335s] [ 75%] [32m[1mLinking CXX executable nuscenes_data_collector_node[0m
[22.195s] [ 75%] Built target nuscenes_data_collector_node
[26.972s] [100%] [32m[1mLinking CXX executable nuscenes_data_collector_issac_node[0m
[29.119s] [100%] Built target nuscenes_data_collector_issac_node
[29.130s] Invoked command in '/home/pengyh/documents/ros2_ws/RobotAD/build/nuscenes_data_collector' returned '0': CMAKE_PREFIX_PATH=${CMAKE_PREFIX_PATH}:/opt/ros/humble /usr/bin/cmake --build /home/pengyh/documents/ros2_ws/RobotAD/build/nuscenes_data_collector -- -j24 -l24
[29.132s] Invoking command in '/home/pengyh/documents/ros2_ws/RobotAD/build/nuscenes_data_collector': CMAKE_PREFIX_PATH=${CMAKE_PREFIX_PATH}:/opt/ros/humble /usr/bin/cmake --install /home/pengyh/documents/ros2_ws/RobotAD/build/nuscenes_data_collector
[29.138s] -- Install configuration: ""
[29.139s] -- Execute custom install script
[29.139s] -- Up-to-date symlink: /home/pengyh/documents/ros2_ws/RobotAD/install/nuscenes_data_collector/share/nuscenes_data_collector/config/nuscenes_data_collector_params.yaml
[29.139s] -- Up-to-date symlink: /home/pengyh/documents/ros2_ws/RobotAD/install/nuscenes_data_collector/share/nuscenes_data_collector/config/rviz_config.rviz
[29.139s] -- Up-to-date symlink: /home/pengyh/documents/ros2_ws/RobotAD/install/nuscenes_data_collector/share/nuscenes_data_collector/config/rviz_config_backup_six_cam.rviz
[29.140s] -- Up-to-date symlink: /home/pengyh/documents/ros2_ws/RobotAD/install/nuscenes_data_collector/lib/nuscenes_data_collector/nuscenes_data_collector_node
[29.140s] -- Up-to-date symlink: /home/pengyh/documents/ros2_ws/RobotAD/install/nuscenes_data_collector/lib/nuscenes_data_collector/nuscenes_data_collector_issac_node
[29.140s] -- Up-to-date symlink: /home/pengyh/documents/ros2_ws/RobotAD/install/nuscenes_data_collector/share/ament_index/resource_index/package_run_dependencies/nuscenes_data_collector
[29.140s] -- Up-to-date symlink: /home/pengyh/documents/ros2_ws/RobotAD/install/nuscenes_data_collector/share/ament_index/resource_index/parent_prefix_path/nuscenes_data_collector
[29.140s] -- Up-to-date symlink: /home/pengyh/documents/ros2_ws/RobotAD/install/nuscenes_data_collector/share/nuscenes_data_collector/environment/ament_prefix_path.sh
[29.140s] -- Up-to-date symlink: /home/pengyh/documents/ros2_ws/RobotAD/install/nuscenes_data_collector/share/nuscenes_data_collector/environment/ament_prefix_path.dsv
[29.140s] -- Up-to-date symlink: /home/pengyh/documents/ros2_ws/RobotAD/install/nuscenes_data_collector/share/nuscenes_data_collector/environment/path.sh
[29.140s] -- Up-to-date symlink: /home/pengyh/documents/ros2_ws/RobotAD/install/nuscenes_data_collector/share/nuscenes_data_collector/environment/path.dsv
[29.140s] -- Up-to-date symlink: /home/pengyh/documents/ros2_ws/RobotAD/install/nuscenes_data_collector/share/nuscenes_data_collector/local_setup.bash
[29.140s] -- Up-to-date symlink: /home/pengyh/documents/ros2_ws/RobotAD/install/nuscenes_data_collector/share/nuscenes_data_collector/local_setup.sh
[29.140s] -- Up-to-date symlink: /home/pengyh/documents/ros2_ws/RobotAD/install/nuscenes_data_collector/share/nuscenes_data_collector/local_setup.zsh
[29.140s] -- Up-to-date symlink: /home/pengyh/documents/ros2_ws/RobotAD/install/nuscenes_data_collector/share/nuscenes_data_collector/local_setup.dsv
[29.141s] -- Symlinking: /home/pengyh/documents/ros2_ws/RobotAD/install/nuscenes_data_collector/share/nuscenes_data_collector/package.dsv
[29.149s] -- Up-to-date symlink: /home/pengyh/documents/ros2_ws/RobotAD/install/nuscenes_data_collector/share/ament_index/resource_index/packages/nuscenes_data_collector
[29.149s] -- Up-to-date symlink: /home/pengyh/documents/ros2_ws/RobotAD/install/nuscenes_data_collector/share/nuscenes_data_collector/cmake/nuscenes_data_collectorConfig.cmake
[29.149s] -- Up-to-date symlink: /home/pengyh/documents/ros2_ws/RobotAD/install/nuscenes_data_collector/share/nuscenes_data_collector/cmake/nuscenes_data_collectorConfig-version.cmake
[29.149s] -- Up-to-date symlink: /home/pengyh/documents/ros2_ws/RobotAD/install/nuscenes_data_collector/share/nuscenes_data_collector/package.xml
[29.151s] Invoked command in '/home/pengyh/documents/ros2_ws/RobotAD/build/nuscenes_data_collector' returned '0': CMAKE_PREFIX_PATH=${CMAKE_PREFIX_PATH}:/opt/ros/humble /usr/bin/cmake --install /home/pengyh/documents/ros2_ws/RobotAD/build/nuscenes_data_collector
