[0.016s] Invoking command in '/home/pengyh/documents/ros2_ws/RobotAD/build/diff_control': CMAKE_PREFIX_PATH=${CMAKE_PREFIX_PATH}:/opt/ros/humble CONDA_PROMPT_MODIFIER=(base) /usr/bin/cmake /home/pengyh/documents/ros2_ws/RobotAD/src/diff_control -DAMENT_CMAKE_SYMLINK_INSTALL=1 -DCMAKE_INSTALL_PREFIX=/home/pengyh/documents/ros2_ws/RobotAD/install/diff_control
[0.024s] -- Found ament_cmake: 1.3.11 (/opt/ros/humble/share/ament_cmake/cmake)
[0.118s] -- Override CMake install command with custom implementation using symlinks instead of copying resources
[0.122s] -- Found hardware_interface: 2.46.0 (/opt/ros/humble/share/hardware_interface/cmake)
[0.144s] -- Found rosidl_generator_c: 3.1.6 (/opt/ros/humble/share/rosidl_generator_c/cmake)
[0.146s] -- Found rosidl_adapter: 3.1.6 (/opt/ros/humble/share/rosidl_adapter/cmake)
[0.150s] -- Found rosidl_generator_cpp: 3.1.6 (/opt/ros/humble/share/rosidl_generator_cpp/cmake)
[0.158s] -- Using all available rosidl_typesupport_c: rosidl_typesupport_fastrtps_c;rosidl_typesupport_introspection_c
[0.166s] -- Using all available rosidl_typesupport_cpp: rosidl_typesupport_fastrtps_cpp;rosidl_typesupport_introspection_cpp
[0.284s] -- Found rmw_implementation_cmake: 6.1.2 (/opt/ros/humble/share/rmw_implementation_cmake/cmake)
[0.285s] -- Found rmw_fastrtps_cpp: 6.2.7 (/opt/ros/humble/share/rmw_fastrtps_cpp/cmake)
[0.305s] -- Found TinyXML2 via Config file: TinyXML2_DIR-NOTFOUND
[0.315s] -- Found TinyXML2 via Config file: TinyXML2_DIR-NOTFOUND
[0.327s] -- Found TinyXML2 via Config file: TinyXML2_DIR-NOTFOUND
[0.334s] -- Found TinyXML2 via Config file: TinyXML2_DIR-NOTFOUND
[0.342s] -- Using RMW implementation 'rmw_fastrtps_cpp' as default
[0.377s] -- Found rclcpp_components: 16.0.11 (/opt/ros/humble/share/rclcpp_components/cmake)
[0.388s] -- Found serial: 1.2.1 (/usr/local/share/serial/cmake)
[0.398s] [31mCMake Error at CMakeLists.txt:22 (find_package):
[0.398s]   By not providing "Findrobot_hardware.cmake" in CMAKE_MODULE_PATH this
[0.398s]   project has asked CMake to find a package configuration file provided by
[0.398s]   "robot_hardware", but CMake did not find one.
[0.399s] 
[0.399s]   Could not find a package configuration file provided by "robot_hardware"
[0.400s]   with any of the following names:
[0.400s] 
[0.400s]     robot_hardwareConfig.cmake
[0.400s]     robot_hardware-config.cmake
[0.400s] 
[0.400s]   Add the installation prefix of "robot_hardware" to CMAKE_PREFIX_PATH or set
[0.400s]   "robot_hardware_DIR" to a directory containing one of the above files.  If
[0.400s]   "robot_hardware" provides a separate development package or SDK, be sure it
[0.400s]   has been installed.
[0.400s] 
[0.400s] [0m
[0.400s] -- Configuring incomplete, errors occurred!
[0.400s] See also "/home/pengyh/documents/ros2_ws/RobotAD/build/diff_control/CMakeFiles/CMakeOutput.log".
[0.406s] Invoked command in '/home/pengyh/documents/ros2_ws/RobotAD/build/diff_control' returned '1': CMAKE_PREFIX_PATH=${CMAKE_PREFIX_PATH}:/opt/ros/humble CONDA_PROMPT_MODIFIER=(base) /usr/bin/cmake /home/pengyh/documents/ros2_ws/RobotAD/src/diff_control -DAMENT_CMAKE_SYMLINK_INSTALL=1 -DCMAKE_INSTALL_PREFIX=/home/pengyh/documents/ros2_ws/RobotAD/install/diff_control
