[0.041s] Invoking command in '/home/pengyh/documents/ros2_ws/RobotAD/build/robot_hardware': CMAKE_PREFIX_PATH=${CMAKE_PREFIX_PATH}:/opt/ros/humble /usr/bin/cmake --build /home/pengyh/documents/ros2_ws/RobotAD/build/robot_hardware -- -j24 -l24
[0.096s] [  2%] Built target robot_hardware__cpp
[0.098s] [ 12%] Built target robot_hardware__rosidl_generator_c
[0.119s] [ 12%] Built target ament_cmake_python_symlink_robot_hardware
[0.149s] [ 21%] Built target robot_hardware__rosidl_typesupport_c
[0.150s] [ 31%] Built target robot_hardware__rosidl_typesupport_cpp
[0.150s] [ 41%] Built target robot_hardware__rosidl_typesupport_fastrtps_cpp
[0.150s] [ 51%] Built target robot_hardware__rosidl_typesupport_introspection_c
[0.150s] [ 60%] Built target robot_hardware__rosidl_typesupport_introspection_cpp
[0.151s] [ 70%] Built target robot_hardware__rosidl_typesupport_fastrtps_c
[0.186s] [ 70%] Built target robot_hardware
[0.192s] [ 75%] Built target hardware_manager
[0.218s] [ 78%] Built target robot_hardware__py
[0.248s] [ 85%] Built target robot_hardware__rosidl_generator_py
[0.285s] [ 95%] Built target robot_hardware__rosidl_typesupport_introspection_c__pyext
[0.287s] [ 95%] Built target robot_hardware__rosidl_typesupport_fastrtps_c__pyext
[0.287s] [100%] Built target robot_hardware__rosidl_typesupport_c__pyext
[0.601s] running egg_info
[0.602s] writing robot_hardware.egg-info/PKG-INFO
[0.602s] writing dependency_links to robot_hardware.egg-info/dependency_links.txt
[0.602s] writing top-level names to robot_hardware.egg-info/top_level.txt
[0.607s] reading manifest file 'robot_hardware.egg-info/SOURCES.txt'
[0.608s] writing manifest file 'robot_hardware.egg-info/SOURCES.txt'
[0.653s] [100%] Built target ament_cmake_python_build_robot_hardware_egg
[0.670s] Invoked command in '/home/pengyh/documents/ros2_ws/RobotAD/build/robot_hardware' returned '0': CMAKE_PREFIX_PATH=${CMAKE_PREFIX_PATH}:/opt/ros/humble /usr/bin/cmake --build /home/pengyh/documents/ros2_ws/RobotAD/build/robot_hardware -- -j24 -l24
[0.673s] Invoking command in '/home/pengyh/documents/ros2_ws/RobotAD/build/robot_hardware': CMAKE_PREFIX_PATH=${CMAKE_PREFIX_PATH}:/opt/ros/humble /usr/bin/cmake --install /home/pengyh/documents/ros2_ws/RobotAD/build/robot_hardware
[0.684s] -- Install configuration: ""
[0.688s] -- Execute custom install script
[0.688s] -- Up-to-date symlink: /home/pengyh/documents/ros2_ws/RobotAD/install/robot_hardware/share/ament_index/resource_index/rosidl_interfaces/robot_hardware
[0.688s] -- Up-to-date symlink: /home/pengyh/documents/ros2_ws/RobotAD/install/robot_hardware/include/robot_hardware/robot_hardware/msg/detail/hardware_data__functions.h
[0.688s] -- Up-to-date symlink: /home/pengyh/documents/ros2_ws/RobotAD/install/robot_hardware/include/robot_hardware/robot_hardware/msg/detail/hardware_data__struct.h
[0.688s] -- Up-to-date symlink: /home/pengyh/documents/ros2_ws/RobotAD/install/robot_hardware/include/robot_hardware/robot_hardware/msg/detail/hardware_data__type_support.h
[0.689s] -- Up-to-date symlink: /home/pengyh/documents/ros2_ws/RobotAD/install/robot_hardware/include/robot_hardware/robot_hardware/msg/detail/motor_data__functions.h
[0.689s] -- Up-to-date symlink: /home/pengyh/documents/ros2_ws/RobotAD/install/robot_hardware/include/robot_hardware/robot_hardware/msg/detail/motor_data__struct.h
[0.689s] -- Up-to-date symlink: /home/pengyh/documents/ros2_ws/RobotAD/install/robot_hardware/include/robot_hardware/robot_hardware/msg/detail/motor_data__type_support.h
[0.689s] -- Up-to-date symlink: /home/pengyh/documents/ros2_ws/RobotAD/install/robot_hardware/include/robot_hardware/robot_hardware/msg/hardware_data.h
[0.689s] -- Up-to-date symlink: /home/pengyh/documents/ros2_ws/RobotAD/install/robot_hardware/include/robot_hardware/robot_hardware/msg/motor_data.h
[0.689s] -- Up-to-date symlink: /home/pengyh/documents/ros2_ws/RobotAD/install/robot_hardware/include/robot_hardware/robot_hardware/msg/rosidl_generator_c__visibility_control.h
[0.690s] -- Up-to-date symlink: /home/pengyh/documents/ros2_ws/RobotAD/install/robot_hardware/share/robot_hardware/environment/library_path.sh
[0.690s] -- Up-to-date symlink: /home/pengyh/documents/ros2_ws/RobotAD/install/robot_hardware/share/robot_hardware/environment/library_path.dsv
[0.690s] -- Up-to-date symlink: /home/pengyh/documents/ros2_ws/RobotAD/install/robot_hardware/include/robot_hardware/robot_hardware/msg/detail/hardware_data__rosidl_typesupport_fastrtps_c.h
[0.690s] -- Up-to-date symlink: /home/pengyh/documents/ros2_ws/RobotAD/install/robot_hardware/include/robot_hardware/robot_hardware/msg/detail/motor_data__rosidl_typesupport_fastrtps_c.h
[0.690s] -- Up-to-date symlink: /home/pengyh/documents/ros2_ws/RobotAD/install/robot_hardware/include/robot_hardware/robot_hardware/msg/rosidl_typesupport_fastrtps_c__visibility_control.h
[0.690s] -- Up-to-date symlink: /home/pengyh/documents/ros2_ws/RobotAD/install/robot_hardware/include/robot_hardware/robot_hardware/msg/detail/hardware_data__builder.hpp
[0.690s] -- Up-to-date symlink: /home/pengyh/documents/ros2_ws/RobotAD/install/robot_hardware/include/robot_hardware/robot_hardware/msg/detail/hardware_data__struct.hpp
[0.691s] -- Up-to-date symlink: /home/pengyh/documents/ros2_ws/RobotAD/install/robot_hardware/include/robot_hardware/robot_hardware/msg/detail/hardware_data__traits.hpp
[0.691s] -- Up-to-date symlink: /home/pengyh/documents/ros2_ws/RobotAD/install/robot_hardware/include/robot_hardware/robot_hardware/msg/detail/hardware_data__type_support.hpp
[0.691s] -- Up-to-date symlink: /home/pengyh/documents/ros2_ws/RobotAD/install/robot_hardware/include/robot_hardware/robot_hardware/msg/detail/motor_data__builder.hpp
[0.691s] -- Up-to-date symlink: /home/pengyh/documents/ros2_ws/RobotAD/install/robot_hardware/include/robot_hardware/robot_hardware/msg/detail/motor_data__struct.hpp
[0.691s] -- Up-to-date symlink: /home/pengyh/documents/ros2_ws/RobotAD/install/robot_hardware/include/robot_hardware/robot_hardware/msg/detail/motor_data__traits.hpp
[0.692s] -- Up-to-date symlink: /home/pengyh/documents/ros2_ws/RobotAD/install/robot_hardware/include/robot_hardware/robot_hardware/msg/detail/motor_data__type_support.hpp
[0.692s] -- Up-to-date symlink: /home/pengyh/documents/ros2_ws/RobotAD/install/robot_hardware/include/robot_hardware/robot_hardware/msg/hardware_data.hpp
[0.692s] -- Up-to-date symlink: /home/pengyh/documents/ros2_ws/RobotAD/install/robot_hardware/include/robot_hardware/robot_hardware/msg/motor_data.hpp
[0.692s] -- Up-to-date symlink: /home/pengyh/documents/ros2_ws/RobotAD/install/robot_hardware/include/robot_hardware/robot_hardware/msg/rosidl_generator_cpp__visibility_control.hpp
[0.693s] -- Up-to-date symlink: /home/pengyh/documents/ros2_ws/RobotAD/install/robot_hardware/include/robot_hardware/robot_hardware/msg/detail/hardware_data__rosidl_typesupport_fastrtps_cpp.hpp
[0.693s] -- Up-to-date symlink: /home/pengyh/documents/ros2_ws/RobotAD/install/robot_hardware/include/robot_hardware/robot_hardware/msg/detail/motor_data__rosidl_typesupport_fastrtps_cpp.hpp
[0.693s] -- Up-to-date symlink: /home/pengyh/documents/ros2_ws/RobotAD/install/robot_hardware/include/robot_hardware/robot_hardware/msg/rosidl_typesupport_fastrtps_cpp__visibility_control.h
[0.694s] -- Up-to-date symlink: /home/pengyh/documents/ros2_ws/RobotAD/install/robot_hardware/include/robot_hardware/robot_hardware/msg/detail/hardware_data__rosidl_typesupport_introspection_c.h
[0.694s] -- Up-to-date symlink: /home/pengyh/documents/ros2_ws/RobotAD/install/robot_hardware/include/robot_hardware/robot_hardware/msg/detail/motor_data__rosidl_typesupport_introspection_c.h
[0.694s] -- Up-to-date symlink: /home/pengyh/documents/ros2_ws/RobotAD/install/robot_hardware/include/robot_hardware/robot_hardware/msg/rosidl_typesupport_introspection_c__visibility_control.h
[0.695s] -- Up-to-date symlink: /home/pengyh/documents/ros2_ws/RobotAD/install/robot_hardware/include/robot_hardware/robot_hardware/msg/detail/hardware_data__rosidl_typesupport_introspection_cpp.hpp
[0.695s] -- Up-to-date symlink: /home/pengyh/documents/ros2_ws/RobotAD/install/robot_hardware/include/robot_hardware/robot_hardware/msg/detail/motor_data__rosidl_typesupport_introspection_cpp.hpp
[0.696s] -- Up-to-date symlink: /home/pengyh/documents/ros2_ws/RobotAD/install/robot_hardware/share/robot_hardware/environment/pythonpath.sh
[0.696s] -- Up-to-date symlink: /home/pengyh/documents/ros2_ws/RobotAD/install/robot_hardware/share/robot_hardware/environment/pythonpath.dsv
[0.697s] -- Up-to-date symlink: /home/pengyh/documents/ros2_ws/RobotAD/install/robot_hardware/local/lib/python3.10/dist-packages/robot_hardware-0.0.1-py3.10.egg-info/PKG-INFO
[0.697s] -- Up-to-date symlink: /home/pengyh/documents/ros2_ws/RobotAD/install/robot_hardware/local/lib/python3.10/dist-packages/robot_hardware-0.0.1-py3.10.egg-info/SOURCES.txt
[0.697s] -- Up-to-date symlink: /home/pengyh/documents/ros2_ws/RobotAD/install/robot_hardware/local/lib/python3.10/dist-packages/robot_hardware-0.0.1-py3.10.egg-info/dependency_links.txt
[0.697s] -- Up-to-date symlink: /home/pengyh/documents/ros2_ws/RobotAD/install/robot_hardware/local/lib/python3.10/dist-packages/robot_hardware-0.0.1-py3.10.egg-info/top_level.txt
[0.699s] -- Up-to-date symlink: /home/pengyh/documents/ros2_ws/RobotAD/install/robot_hardware/local/lib/python3.10/dist-packages/robot_hardware/__init__.py
[0.699s] -- Up-to-date symlink: /home/pengyh/documents/ros2_ws/RobotAD/install/robot_hardware/local/lib/python3.10/dist-packages/robot_hardware/_robot_hardware_s.ep.rosidl_typesupport_c.c
[0.700s] -- Up-to-date symlink: /home/pengyh/documents/ros2_ws/RobotAD/install/robot_hardware/local/lib/python3.10/dist-packages/robot_hardware/_robot_hardware_s.ep.rosidl_typesupport_fastrtps_c.c
[0.701s] -- Up-to-date symlink: /home/pengyh/documents/ros2_ws/RobotAD/install/robot_hardware/local/lib/python3.10/dist-packages/robot_hardware/_robot_hardware_s.ep.rosidl_typesupport_introspection_c.c
[0.701s] -- Up-to-date symlink: /home/pengyh/documents/ros2_ws/RobotAD/install/robot_hardware/local/lib/python3.10/dist-packages/robot_hardware/librobot_hardware__rosidl_generator_py.so
[0.701s] -- Up-to-date symlink: /home/pengyh/documents/ros2_ws/RobotAD/install/robot_hardware/local/lib/python3.10/dist-packages/robot_hardware/msg/__init__.py
[0.701s] -- Up-to-date symlink: /home/pengyh/documents/ros2_ws/RobotAD/install/robot_hardware/local/lib/python3.10/dist-packages/robot_hardware/msg/_hardware_data.py
[0.702s] -- Up-to-date symlink: /home/pengyh/documents/ros2_ws/RobotAD/install/robot_hardware/local/lib/python3.10/dist-packages/robot_hardware/msg/_hardware_data_s.c
[0.702s] -- Up-to-date symlink: /home/pengyh/documents/ros2_ws/RobotAD/install/robot_hardware/local/lib/python3.10/dist-packages/robot_hardware/msg/_motor_data.py
[0.702s] -- Up-to-date symlink: /home/pengyh/documents/ros2_ws/RobotAD/install/robot_hardware/local/lib/python3.10/dist-packages/robot_hardware/msg/_motor_data_s.c
[0.702s] -- Up-to-date symlink: /home/pengyh/documents/ros2_ws/RobotAD/install/robot_hardware/local/lib/python3.10/dist-packages/robot_hardware/robot_hardware_s__rosidl_typesupport_c.cpython-310-x86_64-linux-gnu.so
[0.702s] -- Up-to-date symlink: /home/pengyh/documents/ros2_ws/RobotAD/install/robot_hardware/local/lib/python3.10/dist-packages/robot_hardware/robot_hardware_s__rosidl_typesupport_fastrtps_c.cpython-310-x86_64-linux-gnu.so
[0.702s] -- Up-to-date symlink: /home/pengyh/documents/ros2_ws/RobotAD/install/robot_hardware/local/lib/python3.10/dist-packages/robot_hardware/robot_hardware_s__rosidl_typesupport_introspection_c.cpython-310-x86_64-linux-gnu.so
[0.702s] -- Up-to-date symlink: /home/pengyh/documents/ros2_ws/RobotAD/install/robot_hardware/local/lib/python3.10/dist-packages/robot_hardware/robot_hardware_s__rosidl_typesupport_fastrtps_c.cpython-310-x86_64-linux-gnu.so
[0.702s] -- Up-to-date symlink: /home/pengyh/documents/ros2_ws/RobotAD/install/robot_hardware/local/lib/python3.10/dist-packages/robot_hardware/robot_hardware_s__rosidl_typesupport_introspection_c.cpython-310-x86_64-linux-gnu.so
[0.703s] -- Up-to-date symlink: /home/pengyh/documents/ros2_ws/RobotAD/install/robot_hardware/local/lib/python3.10/dist-packages/robot_hardware/robot_hardware_s__rosidl_typesupport_c.cpython-310-x86_64-linux-gnu.so
[0.703s] -- Up-to-date symlink: /home/pengyh/documents/ros2_ws/RobotAD/install/robot_hardware/share/robot_hardware/msg/HardwareData.idl
[0.703s] -- Up-to-date symlink: /home/pengyh/documents/ros2_ws/RobotAD/install/robot_hardware/share/robot_hardware/msg/MotorData.idl
[0.703s] -- Up-to-date symlink: /home/pengyh/documents/ros2_ws/RobotAD/install/robot_hardware/share/robot_hardware/msg/HardwareData.msg
[0.703s] -- Up-to-date symlink: /home/pengyh/documents/ros2_ws/RobotAD/install/robot_hardware/share/robot_hardware/msg/MotorData.msg
[0.703s] -- Up-to-date symlink: /home/pengyh/documents/ros2_ws/RobotAD/install/robot_hardware/lib/robot_hardware/hardware_manager
[0.704s] -- Up-to-date symlink: /home/pengyh/documents/ros2_ws/RobotAD/install/robot_hardware/include/hardware_bridge_interface.hpp
[0.704s] -- Up-to-date symlink: /home/pengyh/documents/ros2_ws/RobotAD/install/robot_hardware/include/hardware_manager.hpp
[0.705s] -- Up-to-date symlink: /home/pengyh/documents/ros2_ws/RobotAD/install/robot_hardware/include/wheel.hpp
[0.705s] -- Up-to-date symlink: /home/pengyh/documents/ros2_ws/RobotAD/install/robot_hardware/share/robot_hardware/msg/msg/HardwareData.msg
[0.707s] -- Up-to-date symlink: /home/pengyh/documents/ros2_ws/RobotAD/install/robot_hardware/share/robot_hardware/msg/msg/MotorData.msg
[0.707s] -- Up-to-date symlink: /home/pengyh/documents/ros2_ws/RobotAD/install/robot_hardware/share/ament_index/resource_index/package_run_dependencies/robot_hardware
[0.707s] -- Up-to-date symlink: /home/pengyh/documents/ros2_ws/RobotAD/install/robot_hardware/share/ament_index/resource_index/parent_prefix_path/robot_hardware
[0.707s] -- Up-to-date symlink: /home/pengyh/documents/ros2_ws/RobotAD/install/robot_hardware/share/robot_hardware/environment/ament_prefix_path.sh
[0.708s] -- Up-to-date symlink: /home/pengyh/documents/ros2_ws/RobotAD/install/robot_hardware/share/robot_hardware/environment/ament_prefix_path.dsv
[0.708s] -- Up-to-date symlink: /home/pengyh/documents/ros2_ws/RobotAD/install/robot_hardware/share/robot_hardware/environment/path.sh
[0.708s] -- Up-to-date symlink: /home/pengyh/documents/ros2_ws/RobotAD/install/robot_hardware/share/robot_hardware/environment/path.dsv
[0.708s] -- Up-to-date symlink: /home/pengyh/documents/ros2_ws/RobotAD/install/robot_hardware/share/robot_hardware/local_setup.bash
[0.708s] -- Up-to-date symlink: /home/pengyh/documents/ros2_ws/RobotAD/install/robot_hardware/share/robot_hardware/local_setup.sh
[0.708s] -- Up-to-date symlink: /home/pengyh/documents/ros2_ws/RobotAD/install/robot_hardware/share/robot_hardware/local_setup.zsh
[0.709s] -- Up-to-date symlink: /home/pengyh/documents/ros2_ws/RobotAD/install/robot_hardware/share/robot_hardware/local_setup.dsv
[0.709s] -- Symlinking: /home/pengyh/documents/ros2_ws/RobotAD/install/robot_hardware/share/robot_hardware/package.dsv
[0.723s] -- Up-to-date symlink: /home/pengyh/documents/ros2_ws/RobotAD/install/robot_hardware/share/ament_index/resource_index/packages/robot_hardware
[0.724s] -- Up-to-date symlink: /home/pengyh/documents/ros2_ws/RobotAD/install/robot_hardware/share/robot_hardware/cmake/rosidl_cmake-extras.cmake
[0.724s] -- Up-to-date symlink: /home/pengyh/documents/ros2_ws/RobotAD/install/robot_hardware/share/robot_hardware/cmake/ament_cmake_export_dependencies-extras.cmake
[0.725s] -- Up-to-date symlink: /home/pengyh/documents/ros2_ws/RobotAD/install/robot_hardware/share/robot_hardware/cmake/ament_cmake_export_include_directories-extras.cmake
[0.725s] -- Up-to-date symlink: /home/pengyh/documents/ros2_ws/RobotAD/install/robot_hardware/share/robot_hardware/cmake/ament_cmake_export_libraries-extras.cmake
[0.725s] -- Up-to-date symlink: /home/pengyh/documents/ros2_ws/RobotAD/install/robot_hardware/share/robot_hardware/cmake/ament_cmake_export_targets-extras.cmake
[0.725s] -- Up-to-date symlink: /home/pengyh/documents/ros2_ws/RobotAD/install/robot_hardware/share/robot_hardware/cmake/rosidl_cmake_export_typesupport_targets-extras.cmake
[0.726s] -- Up-to-date symlink: /home/pengyh/documents/ros2_ws/RobotAD/install/robot_hardware/share/robot_hardware/cmake/rosidl_cmake_export_typesupport_libraries-extras.cmake
[0.726s] -- Up-to-date symlink: /home/pengyh/documents/ros2_ws/RobotAD/install/robot_hardware/share/robot_hardware/cmake/robot_hardwareConfig.cmake
[0.726s] -- Up-to-date symlink: /home/pengyh/documents/ros2_ws/RobotAD/install/robot_hardware/share/robot_hardware/cmake/robot_hardwareConfig-version.cmake
[0.726s] -- Up-to-date symlink: /home/pengyh/documents/ros2_ws/RobotAD/install/robot_hardware/share/robot_hardware/package.xml
[0.727s] -- Up-to-date: /home/pengyh/documents/ros2_ws/RobotAD/install/robot_hardware/lib/librobot_hardware__rosidl_generator_c.so
[0.727s] -- Up-to-date: /home/pengyh/documents/ros2_ws/RobotAD/install/robot_hardware/lib/librobot_hardware__rosidl_typesupport_fastrtps_c.so
[0.727s] -- Up-to-date: /home/pengyh/documents/ros2_ws/RobotAD/install/robot_hardware/lib/librobot_hardware__rosidl_typesupport_fastrtps_cpp.so
[0.727s] -- Up-to-date: /home/pengyh/documents/ros2_ws/RobotAD/install/robot_hardware/lib/librobot_hardware__rosidl_typesupport_introspection_c.so
[0.728s] -- Up-to-date: /home/pengyh/documents/ros2_ws/RobotAD/install/robot_hardware/lib/librobot_hardware__rosidl_typesupport_c.so
[0.728s] -- Up-to-date: /home/pengyh/documents/ros2_ws/RobotAD/install/robot_hardware/lib/librobot_hardware__rosidl_typesupport_introspection_cpp.so
[0.728s] -- Up-to-date: /home/pengyh/documents/ros2_ws/RobotAD/install/robot_hardware/lib/librobot_hardware__rosidl_typesupport_cpp.so
[0.783s] Listing '/home/pengyh/documents/ros2_ws/RobotAD/install/robot_hardware/local/lib/python3.10/dist-packages/robot_hardware'...
[0.783s] Listing '/home/pengyh/documents/ros2_ws/RobotAD/install/robot_hardware/local/lib/python3.10/dist-packages/robot_hardware/msg'...
[0.791s] -- Up-to-date: /home/pengyh/documents/ros2_ws/RobotAD/install/robot_hardware/lib/librobot_hardware__rosidl_generator_py.so
[0.792s] -- Up-to-date: /home/pengyh/documents/ros2_ws/RobotAD/install/robot_hardware/share/robot_hardware/cmake/export_robot_hardware__rosidl_generator_cExport.cmake
[0.792s] -- Up-to-date: /home/pengyh/documents/ros2_ws/RobotAD/install/robot_hardware/share/robot_hardware/cmake/export_robot_hardware__rosidl_generator_cExport-noconfig.cmake
[0.792s] -- Up-to-date: /home/pengyh/documents/ros2_ws/RobotAD/install/robot_hardware/share/robot_hardware/cmake/export_robot_hardware__rosidl_typesupport_fastrtps_cExport.cmake
[0.793s] -- Up-to-date: /home/pengyh/documents/ros2_ws/RobotAD/install/robot_hardware/share/robot_hardware/cmake/export_robot_hardware__rosidl_typesupport_fastrtps_cExport-noconfig.cmake
[0.793s] -- Up-to-date: /home/pengyh/documents/ros2_ws/RobotAD/install/robot_hardware/share/robot_hardware/cmake/export_robot_hardware__rosidl_generator_cppExport.cmake
[0.793s] -- Up-to-date: /home/pengyh/documents/ros2_ws/RobotAD/install/robot_hardware/share/robot_hardware/cmake/export_robot_hardware__rosidl_typesupport_fastrtps_cppExport.cmake
[0.793s] -- Up-to-date: /home/pengyh/documents/ros2_ws/RobotAD/install/robot_hardware/share/robot_hardware/cmake/export_robot_hardware__rosidl_typesupport_fastrtps_cppExport-noconfig.cmake
[0.793s] -- Up-to-date: /home/pengyh/documents/ros2_ws/RobotAD/install/robot_hardware/share/robot_hardware/cmake/robot_hardware__rosidl_typesupport_introspection_cExport.cmake
[0.793s] -- Up-to-date: /home/pengyh/documents/ros2_ws/RobotAD/install/robot_hardware/share/robot_hardware/cmake/robot_hardware__rosidl_typesupport_introspection_cExport-noconfig.cmake
[0.793s] -- Up-to-date: /home/pengyh/documents/ros2_ws/RobotAD/install/robot_hardware/share/robot_hardware/cmake/robot_hardware__rosidl_typesupport_cExport.cmake
[0.793s] -- Up-to-date: /home/pengyh/documents/ros2_ws/RobotAD/install/robot_hardware/share/robot_hardware/cmake/robot_hardware__rosidl_typesupport_cExport-noconfig.cmake
[0.793s] -- Up-to-date: /home/pengyh/documents/ros2_ws/RobotAD/install/robot_hardware/share/robot_hardware/cmake/robot_hardware__rosidl_typesupport_introspection_cppExport.cmake
[0.793s] -- Up-to-date: /home/pengyh/documents/ros2_ws/RobotAD/install/robot_hardware/share/robot_hardware/cmake/robot_hardware__rosidl_typesupport_introspection_cppExport-noconfig.cmake
[0.793s] -- Up-to-date: /home/pengyh/documents/ros2_ws/RobotAD/install/robot_hardware/share/robot_hardware/cmake/robot_hardware__rosidl_typesupport_cppExport.cmake
[0.794s] -- Up-to-date: /home/pengyh/documents/ros2_ws/RobotAD/install/robot_hardware/share/robot_hardware/cmake/robot_hardware__rosidl_typesupport_cppExport-noconfig.cmake
[0.794s] -- Up-to-date: /home/pengyh/documents/ros2_ws/RobotAD/install/robot_hardware/share/robot_hardware/cmake/export_robot_hardware__rosidl_generator_pyExport.cmake
[0.794s] -- Up-to-date: /home/pengyh/documents/ros2_ws/RobotAD/install/robot_hardware/share/robot_hardware/cmake/export_robot_hardware__rosidl_generator_pyExport-noconfig.cmake
[0.797s] Invoked command in '/home/pengyh/documents/ros2_ws/RobotAD/build/robot_hardware' returned '0': CMAKE_PREFIX_PATH=${CMAKE_PREFIX_PATH}:/opt/ros/humble /usr/bin/cmake --install /home/pengyh/documents/ros2_ws/RobotAD/build/robot_hardware
