[0.024s] Invoking command in '/home/future/Documents/pengyh/RobotAD_ws/build/serial_comm': AMENT_PREFIX_PATH=/home/future/Documents/pengyh/RobotAD_ws/install/robot_hardware:${AMENT_PREFIX_PATH} CMAKE_PREFIX_PATH=/home/future/Documents/pengyh/RobotAD_ws/install/robot_hardware:/home/future/Documents/VIW-FUSION/install/vins:/home/future/Documents/VIW-FUSION/install/loop_fusion:/home/future/Documents/VIW-FUSION/install/global_fusion:/home/future/Documents/VIW-FUSION/install/camera_models:/home/future/Documents/people_tracker/install/people_msgs:/home/future/Documents/people_tracker/install/leg_tracker_ros2:/home/future/Documents/Navigation/interface_ws/install/nav_interfaces:/opt/ros/humble LD_LIBRARY_PATH=/home/future/Documents/pengyh/RobotAD_ws/install/robot_hardware/lib:${LD_LIBRARY_PATH} PYTHONPATH=/home/future/Documents/pengyh/RobotAD_ws/install/robot_hardware/local/lib/python3.10/dist-packages:${PYTHONPATH} /usr/bin/cmake --build /home/future/Documents/pengyh/RobotAD_ws/build/serial_comm -- -j24 -l24
[0.063s] [100%] Built target serial_node
[0.072s] Invoked command in '/home/future/Documents/pengyh/RobotAD_ws/build/serial_comm' returned '0': AMENT_PREFIX_PATH=/home/future/Documents/pengyh/RobotAD_ws/install/robot_hardware:${AMENT_PREFIX_PATH} CMAKE_PREFIX_PATH=/home/future/Documents/pengyh/RobotAD_ws/install/robot_hardware:/home/future/Documents/VIW-FUSION/install/vins:/home/future/Documents/VIW-FUSION/install/loop_fusion:/home/future/Documents/VIW-FUSION/install/global_fusion:/home/future/Documents/VIW-FUSION/install/camera_models:/home/future/Documents/people_tracker/install/people_msgs:/home/future/Documents/people_tracker/install/leg_tracker_ros2:/home/future/Documents/Navigation/interface_ws/install/nav_interfaces:/opt/ros/humble LD_LIBRARY_PATH=/home/future/Documents/pengyh/RobotAD_ws/install/robot_hardware/lib:${LD_LIBRARY_PATH} PYTHONPATH=/home/future/Documents/pengyh/RobotAD_ws/install/robot_hardware/local/lib/python3.10/dist-packages:${PYTHONPATH} /usr/bin/cmake --build /home/future/Documents/pengyh/RobotAD_ws/build/serial_comm -- -j24 -l24
[0.073s] Invoking command in '/home/future/Documents/pengyh/RobotAD_ws/build/serial_comm': AMENT_PREFIX_PATH=/home/future/Documents/pengyh/RobotAD_ws/install/robot_hardware:${AMENT_PREFIX_PATH} CMAKE_PREFIX_PATH=/home/future/Documents/pengyh/RobotAD_ws/install/robot_hardware:/home/future/Documents/VIW-FUSION/install/vins:/home/future/Documents/VIW-FUSION/install/loop_fusion:/home/future/Documents/VIW-FUSION/install/global_fusion:/home/future/Documents/VIW-FUSION/install/camera_models:/home/future/Documents/people_tracker/install/people_msgs:/home/future/Documents/people_tracker/install/leg_tracker_ros2:/home/future/Documents/Navigation/interface_ws/install/nav_interfaces:/opt/ros/humble LD_LIBRARY_PATH=/home/future/Documents/pengyh/RobotAD_ws/install/robot_hardware/lib:${LD_LIBRARY_PATH} PYTHONPATH=/home/future/Documents/pengyh/RobotAD_ws/install/robot_hardware/local/lib/python3.10/dist-packages:${PYTHONPATH} /usr/bin/cmake --install /home/future/Documents/pengyh/RobotAD_ws/build/serial_comm
[0.080s] -- Install configuration: ""
[0.080s] -- Up-to-date: /home/future/Documents/pengyh/RobotAD_ws/install/serial_comm/lib/serial_comm/serial_node
[0.080s] -- Up-to-date: /home/future/Documents/pengyh/RobotAD_ws/install/serial_comm/share/serial_comm/launch
[0.080s] -- Up-to-date: /home/future/Documents/pengyh/RobotAD_ws/install/serial_comm/share/serial_comm/launch/serial_comm.launch.py
[0.080s] -- Up-to-date: /home/future/Documents/pengyh/RobotAD_ws/install/serial_comm/share/ament_index/resource_index/package_run_dependencies/serial_comm
[0.080s] -- Up-to-date: /home/future/Documents/pengyh/RobotAD_ws/install/serial_comm/share/ament_index/resource_index/parent_prefix_path/serial_comm
[0.080s] -- Up-to-date: /home/future/Documents/pengyh/RobotAD_ws/install/serial_comm/share/serial_comm/environment/ament_prefix_path.sh
[0.080s] -- Up-to-date: /home/future/Documents/pengyh/RobotAD_ws/install/serial_comm/share/serial_comm/environment/ament_prefix_path.dsv
[0.080s] -- Up-to-date: /home/future/Documents/pengyh/RobotAD_ws/install/serial_comm/share/serial_comm/environment/path.sh
[0.080s] -- Up-to-date: /home/future/Documents/pengyh/RobotAD_ws/install/serial_comm/share/serial_comm/environment/path.dsv
[0.080s] -- Up-to-date: /home/future/Documents/pengyh/RobotAD_ws/install/serial_comm/share/serial_comm/local_setup.bash
[0.081s] -- Up-to-date: /home/future/Documents/pengyh/RobotAD_ws/install/serial_comm/share/serial_comm/local_setup.sh
[0.081s] -- Up-to-date: /home/future/Documents/pengyh/RobotAD_ws/install/serial_comm/share/serial_comm/local_setup.zsh
[0.081s] -- Up-to-date: /home/future/Documents/pengyh/RobotAD_ws/install/serial_comm/share/serial_comm/local_setup.dsv
[0.081s] -- Installing: /home/future/Documents/pengyh/RobotAD_ws/install/serial_comm/share/serial_comm/package.dsv
[0.081s] -- Up-to-date: /home/future/Documents/pengyh/RobotAD_ws/install/serial_comm/share/ament_index/resource_index/packages/serial_comm
[0.081s] -- Up-to-date: /home/future/Documents/pengyh/RobotAD_ws/install/serial_comm/share/serial_comm/cmake/serial_commConfig.cmake
[0.081s] -- Up-to-date: /home/future/Documents/pengyh/RobotAD_ws/install/serial_comm/share/serial_comm/cmake/serial_commConfig-version.cmake
[0.081s] -- Up-to-date: /home/future/Documents/pengyh/RobotAD_ws/install/serial_comm/share/serial_comm/package.xml
[0.083s] Invoked command in '/home/future/Documents/pengyh/RobotAD_ws/build/serial_comm' returned '0': AMENT_PREFIX_PATH=/home/future/Documents/pengyh/RobotAD_ws/install/robot_hardware:${AMENT_PREFIX_PATH} CMAKE_PREFIX_PATH=/home/future/Documents/pengyh/RobotAD_ws/install/robot_hardware:/home/future/Documents/VIW-FUSION/install/vins:/home/future/Documents/VIW-FUSION/install/loop_fusion:/home/future/Documents/VIW-FUSION/install/global_fusion:/home/future/Documents/VIW-FUSION/install/camera_models:/home/future/Documents/people_tracker/install/people_msgs:/home/future/Documents/people_tracker/install/leg_tracker_ros2:/home/future/Documents/Navigation/interface_ws/install/nav_interfaces:/opt/ros/humble LD_LIBRARY_PATH=/home/future/Documents/pengyh/RobotAD_ws/install/robot_hardware/lib:${LD_LIBRARY_PATH} PYTHONPATH=/home/future/Documents/pengyh/RobotAD_ws/install/robot_hardware/local/lib/python3.10/dist-packages:${PYTHONPATH} /usr/bin/cmake --install /home/future/Documents/pengyh/RobotAD_ws/build/serial_comm
