[0.029s] Invoking command in '/home/future/Documents/pengyh/RobotAD_ws/build/robot_hardware': CMAKE_PREFIX_PATH=${CMAKE_PREFIX_PATH}:/opt/ros/humble /usr/bin/cmake --build /home/future/Documents/pengyh/RobotAD_ws/build/robot_hardware -- -j24 -l24
[0.074s] [  2%] Built target robot_hardware__cpp
[0.076s] [ 12%] Built target robot_hardware__rosidl_generator_c
[0.089s] [35m[1mConsolidate compiler generated dependencies of target robot_hardware__rosidl_typesupport_introspection_cpp[0m
[0.091s] [ 12%] Built target ament_cmake_python_copy_robot_hardware
[0.098s] [ 21%] Built target robot_hardware__rosidl_typesupport_cpp
[0.101s] [ 31%] Built target robot_hardware__rosidl_typesupport_c
[0.105s] [ 41%] Built target robot_hardware__rosidl_typesupport_fastrtps_c
[0.106s] [ 51%] Built target robot_hardware__rosidl_typesupport_fastrtps_cpp
[0.106s] [ 60%] Built target robot_hardware__rosidl_typesupport_introspection_c
[0.108s] [ 70%] Built target robot_hardware__rosidl_typesupport_introspection_cpp
[0.112s] [35m[1mConsolidate compiler generated dependencies of target hardware_manager[0m
[0.130s] [ 70%] Built target robot_hardware
[0.136s] [ 75%] Built target hardware_manager
[0.155s] [ 78%] Built target robot_hardware__py
[0.167s] [35m[1mConsolidate compiler generated dependencies of target robot_hardware__rosidl_generator_py[0m
[0.190s] [ 85%] Built target robot_hardware__rosidl_generator_py
[0.203s] [35m[1mConsolidate compiler generated dependencies of target robot_hardware__rosidl_typesupport_introspection_c__pyext[0m
[0.206s] [35m[1mConsolidate compiler generated dependencies of target robot_hardware__rosidl_typesupport_fastrtps_c__pyext[0m
[0.208s] [35m[1mConsolidate compiler generated dependencies of target robot_hardware__rosidl_typesupport_c__pyext[0m
[0.221s] [ 90%] Built target robot_hardware__rosidl_typesupport_introspection_c__pyext
[0.223s] [ 95%] Built target robot_hardware__rosidl_typesupport_c__pyext
[0.225s] [100%] Built target robot_hardware__rosidl_typesupport_fastrtps_c__pyext
[0.464s] running egg_info
[0.465s] writing robot_hardware.egg-info/PKG-INFO
[0.466s] writing dependency_links to robot_hardware.egg-info/dependency_links.txt
[0.466s] writing top-level names to robot_hardware.egg-info/top_level.txt
[0.469s] reading manifest file 'robot_hardware.egg-info/SOURCES.txt'
[0.470s] writing manifest file 'robot_hardware.egg-info/SOURCES.txt'
[0.499s] [100%] Built target ament_cmake_python_build_robot_hardware_egg
[0.519s] Invoked command in '/home/future/Documents/pengyh/RobotAD_ws/build/robot_hardware' returned '0': CMAKE_PREFIX_PATH=${CMAKE_PREFIX_PATH}:/opt/ros/humble /usr/bin/cmake --build /home/future/Documents/pengyh/RobotAD_ws/build/robot_hardware -- -j24 -l24
[0.521s] Invoking command in '/home/future/Documents/pengyh/RobotAD_ws/build/robot_hardware': CMAKE_PREFIX_PATH=${CMAKE_PREFIX_PATH}:/opt/ros/humble /usr/bin/cmake --install /home/future/Documents/pengyh/RobotAD_ws/build/robot_hardware
[0.534s] -- Install configuration: ""
[0.535s] -- Up-to-date: /home/future/Documents/pengyh/RobotAD_ws/install/robot_hardware/share/ament_index/resource_index/rosidl_interfaces/robot_hardware
[0.535s] -- Up-to-date: /home/future/Documents/pengyh/RobotAD_ws/install/robot_hardware/include/robot_hardware/robot_hardware
[0.535s] -- Up-to-date: /home/future/Documents/pengyh/RobotAD_ws/install/robot_hardware/include/robot_hardware/robot_hardware/msg
[0.535s] -- Up-to-date: /home/future/Documents/pengyh/RobotAD_ws/install/robot_hardware/include/robot_hardware/robot_hardware/msg/hardware_data.h
[0.535s] -- Up-to-date: /home/future/Documents/pengyh/RobotAD_ws/install/robot_hardware/include/robot_hardware/robot_hardware/msg/motor_data.h
[0.535s] -- Up-to-date: /home/future/Documents/pengyh/RobotAD_ws/install/robot_hardware/include/robot_hardware/robot_hardware/msg/rosidl_generator_c__visibility_control.h
[0.535s] -- Up-to-date: /home/future/Documents/pengyh/RobotAD_ws/install/robot_hardware/include/robot_hardware/robot_hardware/msg/detail
[0.535s] -- Up-to-date: /home/future/Documents/pengyh/RobotAD_ws/install/robot_hardware/include/robot_hardware/robot_hardware/msg/detail/motor_data__type_support.h
[0.535s] -- Up-to-date: /home/future/Documents/pengyh/RobotAD_ws/install/robot_hardware/include/robot_hardware/robot_hardware/msg/detail/motor_data__struct.h
[0.535s] -- Up-to-date: /home/future/Documents/pengyh/RobotAD_ws/install/robot_hardware/include/robot_hardware/robot_hardware/msg/detail/motor_data__functions.c
[0.535s] -- Up-to-date: /home/future/Documents/pengyh/RobotAD_ws/install/robot_hardware/include/robot_hardware/robot_hardware/msg/detail/hardware_data__functions.c
[0.536s] -- Up-to-date: /home/future/Documents/pengyh/RobotAD_ws/install/robot_hardware/include/robot_hardware/robot_hardware/msg/detail/motor_data__functions.h
[0.536s] -- Up-to-date: /home/future/Documents/pengyh/RobotAD_ws/install/robot_hardware/include/robot_hardware/robot_hardware/msg/detail/hardware_data__functions.h
[0.536s] -- Up-to-date: /home/future/Documents/pengyh/RobotAD_ws/install/robot_hardware/include/robot_hardware/robot_hardware/msg/detail/hardware_data__struct.h
[0.536s] -- Up-to-date: /home/future/Documents/pengyh/RobotAD_ws/install/robot_hardware/include/robot_hardware/robot_hardware/msg/detail/hardware_data__type_support.h
[0.536s] -- Up-to-date: /home/future/Documents/pengyh/RobotAD_ws/install/robot_hardware/share/robot_hardware/environment/library_path.sh
[0.536s] -- Up-to-date: /home/future/Documents/pengyh/RobotAD_ws/install/robot_hardware/share/robot_hardware/environment/library_path.dsv
[0.537s] -- Up-to-date: /home/future/Documents/pengyh/RobotAD_ws/install/robot_hardware/lib/librobot_hardware__rosidl_generator_c.so
[0.540s] -- Up-to-date: /home/future/Documents/pengyh/RobotAD_ws/install/robot_hardware/include/robot_hardware/robot_hardware
[0.541s] -- Up-to-date: /home/future/Documents/pengyh/RobotAD_ws/install/robot_hardware/include/robot_hardware/robot_hardware/msg
[0.542s] -- Up-to-date: /home/future/Documents/pengyh/RobotAD_ws/install/robot_hardware/include/robot_hardware/robot_hardware/msg/rosidl_typesupport_fastrtps_c__visibility_control.h
[0.543s] -- Up-to-date: /home/future/Documents/pengyh/RobotAD_ws/install/robot_hardware/include/robot_hardware/robot_hardware/msg/detail
[0.543s] -- Up-to-date: /home/future/Documents/pengyh/RobotAD_ws/install/robot_hardware/include/robot_hardware/robot_hardware/msg/detail/hardware_data__rosidl_typesupport_fastrtps_c.h
[0.544s] -- Up-to-date: /home/future/Documents/pengyh/RobotAD_ws/install/robot_hardware/include/robot_hardware/robot_hardware/msg/detail/motor_data__rosidl_typesupport_fastrtps_c.h
[0.544s] -- Up-to-date: /home/future/Documents/pengyh/RobotAD_ws/install/robot_hardware/lib/librobot_hardware__rosidl_typesupport_fastrtps_c.so
[0.545s] -- Up-to-date: /home/future/Documents/pengyh/RobotAD_ws/install/robot_hardware/include/robot_hardware/robot_hardware
[0.545s] -- Up-to-date: /home/future/Documents/pengyh/RobotAD_ws/install/robot_hardware/include/robot_hardware/robot_hardware/msg
[0.546s] -- Up-to-date: /home/future/Documents/pengyh/RobotAD_ws/install/robot_hardware/include/robot_hardware/robot_hardware/msg/motor_data.hpp
[0.546s] -- Up-to-date: /home/future/Documents/pengyh/RobotAD_ws/install/robot_hardware/include/robot_hardware/robot_hardware/msg/hardware_data.hpp
[0.546s] -- Up-to-date: /home/future/Documents/pengyh/RobotAD_ws/install/robot_hardware/include/robot_hardware/robot_hardware/msg/detail
[0.547s] -- Up-to-date: /home/future/Documents/pengyh/RobotAD_ws/install/robot_hardware/include/robot_hardware/robot_hardware/msg/detail/motor_data__struct.hpp
[0.547s] -- Up-to-date: /home/future/Documents/pengyh/RobotAD_ws/install/robot_hardware/include/robot_hardware/robot_hardware/msg/detail/motor_data__builder.hpp
[0.547s] -- Up-to-date: /home/future/Documents/pengyh/RobotAD_ws/install/robot_hardware/include/robot_hardware/robot_hardware/msg/detail/motor_data__traits.hpp
[0.547s] -- Up-to-date: /home/future/Documents/pengyh/RobotAD_ws/install/robot_hardware/include/robot_hardware/robot_hardware/msg/detail/hardware_data__struct.hpp
[0.548s] -- Up-to-date: /home/future/Documents/pengyh/RobotAD_ws/install/robot_hardware/include/robot_hardware/robot_hardware/msg/detail/hardware_data__builder.hpp
[0.548s] -- Up-to-date: /home/future/Documents/pengyh/RobotAD_ws/install/robot_hardware/include/robot_hardware/robot_hardware/msg/detail/hardware_data__traits.hpp
[0.548s] -- Up-to-date: /home/future/Documents/pengyh/RobotAD_ws/install/robot_hardware/include/robot_hardware/robot_hardware
[0.549s] -- Up-to-date: /home/future/Documents/pengyh/RobotAD_ws/install/robot_hardware/include/robot_hardware/robot_hardware/msg
[0.549s] -- Up-to-date: /home/future/Documents/pengyh/RobotAD_ws/install/robot_hardware/include/robot_hardware/robot_hardware/msg/rosidl_typesupport_fastrtps_cpp__visibility_control.h
[0.549s] -- Up-to-date: /home/future/Documents/pengyh/RobotAD_ws/install/robot_hardware/include/robot_hardware/robot_hardware/msg/detail
[0.549s] -- Up-to-date: /home/future/Documents/pengyh/RobotAD_ws/install/robot_hardware/include/robot_hardware/robot_hardware/msg/detail/motor_data__rosidl_typesupport_fastrtps_cpp.hpp
[0.550s] -- Up-to-date: /home/future/Documents/pengyh/RobotAD_ws/install/robot_hardware/include/robot_hardware/robot_hardware/msg/detail/hardware_data__rosidl_typesupport_fastrtps_cpp.hpp
[0.550s] -- Up-to-date: /home/future/Documents/pengyh/RobotAD_ws/install/robot_hardware/include/robot_hardware/robot_hardware/msg/detail/dds_fastrtps
[0.550s] -- Up-to-date: /home/future/Documents/pengyh/RobotAD_ws/install/robot_hardware/lib/librobot_hardware__rosidl_typesupport_fastrtps_cpp.so
[0.551s] -- Up-to-date: /home/future/Documents/pengyh/RobotAD_ws/install/robot_hardware/include/robot_hardware/robot_hardware
[0.551s] -- Up-to-date: /home/future/Documents/pengyh/RobotAD_ws/install/robot_hardware/include/robot_hardware/robot_hardware/msg
[0.551s] -- Up-to-date: /home/future/Documents/pengyh/RobotAD_ws/install/robot_hardware/include/robot_hardware/robot_hardware/msg/detail
[0.551s] -- Up-to-date: /home/future/Documents/pengyh/RobotAD_ws/install/robot_hardware/include/robot_hardware/robot_hardware/msg/detail/motor_data__type_support.c
[0.552s] -- Up-to-date: /home/future/Documents/pengyh/RobotAD_ws/install/robot_hardware/include/robot_hardware/robot_hardware/msg/detail/motor_data__rosidl_typesupport_introspection_c.h
[0.552s] -- Up-to-date: /home/future/Documents/pengyh/RobotAD_ws/install/robot_hardware/include/robot_hardware/robot_hardware/msg/detail/hardware_data__type_support.c
[0.552s] -- Up-to-date: /home/future/Documents/pengyh/RobotAD_ws/install/robot_hardware/include/robot_hardware/robot_hardware/msg/detail/hardware_data__rosidl_typesupport_introspection_c.h
[0.552s] -- Up-to-date: /home/future/Documents/pengyh/RobotAD_ws/install/robot_hardware/include/robot_hardware/robot_hardware/msg/rosidl_typesupport_introspection_c__visibility_control.h
[0.553s] -- Up-to-date: /home/future/Documents/pengyh/RobotAD_ws/install/robot_hardware/lib/librobot_hardware__rosidl_typesupport_introspection_c.so
[0.553s] -- Up-to-date: /home/future/Documents/pengyh/RobotAD_ws/install/robot_hardware/lib/librobot_hardware__rosidl_typesupport_c.so
[0.553s] -- Up-to-date: /home/future/Documents/pengyh/RobotAD_ws/install/robot_hardware/include/robot_hardware/robot_hardware
[0.553s] -- Up-to-date: /home/future/Documents/pengyh/RobotAD_ws/install/robot_hardware/include/robot_hardware/robot_hardware/msg
[0.553s] -- Up-to-date: /home/future/Documents/pengyh/RobotAD_ws/install/robot_hardware/include/robot_hardware/robot_hardware/msg/detail
[0.553s] -- Up-to-date: /home/future/Documents/pengyh/RobotAD_ws/install/robot_hardware/include/robot_hardware/robot_hardware/msg/detail/hardware_data__type_support.cpp
[0.553s] -- Up-to-date: /home/future/Documents/pengyh/RobotAD_ws/install/robot_hardware/include/robot_hardware/robot_hardware/msg/detail/motor_data__type_support.cpp
[0.553s] -- Up-to-date: /home/future/Documents/pengyh/RobotAD_ws/install/robot_hardware/include/robot_hardware/robot_hardware/msg/detail/motor_data__rosidl_typesupport_introspection_cpp.hpp
[0.553s] -- Up-to-date: /home/future/Documents/pengyh/RobotAD_ws/install/robot_hardware/include/robot_hardware/robot_hardware/msg/detail/hardware_data__rosidl_typesupport_introspection_cpp.hpp
[0.553s] -- Up-to-date: /home/future/Documents/pengyh/RobotAD_ws/install/robot_hardware/lib/librobot_hardware__rosidl_typesupport_introspection_cpp.so
[0.553s] -- Up-to-date: /home/future/Documents/pengyh/RobotAD_ws/install/robot_hardware/lib/librobot_hardware__rosidl_typesupport_cpp.so
[0.553s] -- Up-to-date: /home/future/Documents/pengyh/RobotAD_ws/install/robot_hardware/share/robot_hardware/environment/pythonpath.sh
[0.553s] -- Up-to-date: /home/future/Documents/pengyh/RobotAD_ws/install/robot_hardware/share/robot_hardware/environment/pythonpath.dsv
[0.553s] -- Up-to-date: /home/future/Documents/pengyh/RobotAD_ws/install/robot_hardware/local/lib/python3.10/dist-packages/robot_hardware-0.0.1-py3.10.egg-info
[0.553s] -- Installing: /home/future/Documents/pengyh/RobotAD_ws/install/robot_hardware/local/lib/python3.10/dist-packages/robot_hardware-0.0.1-py3.10.egg-info/top_level.txt
[0.553s] -- Installing: /home/future/Documents/pengyh/RobotAD_ws/install/robot_hardware/local/lib/python3.10/dist-packages/robot_hardware-0.0.1-py3.10.egg-info/PKG-INFO
[0.553s] -- Installing: /home/future/Documents/pengyh/RobotAD_ws/install/robot_hardware/local/lib/python3.10/dist-packages/robot_hardware-0.0.1-py3.10.egg-info/dependency_links.txt
[0.553s] -- Installing: /home/future/Documents/pengyh/RobotAD_ws/install/robot_hardware/local/lib/python3.10/dist-packages/robot_hardware-0.0.1-py3.10.egg-info/SOURCES.txt
[0.553s] -- Up-to-date: /home/future/Documents/pengyh/RobotAD_ws/install/robot_hardware/local/lib/python3.10/dist-packages/robot_hardware
[0.553s] -- Up-to-date: /home/future/Documents/pengyh/RobotAD_ws/install/robot_hardware/local/lib/python3.10/dist-packages/robot_hardware/librobot_hardware__rosidl_generator_py.so
[0.553s] -- Up-to-date: /home/future/Documents/pengyh/RobotAD_ws/install/robot_hardware/local/lib/python3.10/dist-packages/robot_hardware/_robot_hardware_s.ep.rosidl_typesupport_c.c
[0.553s] -- Up-to-date: /home/future/Documents/pengyh/RobotAD_ws/install/robot_hardware/local/lib/python3.10/dist-packages/robot_hardware/robot_hardware_s__rosidl_typesupport_c.cpython-310-x86_64-linux-gnu.so
[0.554s] -- Up-to-date: /home/future/Documents/pengyh/RobotAD_ws/install/robot_hardware/local/lib/python3.10/dist-packages/robot_hardware/msg
[0.554s] -- Up-to-date: /home/future/Documents/pengyh/RobotAD_ws/install/robot_hardware/local/lib/python3.10/dist-packages/robot_hardware/msg/_motor_data_s.c
[0.554s] -- Up-to-date: /home/future/Documents/pengyh/RobotAD_ws/install/robot_hardware/local/lib/python3.10/dist-packages/robot_hardware/msg/_hardware_data_s.c
[0.554s] -- Up-to-date: /home/future/Documents/pengyh/RobotAD_ws/install/robot_hardware/local/lib/python3.10/dist-packages/robot_hardware/msg/_hardware_data.py
[0.554s] -- Up-to-date: /home/future/Documents/pengyh/RobotAD_ws/install/robot_hardware/local/lib/python3.10/dist-packages/robot_hardware/msg/__init__.py
[0.554s] -- Up-to-date: /home/future/Documents/pengyh/RobotAD_ws/install/robot_hardware/local/lib/python3.10/dist-packages/robot_hardware/msg/_motor_data.py
[0.554s] -- Up-to-date: /home/future/Documents/pengyh/RobotAD_ws/install/robot_hardware/local/lib/python3.10/dist-packages/robot_hardware/robot_hardware_s__rosidl_typesupport_fastrtps_c.cpython-310-x86_64-linux-gnu.so
[0.554s] -- Up-to-date: /home/future/Documents/pengyh/RobotAD_ws/install/robot_hardware/local/lib/python3.10/dist-packages/robot_hardware/_robot_hardware_s.ep.rosidl_typesupport_fastrtps_c.c
[0.554s] -- Up-to-date: /home/future/Documents/pengyh/RobotAD_ws/install/robot_hardware/local/lib/python3.10/dist-packages/robot_hardware/robot_hardware_s__rosidl_typesupport_introspection_c.cpython-310-x86_64-linux-gnu.so
[0.554s] -- Up-to-date: /home/future/Documents/pengyh/RobotAD_ws/install/robot_hardware/local/lib/python3.10/dist-packages/robot_hardware/_robot_hardware_s.ep.rosidl_typesupport_introspection_c.c
[0.554s] -- Up-to-date: /home/future/Documents/pengyh/RobotAD_ws/install/robot_hardware/local/lib/python3.10/dist-packages/robot_hardware/__init__.py
[0.581s] Listing '/home/future/Documents/pengyh/RobotAD_ws/install/robot_hardware/local/lib/python3.10/dist-packages/robot_hardware'...
[0.582s] Listing '/home/future/Documents/pengyh/RobotAD_ws/install/robot_hardware/local/lib/python3.10/dist-packages/robot_hardware/msg'...
[0.594s] -- Up-to-date: /home/future/Documents/pengyh/RobotAD_ws/install/robot_hardware/local/lib/python3.10/dist-packages/robot_hardware/robot_hardware_s__rosidl_typesupport_fastrtps_c.cpython-310-x86_64-linux-gnu.so
[0.594s] -- Up-to-date: /home/future/Documents/pengyh/RobotAD_ws/install/robot_hardware/local/lib/python3.10/dist-packages/robot_hardware/robot_hardware_s__rosidl_typesupport_introspection_c.cpython-310-x86_64-linux-gnu.so
[0.594s] -- Up-to-date: /home/future/Documents/pengyh/RobotAD_ws/install/robot_hardware/local/lib/python3.10/dist-packages/robot_hardware/robot_hardware_s__rosidl_typesupport_c.cpython-310-x86_64-linux-gnu.so
[0.594s] -- Up-to-date: /home/future/Documents/pengyh/RobotAD_ws/install/robot_hardware/lib/librobot_hardware__rosidl_generator_py.so
[0.594s] -- Up-to-date: /home/future/Documents/pengyh/RobotAD_ws/install/robot_hardware/share/robot_hardware/msg/HardwareData.idl
[0.595s] -- Up-to-date: /home/future/Documents/pengyh/RobotAD_ws/install/robot_hardware/share/robot_hardware/msg/MotorData.idl
[0.595s] -- Up-to-date: /home/future/Documents/pengyh/RobotAD_ws/install/robot_hardware/share/robot_hardware/msg/HardwareData.msg
[0.595s] -- Up-to-date: /home/future/Documents/pengyh/RobotAD_ws/install/robot_hardware/share/robot_hardware/msg/MotorData.msg
[0.596s] -- Up-to-date: /home/future/Documents/pengyh/RobotAD_ws/install/robot_hardware/lib/robot_hardware/hardware_manager
[0.597s] -- Up-to-date: /home/future/Documents/pengyh/RobotAD_ws/install/robot_hardware/include
[0.597s] -- Up-to-date: /home/future/Documents/pengyh/RobotAD_ws/install/robot_hardware/include/wheel.hpp
[0.597s] -- Up-to-date: /home/future/Documents/pengyh/RobotAD_ws/install/robot_hardware/include/hardware_manager.hpp
[0.597s] -- Up-to-date: /home/future/Documents/pengyh/RobotAD_ws/install/robot_hardware/include/hardware_bridge_interface.hpp
[0.597s] -- Up-to-date: /home/future/Documents/pengyh/RobotAD_ws/install/robot_hardware/share/robot_hardware/msg/msg
[0.597s] -- Up-to-date: /home/future/Documents/pengyh/RobotAD_ws/install/robot_hardware/share/robot_hardware/msg/msg/MotorData.msg
[0.597s] -- Up-to-date: /home/future/Documents/pengyh/RobotAD_ws/install/robot_hardware/share/robot_hardware/msg/msg/HardwareData.msg
[0.598s] -- Up-to-date: /home/future/Documents/pengyh/RobotAD_ws/install/robot_hardware/share/ament_index/resource_index/package_run_dependencies/robot_hardware
[0.598s] -- Up-to-date: /home/future/Documents/pengyh/RobotAD_ws/install/robot_hardware/share/ament_index/resource_index/parent_prefix_path/robot_hardware
[0.598s] -- Up-to-date: /home/future/Documents/pengyh/RobotAD_ws/install/robot_hardware/share/robot_hardware/environment/ament_prefix_path.sh
[0.598s] -- Up-to-date: /home/future/Documents/pengyh/RobotAD_ws/install/robot_hardware/share/robot_hardware/environment/ament_prefix_path.dsv
[0.598s] -- Up-to-date: /home/future/Documents/pengyh/RobotAD_ws/install/robot_hardware/share/robot_hardware/environment/path.sh
[0.598s] -- Up-to-date: /home/future/Documents/pengyh/RobotAD_ws/install/robot_hardware/share/robot_hardware/environment/path.dsv
[0.598s] -- Up-to-date: /home/future/Documents/pengyh/RobotAD_ws/install/robot_hardware/share/robot_hardware/local_setup.bash
[0.598s] -- Up-to-date: /home/future/Documents/pengyh/RobotAD_ws/install/robot_hardware/share/robot_hardware/local_setup.sh
[0.598s] -- Up-to-date: /home/future/Documents/pengyh/RobotAD_ws/install/robot_hardware/share/robot_hardware/local_setup.zsh
[0.598s] -- Up-to-date: /home/future/Documents/pengyh/RobotAD_ws/install/robot_hardware/share/robot_hardware/local_setup.dsv
[0.598s] -- Installing: /home/future/Documents/pengyh/RobotAD_ws/install/robot_hardware/share/robot_hardware/package.dsv
[0.599s] -- Up-to-date: /home/future/Documents/pengyh/RobotAD_ws/install/robot_hardware/share/ament_index/resource_index/packages/robot_hardware
[0.599s] -- Up-to-date: /home/future/Documents/pengyh/RobotAD_ws/install/robot_hardware/share/robot_hardware/cmake/export_robot_hardware__rosidl_generator_cExport.cmake
[0.600s] -- Up-to-date: /home/future/Documents/pengyh/RobotAD_ws/install/robot_hardware/share/robot_hardware/cmake/export_robot_hardware__rosidl_generator_cExport-noconfig.cmake
[0.600s] -- Up-to-date: /home/future/Documents/pengyh/RobotAD_ws/install/robot_hardware/share/robot_hardware/cmake/export_robot_hardware__rosidl_typesupport_fastrtps_cExport.cmake
[0.600s] -- Up-to-date: /home/future/Documents/pengyh/RobotAD_ws/install/robot_hardware/share/robot_hardware/cmake/export_robot_hardware__rosidl_typesupport_fastrtps_cExport-noconfig.cmake
[0.600s] -- Up-to-date: /home/future/Documents/pengyh/RobotAD_ws/install/robot_hardware/share/robot_hardware/cmake/export_robot_hardware__rosidl_generator_cppExport.cmake
[0.601s] -- Up-to-date: /home/future/Documents/pengyh/RobotAD_ws/install/robot_hardware/share/robot_hardware/cmake/export_robot_hardware__rosidl_typesupport_fastrtps_cppExport.cmake
[0.601s] -- Up-to-date: /home/future/Documents/pengyh/RobotAD_ws/install/robot_hardware/share/robot_hardware/cmake/export_robot_hardware__rosidl_typesupport_fastrtps_cppExport-noconfig.cmake
[0.601s] -- Up-to-date: /home/future/Documents/pengyh/RobotAD_ws/install/robot_hardware/share/robot_hardware/cmake/robot_hardware__rosidl_typesupport_introspection_cExport.cmake
[0.602s] -- Up-to-date: /home/future/Documents/pengyh/RobotAD_ws/install/robot_hardware/share/robot_hardware/cmake/robot_hardware__rosidl_typesupport_introspection_cExport-noconfig.cmake
[0.602s] -- Up-to-date: /home/future/Documents/pengyh/RobotAD_ws/install/robot_hardware/share/robot_hardware/cmake/robot_hardware__rosidl_typesupport_cExport.cmake
[0.602s] -- Up-to-date: /home/future/Documents/pengyh/RobotAD_ws/install/robot_hardware/share/robot_hardware/cmake/robot_hardware__rosidl_typesupport_cExport-noconfig.cmake
[0.609s] -- Up-to-date: /home/future/Documents/pengyh/RobotAD_ws/install/robot_hardware/share/robot_hardware/cmake/robot_hardware__rosidl_typesupport_introspection_cppExport.cmake
[0.610s] -- Up-to-date: /home/future/Documents/pengyh/RobotAD_ws/install/robot_hardware/share/robot_hardware/cmake/robot_hardware__rosidl_typesupport_introspection_cppExport-noconfig.cmake
[0.610s] -- Up-to-date: /home/future/Documents/pengyh/RobotAD_ws/install/robot_hardware/share/robot_hardware/cmake/robot_hardware__rosidl_typesupport_cppExport.cmake
[0.611s] -- Up-to-date: /home/future/Documents/pengyh/RobotAD_ws/install/robot_hardware/share/robot_hardware/cmake/robot_hardware__rosidl_typesupport_cppExport-noconfig.cmake
[0.611s] -- Up-to-date: /home/future/Documents/pengyh/RobotAD_ws/install/robot_hardware/share/robot_hardware/cmake/export_robot_hardware__rosidl_generator_pyExport.cmake
[0.612s] -- Up-to-date: /home/future/Documents/pengyh/RobotAD_ws/install/robot_hardware/share/robot_hardware/cmake/export_robot_hardware__rosidl_generator_pyExport-noconfig.cmake
[0.612s] -- Up-to-date: /home/future/Documents/pengyh/RobotAD_ws/install/robot_hardware/share/robot_hardware/cmake/rosidl_cmake-extras.cmake
[0.612s] -- Up-to-date: /home/future/Documents/pengyh/RobotAD_ws/install/robot_hardware/share/robot_hardware/cmake/ament_cmake_export_dependencies-extras.cmake
[0.612s] -- Up-to-date: /home/future/Documents/pengyh/RobotAD_ws/install/robot_hardware/share/robot_hardware/cmake/ament_cmake_export_include_directories-extras.cmake
[0.612s] -- Up-to-date: /home/future/Documents/pengyh/RobotAD_ws/install/robot_hardware/share/robot_hardware/cmake/ament_cmake_export_libraries-extras.cmake
[0.612s] -- Up-to-date: /home/future/Documents/pengyh/RobotAD_ws/install/robot_hardware/share/robot_hardware/cmake/ament_cmake_export_targets-extras.cmake
[0.612s] -- Up-to-date: /home/future/Documents/pengyh/RobotAD_ws/install/robot_hardware/share/robot_hardware/cmake/rosidl_cmake_export_typesupport_targets-extras.cmake
[0.612s] -- Up-to-date: /home/future/Documents/pengyh/RobotAD_ws/install/robot_hardware/share/robot_hardware/cmake/rosidl_cmake_export_typesupport_libraries-extras.cmake
[0.612s] -- Up-to-date: /home/future/Documents/pengyh/RobotAD_ws/install/robot_hardware/share/robot_hardware/cmake/robot_hardwareConfig.cmake
[0.612s] -- Up-to-date: /home/future/Documents/pengyh/RobotAD_ws/install/robot_hardware/share/robot_hardware/cmake/robot_hardwareConfig-version.cmake
[0.613s] -- Up-to-date: /home/future/Documents/pengyh/RobotAD_ws/install/robot_hardware/share/robot_hardware/package.xml
[0.620s] Invoked command in '/home/future/Documents/pengyh/RobotAD_ws/build/robot_hardware' returned '0': CMAKE_PREFIX_PATH=${CMAKE_PREFIX_PATH}:/opt/ros/humble /usr/bin/cmake --install /home/future/Documents/pengyh/RobotAD_ws/build/robot_hardware
