[0.018s] Invoking command in '/home/pengyh/documents/ros2_ws/RobotAD/build/diff_control': /usr/bin/cmake /home/pengyh/documents/ros2_ws/RobotAD/src/diff_control -DAMENT_CMAKE_SYMLINK_INSTALL=1 -DCMAKE_INSTALL_PREFIX=/home/pengyh/documents/ros2_ws/RobotAD/install/diff_control
[0.028s] -- Found ament_cmake: 1.3.11 (/opt/ros/humble/share/ament_cmake/cmake)
[0.151s] -- Override CMake install command with custom implementation using symlinks instead of copying resources
[0.158s] -- Found hardware_interface: 2.46.0 (/opt/ros/humble/share/hardware_interface/cmake)
[0.189s] -- Found rosidl_generator_c: 3.1.6 (/opt/ros/humble/share/rosidl_generator_c/cmake)
[0.192s] -- Found rosidl_adapter: 3.1.6 (/opt/ros/humble/share/rosidl_adapter/cmake)
[0.199s] -- Found rosidl_generator_cpp: 3.1.6 (/opt/ros/humble/share/rosidl_generator_cpp/cmake)
[0.212s] -- Using all available rosidl_typesupport_c: rosidl_typesupport_fastrtps_c;rosidl_typesupport_introspection_c
[0.226s] -- Using all available rosidl_typesupport_cpp: rosidl_typesupport_fastrtps_cpp;rosidl_typesupport_introspection_cpp
[0.353s] -- Found rmw_implementation_cmake: 6.1.2 (/opt/ros/humble/share/rmw_implementation_cmake/cmake)
[0.353s] -- Found rmw_fastrtps_cpp: 6.2.7 (/opt/ros/humble/share/rmw_fastrtps_cpp/cmake)
[0.367s] -- Found TinyXML2 via Config file: TinyXML2_DIR-NOTFOUND
[0.377s] -- Found TinyXML2 via Config file: TinyXML2_DIR-NOTFOUND
[0.396s] -- Found TinyXML2 via Config file: TinyXML2_DIR-NOTFOUND
[0.405s] -- Found TinyXML2 via Config file: TinyXML2_DIR-NOTFOUND
[0.418s] -- Using RMW implementation 'rmw_fastrtps_cpp' as default
[0.477s] -- Found rclcpp_components: 16.0.11 (/opt/ros/humble/share/rclcpp_components/cmake)
[0.499s] -- Found serial: 1.2.1 (/usr/local/share/serial/cmake)
[0.511s] -- Configuring incomplete, errors occurred!
[0.512s] See also "/home/pengyh/documents/ros2_ws/RobotAD/build/diff_control/CMakeFiles/CMakeOutput.log".
[0.515s] [31mCMake Error at CMakeLists.txt:22 (find_package):
[0.516s]   By not providing "Findrobot_hardware.cmake" in CMAKE_MODULE_PATH this
[0.516s]   project has asked CMake to find a package configuration file provided by
[0.516s]   "robot_hardware", but CMake did not find one.
[0.516s] 
[0.516s]   Could not find a package configuration file provided by "robot_hardware"
[0.516s]   with any of the following names:
[0.516s] 
[0.516s]     robot_hardwareConfig.cmake
[0.516s]     robot_hardware-config.cmake
[0.516s] 
[0.516s]   Add the installation prefix of "robot_hardware" to CMAKE_PREFIX_PATH or set
[0.516s]   "robot_hardware_DIR" to a directory containing one of the above files.  If
[0.516s]   "robot_hardware" provides a separate development package or SDK, be sure it
[0.516s]   has been installed.
[0.516s] 
[0.516s] [0m
[0.522s] Invoked command in '/home/pengyh/documents/ros2_ws/RobotAD/build/diff_control' returned '1': /usr/bin/cmake /home/pengyh/documents/ros2_ws/RobotAD/src/diff_control -DAMENT_CMAKE_SYMLINK_INSTALL=1 -DCMAKE_INSTALL_PREFIX=/home/pengyh/documents/ros2_ws/RobotAD/install/diff_control
