[0.008s] Invoking command in '/home/future/Documents/pengyh/RobotAD_ws/build/usb_camera': CMAKE_PREFIX_PATH=${CMAKE_PREFIX_PATH}:/home/future/Documents/Robot/nav_ws/install/show_urdf:/home/future/Documents/Robot/nav_ws/install/serial_bridge:/home/future/Documents/Robot/nav_ws/install/ros_tcp_endpoint:/home/future/Documents/Robot/nav_ws/install/remove_obstacle:/home/future/Documents/Robot/nav_ws/install/keyboard_control:/opt/ros/humble CONDA_PROMPT_MODIFIER=(base) /usr/bin/cmake --build /home/future/Documents/pengyh/RobotAD_ws/build/usb_camera -- -j24 -l24
[0.024s] -- Found ament_cmake: 1.3.10 (/opt/ros/humble/share/ament_cmake/cmake)
[0.112s] -- Override CMake install command with custom implementation using symlinks instead of copying resources
[0.116s] -- Found rclcpp: 16.0.10 (/opt/ros/humble/share/rclcpp/cmake)
[0.134s] -- Found rosidl_generator_c: 3.1.5 (/opt/ros/humble/share/rosidl_generator_c/cmake)
[0.135s] -- Found rosidl_adapter: 3.1.5 (/opt/ros/humble/share/rosidl_adapter/cmake)
[0.138s] -- Found rosidl_generator_cpp: 3.1.5 (/opt/ros/humble/share/rosidl_generator_cpp/cmake)
[0.144s] -- Using all available rosidl_typesupport_c: rosidl_typesupport_fastrtps_c;rosidl_typesupport_introspection_c
[0.151s] -- Using all available rosidl_typesupport_cpp: rosidl_typesupport_fastrtps_cpp;rosidl_typesupport_introspection_cpp
[0.172s] -- Found rmw_implementation_cmake: 6.1.2 (/opt/ros/humble/share/rmw_implementation_cmake/cmake)
[0.173s] -- Found rmw_fastrtps_cpp: 6.2.7 (/opt/ros/humble/share/rmw_fastrtps_cpp/cmake)
[0.253s] -- Using RMW implementation 'rmw_fastrtps_cpp' as default
[0.285s] -- Found sensor_msgs: 4.2.4 (/opt/ros/humble/share/sensor_msgs/cmake)
[0.302s] -- Found cv_bridge: 3.2.1 (/opt/ros/humble/share/cv_bridge/cmake)
[0.356s] -- Configuring done
[0.363s] -- Generating done
[0.364s] -- Build files have been written to: /home/future/Documents/pengyh/RobotAD_ws/build/usb_camera
[0.404s] [35m[1mConsolidate compiler generated dependencies of target usb_camera_node[0m
[0.435s] [ 50%] [32mBuilding CXX object CMakeFiles/usb_camera_node.dir/src/usb_camera_node.cpp.o[0m
[5.508s] [100%] [32m[1mLinking CXX executable usb_camera_node[0m
[6.146s] [100%] Built target usb_camera_node
[6.158s] Invoked command in '/home/future/Documents/pengyh/RobotAD_ws/build/usb_camera' returned '0': CMAKE_PREFIX_PATH=${CMAKE_PREFIX_PATH}:/home/future/Documents/Robot/nav_ws/install/show_urdf:/home/future/Documents/Robot/nav_ws/install/serial_bridge:/home/future/Documents/Robot/nav_ws/install/ros_tcp_endpoint:/home/future/Documents/Robot/nav_ws/install/remove_obstacle:/home/future/Documents/Robot/nav_ws/install/keyboard_control:/opt/ros/humble CONDA_PROMPT_MODIFIER=(base) /usr/bin/cmake --build /home/future/Documents/pengyh/RobotAD_ws/build/usb_camera -- -j24 -l24
[6.224s] Invoking command in '/home/future/Documents/pengyh/RobotAD_ws/build/usb_camera': CMAKE_PREFIX_PATH=${CMAKE_PREFIX_PATH}:/home/future/Documents/Robot/nav_ws/install/show_urdf:/home/future/Documents/Robot/nav_ws/install/serial_bridge:/home/future/Documents/Robot/nav_ws/install/ros_tcp_endpoint:/home/future/Documents/Robot/nav_ws/install/remove_obstacle:/home/future/Documents/Robot/nav_ws/install/keyboard_control:/opt/ros/humble CONDA_PROMPT_MODIFIER=(base) /usr/bin/cmake --install /home/future/Documents/pengyh/RobotAD_ws/build/usb_camera
[6.251s] -- Install configuration: ""
[6.253s] -- Execute custom install script
[6.254s] -- Up-to-date symlink: /home/future/Documents/pengyh/RobotAD_ws/install/usb_camera/lib/usb_camera/usb_camera_node
[6.255s] -- Up-to-date symlink: /home/future/Documents/pengyh/RobotAD_ws/install/usb_camera/share/ament_index/resource_index/package_run_dependencies/usb_camera
[6.256s] -- Up-to-date symlink: /home/future/Documents/pengyh/RobotAD_ws/install/usb_camera/share/ament_index/resource_index/parent_prefix_path/usb_camera
[6.256s] -- Up-to-date symlink: /home/future/Documents/pengyh/RobotAD_ws/install/usb_camera/share/usb_camera/environment/ament_prefix_path.sh
[6.257s] -- Up-to-date symlink: /home/future/Documents/pengyh/RobotAD_ws/install/usb_camera/share/usb_camera/environment/ament_prefix_path.dsv
[6.257s] -- Up-to-date symlink: /home/future/Documents/pengyh/RobotAD_ws/install/usb_camera/share/usb_camera/environment/path.sh
[6.258s] -- Up-to-date symlink: /home/future/Documents/pengyh/RobotAD_ws/install/usb_camera/share/usb_camera/environment/path.dsv
[6.259s] -- Up-to-date symlink: /home/future/Documents/pengyh/RobotAD_ws/install/usb_camera/share/usb_camera/local_setup.bash
[6.259s] -- Up-to-date symlink: /home/future/Documents/pengyh/RobotAD_ws/install/usb_camera/share/usb_camera/local_setup.sh
[6.260s] -- Up-to-date symlink: /home/future/Documents/pengyh/RobotAD_ws/install/usb_camera/share/usb_camera/local_setup.zsh
[6.260s] -- Up-to-date symlink: /home/future/Documents/pengyh/RobotAD_ws/install/usb_camera/share/usb_camera/local_setup.dsv
[6.261s] -- Symlinking: /home/future/Documents/pengyh/RobotAD_ws/install/usb_camera/share/usb_camera/package.dsv
[6.285s] -- Up-to-date symlink: /home/future/Documents/pengyh/RobotAD_ws/install/usb_camera/share/ament_index/resource_index/packages/usb_camera
[6.285s] -- Up-to-date symlink: /home/future/Documents/pengyh/RobotAD_ws/install/usb_camera/share/usb_camera/cmake/usb_cameraConfig.cmake
[6.285s] -- Up-to-date symlink: /home/future/Documents/pengyh/RobotAD_ws/install/usb_camera/share/usb_camera/cmake/usb_cameraConfig-version.cmake
[6.285s] -- Up-to-date symlink: /home/future/Documents/pengyh/RobotAD_ws/install/usb_camera/share/usb_camera/package.xml
[6.290s] Invoked command in '/home/future/Documents/pengyh/RobotAD_ws/build/usb_camera' returned '0': CMAKE_PREFIX_PATH=${CMAKE_PREFIX_PATH}:/home/future/Documents/Robot/nav_ws/install/show_urdf:/home/future/Documents/Robot/nav_ws/install/serial_bridge:/home/future/Documents/Robot/nav_ws/install/ros_tcp_endpoint:/home/future/Documents/Robot/nav_ws/install/remove_obstacle:/home/future/Documents/Robot/nav_ws/install/keyboard_control:/opt/ros/humble CONDA_PROMPT_MODIFIER=(base) /usr/bin/cmake --install /home/future/Documents/pengyh/RobotAD_ws/build/usb_camera
