[0.020s] Invoking command in '/home/future/Documents/pengyh/RobotAD_ws/build/diff_control': CMAKE_PREFIX_PATH=${CMAKE_PREFIX_PATH}:/opt/ros/humble /usr/bin/cmake /home/future/Documents/pengyh/RobotAD_ws/src/diff_control -DCMAKE_INSTALL_PREFIX=/home/future/Documents/pengyh/RobotAD_ws/install/diff_control
[0.027s] -- Found ament_cmake: 1.3.10 (/opt/ros/humble/share/ament_cmake/cmake)
[0.121s] -- Found hardware_interface: 2.43.1 (/opt/ros/humble/share/hardware_interface/cmake)
[0.144s] -- Found rosidl_generator_c: 3.1.5 (/opt/ros/humble/share/rosidl_generator_c/cmake)
[0.146s] -- Found rosidl_adapter: 3.1.5 (/opt/ros/humble/share/rosidl_adapter/cmake)
[0.150s] -- Found rosidl_generator_cpp: 3.1.5 (/opt/ros/humble/share/rosidl_generator_cpp/cmake)
[0.155s] -- Using all available rosidl_typesupport_c: rosidl_typesupport_fastrtps_c;rosidl_typesupport_introspection_c
[0.162s] -- Using all available rosidl_typesupport_cpp: rosidl_typesupport_fastrtps_cpp;rosidl_typesupport_introspection_cpp
[0.260s] -- Found rmw_implementation_cmake: 6.1.2 (/opt/ros/humble/share/rmw_implementation_cmake/cmake)
[0.261s] -- Found rmw_fastrtps_cpp: 6.2.7 (/opt/ros/humble/share/rmw_fastrtps_cpp/cmake)
[0.272s] -- Found TinyXML2 via Config file: TinyXML2_DIR-NOTFOUND
[0.280s] -- Found TinyXML2 via Config file: TinyXML2_DIR-NOTFOUND
[0.289s] -- Found TinyXML2 via Config file: TinyXML2_DIR-NOTFOUND
[0.295s] -- Found TinyXML2 via Config file: TinyXML2_DIR-NOTFOUND
[0.303s] -- Using RMW implementation 'rmw_fastrtps_cpp' as default
[0.328s] -- Found nav_interfaces: 0.0.0 (/home/future/Documents/Navigation/interface_ws/install/nav_interfaces/share/nav_interfaces/cmake)
[0.333s] -- Found rclcpp_components: 16.0.10 (/opt/ros/humble/share/rclcpp_components/cmake)
[0.342s] -- Found serial: 1.2.1 (/usr/local/share/serial/cmake)
[0.344s] -- Found robot_hardware: 0.0.1 (/home/future/Documents/pengyh/RobotAD_ws/install/robot_hardware/share/robot_hardware/cmake)
[0.358s] -- Found ament_cmake_pytest: 1.3.10 (/opt/ros/humble/share/ament_cmake_pytest/cmake)
[0.823s] -- Configuring done
[0.836s] -- Generating done
[0.839s] -- Build files have been written to: /home/future/Documents/pengyh/RobotAD_ws/build/diff_control
[0.845s] Invoked command in '/home/future/Documents/pengyh/RobotAD_ws/build/diff_control' returned '0': CMAKE_PREFIX_PATH=${CMAKE_PREFIX_PATH}:/opt/ros/humble /usr/bin/cmake /home/future/Documents/pengyh/RobotAD_ws/src/diff_control -DCMAKE_INSTALL_PREFIX=/home/future/Documents/pengyh/RobotAD_ws/install/diff_control
[0.846s] Invoking command in '/home/future/Documents/pengyh/RobotAD_ws/build/diff_control': CMAKE_PREFIX_PATH=${CMAKE_PREFIX_PATH}:/opt/ros/humble /usr/bin/cmake --build /home/future/Documents/pengyh/RobotAD_ws/build/diff_control -- -j24 -l24
[0.888s] [ 50%] [32mBuilding CXX object CMakeFiles/diff_control.dir/hardware/diffbot_system.cpp.o[0m
[6.642s] [100%] [32m[1mLinking CXX shared library libdiff_control.so[0m
[6.962s] [100%] Built target diff_control
[6.973s] Invoked command in '/home/future/Documents/pengyh/RobotAD_ws/build/diff_control' returned '0': CMAKE_PREFIX_PATH=${CMAKE_PREFIX_PATH}:/opt/ros/humble /usr/bin/cmake --build /home/future/Documents/pengyh/RobotAD_ws/build/diff_control -- -j24 -l24
[6.974s] Invoking command in '/home/future/Documents/pengyh/RobotAD_ws/build/diff_control': CMAKE_PREFIX_PATH=${CMAKE_PREFIX_PATH}:/opt/ros/humble /usr/bin/cmake --install /home/future/Documents/pengyh/RobotAD_ws/build/diff_control
[6.980s] -- Install configuration: ""
[6.980s] -- Installing: /home/future/Documents/pengyh/RobotAD_ws/install/diff_control/share/diff_control/diff_control.xml
[6.980s] -- Installing: /home/future/Documents/pengyh/RobotAD_ws/install/diff_control/share/diff_control/world
[6.980s] -- Installing: /home/future/Documents/pengyh/RobotAD_ws/install/diff_control/share/diff_control/world/sim_world.sdf
[6.980s] -- Installing: /home/future/Documents/pengyh/RobotAD_ws/install/diff_control/share/diff_control/world/sim_world_2.sdf
[6.980s] -- Installing: /home/future/Documents/pengyh/RobotAD_ws/install/diff_control/share/diff_control/world/sim_world2.sdf
[6.980s] -- Installing: /home/future/Documents/pengyh/RobotAD_ws/install/diff_control/share/diff_control/world/obstacles.world
[6.981s] -- Installing: /home/future/Documents/pengyh/RobotAD_ws/install/diff_control/include/diff_control
[6.981s] -- Installing: /home/future/Documents/pengyh/RobotAD_ws/install/diff_control/include/diff_control/diff_control
[6.981s] -- Installing: /home/future/Documents/pengyh/RobotAD_ws/install/diff_control/include/diff_control/diff_control/wheel.hpp
[6.981s] -- Installing: /home/future/Documents/pengyh/RobotAD_ws/install/diff_control/include/diff_control/diff_control/serial_bridge.hpp
[6.981s] -- Installing: /home/future/Documents/pengyh/RobotAD_ws/install/diff_control/include/diff_control/diff_control/diffbot_system.hpp
[6.981s] -- Installing: /home/future/Documents/pengyh/RobotAD_ws/install/diff_control/include/diff_control/diff_control/visibility_control.h
[6.981s] -- Installing: /home/future/Documents/pengyh/RobotAD_ws/install/diff_control/share/diff_control/launch
[6.981s] -- Installing: /home/future/Documents/pengyh/RobotAD_ws/install/diff_control/share/diff_control/launch/view_robot.launch.py
[6.981s] -- Installing: /home/future/Documents/pengyh/RobotAD_ws/install/diff_control/share/diff_control/ros2_control
[6.981s] -- Installing: /home/future/Documents/pengyh/RobotAD_ws/install/diff_control/share/diff_control/ros2_control/diffbot.materials.xacro
[6.981s] -- Installing: /home/future/Documents/pengyh/RobotAD_ws/install/diff_control/share/diff_control/ros2_control/diffbot_model_our.urdf.xacro
[6.981s] -- Installing: /home/future/Documents/pengyh/RobotAD_ws/install/diff_control/share/diff_control/ros2_control/diffbot_model.urdf.xacro
[6.981s] -- Installing: /home/future/Documents/pengyh/RobotAD_ws/install/diff_control/share/diff_control/ros2_control/inertial_macros.xacro
[6.981s] -- Installing: /home/future/Documents/pengyh/RobotAD_ws/install/diff_control/share/diff_control/ros2_control/diffbot.ros2_control.xacro
[6.981s] -- Installing: /home/future/Documents/pengyh/RobotAD_ws/install/diff_control/share/diff_control/ros2_control/diffbot2_model.urdf.xacro
[6.982s] -- Installing: /home/future/Documents/pengyh/RobotAD_ws/install/diff_control/share/diff_control/ros2_control/lidar.xacro
[6.982s] -- Installing: /home/future/Documents/pengyh/RobotAD_ws/install/diff_control/share/diff_control/urdf
[6.982s] -- Installing: /home/future/Documents/pengyh/RobotAD_ws/install/diff_control/share/diff_control/urdf/diffbot.urdf.xacro
[6.982s] -- Up-to-date: /home/future/Documents/pengyh/RobotAD_ws/install/diff_control/share/diff_control/launch
[6.982s] -- Installing: /home/future/Documents/pengyh/RobotAD_ws/install/diff_control/share/diff_control/launch/diffbot_sim.launch.py
[6.982s] -- Installing: /home/future/Documents/pengyh/RobotAD_ws/install/diff_control/share/diff_control/launch/diffbot.launch.py
[6.982s] -- Installing: /home/future/Documents/pengyh/RobotAD_ws/install/diff_control/share/diff_control/config
[6.982s] -- Installing: /home/future/Documents/pengyh/RobotAD_ws/install/diff_control/share/diff_control/config/gazebo_params.yaml
[6.982s] -- Installing: /home/future/Documents/pengyh/RobotAD_ws/install/diff_control/share/diff_control/config/mapper_params_online_async.yaml
[6.982s] -- Installing: /home/future/Documents/pengyh/RobotAD_ws/install/diff_control/share/diff_control/config/diffbot_controllers.yaml
[6.982s] -- Installing: /home/future/Documents/pengyh/RobotAD_ws/install/diff_control/share/diff_control/config/urdf.rviz
[6.982s] -- Installing: /home/future/Documents/pengyh/RobotAD_ws/install/diff_control/share/diff_control/config/gazebo_use_sim_control.yaml
[6.982s] -- Installing: /home/future/Documents/pengyh/RobotAD_ws/install/diff_control/share/diff_control/config/urdf.rviz.old
[6.982s] -- Installing: /home/future/Documents/pengyh/RobotAD_ws/install/diff_control/lib/libdiff_control.so
[6.986s] -- Set runtime path of "/home/future/Documents/pengyh/RobotAD_ws/install/diff_control/lib/libdiff_control.so" to ""
[6.986s] -- Installing: /home/future/Documents/pengyh/RobotAD_ws/install/diff_control/share/diff_control/environment/library_path.sh
[6.986s] -- Installing: /home/future/Documents/pengyh/RobotAD_ws/install/diff_control/share/diff_control/environment/library_path.dsv
[6.986s] -- Installing: /home/future/Documents/pengyh/RobotAD_ws/install/diff_control/share/ament_index/resource_index/package_run_dependencies/diff_control
[6.986s] -- Installing: /home/future/Documents/pengyh/RobotAD_ws/install/diff_control/share/ament_index/resource_index/parent_prefix_path/diff_control
[6.986s] -- Installing: /home/future/Documents/pengyh/RobotAD_ws/install/diff_control/share/diff_control/environment/ament_prefix_path.sh
[6.986s] -- Installing: /home/future/Documents/pengyh/RobotAD_ws/install/diff_control/share/diff_control/environment/ament_prefix_path.dsv
[6.986s] -- Installing: /home/future/Documents/pengyh/RobotAD_ws/install/diff_control/share/diff_control/environment/path.sh
[6.986s] -- Installing: /home/future/Documents/pengyh/RobotAD_ws/install/diff_control/share/diff_control/environment/path.dsv
[6.986s] -- Installing: /home/future/Documents/pengyh/RobotAD_ws/install/diff_control/share/diff_control/local_setup.bash
[6.986s] -- Installing: /home/future/Documents/pengyh/RobotAD_ws/install/diff_control/share/diff_control/local_setup.sh
[6.986s] -- Installing: /home/future/Documents/pengyh/RobotAD_ws/install/diff_control/share/diff_control/local_setup.zsh
[6.987s] -- Installing: /home/future/Documents/pengyh/RobotAD_ws/install/diff_control/share/diff_control/local_setup.dsv
[6.987s] -- Installing: /home/future/Documents/pengyh/RobotAD_ws/install/diff_control/share/diff_control/package.dsv
[6.987s] -- Installing: /home/future/Documents/pengyh/RobotAD_ws/install/diff_control/share/ament_index/resource_index/packages/diff_control
[6.987s] -- Installing: /home/future/Documents/pengyh/RobotAD_ws/install/diff_control/share/ament_index/resource_index/hardware_interface__pluginlib__plugin/diff_control
[6.987s] -- Installing: /home/future/Documents/pengyh/RobotAD_ws/install/diff_control/share/diff_control/cmake/export_diff_controlExport.cmake
[6.987s] -- Installing: /home/future/Documents/pengyh/RobotAD_ws/install/diff_control/share/diff_control/cmake/export_diff_controlExport-noconfig.cmake
[6.987s] -- Installing: /home/future/Documents/pengyh/RobotAD_ws/install/diff_control/share/diff_control/cmake/ament_cmake_export_targets-extras.cmake
[6.987s] -- Installing: /home/future/Documents/pengyh/RobotAD_ws/install/diff_control/share/diff_control/cmake/ament_cmake_export_dependencies-extras.cmake
[6.987s] -- Installing: /home/future/Documents/pengyh/RobotAD_ws/install/diff_control/share/diff_control/cmake/diff_controlConfig.cmake
[6.987s] -- Installing: /home/future/Documents/pengyh/RobotAD_ws/install/diff_control/share/diff_control/cmake/diff_controlConfig-version.cmake
[6.987s] -- Installing: /home/future/Documents/pengyh/RobotAD_ws/install/diff_control/share/diff_control/package.xml
[6.988s] Invoked command in '/home/future/Documents/pengyh/RobotAD_ws/build/diff_control' returned '0': CMAKE_PREFIX_PATH=${CMAKE_PREFIX_PATH}:/opt/ros/humble /usr/bin/cmake --install /home/future/Documents/pengyh/RobotAD_ws/build/diff_control
