[35m[1mConsolidate compiler generated dependencies of target rslidar_msg__rosidl_generator_c[0m
[  3%] Built target rslidar_msg__cpp
[ 12%] Built target rslidar_msg__rosidl_generator_c
[35m[1mConsolidate compiler generated dependencies of target rslidar_msg__rosidl_typesupport_fastrtps_cpp[0m
[35m[1mConsolidate compiler generated dependencies of target rslidar_msg__rosidl_typesupport_cpp[0m
[35m[1mConsolidate compiler generated dependencies of target rslidar_msg__rosidl_typesupport_introspection_cpp[0m
[ 12%] Built target ament_cmake_python_copy_rslidar_msg
[35m[1mConsolidate compiler generated dependencies of target rslidar_msg__rosidl_typesupport_fastrtps_c[0m
[35m[1mConsolidate compiler generated dependencies of target rslidar_msg__rosidl_typesupport_c[0m
[35m[1mConsolidate compiler generated dependencies of target rslidar_msg__rosidl_typesupport_introspection_c[0m
[ 22%] Built target rslidar_msg__rosidl_typesupport_fastrtps_cpp
[ 32%] Built target rslidar_msg__rosidl_typesupport_introspection_cpp
[ 41%] Built target rslidar_msg__rosidl_typesupport_cpp
[ 51%] Built target rslidar_msg__rosidl_typesupport_c
[ 61%] Built target rslidar_msg__rosidl_typesupport_introspection_c
[ 70%] Built target rslidar_msg__rosidl_typesupport_fastrtps_c
[ 70%] Built target rslidar_msg
[ 74%] Built target rslidar_msg__py
[35m[1mConsolidate compiler generated dependencies of target rslidar_msg__rosidl_generator_py[0m
[ 80%] Built target rslidar_msg__rosidl_generator_py
[35m[1mConsolidate compiler generated dependencies of target rslidar_msg__rosidl_typesupport_introspection_c__pyext[0m
[35m[1mConsolidate compiler generated dependencies of target rslidar_msg__rosidl_typesupport_fastrtps_c__pyext[0m
[35m[1mConsolidate compiler generated dependencies of target rslidar_msg__rosidl_typesupport_c__pyext[0m
[ 87%] Built target rslidar_msg__rosidl_typesupport_introspection_c__pyext
[ 93%] Built target rslidar_msg__rosidl_typesupport_fastrtps_c__pyext
[100%] Built target rslidar_msg__rosidl_typesupport_c__pyext
running egg_info
writing rslidar_msg.egg-info/PKG-INFO
writing dependency_links to rslidar_msg.egg-info/dependency_links.txt
writing top-level names to rslidar_msg.egg-info/top_level.txt
reading manifest file 'rslidar_msg.egg-info/SOURCES.txt'
writing manifest file 'rslidar_msg.egg-info/SOURCES.txt'
[100%] Built target ament_cmake_python_build_rslidar_msg_egg
-- Install configuration: ""
-- Installing: /home/future/Documents/pengyh/RobotAD_ws/install/rslidar_msg/share/ament_index/resource_index/rosidl_interfaces/rslidar_msg
-- Installing: /home/future/Documents/pengyh/RobotAD_ws/install/rslidar_msg/include/rslidar_msg/rslidar_msg
-- Installing: /home/future/Documents/pengyh/RobotAD_ws/install/rslidar_msg/include/rslidar_msg/rslidar_msg/msg
-- Installing: /home/future/Documents/pengyh/RobotAD_ws/install/rslidar_msg/include/rslidar_msg/rslidar_msg/msg/rosidl_generator_c__visibility_control.h
-- Installing: /home/future/Documents/pengyh/RobotAD_ws/install/rslidar_msg/include/rslidar_msg/rslidar_msg/msg/rslidar_packet.h
-- Installing: /home/future/Documents/pengyh/RobotAD_ws/install/rslidar_msg/include/rslidar_msg/rslidar_msg/msg/detail
-- Installing: /home/future/Documents/pengyh/RobotAD_ws/install/rslidar_msg/include/rslidar_msg/rslidar_msg/msg/detail/rslidar_packet__struct.h
-- Installing: /home/future/Documents/pengyh/RobotAD_ws/install/rslidar_msg/include/rslidar_msg/rslidar_msg/msg/detail/rslidar_packet__functions.h
-- Installing: /home/future/Documents/pengyh/RobotAD_ws/install/rslidar_msg/include/rslidar_msg/rslidar_msg/msg/detail/rslidar_packet__functions.c
-- Installing: /home/future/Documents/pengyh/RobotAD_ws/install/rslidar_msg/include/rslidar_msg/rslidar_msg/msg/detail/rslidar_packet__type_support.h
-- Installing: /home/future/Documents/pengyh/RobotAD_ws/install/rslidar_msg/share/rslidar_msg/environment/library_path.sh
-- Installing: /home/future/Documents/pengyh/RobotAD_ws/install/rslidar_msg/share/rslidar_msg/environment/library_path.dsv
-- Installing: /home/future/Documents/pengyh/RobotAD_ws/install/rslidar_msg/lib/librslidar_msg__rosidl_generator_c.so
-- Set runtime path of "/home/future/Documents/pengyh/RobotAD_ws/install/rslidar_msg/lib/librslidar_msg__rosidl_generator_c.so" to ""
-- Up-to-date: /home/future/Documents/pengyh/RobotAD_ws/install/rslidar_msg/include/rslidar_msg/rslidar_msg
-- Up-to-date: /home/future/Documents/pengyh/RobotAD_ws/install/rslidar_msg/include/rslidar_msg/rslidar_msg/msg
-- Installing: /home/future/Documents/pengyh/RobotAD_ws/install/rslidar_msg/include/rslidar_msg/rslidar_msg/msg/rosidl_typesupport_fastrtps_c__visibility_control.h
-- Up-to-date: /home/future/Documents/pengyh/RobotAD_ws/install/rslidar_msg/include/rslidar_msg/rslidar_msg/msg/detail
-- Installing: /home/future/Documents/pengyh/RobotAD_ws/install/rslidar_msg/include/rslidar_msg/rslidar_msg/msg/detail/rslidar_packet__rosidl_typesupport_fastrtps_c.h
-- Installing: /home/future/Documents/pengyh/RobotAD_ws/install/rslidar_msg/lib/librslidar_msg__rosidl_typesupport_fastrtps_c.so
-- Set runtime path of "/home/future/Documents/pengyh/RobotAD_ws/install/rslidar_msg/lib/librslidar_msg__rosidl_typesupport_fastrtps_c.so" to ""
-- Up-to-date: /home/future/Documents/pengyh/RobotAD_ws/install/rslidar_msg/include/rslidar_msg/rslidar_msg
-- Up-to-date: /home/future/Documents/pengyh/RobotAD_ws/install/rslidar_msg/include/rslidar_msg/rslidar_msg/msg
-- Up-to-date: /home/future/Documents/pengyh/RobotAD_ws/install/rslidar_msg/include/rslidar_msg/rslidar_msg/msg/detail
-- Installing: /home/future/Documents/pengyh/RobotAD_ws/install/rslidar_msg/include/rslidar_msg/rslidar_msg/msg/detail/rslidar_packet__builder.hpp
-- Installing: /home/future/Documents/pengyh/RobotAD_ws/install/rslidar_msg/include/rslidar_msg/rslidar_msg/msg/detail/rslidar_packet__struct.hpp
-- Installing: /home/future/Documents/pengyh/RobotAD_ws/install/rslidar_msg/include/rslidar_msg/rslidar_msg/msg/detail/rslidar_packet__traits.hpp
-- Installing: /home/future/Documents/pengyh/RobotAD_ws/install/rslidar_msg/include/rslidar_msg/rslidar_msg/msg/rslidar_packet.hpp
-- Up-to-date: /home/future/Documents/pengyh/RobotAD_ws/install/rslidar_msg/include/rslidar_msg/rslidar_msg
-- Up-to-date: /home/future/Documents/pengyh/RobotAD_ws/install/rslidar_msg/include/rslidar_msg/rslidar_msg/msg
-- Installing: /home/future/Documents/pengyh/RobotAD_ws/install/rslidar_msg/include/rslidar_msg/rslidar_msg/msg/rosidl_typesupport_fastrtps_cpp__visibility_control.h
-- Up-to-date: /home/future/Documents/pengyh/RobotAD_ws/install/rslidar_msg/include/rslidar_msg/rslidar_msg/msg/detail
-- Installing: /home/future/Documents/pengyh/RobotAD_ws/install/rslidar_msg/include/rslidar_msg/rslidar_msg/msg/detail/dds_fastrtps
-- Installing: /home/future/Documents/pengyh/RobotAD_ws/install/rslidar_msg/include/rslidar_msg/rslidar_msg/msg/detail/rslidar_packet__rosidl_typesupport_fastrtps_cpp.hpp
-- Installing: /home/future/Documents/pengyh/RobotAD_ws/install/rslidar_msg/lib/librslidar_msg__rosidl_typesupport_fastrtps_cpp.so
-- Set runtime path of "/home/future/Documents/pengyh/RobotAD_ws/install/rslidar_msg/lib/librslidar_msg__rosidl_typesupport_fastrtps_cpp.so" to ""
-- Up-to-date: /home/future/Documents/pengyh/RobotAD_ws/install/rslidar_msg/include/rslidar_msg/rslidar_msg
-- Up-to-date: /home/future/Documents/pengyh/RobotAD_ws/install/rslidar_msg/include/rslidar_msg/rslidar_msg/msg
-- Up-to-date: /home/future/Documents/pengyh/RobotAD_ws/install/rslidar_msg/include/rslidar_msg/rslidar_msg/msg/detail
-- Installing: /home/future/Documents/pengyh/RobotAD_ws/install/rslidar_msg/include/rslidar_msg/rslidar_msg/msg/detail/rslidar_packet__type_support.c
-- Installing: /home/future/Documents/pengyh/RobotAD_ws/install/rslidar_msg/include/rslidar_msg/rslidar_msg/msg/detail/rslidar_packet__rosidl_typesupport_introspection_c.h
-- Installing: /home/future/Documents/pengyh/RobotAD_ws/install/rslidar_msg/include/rslidar_msg/rslidar_msg/msg/rosidl_typesupport_introspection_c__visibility_control.h
-- Installing: /home/future/Documents/pengyh/RobotAD_ws/install/rslidar_msg/lib/librslidar_msg__rosidl_typesupport_introspection_c.so
-- Set runtime path of "/home/future/Documents/pengyh/RobotAD_ws/install/rslidar_msg/lib/librslidar_msg__rosidl_typesupport_introspection_c.so" to ""
-- Installing: /home/future/Documents/pengyh/RobotAD_ws/install/rslidar_msg/lib/librslidar_msg__rosidl_typesupport_c.so
-- Set runtime path of "/home/future/Documents/pengyh/RobotAD_ws/install/rslidar_msg/lib/librslidar_msg__rosidl_typesupport_c.so" to ""
-- Up-to-date: /home/future/Documents/pengyh/RobotAD_ws/install/rslidar_msg/include/rslidar_msg/rslidar_msg
-- Up-to-date: /home/future/Documents/pengyh/RobotAD_ws/install/rslidar_msg/include/rslidar_msg/rslidar_msg/msg
-- Up-to-date: /home/future/Documents/pengyh/RobotAD_ws/install/rslidar_msg/include/rslidar_msg/rslidar_msg/msg/detail
-- Installing: /home/future/Documents/pengyh/RobotAD_ws/install/rslidar_msg/include/rslidar_msg/rslidar_msg/msg/detail/rslidar_packet__type_support.cpp
-- Installing: /home/future/Documents/pengyh/RobotAD_ws/install/rslidar_msg/include/rslidar_msg/rslidar_msg/msg/detail/rslidar_packet__rosidl_typesupport_introspection_cpp.hpp
-- Installing: /home/future/Documents/pengyh/RobotAD_ws/install/rslidar_msg/lib/librslidar_msg__rosidl_typesupport_introspection_cpp.so
-- Set runtime path of "/home/future/Documents/pengyh/RobotAD_ws/install/rslidar_msg/lib/librslidar_msg__rosidl_typesupport_introspection_cpp.so" to ""
-- Installing: /home/future/Documents/pengyh/RobotAD_ws/install/rslidar_msg/lib/librslidar_msg__rosidl_typesupport_cpp.so
-- Set runtime path of "/home/future/Documents/pengyh/RobotAD_ws/install/rslidar_msg/lib/librslidar_msg__rosidl_typesupport_cpp.so" to ""
-- Installing: /home/future/Documents/pengyh/RobotAD_ws/install/rslidar_msg/share/rslidar_msg/environment/pythonpath.sh
-- Installing: /home/future/Documents/pengyh/RobotAD_ws/install/rslidar_msg/share/rslidar_msg/environment/pythonpath.dsv
-- Installing: /home/future/Documents/pengyh/RobotAD_ws/install/rslidar_msg/local/lib/python3.10/dist-packages/rslidar_msg-0.0.0-py3.10.egg-info
-- Installing: /home/future/Documents/pengyh/RobotAD_ws/install/rslidar_msg/local/lib/python3.10/dist-packages/rslidar_msg-0.0.0-py3.10.egg-info/top_level.txt
-- Installing: /home/future/Documents/pengyh/RobotAD_ws/install/rslidar_msg/local/lib/python3.10/dist-packages/rslidar_msg-0.0.0-py3.10.egg-info/PKG-INFO
-- Installing: /home/future/Documents/pengyh/RobotAD_ws/install/rslidar_msg/local/lib/python3.10/dist-packages/rslidar_msg-0.0.0-py3.10.egg-info/dependency_links.txt
-- Installing: /home/future/Documents/pengyh/RobotAD_ws/install/rslidar_msg/local/lib/python3.10/dist-packages/rslidar_msg-0.0.0-py3.10.egg-info/SOURCES.txt
-- Installing: /home/future/Documents/pengyh/RobotAD_ws/install/rslidar_msg/local/lib/python3.10/dist-packages/rslidar_msg
-- Installing: /home/future/Documents/pengyh/RobotAD_ws/install/rslidar_msg/local/lib/python3.10/dist-packages/rslidar_msg/rslidar_msg_s__rosidl_typesupport_c.cpython-310-x86_64-linux-gnu.so
-- Installing: /home/future/Documents/pengyh/RobotAD_ws/install/rslidar_msg/local/lib/python3.10/dist-packages/rslidar_msg/rslidar_msg_s__rosidl_typesupport_fastrtps_c.cpython-310-x86_64-linux-gnu.so
-- Installing: /home/future/Documents/pengyh/RobotAD_ws/install/rslidar_msg/local/lib/python3.10/dist-packages/rslidar_msg/rslidar_msg_s__rosidl_typesupport_introspection_c.cpython-310-x86_64-linux-gnu.so
-- Installing: /home/future/Documents/pengyh/RobotAD_ws/install/rslidar_msg/local/lib/python3.10/dist-packages/rslidar_msg/msg
-- Installing: /home/future/Documents/pengyh/RobotAD_ws/install/rslidar_msg/local/lib/python3.10/dist-packages/rslidar_msg/msg/_rslidar_packet_s.c
-- Installing: /home/future/Documents/pengyh/RobotAD_ws/install/rslidar_msg/local/lib/python3.10/dist-packages/rslidar_msg/msg/_rslidar_packet.py
-- Installing: /home/future/Documents/pengyh/RobotAD_ws/install/rslidar_msg/local/lib/python3.10/dist-packages/rslidar_msg/msg/__init__.py
-- Installing: /home/future/Documents/pengyh/RobotAD_ws/install/rslidar_msg/local/lib/python3.10/dist-packages/rslidar_msg/_rslidar_msg_s.ep.rosidl_typesupport_fastrtps_c.c
-- Installing: /home/future/Documents/pengyh/RobotAD_ws/install/rslidar_msg/local/lib/python3.10/dist-packages/rslidar_msg/__init__.py
-- Installing: /home/future/Documents/pengyh/RobotAD_ws/install/rslidar_msg/local/lib/python3.10/dist-packages/rslidar_msg/librslidar_msg__rosidl_generator_py.so
-- Installing: /home/future/Documents/pengyh/RobotAD_ws/install/rslidar_msg/local/lib/python3.10/dist-packages/rslidar_msg/_rslidar_msg_s.ep.rosidl_typesupport_c.c
-- Installing: /home/future/Documents/pengyh/RobotAD_ws/install/rslidar_msg/local/lib/python3.10/dist-packages/rslidar_msg/_rslidar_msg_s.ep.rosidl_typesupport_introspection_c.c
Listing '/home/future/Documents/pengyh/RobotAD_ws/install/rslidar_msg/local/lib/python3.10/dist-packages/rslidar_msg'...
Compiling '/home/future/Documents/pengyh/RobotAD_ws/install/rslidar_msg/local/lib/python3.10/dist-packages/rslidar_msg/__init__.py'...
Listing '/home/future/Documents/pengyh/RobotAD_ws/install/rslidar_msg/local/lib/python3.10/dist-packages/rslidar_msg/msg'...
Compiling '/home/future/Documents/pengyh/RobotAD_ws/install/rslidar_msg/local/lib/python3.10/dist-packages/rslidar_msg/msg/__init__.py'...
Compiling '/home/future/Documents/pengyh/RobotAD_ws/install/rslidar_msg/local/lib/python3.10/dist-packages/rslidar_msg/msg/_rslidar_packet.py'...
-- Installing: /home/future/Documents/pengyh/RobotAD_ws/install/rslidar_msg/local/lib/python3.10/dist-packages/rslidar_msg/rslidar_msg_s__rosidl_typesupport_fastrtps_c.cpython-310-x86_64-linux-gnu.so
-- Set runtime path of "/home/future/Documents/pengyh/RobotAD_ws/install/rslidar_msg/local/lib/python3.10/dist-packages/rslidar_msg/rslidar_msg_s__rosidl_typesupport_fastrtps_c.cpython-310-x86_64-linux-gnu.so" to ""
-- Installing: /home/future/Documents/pengyh/RobotAD_ws/install/rslidar_msg/local/lib/python3.10/dist-packages/rslidar_msg/rslidar_msg_s__rosidl_typesupport_introspection_c.cpython-310-x86_64-linux-gnu.so
-- Set runtime path of "/home/future/Documents/pengyh/RobotAD_ws/install/rslidar_msg/local/lib/python3.10/dist-packages/rslidar_msg/rslidar_msg_s__rosidl_typesupport_introspection_c.cpython-310-x86_64-linux-gnu.so" to ""
-- Installing: /home/future/Documents/pengyh/RobotAD_ws/install/rslidar_msg/local/lib/python3.10/dist-packages/rslidar_msg/rslidar_msg_s__rosidl_typesupport_c.cpython-310-x86_64-linux-gnu.so
-- Set runtime path of "/home/future/Documents/pengyh/RobotAD_ws/install/rslidar_msg/local/lib/python3.10/dist-packages/rslidar_msg/rslidar_msg_s__rosidl_typesupport_c.cpython-310-x86_64-linux-gnu.so" to ""
-- Installing: /home/future/Documents/pengyh/RobotAD_ws/install/rslidar_msg/lib/librslidar_msg__rosidl_generator_py.so
-- Set runtime path of "/home/future/Documents/pengyh/RobotAD_ws/install/rslidar_msg/lib/librslidar_msg__rosidl_generator_py.so" to ""
-- Installing: /home/future/Documents/pengyh/RobotAD_ws/install/rslidar_msg/share/rslidar_msg/msg/RslidarPacket.idl
-- Installing: /home/future/Documents/pengyh/RobotAD_ws/install/rslidar_msg/share/rslidar_msg/msg/RslidarPacket.msg
-- Installing: /home/future/Documents/pengyh/RobotAD_ws/install/rslidar_msg/share/ament_index/resource_index/package_run_dependencies/rslidar_msg
-- Installing: /home/future/Documents/pengyh/RobotAD_ws/install/rslidar_msg/share/ament_index/resource_index/parent_prefix_path/rslidar_msg
-- Installing: /home/future/Documents/pengyh/RobotAD_ws/install/rslidar_msg/share/rslidar_msg/environment/ament_prefix_path.sh
-- Installing: /home/future/Documents/pengyh/RobotAD_ws/install/rslidar_msg/share/rslidar_msg/environment/ament_prefix_path.dsv
-- Installing: /home/future/Documents/pengyh/RobotAD_ws/install/rslidar_msg/share/rslidar_msg/environment/path.sh
-- Installing: /home/future/Documents/pengyh/RobotAD_ws/install/rslidar_msg/share/rslidar_msg/environment/path.dsv
-- Installing: /home/future/Documents/pengyh/RobotAD_ws/install/rslidar_msg/share/rslidar_msg/local_setup.bash
-- Installing: /home/future/Documents/pengyh/RobotAD_ws/install/rslidar_msg/share/rslidar_msg/local_setup.sh
-- Installing: /home/future/Documents/pengyh/RobotAD_ws/install/rslidar_msg/share/rslidar_msg/local_setup.zsh
-- Installing: /home/future/Documents/pengyh/RobotAD_ws/install/rslidar_msg/share/rslidar_msg/local_setup.dsv
-- Installing: /home/future/Documents/pengyh/RobotAD_ws/install/rslidar_msg/share/rslidar_msg/package.dsv
-- Installing: /home/future/Documents/pengyh/RobotAD_ws/install/rslidar_msg/share/ament_index/resource_index/packages/rslidar_msg
-- Installing: /home/future/Documents/pengyh/RobotAD_ws/install/rslidar_msg/share/rslidar_msg/cmake/export_rslidar_msg__rosidl_generator_cExport.cmake
-- Installing: /home/future/Documents/pengyh/RobotAD_ws/install/rslidar_msg/share/rslidar_msg/cmake/export_rslidar_msg__rosidl_generator_cExport-noconfig.cmake
-- Installing: /home/future/Documents/pengyh/RobotAD_ws/install/rslidar_msg/share/rslidar_msg/cmake/export_rslidar_msg__rosidl_typesupport_fastrtps_cExport.cmake
-- Installing: /home/future/Documents/pengyh/RobotAD_ws/install/rslidar_msg/share/rslidar_msg/cmake/export_rslidar_msg__rosidl_typesupport_fastrtps_cExport-noconfig.cmake
-- Installing: /home/future/Documents/pengyh/RobotAD_ws/install/rslidar_msg/share/rslidar_msg/cmake/export_rslidar_msg__rosidl_generator_cppExport.cmake
-- Installing: /home/future/Documents/pengyh/RobotAD_ws/install/rslidar_msg/share/rslidar_msg/cmake/export_rslidar_msg__rosidl_typesupport_fastrtps_cppExport.cmake
-- Installing: /home/future/Documents/pengyh/RobotAD_ws/install/rslidar_msg/share/rslidar_msg/cmake/export_rslidar_msg__rosidl_typesupport_fastrtps_cppExport-noconfig.cmake
-- Installing: /home/future/Documents/pengyh/RobotAD_ws/install/rslidar_msg/share/rslidar_msg/cmake/rslidar_msg__rosidl_typesupport_introspection_cExport.cmake
-- Installing: /home/future/Documents/pengyh/RobotAD_ws/install/rslidar_msg/share/rslidar_msg/cmake/rslidar_msg__rosidl_typesupport_introspection_cExport-noconfig.cmake
-- Installing: /home/future/Documents/pengyh/RobotAD_ws/install/rslidar_msg/share/rslidar_msg/cmake/rslidar_msg__rosidl_typesupport_cExport.cmake
-- Installing: /home/future/Documents/pengyh/RobotAD_ws/install/rslidar_msg/share/rslidar_msg/cmake/rslidar_msg__rosidl_typesupport_cExport-noconfig.cmake
-- Installing: /home/future/Documents/pengyh/RobotAD_ws/install/rslidar_msg/share/rslidar_msg/cmake/rslidar_msg__rosidl_typesupport_introspection_cppExport.cmake
-- Installing: /home/future/Documents/pengyh/RobotAD_ws/install/rslidar_msg/share/rslidar_msg/cmake/rslidar_msg__rosidl_typesupport_introspection_cppExport-noconfig.cmake
-- Installing: /home/future/Documents/pengyh/RobotAD_ws/install/rslidar_msg/share/rslidar_msg/cmake/rslidar_msg__rosidl_typesupport_cppExport.cmake
-- Installing: /home/future/Documents/pengyh/RobotAD_ws/install/rslidar_msg/share/rslidar_msg/cmake/rslidar_msg__rosidl_typesupport_cppExport-noconfig.cmake
-- Installing: /home/future/Documents/pengyh/RobotAD_ws/install/rslidar_msg/share/rslidar_msg/cmake/export_rslidar_msg__rosidl_generator_pyExport.cmake
-- Installing: /home/future/Documents/pengyh/RobotAD_ws/install/rslidar_msg/share/rslidar_msg/cmake/export_rslidar_msg__rosidl_generator_pyExport-noconfig.cmake
-- Installing: /home/future/Documents/pengyh/RobotAD_ws/install/rslidar_msg/share/rslidar_msg/cmake/rosidl_cmake-extras.cmake
-- Installing: /home/future/Documents/pengyh/RobotAD_ws/install/rslidar_msg/share/rslidar_msg/cmake/ament_cmake_export_dependencies-extras.cmake
-- Installing: /home/future/Documents/pengyh/RobotAD_ws/install/rslidar_msg/share/rslidar_msg/cmake/ament_cmake_export_include_directories-extras.cmake
-- Installing: /home/future/Documents/pengyh/RobotAD_ws/install/rslidar_msg/share/rslidar_msg/cmake/ament_cmake_export_libraries-extras.cmake
-- Installing: /home/future/Documents/pengyh/RobotAD_ws/install/rslidar_msg/share/rslidar_msg/cmake/ament_cmake_export_targets-extras.cmake
-- Installing: /home/future/Documents/pengyh/RobotAD_ws/install/rslidar_msg/share/rslidar_msg/cmake/rosidl_cmake_export_typesupport_targets-extras.cmake
-- Installing: /home/future/Documents/pengyh/RobotAD_ws/install/rslidar_msg/share/rslidar_msg/cmake/rosidl_cmake_export_typesupport_libraries-extras.cmake
-- Installing: /home/future/Documents/pengyh/RobotAD_ws/install/rslidar_msg/share/rslidar_msg/cmake/rslidar_msgConfig.cmake
-- Installing: /home/future/Documents/pengyh/RobotAD_ws/install/rslidar_msg/share/rslidar_msg/cmake/rslidar_msgConfig-version.cmake
-- Installing: /home/future/Documents/pengyh/RobotAD_ws/install/rslidar_msg/share/rslidar_msg/package.xml
