[0.026s] Invoking command in '/home/future/Documents/pengyh/RobotAD_ws/build/robot_hardware': CMAKE_PREFIX_PATH=${CMAKE_PREFIX_PATH}:/opt/ros/humble /usr/bin/cmake --build /home/future/Documents/pengyh/RobotAD_ws/build/robot_hardware -- -j24 -l24
[0.044s] -- Found ament_cmake: 1.3.10 (/opt/ros/humble/share/ament_cmake/cmake)
[0.142s] -- Found rclcpp: 16.0.10 (/opt/ros/humble/share/rclcpp/cmake)
[0.159s] -- Found rosidl_generator_c: 3.1.5 (/opt/ros/humble/share/rosidl_generator_c/cmake)
[0.160s] -- Found rosidl_adapter: 3.1.5 (/opt/ros/humble/share/rosidl_adapter/cmake)
[0.164s] -- Found rosidl_generator_cpp: 3.1.5 (/opt/ros/humble/share/rosidl_generator_cpp/cmake)
[0.170s] -- Using all available rosidl_typesupport_c: rosidl_typesupport_fastrtps_c;rosidl_typesupport_introspection_c
[0.177s] -- Using all available rosidl_typesupport_cpp: rosidl_typesupport_fastrtps_cpp;rosidl_typesupport_introspection_cpp
[0.194s] -- Found rmw_implementation_cmake: 6.1.2 (/opt/ros/humble/share/rmw_implementation_cmake/cmake)
[0.195s] -- Found rmw_fastrtps_cpp: 6.2.7 (/opt/ros/humble/share/rmw_fastrtps_cpp/cmake)
[0.263s] -- Using RMW implementation 'rmw_fastrtps_cpp' as default
[0.290s] -- Found sensor_msgs: 4.2.4 (/opt/ros/humble/share/sensor_msgs/cmake)
[0.306s] -- Found cv_bridge: 3.2.1 (/opt/ros/humble/share/cv_bridge/cmake)
[0.314s] -- Found rosidl_default_generators: 1.2.0 (/opt/ros/humble/share/rosidl_default_generators/cmake)
[0.430s] [31mCMake Error at /opt/ros/humble/share/rosidl_adapter/cmake/rosidl_adapt_interfaces.cmake:59 (message):
[0.430s]   execute_process(/usr/bin/python3 -m rosidl_adapter --package-name
[0.430s]   robot_hardware --arguments-file
[0.430s]   /home/future/Documents/pengyh/RobotAD_ws/build/robot_hardware/rosidl_adapter__arguments__robot_hardware.json
[0.430s]   --output-dir
[0.430s]   /home/future/Documents/pengyh/RobotAD_ws/build/robot_hardware/rosidl_adapter/robot_hardware
[0.430s]   --output-file
[0.430s]   /home/future/Documents/pengyh/RobotAD_ws/build/robot_hardware/rosidl_adapter/robot_hardware.idls)
[0.430s]   returned error code 1:
[0.430s] 
[0.430s]   Traceback (most recent call last):
[0.431s] 
[0.431s]     File "/usr/lib/python3.10/runpy.py", line 196, in _run_module_as_main
[0.431s]       return _run_code(code, main_globals, None,
[0.431s]     File "/usr/lib/python3.10/runpy.py", line 86, in _run_code
[0.431s]       exec(code, run_globals)
[0.431s]     File "/opt/ros/humble/local/lib/python3.10/dist-packages/rosidl_adapter/__main__.py", line 19, in <module>
[0.431s]       sys.exit(main())
[0.431s]     File "/opt/ros/humble/local/lib/python3.10/dist-packages/rosidl_adapter/main.py", line 53, in main
[0.431s]       abs_idl_file = convert_to_idl(
[0.431s]     File "/opt/ros/humble/local/lib/python3.10/dist-packages/rosidl_adapter/__init__.py", line 24, in convert_to_idl
[0.431s]       return convert_srv_to_idl(
[0.431s]     File "/opt/ros/humble/local/lib/python3.10/dist-packages/rosidl_adapter/srv/__init__.py", line 28, in convert_srv_to_idl
[0.431s]       srv = parse_service_string(package_name, input_file.stem, content)
[0.431s]     File "/opt/ros/humble/local/lib/python3.10/dist-packages/rosidl_adapter/parser.py", line 850, in parse_service_string
[0.431s]       raise InvalidServiceSpecification(
[0.431s] 
[0.431s]   rosidl_adapter.parser.InvalidServiceSpecification: Could not find separator
[0.431s]   '---' between request and response
[0.431s] 
[0.431s] Call Stack (most recent call first):
[0.431s]   /opt/ros/humble/share/rosidl_cmake/cmake/rosidl_generate_interfaces.cmake:130 (rosidl_adapt_interfaces)
[0.431s]   CMakeLists.txt:26 (rosidl_generate_interfaces)
[0.431s] 
[0.431s] [0m
[0.431s] -- Configuring incomplete, errors occurred!
[0.431s] See also "/home/future/Documents/pengyh/RobotAD_ws/build/robot_hardware/CMakeFiles/CMakeOutput.log".
[0.436s] gmake: *** [Makefile:1004: cmake_check_build_system] Error 1
[0.437s] Invoked command in '/home/future/Documents/pengyh/RobotAD_ws/build/robot_hardware' returned '2': CMAKE_PREFIX_PATH=${CMAKE_PREFIX_PATH}:/opt/ros/humble /usr/bin/cmake --build /home/future/Documents/pengyh/RobotAD_ws/build/robot_hardware -- -j24 -l24
