[0.021s] Invoking command in '/home/pengyh/documents/ros2_ws/RobotAD/build/usb_camera': /usr/bin/cmake /home/pengyh/documents/ros2_ws/RobotAD/src/usb_camera -DAMENT_CMAKE_SYMLINK_INSTALL=1 -DCMAKE_INSTALL_PREFIX=/home/pengyh/documents/ros2_ws/RobotAD/install/usb_camera
[0.028s] -- Found ament_cmake: 1.3.11 (/opt/ros/humble/share/ament_cmake/cmake)
[0.108s] -- Override CMake install command with custom implementation using symlinks instead of copying resources
[0.112s] -- Found rclcpp: 16.0.11 (/opt/ros/humble/share/rclcpp/cmake)
[0.128s] -- Found rosidl_generator_c: 3.1.6 (/opt/ros/humble/share/rosidl_generator_c/cmake)
[0.131s] -- Found rosidl_adapter: 3.1.6 (/opt/ros/humble/share/rosidl_adapter/cmake)
[0.136s] -- Found rosidl_generator_cpp: 3.1.6 (/opt/ros/humble/share/rosidl_generator_cpp/cmake)
[0.142s] -- Using all available rosidl_typesupport_c: rosidl_typesupport_fastrtps_c;rosidl_typesupport_introspection_c
[0.150s] -- Using all available rosidl_typesupport_cpp: rosidl_typesupport_fastrtps_cpp;rosidl_typesupport_introspection_cpp
[0.182s] -- Found rmw_implementation_cmake: 6.1.2 (/opt/ros/humble/share/rmw_implementation_cmake/cmake)
[0.183s] -- Found rmw_fastrtps_cpp: 6.2.7 (/opt/ros/humble/share/rmw_fastrtps_cpp/cmake)
[0.253s] -- Using RMW implementation 'rmw_fastrtps_cpp' as default
[0.286s] -- Found sensor_msgs: 4.2.4 (/opt/ros/humble/share/sensor_msgs/cmake)
[0.305s] -- Found cv_bridge: 3.2.1 (/opt/ros/humble/share/cv_bridge/cmake)
[0.364s] -- Configuring done
[0.373s] -- Generating done
[0.376s] -- Build files have been written to: /home/pengyh/documents/ros2_ws/RobotAD/build/usb_camera
[0.381s] Invoked command in '/home/pengyh/documents/ros2_ws/RobotAD/build/usb_camera' returned '0': /usr/bin/cmake /home/pengyh/documents/ros2_ws/RobotAD/src/usb_camera -DAMENT_CMAKE_SYMLINK_INSTALL=1 -DCMAKE_INSTALL_PREFIX=/home/pengyh/documents/ros2_ws/RobotAD/install/usb_camera
[0.382s] Invoking command in '/home/pengyh/documents/ros2_ws/RobotAD/build/usb_camera': /usr/bin/cmake --build /home/pengyh/documents/ros2_ws/RobotAD/build/usb_camera -- -j24 -l24
[0.414s] [35m[1mConsolidate compiler generated dependencies of target usb_camera_node[0m
[0.428s] [100%] Built target usb_camera_node
[0.436s] Invoked command in '/home/pengyh/documents/ros2_ws/RobotAD/build/usb_camera' returned '0': /usr/bin/cmake --build /home/pengyh/documents/ros2_ws/RobotAD/build/usb_camera -- -j24 -l24
[0.442s] Invoking command in '/home/pengyh/documents/ros2_ws/RobotAD/build/usb_camera': /usr/bin/cmake --install /home/pengyh/documents/ros2_ws/RobotAD/build/usb_camera
[0.449s] -- Install configuration: ""
[0.450s] -- Execute custom install script
[0.450s] -- Up-to-date symlink: /home/pengyh/documents/ros2_ws/RobotAD/install/usb_camera/share/usb_camera/config/camera_params.yaml
[0.450s] -- Up-to-date symlink: /home/pengyh/documents/ros2_ws/RobotAD/install/usb_camera/lib/usb_camera/usb_camera_node
[0.451s] -- Up-to-date symlink: /home/pengyh/documents/ros2_ws/RobotAD/install/usb_camera/share/ament_index/resource_index/package_run_dependencies/usb_camera
[0.451s] -- Up-to-date symlink: /home/pengyh/documents/ros2_ws/RobotAD/install/usb_camera/share/ament_index/resource_index/parent_prefix_path/usb_camera
[0.451s] -- Up-to-date symlink: /home/pengyh/documents/ros2_ws/RobotAD/install/usb_camera/share/usb_camera/environment/ament_prefix_path.sh
[0.451s] -- Up-to-date symlink: /home/pengyh/documents/ros2_ws/RobotAD/install/usb_camera/share/usb_camera/environment/ament_prefix_path.dsv
[0.451s] -- Up-to-date symlink: /home/pengyh/documents/ros2_ws/RobotAD/install/usb_camera/share/usb_camera/environment/path.sh
[0.451s] -- Up-to-date symlink: /home/pengyh/documents/ros2_ws/RobotAD/install/usb_camera/share/usb_camera/environment/path.dsv
[0.451s] -- Up-to-date symlink: /home/pengyh/documents/ros2_ws/RobotAD/install/usb_camera/share/usb_camera/local_setup.bash
[0.451s] -- Up-to-date symlink: /home/pengyh/documents/ros2_ws/RobotAD/install/usb_camera/share/usb_camera/local_setup.sh
[0.452s] -- Up-to-date symlink: /home/pengyh/documents/ros2_ws/RobotAD/install/usb_camera/share/usb_camera/local_setup.zsh
[0.452s] -- Up-to-date symlink: /home/pengyh/documents/ros2_ws/RobotAD/install/usb_camera/share/usb_camera/local_setup.dsv
[0.452s] -- Symlinking: /home/pengyh/documents/ros2_ws/RobotAD/install/usb_camera/share/usb_camera/package.dsv
[0.460s] -- Up-to-date symlink: /home/pengyh/documents/ros2_ws/RobotAD/install/usb_camera/share/ament_index/resource_index/packages/usb_camera
[0.460s] -- Up-to-date symlink: /home/pengyh/documents/ros2_ws/RobotAD/install/usb_camera/share/usb_camera/cmake/usb_cameraConfig.cmake
[0.460s] -- Up-to-date symlink: /home/pengyh/documents/ros2_ws/RobotAD/install/usb_camera/share/usb_camera/cmake/usb_cameraConfig-version.cmake
[0.460s] -- Up-to-date symlink: /home/pengyh/documents/ros2_ws/RobotAD/install/usb_camera/share/usb_camera/package.xml
[0.463s] Invoked command in '/home/pengyh/documents/ros2_ws/RobotAD/build/usb_camera' returned '0': /usr/bin/cmake --install /home/pengyh/documents/ros2_ws/RobotAD/build/usb_camera
