[0.036s] Invoking command in '/home/future/Documents/pengyh/RobotAD_ws/build/robot_hardware': CMAKE_PREFIX_PATH=${CMAKE_PREFIX_PATH}:/home/future/Documents/Robot/nav_ws/install/show_urdf:/home/future/Documents/Robot/nav_ws/install/serial_bridge:/home/future/Documents/Robot/nav_ws/install/ros_tcp_endpoint:/home/future/Documents/Robot/nav_ws/install/remove_obstacle:/home/future/Documents/Robot/nav_ws/install/keyboard_control:/opt/ros/humble CONDA_PROMPT_MODIFIER=(base) /usr/bin/cmake --build /home/future/Documents/pengyh/RobotAD_ws/build/robot_hardware -- -j24 -l24
[0.180s] [  9%] Built target robot_hardware__rosidl_generator_c
[0.180s] [ 12%] Built target robot_hardware__cpp
[0.203s] [ 12%] Built target ament_cmake_python_symlink_robot_hardware
[0.233s] [ 21%] Built target robot_hardware__rosidl_typesupport_c
[0.236s] [ 30%] Built target robot_hardware__rosidl_typesupport_introspection_cpp
[0.238s] [ 39%] Built target robot_hardware__rosidl_typesupport_introspection_c
[0.246s] [ 48%] Built target robot_hardware__rosidl_typesupport_fastrtps_c
[0.261s] [ 57%] Built target robot_hardware__rosidl_typesupport_cpp
[0.262s] [ 66%] Built target robot_hardware__rosidl_typesupport_fastrtps_cpp
[0.318s] [ 66%] Built target robot_hardware
[0.328s] [ 69%] [32mBuilding CXX object CMakeFiles/hardware_manager.dir/src/hardware_manager.cpp.o[0m
[0.338s] [01m[K/home/future/Documents/pengyh/RobotAD_ws/src/robot_hardware/src/hardware_manager.cpp:105:10:[m[K [01;31m[Kfatal error: [m[Khardware_interface/system_interface.hpp: No such file or directory
[0.338s]   105 | #include [01;31m[K<hardware_interface/system_interface.hpp>[m[K
[0.338s]       |          [01;31m[K^~~~~~~~~~~~~~~~~~~~~~~~~~~~~~~~~~~~~~~~~[m[K
[0.338s] compilation terminated.
[0.343s] [ 72%] Built target robot_hardware__py
[0.348s] gmake[2]: *** [CMakeFiles/hardware_manager.dir/build.make:76: CMakeFiles/hardware_manager.dir/src/hardware_manager.cpp.o] Error 1
[0.348s] gmake[1]: *** [CMakeFiles/Makefile2:593: CMakeFiles/hardware_manager.dir/all] Error 2
[0.349s] gmake[1]: *** Waiting for unfinished jobs....
[0.366s] [ 78%] Built target robot_hardware__rosidl_generator_py
[0.487s] running egg_info
[0.487s] writing robot_hardware.egg-info/PKG-INFO
[0.487s] writing dependency_links to robot_hardware.egg-info/dependency_links.txt
[0.492s] writing top-level names to robot_hardware.egg-info/top_level.txt
[0.492s] reading manifest file 'robot_hardware.egg-info/SOURCES.txt'
[0.492s] writing manifest file 'robot_hardware.egg-info/SOURCES.txt'
[0.521s] [ 78%] Built target ament_cmake_python_build_robot_hardware_egg
[0.523s] gmake: *** [Makefile:146: all] Error 2
[0.526s] Invoked command in '/home/future/Documents/pengyh/RobotAD_ws/build/robot_hardware' returned '2': CMAKE_PREFIX_PATH=${CMAKE_PREFIX_PATH}:/home/future/Documents/Robot/nav_ws/install/show_urdf:/home/future/Documents/Robot/nav_ws/install/serial_bridge:/home/future/Documents/Robot/nav_ws/install/ros_tcp_endpoint:/home/future/Documents/Robot/nav_ws/install/remove_obstacle:/home/future/Documents/Robot/nav_ws/install/keyboard_control:/opt/ros/humble CONDA_PROMPT_MODIFIER=(base) /usr/bin/cmake --build /home/future/Documents/pengyh/RobotAD_ws/build/robot_hardware -- -j24 -l24
