[0.019s] Invoking command in '/home/future/Documents/pengyh/RobotAD_ws/build/robot_locate': CMAKE_PREFIX_PATH=${CMAKE_PREFIX_PATH}:/opt/ros/humble /usr/bin/cmake /home/future/Documents/pengyh/RobotAD_ws/src/robot_locate -DCMAKE_INSTALL_PREFIX=/home/future/Documents/pengyh/RobotAD_ws/install/robot_locate
[0.065s] -- The C compiler identification is GNU 12.3.0
[0.130s] -- The CXX compiler identification is GNU 12.3.0
[0.137s] -- Detecting C compiler ABI info
[0.208s] -- Detecting C compiler ABI info - done
[0.216s] -- Check for working C compiler: /usr/bin/cc - skipped
[0.216s] -- Detecting C compile features
[0.217s] -- Detecting C compile features - done
[0.220s] -- Detecting CXX compiler ABI info
[0.311s] -- Detecting CXX compiler ABI info - done
[0.320s] -- Check for working CXX compiler: /usr/bin/c++ - skipped
[0.320s] -- Detecting CXX compile features
[0.320s] -- Detecting CXX compile features - done
[0.324s] -- Found ament_cmake: 1.3.10 (/opt/ros/humble/share/ament_cmake/cmake)
[0.513s] -- Found Python3: /usr/bin/python3 (found version "3.10.12") found components: Interpreter 
[0.644s] -- Found geometry_msgs: 4.2.4 (/opt/ros/humble/share/geometry_msgs/cmake)
[0.737s] -- Found rosidl_generator_c: 3.1.5 (/opt/ros/humble/share/rosidl_generator_c/cmake)
[0.745s] -- Found rosidl_adapter: 3.1.5 (/opt/ros/humble/share/rosidl_adapter/cmake)
[0.755s] -- Found rosidl_generator_cpp: 3.1.5 (/opt/ros/humble/share/rosidl_generator_cpp/cmake)
[0.773s] -- Using all available rosidl_typesupport_c: rosidl_typesupport_fastrtps_c;rosidl_typesupport_introspection_c
[0.797s] -- Using all available rosidl_typesupport_cpp: rosidl_typesupport_fastrtps_cpp;rosidl_typesupport_introspection_cpp
[0.845s] -- Found rclcpp: 16.0.10 (/opt/ros/humble/share/rclcpp/cmake)
[0.899s] -- Found rmw_implementation_cmake: 6.1.2 (/opt/ros/humble/share/rmw_implementation_cmake/cmake)
[0.903s] -- Found rmw_fastrtps_cpp: 6.2.7 (/opt/ros/humble/share/rmw_fastrtps_cpp/cmake)
[1.021s] -- Found OpenSSL: /usr/lib/x86_64-linux-gnu/libcrypto.so (found version "3.0.2")  
[1.060s] -- Found FastRTPS: /opt/ros/humble/include  
[1.114s] -- Using RMW implementation 'rmw_fastrtps_cpp' as default
[1.129s] -- Looking for pthread.h
[1.225s] -- Looking for pthread.h - found
[1.226s] -- Performing Test CMAKE_HAVE_LIBC_PTHREAD
[1.324s] -- Performing Test CMAKE_HAVE_LIBC_PTHREAD - Success
[1.325s] -- Found Threads: TRUE  
[1.373s] -- Found tf2: 0.25.9 (/opt/ros/humble/share/tf2/cmake)
[1.386s] -- Found tf2_ros: 0.25.9 (/opt/ros/humble/share/tf2_ros/cmake)
[1.497s] -- Found turtlesim: 1.4.2 (/opt/ros/humble/share/turtlesim/cmake)
[1.513s] -- Found ament_lint_auto: 0.12.11 (/opt/ros/humble/share/ament_lint_auto/cmake)
[1.619s] -- Added test 'flake8' to check Python code syntax and style conventions
[1.620s] -- Added test 'lint_cmake' to check CMake code style
[1.621s] -- Added test 'pep257' to check Python code against some of the docstring style conventions in PEP 257
[1.623s] -- Added test 'xmllint' to check XML markup files
[1.625s] -- Configuring done
[1.629s] -- Generating done
[1.632s] -- Build files have been written to: /home/future/Documents/pengyh/RobotAD_ws/build/robot_locate
