[0.026s] Invoking command in '/home/pengyh/documents/ros2_ws/RobotAD/build/usb_camera': CMAKE_PREFIX_PATH=${CMAKE_PREFIX_PATH}:/opt/ros/humble /usr/bin/cmake --build /home/pengyh/documents/ros2_ws/RobotAD/build/usb_camera -- -j24 -l24
[0.059s] [35m[1mConsolidate compiler generated dependencies of target usb_camera_node[0m
[0.075s] [100%] Built target usb_camera_node
[0.086s] Invoked command in '/home/pengyh/documents/ros2_ws/RobotAD/build/usb_camera' returned '0': CMAKE_PREFIX_PATH=${CMAKE_PREFIX_PATH}:/opt/ros/humble /usr/bin/cmake --build /home/pengyh/documents/ros2_ws/RobotAD/build/usb_camera -- -j24 -l24
[0.087s] Invoking command in '/home/pengyh/documents/ros2_ws/RobotAD/build/usb_camera': CMAKE_PREFIX_PATH=${CMAKE_PREFIX_PATH}:/opt/ros/humble /usr/bin/cmake --install /home/pengyh/documents/ros2_ws/RobotAD/build/usb_camera
[0.090s] -- Install configuration: ""
[0.090s] -- Execute custom install script
[0.090s] -- Up-to-date symlink: /home/pengyh/documents/ros2_ws/RobotAD/install/usb_camera/share/usb_camera/config/camera_params.yaml
[0.091s] -- Up-to-date symlink: /home/pengyh/documents/ros2_ws/RobotAD/install/usb_camera/lib/usb_camera/usb_camera_node
[0.091s] -- Up-to-date symlink: /home/pengyh/documents/ros2_ws/RobotAD/install/usb_camera/share/ament_index/resource_index/package_run_dependencies/usb_camera
[0.091s] -- Up-to-date symlink: /home/pengyh/documents/ros2_ws/RobotAD/install/usb_camera/share/ament_index/resource_index/parent_prefix_path/usb_camera
[0.091s] -- Up-to-date symlink: /home/pengyh/documents/ros2_ws/RobotAD/install/usb_camera/share/usb_camera/environment/ament_prefix_path.sh
[0.091s] -- Up-to-date symlink: /home/pengyh/documents/ros2_ws/RobotAD/install/usb_camera/share/usb_camera/environment/ament_prefix_path.dsv
[0.091s] -- Up-to-date symlink: /home/pengyh/documents/ros2_ws/RobotAD/install/usb_camera/share/usb_camera/environment/path.sh
[0.092s] -- Up-to-date symlink: /home/pengyh/documents/ros2_ws/RobotAD/install/usb_camera/share/usb_camera/environment/path.dsv
[0.092s] -- Up-to-date symlink: /home/pengyh/documents/ros2_ws/RobotAD/install/usb_camera/share/usb_camera/local_setup.bash
[0.092s] -- Up-to-date symlink: /home/pengyh/documents/ros2_ws/RobotAD/install/usb_camera/share/usb_camera/local_setup.sh
[0.092s] -- Up-to-date symlink: /home/pengyh/documents/ros2_ws/RobotAD/install/usb_camera/share/usb_camera/local_setup.zsh
[0.092s] -- Up-to-date symlink: /home/pengyh/documents/ros2_ws/RobotAD/install/usb_camera/share/usb_camera/local_setup.dsv
[0.092s] -- Symlinking: /home/pengyh/documents/ros2_ws/RobotAD/install/usb_camera/share/usb_camera/package.dsv
[0.093s] -- Up-to-date symlink: /home/pengyh/documents/ros2_ws/RobotAD/install/usb_camera/share/ament_index/resource_index/packages/usb_camera
[0.094s] -- Up-to-date symlink: /home/pengyh/documents/ros2_ws/RobotAD/install/usb_camera/share/usb_camera/cmake/usb_cameraConfig.cmake
[0.095s] -- Up-to-date symlink: /home/pengyh/documents/ros2_ws/RobotAD/install/usb_camera/share/usb_camera/cmake/usb_cameraConfig-version.cmake
[0.095s] -- Up-to-date symlink: /home/pengyh/documents/ros2_ws/RobotAD/install/usb_camera/share/usb_camera/package.xml
[0.132s] Invoked command in '/home/pengyh/documents/ros2_ws/RobotAD/build/usb_camera' returned '0': CMAKE_PREFIX_PATH=${CMAKE_PREFIX_PATH}:/opt/ros/humble /usr/bin/cmake --install /home/pengyh/documents/ros2_ws/RobotAD/build/usb_camera
