[0.019s] Invoking command in '/home/pengyh/documents/ros2_ws/RobotAD/build/usb_camera': CMAKE_PREFIX_PATH=${CMAKE_PREFIX_PATH}:/opt/ros/humble /usr/bin/cmake --build /home/pengyh/documents/ros2_ws/RobotAD/build/usb_camera -- -j24 -l24
[0.059s] [100%] Built target usb_camera_node
[0.069s] Invoked command in '/home/pengyh/documents/ros2_ws/RobotAD/build/usb_camera' returned '0': CMAKE_PREFIX_PATH=${CMAKE_PREFIX_PATH}:/opt/ros/humble /usr/bin/cmake --build /home/pengyh/documents/ros2_ws/RobotAD/build/usb_camera -- -j24 -l24
[0.071s] Invoking command in '/home/pengyh/documents/ros2_ws/RobotAD/build/usb_camera': CMAKE_PREFIX_PATH=${CMAKE_PREFIX_PATH}:/opt/ros/humble /usr/bin/cmake --install /home/pengyh/documents/ros2_ws/RobotAD/build/usb_camera
[0.078s] -- Install configuration: ""
[0.079s] -- Execute custom install script
[0.081s] -- Up-to-date symlink: /home/pengyh/documents/ros2_ws/RobotAD/install/usb_camera/share/usb_camera/config/camera_params.yaml
[0.081s] -- Up-to-date symlink: /home/pengyh/documents/ros2_ws/RobotAD/install/usb_camera/share/usb_camera/launch/__pycache__/launch.cpython-310.pyc
[0.082s] -- Up-to-date symlink: /home/pengyh/documents/ros2_ws/RobotAD/install/usb_camera/share/usb_camera/launch/launch.py
[0.082s] -- Up-to-date symlink: /home/pengyh/documents/ros2_ws/RobotAD/install/usb_camera/lib/usb_camera/usb_camera_node
[0.082s] -- Up-to-date symlink: /home/pengyh/documents/ros2_ws/RobotAD/install/usb_camera/share/ament_index/resource_index/package_run_dependencies/usb_camera
[0.082s] -- Up-to-date symlink: /home/pengyh/documents/ros2_ws/RobotAD/install/usb_camera/share/ament_index/resource_index/parent_prefix_path/usb_camera
[0.082s] -- Up-to-date symlink: /home/pengyh/documents/ros2_ws/RobotAD/install/usb_camera/share/usb_camera/environment/ament_prefix_path.sh
[0.082s] -- Up-to-date symlink: /home/pengyh/documents/ros2_ws/RobotAD/install/usb_camera/share/usb_camera/environment/ament_prefix_path.dsv
[0.083s] -- Up-to-date symlink: /home/pengyh/documents/ros2_ws/RobotAD/install/usb_camera/share/usb_camera/environment/path.sh
[0.083s] -- Up-to-date symlink: /home/pengyh/documents/ros2_ws/RobotAD/install/usb_camera/share/usb_camera/environment/path.dsv
[0.083s] -- Up-to-date symlink: /home/pengyh/documents/ros2_ws/RobotAD/install/usb_camera/share/usb_camera/local_setup.bash
[0.083s] -- Up-to-date symlink: /home/pengyh/documents/ros2_ws/RobotAD/install/usb_camera/share/usb_camera/local_setup.sh
[0.084s] -- Up-to-date symlink: /home/pengyh/documents/ros2_ws/RobotAD/install/usb_camera/share/usb_camera/local_setup.zsh
[0.084s] -- Up-to-date symlink: /home/pengyh/documents/ros2_ws/RobotAD/install/usb_camera/share/usb_camera/local_setup.dsv
[0.084s] -- Symlinking: /home/pengyh/documents/ros2_ws/RobotAD/install/usb_camera/share/usb_camera/package.dsv
[0.087s] -- Up-to-date symlink: /home/pengyh/documents/ros2_ws/RobotAD/install/usb_camera/share/ament_index/resource_index/packages/usb_camera
[0.087s] -- Up-to-date symlink: /home/pengyh/documents/ros2_ws/RobotAD/install/usb_camera/share/usb_camera/cmake/usb_cameraConfig.cmake
[0.087s] -- Up-to-date symlink: /home/pengyh/documents/ros2_ws/RobotAD/install/usb_camera/share/usb_camera/cmake/usb_cameraConfig-version.cmake
[0.087s] -- Up-to-date symlink: /home/pengyh/documents/ros2_ws/RobotAD/install/usb_camera/share/usb_camera/package.xml
[0.119s] Invoked command in '/home/pengyh/documents/ros2_ws/RobotAD/build/usb_camera' returned '0': CMAKE_PREFIX_PATH=${CMAKE_PREFIX_PATH}:/opt/ros/humble /usr/bin/cmake --install /home/pengyh/documents/ros2_ws/RobotAD/build/usb_camera
