-- Found ament_cmake: 1.3.10 (/opt/ros/humble/share/ament_cmake/cmake)
-- Found rclcpp: 16.0.10 (/opt/ros/humble/share/rclcpp/cmake)
-- Found rosidl_generator_c: 3.1.5 (/opt/ros/humble/share/rosidl_generator_c/cmake)
-- Found rosidl_adapter: 3.1.5 (/opt/ros/humble/share/rosidl_adapter/cmake)
-- Found rosidl_generator_cpp: 3.1.5 (/opt/ros/humble/share/rosidl_generator_cpp/cmake)
-- Using all available rosidl_typesupport_c: rosidl_typesupport_fastrtps_c;rosidl_typesupport_introspection_c
-- Using all available rosidl_typesupport_cpp: rosidl_typesupport_fastrtps_cpp;rosidl_typesupport_introspection_cpp
-- Found rmw_implementation_cmake: 6.1.2 (/opt/ros/humble/share/rmw_implementation_cmake/cmake)
-- Found rmw_fastrtps_cpp: 6.2.7 (/opt/ros/humble/share/rmw_fastrtps_cpp/cmake)
-- Using RMW implementation 'rmw_fastrtps_cpp' as default
-- Found serial: 1.2.1 (/usr/local/share/serial/cmake)
-- Found robot_hardware: 0.0.1 (/home/future/Documents/pengyh/RobotAD_ws/install/robot_hardware/share/robot_hardware/cmake)
-- Configuring done
-- Generating done
-- Build files have been written to: /home/future/Documents/pengyh/RobotAD_ws/build/serial_comm
[35m[1mConsolidate compiler generated dependencies of target serial_node[0m
[ 50%] [32mBuilding CXX object CMakeFiles/serial_node.dir/src/serial_node.cpp.o[0m
[100%] [32m[1mLinking CXX executable serial_node[0m
[100%] Built target serial_node
-- Install configuration: ""
-- Installing: /home/future/Documents/pengyh/RobotAD_ws/install/serial_comm/lib/serial_comm/serial_node
-- Set runtime path of "/home/future/Documents/pengyh/RobotAD_ws/install/serial_comm/lib/serial_comm/serial_node" to ""
-- Up-to-date: /home/future/Documents/pengyh/RobotAD_ws/install/serial_comm/share/serial_comm/launch
-- Up-to-date: /home/future/Documents/pengyh/RobotAD_ws/install/serial_comm/share/serial_comm/launch/serial_comm.launch.py
-- Up-to-date: /home/future/Documents/pengyh/RobotAD_ws/install/serial_comm/share/ament_index/resource_index/package_run_dependencies/serial_comm
-- Installing: /home/future/Documents/pengyh/RobotAD_ws/install/serial_comm/share/ament_index/resource_index/parent_prefix_path/serial_comm
-- Up-to-date: /home/future/Documents/pengyh/RobotAD_ws/install/serial_comm/share/serial_comm/environment/ament_prefix_path.sh
-- Installing: /home/future/Documents/pengyh/RobotAD_ws/install/serial_comm/share/serial_comm/environment/ament_prefix_path.dsv
-- Up-to-date: /home/future/Documents/pengyh/RobotAD_ws/install/serial_comm/share/serial_comm/environment/path.sh
-- Installing: /home/future/Documents/pengyh/RobotAD_ws/install/serial_comm/share/serial_comm/environment/path.dsv
-- Up-to-date: /home/future/Documents/pengyh/RobotAD_ws/install/serial_comm/share/serial_comm/local_setup.bash
-- Up-to-date: /home/future/Documents/pengyh/RobotAD_ws/install/serial_comm/share/serial_comm/local_setup.sh
-- Up-to-date: /home/future/Documents/pengyh/RobotAD_ws/install/serial_comm/share/serial_comm/local_setup.zsh
-- Installing: /home/future/Documents/pengyh/RobotAD_ws/install/serial_comm/share/serial_comm/local_setup.dsv
-- Installing: /home/future/Documents/pengyh/RobotAD_ws/install/serial_comm/share/serial_comm/package.dsv
-- Up-to-date: /home/future/Documents/pengyh/RobotAD_ws/install/serial_comm/share/ament_index/resource_index/packages/serial_comm
-- Up-to-date: /home/future/Documents/pengyh/RobotAD_ws/install/serial_comm/share/serial_comm/cmake/serial_commConfig.cmake
-- Up-to-date: /home/future/Documents/pengyh/RobotAD_ws/install/serial_comm/share/serial_comm/cmake/serial_commConfig-version.cmake
-- Up-to-date: /home/future/Documents/pengyh/RobotAD_ws/install/serial_comm/share/serial_comm/package.xml
