[0.128s] DEBUG:colcon:Command line arguments: ['/usr/bin/colcon', 'build']
[0.128s] DEBUG:colcon:Parsed command line arguments: Namespace(log_base=None, log_level=None, verb_name='build', build_base='build', install_base='install', merge_install=False, symlink_install=False, test_result_base=None, continue_on_error=False, executor='parallel', parallel_workers=24, event_handlers=None, ignore_user_meta=False, metas=['./colcon.meta'], base_paths=['.'], packages_ignore=None, packages_ignore_regex=None, paths=None, packages_up_to=None, packages_up_to_regex=None, packages_above=None, packages_above_and_dependencies=None, packages_above_depth=None, packages_select_by_dep=None, packages_skip_by_dep=None, packages_skip_up_to=None, packages_select_build_failed=False, packages_skip_build_finished=False, packages_select_test_failures=False, packages_skip_test_passed=False, packages_select=None, packages_skip=None, packages_select_regex=None, packages_skip_regex=None, packages_start=None, packages_end=None, allow_overriding=[], cmake_args=None, cmake_target=None, cmake_target_skip_unavailable=False, cmake_clean_cache=False, cmake_clean_first=False, cmake_force_configure=False, ament_cmake_args=None, catkin_cmake_args=None, catkin_skip_building_tests=False, mixin_files=None, mixin=None, verb_parser=<colcon_mixin.mixin.mixin_argument.MixinArgumentDecorator object at 0x7de20f969270>, verb_extension=<colcon_core.verb.build.BuildVerb object at 0x7de20f968850>, main=<bound method BuildVerb.main of <colcon_core.verb.build.BuildVerb object at 0x7de20f968850>>, mixin_verb=('build',))
[0.274s] Level 1:colcon.colcon_core.package_discovery:discover_packages(colcon_meta) check parameters
[0.275s] Level 1:colcon.colcon_core.package_discovery:discover_packages(recursive) check parameters
[0.275s] Level 1:colcon.colcon_core.package_discovery:discover_packages(ignore) check parameters
[0.275s] Level 1:colcon.colcon_core.package_discovery:discover_packages(path) check parameters
[0.275s] Level 1:colcon.colcon_core.package_discovery:discover_packages(colcon_meta) discover
[0.275s] Level 1:colcon.colcon_core.package_discovery:discover_packages(recursive) discover
[0.275s] INFO:colcon.colcon_core.package_discovery:Crawling recursively for packages in '/home/future/Documents/pengyh/RobotAD_ws'
[0.275s] Level 1:colcon.colcon_core.package_identification:_identify(.) by extensions ['ignore', 'ignore_ament_install']
[0.275s] Level 1:colcon.colcon_core.package_identification:_identify(.) by extension 'ignore'
[0.275s] Level 1:colcon.colcon_core.package_identification:_identify(.) by extension 'ignore_ament_install'
[0.275s] Level 1:colcon.colcon_core.package_identification:_identify(.) by extensions ['colcon_pkg']
[0.275s] Level 1:colcon.colcon_core.package_identification:_identify(.) by extension 'colcon_pkg'
[0.275s] Level 1:colcon.colcon_core.package_identification:_identify(.) by extensions ['colcon_meta']
[0.275s] Level 1:colcon.colcon_core.package_identification:_identify(.) by extension 'colcon_meta'
[0.275s] Level 1:colcon.colcon_core.package_identification:_identify(.) by extensions ['ros']
[0.275s] Level 1:colcon.colcon_core.package_identification:_identify(.) by extension 'ros'
[0.282s] Level 1:colcon.colcon_core.package_identification:_identify(.) by extensions ['cmake', 'python']
[0.282s] Level 1:colcon.colcon_core.package_identification:_identify(.) by extension 'cmake'
[0.282s] Level 1:colcon.colcon_core.package_identification:_identify(.) by extension 'python'
[0.282s] Level 1:colcon.colcon_core.package_identification:_identify(.) by extensions ['python_setup_py']
[0.282s] Level 1:colcon.colcon_core.package_identification:_identify(.) by extension 'python_setup_py'
[0.282s] Level 1:colcon.colcon_core.package_identification:_identify(build) by extensions ['ignore', 'ignore_ament_install']
[0.282s] Level 1:colcon.colcon_core.package_identification:_identify(build) by extension 'ignore'
[0.282s] Level 1:colcon.colcon_core.package_identification:_identify(build) ignored
[0.283s] Level 1:colcon.colcon_core.package_identification:_identify(install) by extensions ['ignore', 'ignore_ament_install']
[0.283s] Level 1:colcon.colcon_core.package_identification:_identify(install) by extension 'ignore'
[0.283s] Level 1:colcon.colcon_core.package_identification:_identify(install) ignored
[0.283s] Level 1:colcon.colcon_core.package_identification:_identify(launch) by extensions ['ignore', 'ignore_ament_install']
[0.283s] Level 1:colcon.colcon_core.package_identification:_identify(launch) by extension 'ignore'
[0.283s] Level 1:colcon.colcon_core.package_identification:_identify(launch) by extension 'ignore_ament_install'
[0.283s] Level 1:colcon.colcon_core.package_identification:_identify(launch) by extensions ['colcon_pkg']
[0.283s] Level 1:colcon.colcon_core.package_identification:_identify(launch) by extension 'colcon_pkg'
[0.283s] Level 1:colcon.colcon_core.package_identification:_identify(launch) by extensions ['colcon_meta']
[0.283s] Level 1:colcon.colcon_core.package_identification:_identify(launch) by extension 'colcon_meta'
[0.283s] Level 1:colcon.colcon_core.package_identification:_identify(launch) by extensions ['ros']
[0.283s] Level 1:colcon.colcon_core.package_identification:_identify(launch) by extension 'ros'
[0.283s] Level 1:colcon.colcon_core.package_identification:_identify(launch) by extensions ['cmake', 'python']
[0.283s] Level 1:colcon.colcon_core.package_identification:_identify(launch) by extension 'cmake'
[0.283s] Level 1:colcon.colcon_core.package_identification:_identify(launch) by extension 'python'
[0.283s] Level 1:colcon.colcon_core.package_identification:_identify(launch) by extensions ['python_setup_py']
[0.283s] Level 1:colcon.colcon_core.package_identification:_identify(launch) by extension 'python_setup_py'
[0.283s] Level 1:colcon.colcon_core.package_identification:_identify(launch/__pycache__) by extensions ['ignore', 'ignore_ament_install']
[0.283s] Level 1:colcon.colcon_core.package_identification:_identify(launch/__pycache__) by extension 'ignore'
[0.283s] Level 1:colcon.colcon_core.package_identification:_identify(launch/__pycache__) by extension 'ignore_ament_install'
[0.283s] Level 1:colcon.colcon_core.package_identification:_identify(launch/__pycache__) by extensions ['colcon_pkg']
[0.283s] Level 1:colcon.colcon_core.package_identification:_identify(launch/__pycache__) by extension 'colcon_pkg'
[0.283s] Level 1:colcon.colcon_core.package_identification:_identify(launch/__pycache__) by extensions ['colcon_meta']
[0.283s] Level 1:colcon.colcon_core.package_identification:_identify(launch/__pycache__) by extension 'colcon_meta'
[0.283s] Level 1:colcon.colcon_core.package_identification:_identify(launch/__pycache__) by extensions ['ros']
[0.283s] Level 1:colcon.colcon_core.package_identification:_identify(launch/__pycache__) by extension 'ros'
[0.283s] Level 1:colcon.colcon_core.package_identification:_identify(launch/__pycache__) by extensions ['cmake', 'python']
[0.283s] Level 1:colcon.colcon_core.package_identification:_identify(launch/__pycache__) by extension 'cmake'
[0.283s] Level 1:colcon.colcon_core.package_identification:_identify(launch/__pycache__) by extension 'python'
[0.283s] Level 1:colcon.colcon_core.package_identification:_identify(launch/__pycache__) by extensions ['python_setup_py']
[0.283s] Level 1:colcon.colcon_core.package_identification:_identify(launch/__pycache__) by extension 'python_setup_py'
[0.283s] Level 1:colcon.colcon_core.package_identification:_identify(log) by extensions ['ignore', 'ignore_ament_install']
[0.283s] Level 1:colcon.colcon_core.package_identification:_identify(log) by extension 'ignore'
[0.283s] Level 1:colcon.colcon_core.package_identification:_identify(log) ignored
[0.283s] Level 1:colcon.colcon_core.package_identification:_identify(src) by extensions ['ignore', 'ignore_ament_install']
[0.283s] Level 1:colcon.colcon_core.package_identification:_identify(src) by extension 'ignore'
[0.283s] Level 1:colcon.colcon_core.package_identification:_identify(src) by extension 'ignore_ament_install'
[0.283s] Level 1:colcon.colcon_core.package_identification:_identify(src) by extensions ['colcon_pkg']
[0.283s] Level 1:colcon.colcon_core.package_identification:_identify(src) by extension 'colcon_pkg'
[0.284s] Level 1:colcon.colcon_core.package_identification:_identify(src) by extensions ['colcon_meta']
[0.284s] Level 1:colcon.colcon_core.package_identification:_identify(src) by extension 'colcon_meta'
[0.284s] Level 1:colcon.colcon_core.package_identification:_identify(src) by extensions ['ros']
[0.284s] Level 1:colcon.colcon_core.package_identification:_identify(src) by extension 'ros'
[0.284s] Level 1:colcon.colcon_core.package_identification:_identify(src) by extensions ['cmake', 'python']
[0.284s] Level 1:colcon.colcon_core.package_identification:_identify(src) by extension 'cmake'
[0.284s] Level 1:colcon.colcon_core.package_identification:_identify(src) by extension 'python'
[0.284s] Level 1:colcon.colcon_core.package_identification:_identify(src) by extensions ['python_setup_py']
[0.284s] Level 1:colcon.colcon_core.package_identification:_identify(src) by extension 'python_setup_py'
[0.284s] Level 1:colcon.colcon_core.package_identification:_identify(src/keyboard_control) by extensions ['ignore', 'ignore_ament_install']
[0.284s] Level 1:colcon.colcon_core.package_identification:_identify(src/keyboard_control) by extension 'ignore'
[0.284s] Level 1:colcon.colcon_core.package_identification:_identify(src/keyboard_control) by extension 'ignore_ament_install'
[0.284s] Level 1:colcon.colcon_core.package_identification:_identify(src/keyboard_control) by extensions ['colcon_pkg']
[0.284s] Level 1:colcon.colcon_core.package_identification:_identify(src/keyboard_control) by extension 'colcon_pkg'
[0.284s] Level 1:colcon.colcon_core.package_identification:_identify(src/keyboard_control) by extensions ['colcon_meta']
[0.284s] Level 1:colcon.colcon_core.package_identification:_identify(src/keyboard_control) by extension 'colcon_meta'
[0.284s] Level 1:colcon.colcon_core.package_identification:_identify(src/keyboard_control) by extensions ['ros']
[0.284s] Level 1:colcon.colcon_core.package_identification:_identify(src/keyboard_control) by extension 'ros'
[0.287s] DEBUG:colcon.colcon_core.package_identification:Package 'src/keyboard_control' with type 'ros.ament_cmake' and name 'keyboard_control'
[0.287s] Level 1:colcon.colcon_core.package_identification:_identify(src/robot_hardware) by extensions ['ignore', 'ignore_ament_install']
[0.287s] Level 1:colcon.colcon_core.package_identification:_identify(src/robot_hardware) by extension 'ignore'
[0.287s] Level 1:colcon.colcon_core.package_identification:_identify(src/robot_hardware) by extension 'ignore_ament_install'
[0.287s] Level 1:colcon.colcon_core.package_identification:_identify(src/robot_hardware) by extensions ['colcon_pkg']
[0.287s] Level 1:colcon.colcon_core.package_identification:_identify(src/robot_hardware) by extension 'colcon_pkg'
[0.287s] Level 1:colcon.colcon_core.package_identification:_identify(src/robot_hardware) by extensions ['colcon_meta']
[0.287s] Level 1:colcon.colcon_core.package_identification:_identify(src/robot_hardware) by extension 'colcon_meta'
[0.287s] Level 1:colcon.colcon_core.package_identification:_identify(src/robot_hardware) by extensions ['ros']
[0.287s] Level 1:colcon.colcon_core.package_identification:_identify(src/robot_hardware) by extension 'ros'
[0.288s] DEBUG:colcon.colcon_core.package_identification:Package 'src/robot_hardware' with type 'ros.ament_cmake' and name 'robot_hardware'
[0.288s] Level 1:colcon.colcon_core.package_identification:_identify(src/serial_comm) by extensions ['ignore', 'ignore_ament_install']
[0.288s] Level 1:colcon.colcon_core.package_identification:_identify(src/serial_comm) by extension 'ignore'
[0.288s] Level 1:colcon.colcon_core.package_identification:_identify(src/serial_comm) by extension 'ignore_ament_install'
[0.288s] Level 1:colcon.colcon_core.package_identification:_identify(src/serial_comm) by extensions ['colcon_pkg']
[0.288s] Level 1:colcon.colcon_core.package_identification:_identify(src/serial_comm) by extension 'colcon_pkg'
[0.288s] Level 1:colcon.colcon_core.package_identification:_identify(src/serial_comm) by extensions ['colcon_meta']
[0.288s] Level 1:colcon.colcon_core.package_identification:_identify(src/serial_comm) by extension 'colcon_meta'
[0.288s] Level 1:colcon.colcon_core.package_identification:_identify(src/serial_comm) by extensions ['ros']
[0.288s] Level 1:colcon.colcon_core.package_identification:_identify(src/serial_comm) by extension 'ros'
[0.289s] DEBUG:colcon.colcon_core.package_identification:Package 'src/serial_comm' with type 'ros.ament_cmake' and name 'serial_comm'
[0.289s] Level 1:colcon.colcon_core.package_identification:_identify(src/usb_camera) by extensions ['ignore', 'ignore_ament_install']
[0.289s] Level 1:colcon.colcon_core.package_identification:_identify(src/usb_camera) by extension 'ignore'
[0.289s] Level 1:colcon.colcon_core.package_identification:_identify(src/usb_camera) by extension 'ignore_ament_install'
[0.289s] Level 1:colcon.colcon_core.package_identification:_identify(src/usb_camera) by extensions ['colcon_pkg']
[0.289s] Level 1:colcon.colcon_core.package_identification:_identify(src/usb_camera) by extension 'colcon_pkg'
[0.289s] Level 1:colcon.colcon_core.package_identification:_identify(src/usb_camera) by extensions ['colcon_meta']
[0.289s] Level 1:colcon.colcon_core.package_identification:_identify(src/usb_camera) by extension 'colcon_meta'
[0.289s] Level 1:colcon.colcon_core.package_identification:_identify(src/usb_camera) by extensions ['ros']
[0.289s] Level 1:colcon.colcon_core.package_identification:_identify(src/usb_camera) by extension 'ros'
[0.289s] DEBUG:colcon.colcon_core.package_identification:Package 'src/usb_camera' with type 'ros.ament_cmake' and name 'usb_camera'
[0.289s] Level 1:colcon.colcon_core.package_discovery:discover_packages(recursive) using defaults
[0.289s] Level 1:colcon.colcon_core.package_discovery:discover_packages(ignore) discover
[0.289s] Level 1:colcon.colcon_core.package_discovery:discover_packages(ignore) using defaults
[0.289s] Level 1:colcon.colcon_core.package_discovery:discover_packages(path) discover
[0.289s] Level 1:colcon.colcon_core.package_discovery:discover_packages(path) using defaults
[0.313s] Level 1:colcon.colcon_core.package_discovery:discover_packages(prefix_path) check parameters
[0.313s] Level 1:colcon.colcon_core.package_discovery:discover_packages(prefix_path) discover
[0.313s] WARNING:colcon.colcon_core.prefix_path.colcon:The path '/home/future/Documents/pengyh/RobotAD_ws/src/install' in the environment variable COLCON_PREFIX_PATH doesn't exist
[0.313s] WARNING:colcon.colcon_ros.prefix_path.ament:The path '/home/future/Documents/pengyh/RobotAD_ws/src/install/usb_camera' in the environment variable AMENT_PREFIX_PATH doesn't exist
[0.313s] WARNING:colcon.colcon_ros.prefix_path.ament:The path '/home/future/Documents/pengyh/RobotAD_ws/src/install/serial_comm' in the environment variable AMENT_PREFIX_PATH doesn't exist
[0.313s] WARNING:colcon.colcon_ros.prefix_path.ament:The path '/home/future/Documents/pengyh/RobotAD_ws/src/install/robot_hardware' in the environment variable AMENT_PREFIX_PATH doesn't exist
[0.313s] WARNING:colcon.colcon_ros.prefix_path.ament:The path '/home/future/Documents/pengyh/RobotAD_ws/src/install/keyboard_control' in the environment variable AMENT_PREFIX_PATH doesn't exist
[0.314s] WARNING:colcon.colcon_ros.prefix_path.catkin:The path '/home/future/Documents/pengyh/RobotAD_ws/src/install/usb_camera' in the environment variable CMAKE_PREFIX_PATH doesn't exist
[0.314s] WARNING:colcon.colcon_ros.prefix_path.catkin:The path '/home/future/Documents/pengyh/RobotAD_ws/src/install/serial_comm' in the environment variable CMAKE_PREFIX_PATH doesn't exist
[0.314s] WARNING:colcon.colcon_ros.prefix_path.catkin:The path '/home/future/Documents/pengyh/RobotAD_ws/src/install/robot_hardware' in the environment variable CMAKE_PREFIX_PATH doesn't exist
[0.314s] WARNING:colcon.colcon_ros.prefix_path.catkin:The path '/home/future/Documents/pengyh/RobotAD_ws/src/install/keyboard_control' in the environment variable CMAKE_PREFIX_PATH doesn't exist
[0.314s] DEBUG:colcon.colcon_installed_package_information.package_discovery:Found 4 installed packages in /home/future/Documents/pengyh/RobotAD_ws/install
[0.315s] DEBUG:colcon.colcon_installed_package_information.package_discovery:Found 12 installed packages in /home/future/Documents/Robot/nav_ws/install
[0.315s] DEBUG:colcon.colcon_installed_package_information.package_discovery:Found 4 installed packages in /home/future/Documents/VIW-FUSION/install
[0.315s] DEBUG:colcon.colcon_installed_package_information.package_discovery:Found 2 installed packages in /home/future/Documents/people_tracker/install
[0.315s] DEBUG:colcon.colcon_installed_package_information.package_discovery:Found 1 installed packages in /home/future/Documents/Navigation/interface_ws/install
[0.316s] DEBUG:colcon.colcon_installed_package_information.package_discovery:Found 477 installed packages in /opt/ros/humble
[0.318s] Level 1:colcon.colcon_core.package_discovery:discover_packages(prefix_path) using defaults
[0.349s] Level 5:colcon.colcon_core.verb:set package 'robot_hardware' build argument 'cmake_args' from command line to 'None'
[0.349s] Level 5:colcon.colcon_core.verb:set package 'robot_hardware' build argument 'cmake_target' from command line to 'None'
[0.349s] Level 5:colcon.colcon_core.verb:set package 'robot_hardware' build argument 'cmake_target_skip_unavailable' from command line to 'False'
[0.349s] Level 5:colcon.colcon_core.verb:set package 'robot_hardware' build argument 'cmake_clean_cache' from command line to 'False'
[0.349s] Level 5:colcon.colcon_core.verb:set package 'robot_hardware' build argument 'cmake_clean_first' from command line to 'False'
[0.349s] Level 5:colcon.colcon_core.verb:set package 'robot_hardware' build argument 'cmake_force_configure' from command line to 'False'
[0.349s] Level 5:colcon.colcon_core.verb:set package 'robot_hardware' build argument 'ament_cmake_args' from command line to 'None'
[0.349s] Level 5:colcon.colcon_core.verb:set package 'robot_hardware' build argument 'catkin_cmake_args' from command line to 'None'
[0.349s] Level 5:colcon.colcon_core.verb:set package 'robot_hardware' build argument 'catkin_skip_building_tests' from command line to 'False'
[0.349s] DEBUG:colcon.colcon_core.verb:Building package 'robot_hardware' with the following arguments: {'ament_cmake_args': None, 'build_base': '/home/future/Documents/pengyh/RobotAD_ws/build/robot_hardware', 'catkin_cmake_args': None, 'catkin_skip_building_tests': False, 'cmake_args': None, 'cmake_clean_cache': False, 'cmake_clean_first': False, 'cmake_force_configure': False, 'cmake_target': None, 'cmake_target_skip_unavailable': False, 'install_base': '/home/future/Documents/pengyh/RobotAD_ws/install/robot_hardware', 'merge_install': False, 'path': '/home/future/Documents/pengyh/RobotAD_ws/src/robot_hardware', 'symlink_install': False, 'test_result_base': None}
[0.349s] Level 5:colcon.colcon_core.verb:set package 'usb_camera' build argument 'cmake_args' from command line to 'None'
[0.349s] Level 5:colcon.colcon_core.verb:set package 'usb_camera' build argument 'cmake_target' from command line to 'None'
[0.349s] Level 5:colcon.colcon_core.verb:set package 'usb_camera' build argument 'cmake_target_skip_unavailable' from command line to 'False'
[0.349s] Level 5:colcon.colcon_core.verb:set package 'usb_camera' build argument 'cmake_clean_cache' from command line to 'False'
[0.349s] Level 5:colcon.colcon_core.verb:set package 'usb_camera' build argument 'cmake_clean_first' from command line to 'False'
[0.349s] Level 5:colcon.colcon_core.verb:set package 'usb_camera' build argument 'cmake_force_configure' from command line to 'False'
[0.349s] Level 5:colcon.colcon_core.verb:set package 'usb_camera' build argument 'ament_cmake_args' from command line to 'None'
[0.349s] Level 5:colcon.colcon_core.verb:set package 'usb_camera' build argument 'catkin_cmake_args' from command line to 'None'
[0.349s] Level 5:colcon.colcon_core.verb:set package 'usb_camera' build argument 'catkin_skip_building_tests' from command line to 'False'
[0.349s] DEBUG:colcon.colcon_core.verb:Building package 'usb_camera' with the following arguments: {'ament_cmake_args': None, 'build_base': '/home/future/Documents/pengyh/RobotAD_ws/build/usb_camera', 'catkin_cmake_args': None, 'catkin_skip_building_tests': False, 'cmake_args': None, 'cmake_clean_cache': False, 'cmake_clean_first': False, 'cmake_force_configure': False, 'cmake_target': None, 'cmake_target_skip_unavailable': False, 'install_base': '/home/future/Documents/pengyh/RobotAD_ws/install/usb_camera', 'merge_install': False, 'path': '/home/future/Documents/pengyh/RobotAD_ws/src/usb_camera', 'symlink_install': False, 'test_result_base': None}
[0.349s] Level 5:colcon.colcon_core.verb:set package 'keyboard_control' build argument 'cmake_args' from command line to 'None'
[0.349s] Level 5:colcon.colcon_core.verb:set package 'keyboard_control' build argument 'cmake_target' from command line to 'None'
[0.349s] Level 5:colcon.colcon_core.verb:set package 'keyboard_control' build argument 'cmake_target_skip_unavailable' from command line to 'False'
[0.349s] Level 5:colcon.colcon_core.verb:set package 'keyboard_control' build argument 'cmake_clean_cache' from command line to 'False'
[0.349s] Level 5:colcon.colcon_core.verb:set package 'keyboard_control' build argument 'cmake_clean_first' from command line to 'False'
[0.349s] Level 5:colcon.colcon_core.verb:set package 'keyboard_control' build argument 'cmake_force_configure' from command line to 'False'
[0.349s] Level 5:colcon.colcon_core.verb:set package 'keyboard_control' build argument 'ament_cmake_args' from command line to 'None'
[0.349s] Level 5:colcon.colcon_core.verb:set package 'keyboard_control' build argument 'catkin_cmake_args' from command line to 'None'
[0.349s] Level 5:colcon.colcon_core.verb:set package 'keyboard_control' build argument 'catkin_skip_building_tests' from command line to 'False'
[0.349s] DEBUG:colcon.colcon_core.verb:Building package 'keyboard_control' with the following arguments: {'ament_cmake_args': None, 'build_base': '/home/future/Documents/pengyh/RobotAD_ws/build/keyboard_control', 'catkin_cmake_args': None, 'catkin_skip_building_tests': False, 'cmake_args': None, 'cmake_clean_cache': False, 'cmake_clean_first': False, 'cmake_force_configure': False, 'cmake_target': None, 'cmake_target_skip_unavailable': False, 'install_base': '/home/future/Documents/pengyh/RobotAD_ws/install/keyboard_control', 'merge_install': False, 'path': '/home/future/Documents/pengyh/RobotAD_ws/src/keyboard_control', 'symlink_install': False, 'test_result_base': None}
[0.350s] Level 5:colcon.colcon_core.verb:set package 'serial_comm' build argument 'cmake_args' from command line to 'None'
[0.350s] Level 5:colcon.colcon_core.verb:set package 'serial_comm' build argument 'cmake_target' from command line to 'None'
[0.350s] Level 5:colcon.colcon_core.verb:set package 'serial_comm' build argument 'cmake_target_skip_unavailable' from command line to 'False'
[0.350s] Level 5:colcon.colcon_core.verb:set package 'serial_comm' build argument 'cmake_clean_cache' from command line to 'False'
[0.350s] Level 5:colcon.colcon_core.verb:set package 'serial_comm' build argument 'cmake_clean_first' from command line to 'False'
[0.350s] Level 5:colcon.colcon_core.verb:set package 'serial_comm' build argument 'cmake_force_configure' from command line to 'False'
[0.350s] Level 5:colcon.colcon_core.verb:set package 'serial_comm' build argument 'ament_cmake_args' from command line to 'None'
[0.350s] Level 5:colcon.colcon_core.verb:set package 'serial_comm' build argument 'catkin_cmake_args' from command line to 'None'
[0.350s] Level 5:colcon.colcon_core.verb:set package 'serial_comm' build argument 'catkin_skip_building_tests' from command line to 'False'
[0.350s] DEBUG:colcon.colcon_core.verb:Building package 'serial_comm' with the following arguments: {'ament_cmake_args': None, 'build_base': '/home/future/Documents/pengyh/RobotAD_ws/build/serial_comm', 'catkin_cmake_args': None, 'catkin_skip_building_tests': False, 'cmake_args': None, 'cmake_clean_cache': False, 'cmake_clean_first': False, 'cmake_force_configure': False, 'cmake_target': None, 'cmake_target_skip_unavailable': False, 'install_base': '/home/future/Documents/pengyh/RobotAD_ws/install/serial_comm', 'merge_install': False, 'path': '/home/future/Documents/pengyh/RobotAD_ws/src/serial_comm', 'symlink_install': False, 'test_result_base': None}
[0.350s] INFO:colcon.colcon_core.executor:Executing jobs using 'parallel' executor
[0.351s] DEBUG:colcon.colcon_parallel_executor.executor.parallel:run_until_complete
[0.351s] INFO:colcon.colcon_ros.task.ament_cmake.build:Building ROS package in '/home/future/Documents/pengyh/RobotAD_ws/src/robot_hardware' with build type 'ament_cmake'
[0.351s] INFO:colcon.colcon_cmake.task.cmake.build:Building CMake package in '/home/future/Documents/pengyh/RobotAD_ws/src/robot_hardware'
[0.353s] INFO:colcon.colcon_core.plugin_system:Skipping extension 'colcon_core.shell.bat': Not used on non-Windows systems
[0.353s] INFO:colcon.colcon_core.shell:Skip shell extension 'powershell' for command environment: Not usable outside of PowerShell
[0.353s] DEBUG:colcon.colcon_core.shell:Skip shell extension 'dsv' for command environment
[0.356s] INFO:colcon.colcon_ros.task.ament_cmake.build:Building ROS package in '/home/future/Documents/pengyh/RobotAD_ws/src/usb_camera' with build type 'ament_cmake'
[0.356s] INFO:colcon.colcon_cmake.task.cmake.build:Building CMake package in '/home/future/Documents/pengyh/RobotAD_ws/src/usb_camera'
[0.357s] INFO:colcon.colcon_core.shell:Skip shell extension 'powershell' for command environment: Not usable outside of PowerShell
[0.357s] DEBUG:colcon.colcon_core.shell:Skip shell extension 'dsv' for command environment
[0.365s] DEBUG:colcon.colcon_core.event_handler.log_command:Invoking command in '/home/future/Documents/pengyh/RobotAD_ws/build/robot_hardware': CMAKE_PREFIX_PATH=${CMAKE_PREFIX_PATH}:/home/future/Documents/Robot/nav_ws/install/show_urdf:/home/future/Documents/Robot/nav_ws/install/serial_bridge:/home/future/Documents/Robot/nav_ws/install/ros_tcp_endpoint:/home/future/Documents/Robot/nav_ws/install/remove_obstacle:/home/future/Documents/Robot/nav_ws/install/keyboard_control:/opt/ros/humble /usr/bin/cmake --build /home/future/Documents/pengyh/RobotAD_ws/build/robot_hardware -- -j24 -l24
[0.367s] DEBUG:colcon.colcon_core.event_handler.log_command:Invoking command in '/home/future/Documents/pengyh/RobotAD_ws/build/usb_camera': CMAKE_PREFIX_PATH=${CMAKE_PREFIX_PATH}:/home/future/Documents/Robot/nav_ws/install/show_urdf:/home/future/Documents/Robot/nav_ws/install/serial_bridge:/home/future/Documents/Robot/nav_ws/install/ros_tcp_endpoint:/home/future/Documents/Robot/nav_ws/install/remove_obstacle:/home/future/Documents/Robot/nav_ws/install/keyboard_control:/opt/ros/humble /usr/bin/cmake --build /home/future/Documents/pengyh/RobotAD_ws/build/usb_camera -- -j24 -l24
[0.650s] DEBUG:colcon.colcon_core.event_handler.log_command:Invoked command in '/home/future/Documents/pengyh/RobotAD_ws/build/robot_hardware' returned '0': CMAKE_PREFIX_PATH=${CMAKE_PREFIX_PATH}:/home/future/Documents/Robot/nav_ws/install/show_urdf:/home/future/Documents/Robot/nav_ws/install/serial_bridge:/home/future/Documents/Robot/nav_ws/install/ros_tcp_endpoint:/home/future/Documents/Robot/nav_ws/install/remove_obstacle:/home/future/Documents/Robot/nav_ws/install/keyboard_control:/opt/ros/humble /usr/bin/cmake --build /home/future/Documents/pengyh/RobotAD_ws/build/robot_hardware -- -j24 -l24
[0.723s] DEBUG:colcon.colcon_core.event_handler.log_command:Invoking command in '/home/future/Documents/pengyh/RobotAD_ws/build/robot_hardware': CMAKE_PREFIX_PATH=${CMAKE_PREFIX_PATH}:/home/future/Documents/Robot/nav_ws/install/show_urdf:/home/future/Documents/Robot/nav_ws/install/serial_bridge:/home/future/Documents/Robot/nav_ws/install/ros_tcp_endpoint:/home/future/Documents/Robot/nav_ws/install/remove_obstacle:/home/future/Documents/Robot/nav_ws/install/keyboard_control:/opt/ros/humble /usr/bin/cmake --install /home/future/Documents/pengyh/RobotAD_ws/build/robot_hardware
[0.774s] Level 1:colcon.colcon_core.environment:create_environment_scripts_only(robot_hardware)
[0.774s] DEBUG:colcon.colcon_core.event_handler.log_command:Invoked command in '/home/future/Documents/pengyh/RobotAD_ws/build/robot_hardware' returned '0': CMAKE_PREFIX_PATH=${CMAKE_PREFIX_PATH}:/home/future/Documents/Robot/nav_ws/install/show_urdf:/home/future/Documents/Robot/nav_ws/install/serial_bridge:/home/future/Documents/Robot/nav_ws/install/ros_tcp_endpoint:/home/future/Documents/Robot/nav_ws/install/remove_obstacle:/home/future/Documents/Robot/nav_ws/install/keyboard_control:/opt/ros/humble /usr/bin/cmake --install /home/future/Documents/pengyh/RobotAD_ws/build/robot_hardware
[0.776s] Level 1:colcon.colcon_core.environment:checking '/home/future/Documents/pengyh/RobotAD_ws/install/robot_hardware' for CMake module files
[0.777s] Level 1:colcon.colcon_core.environment:checking '/home/future/Documents/pengyh/RobotAD_ws/install/robot_hardware' for CMake config files
[0.778s] Level 1:colcon.colcon_core.shell:create_environment_hook('robot_hardware', 'cmake_prefix_path')
[0.778s] INFO:colcon.colcon_core.shell:Creating environment hook '/home/future/Documents/pengyh/RobotAD_ws/install/robot_hardware/share/robot_hardware/hook/cmake_prefix_path.ps1'
[0.779s] INFO:colcon.colcon_core.shell:Creating environment descriptor '/home/future/Documents/pengyh/RobotAD_ws/install/robot_hardware/share/robot_hardware/hook/cmake_prefix_path.dsv'
[0.779s] INFO:colcon.colcon_core.shell:Creating environment hook '/home/future/Documents/pengyh/RobotAD_ws/install/robot_hardware/share/robot_hardware/hook/cmake_prefix_path.sh'
[0.780s] Level 1:colcon.colcon_core.environment:checking '/home/future/Documents/pengyh/RobotAD_ws/install/robot_hardware/lib'
[0.780s] Level 1:colcon.colcon_core.shell:create_environment_hook('robot_hardware', 'ld_library_path_lib')
[0.781s] INFO:colcon.colcon_core.shell:Creating environment hook '/home/future/Documents/pengyh/RobotAD_ws/install/robot_hardware/share/robot_hardware/hook/ld_library_path_lib.ps1'
[0.781s] INFO:colcon.colcon_core.shell:Creating environment descriptor '/home/future/Documents/pengyh/RobotAD_ws/install/robot_hardware/share/robot_hardware/hook/ld_library_path_lib.dsv'
[0.781s] INFO:colcon.colcon_core.shell:Creating environment hook '/home/future/Documents/pengyh/RobotAD_ws/install/robot_hardware/share/robot_hardware/hook/ld_library_path_lib.sh'
[0.782s] Level 1:colcon.colcon_core.environment:checking '/home/future/Documents/pengyh/RobotAD_ws/install/robot_hardware/bin'
[0.782s] Level 1:colcon.colcon_core.environment:checking '/home/future/Documents/pengyh/RobotAD_ws/install/robot_hardware/lib/pkgconfig/robot_hardware.pc'
[0.782s] Level 1:colcon.colcon_core.environment:checking '/home/future/Documents/pengyh/RobotAD_ws/install/robot_hardware/lib/python3.10/site-packages'
[0.782s] Level 1:colcon.colcon_core.environment:checking '/home/future/Documents/pengyh/RobotAD_ws/install/robot_hardware/bin'
[0.782s] INFO:colcon.colcon_core.shell:Creating package script '/home/future/Documents/pengyh/RobotAD_ws/install/robot_hardware/share/robot_hardware/package.ps1'
[0.783s] INFO:colcon.colcon_core.shell:Creating package descriptor '/home/future/Documents/pengyh/RobotAD_ws/install/robot_hardware/share/robot_hardware/package.dsv'
[0.783s] INFO:colcon.colcon_core.shell:Creating package script '/home/future/Documents/pengyh/RobotAD_ws/install/robot_hardware/share/robot_hardware/package.sh'
[0.784s] INFO:colcon.colcon_core.shell:Creating package script '/home/future/Documents/pengyh/RobotAD_ws/install/robot_hardware/share/robot_hardware/package.bash'
[0.784s] INFO:colcon.colcon_core.shell:Creating package script '/home/future/Documents/pengyh/RobotAD_ws/install/robot_hardware/share/robot_hardware/package.zsh'
[0.784s] Level 1:colcon.colcon_core.environment:create_file_with_runtime_dependencies(/home/future/Documents/pengyh/RobotAD_ws/install/robot_hardware/share/colcon-core/packages/robot_hardware)
[0.847s] Level 1:colcon.colcon_core.environment:create_environment_scripts_only(robot_hardware)
[0.847s] Level 1:colcon.colcon_core.environment:checking '/home/future/Documents/pengyh/RobotAD_ws/install/robot_hardware' for CMake module files
[0.847s] Level 1:colcon.colcon_core.environment:checking '/home/future/Documents/pengyh/RobotAD_ws/install/robot_hardware' for CMake config files
[0.848s] Level 1:colcon.colcon_core.shell:create_environment_hook('robot_hardware', 'cmake_prefix_path')
[0.848s] INFO:colcon.colcon_core.shell:Creating environment hook '/home/future/Documents/pengyh/RobotAD_ws/install/robot_hardware/share/robot_hardware/hook/cmake_prefix_path.ps1'
[0.848s] INFO:colcon.colcon_core.shell:Creating environment descriptor '/home/future/Documents/pengyh/RobotAD_ws/install/robot_hardware/share/robot_hardware/hook/cmake_prefix_path.dsv'
[0.849s] INFO:colcon.colcon_core.shell:Creating environment hook '/home/future/Documents/pengyh/RobotAD_ws/install/robot_hardware/share/robot_hardware/hook/cmake_prefix_path.sh'
[0.849s] Level 1:colcon.colcon_core.environment:checking '/home/future/Documents/pengyh/RobotAD_ws/install/robot_hardware/lib'
[0.849s] Level 1:colcon.colcon_core.shell:create_environment_hook('robot_hardware', 'ld_library_path_lib')
[0.849s] INFO:colcon.colcon_core.shell:Creating environment hook '/home/future/Documents/pengyh/RobotAD_ws/install/robot_hardware/share/robot_hardware/hook/ld_library_path_lib.ps1'
[0.849s] INFO:colcon.colcon_core.shell:Creating environment descriptor '/home/future/Documents/pengyh/RobotAD_ws/install/robot_hardware/share/robot_hardware/hook/ld_library_path_lib.dsv'
[0.850s] INFO:colcon.colcon_core.shell:Creating environment hook '/home/future/Documents/pengyh/RobotAD_ws/install/robot_hardware/share/robot_hardware/hook/ld_library_path_lib.sh'
[0.850s] Level 1:colcon.colcon_core.environment:checking '/home/future/Documents/pengyh/RobotAD_ws/install/robot_hardware/bin'
[0.850s] Level 1:colcon.colcon_core.environment:checking '/home/future/Documents/pengyh/RobotAD_ws/install/robot_hardware/lib/pkgconfig/robot_hardware.pc'
[0.850s] Level 1:colcon.colcon_core.environment:checking '/home/future/Documents/pengyh/RobotAD_ws/install/robot_hardware/lib/python3.10/site-packages'
[0.850s] Level 1:colcon.colcon_core.environment:checking '/home/future/Documents/pengyh/RobotAD_ws/install/robot_hardware/bin'
[0.850s] INFO:colcon.colcon_core.shell:Creating package script '/home/future/Documents/pengyh/RobotAD_ws/install/robot_hardware/share/robot_hardware/package.ps1'
[0.850s] INFO:colcon.colcon_core.shell:Creating package descriptor '/home/future/Documents/pengyh/RobotAD_ws/install/robot_hardware/share/robot_hardware/package.dsv'
[0.851s] INFO:colcon.colcon_core.shell:Creating package script '/home/future/Documents/pengyh/RobotAD_ws/install/robot_hardware/share/robot_hardware/package.sh'
[0.851s] INFO:colcon.colcon_core.shell:Creating package script '/home/future/Documents/pengyh/RobotAD_ws/install/robot_hardware/share/robot_hardware/package.bash'
[0.851s] INFO:colcon.colcon_core.shell:Creating package script '/home/future/Documents/pengyh/RobotAD_ws/install/robot_hardware/share/robot_hardware/package.zsh'
[0.851s] Level 1:colcon.colcon_core.environment:create_file_with_runtime_dependencies(/home/future/Documents/pengyh/RobotAD_ws/install/robot_hardware/share/colcon-core/packages/robot_hardware)
[0.852s] INFO:colcon.colcon_ros.task.ament_cmake.build:Building ROS package in '/home/future/Documents/pengyh/RobotAD_ws/src/keyboard_control' with build type 'ament_cmake'
[0.852s] INFO:colcon.colcon_cmake.task.cmake.build:Building CMake package in '/home/future/Documents/pengyh/RobotAD_ws/src/keyboard_control'
[0.852s] INFO:colcon.colcon_core.shell:Skip shell extension 'powershell' for command environment: Not usable outside of PowerShell
[0.852s] DEBUG:colcon.colcon_core.shell:Skip shell extension 'dsv' for command environment
[0.856s] INFO:colcon.colcon_ros.task.ament_cmake.build:Building ROS package in '/home/future/Documents/pengyh/RobotAD_ws/src/serial_comm' with build type 'ament_cmake'
[0.856s] INFO:colcon.colcon_cmake.task.cmake.build:Building CMake package in '/home/future/Documents/pengyh/RobotAD_ws/src/serial_comm'
[0.856s] INFO:colcon.colcon_core.shell:Skip shell extension 'powershell' for command environment: Not usable outside of PowerShell
[0.856s] DEBUG:colcon.colcon_core.shell:Skip shell extension 'dsv' for command environment
[0.863s] DEBUG:colcon.colcon_core.event_handler.log_command:Invoking command in '/home/future/Documents/pengyh/RobotAD_ws/build/keyboard_control': CMAKE_PREFIX_PATH=/home/future/Documents/pengyh/RobotAD_ws/install/robot_hardware:/home/future/Documents/pengyh/RobotAD_ws/src/install/usb_camera:/home/future/Documents/pengyh/RobotAD_ws/src/install/serial_comm:/home/future/Documents/pengyh/RobotAD_ws/src/install/robot_hardware:/home/future/Documents/pengyh/RobotAD_ws/src/install/keyboard_control:/home/future/Documents/pengyh/RobotAD_ws/install/usb_camera:/home/future/Documents/pengyh/RobotAD_ws/install/serial_comm:/home/future/Documents/pengyh/RobotAD_ws/install/keyboard_control:/home/future/Documents/Robot/nav_ws/install/rslidar_sdk:/home/future/Documents/Robot/nav_ws/install/rslidar_msg:/home/future/Documents/Robot/nav_ws/install/robot_locate:/home/future/Documents/Robot/nav_ws/install/pointcloud_to_laserscan:/home/future/Documents/Robot/nav_ws/install/nav2_social_costmap_plugin:/home/future/Documents/Robot/nav_ws/install/miiboo_imu:/home/future/Documents/Robot/nav_ws/install/diff_control:/home/future/Documents/VIW-FUSION/install/vins:/home/future/Documents/VIW-FUSION/install/loop_fusion:/home/future/Documents/VIW-FUSION/install/global_fusion:/home/future/Documents/VIW-FUSION/install/camera_models:/home/future/Documents/people_tracker/install/people_msgs:/home/future/Documents/people_tracker/install/leg_tracker_ros2:/home/future/Documents/Navigation/interface_ws/install/nav_interfaces:/home/future/Documents/Robot/nav_ws/install/show_urdf:/home/future/Documents/Robot/nav_ws/install/serial_bridge:/home/future/Documents/Robot/nav_ws/install/ros_tcp_endpoint:/home/future/Documents/Robot/nav_ws/install/remove_obstacle:/home/future/Documents/Robot/nav_ws/install/keyboard_control:/opt/ros/humble LD_LIBRARY_PATH=/home/future/Documents/pengyh/RobotAD_ws/install/robot_hardware/lib:/home/future/Documents/pengyh/RobotAD_ws/src/install/robot_hardware/lib:/home/future/Documents/Robot/nav_ws/install/rslidar_msg/lib:/home/future/Documents/Robot/nav_ws/install/pointcloud_to_laserscan/lib:/home/future/Documents/Robot/nav_ws/install/nav2_social_costmap_plugin/lib:/home/future/Documents/Robot/nav_ws/install/diff_control/lib:/home/future/Documents/VIW-FUSION/install/camera_models/lib:/home/future/Documents/people_tracker/install/people_msgs/lib:/home/future/Documents/people_tracker/install/leg_tracker_ros2/lib:/home/future/Documents/Navigation/interface_ws/install/nav_interfaces/lib:/usr/lib/x86_64-linux-gnu/gazebo-11/plugins:/opt/ros/humble/opt/rviz_ogre_vendor/lib:/opt/ros/humble/lib/x86_64-linux-gnu:/opt/ros/humble/lib:/usr/local/lib:/usr/local/lib /usr/bin/cmake --build /home/future/Documents/pengyh/RobotAD_ws/build/keyboard_control -- -j24 -l24
[0.866s] DEBUG:colcon.colcon_core.event_handler.log_command:Invoking command in '/home/future/Documents/pengyh/RobotAD_ws/build/serial_comm': CMAKE_PREFIX_PATH=/home/future/Documents/pengyh/RobotAD_ws/install/robot_hardware:/home/future/Documents/pengyh/RobotAD_ws/src/install/usb_camera:/home/future/Documents/pengyh/RobotAD_ws/src/install/serial_comm:/home/future/Documents/pengyh/RobotAD_ws/src/install/robot_hardware:/home/future/Documents/pengyh/RobotAD_ws/src/install/keyboard_control:/home/future/Documents/pengyh/RobotAD_ws/install/usb_camera:/home/future/Documents/pengyh/RobotAD_ws/install/serial_comm:/home/future/Documents/pengyh/RobotAD_ws/install/keyboard_control:/home/future/Documents/Robot/nav_ws/install/rslidar_sdk:/home/future/Documents/Robot/nav_ws/install/rslidar_msg:/home/future/Documents/Robot/nav_ws/install/robot_locate:/home/future/Documents/Robot/nav_ws/install/pointcloud_to_laserscan:/home/future/Documents/Robot/nav_ws/install/nav2_social_costmap_plugin:/home/future/Documents/Robot/nav_ws/install/miiboo_imu:/home/future/Documents/Robot/nav_ws/install/diff_control:/home/future/Documents/VIW-FUSION/install/vins:/home/future/Documents/VIW-FUSION/install/loop_fusion:/home/future/Documents/VIW-FUSION/install/global_fusion:/home/future/Documents/VIW-FUSION/install/camera_models:/home/future/Documents/people_tracker/install/people_msgs:/home/future/Documents/people_tracker/install/leg_tracker_ros2:/home/future/Documents/Navigation/interface_ws/install/nav_interfaces:/home/future/Documents/Robot/nav_ws/install/show_urdf:/home/future/Documents/Robot/nav_ws/install/serial_bridge:/home/future/Documents/Robot/nav_ws/install/ros_tcp_endpoint:/home/future/Documents/Robot/nav_ws/install/remove_obstacle:/home/future/Documents/Robot/nav_ws/install/keyboard_control:/opt/ros/humble LD_LIBRARY_PATH=/home/future/Documents/pengyh/RobotAD_ws/install/robot_hardware/lib:/home/future/Documents/pengyh/RobotAD_ws/src/install/robot_hardware/lib:/home/future/Documents/Robot/nav_ws/install/rslidar_msg/lib:/home/future/Documents/Robot/nav_ws/install/pointcloud_to_laserscan/lib:/home/future/Documents/Robot/nav_ws/install/nav2_social_costmap_plugin/lib:/home/future/Documents/Robot/nav_ws/install/diff_control/lib:/home/future/Documents/VIW-FUSION/install/camera_models/lib:/home/future/Documents/people_tracker/install/people_msgs/lib:/home/future/Documents/people_tracker/install/leg_tracker_ros2/lib:/home/future/Documents/Navigation/interface_ws/install/nav_interfaces/lib:/usr/lib/x86_64-linux-gnu/gazebo-11/plugins:/opt/ros/humble/opt/rviz_ogre_vendor/lib:/opt/ros/humble/lib/x86_64-linux-gnu:/opt/ros/humble/lib:/usr/local/lib:/usr/local/lib /usr/bin/cmake --build /home/future/Documents/pengyh/RobotAD_ws/build/serial_comm -- -j24 -l24
[0.917s] DEBUG:colcon.colcon_core.event_handler.log_command:Invoked command in '/home/future/Documents/pengyh/RobotAD_ws/build/keyboard_control' returned '0': CMAKE_PREFIX_PATH=/home/future/Documents/pengyh/RobotAD_ws/install/robot_hardware:/home/future/Documents/pengyh/RobotAD_ws/src/install/usb_camera:/home/future/Documents/pengyh/RobotAD_ws/src/install/serial_comm:/home/future/Documents/pengyh/RobotAD_ws/src/install/robot_hardware:/home/future/Documents/pengyh/RobotAD_ws/src/install/keyboard_control:/home/future/Documents/pengyh/RobotAD_ws/install/usb_camera:/home/future/Documents/pengyh/RobotAD_ws/install/serial_comm:/home/future/Documents/pengyh/RobotAD_ws/install/keyboard_control:/home/future/Documents/Robot/nav_ws/install/rslidar_sdk:/home/future/Documents/Robot/nav_ws/install/rslidar_msg:/home/future/Documents/Robot/nav_ws/install/robot_locate:/home/future/Documents/Robot/nav_ws/install/pointcloud_to_laserscan:/home/future/Documents/Robot/nav_ws/install/nav2_social_costmap_plugin:/home/future/Documents/Robot/nav_ws/install/miiboo_imu:/home/future/Documents/Robot/nav_ws/install/diff_control:/home/future/Documents/VIW-FUSION/install/vins:/home/future/Documents/VIW-FUSION/install/loop_fusion:/home/future/Documents/VIW-FUSION/install/global_fusion:/home/future/Documents/VIW-FUSION/install/camera_models:/home/future/Documents/people_tracker/install/people_msgs:/home/future/Documents/people_tracker/install/leg_tracker_ros2:/home/future/Documents/Navigation/interface_ws/install/nav_interfaces:/home/future/Documents/Robot/nav_ws/install/show_urdf:/home/future/Documents/Robot/nav_ws/install/serial_bridge:/home/future/Documents/Robot/nav_ws/install/ros_tcp_endpoint:/home/future/Documents/Robot/nav_ws/install/remove_obstacle:/home/future/Documents/Robot/nav_ws/install/keyboard_control:/opt/ros/humble LD_LIBRARY_PATH=/home/future/Documents/pengyh/RobotAD_ws/install/robot_hardware/lib:/home/future/Documents/pengyh/RobotAD_ws/src/install/robot_hardware/lib:/home/future/Documents/Robot/nav_ws/install/rslidar_msg/lib:/home/future/Documents/Robot/nav_ws/install/pointcloud_to_laserscan/lib:/home/future/Documents/Robot/nav_ws/install/nav2_social_costmap_plugin/lib:/home/future/Documents/Robot/nav_ws/install/diff_control/lib:/home/future/Documents/VIW-FUSION/install/camera_models/lib:/home/future/Documents/people_tracker/install/people_msgs/lib:/home/future/Documents/people_tracker/install/leg_tracker_ros2/lib:/home/future/Documents/Navigation/interface_ws/install/nav_interfaces/lib:/usr/lib/x86_64-linux-gnu/gazebo-11/plugins:/opt/ros/humble/opt/rviz_ogre_vendor/lib:/opt/ros/humble/lib/x86_64-linux-gnu:/opt/ros/humble/lib:/usr/local/lib:/usr/local/lib /usr/bin/cmake --build /home/future/Documents/pengyh/RobotAD_ws/build/keyboard_control -- -j24 -l24
[0.918s] DEBUG:colcon.colcon_core.event_handler.log_command:Invoked command in '/home/future/Documents/pengyh/RobotAD_ws/build/serial_comm' returned '0': CMAKE_PREFIX_PATH=/home/future/Documents/pengyh/RobotAD_ws/install/robot_hardware:/home/future/Documents/pengyh/RobotAD_ws/src/install/usb_camera:/home/future/Documents/pengyh/RobotAD_ws/src/install/serial_comm:/home/future/Documents/pengyh/RobotAD_ws/src/install/robot_hardware:/home/future/Documents/pengyh/RobotAD_ws/src/install/keyboard_control:/home/future/Documents/pengyh/RobotAD_ws/install/usb_camera:/home/future/Documents/pengyh/RobotAD_ws/install/serial_comm:/home/future/Documents/pengyh/RobotAD_ws/install/keyboard_control:/home/future/Documents/Robot/nav_ws/install/rslidar_sdk:/home/future/Documents/Robot/nav_ws/install/rslidar_msg:/home/future/Documents/Robot/nav_ws/install/robot_locate:/home/future/Documents/Robot/nav_ws/install/pointcloud_to_laserscan:/home/future/Documents/Robot/nav_ws/install/nav2_social_costmap_plugin:/home/future/Documents/Robot/nav_ws/install/miiboo_imu:/home/future/Documents/Robot/nav_ws/install/diff_control:/home/future/Documents/VIW-FUSION/install/vins:/home/future/Documents/VIW-FUSION/install/loop_fusion:/home/future/Documents/VIW-FUSION/install/global_fusion:/home/future/Documents/VIW-FUSION/install/camera_models:/home/future/Documents/people_tracker/install/people_msgs:/home/future/Documents/people_tracker/install/leg_tracker_ros2:/home/future/Documents/Navigation/interface_ws/install/nav_interfaces:/home/future/Documents/Robot/nav_ws/install/show_urdf:/home/future/Documents/Robot/nav_ws/install/serial_bridge:/home/future/Documents/Robot/nav_ws/install/ros_tcp_endpoint:/home/future/Documents/Robot/nav_ws/install/remove_obstacle:/home/future/Documents/Robot/nav_ws/install/keyboard_control:/opt/ros/humble LD_LIBRARY_PATH=/home/future/Documents/pengyh/RobotAD_ws/install/robot_hardware/lib:/home/future/Documents/pengyh/RobotAD_ws/src/install/robot_hardware/lib:/home/future/Documents/Robot/nav_ws/install/rslidar_msg/lib:/home/future/Documents/Robot/nav_ws/install/pointcloud_to_laserscan/lib:/home/future/Documents/Robot/nav_ws/install/nav2_social_costmap_plugin/lib:/home/future/Documents/Robot/nav_ws/install/diff_control/lib:/home/future/Documents/VIW-FUSION/install/camera_models/lib:/home/future/Documents/people_tracker/install/people_msgs/lib:/home/future/Documents/people_tracker/install/leg_tracker_ros2/lib:/home/future/Documents/Navigation/interface_ws/install/nav_interfaces/lib:/usr/lib/x86_64-linux-gnu/gazebo-11/plugins:/opt/ros/humble/opt/rviz_ogre_vendor/lib:/opt/ros/humble/lib/x86_64-linux-gnu:/opt/ros/humble/lib:/usr/local/lib:/usr/local/lib /usr/bin/cmake --build /home/future/Documents/pengyh/RobotAD_ws/build/serial_comm -- -j24 -l24
[0.943s] DEBUG:colcon.colcon_core.event_handler.log_command:Invoking command in '/home/future/Documents/pengyh/RobotAD_ws/build/serial_comm': CMAKE_PREFIX_PATH=/home/future/Documents/pengyh/RobotAD_ws/install/robot_hardware:/home/future/Documents/pengyh/RobotAD_ws/src/install/usb_camera:/home/future/Documents/pengyh/RobotAD_ws/src/install/serial_comm:/home/future/Documents/pengyh/RobotAD_ws/src/install/robot_hardware:/home/future/Documents/pengyh/RobotAD_ws/src/install/keyboard_control:/home/future/Documents/pengyh/RobotAD_ws/install/usb_camera:/home/future/Documents/pengyh/RobotAD_ws/install/serial_comm:/home/future/Documents/pengyh/RobotAD_ws/install/keyboard_control:/home/future/Documents/Robot/nav_ws/install/rslidar_sdk:/home/future/Documents/Robot/nav_ws/install/rslidar_msg:/home/future/Documents/Robot/nav_ws/install/robot_locate:/home/future/Documents/Robot/nav_ws/install/pointcloud_to_laserscan:/home/future/Documents/Robot/nav_ws/install/nav2_social_costmap_plugin:/home/future/Documents/Robot/nav_ws/install/miiboo_imu:/home/future/Documents/Robot/nav_ws/install/diff_control:/home/future/Documents/VIW-FUSION/install/vins:/home/future/Documents/VIW-FUSION/install/loop_fusion:/home/future/Documents/VIW-FUSION/install/global_fusion:/home/future/Documents/VIW-FUSION/install/camera_models:/home/future/Documents/people_tracker/install/people_msgs:/home/future/Documents/people_tracker/install/leg_tracker_ros2:/home/future/Documents/Navigation/interface_ws/install/nav_interfaces:/home/future/Documents/Robot/nav_ws/install/show_urdf:/home/future/Documents/Robot/nav_ws/install/serial_bridge:/home/future/Documents/Robot/nav_ws/install/ros_tcp_endpoint:/home/future/Documents/Robot/nav_ws/install/remove_obstacle:/home/future/Documents/Robot/nav_ws/install/keyboard_control:/opt/ros/humble LD_LIBRARY_PATH=/home/future/Documents/pengyh/RobotAD_ws/install/robot_hardware/lib:/home/future/Documents/pengyh/RobotAD_ws/src/install/robot_hardware/lib:/home/future/Documents/Robot/nav_ws/install/rslidar_msg/lib:/home/future/Documents/Robot/nav_ws/install/pointcloud_to_laserscan/lib:/home/future/Documents/Robot/nav_ws/install/nav2_social_costmap_plugin/lib:/home/future/Documents/Robot/nav_ws/install/diff_control/lib:/home/future/Documents/VIW-FUSION/install/camera_models/lib:/home/future/Documents/people_tracker/install/people_msgs/lib:/home/future/Documents/people_tracker/install/leg_tracker_ros2/lib:/home/future/Documents/Navigation/interface_ws/install/nav_interfaces/lib:/usr/lib/x86_64-linux-gnu/gazebo-11/plugins:/opt/ros/humble/opt/rviz_ogre_vendor/lib:/opt/ros/humble/lib/x86_64-linux-gnu:/opt/ros/humble/lib:/usr/local/lib:/usr/local/lib /usr/bin/cmake --install /home/future/Documents/pengyh/RobotAD_ws/build/serial_comm
[0.945s] DEBUG:colcon.colcon_core.event_handler.log_command:Invoking command in '/home/future/Documents/pengyh/RobotAD_ws/build/keyboard_control': CMAKE_PREFIX_PATH=/home/future/Documents/pengyh/RobotAD_ws/install/robot_hardware:/home/future/Documents/pengyh/RobotAD_ws/src/install/usb_camera:/home/future/Documents/pengyh/RobotAD_ws/src/install/serial_comm:/home/future/Documents/pengyh/RobotAD_ws/src/install/robot_hardware:/home/future/Documents/pengyh/RobotAD_ws/src/install/keyboard_control:/home/future/Documents/pengyh/RobotAD_ws/install/usb_camera:/home/future/Documents/pengyh/RobotAD_ws/install/serial_comm:/home/future/Documents/pengyh/RobotAD_ws/install/keyboard_control:/home/future/Documents/Robot/nav_ws/install/rslidar_sdk:/home/future/Documents/Robot/nav_ws/install/rslidar_msg:/home/future/Documents/Robot/nav_ws/install/robot_locate:/home/future/Documents/Robot/nav_ws/install/pointcloud_to_laserscan:/home/future/Documents/Robot/nav_ws/install/nav2_social_costmap_plugin:/home/future/Documents/Robot/nav_ws/install/miiboo_imu:/home/future/Documents/Robot/nav_ws/install/diff_control:/home/future/Documents/VIW-FUSION/install/vins:/home/future/Documents/VIW-FUSION/install/loop_fusion:/home/future/Documents/VIW-FUSION/install/global_fusion:/home/future/Documents/VIW-FUSION/install/camera_models:/home/future/Documents/people_tracker/install/people_msgs:/home/future/Documents/people_tracker/install/leg_tracker_ros2:/home/future/Documents/Navigation/interface_ws/install/nav_interfaces:/home/future/Documents/Robot/nav_ws/install/show_urdf:/home/future/Documents/Robot/nav_ws/install/serial_bridge:/home/future/Documents/Robot/nav_ws/install/ros_tcp_endpoint:/home/future/Documents/Robot/nav_ws/install/remove_obstacle:/home/future/Documents/Robot/nav_ws/install/keyboard_control:/opt/ros/humble LD_LIBRARY_PATH=/home/future/Documents/pengyh/RobotAD_ws/install/robot_hardware/lib:/home/future/Documents/pengyh/RobotAD_ws/src/install/robot_hardware/lib:/home/future/Documents/Robot/nav_ws/install/rslidar_msg/lib:/home/future/Documents/Robot/nav_ws/install/pointcloud_to_laserscan/lib:/home/future/Documents/Robot/nav_ws/install/nav2_social_costmap_plugin/lib:/home/future/Documents/Robot/nav_ws/install/diff_control/lib:/home/future/Documents/VIW-FUSION/install/camera_models/lib:/home/future/Documents/people_tracker/install/people_msgs/lib:/home/future/Documents/people_tracker/install/leg_tracker_ros2/lib:/home/future/Documents/Navigation/interface_ws/install/nav_interfaces/lib:/usr/lib/x86_64-linux-gnu/gazebo-11/plugins:/opt/ros/humble/opt/rviz_ogre_vendor/lib:/opt/ros/humble/lib/x86_64-linux-gnu:/opt/ros/humble/lib:/usr/local/lib:/usr/local/lib /usr/bin/cmake --install /home/future/Documents/pengyh/RobotAD_ws/build/keyboard_control
[0.950s] Level 1:colcon.colcon_core.environment:create_environment_scripts_only(serial_comm)
[0.951s] Level 1:colcon.colcon_core.environment:checking '/home/future/Documents/pengyh/RobotAD_ws/install/serial_comm' for CMake module files
[0.951s] DEBUG:colcon.colcon_core.event_handler.log_command:Invoked command in '/home/future/Documents/pengyh/RobotAD_ws/build/serial_comm' returned '0': CMAKE_PREFIX_PATH=/home/future/Documents/pengyh/RobotAD_ws/install/robot_hardware:/home/future/Documents/pengyh/RobotAD_ws/src/install/usb_camera:/home/future/Documents/pengyh/RobotAD_ws/src/install/serial_comm:/home/future/Documents/pengyh/RobotAD_ws/src/install/robot_hardware:/home/future/Documents/pengyh/RobotAD_ws/src/install/keyboard_control:/home/future/Documents/pengyh/RobotAD_ws/install/usb_camera:/home/future/Documents/pengyh/RobotAD_ws/install/serial_comm:/home/future/Documents/pengyh/RobotAD_ws/install/keyboard_control:/home/future/Documents/Robot/nav_ws/install/rslidar_sdk:/home/future/Documents/Robot/nav_ws/install/rslidar_msg:/home/future/Documents/Robot/nav_ws/install/robot_locate:/home/future/Documents/Robot/nav_ws/install/pointcloud_to_laserscan:/home/future/Documents/Robot/nav_ws/install/nav2_social_costmap_plugin:/home/future/Documents/Robot/nav_ws/install/miiboo_imu:/home/future/Documents/Robot/nav_ws/install/diff_control:/home/future/Documents/VIW-FUSION/install/vins:/home/future/Documents/VIW-FUSION/install/loop_fusion:/home/future/Documents/VIW-FUSION/install/global_fusion:/home/future/Documents/VIW-FUSION/install/camera_models:/home/future/Documents/people_tracker/install/people_msgs:/home/future/Documents/people_tracker/install/leg_tracker_ros2:/home/future/Documents/Navigation/interface_ws/install/nav_interfaces:/home/future/Documents/Robot/nav_ws/install/show_urdf:/home/future/Documents/Robot/nav_ws/install/serial_bridge:/home/future/Documents/Robot/nav_ws/install/ros_tcp_endpoint:/home/future/Documents/Robot/nav_ws/install/remove_obstacle:/home/future/Documents/Robot/nav_ws/install/keyboard_control:/opt/ros/humble LD_LIBRARY_PATH=/home/future/Documents/pengyh/RobotAD_ws/install/robot_hardware/lib:/home/future/Documents/pengyh/RobotAD_ws/src/install/robot_hardware/lib:/home/future/Documents/Robot/nav_ws/install/rslidar_msg/lib:/home/future/Documents/Robot/nav_ws/install/pointcloud_to_laserscan/lib:/home/future/Documents/Robot/nav_ws/install/nav2_social_costmap_plugin/lib:/home/future/Documents/Robot/nav_ws/install/diff_control/lib:/home/future/Documents/VIW-FUSION/install/camera_models/lib:/home/future/Documents/people_tracker/install/people_msgs/lib:/home/future/Documents/people_tracker/install/leg_tracker_ros2/lib:/home/future/Documents/Navigation/interface_ws/install/nav_interfaces/lib:/usr/lib/x86_64-linux-gnu/gazebo-11/plugins:/opt/ros/humble/opt/rviz_ogre_vendor/lib:/opt/ros/humble/lib/x86_64-linux-gnu:/opt/ros/humble/lib:/usr/local/lib:/usr/local/lib /usr/bin/cmake --install /home/future/Documents/pengyh/RobotAD_ws/build/serial_comm
[0.953s] Level 1:colcon.colcon_core.environment:checking '/home/future/Documents/pengyh/RobotAD_ws/install/serial_comm' for CMake config files
[0.954s] Level 1:colcon.colcon_core.shell:create_environment_hook('serial_comm', 'cmake_prefix_path')
[0.954s] INFO:colcon.colcon_core.shell:Creating environment hook '/home/future/Documents/pengyh/RobotAD_ws/install/serial_comm/share/serial_comm/hook/cmake_prefix_path.ps1'
[0.955s] INFO:colcon.colcon_core.shell:Creating environment descriptor '/home/future/Documents/pengyh/RobotAD_ws/install/serial_comm/share/serial_comm/hook/cmake_prefix_path.dsv'
[0.955s] INFO:colcon.colcon_core.shell:Creating environment hook '/home/future/Documents/pengyh/RobotAD_ws/install/serial_comm/share/serial_comm/hook/cmake_prefix_path.sh'
[0.956s] Level 1:colcon.colcon_core.environment:checking '/home/future/Documents/pengyh/RobotAD_ws/install/serial_comm/lib'
[0.956s] Level 1:colcon.colcon_core.environment:checking '/home/future/Documents/pengyh/RobotAD_ws/install/serial_comm/bin'
[0.956s] Level 1:colcon.colcon_core.environment:checking '/home/future/Documents/pengyh/RobotAD_ws/install/serial_comm/lib/pkgconfig/serial_comm.pc'
[0.956s] Level 1:colcon.colcon_core.environment:checking '/home/future/Documents/pengyh/RobotAD_ws/install/serial_comm/lib/python3.10/site-packages'
[0.956s] Level 1:colcon.colcon_core.environment:checking '/home/future/Documents/pengyh/RobotAD_ws/install/serial_comm/bin'
[0.957s] INFO:colcon.colcon_core.shell:Creating package script '/home/future/Documents/pengyh/RobotAD_ws/install/serial_comm/share/serial_comm/package.ps1'
[0.957s] INFO:colcon.colcon_core.shell:Creating package descriptor '/home/future/Documents/pengyh/RobotAD_ws/install/serial_comm/share/serial_comm/package.dsv'
[0.958s] INFO:colcon.colcon_core.shell:Creating package script '/home/future/Documents/pengyh/RobotAD_ws/install/serial_comm/share/serial_comm/package.sh'
[0.958s] INFO:colcon.colcon_core.shell:Creating package script '/home/future/Documents/pengyh/RobotAD_ws/install/serial_comm/share/serial_comm/package.bash'
[0.958s] INFO:colcon.colcon_core.shell:Creating package script '/home/future/Documents/pengyh/RobotAD_ws/install/serial_comm/share/serial_comm/package.zsh'
[0.959s] Level 1:colcon.colcon_core.environment:create_file_with_runtime_dependencies(/home/future/Documents/pengyh/RobotAD_ws/install/serial_comm/share/colcon-core/packages/serial_comm)
[0.961s] Level 1:colcon.colcon_core.environment:create_environment_scripts_only(keyboard_control)
[0.961s] Level 1:colcon.colcon_core.environment:checking '/home/future/Documents/pengyh/RobotAD_ws/install/keyboard_control' for CMake module files
[0.961s] DEBUG:colcon.colcon_core.event_handler.log_command:Invoked command in '/home/future/Documents/pengyh/RobotAD_ws/build/keyboard_control' returned '0': CMAKE_PREFIX_PATH=/home/future/Documents/pengyh/RobotAD_ws/install/robot_hardware:/home/future/Documents/pengyh/RobotAD_ws/src/install/usb_camera:/home/future/Documents/pengyh/RobotAD_ws/src/install/serial_comm:/home/future/Documents/pengyh/RobotAD_ws/src/install/robot_hardware:/home/future/Documents/pengyh/RobotAD_ws/src/install/keyboard_control:/home/future/Documents/pengyh/RobotAD_ws/install/usb_camera:/home/future/Documents/pengyh/RobotAD_ws/install/serial_comm:/home/future/Documents/pengyh/RobotAD_ws/install/keyboard_control:/home/future/Documents/Robot/nav_ws/install/rslidar_sdk:/home/future/Documents/Robot/nav_ws/install/rslidar_msg:/home/future/Documents/Robot/nav_ws/install/robot_locate:/home/future/Documents/Robot/nav_ws/install/pointcloud_to_laserscan:/home/future/Documents/Robot/nav_ws/install/nav2_social_costmap_plugin:/home/future/Documents/Robot/nav_ws/install/miiboo_imu:/home/future/Documents/Robot/nav_ws/install/diff_control:/home/future/Documents/VIW-FUSION/install/vins:/home/future/Documents/VIW-FUSION/install/loop_fusion:/home/future/Documents/VIW-FUSION/install/global_fusion:/home/future/Documents/VIW-FUSION/install/camera_models:/home/future/Documents/people_tracker/install/people_msgs:/home/future/Documents/people_tracker/install/leg_tracker_ros2:/home/future/Documents/Navigation/interface_ws/install/nav_interfaces:/home/future/Documents/Robot/nav_ws/install/show_urdf:/home/future/Documents/Robot/nav_ws/install/serial_bridge:/home/future/Documents/Robot/nav_ws/install/ros_tcp_endpoint:/home/future/Documents/Robot/nav_ws/install/remove_obstacle:/home/future/Documents/Robot/nav_ws/install/keyboard_control:/opt/ros/humble LD_LIBRARY_PATH=/home/future/Documents/pengyh/RobotAD_ws/install/robot_hardware/lib:/home/future/Documents/pengyh/RobotAD_ws/src/install/robot_hardware/lib:/home/future/Documents/Robot/nav_ws/install/rslidar_msg/lib:/home/future/Documents/Robot/nav_ws/install/pointcloud_to_laserscan/lib:/home/future/Documents/Robot/nav_ws/install/nav2_social_costmap_plugin/lib:/home/future/Documents/Robot/nav_ws/install/diff_control/lib:/home/future/Documents/VIW-FUSION/install/camera_models/lib:/home/future/Documents/people_tracker/install/people_msgs/lib:/home/future/Documents/people_tracker/install/leg_tracker_ros2/lib:/home/future/Documents/Navigation/interface_ws/install/nav_interfaces/lib:/usr/lib/x86_64-linux-gnu/gazebo-11/plugins:/opt/ros/humble/opt/rviz_ogre_vendor/lib:/opt/ros/humble/lib/x86_64-linux-gnu:/opt/ros/humble/lib:/usr/local/lib:/usr/local/lib /usr/bin/cmake --install /home/future/Documents/pengyh/RobotAD_ws/build/keyboard_control
[0.962s] Level 1:colcon.colcon_core.environment:checking '/home/future/Documents/pengyh/RobotAD_ws/install/keyboard_control' for CMake config files
[0.962s] Level 1:colcon.colcon_core.shell:create_environment_hook('keyboard_control', 'cmake_prefix_path')
[0.962s] INFO:colcon.colcon_core.shell:Creating environment hook '/home/future/Documents/pengyh/RobotAD_ws/install/keyboard_control/share/keyboard_control/hook/cmake_prefix_path.ps1'
[0.963s] INFO:colcon.colcon_core.shell:Creating environment descriptor '/home/future/Documents/pengyh/RobotAD_ws/install/keyboard_control/share/keyboard_control/hook/cmake_prefix_path.dsv'
[0.963s] INFO:colcon.colcon_core.shell:Creating environment hook '/home/future/Documents/pengyh/RobotAD_ws/install/keyboard_control/share/keyboard_control/hook/cmake_prefix_path.sh'
[0.963s] Level 1:colcon.colcon_core.environment:checking '/home/future/Documents/pengyh/RobotAD_ws/install/keyboard_control/lib'
[0.963s] Level 1:colcon.colcon_core.environment:checking '/home/future/Documents/pengyh/RobotAD_ws/install/keyboard_control/bin'
[0.963s] Level 1:colcon.colcon_core.environment:checking '/home/future/Documents/pengyh/RobotAD_ws/install/keyboard_control/lib/pkgconfig/keyboard_control.pc'
[0.964s] Level 1:colcon.colcon_core.environment:checking '/home/future/Documents/pengyh/RobotAD_ws/install/keyboard_control/lib/python3.10/site-packages'
[0.964s] Level 1:colcon.colcon_core.environment:checking '/home/future/Documents/pengyh/RobotAD_ws/install/keyboard_control/bin'
[0.964s] INFO:colcon.colcon_core.shell:Creating package script '/home/future/Documents/pengyh/RobotAD_ws/install/keyboard_control/share/keyboard_control/package.ps1'
[0.964s] INFO:colcon.colcon_core.shell:Creating package descriptor '/home/future/Documents/pengyh/RobotAD_ws/install/keyboard_control/share/keyboard_control/package.dsv'
[0.965s] INFO:colcon.colcon_core.shell:Creating package script '/home/future/Documents/pengyh/RobotAD_ws/install/keyboard_control/share/keyboard_control/package.sh'
[0.965s] INFO:colcon.colcon_core.shell:Creating package script '/home/future/Documents/pengyh/RobotAD_ws/install/keyboard_control/share/keyboard_control/package.bash'
[0.965s] INFO:colcon.colcon_core.shell:Creating package script '/home/future/Documents/pengyh/RobotAD_ws/install/keyboard_control/share/keyboard_control/package.zsh'
[0.965s] Level 1:colcon.colcon_core.environment:create_file_with_runtime_dependencies(/home/future/Documents/pengyh/RobotAD_ws/install/keyboard_control/share/colcon-core/packages/keyboard_control)
[1.008s] Level 1:colcon.colcon_core.environment:create_environment_scripts_only(serial_comm)
[1.009s] Level 1:colcon.colcon_core.environment:checking '/home/future/Documents/pengyh/RobotAD_ws/install/serial_comm' for CMake module files
[1.010s] Level 1:colcon.colcon_core.environment:checking '/home/future/Documents/pengyh/RobotAD_ws/install/serial_comm' for CMake config files
[1.010s] Level 1:colcon.colcon_core.shell:create_environment_hook('serial_comm', 'cmake_prefix_path')
[1.011s] INFO:colcon.colcon_core.shell:Creating environment hook '/home/future/Documents/pengyh/RobotAD_ws/install/serial_comm/share/serial_comm/hook/cmake_prefix_path.ps1'
[1.012s] INFO:colcon.colcon_core.shell:Creating environment descriptor '/home/future/Documents/pengyh/RobotAD_ws/install/serial_comm/share/serial_comm/hook/cmake_prefix_path.dsv'
[1.012s] INFO:colcon.colcon_core.shell:Creating environment hook '/home/future/Documents/pengyh/RobotAD_ws/install/serial_comm/share/serial_comm/hook/cmake_prefix_path.sh'
[1.013s] Level 1:colcon.colcon_core.environment:checking '/home/future/Documents/pengyh/RobotAD_ws/install/serial_comm/lib'
[1.014s] Level 1:colcon.colcon_core.environment:checking '/home/future/Documents/pengyh/RobotAD_ws/install/serial_comm/bin'
[1.014s] Level 1:colcon.colcon_core.environment:checking '/home/future/Documents/pengyh/RobotAD_ws/install/serial_comm/lib/pkgconfig/serial_comm.pc'
[1.014s] Level 1:colcon.colcon_core.environment:checking '/home/future/Documents/pengyh/RobotAD_ws/install/serial_comm/lib/python3.10/site-packages'
[1.015s] Level 1:colcon.colcon_core.environment:checking '/home/future/Documents/pengyh/RobotAD_ws/install/serial_comm/bin'
[1.015s] INFO:colcon.colcon_core.shell:Creating package script '/home/future/Documents/pengyh/RobotAD_ws/install/serial_comm/share/serial_comm/package.ps1'
[1.016s] INFO:colcon.colcon_core.shell:Creating package descriptor '/home/future/Documents/pengyh/RobotAD_ws/install/serial_comm/share/serial_comm/package.dsv'
[1.017s] INFO:colcon.colcon_core.shell:Creating package script '/home/future/Documents/pengyh/RobotAD_ws/install/serial_comm/share/serial_comm/package.sh'
[1.018s] INFO:colcon.colcon_core.shell:Creating package script '/home/future/Documents/pengyh/RobotAD_ws/install/serial_comm/share/serial_comm/package.bash'
[1.019s] INFO:colcon.colcon_core.shell:Creating package script '/home/future/Documents/pengyh/RobotAD_ws/install/serial_comm/share/serial_comm/package.zsh'
[1.019s] Level 1:colcon.colcon_core.environment:create_file_with_runtime_dependencies(/home/future/Documents/pengyh/RobotAD_ws/install/serial_comm/share/colcon-core/packages/serial_comm)
[1.022s] Level 1:colcon.colcon_core.environment:create_environment_scripts_only(keyboard_control)
[1.023s] Level 1:colcon.colcon_core.environment:checking '/home/future/Documents/pengyh/RobotAD_ws/install/keyboard_control' for CMake module files
[1.023s] Level 1:colcon.colcon_core.environment:checking '/home/future/Documents/pengyh/RobotAD_ws/install/keyboard_control' for CMake config files
[1.024s] Level 1:colcon.colcon_core.shell:create_environment_hook('keyboard_control', 'cmake_prefix_path')
[1.024s] INFO:colcon.colcon_core.shell:Creating environment hook '/home/future/Documents/pengyh/RobotAD_ws/install/keyboard_control/share/keyboard_control/hook/cmake_prefix_path.ps1'
[1.025s] INFO:colcon.colcon_core.shell:Creating environment descriptor '/home/future/Documents/pengyh/RobotAD_ws/install/keyboard_control/share/keyboard_control/hook/cmake_prefix_path.dsv'
[1.025s] INFO:colcon.colcon_core.shell:Creating environment hook '/home/future/Documents/pengyh/RobotAD_ws/install/keyboard_control/share/keyboard_control/hook/cmake_prefix_path.sh'
[1.026s] Level 1:colcon.colcon_core.environment:checking '/home/future/Documents/pengyh/RobotAD_ws/install/keyboard_control/lib'
[1.027s] Level 1:colcon.colcon_core.environment:checking '/home/future/Documents/pengyh/RobotAD_ws/install/keyboard_control/bin'
[1.027s] Level 1:colcon.colcon_core.environment:checking '/home/future/Documents/pengyh/RobotAD_ws/install/keyboard_control/lib/pkgconfig/keyboard_control.pc'
[1.027s] Level 1:colcon.colcon_core.environment:checking '/home/future/Documents/pengyh/RobotAD_ws/install/keyboard_control/lib/python3.10/site-packages'
[1.027s] Level 1:colcon.colcon_core.environment:checking '/home/future/Documents/pengyh/RobotAD_ws/install/keyboard_control/bin'
[1.028s] INFO:colcon.colcon_core.shell:Creating package script '/home/future/Documents/pengyh/RobotAD_ws/install/keyboard_control/share/keyboard_control/package.ps1'
[1.029s] INFO:colcon.colcon_core.shell:Creating package descriptor '/home/future/Documents/pengyh/RobotAD_ws/install/keyboard_control/share/keyboard_control/package.dsv'
[1.030s] INFO:colcon.colcon_core.shell:Creating package script '/home/future/Documents/pengyh/RobotAD_ws/install/keyboard_control/share/keyboard_control/package.sh'
[1.030s] INFO:colcon.colcon_core.shell:Creating package script '/home/future/Documents/pengyh/RobotAD_ws/install/keyboard_control/share/keyboard_control/package.bash'
[1.031s] INFO:colcon.colcon_core.shell:Creating package script '/home/future/Documents/pengyh/RobotAD_ws/install/keyboard_control/share/keyboard_control/package.zsh'
[1.032s] Level 1:colcon.colcon_core.environment:create_file_with_runtime_dependencies(/home/future/Documents/pengyh/RobotAD_ws/install/keyboard_control/share/colcon-core/packages/keyboard_control)
[2.755s] DEBUG:colcon.colcon_core.event_handler.log_command:Invoked command in '/home/future/Documents/pengyh/RobotAD_ws/build/usb_camera' returned '2': CMAKE_PREFIX_PATH=${CMAKE_PREFIX_PATH}:/home/future/Documents/Robot/nav_ws/install/show_urdf:/home/future/Documents/Robot/nav_ws/install/serial_bridge:/home/future/Documents/Robot/nav_ws/install/ros_tcp_endpoint:/home/future/Documents/Robot/nav_ws/install/remove_obstacle:/home/future/Documents/Robot/nav_ws/install/keyboard_control:/opt/ros/humble /usr/bin/cmake --build /home/future/Documents/pengyh/RobotAD_ws/build/usb_camera -- -j24 -l24
[2.786s] Level 1:colcon.colcon_core.environment:create_environment_scripts_only(usb_camera)
[2.786s] Level 1:colcon.colcon_core.environment:checking '/home/future/Documents/pengyh/RobotAD_ws/install/usb_camera' for CMake module files
[2.787s] Level 1:colcon.colcon_core.environment:checking '/home/future/Documents/pengyh/RobotAD_ws/install/usb_camera' for CMake config files
[2.787s] Level 1:colcon.colcon_core.environment:checking '/home/future/Documents/pengyh/RobotAD_ws/install/usb_camera/bin'
[2.787s] Level 1:colcon.colcon_core.environment:checking '/home/future/Documents/pengyh/RobotAD_ws/install/usb_camera/lib/pkgconfig/usb_camera.pc'
[2.788s] Level 1:colcon.colcon_core.environment:checking '/home/future/Documents/pengyh/RobotAD_ws/install/usb_camera/lib/python3.10/site-packages'
[2.788s] Level 1:colcon.colcon_core.environment:checking '/home/future/Documents/pengyh/RobotAD_ws/install/usb_camera/bin'
[2.788s] INFO:colcon.colcon_core.shell:Creating package script '/home/future/Documents/pengyh/RobotAD_ws/install/usb_camera/share/usb_camera/package.ps1'
[2.789s] INFO:colcon.colcon_core.shell:Creating package descriptor '/home/future/Documents/pengyh/RobotAD_ws/install/usb_camera/share/usb_camera/package.dsv'
[2.790s] INFO:colcon.colcon_core.shell:Creating package script '/home/future/Documents/pengyh/RobotAD_ws/install/usb_camera/share/usb_camera/package.sh'
[2.790s] INFO:colcon.colcon_core.shell:Creating package script '/home/future/Documents/pengyh/RobotAD_ws/install/usb_camera/share/usb_camera/package.bash'
[2.791s] INFO:colcon.colcon_core.shell:Creating package script '/home/future/Documents/pengyh/RobotAD_ws/install/usb_camera/share/usb_camera/package.zsh'
[2.792s] Level 1:colcon.colcon_core.environment:create_file_with_runtime_dependencies(/home/future/Documents/pengyh/RobotAD_ws/install/usb_camera/share/colcon-core/packages/usb_camera)
[2.802s] DEBUG:colcon.colcon_parallel_executor.executor.parallel:closing loop
[2.802s] DEBUG:colcon.colcon_parallel_executor.executor.parallel:loop closed
[2.802s] DEBUG:colcon.colcon_parallel_executor.executor.parallel:run_until_complete finished with '2'
[2.803s] DEBUG:colcon.colcon_core.event_reactor:joining thread
[2.809s] INFO:colcon.colcon_core.plugin_system:Skipping extension 'colcon_notification.desktop_notification.terminal_notifier': Not used on non-Darwin systems
[2.810s] INFO:colcon.colcon_core.plugin_system:Skipping extension 'colcon_notification.desktop_notification.win32': Not used on non-Windows systems
[2.810s] INFO:colcon.colcon_notification.desktop_notification:Sending desktop notification using 'notify2'
[2.827s] DEBUG:colcon.colcon_core.event_reactor:joined thread
[2.827s] INFO:colcon.colcon_core.shell:Creating prefix script '/home/future/Documents/pengyh/RobotAD_ws/install/local_setup.ps1'
[2.829s] INFO:colcon.colcon_core.shell:Creating prefix util module '/home/future/Documents/pengyh/RobotAD_ws/install/_local_setup_util_ps1.py'
[2.830s] INFO:colcon.colcon_core.shell:Creating prefix chain script '/home/future/Documents/pengyh/RobotAD_ws/install/setup.ps1'
[2.832s] INFO:colcon.colcon_core.shell:Creating prefix script '/home/future/Documents/pengyh/RobotAD_ws/install/local_setup.sh'
[2.833s] INFO:colcon.colcon_core.shell:Creating prefix util module '/home/future/Documents/pengyh/RobotAD_ws/install/_local_setup_util_sh.py'
[2.834s] INFO:colcon.colcon_core.shell:Creating prefix chain script '/home/future/Documents/pengyh/RobotAD_ws/install/setup.sh'
[2.836s] INFO:colcon.colcon_core.shell:Creating prefix script '/home/future/Documents/pengyh/RobotAD_ws/install/local_setup.bash'
[2.836s] INFO:colcon.colcon_core.shell:Creating prefix chain script '/home/future/Documents/pengyh/RobotAD_ws/install/setup.bash'
[2.838s] INFO:colcon.colcon_core.shell:Creating prefix script '/home/future/Documents/pengyh/RobotAD_ws/install/local_setup.zsh'
[2.839s] INFO:colcon.colcon_core.shell:Creating prefix chain script '/home/future/Documents/pengyh/RobotAD_ws/install/setup.zsh'
