[0.031s] Invoking command in '/home/future/Documents/pengyh/RobotAD_ws/build/usb_camera': CMAKE_PREFIX_PATH=${CMAKE_PREFIX_PATH}:/opt/ros/humble /usr/bin/cmake --build /home/future/Documents/pengyh/RobotAD_ws/build/usb_camera -- -j24 -l24
[0.101s] [100%] Built target usb_camera_node
[0.127s] Invoked command in '/home/future/Documents/pengyh/RobotAD_ws/build/usb_camera' returned '0': CMAKE_PREFIX_PATH=${CMAKE_PREFIX_PATH}:/opt/ros/humble /usr/bin/cmake --build /home/future/Documents/pengyh/RobotAD_ws/build/usb_camera -- -j24 -l24
[0.129s] Invoking command in '/home/future/Documents/pengyh/RobotAD_ws/build/usb_camera': CMAKE_PREFIX_PATH=${CMAKE_PREFIX_PATH}:/opt/ros/humble /usr/bin/cmake --install /home/future/Documents/pengyh/RobotAD_ws/build/usb_camera
[0.136s] -- Install configuration: ""
[0.137s] -- Up-to-date: /home/future/Documents/pengyh/RobotAD_ws/install/usb_camera/lib/usb_camera/usb_camera_node
[0.137s] -- Up-to-date: /home/future/Documents/pengyh/RobotAD_ws/install/usb_camera/share/ament_index/resource_index/package_run_dependencies/usb_camera
[0.138s] -- Up-to-date: /home/future/Documents/pengyh/RobotAD_ws/install/usb_camera/share/ament_index/resource_index/parent_prefix_path/usb_camera
[0.138s] -- Up-to-date: /home/future/Documents/pengyh/RobotAD_ws/install/usb_camera/share/usb_camera/environment/ament_prefix_path.sh
[0.138s] -- Up-to-date: /home/future/Documents/pengyh/RobotAD_ws/install/usb_camera/share/usb_camera/environment/ament_prefix_path.dsv
[0.139s] -- Up-to-date: /home/future/Documents/pengyh/RobotAD_ws/install/usb_camera/share/usb_camera/environment/path.sh
[0.140s] -- Up-to-date: /home/future/Documents/pengyh/RobotAD_ws/install/usb_camera/share/usb_camera/environment/path.dsv
[0.141s] -- Up-to-date: /home/future/Documents/pengyh/RobotAD_ws/install/usb_camera/share/usb_camera/local_setup.bash
[0.141s] -- Up-to-date: /home/future/Documents/pengyh/RobotAD_ws/install/usb_camera/share/usb_camera/local_setup.sh
[0.141s] -- Up-to-date: /home/future/Documents/pengyh/RobotAD_ws/install/usb_camera/share/usb_camera/local_setup.zsh
[0.141s] -- Up-to-date: /home/future/Documents/pengyh/RobotAD_ws/install/usb_camera/share/usb_camera/local_setup.dsv
[0.141s] -- Installing: /home/future/Documents/pengyh/RobotAD_ws/install/usb_camera/share/usb_camera/package.dsv
[0.141s] -- Up-to-date: /home/future/Documents/pengyh/RobotAD_ws/install/usb_camera/share/ament_index/resource_index/packages/usb_camera
[0.142s] -- Up-to-date: /home/future/Documents/pengyh/RobotAD_ws/install/usb_camera/share/usb_camera/cmake/usb_cameraConfig.cmake
[0.143s] -- Up-to-date: /home/future/Documents/pengyh/RobotAD_ws/install/usb_camera/share/usb_camera/cmake/usb_cameraConfig-version.cmake
[0.143s] -- Up-to-date: /home/future/Documents/pengyh/RobotAD_ws/install/usb_camera/share/usb_camera/package.xml
[0.147s] Invoked command in '/home/future/Documents/pengyh/RobotAD_ws/build/usb_camera' returned '0': CMAKE_PREFIX_PATH=${CMAKE_PREFIX_PATH}:/opt/ros/humble /usr/bin/cmake --install /home/future/Documents/pengyh/RobotAD_ws/build/usb_camera
