[0.029s] Invoking command in '/home/pengyh/documents/ros2_ws/RobotAD/build/pointcloud_to_laserscan': CMAKE_PREFIX_PATH=${CMAKE_PREFIX_PATH}:/opt/ros/humble /usr/bin/cmake /home/pengyh/documents/ros2_ws/RobotAD/src/pointcloud_to_laserscan -DCMAKE_INSTALL_PREFIX=/home/pengyh/documents/ros2_ws/RobotAD/install/pointcloud_to_laserscan
[0.041s] -- Found ament_cmake_auto: 1.3.11 (/opt/ros/humble/share/ament_cmake_auto/cmake)
[0.174s] -- Override CMake install command with custom implementation using symlinks instead of copying resources
[0.296s] -- Found rosidl_generator_c: 3.1.6 (/opt/ros/humble/share/rosidl_generator_c/cmake)
[0.299s] -- Found rosidl_adapter: 3.1.6 (/opt/ros/humble/share/rosidl_adapter/cmake)
[0.305s] -- Found rosidl_generator_cpp: 3.1.6 (/opt/ros/humble/share/rosidl_generator_cpp/cmake)
[0.316s] -- Using all available rosidl_typesupport_c: rosidl_typesupport_fastrtps_c;rosidl_typesupport_introspection_c
[0.330s] -- Using all available rosidl_typesupport_cpp: rosidl_typesupport_fastrtps_cpp;rosidl_typesupport_introspection_cpp
[0.368s] -- Found rmw_implementation_cmake: 6.1.2 (/opt/ros/humble/share/rmw_implementation_cmake/cmake)
[0.370s] -- Found rmw_cyclonedds_cpp: 1.3.4 (/opt/ros/humble/share/rmw_cyclonedds_cpp/cmake)
[0.389s] -- Using RMW implementation 'rmw_cyclonedds_cpp' as default
[0.622s] -- Found ament_lint_auto: 0.12.11 (/opt/ros/humble/share/ament_lint_auto/cmake)
[0.635s] -- Added test 'cppcheck' to perform static code analysis on C / C++ code
[0.636s] -- Configured cppcheck include dirs: /home/pengyh/documents/ros2_ws/RobotAD/src/pointcloud_to_laserscan/include
[0.636s] -- Configured cppcheck exclude dirs and/or files: 
[0.637s] -- Added test 'cpplint' to check C / C++ code against the Google style
[0.637s] -- Configured cpplint exclude dirs and/or files: 
[0.638s] -- Added test 'flake8' to check Python code syntax and style conventions
[0.638s] -- Added test 'lint_cmake' to check CMake code style
[0.639s] -- Added test 'pep257' to check Python code against some of the docstring style conventions in PEP 257
[0.639s] -- Added test 'uncrustify' to check C / C++ code style
[0.639s] -- Configured uncrustify additional arguments: 
[0.640s] -- Added test 'xmllint' to check XML markup files
[0.644s] -- Configuring done
[0.691s] -- Generating done
[0.707s] -- Build files have been written to: /home/pengyh/documents/ros2_ws/RobotAD/build/pointcloud_to_laserscan
[0.716s] Invoked command in '/home/pengyh/documents/ros2_ws/RobotAD/build/pointcloud_to_laserscan' returned '0': CMAKE_PREFIX_PATH=${CMAKE_PREFIX_PATH}:/opt/ros/humble /usr/bin/cmake /home/pengyh/documents/ros2_ws/RobotAD/src/pointcloud_to_laserscan -DCMAKE_INSTALL_PREFIX=/home/pengyh/documents/ros2_ws/RobotAD/install/pointcloud_to_laserscan
[0.718s] Invoking command in '/home/pengyh/documents/ros2_ws/RobotAD/build/pointcloud_to_laserscan': CMAKE_PREFIX_PATH=${CMAKE_PREFIX_PATH}:/opt/ros/humble /usr/bin/cmake --build /home/pengyh/documents/ros2_ws/RobotAD/build/pointcloud_to_laserscan -- -j24 -l24
[0.767s] [35m[1mConsolidate compiler generated dependencies of target laserscan_to_pointcloud_node[0m
[0.767s] [35m[1mConsolidate compiler generated dependencies of target pointcloud_to_laserscan_node[0m
[0.769s] [35m[1mConsolidate compiler generated dependencies of target laserscan_to_pointcloud[0m
[0.785s] [ 16%] Built target laserscan_to_pointcloud_node
[0.788s] [ 33%] Built target pointcloud_to_laserscan_node
[0.796s] [ 50%] Built target laserscan_to_pointcloud
[0.814s] [35m[1mConsolidate compiler generated dependencies of target pointcloud_to_laserscan[0m
[0.835s] [ 66%] Built target pointcloud_to_laserscan
[0.846s] [35m[1mConsolidate compiler generated dependencies of target dummy_pointcloud_publisher[0m
[0.853s] [35m[1mConsolidate compiler generated dependencies of target sub_laser_node[0m
[0.868s] [ 83%] Built target dummy_pointcloud_publisher
[0.887s] [100%] Built target sub_laser_node
[0.908s] Invoked command in '/home/pengyh/documents/ros2_ws/RobotAD/build/pointcloud_to_laserscan' returned '0': CMAKE_PREFIX_PATH=${CMAKE_PREFIX_PATH}:/opt/ros/humble /usr/bin/cmake --build /home/pengyh/documents/ros2_ws/RobotAD/build/pointcloud_to_laserscan -- -j24 -l24
[0.910s] Invoking command in '/home/pengyh/documents/ros2_ws/RobotAD/build/pointcloud_to_laserscan': CMAKE_PREFIX_PATH=${CMAKE_PREFIX_PATH}:/opt/ros/humble /usr/bin/cmake --install /home/pengyh/documents/ros2_ws/RobotAD/build/pointcloud_to_laserscan
[0.922s] -- Install configuration: ""
[0.924s] -- Execute custom install script
[0.925s] -- Up-to-date symlink: /home/pengyh/documents/ros2_ws/RobotAD/install/pointcloud_to_laserscan/lib/pointcloud_to_laserscan/laserscan_to_pointcloud_node
[0.925s] -- Up-to-date symlink: /home/pengyh/documents/ros2_ws/RobotAD/install/pointcloud_to_laserscan/lib/pointcloud_to_laserscan/pointcloud_to_laserscan_node
[0.925s] -- Up-to-date symlink: /home/pengyh/documents/ros2_ws/RobotAD/install/pointcloud_to_laserscan/include/pointcloud_to_laserscan/laserscan_to_pointcloud_node.hpp
[0.925s] -- Up-to-date symlink: /home/pengyh/documents/ros2_ws/RobotAD/install/pointcloud_to_laserscan/include/pointcloud_to_laserscan/pointcloud_to_laserscan_node.hpp
[0.925s] -- Up-to-date symlink: /home/pengyh/documents/ros2_ws/RobotAD/install/pointcloud_to_laserscan/include/pointcloud_to_laserscan/visibility_control.h
[0.926s] -- Up-to-date symlink: /home/pengyh/documents/ros2_ws/RobotAD/install/pointcloud_to_laserscan/share/pointcloud_to_laserscan/environment/library_path.sh
[0.926s] -- Up-to-date symlink: /home/pengyh/documents/ros2_ws/RobotAD/install/pointcloud_to_laserscan/share/pointcloud_to_laserscan/environment/library_path.dsv
[0.926s] -- Up-to-date symlink: /home/pengyh/documents/ros2_ws/RobotAD/install/pointcloud_to_laserscan/lib/liblaserscan_to_pointcloud.so
[0.926s] -- Up-to-date symlink: /home/pengyh/documents/ros2_ws/RobotAD/install/pointcloud_to_laserscan/lib/libpointcloud_to_laserscan.so
[0.927s] -- Up-to-date symlink: /home/pengyh/documents/ros2_ws/RobotAD/install/pointcloud_to_laserscan/lib/pointcloud_to_laserscan/dummy_pointcloud_publisher
[0.927s] -- Up-to-date symlink: /home/pengyh/documents/ros2_ws/RobotAD/install/pointcloud_to_laserscan/lib/pointcloud_to_laserscan/sub_laser_node
[0.927s] -- Up-to-date symlink: /home/pengyh/documents/ros2_ws/RobotAD/install/pointcloud_to_laserscan/share/pointcloud_to_laserscan/launch/sample_laserscan_to_pointcloud_launch.py
[0.927s] -- Up-to-date symlink: /home/pengyh/documents/ros2_ws/RobotAD/install/pointcloud_to_laserscan/share/pointcloud_to_laserscan/launch/sample_pointcloud_to_laserscan_launch.py
[0.927s] -- Up-to-date symlink: /home/pengyh/documents/ros2_ws/RobotAD/install/pointcloud_to_laserscan/share/ament_index/resource_index/package_run_dependencies/pointcloud_to_laserscan
[0.927s] -- Up-to-date symlink: /home/pengyh/documents/ros2_ws/RobotAD/install/pointcloud_to_laserscan/share/ament_index/resource_index/parent_prefix_path/pointcloud_to_laserscan
[0.928s] -- Up-to-date symlink: /home/pengyh/documents/ros2_ws/RobotAD/install/pointcloud_to_laserscan/share/pointcloud_to_laserscan/environment/ament_prefix_path.sh
[0.928s] -- Up-to-date symlink: /home/pengyh/documents/ros2_ws/RobotAD/install/pointcloud_to_laserscan/share/pointcloud_to_laserscan/environment/ament_prefix_path.dsv
[0.928s] -- Up-to-date symlink: /home/pengyh/documents/ros2_ws/RobotAD/install/pointcloud_to_laserscan/share/pointcloud_to_laserscan/environment/path.sh
[0.928s] -- Up-to-date symlink: /home/pengyh/documents/ros2_ws/RobotAD/install/pointcloud_to_laserscan/share/pointcloud_to_laserscan/environment/path.dsv
[0.928s] -- Up-to-date symlink: /home/pengyh/documents/ros2_ws/RobotAD/install/pointcloud_to_laserscan/share/pointcloud_to_laserscan/local_setup.bash
[0.928s] -- Up-to-date symlink: /home/pengyh/documents/ros2_ws/RobotAD/install/pointcloud_to_laserscan/share/pointcloud_to_laserscan/local_setup.sh
[0.928s] -- Up-to-date symlink: /home/pengyh/documents/ros2_ws/RobotAD/install/pointcloud_to_laserscan/share/pointcloud_to_laserscan/local_setup.zsh
[0.928s] -- Up-to-date symlink: /home/pengyh/documents/ros2_ws/RobotAD/install/pointcloud_to_laserscan/share/pointcloud_to_laserscan/local_setup.dsv
[0.928s] -- Symlinking: /home/pengyh/documents/ros2_ws/RobotAD/install/pointcloud_to_laserscan/share/pointcloud_to_laserscan/package.dsv
[0.940s] -- Up-to-date symlink: /home/pengyh/documents/ros2_ws/RobotAD/install/pointcloud_to_laserscan/share/ament_index/resource_index/packages/pointcloud_to_laserscan
[0.941s] -- Up-to-date symlink: /home/pengyh/documents/ros2_ws/RobotAD/install/pointcloud_to_laserscan/share/ament_index/resource_index/rclcpp_components/pointcloud_to_laserscan
[0.941s] -- Up-to-date symlink: /home/pengyh/documents/ros2_ws/RobotAD/install/pointcloud_to_laserscan/share/pointcloud_to_laserscan/cmake/ament_cmake_export_dependencies-extras.cmake
[0.941s] -- Up-to-date symlink: /home/pengyh/documents/ros2_ws/RobotAD/install/pointcloud_to_laserscan/share/pointcloud_to_laserscan/cmake/ament_cmake_export_include_directories-extras.cmake
[0.941s] -- Up-to-date symlink: /home/pengyh/documents/ros2_ws/RobotAD/install/pointcloud_to_laserscan/share/pointcloud_to_laserscan/cmake/ament_cmake_export_libraries-extras.cmake
[0.941s] -- Up-to-date symlink: /home/pengyh/documents/ros2_ws/RobotAD/install/pointcloud_to_laserscan/share/pointcloud_to_laserscan/cmake/pointcloud_to_laserscanConfig.cmake
[0.941s] -- Up-to-date symlink: /home/pengyh/documents/ros2_ws/RobotAD/install/pointcloud_to_laserscan/share/pointcloud_to_laserscan/cmake/pointcloud_to_laserscanConfig-version.cmake
[0.942s] -- Up-to-date symlink: /home/pengyh/documents/ros2_ws/RobotAD/install/pointcloud_to_laserscan/share/pointcloud_to_laserscan/package.xml
[0.946s] Invoked command in '/home/pengyh/documents/ros2_ws/RobotAD/build/pointcloud_to_laserscan' returned '0': CMAKE_PREFIX_PATH=${CMAKE_PREFIX_PATH}:/opt/ros/humble /usr/bin/cmake --install /home/pengyh/documents/ros2_ws/RobotAD/build/pointcloud_to_laserscan
