[0.008s] Invoking command in '/home/future/Documents/pengyh/RobotAD_ws/build/robot_hardware': CMAKE_PREFIX_PATH=${CMAKE_PREFIX_PATH}:/home/future/Documents/Robot/nav_ws/install/show_urdf:/home/future/Documents/Robot/nav_ws/install/serial_bridge:/home/future/Documents/Robot/nav_ws/install/ros_tcp_endpoint:/home/future/Documents/Robot/nav_ws/install/remove_obstacle:/home/future/Documents/Robot/nav_ws/install/keyboard_control:/opt/ros/humble CONDA_PROMPT_MODIFIER=(base) /usr/bin/cmake --build /home/future/Documents/pengyh/RobotAD_ws/build/robot_hardware -- -j24 -l24
[0.026s] -- Found ament_cmake: 1.3.10 (/opt/ros/humble/share/ament_cmake/cmake)
[0.226s] -- Override CMake install command with custom implementation using symlinks instead of copying resources
[0.233s] -- Found rclcpp: 16.0.10 (/opt/ros/humble/share/rclcpp/cmake)
[0.274s] -- Found rosidl_generator_c: 3.1.5 (/opt/ros/humble/share/rosidl_generator_c/cmake)
[0.276s] -- Found rosidl_adapter: 3.1.5 (/opt/ros/humble/share/rosidl_adapter/cmake)
[0.281s] -- Found rosidl_generator_cpp: 3.1.5 (/opt/ros/humble/share/rosidl_generator_cpp/cmake)
[0.288s] -- Using all available rosidl_typesupport_c: rosidl_typesupport_fastrtps_c;rosidl_typesupport_introspection_c
[0.296s] -- Using all available rosidl_typesupport_cpp: rosidl_typesupport_fastrtps_cpp;rosidl_typesupport_introspection_cpp
[0.313s] -- Found rmw_implementation_cmake: 6.1.2 (/opt/ros/humble/share/rmw_implementation_cmake/cmake)
[0.314s] -- Found rmw_fastrtps_cpp: 6.2.7 (/opt/ros/humble/share/rmw_fastrtps_cpp/cmake)
[0.426s] -- Using RMW implementation 'rmw_fastrtps_cpp' as default
[0.567s] -- Found sensor_msgs: 4.2.4 (/opt/ros/humble/share/sensor_msgs/cmake)
[0.637s] -- Found cv_bridge: 3.2.1 (/opt/ros/humble/share/cv_bridge/cmake)
[0.650s] -- Found OpenCV: /usr (found version "4.5.4") 
[0.660s] -- Found rosidl_default_generators: 1.2.0 (/opt/ros/humble/share/rosidl_default_generators/cmake)
[1.238s] -- Found ament_cmake_ros: 0.10.0 (/opt/ros/humble/share/ament_cmake_ros/cmake)
[1.943s] -- Using all available rosidl_typesupport_c: rosidl_typesupport_fastrtps_c;rosidl_typesupport_introspection_c
[2.070s] -- Using all available rosidl_typesupport_cpp: rosidl_typesupport_fastrtps_cpp;rosidl_typesupport_introspection_cpp
[2.088s] -- Found python_cmake_module: 0.10.0 (/opt/ros/humble/share/python_cmake_module/cmake)
[2.111s] -- Using PYTHON_EXECUTABLE: /usr/bin/python3
[2.111s] -- Using PYTHON_INCLUDE_DIRS: /usr/include/python3.10
[2.111s] -- Using PYTHON_LIBRARIES: /usr/lib/x86_64-linux-gnu/libpython3.10.so
[2.186s] -- Configuring done
[2.269s] -- Generating done
[2.273s] -- Build files have been written to: /home/future/Documents/pengyh/RobotAD_ws/build/robot_hardware
[2.327s] [35m[1mConsolidate compiler generated dependencies of target robot_hardware__rosidl_generator_c[0m
[2.355s] [  3%] Built target robot_hardware__cpp
[2.358s] [ 12%] Built target robot_hardware__rosidl_generator_c
[2.377s] [ 12%] Built target ament_cmake_python_symlink_robot_hardware
[2.381s] [35m[1mConsolidate compiler generated dependencies of target robot_hardware__rosidl_typesupport_introspection_cpp[0m
[2.382s] [35m[1mConsolidate compiler generated dependencies of target robot_hardware__rosidl_typesupport_c[0m
[2.382s] [35m[1mConsolidate compiler generated dependencies of target robot_hardware__rosidl_typesupport_introspection_c[0m
[2.384s] [35m[1mConsolidate compiler generated dependencies of target robot_hardware__rosidl_typesupport_fastrtps_c[0m
[2.387s] [35m[1mConsolidate compiler generated dependencies of target robot_hardware__rosidl_typesupport_fastrtps_cpp[0m
[2.387s] [35m[1mConsolidate compiler generated dependencies of target robot_hardware__rosidl_typesupport_cpp[0m
[2.408s] [ 21%] Built target robot_hardware__rosidl_typesupport_introspection_c
[2.408s] [ 30%] Built target robot_hardware__rosidl_typesupport_c
[2.412s] [ 39%] Built target robot_hardware__rosidl_typesupport_introspection_cpp
[2.413s] [ 48%] Built target robot_hardware__rosidl_typesupport_cpp
[2.414s] [ 57%] Built target robot_hardware__rosidl_typesupport_fastrtps_c
[2.415s] [ 66%] Built target robot_hardware__rosidl_typesupport_fastrtps_cpp
[2.429s] [35m[1mConsolidate compiler generated dependencies of target hardware_manager[0m
[2.444s] [ 69%] [32mBuilding CXX object CMakeFiles/hardware_manager.dir/src/hardware_manager.cpp.o[0m
[2.448s] [ 69%] Built target robot_hardware
[2.468s] [ 72%] Built target robot_hardware__py
[2.477s] [35m[1mConsolidate compiler generated dependencies of target robot_hardware__rosidl_generator_py[0m
[2.487s] [ 78%] Built target robot_hardware__rosidl_generator_py
[2.496s] [35m[1mConsolidate compiler generated dependencies of target robot_hardware__rosidl_typesupport_c__pyext[0m
[2.496s] [35m[1mConsolidate compiler generated dependencies of target robot_hardware__rosidl_typesupport_fastrtps_c__pyext[0m
[2.498s] [35m[1mConsolidate compiler generated dependencies of target robot_hardware__rosidl_typesupport_introspection_c__pyext[0m
[2.505s] [ 84%] Built target robot_hardware__rosidl_typesupport_c__pyext
[2.505s] [ 96%] Built target robot_hardware__rosidl_typesupport_introspection_c__pyext
[2.506s] [ 96%] Built target robot_hardware__rosidl_typesupport_fastrtps_c__pyext
[2.623s] running egg_info
[2.624s] writing robot_hardware.egg-info/PKG-INFO
[2.624s] writing dependency_links to robot_hardware.egg-info/dependency_links.txt
[2.624s] writing top-level names to robot_hardware.egg-info/top_level.txt
[2.630s] reading manifest file 'robot_hardware.egg-info/SOURCES.txt'
[2.630s] writing manifest file 'robot_hardware.egg-info/SOURCES.txt'
[2.668s] [ 96%] Built target ament_cmake_python_build_robot_hardware_egg
[4.272s] [01m[K/home/future/Documents/pengyh/RobotAD_ws/src/robot_hardware/src/hardware_manager.cpp:[m[K In member function ‘[01m[Kvoid HardwareManager::usb_cam_image_callback(sensor_msgs::msg::Image_<std::allocator<void> >::SharedPtr)[m[K’:
[4.273s] [01m[K/home/future/Documents/pengyh/RobotAD_ws/src/robot_hardware/src/hardware_manager.cpp:77:29:[m[K [01;31m[Kerror: [m[K‘[01m[Kcv_bridge[m[K’ has not been declared
[4.273s]    77 |             cv::Mat frame = [01;31m[Kcv_bridge[m[K::toCvShare(msg, "bgr8")->image;
[4.273s]       |                             [01;31m[K^~~~~~~~~[m[K
[4.274s] [01m[K/home/future/Documents/pengyh/RobotAD_ws/src/robot_hardware/src/hardware_manager.cpp:87:18:[m[K [01;31m[Kerror: [m[K‘[01m[Kcv_bridge[m[K’ does not name a type
[4.274s]    87 |         } catch ([01;31m[Kcv_bridge[m[K::Exception &e) {
[4.274s]       |                  [01;31m[K^~~~~~~~~[m[K
[4.275s] [01m[K/home/future/Documents/pengyh/RobotAD_ws/src/robot_hardware/src/hardware_manager.cpp:87:39:[m[K [01;31m[Kerror: [m[Kexpected unqualified-id before ‘[01m[K&[m[K’ token
[4.275s]    87 |         } catch (cv_bridge::Exception [01;31m[K&[m[Ke) {
[4.275s]       |                                       [01;31m[K^[m[K
[4.275s] [01m[K/home/future/Documents/pengyh/RobotAD_ws/src/robot_hardware/src/hardware_manager.cpp:87:39:[m[K [01;31m[Kerror: [m[Kexpected ‘[01m[K)[m[K’ before ‘[01m[K&[m[K’ token
[4.275s] [01m[K/home/future/Documents/pengyh/RobotAD_ws/src/robot_hardware/src/hardware_manager.cpp:87:17:[m[K [01;36m[Knote: [m[Kto match this ‘[01m[K([m[K’
[4.275s]    87 |         } catch [01;36m[K([m[Kcv_bridge::Exception &e) {
[4.275s]       |                 [01;36m[K^[m[K
[4.275s] [01m[K/home/future/Documents/pengyh/RobotAD_ws/src/robot_hardware/src/hardware_manager.cpp:87:39:[m[K [01;31m[Kerror: [m[Kexpected ‘[01m[K{[m[K’ before ‘[01m[K&[m[K’ token
[4.275s]    87 |         } catch (cv_bridge::Exception [01;31m[K&[m[Ke) {
[4.275s]       |                                       [01;31m[K^[m[K
[4.278s] [01m[K/home/future/Documents/pengyh/RobotAD_ws/src/robot_hardware/src/hardware_manager.cpp:87:40:[m[K [01;31m[Kerror: [m[K‘[01m[Ke[m[K’ was not declared in this scope
[4.278s]    87 |         } catch (cv_bridge::Exception &[01;31m[Ke[m[K) {
[4.278s]       |                                        [01;31m[K^[m[K
[6.520s] gmake[2]: *** [CMakeFiles/hardware_manager.dir/build.make:76: CMakeFiles/hardware_manager.dir/src/hardware_manager.cpp.o] Error 1
[6.520s] gmake[1]: *** [CMakeFiles/Makefile2:593: CMakeFiles/hardware_manager.dir/all] Error 2
[6.521s] gmake: *** [Makefile:146: all] Error 2
[6.523s] Invoked command in '/home/future/Documents/pengyh/RobotAD_ws/build/robot_hardware' returned '2': CMAKE_PREFIX_PATH=${CMAKE_PREFIX_PATH}:/home/future/Documents/Robot/nav_ws/install/show_urdf:/home/future/Documents/Robot/nav_ws/install/serial_bridge:/home/future/Documents/Robot/nav_ws/install/ros_tcp_endpoint:/home/future/Documents/Robot/nav_ws/install/remove_obstacle:/home/future/Documents/Robot/nav_ws/install/keyboard_control:/opt/ros/humble CONDA_PROMPT_MODIFIER=(base) /usr/bin/cmake --build /home/future/Documents/pengyh/RobotAD_ws/build/robot_hardware -- -j24 -l24
