[  3%] Built target rslidar_msg__cpp
[ 12%] Built target rslidar_msg__rosidl_generator_c
[ 12%] Built target ament_cmake_python_symlink_rslidar_msg
[ 22%] Built target rslidar_msg__rosidl_typesupport_introspection_cpp
[ 32%] Built target rslidar_msg__rosidl_typesupport_fastrtps_cpp
[ 41%] Built target rslidar_msg__rosidl_typesupport_fastrtps_c
[ 51%] Built target rslidar_msg__rosidl_typesupport_cpp
[ 61%] Built target rslidar_msg__rosidl_typesupport_introspection_c
[ 70%] Built target rslidar_msg__rosidl_typesupport_c
[ 70%] Built target rslidar_msg
[ 74%] Built target rslidar_msg__py
[ 80%] Built target rslidar_msg__rosidl_generator_py
[ 93%] Built target rslidar_msg__rosidl_typesupport_introspection_c__pyext
[ 93%] Built target rslidar_msg__rosidl_typesupport_fastrtps_c__pyext
[100%] Built target rslidar_msg__rosidl_typesupport_c__pyext
running egg_info
writing rslidar_msg.egg-info/PKG-INFO
writing dependency_links to rslidar_msg.egg-info/dependency_links.txt
writing top-level names to rslidar_msg.egg-info/top_level.txt
reading manifest file 'rslidar_msg.egg-info/SOURCES.txt'
writing manifest file 'rslidar_msg.egg-info/SOURCES.txt'
[100%] Built target ament_cmake_python_build_rslidar_msg_egg
