[  2%] Built target robot_hardware__cpp
[ 12%] Built target robot_hardware__rosidl_generator_c
[ 12%] Built target ament_cmake_python_symlink_robot_hardware
[35m[1mConsolidate compiler generated dependencies of target robot_hardware__rosidl_typesupport_cpp[0m
[35m[1mConsolidate compiler generated dependencies of target robot_hardware__rosidl_typesupport_fastrtps_cpp[0m
[35m[1mConsolidate compiler generated dependencies of target robot_hardware__rosidl_typesupport_fastrtps_c[0m
[35m[1mConsolidate compiler generated dependencies of target robot_hardware__rosidl_typesupport_introspection_cpp[0m
[ 21%] Built target robot_hardware__rosidl_typesupport_cpp
[ 31%] Built target robot_hardware__rosidl_typesupport_c
[ 41%] Built target robot_hardware__rosidl_typesupport_introspection_c
[ 53%] Built target robot_hardware__rosidl_typesupport_fastrtps_cpp
[ 60%] Built target robot_hardware__rosidl_typesupport_fastrtps_c
[ 70%] Built target robot_hardware__rosidl_typesupport_introspection_cpp
[35m[1mConsolidate compiler generated dependencies of target hardware_manager[0m
[ 73%] [32mBuilding CXX object CMakeFiles/hardware_manager.dir/src/hardware_manager.cpp.o[0m
[ 73%] Built target robot_hardware
[ 75%] Built target robot_hardware__py
[35m[1mConsolidate compiler generated dependencies of target robot_hardware__rosidl_generator_py[0m
[ 82%] Built target robot_hardware__rosidl_generator_py
[35m[1mConsolidate compiler generated dependencies of target robot_hardware__rosidl_typesupport_c__pyext[0m
[35m[1mConsolidate compiler generated dependencies of target robot_hardware__rosidl_typesupport_introspection_c__pyext[0m
[35m[1mConsolidate compiler generated dependencies of target robot_hardware__rosidl_typesupport_fastrtps_c__pyext[0m
[ 87%] Built target robot_hardware__rosidl_typesupport_c__pyext
[ 92%] Built target robot_hardware__rosidl_typesupport_fastrtps_c__pyext
[ 97%] Built target robot_hardware__rosidl_typesupport_introspection_c__pyext
running egg_info
writing robot_hardware.egg-info/PKG-INFO
writing dependency_links to robot_hardware.egg-info/dependency_links.txt
writing top-level names to robot_hardware.egg-info/top_level.txt
reading manifest file 'robot_hardware.egg-info/SOURCES.txt'
writing manifest file 'robot_hardware.egg-info/SOURCES.txt'
[ 97%] Built target ament_cmake_python_build_robot_hardware_egg
