[0.033s] Invoking command in '/home/pengyh/documents/ros2_ws/RobotAD/build/miiboo_imu': CMAKE_PREFIX_PATH=${CMAKE_PREFIX_PATH}:/opt/ros/humble /usr/bin/cmake /home/pengyh/documents/ros2_ws/RobotAD/src/miiboo_imu -DCMAKE_INSTALL_PREFIX=/home/pengyh/documents/ros2_ws/RobotAD/install/miiboo_imu
[0.047s] -- Found ament_cmake: 1.3.11 (/opt/ros/humble/share/ament_cmake/cmake)
[0.186s] -- Override CMake install command with custom implementation using symlinks instead of copying resources
[0.195s] -- Found rclcpp: 16.0.11 (/opt/ros/humble/share/rclcpp/cmake)
[0.228s] -- Found rosidl_generator_c: 3.1.6 (/opt/ros/humble/share/rosidl_generator_c/cmake)
[0.231s] -- Found rosidl_adapter: 3.1.6 (/opt/ros/humble/share/rosidl_adapter/cmake)
[0.237s] -- Found rosidl_generator_cpp: 3.1.6 (/opt/ros/humble/share/rosidl_generator_cpp/cmake)
[0.249s] -- Using all available rosidl_typesupport_c: rosidl_typesupport_fastrtps_c;rosidl_typesupport_introspection_c
[0.267s] -- Using all available rosidl_typesupport_cpp: rosidl_typesupport_fastrtps_cpp;rosidl_typesupport_introspection_cpp
[0.313s] -- Found rmw_implementation_cmake: 6.1.2 (/opt/ros/humble/share/rmw_implementation_cmake/cmake)
[0.316s] -- Found rmw_cyclonedds_cpp: 1.3.4 (/opt/ros/humble/share/rmw_cyclonedds_cpp/cmake)
[0.347s] -- Using RMW implementation 'rmw_cyclonedds_cpp' as default
[0.414s] -- Found sensor_msgs: 4.2.4 (/opt/ros/humble/share/sensor_msgs/cmake)
[0.445s] -- Found tf2: 0.25.9 (/opt/ros/humble/share/tf2/cmake)
[0.449s] -- Found tf2_ros: 0.25.9 (/opt/ros/humble/share/tf2_ros/cmake)
[0.546s] -- Found tf2_geometry_msgs: 0.25.9 (/opt/ros/humble/share/tf2_geometry_msgs/cmake)
[0.556s] -- Found eigen3_cmake_module: 0.1.1 (/opt/ros/humble/share/eigen3_cmake_module/cmake)
[0.557s] -- Ensuring Eigen3 include directory is part of orocos-kdl CMake target
[0.563s] -- Found ament_lint_auto: 0.12.11 (/opt/ros/humble/share/ament_lint_auto/cmake)
[0.646s] -- Added test 'copyright' to check source files copyright and LICENSE
[0.648s] -- Added test 'cppcheck' to perform static code analysis on C / C++ code
[0.648s] -- Configured cppcheck include dirs: 
[0.648s] -- Configured cppcheck exclude dirs and/or files: 
[0.649s] -- Added test 'cpplint' to check C / C++ code against the Google style
[0.649s] -- Configured cpplint exclude dirs and/or files: 
[0.649s] -- Added test 'flake8' to check Python code syntax and style conventions
[0.650s] -- Added test 'lint_cmake' to check CMake code style
[0.650s] -- Added test 'pep257' to check Python code against some of the docstring style conventions in PEP 257
[0.652s] -- Added test 'uncrustify' to check C / C++ code style
[0.652s] -- Configured uncrustify additional arguments: 
[0.652s] -- Added test 'xmllint' to check XML markup files
[0.654s] -- Configuring done
[0.685s] -- Generating done
[0.698s] -- Build files have been written to: /home/pengyh/documents/ros2_ws/RobotAD/build/miiboo_imu
[0.731s] Invoked command in '/home/pengyh/documents/ros2_ws/RobotAD/build/miiboo_imu' returned '0': CMAKE_PREFIX_PATH=${CMAKE_PREFIX_PATH}:/opt/ros/humble /usr/bin/cmake /home/pengyh/documents/ros2_ws/RobotAD/src/miiboo_imu -DCMAKE_INSTALL_PREFIX=/home/pengyh/documents/ros2_ws/RobotAD/install/miiboo_imu
[0.731s] Invoking command in '/home/pengyh/documents/ros2_ws/RobotAD/build/miiboo_imu': CMAKE_PREFIX_PATH=${CMAKE_PREFIX_PATH}:/opt/ros/humble /usr/bin/cmake --build /home/pengyh/documents/ros2_ws/RobotAD/build/miiboo_imu -- -j24 -l24
[0.783s] [35m[1mConsolidate compiler generated dependencies of target imu_read[0m
[0.832s] [100%] Built target imu_read
[0.848s] Invoked command in '/home/pengyh/documents/ros2_ws/RobotAD/build/miiboo_imu' returned '0': CMAKE_PREFIX_PATH=${CMAKE_PREFIX_PATH}:/opt/ros/humble /usr/bin/cmake --build /home/pengyh/documents/ros2_ws/RobotAD/build/miiboo_imu -- -j24 -l24
[0.851s] Invoking command in '/home/pengyh/documents/ros2_ws/RobotAD/build/miiboo_imu': CMAKE_PREFIX_PATH=${CMAKE_PREFIX_PATH}:/opt/ros/humble /usr/bin/cmake --install /home/pengyh/documents/ros2_ws/RobotAD/build/miiboo_imu
[0.857s] -- Install configuration: ""
[0.858s] -- Execute custom install script
[0.859s] -- Up-to-date symlink: /home/pengyh/documents/ros2_ws/RobotAD/install/miiboo_imu/lib/miiboo_imu/imu_read
[0.859s] -- Up-to-date symlink: /home/pengyh/documents/ros2_ws/RobotAD/install/miiboo_imu/share/miiboo_imu//launch/imu.launch.py
[0.859s] -- Up-to-date symlink: /home/pengyh/documents/ros2_ws/RobotAD/install/miiboo_imu/share/ament_index/resource_index/package_run_dependencies/miiboo_imu
[0.859s] -- Up-to-date symlink: /home/pengyh/documents/ros2_ws/RobotAD/install/miiboo_imu/share/ament_index/resource_index/parent_prefix_path/miiboo_imu
[0.860s] -- Up-to-date symlink: /home/pengyh/documents/ros2_ws/RobotAD/install/miiboo_imu/share/miiboo_imu/environment/ament_prefix_path.sh
[0.860s] -- Up-to-date symlink: /home/pengyh/documents/ros2_ws/RobotAD/install/miiboo_imu/share/miiboo_imu/environment/ament_prefix_path.dsv
[0.861s] -- Up-to-date symlink: /home/pengyh/documents/ros2_ws/RobotAD/install/miiboo_imu/share/miiboo_imu/environment/path.sh
[0.861s] -- Up-to-date symlink: /home/pengyh/documents/ros2_ws/RobotAD/install/miiboo_imu/share/miiboo_imu/environment/path.dsv
[0.861s] -- Up-to-date symlink: /home/pengyh/documents/ros2_ws/RobotAD/install/miiboo_imu/share/miiboo_imu/local_setup.bash
[0.862s] -- Up-to-date symlink: /home/pengyh/documents/ros2_ws/RobotAD/install/miiboo_imu/share/miiboo_imu/local_setup.sh
[0.862s] -- Up-to-date symlink: /home/pengyh/documents/ros2_ws/RobotAD/install/miiboo_imu/share/miiboo_imu/local_setup.zsh
[0.862s] -- Up-to-date symlink: /home/pengyh/documents/ros2_ws/RobotAD/install/miiboo_imu/share/miiboo_imu/local_setup.dsv
[0.863s] -- Symlinking: /home/pengyh/documents/ros2_ws/RobotAD/install/miiboo_imu/share/miiboo_imu/package.dsv
[0.870s] -- Up-to-date symlink: /home/pengyh/documents/ros2_ws/RobotAD/install/miiboo_imu/share/ament_index/resource_index/packages/miiboo_imu
[0.870s] -- Up-to-date symlink: /home/pengyh/documents/ros2_ws/RobotAD/install/miiboo_imu/share/miiboo_imu/cmake/miiboo_imuConfig.cmake
[0.870s] -- Up-to-date symlink: /home/pengyh/documents/ros2_ws/RobotAD/install/miiboo_imu/share/miiboo_imu/cmake/miiboo_imuConfig-version.cmake
[0.871s] -- Up-to-date symlink: /home/pengyh/documents/ros2_ws/RobotAD/install/miiboo_imu/share/miiboo_imu/package.xml
[0.874s] Invoked command in '/home/pengyh/documents/ros2_ws/RobotAD/build/miiboo_imu' returned '0': CMAKE_PREFIX_PATH=${CMAKE_PREFIX_PATH}:/opt/ros/humble /usr/bin/cmake --install /home/pengyh/documents/ros2_ws/RobotAD/build/miiboo_imu
