[0.008s] Invoking command in '/home/pengyh/documents/ros2_ws/RobotAD/build/serial_comm': CMAKE_PREFIX_PATH=/home/pengyh/documents/ros2_ws/RobotAD/install/robot_hardware:/home/pengyh/documents/ros2_ws/RobotAD/install/usb_camera:/home/pengyh/documents/ros2_ws/RobotAD/install/robot_locate:/opt/ros/humble /usr/bin/cmake /home/pengyh/documents/ros2_ws/RobotAD/src/serial_comm -DCMAKE_INSTALL_PREFIX=/home/pengyh/documents/ros2_ws/RobotAD/install/serial_comm
[0.018s] -- Found ament_cmake: 1.3.11 (/opt/ros/humble/share/ament_cmake/cmake)
[0.095s] -- Override CMake install command with custom implementation using symlinks instead of copying resources
[0.101s] -- Found rclcpp: 16.0.11 (/opt/ros/humble/share/rclcpp/cmake)
[0.116s] -- Found rosidl_generator_c: 3.1.6 (/opt/ros/humble/share/rosidl_generator_c/cmake)
[0.117s] -- Found rosidl_adapter: 3.1.6 (/opt/ros/humble/share/rosidl_adapter/cmake)
[0.121s] -- Found rosidl_generator_cpp: 3.1.6 (/opt/ros/humble/share/rosidl_generator_cpp/cmake)
[0.126s] -- Using all available rosidl_typesupport_c: rosidl_typesupport_fastrtps_c;rosidl_typesupport_introspection_c
[0.134s] -- Using all available rosidl_typesupport_cpp: rosidl_typesupport_fastrtps_cpp;rosidl_typesupport_introspection_cpp
[0.154s] -- Found rmw_implementation_cmake: 6.1.2 (/opt/ros/humble/share/rmw_implementation_cmake/cmake)
[0.155s] -- Found rmw_fastrtps_cpp: 6.2.7 (/opt/ros/humble/share/rmw_fastrtps_cpp/cmake)
[0.226s] -- Using RMW implementation 'rmw_fastrtps_cpp' as default
[0.256s] -- Found serial: 1.2.1 (/usr/local/share/serial/cmake)
[0.257s] -- Found robot_hardware: 0.0.1 (/home/pengyh/documents/ros2_ws/RobotAD/install/robot_hardware/share/robot_hardware/cmake)
[0.311s] -- Configuring done
[0.319s] -- Generating done
[0.321s] -- Build files have been written to: /home/pengyh/documents/ros2_ws/RobotAD/build/serial_comm
[0.326s] Invoked command in '/home/pengyh/documents/ros2_ws/RobotAD/build/serial_comm' returned '0': CMAKE_PREFIX_PATH=/home/pengyh/documents/ros2_ws/RobotAD/install/robot_hardware:/home/pengyh/documents/ros2_ws/RobotAD/install/usb_camera:/home/pengyh/documents/ros2_ws/RobotAD/install/robot_locate:/opt/ros/humble /usr/bin/cmake /home/pengyh/documents/ros2_ws/RobotAD/src/serial_comm -DCMAKE_INSTALL_PREFIX=/home/pengyh/documents/ros2_ws/RobotAD/install/serial_comm
[0.327s] Invoking command in '/home/pengyh/documents/ros2_ws/RobotAD/build/serial_comm': CMAKE_PREFIX_PATH=/home/pengyh/documents/ros2_ws/RobotAD/install/robot_hardware:/home/pengyh/documents/ros2_ws/RobotAD/install/usb_camera:/home/pengyh/documents/ros2_ws/RobotAD/install/robot_locate:/opt/ros/humble /usr/bin/cmake --build /home/pengyh/documents/ros2_ws/RobotAD/build/serial_comm -- -j24 -l24
[0.353s] [35m[1mConsolidate compiler generated dependencies of target serial_node[0m
[0.362s] [100%] Built target serial_node
[0.369s] Invoked command in '/home/pengyh/documents/ros2_ws/RobotAD/build/serial_comm' returned '0': CMAKE_PREFIX_PATH=/home/pengyh/documents/ros2_ws/RobotAD/install/robot_hardware:/home/pengyh/documents/ros2_ws/RobotAD/install/usb_camera:/home/pengyh/documents/ros2_ws/RobotAD/install/robot_locate:/opt/ros/humble /usr/bin/cmake --build /home/pengyh/documents/ros2_ws/RobotAD/build/serial_comm -- -j24 -l24
[0.370s] Invoking command in '/home/pengyh/documents/ros2_ws/RobotAD/build/serial_comm': CMAKE_PREFIX_PATH=/home/pengyh/documents/ros2_ws/RobotAD/install/robot_hardware:/home/pengyh/documents/ros2_ws/RobotAD/install/usb_camera:/home/pengyh/documents/ros2_ws/RobotAD/install/robot_locate:/opt/ros/humble /usr/bin/cmake --install /home/pengyh/documents/ros2_ws/RobotAD/build/serial_comm
[0.374s] -- Install configuration: ""
[0.374s] -- Execute custom install script
[0.374s] -- Up-to-date symlink: /home/pengyh/documents/ros2_ws/RobotAD/install/serial_comm/lib/serial_comm/serial_node
[0.374s] -- Up-to-date symlink: /home/pengyh/documents/ros2_ws/RobotAD/install/serial_comm/share/serial_comm/launch/serial_comm.launch.py
[0.374s] -- Up-to-date symlink: /home/pengyh/documents/ros2_ws/RobotAD/install/serial_comm/share/ament_index/resource_index/package_run_dependencies/serial_comm
[0.374s] -- Up-to-date symlink: /home/pengyh/documents/ros2_ws/RobotAD/install/serial_comm/share/ament_index/resource_index/parent_prefix_path/serial_comm
[0.374s] -- Up-to-date symlink: /home/pengyh/documents/ros2_ws/RobotAD/install/serial_comm/share/serial_comm/environment/ament_prefix_path.sh
[0.375s] -- Up-to-date symlink: /home/pengyh/documents/ros2_ws/RobotAD/install/serial_comm/share/serial_comm/environment/ament_prefix_path.dsv
[0.375s] -- Up-to-date symlink: /home/pengyh/documents/ros2_ws/RobotAD/install/serial_comm/share/serial_comm/environment/path.sh
[0.375s] -- Up-to-date symlink: /home/pengyh/documents/ros2_ws/RobotAD/install/serial_comm/share/serial_comm/environment/path.dsv
[0.375s] -- Up-to-date symlink: /home/pengyh/documents/ros2_ws/RobotAD/install/serial_comm/share/serial_comm/local_setup.bash
[0.375s] -- Up-to-date symlink: /home/pengyh/documents/ros2_ws/RobotAD/install/serial_comm/share/serial_comm/local_setup.sh
[0.375s] -- Up-to-date symlink: /home/pengyh/documents/ros2_ws/RobotAD/install/serial_comm/share/serial_comm/local_setup.zsh
[0.375s] -- Up-to-date symlink: /home/pengyh/documents/ros2_ws/RobotAD/install/serial_comm/share/serial_comm/local_setup.dsv
[0.375s] -- Symlinking: /home/pengyh/documents/ros2_ws/RobotAD/install/serial_comm/share/serial_comm/package.dsv
[0.380s] -- Up-to-date symlink: /home/pengyh/documents/ros2_ws/RobotAD/install/serial_comm/share/ament_index/resource_index/packages/serial_comm
[0.381s] -- Up-to-date symlink: /home/pengyh/documents/ros2_ws/RobotAD/install/serial_comm/share/serial_comm/cmake/serial_commConfig.cmake
[0.381s] -- Up-to-date symlink: /home/pengyh/documents/ros2_ws/RobotAD/install/serial_comm/share/serial_comm/cmake/serial_commConfig-version.cmake
[0.381s] -- Up-to-date symlink: /home/pengyh/documents/ros2_ws/RobotAD/install/serial_comm/share/serial_comm/package.xml
[0.383s] Invoked command in '/home/pengyh/documents/ros2_ws/RobotAD/build/serial_comm' returned '0': CMAKE_PREFIX_PATH=/home/pengyh/documents/ros2_ws/RobotAD/install/robot_hardware:/home/pengyh/documents/ros2_ws/RobotAD/install/usb_camera:/home/pengyh/documents/ros2_ws/RobotAD/install/robot_locate:/opt/ros/humble /usr/bin/cmake --install /home/pengyh/documents/ros2_ws/RobotAD/build/serial_comm
