[0.021s] Invoking command in '/home/pengyh/documents/ros2_ws/RobotAD/build/diff_control': CMAKE_PREFIX_PATH=${CMAKE_PREFIX_PATH}:/opt/ros/humble /usr/bin/cmake --build /home/pengyh/documents/ros2_ws/RobotAD/build/diff_control -- -j24 -l24
[0.059s] [35m[1mConsolidate compiler generated dependencies of target diff_control[0m
[0.078s] [ 50%] [32mBuilding CXX object CMakeFiles/diff_control.dir/hardware/diffbot_system.cpp.o[0m
[2.054s] [100%] [32m[1mLinking CXX shared library libdiff_control.so[0m
[2.163s] [100%] Built target diff_control
[2.174s] Invoked command in '/home/pengyh/documents/ros2_ws/RobotAD/build/diff_control' returned '0': CMAKE_PREFIX_PATH=${CMAKE_PREFIX_PATH}:/opt/ros/humble /usr/bin/cmake --build /home/pengyh/documents/ros2_ws/RobotAD/build/diff_control -- -j24 -l24
[2.175s] Invoking command in '/home/pengyh/documents/ros2_ws/RobotAD/build/diff_control': CMAKE_PREFIX_PATH=${CMAKE_PREFIX_PATH}:/opt/ros/humble /usr/bin/cmake --install /home/pengyh/documents/ros2_ws/RobotAD/build/diff_control
[2.180s] -- Install configuration: ""
[2.180s] -- Execute custom install script
[2.180s] -- Up-to-date symlink: /home/pengyh/documents/ros2_ws/RobotAD/install/diff_control/share/diff_control//diff_control.xml
[2.180s] -- Up-to-date symlink: /home/pengyh/documents/ros2_ws/RobotAD/install/diff_control/share/diff_control/world/obstacles.world
[2.180s] -- Up-to-date symlink: /home/pengyh/documents/ros2_ws/RobotAD/install/diff_control/share/diff_control/world/sim_world.sdf
[2.180s] -- Up-to-date symlink: /home/pengyh/documents/ros2_ws/RobotAD/install/diff_control/share/diff_control/world/sim_world2.sdf
[2.180s] -- Up-to-date symlink: /home/pengyh/documents/ros2_ws/RobotAD/install/diff_control/share/diff_control/world/sim_world_2.sdf
[2.181s] -- Up-to-date symlink: /home/pengyh/documents/ros2_ws/RobotAD/install/diff_control/include/diff_control/diff_control/diffbot_system.hpp
[2.181s] -- Up-to-date symlink: /home/pengyh/documents/ros2_ws/RobotAD/install/diff_control/include/diff_control/diff_control/serial_bridge.hpp
[2.181s] -- Up-to-date symlink: /home/pengyh/documents/ros2_ws/RobotAD/install/diff_control/include/diff_control/diff_control/visibility_control.h
[2.181s] -- Up-to-date symlink: /home/pengyh/documents/ros2_ws/RobotAD/install/diff_control/include/diff_control/diff_control/wheel.hpp
[2.181s] -- Up-to-date symlink: /home/pengyh/documents/ros2_ws/RobotAD/install/diff_control/share/diff_control/launch/view_robot.launch.py
[2.181s] -- Up-to-date symlink: /home/pengyh/documents/ros2_ws/RobotAD/install/diff_control/share/diff_control/ros2_control/diffbot.materials.xacro
[2.181s] -- Up-to-date symlink: /home/pengyh/documents/ros2_ws/RobotAD/install/diff_control/share/diff_control/ros2_control/diffbot.ros2_control.xacro
[2.181s] -- Up-to-date symlink: /home/pengyh/documents/ros2_ws/RobotAD/install/diff_control/share/diff_control/ros2_control/diffbot_model_our.urdf.xacro
[2.181s] -- Up-to-date symlink: /home/pengyh/documents/ros2_ws/RobotAD/install/diff_control/share/diff_control/ros2_control/inertial_macros.xacro
[2.181s] -- Up-to-date symlink: /home/pengyh/documents/ros2_ws/RobotAD/install/diff_control/share/diff_control/ros2_control/lidar.xacro
[2.181s] -- Up-to-date symlink: /home/pengyh/documents/ros2_ws/RobotAD/install/diff_control/share/diff_control/ros2_control/old/diffbot2_model.urdf.xacro
[2.181s] -- Up-to-date symlink: /home/pengyh/documents/ros2_ws/RobotAD/install/diff_control/share/diff_control/ros2_control/old/diffbot_model.urdf.xacro
[2.181s] -- Up-to-date symlink: /home/pengyh/documents/ros2_ws/RobotAD/install/diff_control/share/diff_control/urdf/diffbot.urdf.xacro
[2.181s] -- Up-to-date symlink: /home/pengyh/documents/ros2_ws/RobotAD/install/diff_control/share/diff_control/launch/diffbot.launch.py
[2.181s] -- Up-to-date symlink: /home/pengyh/documents/ros2_ws/RobotAD/install/diff_control/share/diff_control/launch/diffbot_sim.launch.py
[2.182s] -- Up-to-date symlink: /home/pengyh/documents/ros2_ws/RobotAD/install/diff_control/share/diff_control/config/diffbot_controllers.yaml
[2.182s] -- Up-to-date symlink: /home/pengyh/documents/ros2_ws/RobotAD/install/diff_control/share/diff_control/config/gazebo_params.yaml
[2.182s] -- Up-to-date symlink: /home/pengyh/documents/ros2_ws/RobotAD/install/diff_control/share/diff_control/config/gazebo_use_sim_control.yaml
[2.182s] -- Up-to-date symlink: /home/pengyh/documents/ros2_ws/RobotAD/install/diff_control/share/diff_control/config/mapper_params_online_async.yaml
[2.182s] -- Up-to-date symlink: /home/pengyh/documents/ros2_ws/RobotAD/install/diff_control/share/diff_control/config/urdf.rviz
[2.182s] -- Up-to-date symlink: /home/pengyh/documents/ros2_ws/RobotAD/install/diff_control/share/diff_control/config/urdf.rviz.old
[2.182s] -- Up-to-date symlink: /home/pengyh/documents/ros2_ws/RobotAD/install/diff_control/share/diff_control/environment/library_path.sh
[2.182s] -- Up-to-date symlink: /home/pengyh/documents/ros2_ws/RobotAD/install/diff_control/share/diff_control/environment/library_path.dsv
[2.182s] -- Up-to-date symlink: /home/pengyh/documents/ros2_ws/RobotAD/install/diff_control/share/ament_index/resource_index/package_run_dependencies/diff_control
[2.182s] -- Up-to-date symlink: /home/pengyh/documents/ros2_ws/RobotAD/install/diff_control/share/ament_index/resource_index/parent_prefix_path/diff_control
[2.182s] -- Up-to-date symlink: /home/pengyh/documents/ros2_ws/RobotAD/install/diff_control/share/diff_control/environment/ament_prefix_path.sh
[2.182s] -- Up-to-date symlink: /home/pengyh/documents/ros2_ws/RobotAD/install/diff_control/share/diff_control/environment/ament_prefix_path.dsv
[2.182s] -- Up-to-date symlink: /home/pengyh/documents/ros2_ws/RobotAD/install/diff_control/share/diff_control/environment/path.sh
[2.182s] -- Up-to-date symlink: /home/pengyh/documents/ros2_ws/RobotAD/install/diff_control/share/diff_control/environment/path.dsv
[2.182s] -- Up-to-date symlink: /home/pengyh/documents/ros2_ws/RobotAD/install/diff_control/share/diff_control/local_setup.bash
[2.182s] -- Up-to-date symlink: /home/pengyh/documents/ros2_ws/RobotAD/install/diff_control/share/diff_control/local_setup.sh
[2.183s] -- Up-to-date symlink: /home/pengyh/documents/ros2_ws/RobotAD/install/diff_control/share/diff_control/local_setup.zsh
[2.183s] -- Up-to-date symlink: /home/pengyh/documents/ros2_ws/RobotAD/install/diff_control/share/diff_control/local_setup.dsv
[2.183s] -- Symlinking: /home/pengyh/documents/ros2_ws/RobotAD/install/diff_control/share/diff_control/package.dsv
[2.189s] -- Up-to-date symlink: /home/pengyh/documents/ros2_ws/RobotAD/install/diff_control/share/ament_index/resource_index/packages/diff_control
[2.189s] -- Up-to-date symlink: /home/pengyh/documents/ros2_ws/RobotAD/install/diff_control/share/ament_index/resource_index/hardware_interface__pluginlib__plugin/diff_control
[2.189s] -- Up-to-date symlink: /home/pengyh/documents/ros2_ws/RobotAD/install/diff_control/share/diff_control/cmake/ament_cmake_export_targets-extras.cmake
[2.189s] -- Up-to-date symlink: /home/pengyh/documents/ros2_ws/RobotAD/install/diff_control/share/diff_control/cmake/ament_cmake_export_dependencies-extras.cmake
[2.189s] -- Up-to-date symlink: /home/pengyh/documents/ros2_ws/RobotAD/install/diff_control/share/diff_control/cmake/diff_controlConfig.cmake
[2.189s] -- Up-to-date symlink: /home/pengyh/documents/ros2_ws/RobotAD/install/diff_control/share/diff_control/cmake/diff_controlConfig-version.cmake
[2.190s] -- Up-to-date symlink: /home/pengyh/documents/ros2_ws/RobotAD/install/diff_control/share/diff_control/package.xml
[2.190s] -- Installing: /home/pengyh/documents/ros2_ws/RobotAD/install/diff_control/lib/libdiff_control.so
[2.190s] -- Set runtime path of "/home/pengyh/documents/ros2_ws/RobotAD/install/diff_control/lib/libdiff_control.so" to ""
[2.190s] -- Up-to-date: /home/pengyh/documents/ros2_ws/RobotAD/install/diff_control/share/diff_control/cmake/export_diff_controlExport.cmake
[2.190s] -- Up-to-date: /home/pengyh/documents/ros2_ws/RobotAD/install/diff_control/share/diff_control/cmake/export_diff_controlExport-noconfig.cmake
[2.191s] Invoked command in '/home/pengyh/documents/ros2_ws/RobotAD/build/diff_control' returned '0': CMAKE_PREFIX_PATH=${CMAKE_PREFIX_PATH}:/opt/ros/humble /usr/bin/cmake --install /home/pengyh/documents/ros2_ws/RobotAD/build/diff_control
