[0.029s] Invoking command in '/home/future/Documents/pengyh/RobotAD_ws/build/robot_hardware': CMAKE_PREFIX_PATH=${CMAKE_PREFIX_PATH}:/opt/ros/humble /usr/bin/cmake --build /home/future/Documents/pengyh/RobotAD_ws/build/robot_hardware -- -j24 -l24
[0.070s] [  2%] Built target robot_hardware__cpp
[0.073s] [ 12%] Built target robot_hardware__rosidl_generator_c
[0.073s] [ 12%] Built target ament_cmake_python_copy_robot_hardware
[0.094s] [ 21%] Built target robot_hardware__rosidl_typesupport_fastrtps_cpp
[0.095s] [ 31%] Built target robot_hardware__rosidl_typesupport_cpp
[0.095s] [ 41%] Built target robot_hardware__rosidl_typesupport_introspection_cpp
[0.095s] [ 51%] Built target robot_hardware__rosidl_typesupport_introspection_c
[0.097s] [ 60%] Built target robot_hardware__rosidl_typesupport_fastrtps_c
[0.097s] [ 70%] Built target robot_hardware__rosidl_typesupport_c
[0.098s] [35m[1mConsolidate compiler generated dependencies of target hardware_manager[0m
[0.104s] [ 70%] Built target robot_hardware
[0.114s] [ 73%] [32mBuilding CXX object CMakeFiles/hardware_manager.dir/src/hardware_manager.cpp.o[0m
[0.121s] [ 75%] Built target robot_hardware__py
[0.138s] [ 82%] Built target robot_hardware__rosidl_generator_py
[0.154s] [ 90%] Built target robot_hardware__rosidl_typesupport_introspection_c__pyext
[0.154s] [ 92%] Built target robot_hardware__rosidl_typesupport_c__pyext
[0.157s] [ 97%] Built target robot_hardware__rosidl_typesupport_fastrtps_c__pyext
[0.258s] running egg_info
[0.258s] writing robot_hardware.egg-info/PKG-INFO
[0.258s] writing dependency_links to robot_hardware.egg-info/dependency_links.txt
[0.258s] writing top-level names to robot_hardware.egg-info/top_level.txt
[0.260s] reading manifest file 'robot_hardware.egg-info/SOURCES.txt'
[0.261s] writing manifest file 'robot_hardware.egg-info/SOURCES.txt'
[0.279s] [ 97%] Built target ament_cmake_python_build_robot_hardware_egg
[1.978s] [01m[K/home/future/Documents/pengyh/RobotAD_ws/src/robot_hardware/src/hardware_manager.cpp:[m[K In constructor ‘[01m[KHardwareManager::HardwareManager()[m[K’:
[1.978s] [01m[K/home/future/Documents/pengyh/RobotAD_ws/src/robot_hardware/src/hardware_manager.cpp:25:135:[m[K [01;31m[Kerror: [m[Kno match for ‘[01m[Koperator=[m[K’ (operand types are ‘[01m[Krclcpp::Subscription<robot_hardware::msg::HardwareData_<std::allocator<void> > >::SharedPtr[m[K’ {aka ‘[01m[Kstd::shared_ptr<rclcpp::Subscription<robot_hardware::msg::HardwareData_<std::allocator<void> > > >[m[K’} and ‘[01m[Kstd::shared_ptr<rclcpp::Subscription<robot_hardware::msg::MotorData_<std::allocator<void> >, std::allocator<void>, robot_hardware::msg::MotorData_<std::allocator<void> >, robot_hardware::msg::MotorData_<std::allocator<void> >, rclcpp::message_memory_strategy::MessageMemoryStrategy<robot_hardware::msg::MotorData_<std::allocator<void> >, std::allocator<void> > > >[m[K’)
[1.978s]    25 | :placeholders::_1)[01;31m[K)[m[K;
[1.978s]       |                   [01;31m[K^[m[K
[1.978s] 
[1.978s] In file included from [01m[K/usr/include/c++/12/memory:76[m[K,
[1.978s]                  from [01m[K/opt/ros/humble/include/rclcpp/rclcpp/rclcpp.hpp:153[m[K,
[1.978s]                  from [01m[K/home/future/Documents/pengyh/RobotAD_ws/src/robot_hardware/src/hardware_manager.cpp:1[m[K:
[1.978s] [01m[K/usr/include/c++/12/bits/shared_ptr.h:418:9:[m[K [01;36m[Knote: [m[Kcandidate: ‘[01m[Ktemplate<class _Yp> std::shared_ptr<_Tp>::_Assignable<const std::shared_ptr<_Yp>&> std::shared_ptr<_Tp>::operator=(const std::shared_ptr<_Yp>&) [with _Tp = rclcpp::Subscription<robot_hardware::msg::HardwareData_<std::allocator<void> > >][m[K’
[1.978s]   418 |         [01;36m[Koperator[m[K=(const shared_ptr<_Yp>& __r) noexcept
[1.978s]       |         [01;36m[K^~~~~~~~[m[K
[1.978s] [01m[K/usr/include/c++/12/bits/shared_ptr.h:418:9:[m[K [01;36m[Knote: [m[K  template argument deduction/substitution failed:
[1.978s] /usr/include/c++/12/bits/shared_ptr.h: In substitution of ‘[01m[Ktemplate<class _Tp> template<class _Arg> using _Assignable = typename std::enable_if<std::is_assignable<std::__shared_ptr<_Tp>&, _Arg>::value, std::shared_ptr<_Tp>&>::type [with _Arg = const std::shared_ptr<rclcpp::Subscription<robot_hardware::msg::MotorData_<std::allocator<void> >, std::allocator<void>, robot_hardware::msg::MotorData_<std::allocator<void> >, robot_hardware::msg::MotorData_<std::allocator<void> >, rclcpp::message_memory_strategy::MessageMemoryStrategy<robot_hardware::msg::MotorData_<std::allocator<void> >, std::allocator<void> > > >&; _Tp = rclcpp::Subscription<robot_hardware::msg::HardwareData_<std::allocator<void> > >][m[K’:
[1.978s] [01m[K/usr/include/c++/12/bits/shared_ptr.h:418:2:[m[K   required by substitution of ‘[01m[Ktemplate<class _Yp> std::shared_ptr<rclcpp::Subscription<robot_hardware::msg::HardwareData_<std::allocator<void> > > >::_Assignable<const std::shared_ptr<_Tp>&> std::shared_ptr<rclcpp::Subscription<robot_hardware::msg::HardwareData_<std::allocator<void> > > >::operator=(const std::shared_ptr<_Tp>&) [with _Yp = rclcpp::Subscription<robot_hardware::msg::MotorData_<std::allocator<void> >, std::allocator<void>, robot_hardware::msg::MotorData_<std::allocator<void> >, robot_hardware::msg::MotorData_<std::allocator<void> >, rclcpp::message_memory_strategy::MessageMemoryStrategy<robot_hardware::msg::MotorData_<std::allocator<void> >, std::allocator<void> > >][m[K’
[1.978s] [01m[K/home/future/Documents/pengyh/RobotAD_ws/src/robot_hardware/src/hardware_manager.cpp:25:135:[m[K   required from here
[1.978s] [01m[K/usr/include/c++/12/bits/shared_ptr.h:183:15:[m[K [01;31m[Kerror: [m[Kno type named ‘[01m[Ktype[m[K’ in ‘[01m[Kstruct std::enable_if<false, std::shared_ptr<rclcpp::Subscription<robot_hardware::msg::HardwareData_<std::allocator<void> > > >&>[m[K’
[1.978s]   183 |    using [01;31m[K_Assignable[m[K = typename enable_if<
[1.978s]       |          [01;31m[K^~~~~~~~~~~[m[K
[1.978s] 
[1.979s] [01m[K/usr/include/c++/12/bits/shared_ptr.h:429:9:[m[K [01;36m[Knote: [m[Kcandidate: ‘[01m[Ktemplate<class _Yp> std::shared_ptr<_Tp>::_Assignable<std::auto_ptr<_Up> > std::shared_ptr<_Tp>::operator=(std::auto_ptr<_Up>&&) [with _Tp = rclcpp::Subscription<robot_hardware::msg::HardwareData_<std::allocator<void> > >][m[K’
[1.979s]   429 |         [01;36m[Koperator[m[K=(auto_ptr<_Yp>&& __r)
[1.979s]       |         [01;36m[K^~~~~~~~[m[K
[1.979s] [01m[K/usr/include/c++/12/bits/shared_ptr.h:429:9:[m[K [01;36m[Knote: [m[K  template argument deduction/substitution failed:
[1.979s] [01m[K/home/future/Documents/pengyh/RobotAD_ws/src/robot_hardware/src/hardware_manager.cpp:25:135:[m[K [01;36m[Knote: [m[K  ‘[01m[Kstd::shared_ptr<rclcpp::Subscription<robot_hardware::msg::MotorData_<std::allocator<void> >, std::allocator<void>, robot_hardware::msg::MotorData_<std::allocator<void> >, robot_hardware::msg::MotorData_<std::allocator<void> >, rclcpp::message_memory_strategy::MessageMemoryStrategy<robot_hardware::msg::MotorData_<std::allocator<void> >, std::allocator<void> > > >[m[K’ is not derived from ‘[01m[Kstd::auto_ptr<_Up>[m[K’
[1.979s]    25 | :placeholders::_1)[01;36m[K)[m[K;
[1.979s]       |                   [01;36m[K^[m[K
[1.979s] 
[1.979s] [01m[K/usr/include/c++/12/bits/shared_ptr.h:446:9:[m[K [01;36m[Knote: [m[Kcandidate: ‘[01m[Ktemplate<class _Yp> std::shared_ptr<_Tp>::_Assignable<std::shared_ptr<_Yp> > std::shared_ptr<_Tp>::operator=(std::shared_ptr<_Yp>&&) [with _Tp = rclcpp::Subscription<robot_hardware::msg::HardwareData_<std::allocator<void> > >][m[K’
[1.979s]   446 |         [01;36m[Koperator[m[K=(shared_ptr<_Yp>&& __r) noexcept
[1.979s]       |         [01;36m[K^~~~~~~~[m[K
[1.979s] [01m[K/usr/include/c++/12/bits/shared_ptr.h:446:9:[m[K [01;36m[Knote: [m[K  template argument deduction/substitution failed:
[1.979s] /usr/include/c++/12/bits/shared_ptr.h: In substitution of ‘[01m[Ktemplate<class _Tp> template<class _Arg> using _Assignable = typename std::enable_if<std::is_assignable<std::__shared_ptr<_Tp>&, _Arg>::value, std::shared_ptr<_Tp>&>::type [with _Arg = std::shared_ptr<rclcpp::Subscription<robot_hardware::msg::MotorData_<std::allocator<void> >, std::allocator<void>, robot_hardware::msg::MotorData_<std::allocator<void> >, robot_hardware::msg::MotorData_<std::allocator<void> >, rclcpp::message_memory_strategy::MessageMemoryStrategy<robot_hardware::msg::MotorData_<std::allocator<void> >, std::allocator<void> > > >; _Tp = rclcpp::Subscription<robot_hardware::msg::HardwareData_<std::allocator<void> > >][m[K’:
[1.979s] [01m[K/usr/include/c++/12/bits/shared_ptr.h:446:2:[m[K   required by substitution of ‘[01m[Ktemplate<class _Yp> std::shared_ptr<rclcpp::Subscription<robot_hardware::msg::HardwareData_<std::allocator<void> > > >::_Assignable<std::shared_ptr<_Tp> > std::shared_ptr<rclcpp::Subscription<robot_hardware::msg::HardwareData_<std::allocator<void> > > >::operator=(std::shared_ptr<_Tp>&&) [with _Yp = rclcpp::Subscription<robot_hardware::msg::MotorData_<std::allocator<void> >, std::allocator<void>, robot_hardware::msg::MotorData_<std::allocator<void> >, robot_hardware::msg::MotorData_<std::allocator<void> >, rclcpp::message_memory_strategy::MessageMemoryStrategy<robot_hardware::msg::MotorData_<std::allocator<void> >, std::allocator<void> > >][m[K’
[1.979s] [01m[K/home/future/Documents/pengyh/RobotAD_ws/src/robot_hardware/src/hardware_manager.cpp:25:135:[m[K   required from here
[1.979s] [01m[K/usr/include/c++/12/bits/shared_ptr.h:183:15:[m[K [01;31m[Kerror: [m[Kno type named ‘[01m[Ktype[m[K’ in ‘[01m[Kstruct std::enable_if<false, std::shared_ptr<rclcpp::Subscription<robot_hardware::msg::HardwareData_<std::allocator<void> > > >&>[m[K’
[1.979s]   183 |    using [01;31m[K_Assignable[m[K = typename enable_if<
[1.979s]       |          [01;31m[K^~~~~~~~~~~[m[K
[1.979s] 
[1.979s] [01m[K/usr/include/c++/12/bits/shared_ptr.h:454:9:[m[K [01;36m[Knote: [m[Kcandidate: ‘[01m[Ktemplate<class _Yp, class _Del> std::shared_ptr<_Tp>::_Assignable<std::unique_ptr<_Up, _Ep> > std::shared_ptr<_Tp>::operator=(std::unique_ptr<_Up, _Ep>&&) [with _Del = _Yp; _Tp = rclcpp::Subscription<robot_hardware::msg::HardwareData_<std::allocator<void> > >][m[K’
[1.979s]   454 |         [01;36m[Koperator[m[K=(unique_ptr<_Yp, _Del>&& __r)
[1.979s]       |         [01;36m[K^~~~~~~~[m[K
[1.979s] [01m[K/usr/include/c++/12/bits/shared_ptr.h:454:9:[m[K [01;36m[Knote: [m[K  template argument deduction/substitution failed:
[1.979s] [01m[K/home/future/Documents/pengyh/RobotAD_ws/src/robot_hardware/src/hardware_manager.cpp:25:135:[m[K [01;36m[Knote: [m[K  ‘[01m[Kstd::shared_ptr<rclcpp::Subscription<robot_hardware::msg::MotorData_<std::allocator<void> >, std::allocator<void>, robot_hardware::msg::MotorData_<std::allocator<void> >, robot_hardware::msg::MotorData_<std::allocator<void> >, rclcpp::message_memory_strategy::MessageMemoryStrategy<robot_hardware::msg::MotorData_<std::allocator<void> >, std::allocator<void> > > >[m[K’ is not derived from ‘[01m[Kstd::unique_ptr<_Tp, _Dp>[m[K’
[1.979s]    25 | :placeholders::_1)[01;36m[K)[m[K;
[1.979s]       |                   [01;36m[K^[m[K
[1.979s] 
[1.979s] [01m[K/usr/include/c++/12/bits/shared_ptr.h:414:19:[m[K [01;36m[Knote: [m[Kcandidate: ‘[01m[Kstd::shared_ptr<_Tp>& std::shared_ptr<_Tp>::operator=(const std::shared_ptr<_Tp>&) [with _Tp = rclcpp::Subscription<robot_hardware::msg::HardwareData_<std::allocator<void> > >][m[K’
[1.979s]   414 | red_ptr& [01;36m[Koperator[m[K=(const shared_ptr&) noexcept = default;
[1.979s]       |          [01;36m[K^~~~~~~~[m[K
[1.979s] 
[1.979s] [01m[K/usr/include/c++/12/bits/shared_ptr.h:414:29:[m[K [01;36m[Knote: [m[K  no known conversion for argument 1 from ‘[01m[Kstd::shared_ptr<rclcpp::Subscription<robot_hardware::msg::MotorData_<std::allocator<void> >, std::allocator<void>, robot_hardware::msg::MotorData_<std::allocator<void> >, robot_hardware::msg::MotorData_<std::allocator<void> >, rclcpp::message_memory_strategy::MessageMemoryStrategy<robot_hardware::msg::MotorData_<std::allocator<void> >, std::allocator<void> > > >[m[K’ to ‘[01m[Kconst std::shared_ptr<rclcpp::Subscription<robot_hardware::msg::HardwareData_<std::allocator<void> > > >&[m[K’
[1.979s]   414 | perator=([01;36m[Kconst shared_ptr&[m[K) noexcept = default;
[1.979s]       |          [01;36m[K^~~~~~~~~~~~~~~~~[m[K
[1.979s] 
[1.979s] [01m[K/usr/include/c++/12/bits/shared_ptr.h:438:7:[m[K [01;36m[Knote: [m[Kcandidate: ‘[01m[Kstd::shared_ptr<_Tp>& std::shared_ptr<_Tp>::operator=(std::shared_ptr<_Tp>&&) [with _Tp = rclcpp::Subscription<robot_hardware::msg::HardwareData_<std::allocator<void> > >][m[K’
[1.979s]   438 |       [01;36m[Koperator[m[K=(shared_ptr&& __r) noexcept
[1.979s]       |       [01;36m[K^~~~~~~~[m[K
[1.979s] [01m[K/usr/include/c++/12/bits/shared_ptr.h:438:30:[m[K [01;36m[Knote: [m[K  no known conversion for argument 1 from ‘[01m[Kstd::shared_ptr<rclcpp::Subscription<robot_hardware::msg::MotorData_<std::allocator<void> >, std::allocator<void>, robot_hardware::msg::MotorData_<std::allocator<void> >, robot_hardware::msg::MotorData_<std::allocator<void> >, rclcpp::message_memory_strategy::MessageMemoryStrategy<robot_hardware::msg::MotorData_<std::allocator<void> >, std::allocator<void> > > >[m[K’ to ‘[01m[Kstd::shared_ptr<rclcpp::Subscription<robot_hardware::msg::HardwareData_<std::allocator<void> > > >&&[m[K’
[1.979s]   438 | [01;36m[Ked_ptr&& __r[m[K) noexcept
[1.979s]       | [01;36m[K~~~~~~~~~^~~[m[K
[1.979s] 
[5.521s] gmake[2]: *** [CMakeFiles/hardware_manager.dir/build.make:76: CMakeFiles/hardware_manager.dir/src/hardware_manager.cpp.o] Error 1
[5.521s] gmake[1]: *** [CMakeFiles/Makefile2:593: CMakeFiles/hardware_manager.dir/all] Error 2
[5.521s] gmake: *** [Makefile:146: all] Error 2
[5.523s] Invoked command in '/home/future/Documents/pengyh/RobotAD_ws/build/robot_hardware' returned '2': CMAKE_PREFIX_PATH=${CMAKE_PREFIX_PATH}:/opt/ros/humble /usr/bin/cmake --build /home/future/Documents/pengyh/RobotAD_ws/build/robot_hardware -- -j24 -l24
